This is pdfTeX, Version 3.141592653-2.6-1.40.28 (TeX Live 2025) (preloaded format=pdflatex 2025.9.24)  27 SEP 2025 18:54
entering extended mode
 \write18 enabled.
 file:line:error style messages enabled.
 %&-line parsing enabled.
**_r_e_a_d_m_e_8md.tex
(./_r_e_a_d_m_e_8md.tex
LaTeX2e <2025-06-01> patch level 1
L3 programming layer <2025-09-02>
./_r_e_a_d_m_e_8md.tex:1: Undefined control sequence.
l.1 \doxysection
                {README.\+md File Reference}
The control sequence at the end of the top line
of your error message was never \def'ed. If you have
misspelled it (e.g., `\hobx'), type `I' and the correct
spelling (e.g., `I\hbox'). Otherwise just continue,
and I'll forget about whatever was undefined.


./_r_e_a_d_m_e_8md.tex:1: LaTeX Error: Missing \begin{document}.

See the LaTeX manual or LaTeX Companion for explanation.
Type  H <return>  for immediate help.
 ...                                              
                                                  
l.1 \doxysection{R
                  EADME.\+md File Reference}
You're in trouble here.  Try typing  <return>  to proceed.
If that doesn't work, type  X <return>  to quit.

Missing character: There is no R in font nullfont!
Missing character: There is no E in font nullfont!
Missing character: There is no A in font nullfont!
Missing character: There is no D in font nullfont!
Missing character: There is no M in font nullfont!
Missing character: There is no E in font nullfont!
Missing character: There is no . in font nullfont!
./_r_e_a_d_m_e_8md.tex:1: Undefined control sequence.
l.1 \doxysection{README.\+
                          md File Reference}
The control sequence at the end of the top line
of your error message was never \def'ed. If you have
misspelled it (e.g., `\hobx'), type `I' and the correct
spelling (e.g., `I\hbox'). Otherwise just continue,
and I'll forget about whatever was undefined.

Missing character: There is no m in font nullfont!
Missing character: There is no d in font nullfont!
Missing character: There is no F in font nullfont!
Missing character: There is no i in font nullfont!
Missing character: There is no l in font nullfont!
Missing character: There is no e in font nullfont!
Missing character: There is no R in font nullfont!
Missing character: There is no e in font nullfont!
Missing character: There is no f in font nullfont!
Missing character: There is no e in font nullfont!
Missing character: There is no r in font nullfont!
Missing character: There is no e in font nullfont!
Missing character: There is no n in font nullfont!
Missing character: There is no c in font nullfont!
Missing character: There is no e in font nullfont!
./_r_e_a_d_m_e_8md.tex:2: Undefined control sequence.
l.2 \hypertarget
                {_r_e_a_d_m_e_8md}{}\label{_r_e_a_d_m_e_8md}\index{README.md...
The control sequence at the end of the top line
of your error message was never \def'ed. If you have
misspelled it (e.g., `\hobx'), type `I' and the correct
spelling (e.g., `I\hbox'). Otherwise just continue,
and I'll forget about whatever was undefined.

./_r_e_a_d_m_e_8md.tex:2: Missing $ inserted.
<inserted text> 
                $
l.2 \hypertarget{_
                  r_e_a_d_m_e_8md}{}\label{_r_e_a_d_m_e_8md}\index{README.md...
I've inserted a begin-math/end-math symbol since I think
you left one out. Proceed, with fingers crossed.

LaTeX Font Info:    External font `cmex10' loaded for size
(Font)              <7> on input line 2.
LaTeX Font Info:    External font `cmex10' loaded for size
(Font)              <5> on input line 2.
./_r_e_a_d_m_e_8md.tex:2: Double subscript.
l.2 \hypertarget{_r_
                    e_a_d_m_e_8md}{}\label{_r_e_a_d_m_e_8md}\index{README.md...
I treat `x_1_2' essentially like `x_1{}_2'.

./_r_e_a_d_m_e_8md.tex:2: Double subscript.
l.2 \hypertarget{_r_e_
                      a_d_m_e_8md}{}\label{_r_e_a_d_m_e_8md}\index{README.md...
I treat `x_1_2' essentially like `x_1{}_2'.

./_r_e_a_d_m_e_8md.tex:2: Double subscript.
l.2 \hypertarget{_r_e_a_
                        d_m_e_8md}{}\label{_r_e_a_d_m_e_8md}\index{README.md...
I treat `x_1_2' essentially like `x_1{}_2'.

./_r_e_a_d_m_e_8md.tex:2: Double subscript.
l.2 \hypertarget{_r_e_a_d_
                          m_e_8md}{}\label{_r_e_a_d_m_e_8md}\index{README.md...
I treat `x_1_2' essentially like `x_1{}_2'.

./_r_e_a_d_m_e_8md.tex:2: Double subscript.
l.2 \hypertarget{_r_e_a_d_m_
                            e_8md}{}\label{_r_e_a_d_m_e_8md}\index{README.md...
I treat `x_1_2' essentially like `x_1{}_2'.

./_r_e_a_d_m_e_8md.tex:2: Double subscript.
l.2 \hypertarget{_r_e_a_d_m_e_
                              8md}{}\label{_r_e_a_d_m_e_8md}\index{README.md...
I treat `x_1_2' essentially like `x_1{}_2'.

./_r_e_a_d_m_e_8md.tex:2: Extra }, or forgotten $.
l.2 \hypertarget{_r_e_a_d_m_e_8md}
                                  {}\label{_r_e_a_d_m_e_8md}\index{README.md...
I've deleted a group-closing symbol because it seems to be
spurious, as in `$x}$'. But perhaps the } is legitimate and
you forgot something else, as in `\hbox{$x}'. In such cases
the way to recover is to insert both the forgotten and the
deleted material, e.g., by typing `I$}'.

)
! Emergency stop.
<*> _r_e_a_d_m_e_8md.tex
                        
*** (job aborted, no legal \end found)

 
Here is how much of TeX's memory you used:
 16 strings out of 469269
 408 string characters out of 5467112
 430984 words of memory out of 5000000
 28548 multiletter control sequences out of 15000+600000
 626825 words of font info for 40 fonts, out of 8000000 for 9000
 319 hyphenation exceptions out of 8191
 18i,2n,19p,135b,61s stack positions out of 10000i,1000n,20000p,200000b,200000s
!  ==> Fatal error occurred, no output PDF file produced!
