This is pdfTeX, Version 3.141592653-2.6-1.40.28 (TeX Live 2025) (preloaded format=pdflatex 2025.9.24)  27 SEP 2025 18:54
entering extended mode
 \write18 enabled.
 file:line:error style messages enabled.
 %&-line parsing enabled.
**address_8hpp.tex
(./address_8hpp.tex
LaTeX2e <2025-06-01> patch level 1
L3 programming layer <2025-09-02>
./address_8hpp.tex:1: Undefined control sequence.
l.1 \doxysection
                {source/api/network/definitions/address.hpp File Reference}
The control sequence at the end of the top line
of your error message was never \def'ed. If you have
misspelled it (e.g., `\hobx'), type `I' and the correct
spelling (e.g., `I\hbox'). Otherwise just continue,
and I'll forget about whatever was undefined.


./address_8hpp.tex:1: LaTeX Error: Missing \begin{document}.

See the LaTeX manual or LaTeX Companion for explanation.
Type  H <return>  for immediate help.
 ...                                              
                                                  
l.1 \doxysection{s
                  ource/api/network/definitions/address.hpp File Reference}
You're in trouble here.  Try typing  <return>  to proceed.
If that doesn't work, type  X <return>  to quit.

Missing character: There is no s in font nullfont!
Missing character: There is no o in font nullfont!
Missing character: There is no u in font nullfont!
Missing character: There is no r in font nullfont!
Missing character: There is no c in font nullfont!
Missing character: There is no e in font nullfont!
Missing character: There is no / in font nullfont!
Missing character: There is no a in font nullfont!
Missing character: There is no p in font nullfont!
Missing character: There is no i in font nullfont!
Missing character: There is no / in font nullfont!
Missing character: There is no n in font nullfont!
Missing character: There is no e in font nullfont!
Missing character: There is no t in font nullfont!
Missing character: There is no w in font nullfont!
Missing character: There is no o in font nullfont!
Missing character: There is no r in font nullfont!
Missing character: There is no k in font nullfont!
Missing character: There is no / in font nullfont!
Missing character: There is no d in font nullfont!
Missing character: There is no e in font nullfont!
Missing character: There is no f in font nullfont!
Missing character: There is no i in font nullfont!
Missing character: There is no n in font nullfont!
Missing character: There is no i in font nullfont!
Missing character: There is no t in font nullfont!
Missing character: There is no i in font nullfont!
Missing character: There is no o in font nullfont!
Missing character: There is no n in font nullfont!
Missing character: There is no s in font nullfont!
Missing character: There is no / in font nullfont!
Missing character: There is no a in font nullfont!
Missing character: There is no d in font nullfont!
Missing character: There is no d in font nullfont!
Missing character: There is no r in font nullfont!
Missing character: There is no e in font nullfont!
Missing character: There is no s in font nullfont!
Missing character: There is no s in font nullfont!
Missing character: There is no . in font nullfont!
Missing character: There is no h in font nullfont!
Missing character: There is no p in font nullfont!
Missing character: There is no p in font nullfont!
Missing character: There is no F in font nullfont!
Missing character: There is no i in font nullfont!
Missing character: There is no l in font nullfont!
Missing character: There is no e in font nullfont!
Missing character: There is no R in font nullfont!
Missing character: There is no e in font nullfont!
Missing character: There is no f in font nullfont!
Missing character: There is no e in font nullfont!
Missing character: There is no r in font nullfont!
Missing character: There is no e in font nullfont!
Missing character: There is no n in font nullfont!
Missing character: There is no c in font nullfont!
Missing character: There is no e in font nullfont!
./address_8hpp.tex:2: Undefined control sequence.
l.2 \hypertarget
                {address_8hpp}{}\label{address_8hpp}\index{source/api/networ...
The control sequence at the end of the top line
of your error message was never \def'ed. If you have
misspelled it (e.g., `\hobx'), type `I' and the correct
spelling (e.g., `I\hbox'). Otherwise just continue,
and I'll forget about whatever was undefined.

Missing character: There is no a in font nullfont!
Missing character: There is no d in font nullfont!
Missing character: There is no d in font nullfont!
Missing character: There is no r in font nullfont!
Missing character: There is no e in font nullfont!
Missing character: There is no s in font nullfont!
Missing character: There is no s in font nullfont!
./address_8hpp.tex:2: Missing $ inserted.
<inserted text> 
                $
l.2 \hypertarget{address_
                         8hpp}{}\label{address_8hpp}\index{source/api/networ...
I've inserted a begin-math/end-math symbol since I think
you left one out. Proceed, with fingers crossed.

LaTeX Font Info:    External font `cmex10' loaded for size
(Font)              <7> on input line 2.
LaTeX Font Info:    External font `cmex10' loaded for size
(Font)              <5> on input line 2.
./address_8hpp.tex:2: Extra }, or forgotten $.
l.2 \hypertarget{address_8hpp}
                              {}\label{address_8hpp}\index{source/api/networ...
I've deleted a group-closing symbol because it seems to be
spurious, as in `$x}$'. But perhaps the } is legitimate and
you forgot something else, as in `\hbox{$x}'. In such cases
the way to recover is to insert both the forgotten and the
deleted material, e.g., by typing `I$}'.


./address_8hpp.tex:3: LaTeX Error: Command \ttfamily invalid in math mode.

See the LaTeX manual or LaTeX Companion for explanation.
Type  H <return>  for immediate help.
 ...                                              
                                                  
l.3 {\ttfamily
               \#include "{}api/network/definitions/ethernet.\+hpp"{}}\newline
Please use the math alphabet \mathtt instead of the \ttfamily command. 

./address_8hpp.tex:3: Undefined control sequence.
l.3 ...lude "{}api/network/definitions/ethernet.\+
                                                  hpp"{}}\newline
The control sequence at the end of the top line
of your error message was never \def'ed. If you have
misspelled it (e.g., `\hobx'), type `I' and the correct
spelling (e.g., `I\hbox'). Otherwise just continue,
and I'll forget about whatever was undefined.

./address_8hpp.tex:4: Undefined control sequence.
l.4 Include dependency graph for address.\+
                                           hpp\+:
The control sequence at the end of the top line
of your error message was never \def'ed. If you have
misspelled it (e.g., `\hobx'), type `I' and the correct
spelling (e.g., `I\hbox'). Otherwise just continue,
and I'll forget about whatever was undefined.

./address_8hpp.tex:4: Undefined control sequence.
l.4 Include dependency graph for address.\+hpp\+
                                                :
The control sequence at the end of the top line
of your error message was never \def'ed. If you have
misspelled it (e.g., `\hobx'), type `I' and the correct
spelling (e.g., `I\hbox'). Otherwise just continue,
and I'll forget about whatever was undefined.


./address_8hpp.tex:6: LaTeX Error: Environment figure undefined.

See the LaTeX manual or LaTeX Companion for explanation.
Type  H <return>  for immediate help.
 ...                                              
                                                  
l.6 \begin{figure}
                  [H]
Your command was ignored.
Type  I <command> <return>  to replace it with another command,
or  <return>  to continue without it.

./address_8hpp.tex:7: Missing $ inserted.
<inserted text> 
                $
l.7 \begin{center}
                  
I've inserted a begin-math/end-math symbol since I think
you left one out. Proceed, with fingers crossed.

./address_8hpp.tex:7: Missing \endgroup inserted.
<inserted text> 
                \endgroup 
l.7 \begin{center}
                  
I've inserted something that you may have forgotten.
(See the <inserted text> above.)
With luck, this will get me unwedged. But if you
really didn't forget anything, try typing `2' now; then
my insertion and my current dilemma will both disappear.

./address_8hpp.tex:7: Missing \endgroup inserted.
<inserted text> 
                \endgroup 
l.7 \begin{center}
                  
I've inserted something that you may have forgotten.
(See the <inserted text> above.)
With luck, this will get me unwedged. But if you
really didn't forget anything, try typing `2' now; then
my insertion and my current dilemma will both disappear.


Overfull \hbox (20.0pt too wide) in paragraph at lines 1--7
[]
 []


Overfull \hbox (244.46817pt too wide) in paragraph at lines 1--7
[]\OML/cmm/m/it/10 hpp[][][][] 
 []


Overfull \hbox (185.55939pt too wide) in paragraph at lines 1--7
\OML/cmm/m/it/10 Includedependencygraphforaddress:hpp \OT1/cmr/m/n/10 :
 []


Overfull \hbox (17.45825pt too wide) in paragraph at lines 1--7
 \OT1/cmr/m/n/10 [\OML/cmm/m/it/10 H\OT1/cmr/m/n/10 ]$ 
 []

./address_8hpp.tex:9: Undefined control sequence.
l.9 \includegraphics
                    [width=328pt]{address_8hpp__incl}
The control sequence at the end of the top line
of your error message was never \def'ed. If you have
misspelled it (e.g., `\hobx'), type `I' and the correct
spelling (e.g., `I\hbox'). Otherwise just continue,
and I'll forget about whatever was undefined.

Missing character: There is no [ in font nullfont!
Missing character: There is no w in font nullfont!
Missing character: There is no i in font nullfont!
Missing character: There is no d in font nullfont!
Missing character: There is no t in font nullfont!
Missing character: There is no h in font nullfont!
Missing character: There is no = in font nullfont!
Missing character: There is no 3 in font nullfont!
Missing character: There is no 2 in font nullfont!
Missing character: There is no 8 in font nullfont!
Missing character: There is no p in font nullfont!
Missing character: There is no t in font nullfont!
Missing character: There is no ] in font nullfont!
Missing character: There is no a in font nullfont!
Missing character: There is no d in font nullfont!
Missing character: There is no d in font nullfont!
Missing character: There is no r in font nullfont!
Missing character: There is no e in font nullfont!
Missing character: There is no s in font nullfont!
Missing character: There is no s in font nullfont!
./address_8hpp.tex:9: Missing $ inserted.
<inserted text> 
                $
l.9 \includegraphics[width=328pt]{address_
                                          8hpp__incl}
I've inserted a begin-math/end-math symbol since I think
you left one out. Proceed, with fingers crossed.

./address_8hpp.tex:9: Missing { inserted.
<to be read again> 
                   _
l.9 \includegraphics[width=328pt]{address_8hpp__
                                                incl}
A left brace was mandatory here, so I've put one in.
You might want to delete and/or insert some corrections
so that I will find a matching right brace soon.
(If you're confused by all this, try typing `I}' now.)


./address_8hpp.tex:10: LaTeX Error: Command \end{document} invalid in math mode.

See the LaTeX manual or LaTeX Companion for explanation.
Type  H <return>  for immediate help.
 ...                                              
                                                  
l.10 \end{center}
                 
Try typing  <return>  to proceed.
If that doesn't work, type  X <return>  to quit.

./address_8hpp.tex:10: Missing $ inserted.
<inserted text> 
                $
l.10 \end{center}
                 
I've inserted a begin-math/end-math symbol since I think
you left one out. Proceed, with fingers crossed.


Overfull \hbox (35.06459pt too wide) in paragraph at lines 8--10
 []\OML/cmm/m/it/10 hpp[] 
 []


./address_8hpp.tex:10: LaTeX Error: \begin{document} ended by \end{center}.

See the LaTeX manual or LaTeX Companion for explanation.
Type  H <return>  for immediate help.
 ...                                              
                                                  
l.10 \end{center}
                 
Your command was ignored.
Type  I <command> <return>  to replace it with another command,
or  <return>  to continue without it.

./address_8hpp.tex:10: Missing } inserted.
<inserted text> 
                }
l.10 \end{center}
                 
I've inserted something that you may have forgotten.
(See the <inserted text> above.)
With luck, this will get me unwedged. But if you
really didn't forget anything, try typing `2' now; then
my insertion and my current dilemma will both disappear.

./address_8hpp.tex:10: Missing } inserted.
<inserted text> 
                }
l.10 \end{center}
                 
I've inserted something that you may have forgotten.
(See the <inserted text> above.)
With luck, this will get me unwedged. But if you
really didn't forget anything, try typing `2' now; then
my insertion and my current dilemma will both disappear.

./address_8hpp.tex:10: Extra \endgroup.
<recently read> \endgroup 
                          
l.10 \end{center}
                 
Things are pretty mixed up, but I think the worst is over.


./address_8hpp.tex:11: LaTeX Error: \begin{document} ended by \end{figure}.

See the LaTeX manual or LaTeX Companion for explanation.
Type  H <return>  for immediate help.
 ...                                              
                                                  
l.11 \end{figure}
                 
Your command was ignored.
Type  I <command> <return>  to replace it with another command,
or  <return>  to continue without it.

./address_8hpp.tex:11: Extra \endgroup.
\end  ...end#1\endcsname \@checkend {#1}\endgroup 
                                                  \UseHook {env/#1/after}\if...
l.11 \end{figure}
                 
Things are pretty mixed up, but I think the worst is over.

Missing character: There is no T in font nullfont!
Missing character: There is no h in font nullfont!
Missing character: There is no i in font nullfont!
Missing character: There is no s in font nullfont!
Missing character: There is no g in font nullfont!
Missing character: There is no r in font nullfont!
Missing character: There is no a in font nullfont!
Missing character: There is no p in font nullfont!
Missing character: There is no h in font nullfont!
Missing character: There is no s in font nullfont!
Missing character: There is no h in font nullfont!
Missing character: There is no o in font nullfont!
Missing character: There is no w in font nullfont!
Missing character: There is no s in font nullfont!
Missing character: There is no w in font nullfont!
Missing character: There is no h in font nullfont!
Missing character: There is no i in font nullfont!
Missing character: There is no c in font nullfont!
Missing character: There is no h in font nullfont!
Missing character: There is no f in font nullfont!
Missing character: There is no i in font nullfont!
Missing character: There is no l in font nullfont!
Missing character: There is no e in font nullfont!
Missing character: There is no s in font nullfont!
Missing character: There is no d in font nullfont!
Missing character: There is no i in font nullfont!
Missing character: There is no r in font nullfont!
Missing character: There is no e in font nullfont!
Missing character: There is no c in font nullfont!
Missing character: There is no t in font nullfont!
Missing character: There is no l in font nullfont!
Missing character: There is no y in font nullfont!
Missing character: There is no o in font nullfont!
Missing character: There is no r in font nullfont!
Missing character: There is no i in font nullfont!
Missing character: There is no n in font nullfont!
Missing character: There is no d in font nullfont!
Missing character: There is no i in font nullfont!
Missing character: There is no r in font nullfont!
Missing character: There is no e in font nullfont!
Missing character: There is no c in font nullfont!
Missing character: There is no t in font nullfont!
Missing character: There is no l in font nullfont!
Missing character: There is no y in font nullfont!
Missing character: There is no i in font nullfont!
Missing character: There is no n in font nullfont!
Missing character: There is no c in font nullfont!
Missing character: There is no l in font nullfont!
Missing character: There is no u in font nullfont!
Missing character: There is no d in font nullfont!
Missing character: There is no e in font nullfont!
Missing character: There is no t in font nullfont!
Missing character: There is no h in font nullfont!
Missing character: There is no i in font nullfont!
Missing character: There is no s in font nullfont!
Missing character: There is no f in font nullfont!
Missing character: There is no i in font nullfont!
Missing character: There is no l in font nullfont!
Missing character: There is no e in font nullfont!
./address_8hpp.tex:12: Undefined control sequence.
l.12 ...directly or indirectly include this file\+
                                                  :
The control sequence at the end of the top line
of your error message was never \def'ed. If you have
misspelled it (e.g., `\hobx'), type `I' and the correct
spelling (e.g., `I\hbox'). Otherwise just continue,
and I'll forget about whatever was undefined.

Missing character: There is no : in font nullfont!

./address_8hpp.tex:14: LaTeX Error: Environment figure undefined.

See the LaTeX manual or LaTeX Companion for explanation.
Type  H <return>  for immediate help.
 ...                                              
                                                  
l.14 \begin{figure}
                   [H]
Your command was ignored.
Type  I <command> <return>  to replace it with another command,
or  <return>  to continue without it.

Missing character: There is no [ in font nullfont!
Missing character: There is no H in font nullfont!
Missing character: There is no ] in font nullfont!
./address_8hpp.tex:17: Undefined control sequence.
l.17 \includegraphics
                     [width=350pt]{address_8hpp__dep__incl}
The control sequence at the end of the top line
of your error message was never \def'ed. If you have
misspelled it (e.g., `\hobx'), type `I' and the correct
spelling (e.g., `I\hbox'). Otherwise just continue,
and I'll forget about whatever was undefined.

Missing character: There is no [ in font nullfont!
Missing character: There is no w in font nullfont!
Missing character: There is no i in font nullfont!
Missing character: There is no d in font nullfont!
Missing character: There is no t in font nullfont!
Missing character: There is no h in font nullfont!
Missing character: There is no = in font nullfont!
Missing character: There is no 3 in font nullfont!
Missing character: There is no 5 in font nullfont!
Missing character: There is no 0 in font nullfont!
Missing character: There is no p in font nullfont!
Missing character: There is no t in font nullfont!
Missing character: There is no ] in font nullfont!
Missing character: There is no a in font nullfont!
Missing character: There is no d in font nullfont!
Missing character: There is no d in font nullfont!
Missing character: There is no r in font nullfont!
Missing character: There is no e in font nullfont!
Missing character: There is no s in font nullfont!
Missing character: There is no s in font nullfont!
./address_8hpp.tex:17: Missing $ inserted.
<inserted text> 
                $
l.17 \includegraphics[width=350pt]{address_
                                           8hpp__dep__incl}
I've inserted a begin-math/end-math symbol since I think
you left one out. Proceed, with fingers crossed.

./address_8hpp.tex:17: Missing { inserted.
<to be read again> 
                   _
l.17 \includegraphics[width=350pt]{address_8hpp__
                                                 dep__incl}
A left brace was mandatory here, so I've put one in.
You might want to delete and/or insert some corrections
so that I will find a matching right brace soon.
(If you're confused by all this, try typing `I}' now.)

./address_8hpp.tex:17: Missing { inserted.
<to be read again> 
                   _
l.17 ...egraphics[width=350pt]{address_8hpp__dep__
                                                  incl}
A left brace was mandatory here, so I've put one in.
You might want to delete and/or insert some corrections
so that I will find a matching right brace soon.
(If you're confused by all this, try typing `I}' now.)


./address_8hpp.tex:18: LaTeX Error: Command \end{center} invalid in math mode.

See the LaTeX manual or LaTeX Companion for explanation.
Type  H <return>  for immediate help.
 ...                                              
                                                  
l.18 \end{center}
                 
Try typing  <return>  to proceed.
If that doesn't work, type  X <return>  to quit.

./address_8hpp.tex:18: Missing $ inserted.
<inserted text> 
                $
l.18 \end{center}
                 
I've inserted a begin-math/end-math symbol since I think
you left one out. Proceed, with fingers crossed.

./address_8hpp.tex:18: Missing } inserted.
<inserted text> 
                }
l.18 \end{center}
                 
I've inserted something that you may have forgotten.
(See the <inserted text> above.)
With luck, this will get me unwedged. But if you
really didn't forget anything, try typing `2' now; then
my insertion and my current dilemma will both disappear.


Overfull \hbox (46.6458pt too wide) in paragraph at lines 16--18
 []\OML/cmm/m/it/10 hpp[]$ 
 []

./address_8hpp.tex:18: Missing } inserted.
<inserted text> 
                }
l.18 \end{center}
                 
I've inserted something that you may have forgotten.
(See the <inserted text> above.)
With luck, this will get me unwedged. But if you
really didn't forget anything, try typing `2' now; then
my insertion and my current dilemma will both disappear.


./address_8hpp.tex:19: LaTeX Error: \begin{document} ended by \end{figure}.

See the LaTeX manual or LaTeX Companion for explanation.
Type  H <return>  for immediate help.
 ...                                              
                                                  
l.19 \end{figure}
                 
Your command was ignored.
Type  I <command> <return>  to replace it with another command,
or  <return>  to continue without it.

./address_8hpp.tex:20: Undefined control sequence.
l.20 \doxysubsubsection
                       *{Classes}
The control sequence at the end of the top line
of your error message was never \def'ed. If you have
misspelled it (e.g., `\hobx'), type `I' and the correct
spelling (e.g., `I\hbox'). Otherwise just continue,
and I'll forget about whatever was undefined.

Missing character: There is no * in font nullfont!
Missing character: There is no C in font nullfont!
Missing character: There is no l in font nullfont!
Missing character: There is no a in font nullfont!
Missing character: There is no s in font nullfont!
Missing character: There is no s in font nullfont!
Missing character: There is no e in font nullfont!
Missing character: There is no s in font nullfont!

./address_8hpp.tex:21: LaTeX Error: Environment DoxyCompactItemize undefined.

See the LaTeX manual or LaTeX Companion for explanation.
Type  H <return>  for immediate help.
 ...                                              
                                                  
l.21 \begin{DoxyCompactItemize}
                               
Your command was ignored.
Type  I <command> <return>  to replace it with another command,
or  <return>  to continue without it.


./address_8hpp.tex:23: LaTeX Error: Lonely \item--perhaps a missing list environment.

See the LaTeX manual or LaTeX Companion for explanation.
Type  H <return>  for immediate help.
 ...                                              
                                                  
l.23 c
      lass \mbox{\hyperlink{class_address}{Address}}
Try typing  <return>  to proceed.
If that doesn't work, type  X <return>  to quit.

Missing character: There is no c in font nullfont!
Missing character: There is no l in font nullfont!
Missing character: There is no a in font nullfont!
Missing character: There is no s in font nullfont!
Missing character: There is no s in font nullfont!
./address_8hpp.tex:23: Undefined control sequence.
<argument> \hyperlink 
                      {class_address}{Address}
l.23 ... \mbox{\hyperlink{class_address}{Address}}
                                                  
The control sequence at the end of the top line
of your error message was never \def'ed. If you have
misspelled it (e.g., `\hobx'), type `I' and the correct
spelling (e.g., `I\hbox'). Otherwise just continue,
and I'll forget about whatever was undefined.

Missing character: There is no c in font nullfont!
Missing character: There is no l in font nullfont!
Missing character: There is no a in font nullfont!
Missing character: There is no s in font nullfont!
Missing character: There is no s in font nullfont!
./address_8hpp.tex:23: Missing $ inserted.
<inserted text> 
                $
l.23 ... \mbox{\hyperlink{class_address}{Address}}
                                                  
I've inserted a begin-math/end-math symbol since I think
you left one out. Proceed, with fingers crossed.

./address_8hpp.tex:23: Extra }, or forgotten $.
<argument> \hyperlink {class_address}
                                     {Address}
l.23 ... \mbox{\hyperlink{class_address}{Address}}
                                                  
I've deleted a group-closing symbol because it seems to be
spurious, as in `$x}$'. But perhaps the } is legitimate and
you forgot something else, as in `\hbox{$x}'. In such cases
the way to recover is to insert both the forgotten and the
deleted material, e.g., by typing `I$}'.

./address_8hpp.tex:23: Extra }, or forgotten $.
\mbox  #1->\leavevmode \hbox {#1}
                                 
l.23 ... \mbox{\hyperlink{class_address}{Address}}
                                                  
I've deleted a group-closing symbol because it seems to be
spurious, as in `$x}$'. But perhaps the } is legitimate and
you forgot something else, as in `\hbox{$x}'. In such cases
the way to recover is to insert both the forgotten and the
deleted material, e.g., by typing `I$}'.


./address_8hpp.tex:24: LaTeX Error: Environment DoxyCompactList undefined.

See the LaTeX manual or LaTeX Companion for explanation.
Type  H <return>  for immediate help.
 ...                                              
                                                  
l.24 \begin{DoxyCompactList}
                            \small\item\em Represents a 6-\/byte \doxylink{c...
Your command was ignored.
Type  I <command> <return>  to replace it with another command,
or  <return>  to continue without it.

./address_8hpp.tex:24: Undefined control sequence.
l.24 \begin{DoxyCompactList}\small
                                  \item\em Represents a 6-\/byte \doxylink{c...
The control sequence at the end of the top line
of your error message was never \def'ed. If you have
misspelled it (e.g., `\hobx'), type `I' and the correct
spelling (e.g., `I\hbox'). Otherwise just continue,
and I'll forget about whatever was undefined.


./address_8hpp.tex:24: LaTeX Error: Command \item invalid in math mode.

See the LaTeX manual or LaTeX Companion for explanation.
Type  H <return>  for immediate help.
 ...                                              
                                                  
l.24 \begin{DoxyCompactList}\small\item
                                       \em Represents a 6-\/byte \doxylink{c...
Try typing  <return>  to proceed.
If that doesn't work, type  X <return>  to quit.

./address_8hpp.tex:24: Missing $ inserted.
<inserted text> 
                $
l.24 \begin{DoxyCompactList}\small\item\em
                                           Represents a 6-\/byte \doxylink{c...
I've inserted a begin-math/end-math symbol since I think
you left one out. Proceed, with fingers crossed.

./address_8hpp.tex:24: Missing \endgroup inserted.
<inserted text> 
                \endgroup 
l.24 \begin{DoxyCompactList}\small\item\em
                                           Represents a 6-\/byte \doxylink{c...
I've inserted something that you may have forgotten.
(See the <inserted text> above.)
With luck, this will get me unwedged. But if you
really didn't forget anything, try typing `2' now; then
my insertion and my current dilemma will both disappear.

./address_8hpp.tex:24: Missing } inserted.
<inserted text> 
                }
l.24 \begin{DoxyCompactList}\small\item\em
                                           Represents a 6-\/byte \doxylink{c...
I've inserted something that you may have forgotten.
(See the <inserted text> above.)
With luck, this will get me unwedged. But if you
really didn't forget anything, try typing `2' now; then
my insertion and my current dilemma will both disappear.

./address_8hpp.tex:24: Missing } inserted.
<inserted text> 
                }
l.24 \begin{DoxyCompactList}\small\item\em
                                           Represents a 6-\/byte \doxylink{c...
I've inserted something that you may have forgotten.
(See the <inserted text> above.)
With luck, this will get me unwedged. But if you
really didn't forget anything, try typing `2' now; then
my insertion and my current dilemma will both disappear.


Overfull \hbox (70.79839pt too wide) in paragraph at lines 23--24
[] 
 []


./address_8hpp.tex:24: LaTeX Error: Lonely \item--perhaps a missing list environment.

See the LaTeX manual or LaTeX Companion for explanation.
Type  H <return>  for immediate help.
 ...                                              
                                                  
l.24 \begin{DoxyCompactList}\small\item\em
                                           Represents a 6-\/byte \doxylink{c...
Try typing  <return>  to proceed.
If that doesn't work, type  X <return>  to quit.

./address_8hpp.tex:24: Undefined control sequence.
l.24 ...ll\item\em Represents a 6-\/byte \doxylink
                                                  {class_ethernet}{Ethernet}...
The control sequence at the end of the top line
of your error message was never \def'ed. If you have
misspelled it (e.g., `\hobx'), type `I' and the correct
spelling (e.g., `I\hbox'). Otherwise just continue,
and I'll forget about whatever was undefined.

./address_8hpp.tex:24: Missing $ inserted.
<inserted text> 
                $
l.24 ...\em Represents a 6-\/byte \doxylink{class_
                                                  ethernet}{Ethernet} MAC ad...
I've inserted a begin-math/end-math symbol since I think
you left one out. Proceed, with fingers crossed.

./address_8hpp.tex:24: Extra }, or forgotten $.
l.24 ...sents a 6-\/byte \doxylink{class_ethernet}
                                                  {Ethernet} MAC address. \e...
I've deleted a group-closing symbol because it seems to be
spurious, as in `$x}$'. But perhaps the } is legitimate and
you forgot something else, as in `\hbox{$x}'. In such cases
the way to recover is to insert both the forgotten and the
deleted material, e.g., by typing `I$}'.


./address_8hpp.tex:24: LaTeX Error: \begin{document} ended by \end{DoxyCompactList}.

See the LaTeX manual or LaTeX Companion for explanation.
Type  H <return>  for immediate help.
 ...                                              
                                                  
l.24 ...hernet} MAC address. \end{DoxyCompactList}
                                                  \end{DoxyCompactItemize}
Your command was ignored.
Type  I <command> <return>  to replace it with another command,
or  <return>  to continue without it.

./address_8hpp.tex:24: Missing $ inserted.
<inserted text> 
                $
l.24 ...hernet} MAC address. \end{DoxyCompactList}
                                                  \end{DoxyCompactItemize}
I've inserted something that you may have forgotten.
(See the <inserted text> above.)
With luck, this will get me unwedged. But if you
really didn't forget anything, try typing `2' now; then
my insertion and my current dilemma will both disappear.

./address_8hpp.tex:24: Missing } inserted.
<inserted text> 
                }
l.24 ...hernet} MAC address. \end{DoxyCompactList}
                                                  \end{DoxyCompactItemize}
I've inserted something that you may have forgotten.
(See the <inserted text> above.)
With luck, this will get me unwedged. But if you
really didn't forget anything, try typing `2' now; then
my insertion and my current dilemma will both disappear.


./address_8hpp.tex:24: LaTeX Error: \begin{document} ended by \end{DoxyCompactItemize}.

See the LaTeX manual or LaTeX Companion for explanation.
Type  H <return>  for immediate help.
 ...                                              
                                                  
l.24 ...d{DoxyCompactList}\end{DoxyCompactItemize}
                                                  
Your command was ignored.
Type  I <command> <return>  to replace it with another command,
or  <return>  to continue without it.

./address_8hpp.tex:24: Extra \endgroup.
\end  ...end#1\endcsname \@checkend {#1}\endgroup 
                                                  \UseHook {env/#1/after}\if...
l.24 ...d{DoxyCompactList}\end{DoxyCompactItemize}
                                                  
Things are pretty mixed up, but I think the worst is over.

./address_8hpp.tex:25: Undefined control sequence.
l.25 \doxysubsubsection
                       *{Functions}
The control sequence at the end of the top line
of your error message was never \def'ed. If you have
misspelled it (e.g., `\hobx'), type `I' and the correct
spelling (e.g., `I\hbox'). Otherwise just continue,
and I'll forget about whatever was undefined.

Missing character: There is no * in font nullfont!
Missing character: There is no F in font nullfont!
Missing character: There is no u in font nullfont!
Missing character: There is no n in font nullfont!
Missing character: There is no c in font nullfont!
Missing character: There is no t in font nullfont!
Missing character: There is no i in font nullfont!
Missing character: There is no o in font nullfont!
Missing character: There is no n in font nullfont!
Missing character: There is no s in font nullfont!

./address_8hpp.tex:26: LaTeX Error: Environment DoxyCompactItemize undefined.

See the LaTeX manual or LaTeX Companion for explanation.
Type  H <return>  for immediate help.
 ...                                              
                                                  
l.26 \begin{DoxyCompactItemize}
                               
Your command was ignored.
Type  I <command> <return>  to replace it with another command,
or  <return>  to continue without it.


Overfull \hbox (46.52187pt too wide) in paragraph at lines 24--28
\OT1/cmr/m/it/10 Represents
 []


Overfull \hbox (5.11108pt too wide) in paragraph at lines 24--28
\OT1/cmr/m/it/10 a
 []


Overfull \hbox (8.68883pt too wide) in paragraph at lines 24--28
\OT1/cmr/m/it/10 6-
 []


Overfull \hbox (17.37762pt too wide) in paragraph at lines 24--28
\OT1/cmr/m/it/10 byte
 []


Overfull \hbox (162.32106pt too wide) in paragraph at lines 24--28
\OT1/cmr/m/it/10 class$[]\OML/cmm/m/it/10 thernet[]MACaddress:$ 
 []


./address_8hpp.tex:28: LaTeX Error: Lonely \item--perhaps a missing list environment.

See the LaTeX manual or LaTeX Companion for explanation.
Type  H <return>  for immediate help.
 ...                                              
                                                  
l.28 s
      td\+::ostream \& \mbox{\hyperlink{address_8hpp_a84ce67f92c57f2db087c70...
Try typing  <return>  to proceed.
If that doesn't work, type  X <return>  to quit.

Missing character: There is no s in font nullfont!
Missing character: There is no t in font nullfont!
Missing character: There is no d in font nullfont!
./address_8hpp.tex:28: Undefined control sequence.
l.28 std\+
          ::ostream \& \mbox{\hyperlink{address_8hpp_a84ce67f92c57f2db087c70...
The control sequence at the end of the top line
of your error message was never \def'ed. If you have
misspelled it (e.g., `\hobx'), type `I' and the correct
spelling (e.g., `I\hbox'). Otherwise just continue,
and I'll forget about whatever was undefined.

Missing character: There is no : in font nullfont!
Missing character: There is no : in font nullfont!
Missing character: There is no o in font nullfont!
Missing character: There is no s in font nullfont!
Missing character: There is no t in font nullfont!
Missing character: There is no r in font nullfont!
Missing character: There is no e in font nullfont!
Missing character: There is no a in font nullfont!
Missing character: There is no m in font nullfont!
Missing character: There is no & in font nullfont!
./address_8hpp.tex:28: Undefined control sequence.
<argument> \hyperlink 
                      {address_8hpp_a84ce67f92c57f2db087c70b7badab7f2}{opera...
l.28 ...2c57f2db087c70b7badab7f2}{operator$<$$<$}}
                                                   (std\+::ostream \&os, con...
The control sequence at the end of the top line
of your error message was never \def'ed. If you have
misspelled it (e.g., `\hobx'), type `I' and the correct
spelling (e.g., `I\hbox'). Otherwise just continue,
and I'll forget about whatever was undefined.

Missing character: There is no a in font nullfont!
Missing character: There is no d in font nullfont!
Missing character: There is no d in font nullfont!
Missing character: There is no r in font nullfont!
Missing character: There is no e in font nullfont!
Missing character: There is no s in font nullfont!
Missing character: There is no s in font nullfont!
./address_8hpp.tex:28: Missing $ inserted.
<inserted text> 
                $
l.28 ...2c57f2db087c70b7badab7f2}{operator$<$$<$}}
                                                   (std\+::ostream \&os, con...
I've inserted a begin-math/end-math symbol since I think
you left one out. Proceed, with fingers crossed.

./address_8hpp.tex:28: Extra }, or forgotten $.
<argument> ...p_a84ce67f92c57f2db087c70b7badab7f2}
                                                  {operator$<$$<$}
l.28 ...2c57f2db087c70b7badab7f2}{operator$<$$<$}}
                                                   (std\+::ostream \&os, con...
I've deleted a group-closing symbol because it seems to be
spurious, as in `$x}$'. But perhaps the } is legitimate and
you forgot something else, as in `\hbox{$x}'. In such cases
the way to recover is to insert both the forgotten and the
deleted material, e.g., by typing `I$}'.

./address_8hpp.tex:28: Missing } inserted.
<inserted text> 
                }
l.28 ...2c57f2db087c70b7badab7f2}{operator$<$$<$}}
                                                   (std\+::ostream \&os, con...
I've inserted something that you may have forgotten.
(See the <inserted text> above.)
With luck, this will get me unwedged. But if you
really didn't forget anything, try typing `2' now; then
my insertion and my current dilemma will both disappear.

Missing character: There is no < in font nullfont!
Missing character: There is no < in font nullfont!
./address_8hpp.tex:28: Extra }, or forgotten $.
<recently read> }
                 
l.28 ...2c57f2db087c70b7badab7f2}{operator$<$$<$}}
                                                   (std\+::ostream \&os, con...
I've deleted a group-closing symbol because it seems to be
spurious, as in `$x}$'. But perhaps the } is legitimate and
you forgot something else, as in `\hbox{$x}'. In such cases
the way to recover is to insert both the forgotten and the
deleted material, e.g., by typing `I$}'.

./address_8hpp.tex:28: Extra }, or forgotten $.
\mbox  #1->\leavevmode \hbox {#1}
                                 
l.28 ...2c57f2db087c70b7badab7f2}{operator$<$$<$}}
                                                   (std\+::ostream \&os, con...
I've deleted a group-closing symbol because it seems to be
spurious, as in `$x}$'. But perhaps the } is legitimate and
you forgot something else, as in `\hbox{$x}'. In such cases
the way to recover is to insert both the forgotten and the
deleted material, e.g., by typing `I$}'.

./address_8hpp.tex:28: Undefined control sequence.
l.28 ...b087c70b7badab7f2}{operator$<$$<$}} (std\+
                                                  ::ostream \&os, const \mbo...
The control sequence at the end of the top line
of your error message was never \def'ed. If you have
misspelled it (e.g., `\hobx'), type `I' and the correct
spelling (e.g., `I\hbox'). Otherwise just continue,
and I'll forget about whatever was undefined.

./address_8hpp.tex:28: Undefined control sequence.
<argument> \hyperlink 
                      {class_address}{Address}
l.28 ... \mbox{\hyperlink{class_address}{Address}}
                                                   \&addr)
The control sequence at the end of the top line
of your error message was never \def'ed. If you have
misspelled it (e.g., `\hobx'), type `I' and the correct
spelling (e.g., `I\hbox'). Otherwise just continue,
and I'll forget about whatever was undefined.

Missing character: There is no c in font nullfont!
Missing character: There is no l in font nullfont!
Missing character: There is no a in font nullfont!
Missing character: There is no s in font nullfont!
Missing character: There is no s in font nullfont!
./address_8hpp.tex:28: Missing $ inserted.
<inserted text> 
                $
l.28 ... \mbox{\hyperlink{class_address}{Address}}
                                                   \&addr)
I've inserted a begin-math/end-math symbol since I think
you left one out. Proceed, with fingers crossed.

./address_8hpp.tex:28: Extra }, or forgotten $.
<argument> \hyperlink {class_address}
                                     {Address}
l.28 ... \mbox{\hyperlink{class_address}{Address}}
                                                   \&addr)
I've deleted a group-closing symbol because it seems to be
spurious, as in `$x}$'. But perhaps the } is legitimate and
you forgot something else, as in `\hbox{$x}'. In such cases
the way to recover is to insert both the forgotten and the
deleted material, e.g., by typing `I$}'.

./address_8hpp.tex:28: Extra }, or forgotten $.
\mbox  #1->\leavevmode \hbox {#1}
                                 
l.28 ... \mbox{\hyperlink{class_address}{Address}}
                                                   \&addr)
I've deleted a group-closing symbol because it seems to be
spurious, as in `$x}$'. But perhaps the } is legitimate and
you forgot something else, as in `\hbox{$x}'. In such cases
the way to recover is to insert both the forgotten and the
deleted material, e.g., by typing `I$}'.


./address_8hpp.tex:29: LaTeX Error: \begin{document} ended by \end{DoxyCompactItemize}.

See the LaTeX manual or LaTeX Companion for explanation.
Type  H <return>  for immediate help.
 ...                                              
                                                  
l.29 \end{DoxyCompactItemize}
                             
Your command was ignored.
Type  I <command> <return>  to replace it with another command,
or  <return>  to continue without it.

./address_8hpp.tex:29: Missing $ inserted.
<inserted text> 
                $
l.29 \end{DoxyCompactItemize}
                             
I've inserted something that you may have forgotten.
(See the <inserted text> above.)
With luck, this will get me unwedged. But if you
really didn't forget anything, try typing `2' now; then
my insertion and my current dilemma will both disappear.

./address_8hpp.tex:29: Missing } inserted.
<inserted text> 
                }
l.29 \end{DoxyCompactItemize}
                             
I've inserted something that you may have forgotten.
(See the <inserted text> above.)
With luck, this will get me unwedged. But if you
really didn't forget anything, try typing `2' now; then
my insertion and my current dilemma will both disappear.

./address_8hpp.tex:29: Missing } inserted.
<inserted text> 
                }
l.29 \end{DoxyCompactItemize}
                             
I've inserted something that you may have forgotten.
(See the <inserted text> above.)
With luck, this will get me unwedged. But if you
really didn't forget anything, try typing `2' now; then
my insertion and my current dilemma will both disappear.

./address_8hpp.tex:29: Missing $ inserted.
<inserted text> 
                $
l.29 \end{DoxyCompactItemize}
                             
I've inserted something that you may have forgotten.
(See the <inserted text> above.)
With luck, this will get me unwedged. But if you
really didn't forget anything, try typing `2' now; then
my insertion and my current dilemma will both disappear.

./address_8hpp.tex:29: Missing } inserted.
<inserted text> 
                }
l.29 \end{DoxyCompactItemize}
                             
I've inserted something that you may have forgotten.
(See the <inserted text> above.)
With luck, this will get me unwedged. But if you
really didn't forget anything, try typing `2' now; then
my insertion and my current dilemma will both disappear.

./address_8hpp.tex:29: Missing } inserted.
<inserted text> 
                }
l.29 \end{DoxyCompactItemize}
                             
I've inserted something that you may have forgotten.
(See the <inserted text> above.)
With luck, this will get me unwedged. But if you
really didn't forget anything, try typing `2' now; then
my insertion and my current dilemma will both disappear.


Overfull \hbox (435.05333pt too wide) in paragraph at lines 28--30
[] 
 []

./address_8hpp.tex:33: Undefined control sequence.
l.33 \Hypertarget
                 {address_8hpp_doc-func-members}
The control sequence at the end of the top line
of your error message was never \def'ed. If you have
misspelled it (e.g., `\hobx'), type `I' and the correct
spelling (e.g., `I\hbox'). Otherwise just continue,
and I'll forget about whatever was undefined.

Missing character: There is no a in font nullfont!
Missing character: There is no d in font nullfont!
Missing character: There is no d in font nullfont!
Missing character: There is no r in font nullfont!
Missing character: There is no e in font nullfont!
Missing character: There is no s in font nullfont!
Missing character: There is no s in font nullfont!
./address_8hpp.tex:33: Missing $ inserted.
<inserted text> 
                $
l.33 \Hypertarget{address_
                          8hpp_doc-func-members}
I've inserted a begin-math/end-math symbol since I think
you left one out. Proceed, with fingers crossed.

./address_8hpp.tex:33: Extra }, or forgotten $.
l.33 \Hypertarget{address_8hpp_doc-func-members}
                                                
I've deleted a group-closing symbol because it seems to be
spurious, as in `$x}$'. But perhaps the } is legitimate and
you forgot something else, as in `\hbox{$x}'. In such cases
the way to recover is to insert both the forgotten and the
deleted material, e.g., by typing `I$}'.

./address_8hpp.tex:34: Undefined control sequence.
l.34 \doxysubsection
                    {Function Documentation}
The control sequence at the end of the top line
of your error message was never \def'ed. If you have
misspelled it (e.g., `\hobx'), type `I' and the correct
spelling (e.g., `I\hbox'). Otherwise just continue,
and I'll forget about whatever was undefined.

./address_8hpp.tex:35: Undefined control sequence.
l.35 \Hypertarget
                 {address_8hpp_a84ce67f92c57f2db087c70b7badab7f2}\index{addr...
The control sequence at the end of the top line
of your error message was never \def'ed. If you have
misspelled it (e.g., `\hobx'), type `I' and the correct
spelling (e.g., `I\hbox'). Otherwise just continue,
and I'll forget about whatever was undefined.

./address_8hpp.tex:37: Undefined control sequence.
l.37 \doxysubsubsection
                       {\texorpdfstring{operator$<$$<$()}{operator<<()}}
The control sequence at the end of the top line
of your error message was never \def'ed. If you have
misspelled it (e.g., `\hobx'), type `I' and the correct
spelling (e.g., `I\hbox'). Otherwise just continue,
and I'll forget about whatever was undefined.

./address_8hpp.tex:37: Undefined control sequence.
l.37 \doxysubsubsection{\texorpdfstring
                                       {operator$<$$<$()}{operator<<()}}
The control sequence at the end of the top line
of your error message was never \def'ed. If you have
misspelled it (e.g., `\hobx'), type `I' and the correct
spelling (e.g., `I\hbox'). Otherwise just continue,
and I'll forget about whatever was undefined.

./address_8hpp.tex:37: Missing } inserted.
<inserted text> 
                }
l.37 \doxysubsubsection{\texorpdfstring{operator$
                                                 <$$<$()}{operator<<()}}
I've inserted something that you may have forgotten.
(See the <inserted text> above.)
With luck, this will get me unwedged. But if you
really didn't forget anything, try typing `2' now; then
my insertion and my current dilemma will both disappear.

./address_8hpp.tex:37: Missing } inserted.
<inserted text> 
                }
l.37 \doxysubsubsection{\texorpdfstring{operator$
                                                 <$$<$()}{operator<<()}}
I've inserted something that you may have forgotten.
(See the <inserted text> above.)
With luck, this will get me unwedged. But if you
really didn't forget anything, try typing `2' now; then
my insertion and my current dilemma will both disappear.

Missing character: There is no < in font nullfont!

Overfull \hbox (61.92567pt too wide) in paragraph at lines 33--37
[]$[]\OML/cmm/m/it/10 hpp[]oc \OMS/cmsy/m/n/10 ^^@
 []


Overfull \hbox (29.80455pt too wide) in paragraph at lines 33--37
\OML/cmm/m/it/10 func \OMS/cmsy/m/n/10 ^^@
 []


Overfull \hbox (408.34492pt too wide) in paragraph at lines 33--37
\OML/cmm/m/it/10 members[][][]$ 
 []

./address_8hpp.tex:37: Display math should end with $$.
<to be read again> 
                   (
l.37 ...subsection{\texorpdfstring{operator$<$$<$(
                                                  )}{operator<<()}}
The `$' that I just saw supposedly matches a previous `$$'.
So I shall assume that you typed `$$' both times.


Overfull \hbox (7.7778pt too wide) detected at line 37
\OML/cmm/m/it/10 <
 []

Missing character: There is no ( in font nullfont!
Missing character: There is no ) in font nullfont!
Missing character: There is no o in font nullfont!
Missing character: There is no p in font nullfont!
Missing character: There is no e in font nullfont!
Missing character: There is no r in font nullfont!
Missing character: There is no a in font nullfont!
Missing character: There is no t in font nullfont!
Missing character: There is no o in font nullfont!
Missing character: There is no r in font nullfont!
Missing character: There is no < in font nullfont!
Missing character: There is no < in font nullfont!
Missing character: There is no ( in font nullfont!
Missing character: There is no ) in font nullfont!
./address_8hpp.tex:37: Too many }'s.
l.37 ...pdfstring{operator$<$$<$()}{operator<<()}}
                                                  
You've closed more groups than you opened.
Such booboos are generally harmless, so keep going.

./address_8hpp.tex:38: Undefined control sequence.
l.38 {\footnotesize
                   \ttfamily \label{address_8hpp_a84ce67f92c57f2db087c70b7ba...
The control sequence at the end of the top line
of your error message was never \def'ed. If you have
misspelled it (e.g., `\hobx'), type `I' and the correct
spelling (e.g., `I\hbox'). Otherwise just continue,
and I'll forget about whatever was undefined.

./address_8hpp.tex:39: Undefined control sequence.
l.39 std\+
          ::ostream \& operator$<$$<$ (\begin{DoxyParamCaption}\item[{std\+:...
The control sequence at the end of the top line
of your error message was never \def'ed. If you have
misspelled it (e.g., `\hobx'), type `I' and the correct
spelling (e.g., `I\hbox'). Otherwise just continue,
and I'll forget about whatever was undefined.


./address_8hpp.tex:39: LaTeX Error: Environment DoxyParamCaption undefined.

See the LaTeX manual or LaTeX Companion for explanation.
Type  H <return>  for immediate help.
 ...                                              
                                                  
l.39 ...& operator$<$$<$ (\begin{DoxyParamCaption}
                                                  \item[{std\+::ostream \&}]...
Your command was ignored.
Type  I <command> <return>  to replace it with another command,
or  <return>  to continue without it.


Overfull \hbox (62.99945pt too wide) in paragraph at lines 37--39
\OT1/cmtt/m/n/10 std::ostream
 []


Overfull \hbox (5.24995pt too wide) in paragraph at lines 37--39
\OT1/cmtt/m/n/10 &
 []


Overfull \hbox (57.55524pt too wide) in paragraph at lines 37--39
\OT1/cmtt/m/n/10 operator$\OML/cmm/m/it/10 <$$<$
 []


Overfull \hbox (5.24995pt too wide) in paragraph at lines 37--39
\OT1/cmtt/m/n/10 ( 
 []


./address_8hpp.tex:39: LaTeX Error: Lonely \item--perhaps a missing list environment.

See the LaTeX manual or LaTeX Companion for explanation.
Type  H <return>  for immediate help.
 ...                                              
                                                  
l.39 ...oxyParamCaption}\item[{std\+::ostream \&}]
                                                  {os}{, }\item[{const \mbox...
Try typing  <return>  to proceed.
If that doesn't work, type  X <return>  to quit.


Overfull \hbox (15.74986pt too wide) in paragraph at lines 39--39
\OT1/cmtt/m/n/10 os, 
 []


./address_8hpp.tex:39: LaTeX Error: Lonely \item--perhaps a missing list environment.

See the LaTeX manual or LaTeX Companion for explanation.
Type  H <return>  for immediate help.
 ...                                              
                                                  
l.39 ...x{\hyperlink{class_address}{Address}} \&}]
                                                  {addr}{}\end{DoxyParamCapt...
Try typing  <return>  to proceed.
If that doesn't work, type  X <return>  to quit.


./address_8hpp.tex:39: LaTeX Error: \begin{document} ended by \end{DoxyParamCaption}.

See the LaTeX manual or LaTeX Companion for explanation.
Type  H <return>  for immediate help.
 ...                                              
                                                  
l.39 ...dress}} \&}]{addr}{}\end{DoxyParamCaption}
                                                  )\hspace{0.3cm}{\ttfamily ...
Your command was ignored.
Type  I <command> <return>  to replace it with another command,
or  <return>  to continue without it.


Overfull \hbox (26.24977pt too wide) in paragraph at lines 39--40
\OT1/cmtt/m/n/10 addr)
 []


Overfull \hbox (41.99963pt too wide) in paragraph at lines 39--40
\OT1/cmtt/m/n/10 [inline] 
 []

Missing character: There is no H in font nullfont!
Missing character: There is no e in font nullfont!
Missing character: There is no r in font nullfont!
Missing character: There is no e in font nullfont!
Missing character: There is no i in font nullfont!
Missing character: There is no s in font nullfont!
Missing character: There is no t in font nullfont!
Missing character: There is no h in font nullfont!
Missing character: There is no e in font nullfont!
Missing character: There is no c in font nullfont!
Missing character: There is no a in font nullfont!
Missing character: There is no l in font nullfont!
Missing character: There is no l in font nullfont!
Missing character: There is no g in font nullfont!
Missing character: There is no r in font nullfont!
Missing character: There is no a in font nullfont!
Missing character: There is no p in font nullfont!
Missing character: There is no h in font nullfont!
Missing character: There is no f in font nullfont!
Missing character: There is no o in font nullfont!
Missing character: There is no r in font nullfont!
Missing character: There is no t in font nullfont!
Missing character: There is no h in font nullfont!
Missing character: There is no i in font nullfont!
Missing character: There is no s in font nullfont!
Missing character: There is no f in font nullfont!
Missing character: There is no u in font nullfont!
Missing character: There is no n in font nullfont!
Missing character: There is no c in font nullfont!
Missing character: There is no t in font nullfont!
Missing character: There is no i in font nullfont!
Missing character: There is no o in font nullfont!
Missing character: There is no n in font nullfont!
./address_8hpp.tex:41: Undefined control sequence.
l.41 Here is the call graph for this function\+
                                               :
The control sequence at the end of the top line
of your error message was never \def'ed. If you have
misspelled it (e.g., `\hobx'), type `I' and the correct
spelling (e.g., `I\hbox'). Otherwise just continue,
and I'll forget about whatever was undefined.

Missing character: There is no : in font nullfont!

./address_8hpp.tex:43: LaTeX Error: Environment figure undefined.

See the LaTeX manual or LaTeX Companion for explanation.
Type  H <return>  for immediate help.
 ...                                              
                                                  
l.43 \begin{figure}
                   [H]
Your command was ignored.
Type  I <command> <return>  to replace it with another command,
or  <return>  to continue without it.

Missing character: There is no [ in font nullfont!
Missing character: There is no H in font nullfont!
Missing character: There is no ] in font nullfont!

Overfull \hbox (20.0pt too wide) in paragraph at lines 41--44
[]
 []

./address_8hpp.tex:46: Undefined control sequence.
l.46 \includegraphics
                     [width=261pt]{address_8hpp_a84ce67f92c57f2db087c70b7bad...
The control sequence at the end of the top line
of your error message was never \def'ed. If you have
misspelled it (e.g., `\hobx'), type `I' and the correct
spelling (e.g., `I\hbox'). Otherwise just continue,
and I'll forget about whatever was undefined.

Missing character: There is no [ in font nullfont!
Missing character: There is no w in font nullfont!
Missing character: There is no i in font nullfont!
Missing character: There is no d in font nullfont!
Missing character: There is no t in font nullfont!
Missing character: There is no h in font nullfont!
Missing character: There is no = in font nullfont!
Missing character: There is no 2 in font nullfont!
Missing character: There is no 6 in font nullfont!
Missing character: There is no 1 in font nullfont!
Missing character: There is no p in font nullfont!
Missing character: There is no t in font nullfont!
Missing character: There is no ] in font nullfont!
Missing character: There is no a in font nullfont!
Missing character: There is no d in font nullfont!
Missing character: There is no d in font nullfont!
Missing character: There is no r in font nullfont!
Missing character: There is no e in font nullfont!
Missing character: There is no s in font nullfont!
Missing character: There is no s in font nullfont!
./address_8hpp.tex:46: Missing $ inserted.
<inserted text> 
                $
l.46 \includegraphics[width=261pt]{address_
                                           8hpp_a84ce67f92c57f2db087c70b7bad...
I've inserted a begin-math/end-math symbol since I think
you left one out. Proceed, with fingers crossed.

./address_8hpp.tex:46: Extra }, or forgotten $.
l.46 ..._a84ce67f92c57f2db087c70b7badab7f2_cgraph}
                                                  
I've deleted a group-closing symbol because it seems to be
spurious, as in `$x}$'. But perhaps the } is legitimate and
you forgot something else, as in `\hbox{$x}'. In such cases
the way to recover is to insert both the forgotten and the
deleted material, e.g., by typing `I$}'.


./address_8hpp.tex:47: LaTeX Error: Command \end{center} invalid in math mode.

See the LaTeX manual or LaTeX Companion for explanation.
Type  H <return>  for immediate help.
 ...                                              
                                                  
l.47 \end{center}
                 
Try typing  <return>  to proceed.
If that doesn't work, type  X <return>  to quit.

./address_8hpp.tex:47: Missing $ inserted.
<inserted text> 
                $
l.47 \end{center}
                 
I've inserted a begin-math/end-math symbol since I think
you left one out. Proceed, with fingers crossed.


Overfull \hbox (213.92227pt too wide) in paragraph at lines 45--47
 []\OML/cmm/m/it/10 hpp[]\OT1/cmr/m/n/10 84\OML/cmm/m/it/10 ce\OT1/cmr/m/n/10 67\OML/cmm/m/it/10 f\OT1/cmr/m/n/10 92\OML/cmm/m/it/10 c\OT1/cmr/m/n/10 57\OML/cmm/m/it/10 f\OT1/cmr/m/n/10 2\OML/cmm/m/it/10 db\OT1/cmr/m/n/10 087\OML/cmm/m/it/10 c\OT1/cmr/m/n/10 70\OML/cmm/m/it/10 b\OT1/cmr/m/n/10 7\OML/cmm/m/it/10 badab\OT1/cmr/m/n/10 7\OML/cmm/m/it/10 f\OT1/cmr/m/n/10 2[]\OML/cmm/m/it/10 graph 
 []

./address_8hpp.tex:47: Missing } inserted.
<inserted text> 
                }
l.47 \end{center}
                 
I've inserted something that you may have forgotten.
(See the <inserted text> above.)
With luck, this will get me unwedged. But if you
really didn't forget anything, try typing `2' now; then
my insertion and my current dilemma will both disappear.


./address_8hpp.tex:48: LaTeX Error: \begin{document} ended by \end{figure}.

See the LaTeX manual or LaTeX Companion for explanation.
Type  H <return>  for immediate help.
 ...                                              
                                                  
l.48 \end{figure}
                 
Your command was ignored.
Type  I <command> <return>  to replace it with another command,
or  <return>  to continue without it.

)
! Emergency stop.
<*> address_8hpp.tex
                    
*** (job aborted, no legal \end found)

 
Here is how much of TeX's memory you used:
 40 strings out of 469269
 892 string characters out of 5467112
 432984 words of memory out of 5000000
 28570 multiletter control sequences out of 15000+600000
 627339 words of font info for 42 fonts, out of 8000000 for 9000
 319 hyphenation exceptions out of 8191
 22i,5n,23p,279b,87s stack positions out of 10000i,1000n,20000p,200000b,200000s
!  ==> Fatal error occurred, no output PDF file produced!
