This is pdfTeX, Version 3.141592653-2.6-1.40.28 (TeX Live 2025) (preloaded format=pdflatex 2025.9.24)  27 SEP 2025 18:54
entering extended mode
 \write18 enabled.
 file:line:error style messages enabled.
 %&-line parsing enabled.
**communicator_8hpp_source.tex
(./communicator_8hpp_source.tex
LaTeX2e <2025-06-01> patch level 1
L3 programming layer <2025-09-02>
./communicator_8hpp_source.tex:1: Undefined control sequence.
l.1 \doxysection
                {communicator.\+hpp}
The control sequence at the end of the top line
of your error message was never \def'ed. If you have
misspelled it (e.g., `\hobx'), type `I' and the correct
spelling (e.g., `I\hbox'). Otherwise just continue,
and I'll forget about whatever was undefined.


./communicator_8hpp_source.tex:1: LaTeX Error: Missing \begin{document}.

See the LaTeX manual or LaTeX Companion for explanation.
Type  H <return>  for immediate help.
 ...                                              
                                                  
l.1 \doxysection{c
                  ommunicator.\+hpp}
You're in trouble here.  Try typing  <return>  to proceed.
If that doesn't work, type  X <return>  to quit.

Missing character: There is no c in font nullfont!
Missing character: There is no o in font nullfont!
Missing character: There is no m in font nullfont!
Missing character: There is no m in font nullfont!
Missing character: There is no u in font nullfont!
Missing character: There is no n in font nullfont!
Missing character: There is no i in font nullfont!
Missing character: There is no c in font nullfont!
Missing character: There is no a in font nullfont!
Missing character: There is no t in font nullfont!
Missing character: There is no o in font nullfont!
Missing character: There is no r in font nullfont!
Missing character: There is no . in font nullfont!
./communicator_8hpp_source.tex:1: Undefined control sequence.
l.1 \doxysection{communicator.\+
                                hpp}
The control sequence at the end of the top line
of your error message was never \def'ed. If you have
misspelled it (e.g., `\hobx'), type `I' and the correct
spelling (e.g., `I\hbox'). Otherwise just continue,
and I'll forget about whatever was undefined.

Missing character: There is no h in font nullfont!
Missing character: There is no p in font nullfont!
Missing character: There is no p in font nullfont!
./communicator_8hpp_source.tex:2: Undefined control sequence.
l.2 \hypertarget
                {communicator_8hpp_source}{}\label{communicator_8hpp_source}...
The control sequence at the end of the top line
of your error message was never \def'ed. If you have
misspelled it (e.g., `\hobx'), type `I' and the correct
spelling (e.g., `I\hbox'). Otherwise just continue,
and I'll forget about whatever was undefined.

Missing character: There is no c in font nullfont!
Missing character: There is no o in font nullfont!
Missing character: There is no m in font nullfont!
Missing character: There is no m in font nullfont!
Missing character: There is no u in font nullfont!
Missing character: There is no n in font nullfont!
Missing character: There is no i in font nullfont!
Missing character: There is no c in font nullfont!
Missing character: There is no a in font nullfont!
Missing character: There is no t in font nullfont!
Missing character: There is no o in font nullfont!
Missing character: There is no r in font nullfont!
./communicator_8hpp_source.tex:2: Missing $ inserted.
<inserted text> 
                $
l.2 \hypertarget{communicator_
                              8hpp_source}{}\label{communicator_8hpp_source}...
I've inserted a begin-math/end-math symbol since I think
you left one out. Proceed, with fingers crossed.

LaTeX Font Info:    External font `cmex10' loaded for size
(Font)              <7> on input line 2.
LaTeX Font Info:    External font `cmex10' loaded for size
(Font)              <5> on input line 2.
./communicator_8hpp_source.tex:2: Extra }, or forgotten $.
l.2 \hypertarget{communicator_8hpp_source}
                                          {}\label{communicator_8hpp_source}...
I've deleted a group-closing symbol because it seems to be
spurious, as in `$x}$'. But perhaps the } is legitimate and
you forgot something else, as in `\hbox{$x}'. In such cases
the way to recover is to insert both the forgotten and the
deleted material, e.g., by typing `I$}'.

./communicator_8hpp_source.tex:3: Undefined control sequence.
<argument> \hyperlink 
                      {communicator_8hpp}{Go to the documentation of this fi...
l.3 ...pp}{Go to the documentation of this file.}}
                                                  
The control sequence at the end of the top line
of your error message was never \def'ed. If you have
misspelled it (e.g., `\hobx'), type `I' and the correct
spelling (e.g., `I\hbox'). Otherwise just continue,
and I'll forget about whatever was undefined.

Missing character: There is no c in font nullfont!
Missing character: There is no o in font nullfont!
Missing character: There is no m in font nullfont!
Missing character: There is no m in font nullfont!
Missing character: There is no u in font nullfont!
Missing character: There is no n in font nullfont!
Missing character: There is no i in font nullfont!
Missing character: There is no c in font nullfont!
Missing character: There is no a in font nullfont!
Missing character: There is no t in font nullfont!
Missing character: There is no o in font nullfont!
Missing character: There is no r in font nullfont!
./communicator_8hpp_source.tex:3: Missing $ inserted.
<inserted text> 
                $
l.3 ...pp}{Go to the documentation of this file.}}
                                                  
I've inserted a begin-math/end-math symbol since I think
you left one out. Proceed, with fingers crossed.

./communicator_8hpp_source.tex:3: Extra }, or forgotten $.
<argument> \hyperlink {communicator_8hpp}
                                         {Go to the documentation of this fi...
l.3 ...pp}{Go to the documentation of this file.}}
                                                  
I've deleted a group-closing symbol because it seems to be
spurious, as in `$x}$'. But perhaps the } is legitimate and
you forgot something else, as in `\hbox{$x}'. In such cases
the way to recover is to insert both the forgotten and the
deleted material, e.g., by typing `I$}'.

./communicator_8hpp_source.tex:3: Extra }, or forgotten $.
\mbox  #1->\leavevmode \hbox {#1}
                                 
l.3 ...pp}{Go to the documentation of this file.}}
                                                  
I've deleted a group-closing symbol because it seems to be
spurious, as in `$x}$'. But perhaps the } is legitimate and
you forgot something else, as in `\hbox{$x}'. In such cases
the way to recover is to insert both the forgotten and the
deleted material, e.g., by typing `I$}'.


./communicator_8hpp_source.tex:4: LaTeX Error: Environment DoxyCode undefined.

See the LaTeX manual or LaTeX Companion for explanation.
Type  H <return>  for immediate help.
 ...                                              
                                                  
l.4 \begin{DoxyCode}
                    {0}
Your command was ignored.
Type  I <command> <return>  to replace it with another command,
or  <return>  to continue without it.

./communicator_8hpp_source.tex:5: Undefined control sequence.
l.5 \DoxyCodeLine
                 {00001\ \textcolor{preprocessor}{\#ifndef\ COMMUNICATOR\_HPP}}
The control sequence at the end of the top line
of your error message was never \def'ed. If you have
misspelled it (e.g., `\hobx'), type `I' and the correct
spelling (e.g., `I\hbox'). Otherwise just continue,
and I'll forget about whatever was undefined.

./communicator_8hpp_source.tex:5: Undefined control sequence.
l.5 \DoxyCodeLine{00001\ \textcolor
                                   {preprocessor}{\#ifndef\ COMMUNICATOR\_HPP}}
The control sequence at the end of the top line
of your error message was never \def'ed. If you have
misspelled it (e.g., `\hobx'), type `I' and the correct
spelling (e.g., `I\hbox'). Otherwise just continue,
and I'll forget about whatever was undefined.

./communicator_8hpp_source.tex:6: Undefined control sequence.
l.6 \DoxyCodeLine
                 {00002\ \textcolor{preprocessor}{\#define\ COMMUNICATOR\_HPP}}
The control sequence at the end of the top line
of your error message was never \def'ed. If you have
misspelled it (e.g., `\hobx'), type `I' and the correct
spelling (e.g., `I\hbox'). Otherwise just continue,
and I'll forget about whatever was undefined.

./communicator_8hpp_source.tex:6: Undefined control sequence.
l.6 \DoxyCodeLine{00002\ \textcolor
                                   {preprocessor}{\#define\ COMMUNICATOR\_HPP}}
The control sequence at the end of the top line
of your error message was never \def'ed. If you have
misspelled it (e.g., `\hobx'), type `I' and the correct
spelling (e.g., `I\hbox'). Otherwise just continue,
and I'll forget about whatever was undefined.

./communicator_8hpp_source.tex:7: Undefined control sequence.
l.7 \DoxyCodeLine
                 {00003\ }
The control sequence at the end of the top line
of your error message was never \def'ed. If you have
misspelled it (e.g., `\hobx'), type `I' and the correct
spelling (e.g., `I\hbox'). Otherwise just continue,
and I'll forget about whatever was undefined.

./communicator_8hpp_source.tex:8: Undefined control sequence.
l.8 \DoxyCodeLine
                 {00004\ \textcolor{preprocessor}{\#include\ "{}\mbox{\hyper...
The control sequence at the end of the top line
of your error message was never \def'ed. If you have
misspelled it (e.g., `\hobx'), type `I' and the correct
spelling (e.g., `I\hbox'). Otherwise just continue,
and I'll forget about whatever was undefined.

./communicator_8hpp_source.tex:8: Undefined control sequence.
l.8 \DoxyCodeLine{00004\ \textcolor
                                   {preprocessor}{\#include\ "{}\mbox{\hyper...
The control sequence at the end of the top line
of your error message was never \def'ed. If you have
misspelled it (e.g., `\hobx'), type `I' and the correct
spelling (e.g., `I\hbox'). Otherwise just continue,
and I'll forget about whatever was undefined.

./communicator_8hpp_source.tex:8: Undefined control sequence.
<argument> \hyperlink 
                      {concurrent__observer_8h}{api/observer/concurrent\_obs...
l.8 ...r_8h}{api/observer/concurrent\_observer.h}}
                                                  "{}}}
The control sequence at the end of the top line
of your error message was never \def'ed. If you have
misspelled it (e.g., `\hobx'), type `I' and the correct
spelling (e.g., `I\hbox'). Otherwise just continue,
and I'll forget about whatever was undefined.

Missing character: There is no c in font nullfont!
Missing character: There is no o in font nullfont!
Missing character: There is no n in font nullfont!
Missing character: There is no c in font nullfont!
Missing character: There is no u in font nullfont!
Missing character: There is no r in font nullfont!
Missing character: There is no r in font nullfont!
Missing character: There is no e in font nullfont!
Missing character: There is no n in font nullfont!
Missing character: There is no t in font nullfont!
./communicator_8hpp_source.tex:8: Missing $ inserted.
<inserted text> 
                $
l.8 ...r_8h}{api/observer/concurrent\_observer.h}}
                                                  "{}}}
I've inserted a begin-math/end-math symbol since I think
you left one out. Proceed, with fingers crossed.

./communicator_8hpp_source.tex:8: Missing { inserted.
<to be read again> 
                   _
l.8 ...r_8h}{api/observer/concurrent\_observer.h}}
                                                  "{}}}
A left brace was mandatory here, so I've put one in.
You might want to delete and/or insert some corrections
so that I will find a matching right brace soon.
(If you're confused by all this, try typing `I}' now.)

./communicator_8hpp_source.tex:8: Extra }, or forgotten $.
\mbox  #1->\leavevmode \hbox {#1}
                                 
l.8 ...r_8h}{api/observer/concurrent\_observer.h}}
                                                  "{}}}
I've deleted a group-closing symbol because it seems to be
spurious, as in `$x}$'. But perhaps the } is legitimate and
you forgot something else, as in `\hbox{$x}'. In such cases
the way to recover is to insert both the forgotten and the
deleted material, e.g., by typing `I$}'.

./communicator_8hpp_source.tex:8: Extra }, or forgotten $.
l.8 ...}{api/observer/concurrent\_observer.h}}"{}}
                                                  }
I've deleted a group-closing symbol because it seems to be
spurious, as in `$x}$'. But perhaps the } is legitimate and
you forgot something else, as in `\hbox{$x}'. In such cases
the way to recover is to insert both the forgotten and the
deleted material, e.g., by typing `I$}'.

./communicator_8hpp_source.tex:8: Extra }, or forgotten $.
l.8 ...{api/observer/concurrent\_observer.h}}"{}}}
                                                  
I've deleted a group-closing symbol because it seems to be
spurious, as in `$x}$'. But perhaps the } is legitimate and
you forgot something else, as in `\hbox{$x}'. In such cases
the way to recover is to insert both the forgotten and the
deleted material, e.g., by typing `I$}'.

./communicator_8hpp_source.tex:9: Undefined control sequence.
l.9 \DoxyCodeLine
                 {00005\ \textcolor{preprocessor}{\#include\ "{}\mbox{\hyper...
The control sequence at the end of the top line
of your error message was never \def'ed. If you have
misspelled it (e.g., `\hobx'), type `I' and the correct
spelling (e.g., `I\hbox'). Otherwise just continue,
and I'll forget about whatever was undefined.

./communicator_8hpp_source.tex:9: Undefined control sequence.
l.9 \DoxyCodeLine{00005\ \textcolor
                                   {preprocessor}{\#include\ "{}\mbox{\hyper...
The control sequence at the end of the top line
of your error message was never \def'ed. If you have
misspelled it (e.g., `\hobx'), type `I' and the correct
spelling (e.g., `I\hbox'). Otherwise just continue,
and I'll forget about whatever was undefined.

./communicator_8hpp_source.tex:9: Undefined control sequence.
<argument> \hyperlink 
                      {message_8hpp}{api/network/definitions/message.hpp}
l.9 ...8hpp}{api/network/definitions/message.hpp}}
                                                  "{}}}
The control sequence at the end of the top line
of your error message was never \def'ed. If you have
misspelled it (e.g., `\hobx'), type `I' and the correct
spelling (e.g., `I\hbox'). Otherwise just continue,
and I'll forget about whatever was undefined.

Missing character: There is no m in font nullfont!
Missing character: There is no e in font nullfont!
Missing character: There is no s in font nullfont!
Missing character: There is no s in font nullfont!
Missing character: There is no a in font nullfont!
Missing character: There is no g in font nullfont!
Missing character: There is no e in font nullfont!
./communicator_8hpp_source.tex:9: Missing $ inserted.
<inserted text> 
                $
l.9 ...8hpp}{api/network/definitions/message.hpp}}
                                                  "{}}}
I've inserted a begin-math/end-math symbol since I think
you left one out. Proceed, with fingers crossed.

./communicator_8hpp_source.tex:9: Extra }, or forgotten $.
<argument> \hyperlink {message_8hpp}
                                    {api/network/definitions/message.hpp}
l.9 ...8hpp}{api/network/definitions/message.hpp}}
                                                  "{}}}
I've deleted a group-closing symbol because it seems to be
spurious, as in `$x}$'. But perhaps the } is legitimate and
you forgot something else, as in `\hbox{$x}'. In such cases
the way to recover is to insert both the forgotten and the
deleted material, e.g., by typing `I$}'.

./communicator_8hpp_source.tex:9: Extra }, or forgotten $.
\mbox  #1->\leavevmode \hbox {#1}
                                 
l.9 ...8hpp}{api/network/definitions/message.hpp}}
                                                  "{}}}
I've deleted a group-closing symbol because it seems to be
spurious, as in `$x}$'. But perhaps the } is legitimate and
you forgot something else, as in `\hbox{$x}'. In such cases
the way to recover is to insert both the forgotten and the
deleted material, e.g., by typing `I$}'.

./communicator_8hpp_source.tex:9: Extra }, or forgotten $.
l.9 ...}{api/network/definitions/message.hpp}}"{}}
                                                  }
I've deleted a group-closing symbol because it seems to be
spurious, as in `$x}$'. But perhaps the } is legitimate and
you forgot something else, as in `\hbox{$x}'. In such cases
the way to recover is to insert both the forgotten and the
deleted material, e.g., by typing `I$}'.

./communicator_8hpp_source.tex:9: Extra }, or forgotten $.
l.9 ...{api/network/definitions/message.hpp}}"{}}}
                                                  
I've deleted a group-closing symbol because it seems to be
spurious, as in `$x}$'. But perhaps the } is legitimate and
you forgot something else, as in `\hbox{$x}'. In such cases
the way to recover is to insert both the forgotten and the
deleted material, e.g., by typing `I$}'.

./communicator_8hpp_source.tex:10: Undefined control sequence.
l.10 \DoxyCodeLine
                  {00006\ \textcolor{preprocessor}{\#include\ "{}\mbox{\hype...
The control sequence at the end of the top line
of your error message was never \def'ed. If you have
misspelled it (e.g., `\hobx'), type `I' and the correct
spelling (e.g., `I\hbox'). Otherwise just continue,
and I'll forget about whatever was undefined.

./communicator_8hpp_source.tex:10: Undefined control sequence.
l.10 \DoxyCodeLine{00006\ \textcolor
                                    {preprocessor}{\#include\ "{}\mbox{\hype...
The control sequence at the end of the top line
of your error message was never \def'ed. If you have
misspelled it (e.g., `\hobx'), type `I' and the correct
spelling (e.g., `I\hbox'). Otherwise just continue,
and I'll forget about whatever was undefined.

./communicator_8hpp_source.tex:10: Undefined control sequence.
<argument> \hyperlink 
                      {address_8hpp}{api/network/definitions/address.hpp}
l.10 ...hpp}{api/network/definitions/address.hpp}}
                                                  "{}}}
The control sequence at the end of the top line
of your error message was never \def'ed. If you have
misspelled it (e.g., `\hobx'), type `I' and the correct
spelling (e.g., `I\hbox'). Otherwise just continue,
and I'll forget about whatever was undefined.

Missing character: There is no a in font nullfont!
Missing character: There is no d in font nullfont!
Missing character: There is no d in font nullfont!
Missing character: There is no r in font nullfont!
Missing character: There is no e in font nullfont!
Missing character: There is no s in font nullfont!
Missing character: There is no s in font nullfont!
./communicator_8hpp_source.tex:10: Missing $ inserted.
<inserted text> 
                $
l.10 ...hpp}{api/network/definitions/address.hpp}}
                                                  "{}}}
I've inserted a begin-math/end-math symbol since I think
you left one out. Proceed, with fingers crossed.

./communicator_8hpp_source.tex:10: Extra }, or forgotten $.
<argument> \hyperlink {address_8hpp}
                                    {api/network/definitions/address.hpp}
l.10 ...hpp}{api/network/definitions/address.hpp}}
                                                  "{}}}
I've deleted a group-closing symbol because it seems to be
spurious, as in `$x}$'. But perhaps the } is legitimate and
you forgot something else, as in `\hbox{$x}'. In such cases
the way to recover is to insert both the forgotten and the
deleted material, e.g., by typing `I$}'.

./communicator_8hpp_source.tex:10: Extra }, or forgotten $.
\mbox  #1->\leavevmode \hbox {#1}
                                 
l.10 ...hpp}{api/network/definitions/address.hpp}}
                                                  "{}}}
I've deleted a group-closing symbol because it seems to be
spurious, as in `$x}$'. But perhaps the } is legitimate and
you forgot something else, as in `\hbox{$x}'. In such cases
the way to recover is to insert both the forgotten and the
deleted material, e.g., by typing `I$}'.

./communicator_8hpp_source.tex:10: Extra }, or forgotten $.
l.10 ...{api/network/definitions/address.hpp}}"{}}
                                                  }
I've deleted a group-closing symbol because it seems to be
spurious, as in `$x}$'. But perhaps the } is legitimate and
you forgot something else, as in `\hbox{$x}'. In such cases
the way to recover is to insert both the forgotten and the
deleted material, e.g., by typing `I$}'.

./communicator_8hpp_source.tex:10: Extra }, or forgotten $.
l.10 ...api/network/definitions/address.hpp}}"{}}}
                                                  
I've deleted a group-closing symbol because it seems to be
spurious, as in `$x}$'. But perhaps the } is legitimate and
you forgot something else, as in `\hbox{$x}'. In such cases
the way to recover is to insert both the forgotten and the
deleted material, e.g., by typing `I$}'.

./communicator_8hpp_source.tex:11: Undefined control sequence.
l.11 \DoxyCodeLine
                  {00007\ }
The control sequence at the end of the top line
of your error message was never \def'ed. If you have
misspelled it (e.g., `\hobx'), type `I' and the correct
spelling (e.g., `I\hbox'). Otherwise just continue,
and I'll forget about whatever was undefined.

./communicator_8hpp_source.tex:12: Undefined control sequence.
l.12 \DoxyCodeLine
                  {00012\ }
The control sequence at the end of the top line
of your error message was never \def'ed. If you have
misspelled it (e.g., `\hobx'), type `I' and the correct
spelling (e.g., `I\hbox'). Otherwise just continue,
and I'll forget about whatever was undefined.

./communicator_8hpp_source.tex:13: Undefined control sequence.
l.13 \DoxyCodeLine
                  {00013\ \textcolor{keyword}{template}\ <\textcolor{keyword...
The control sequence at the end of the top line
of your error message was never \def'ed. If you have
misspelled it (e.g., `\hobx'), type `I' and the correct
spelling (e.g., `I\hbox'). Otherwise just continue,
and I'll forget about whatever was undefined.

./communicator_8hpp_source.tex:13: Undefined control sequence.
l.13 \DoxyCodeLine{00013\ \textcolor
                                    {keyword}{template}\ <\textcolor{keyword...
The control sequence at the end of the top line
of your error message was never \def'ed. If you have
misspelled it (e.g., `\hobx'), type `I' and the correct
spelling (e.g., `I\hbox'). Otherwise just continue,
and I'll forget about whatever was undefined.

./communicator_8hpp_source.tex:13: Undefined control sequence.
l.13 ...\textcolor{keyword}{template}\ <\textcolor
                                                  {keyword}{typename}\ Chann...
The control sequence at the end of the top line
of your error message was never \def'ed. If you have
misspelled it (e.g., `\hobx'), type `I' and the correct
spelling (e.g., `I\hbox'). Otherwise just continue,
and I'll forget about whatever was undefined.

./communicator_8hpp_source.tex:14: Undefined control sequence.
l.14 \DoxyCodeLine
                  {00014\ \textcolor{keyword}{class\ }\mbox{\hyperlink{class...
The control sequence at the end of the top line
of your error message was never \def'ed. If you have
misspelled it (e.g., `\hobx'), type `I' and the correct
spelling (e.g., `I\hbox'). Otherwise just continue,
and I'll forget about whatever was undefined.

./communicator_8hpp_source.tex:14: Undefined control sequence.
l.14 \DoxyCodeLine{00014\ \textcolor
                                    {keyword}{class\ }\mbox{\hyperlink{class...
The control sequence at the end of the top line
of your error message was never \def'ed. If you have
misspelled it (e.g., `\hobx'), type `I' and the correct
spelling (e.g., `I\hbox'). Otherwise just continue,
and I'll forget about whatever was undefined.

./communicator_8hpp_source.tex:14: Undefined control sequence.
<argument> \hyperlink 
                      {class_communicator_aa524b1a5d7470c99da967898d9ed2ff2}...
l.14 ...a5d7470c99da967898d9ed2ff2}{Communicator}}
                                                  \ :\ \textcolor{keyword}{p...
The control sequence at the end of the top line
of your error message was never \def'ed. If you have
misspelled it (e.g., `\hobx'), type `I' and the correct
spelling (e.g., `I\hbox'). Otherwise just continue,
and I'll forget about whatever was undefined.

Missing character: There is no c in font nullfont!
Missing character: There is no l in font nullfont!
Missing character: There is no a in font nullfont!
Missing character: There is no s in font nullfont!
Missing character: There is no s in font nullfont!
./communicator_8hpp_source.tex:14: Missing $ inserted.
<inserted text> 
                $
l.14 ...a5d7470c99da967898d9ed2ff2}{Communicator}}
                                                  \ :\ \textcolor{keyword}{p...
I've inserted a begin-math/end-math symbol since I think
you left one out. Proceed, with fingers crossed.

./communicator_8hpp_source.tex:14: Extra }, or forgotten $.
<argument> ...r_aa524b1a5d7470c99da967898d9ed2ff2}
                                                  {Communicator}
l.14 ...a5d7470c99da967898d9ed2ff2}{Communicator}}
                                                  \ :\ \textcolor{keyword}{p...
I've deleted a group-closing symbol because it seems to be
spurious, as in `$x}$'. But perhaps the } is legitimate and
you forgot something else, as in `\hbox{$x}'. In such cases
the way to recover is to insert both the forgotten and the
deleted material, e.g., by typing `I$}'.

./communicator_8hpp_source.tex:14: Extra }, or forgotten $.
\mbox  #1->\leavevmode \hbox {#1}
                                 
l.14 ...a5d7470c99da967898d9ed2ff2}{Communicator}}
                                                  \ :\ \textcolor{keyword}{p...
I've deleted a group-closing symbol because it seems to be
spurious, as in `$x}$'. But perhaps the } is legitimate and
you forgot something else, as in `\hbox{$x}'. In such cases
the way to recover is to insert both the forgotten and the
deleted material, e.g., by typing `I$}'.

./communicator_8hpp_source.tex:14: Undefined control sequence.
l.14 ...898d9ed2ff2}{Communicator}}\ :\ \textcolor
                                                  {keyword}{public}\ \mbox{\...
The control sequence at the end of the top line
of your error message was never \def'ed. If you have
misspelled it (e.g., `\hobx'), type `I' and the correct
spelling (e.g., `I\hbox'). Otherwise just continue,
and I'll forget about whatever was undefined.

./communicator_8hpp_source.tex:14: Undefined control sequence.
<argument> \hyperlink 
                      {class_concurrent___observer_a1131774e0fff74793d560a02...
l.14 ...793d560a0251a02e55}{Concurrent\_Observer}}
                                                  <typename\ Channel::Observ...
The control sequence at the end of the top line
of your error message was never \def'ed. If you have
misspelled it (e.g., `\hobx'), type `I' and the correct
spelling (e.g., `I\hbox'). Otherwise just continue,
and I'll forget about whatever was undefined.

Missing character: There is no c in font nullfont!
Missing character: There is no l in font nullfont!
Missing character: There is no a in font nullfont!
Missing character: There is no s in font nullfont!
Missing character: There is no s in font nullfont!
./communicator_8hpp_source.tex:14: Missing $ inserted.
<inserted text> 
                $
l.14 ...793d560a0251a02e55}{Concurrent\_Observer}}
                                                  <typename\ Channel::Observ...
I've inserted a begin-math/end-math symbol since I think
you left one out. Proceed, with fingers crossed.

./communicator_8hpp_source.tex:14: Missing { inserted.
<to be read again> 
                   _
l.14 ...793d560a0251a02e55}{Concurrent\_Observer}}
                                                  <typename\ Channel::Observ...
A left brace was mandatory here, so I've put one in.
You might want to delete and/or insert some corrections
so that I will find a matching right brace soon.
(If you're confused by all this, try typing `I}' now.)

./communicator_8hpp_source.tex:14: Missing { inserted.
<to be read again> 
                   _
l.14 ...793d560a0251a02e55}{Concurrent\_Observer}}
                                                  <typename\ Channel::Observ...
A left brace was mandatory here, so I've put one in.
You might want to delete and/or insert some corrections
so that I will find a matching right brace soon.
(If you're confused by all this, try typing `I}' now.)

./communicator_8hpp_source.tex:14: Extra }, or forgotten $.
l.14 ...ename\ Channel::Observer::Observed\_Data,}
                                                  
I've deleted a group-closing symbol because it seems to be
spurious, as in `$x}$'. But perhaps the } is legitimate and
you forgot something else, as in `\hbox{$x}'. In such cases
the way to recover is to insert both the forgotten and the
deleted material, e.g., by typing `I$}'.

./communicator_8hpp_source.tex:15: Undefined control sequence.
l.15 \DoxyCodeLine
                  {00015\ \ \ \ \ \ \ \ \ \ \ \ \ \ \ \ \ \ \ \ \ \ \ \ \ \ ...
The control sequence at the end of the top line
of your error message was never \def'ed. If you have
misspelled it (e.g., `\hobx'), type `I' and the correct
spelling (e.g., `I\hbox'). Otherwise just continue,
and I'll forget about whatever was undefined.

./communicator_8hpp_source.tex:16: Undefined control sequence.
l.16 \DoxyCodeLine
                  {00016\ \{}
The control sequence at the end of the top line
of your error message was never \def'ed. If you have
misspelled it (e.g., `\hobx'), type `I' and the correct
spelling (e.g., `I\hbox'). Otherwise just continue,
and I'll forget about whatever was undefined.

./communicator_8hpp_source.tex:17: Undefined control sequence.
l.17 \DoxyCodeLine
                  {00017\ \ \ \ \ \textcolor{keyword}{typedef}\ \mbox{\hyper...
The control sequence at the end of the top line
of your error message was never \def'ed. If you have
misspelled it (e.g., `\hobx'), type `I' and the correct
spelling (e.g., `I\hbox'). Otherwise just continue,
and I'll forget about whatever was undefined.

./communicator_8hpp_source.tex:17: Undefined control sequence.
l.17 \DoxyCodeLine{00017\ \ \ \ \ \textcolor
                                            {keyword}{typedef}\ \mbox{\hyper...
The control sequence at the end of the top line
of your error message was never \def'ed. If you have
misspelled it (e.g., `\hobx'), type `I' and the correct
spelling (e.g., `I\hbox'). Otherwise just continue,
and I'll forget about whatever was undefined.

./communicator_8hpp_source.tex:17: Undefined control sequence.
<argument> \hyperlink 
                      {class_concurrent___observer_a1131774e0fff74793d560a02...
l.17 ...793d560a0251a02e55}{Concurrent\_Observer}}
                                                  <\textcolor{keyword}{typen...
The control sequence at the end of the top line
of your error message was never \def'ed. If you have
misspelled it (e.g., `\hobx'), type `I' and the correct
spelling (e.g., `I\hbox'). Otherwise just continue,
and I'll forget about whatever was undefined.

Missing character: There is no c in font nullfont!
Missing character: There is no l in font nullfont!
Missing character: There is no a in font nullfont!
Missing character: There is no s in font nullfont!
Missing character: There is no s in font nullfont!
./communicator_8hpp_source.tex:17: Missing $ inserted.
<inserted text> 
                $
l.17 ...793d560a0251a02e55}{Concurrent\_Observer}}
                                                  <\textcolor{keyword}{typen...
I've inserted a begin-math/end-math symbol since I think
you left one out. Proceed, with fingers crossed.

./communicator_8hpp_source.tex:17: Missing { inserted.
<to be read again> 
                   _
l.17 ...793d560a0251a02e55}{Concurrent\_Observer}}
                                                  <\textcolor{keyword}{typen...
A left brace was mandatory here, so I've put one in.
You might want to delete and/or insert some corrections
so that I will find a matching right brace soon.
(If you're confused by all this, try typing `I}' now.)

./communicator_8hpp_source.tex:17: Missing { inserted.
<to be read again> 
                   _
l.17 ...793d560a0251a02e55}{Concurrent\_Observer}}
                                                  <\textcolor{keyword}{typen...
A left brace was mandatory here, so I've put one in.
You might want to delete and/or insert some corrections
so that I will find a matching right brace soon.
(If you're confused by all this, try typing `I}' now.)

./communicator_8hpp_source.tex:17: Undefined control sequence.
l.17 ...1a02e55}{Concurrent\_Observer}}<\textcolor
                                                  {keyword}{typename}\ Chann...
The control sequence at the end of the top line
of your error message was never \def'ed. If you have
misspelled it (e.g., `\hobx'), type `I' and the correct
spelling (e.g., `I\hbox'). Otherwise just continue,
and I'll forget about whatever was undefined.

./communicator_8hpp_source.tex:17: Extra }, or forgotten $.
l.17 ...name}\ Channel::Observer::Observed\_Data,}
                                                  
I've deleted a group-closing symbol because it seems to be
spurious, as in `$x}$'. But perhaps the } is legitimate and
you forgot something else, as in `\hbox{$x}'. In such cases
the way to recover is to insert both the forgotten and the
deleted material, e.g., by typing `I$}'.

./communicator_8hpp_source.tex:18: Undefined control sequence.
l.18 \DoxyCodeLine
                  {00018\ \ \ \ \ \ \ \ \ \ \ \ \ \ \ \ \ \ \ \ \ \ \ \ \ \ ...
The control sequence at the end of the top line
of your error message was never \def'ed. If you have
misspelled it (e.g., `\hobx'), type `I' and the correct
spelling (e.g., `I\hbox'). Otherwise just continue,
and I'll forget about whatever was undefined.

./communicator_8hpp_source.tex:18: Undefined control sequence.
l.18 ...\ \ \ \ \ \ \ \ \ \ \ \ \ \ \ \ \textcolor
                                                  {keyword}{typename}\ Chann...
The control sequence at the end of the top line
of your error message was never \def'ed. If you have
misspelled it (e.g., `\hobx'), type `I' and the correct
spelling (e.g., `I\hbox'). Otherwise just continue,
and I'll forget about whatever was undefined.

./communicator_8hpp_source.tex:18: Undefined control sequence.
<argument> \hyperlink 
                      {class_communicator_ab72912032a4ff8b222c1ae09dcf64254}...
l.18 ...2912032a4ff8b222c1ae09dcf64254}{Observer}}
                                                  ;}
The control sequence at the end of the top line
of your error message was never \def'ed. If you have
misspelled it (e.g., `\hobx'), type `I' and the correct
spelling (e.g., `I\hbox'). Otherwise just continue,
and I'll forget about whatever was undefined.

Missing character: There is no c in font nullfont!
Missing character: There is no l in font nullfont!
Missing character: There is no a in font nullfont!
Missing character: There is no s in font nullfont!
Missing character: There is no s in font nullfont!
./communicator_8hpp_source.tex:18: Missing $ inserted.
<inserted text> 
                $
l.18 ...2912032a4ff8b222c1ae09dcf64254}{Observer}}
                                                  ;}
I've inserted a begin-math/end-math symbol since I think
you left one out. Proceed, with fingers crossed.

./communicator_8hpp_source.tex:18: Extra }, or forgotten $.
<argument> ...r_ab72912032a4ff8b222c1ae09dcf64254}
                                                  {Observer}
l.18 ...2912032a4ff8b222c1ae09dcf64254}{Observer}}
                                                  ;}
I've deleted a group-closing symbol because it seems to be
spurious, as in `$x}$'. But perhaps the } is legitimate and
you forgot something else, as in `\hbox{$x}'. In such cases
the way to recover is to insert both the forgotten and the
deleted material, e.g., by typing `I$}'.

./communicator_8hpp_source.tex:18: Extra }, or forgotten $.
\mbox  #1->\leavevmode \hbox {#1}
                                 
l.18 ...2912032a4ff8b222c1ae09dcf64254}{Observer}}
                                                  ;}
I've deleted a group-closing symbol because it seems to be
spurious, as in `$x}$'. But perhaps the } is legitimate and
you forgot something else, as in `\hbox{$x}'. In such cases
the way to recover is to insert both the forgotten and the
deleted material, e.g., by typing `I$}'.

./communicator_8hpp_source.tex:18: Extra }, or forgotten $.
l.18 ...12032a4ff8b222c1ae09dcf64254}{Observer}};}
                                                  
I've deleted a group-closing symbol because it seems to be
spurious, as in `$x}$'. But perhaps the } is legitimate and
you forgot something else, as in `\hbox{$x}'. In such cases
the way to recover is to insert both the forgotten and the
deleted material, e.g., by typing `I$}'.

./communicator_8hpp_source.tex:19: Undefined control sequence.
l.19 \DoxyCodeLine
                  {00019\ \textcolor{keyword}{public}:}
The control sequence at the end of the top line
of your error message was never \def'ed. If you have
misspelled it (e.g., `\hobx'), type `I' and the correct
spelling (e.g., `I\hbox'). Otherwise just continue,
and I'll forget about whatever was undefined.

./communicator_8hpp_source.tex:19: Undefined control sequence.
l.19 \DoxyCodeLine{00019\ \textcolor
                                    {keyword}{public}:}
The control sequence at the end of the top line
of your error message was never \def'ed. If you have
misspelled it (e.g., `\hobx'), type `I' and the correct
spelling (e.g., `I\hbox'). Otherwise just continue,
and I'll forget about whatever was undefined.

./communicator_8hpp_source.tex:20: Undefined control sequence.
l.20 \DoxyCodeLine
                  {00020\ \ \ \ \ \textcolor{keyword}{typedef}\ \textcolor{k...
The control sequence at the end of the top line
of your error message was never \def'ed. If you have
misspelled it (e.g., `\hobx'), type `I' and the correct
spelling (e.g., `I\hbox'). Otherwise just continue,
and I'll forget about whatever was undefined.

./communicator_8hpp_source.tex:20: Undefined control sequence.
l.20 \DoxyCodeLine{00020\ \ \ \ \ \textcolor
                                            {keyword}{typedef}\ \textcolor{k...
The control sequence at the end of the top line
of your error message was never \def'ed. If you have
misspelled it (e.g., `\hobx'), type `I' and the correct
spelling (e.g., `I\hbox'). Otherwise just continue,
and I'll forget about whatever was undefined.

./communicator_8hpp_source.tex:20: Undefined control sequence.
l.20 ...\ \textcolor{keyword}{typedef}\ \textcolor
                                                  {keyword}{typename}\ Chann...
The control sequence at the end of the top line
of your error message was never \def'ed. If you have
misspelled it (e.g., `\hobx'), type `I' and the correct
spelling (e.g., `I\hbox'). Otherwise just continue,
and I'll forget about whatever was undefined.

./communicator_8hpp_source.tex:20: Undefined control sequence.
<argument> \hyperlink 
                      {class_communicator_a4eeb6883f7ff2f4ed249181737d4678b}...
l.20 ...4eeb6883f7ff2f4ed249181737d4678b}{Buffer}}
                                                  ;}
The control sequence at the end of the top line
of your error message was never \def'ed. If you have
misspelled it (e.g., `\hobx'), type `I' and the correct
spelling (e.g., `I\hbox'). Otherwise just continue,
and I'll forget about whatever was undefined.

Missing character: There is no c in font nullfont!
Missing character: There is no l in font nullfont!
Missing character: There is no a in font nullfont!
Missing character: There is no s in font nullfont!
Missing character: There is no s in font nullfont!
./communicator_8hpp_source.tex:20: Missing $ inserted.
<inserted text> 
                $
l.20 ...4eeb6883f7ff2f4ed249181737d4678b}{Buffer}}
                                                  ;}
I've inserted a begin-math/end-math symbol since I think
you left one out. Proceed, with fingers crossed.

./communicator_8hpp_source.tex:20: Extra }, or forgotten $.
<argument> ...r_a4eeb6883f7ff2f4ed249181737d4678b}
                                                  {Buffer}
l.20 ...4eeb6883f7ff2f4ed249181737d4678b}{Buffer}}
                                                  ;}
I've deleted a group-closing symbol because it seems to be
spurious, as in `$x}$'. But perhaps the } is legitimate and
you forgot something else, as in `\hbox{$x}'. In such cases
the way to recover is to insert both the forgotten and the
deleted material, e.g., by typing `I$}'.

./communicator_8hpp_source.tex:20: Extra }, or forgotten $.
\mbox  #1->\leavevmode \hbox {#1}
                                 
l.20 ...4eeb6883f7ff2f4ed249181737d4678b}{Buffer}}
                                                  ;}
I've deleted a group-closing symbol because it seems to be
spurious, as in `$x}$'. But perhaps the } is legitimate and
you forgot something else, as in `\hbox{$x}'. In such cases
the way to recover is to insert both the forgotten and the
deleted material, e.g., by typing `I$}'.

./communicator_8hpp_source.tex:20: Extra }, or forgotten $.
l.20 ...eb6883f7ff2f4ed249181737d4678b}{Buffer}};}
                                                  
I've deleted a group-closing symbol because it seems to be
spurious, as in `$x}$'. But perhaps the } is legitimate and
you forgot something else, as in `\hbox{$x}'. In such cases
the way to recover is to insert both the forgotten and the
deleted material, e.g., by typing `I$}'.

./communicator_8hpp_source.tex:21: Undefined control sequence.
l.21 \DoxyCodeLine
                  {00021\ }
The control sequence at the end of the top line
of your error message was never \def'ed. If you have
misspelled it (e.g., `\hobx'), type `I' and the correct
spelling (e.g., `I\hbox'). Otherwise just continue,
and I'll forget about whatever was undefined.

./communicator_8hpp_source.tex:22: Undefined control sequence.
l.22 \DoxyCodeLine
                  {00022\ \textcolor{keyword}{public}:}
The control sequence at the end of the top line
of your error message was never \def'ed. If you have
misspelled it (e.g., `\hobx'), type `I' and the correct
spelling (e.g., `I\hbox'). Otherwise just continue,
and I'll forget about whatever was undefined.

./communicator_8hpp_source.tex:22: Undefined control sequence.
l.22 \DoxyCodeLine{00022\ \textcolor
                                    {keyword}{public}:}
The control sequence at the end of the top line
of your error message was never \def'ed. If you have
misspelled it (e.g., `\hobx'), type `I' and the correct
spelling (e.g., `I\hbox'). Otherwise just continue,
and I'll forget about whatever was undefined.

./communicator_8hpp_source.tex:23: Undefined control sequence.
l.23 \DoxyCodeLine
                  {00023\ \ \ \ \ \mbox{\hyperlink{class_communicator_aa524b...
The control sequence at the end of the top line
of your error message was never \def'ed. If you have
misspelled it (e.g., `\hobx'), type `I' and the correct
spelling (e.g., `I\hbox'). Otherwise just continue,
and I'll forget about whatever was undefined.

./communicator_8hpp_source.tex:23: Undefined control sequence.
<argument> \hyperlink 
                      {class_communicator_aa524b1a5d7470c99da967898d9ed2ff2}...
l.23 ...a5d7470c99da967898d9ed2ff2}{Communicator}}
                                                  (Channel\ *\ channel,\ \mb...
The control sequence at the end of the top line
of your error message was never \def'ed. If you have
misspelled it (e.g., `\hobx'), type `I' and the correct
spelling (e.g., `I\hbox'). Otherwise just continue,
and I'll forget about whatever was undefined.

Missing character: There is no c in font nullfont!
Missing character: There is no l in font nullfont!
Missing character: There is no a in font nullfont!
Missing character: There is no s in font nullfont!
Missing character: There is no s in font nullfont!
./communicator_8hpp_source.tex:23: Missing $ inserted.
<inserted text> 
                $
l.23 ...a5d7470c99da967898d9ed2ff2}{Communicator}}
                                                  (Channel\ *\ channel,\ \mb...
I've inserted a begin-math/end-math symbol since I think
you left one out. Proceed, with fingers crossed.

./communicator_8hpp_source.tex:23: Extra }, or forgotten $.
<argument> ...r_aa524b1a5d7470c99da967898d9ed2ff2}
                                                  {Communicator}
l.23 ...a5d7470c99da967898d9ed2ff2}{Communicator}}
                                                  (Channel\ *\ channel,\ \mb...
I've deleted a group-closing symbol because it seems to be
spurious, as in `$x}$'. But perhaps the } is legitimate and
you forgot something else, as in `\hbox{$x}'. In such cases
the way to recover is to insert both the forgotten and the
deleted material, e.g., by typing `I$}'.

./communicator_8hpp_source.tex:23: Extra }, or forgotten $.
\mbox  #1->\leavevmode \hbox {#1}
                                 
l.23 ...a5d7470c99da967898d9ed2ff2}{Communicator}}
                                                  (Channel\ *\ channel,\ \mb...
I've deleted a group-closing symbol because it seems to be
spurious, as in `$x}$'. But perhaps the } is legitimate and
you forgot something else, as in `\hbox{$x}'. In such cases
the way to recover is to insert both the forgotten and the
deleted material, e.g., by typing `I$}'.

./communicator_8hpp_source.tex:23: Undefined control sequence.
<argument> \hyperlink 
                      {class_address}{Address}
l.23 ... \mbox{\hyperlink{class_address}{Address}}
                                                  \ \mbox{\hyperlink{class_c...
The control sequence at the end of the top line
of your error message was never \def'ed. If you have
misspelled it (e.g., `\hobx'), type `I' and the correct
spelling (e.g., `I\hbox'). Otherwise just continue,
and I'll forget about whatever was undefined.

Missing character: There is no c in font nullfont!
Missing character: There is no l in font nullfont!
Missing character: There is no a in font nullfont!
Missing character: There is no s in font nullfont!
Missing character: There is no s in font nullfont!
./communicator_8hpp_source.tex:23: Missing $ inserted.
<inserted text> 
                $
l.23 ... \mbox{\hyperlink{class_address}{Address}}
                                                  \ \mbox{\hyperlink{class_c...
I've inserted a begin-math/end-math symbol since I think
you left one out. Proceed, with fingers crossed.

./communicator_8hpp_source.tex:23: Extra }, or forgotten $.
<argument> \hyperlink {class_address}
                                     {Address}
l.23 ... \mbox{\hyperlink{class_address}{Address}}
                                                  \ \mbox{\hyperlink{class_c...
I've deleted a group-closing symbol because it seems to be
spurious, as in `$x}$'. But perhaps the } is legitimate and
you forgot something else, as in `\hbox{$x}'. In such cases
the way to recover is to insert both the forgotten and the
deleted material, e.g., by typing `I$}'.

./communicator_8hpp_source.tex:23: Extra }, or forgotten $.
\mbox  #1->\leavevmode \hbox {#1}
                                 
l.23 ... \mbox{\hyperlink{class_address}{Address}}
                                                  \ \mbox{\hyperlink{class_c...
I've deleted a group-closing symbol because it seems to be
spurious, as in `$x}$'. But perhaps the } is legitimate and
you forgot something else, as in `\hbox{$x}'. In such cases
the way to recover is to insert both the forgotten and the
deleted material, e.g., by typing `I$}'.

./communicator_8hpp_source.tex:23: Undefined control sequence.
<argument> \hyperlink 
                      {class_communicator_acc13b41ebf06d4276d112e9cba0c6dc2}...
l.23 ...c13b41ebf06d4276d112e9cba0c6dc2}{address}}
                                                  )}
The control sequence at the end of the top line
of your error message was never \def'ed. If you have
misspelled it (e.g., `\hobx'), type `I' and the correct
spelling (e.g., `I\hbox'). Otherwise just continue,
and I'll forget about whatever was undefined.

Missing character: There is no c in font nullfont!
Missing character: There is no l in font nullfont!
Missing character: There is no a in font nullfont!
Missing character: There is no s in font nullfont!
Missing character: There is no s in font nullfont!
./communicator_8hpp_source.tex:23: Missing $ inserted.
<inserted text> 
                $
l.23 ...c13b41ebf06d4276d112e9cba0c6dc2}{address}}
                                                  )}
I've inserted a begin-math/end-math symbol since I think
you left one out. Proceed, with fingers crossed.

./communicator_8hpp_source.tex:23: Extra }, or forgotten $.
<argument> ...r_acc13b41ebf06d4276d112e9cba0c6dc2}
                                                  {address}
l.23 ...c13b41ebf06d4276d112e9cba0c6dc2}{address}}
                                                  )}
I've deleted a group-closing symbol because it seems to be
spurious, as in `$x}$'. But perhaps the } is legitimate and
you forgot something else, as in `\hbox{$x}'. In such cases
the way to recover is to insert both the forgotten and the
deleted material, e.g., by typing `I$}'.

./communicator_8hpp_source.tex:23: Extra }, or forgotten $.
\mbox  #1->\leavevmode \hbox {#1}
                                 
l.23 ...c13b41ebf06d4276d112e9cba0c6dc2}{address}}
                                                  )}
I've deleted a group-closing symbol because it seems to be
spurious, as in `$x}$'. But perhaps the } is legitimate and
you forgot something else, as in `\hbox{$x}'. In such cases
the way to recover is to insert both the forgotten and the
deleted material, e.g., by typing `I$}'.

./communicator_8hpp_source.tex:23: Extra }, or forgotten $.
l.23 ...3b41ebf06d4276d112e9cba0c6dc2}{address}})}
                                                  
(That makes 100 errors; please try again.) 
Here is how much of TeX's memory you used:
 18 strings out of 469269
 464 string characters out of 5467112
 436984 words of memory out of 5000000
 28550 multiletter control sequences out of 15000+600000
 626825 words of font info for 40 fonts, out of 8000000 for 9000
 319 hyphenation exceptions out of 8191
 18i,37n,19p,363b,251s stack positions out of 10000i,1000n,20000p,200000b,200000s

./communicator_8hpp_source.tex:23:  ==> Fatal error occurred, no output PDF file produced!
