This is pdfTeX, Version 3.141592653-2.6-1.40.28 (TeX Live 2025) (preloaded format=pdflatex 2025.9.24)  27 SEP 2025 18:54
entering extended mode
 \write18 enabled.
 file:line:error style messages enabled.
 %&-line parsing enabled.
**components__ports_8hpp.tex
(./components__ports_8hpp.tex
LaTeX2e <2025-06-01> patch level 1
L3 programming layer <2025-09-02>
./components__ports_8hpp.tex:1: Undefined control sequence.
l.1 \doxysection
                {source/vehicle/components/definitions/components\+\_\+ports...
The control sequence at the end of the top line
of your error message was never \def'ed. If you have
misspelled it (e.g., `\hobx'), type `I' and the correct
spelling (e.g., `I\hbox'). Otherwise just continue,
and I'll forget about whatever was undefined.


./components__ports_8hpp.tex:1: LaTeX Error: Missing \begin{document}.

See the LaTeX manual or LaTeX Companion for explanation.
Type  H <return>  for immediate help.
 ...                                              
                                                  
l.1 \doxysection{s
                  ource/vehicle/components/definitions/components\+\_\+ports...
You're in trouble here.  Try typing  <return>  to proceed.
If that doesn't work, type  X <return>  to quit.

Missing character: There is no s in font nullfont!
Missing character: There is no o in font nullfont!
Missing character: There is no u in font nullfont!
Missing character: There is no r in font nullfont!
Missing character: There is no c in font nullfont!
Missing character: There is no e in font nullfont!
Missing character: There is no / in font nullfont!
Missing character: There is no v in font nullfont!
Missing character: There is no e in font nullfont!
Missing character: There is no h in font nullfont!
Missing character: There is no i in font nullfont!
Missing character: There is no c in font nullfont!
Missing character: There is no l in font nullfont!
Missing character: There is no e in font nullfont!
Missing character: There is no / in font nullfont!
Missing character: There is no c in font nullfont!
Missing character: There is no o in font nullfont!
Missing character: There is no m in font nullfont!
Missing character: There is no p in font nullfont!
Missing character: There is no o in font nullfont!
Missing character: There is no n in font nullfont!
Missing character: There is no e in font nullfont!
Missing character: There is no n in font nullfont!
Missing character: There is no t in font nullfont!
Missing character: There is no s in font nullfont!
Missing character: There is no / in font nullfont!
Missing character: There is no d in font nullfont!
Missing character: There is no e in font nullfont!
Missing character: There is no f in font nullfont!
Missing character: There is no i in font nullfont!
Missing character: There is no n in font nullfont!
Missing character: There is no i in font nullfont!
Missing character: There is no t in font nullfont!
Missing character: There is no i in font nullfont!
Missing character: There is no o in font nullfont!
Missing character: There is no n in font nullfont!
Missing character: There is no s in font nullfont!
Missing character: There is no / in font nullfont!
Missing character: There is no c in font nullfont!
Missing character: There is no o in font nullfont!
Missing character: There is no m in font nullfont!
Missing character: There is no p in font nullfont!
Missing character: There is no o in font nullfont!
Missing character: There is no n in font nullfont!
Missing character: There is no e in font nullfont!
Missing character: There is no n in font nullfont!
Missing character: There is no t in font nullfont!
Missing character: There is no s in font nullfont!
./components__ports_8hpp.tex:1: Undefined control sequence.
l.1 ...vehicle/components/definitions/components\+
                                                  \_\+ports.hpp File Reference}
The control sequence at the end of the top line
of your error message was never \def'ed. If you have
misspelled it (e.g., `\hobx'), type `I' and the correct
spelling (e.g., `I\hbox'). Otherwise just continue,
and I'll forget about whatever was undefined.

./components__ports_8hpp.tex:1: Undefined control sequence.
l.1 ...cle/components/definitions/components\+\_\+
                                                  ports.hpp File Reference}
The control sequence at the end of the top line
of your error message was never \def'ed. If you have
misspelled it (e.g., `\hobx'), type `I' and the correct
spelling (e.g., `I\hbox'). Otherwise just continue,
and I'll forget about whatever was undefined.

Missing character: There is no p in font nullfont!
Missing character: There is no o in font nullfont!
Missing character: There is no r in font nullfont!
Missing character: There is no t in font nullfont!
Missing character: There is no s in font nullfont!
Missing character: There is no . in font nullfont!
Missing character: There is no h in font nullfont!
Missing character: There is no p in font nullfont!
Missing character: There is no p in font nullfont!
Missing character: There is no F in font nullfont!
Missing character: There is no i in font nullfont!
Missing character: There is no l in font nullfont!
Missing character: There is no e in font nullfont!
Missing character: There is no R in font nullfont!
Missing character: There is no e in font nullfont!
Missing character: There is no f in font nullfont!
Missing character: There is no e in font nullfont!
Missing character: There is no r in font nullfont!
Missing character: There is no e in font nullfont!
Missing character: There is no n in font nullfont!
Missing character: There is no c in font nullfont!
Missing character: There is no e in font nullfont!
./components__ports_8hpp.tex:2: Undefined control sequence.
l.2 \hypertarget
                {components__ports_8hpp}{}\label{components__ports_8hpp}\ind...
The control sequence at the end of the top line
of your error message was never \def'ed. If you have
misspelled it (e.g., `\hobx'), type `I' and the correct
spelling (e.g., `I\hbox'). Otherwise just continue,
and I'll forget about whatever was undefined.

Missing character: There is no c in font nullfont!
Missing character: There is no o in font nullfont!
Missing character: There is no m in font nullfont!
Missing character: There is no p in font nullfont!
Missing character: There is no o in font nullfont!
Missing character: There is no n in font nullfont!
Missing character: There is no e in font nullfont!
Missing character: There is no n in font nullfont!
Missing character: There is no t in font nullfont!
Missing character: There is no s in font nullfont!
./components__ports_8hpp.tex:2: Missing $ inserted.
<inserted text> 
                $
l.2 \hypertarget{components_
                            _ports_8hpp}{}\label{components__ports_8hpp}\ind...
I've inserted a begin-math/end-math symbol since I think
you left one out. Proceed, with fingers crossed.

LaTeX Font Info:    External font `cmex10' loaded for size
(Font)              <7> on input line 2.
LaTeX Font Info:    External font `cmex10' loaded for size
(Font)              <5> on input line 2.
./components__ports_8hpp.tex:2: Missing { inserted.
<to be read again> 
                   _
l.2 \hypertarget{components__
                             ports_8hpp}{}\label{components__ports_8hpp}\ind...
A left brace was mandatory here, so I've put one in.
You might want to delete and/or insert some corrections
so that I will find a matching right brace soon.
(If you're confused by all this, try typing `I}' now.)


./components__ports_8hpp.tex:3: LaTeX Error: Command \ttfamily invalid in math mode.

See the LaTeX manual or LaTeX Companion for explanation.
Type  H <return>  for immediate help.
 ...                                              
                                                  
l.3 {\ttfamily
               \#include "{}api/network/definitions/address.\+hpp"{}}\newline
Please use the math alphabet \mathtt instead of the \ttfamily command. 

./components__ports_8hpp.tex:3: Undefined control sequence.
l.3 ...clude "{}api/network/definitions/address.\+
                                                  hpp"{}}\newline
The control sequence at the end of the top line
of your error message was never \def'ed. If you have
misspelled it (e.g., `\hobx'), type `I' and the correct
spelling (e.g., `I\hbox'). Otherwise just continue,
and I'll forget about whatever was undefined.

./components__ports_8hpp.tex:4: Undefined control sequence.
l.4 Include dependency graph for components\+
                                             \_\+ports.\+hpp\+:
The control sequence at the end of the top line
of your error message was never \def'ed. If you have
misspelled it (e.g., `\hobx'), type `I' and the correct
spelling (e.g., `I\hbox'). Otherwise just continue,
and I'll forget about whatever was undefined.

./components__ports_8hpp.tex:4: Undefined control sequence.
l.4 Include dependency graph for components\+\_\+
                                                 ports.\+hpp\+:
The control sequence at the end of the top line
of your error message was never \def'ed. If you have
misspelled it (e.g., `\hobx'), type `I' and the correct
spelling (e.g., `I\hbox'). Otherwise just continue,
and I'll forget about whatever was undefined.

./components__ports_8hpp.tex:4: Undefined control sequence.
l.4 ...pendency graph for components\+\_\+ports.\+
                                                  hpp\+:
The control sequence at the end of the top line
of your error message was never \def'ed. If you have
misspelled it (e.g., `\hobx'), type `I' and the correct
spelling (e.g., `I\hbox'). Otherwise just continue,
and I'll forget about whatever was undefined.

./components__ports_8hpp.tex:4: Undefined control sequence.
l.4 ...ncy graph for components\+\_\+ports.\+hpp\+
                                                  :
The control sequence at the end of the top line
of your error message was never \def'ed. If you have
misspelled it (e.g., `\hobx'), type `I' and the correct
spelling (e.g., `I\hbox'). Otherwise just continue,
and I'll forget about whatever was undefined.


./components__ports_8hpp.tex:6: LaTeX Error: Environment figure undefined.

See the LaTeX manual or LaTeX Companion for explanation.
Type  H <return>  for immediate help.
 ...                                              
                                                  
l.6 \begin{figure}
                  [H]
Your command was ignored.
Type  I <command> <return>  to replace it with another command,
or  <return>  to continue without it.

./components__ports_8hpp.tex:7: Missing $ inserted.
<inserted text> 
                $
l.7 \begin{center}
                  
I've inserted a begin-math/end-math symbol since I think
you left one out. Proceed, with fingers crossed.

./components__ports_8hpp.tex:7: Missing \endgroup inserted.
<inserted text> 
                \endgroup 
l.7 \begin{center}
                  
I've inserted something that you may have forgotten.
(See the <inserted text> above.)
With luck, this will get me unwedged. But if you
really didn't forget anything, try typing `2' now; then
my insertion and my current dilemma will both disappear.

./components__ports_8hpp.tex:7: Missing \endgroup inserted.
<inserted text> 
                \endgroup 
l.7 \begin{center}
                  
I've inserted something that you may have forgotten.
(See the <inserted text> above.)
With luck, this will get me unwedged. But if you
really didn't forget anything, try typing `2' now; then
my insertion and my current dilemma will both disappear.


Overfull \hbox (20.0pt too wide) in paragraph at lines 1--7
[][]
 []


Overfull \hbox (257.12834pt too wide) in paragraph at lines 1--7
[][][][][] 
 []


Overfull \hbox (226.80258pt too wide) in paragraph at lines 1--7
\OML/cmm/m/it/10 Includedependencygraphforcomponents[]ports:hpp \OT1/cmr/m/n/10 :
 []


Overfull \hbox (17.45825pt too wide) in paragraph at lines 1--7
 \OT1/cmr/m/n/10 [\OML/cmm/m/it/10 H\OT1/cmr/m/n/10 ]$ 
 []

./components__ports_8hpp.tex:9: Undefined control sequence.
l.9 \includegraphics
                    [width=328pt]{components__ports_8hpp__incl}
The control sequence at the end of the top line
of your error message was never \def'ed. If you have
misspelled it (e.g., `\hobx'), type `I' and the correct
spelling (e.g., `I\hbox'). Otherwise just continue,
and I'll forget about whatever was undefined.

Missing character: There is no [ in font nullfont!
Missing character: There is no w in font nullfont!
Missing character: There is no i in font nullfont!
Missing character: There is no d in font nullfont!
Missing character: There is no t in font nullfont!
Missing character: There is no h in font nullfont!
Missing character: There is no = in font nullfont!
Missing character: There is no 3 in font nullfont!
Missing character: There is no 2 in font nullfont!
Missing character: There is no 8 in font nullfont!
Missing character: There is no p in font nullfont!
Missing character: There is no t in font nullfont!
Missing character: There is no ] in font nullfont!
Missing character: There is no c in font nullfont!
Missing character: There is no o in font nullfont!
Missing character: There is no m in font nullfont!
Missing character: There is no p in font nullfont!
Missing character: There is no o in font nullfont!
Missing character: There is no n in font nullfont!
Missing character: There is no e in font nullfont!
Missing character: There is no n in font nullfont!
Missing character: There is no t in font nullfont!
Missing character: There is no s in font nullfont!
./components__ports_8hpp.tex:9: Missing $ inserted.
<inserted text> 
                $
l.9 \includegraphics[width=328pt]{components_
                                             _ports_8hpp__incl}
I've inserted a begin-math/end-math symbol since I think
you left one out. Proceed, with fingers crossed.

./components__ports_8hpp.tex:9: Missing { inserted.
<to be read again> 
                   _
l.9 \includegraphics[width=328pt]{components__
                                              ports_8hpp__incl}
A left brace was mandatory here, so I've put one in.
You might want to delete and/or insert some corrections
so that I will find a matching right brace soon.
(If you're confused by all this, try typing `I}' now.)

./components__ports_8hpp.tex:9: Missing { inserted.
<to be read again> 
                   _
l.9 ...phics[width=328pt]{components__ports_8hpp__
                                                  incl}
A left brace was mandatory here, so I've put one in.
You might want to delete and/or insert some corrections
so that I will find a matching right brace soon.
(If you're confused by all this, try typing `I}' now.)


./components__ports_8hpp.tex:10: LaTeX Error: Command \end{document} invalid in math mode.

See the LaTeX manual or LaTeX Companion for explanation.
Type  H <return>  for immediate help.
 ...                                              
                                                  
l.10 \end{center}
                 
Try typing  <return>  to proceed.
If that doesn't work, type  X <return>  to quit.

./components__ports_8hpp.tex:10: Missing $ inserted.
<inserted text> 
                $
l.10 \end{center}
                 
I've inserted a begin-math/end-math symbol since I think
you left one out. Proceed, with fingers crossed.

./components__ports_8hpp.tex:10: Missing } inserted.
<inserted text> 
                }
l.10 \end{center}
                 
I've inserted something that you may have forgotten.
(See the <inserted text> above.)
With luck, this will get me unwedged. But if you
really didn't forget anything, try typing `2' now; then
my insertion and my current dilemma will both disappear.


Overfull \hbox (49.91907pt too wide) in paragraph at lines 8--10
 []$ 
 []


./components__ports_8hpp.tex:10: LaTeX Error: \begin{document} ended by \end{center}.

See the LaTeX manual or LaTeX Companion for explanation.
Type  H <return>  for immediate help.
 ...                                              
                                                  
l.10 \end{center}
                 
Your command was ignored.
Type  I <command> <return>  to replace it with another command,
or  <return>  to continue without it.

./components__ports_8hpp.tex:10: Missing } inserted.
<inserted text> 
                }
l.10 \end{center}
                 
I've inserted something that you may have forgotten.
(See the <inserted text> above.)
With luck, this will get me unwedged. But if you
really didn't forget anything, try typing `2' now; then
my insertion and my current dilemma will both disappear.

./components__ports_8hpp.tex:10: Missing } inserted.
<inserted text> 
                }
l.10 \end{center}
                 
I've inserted something that you may have forgotten.
(See the <inserted text> above.)
With luck, this will get me unwedged. But if you
really didn't forget anything, try typing `2' now; then
my insertion and my current dilemma will both disappear.

./components__ports_8hpp.tex:10: Extra \endgroup.
<recently read> \endgroup 
                          
l.10 \end{center}
                 
Things are pretty mixed up, but I think the worst is over.


./components__ports_8hpp.tex:11: LaTeX Error: \begin{document} ended by \end{figure}.

See the LaTeX manual or LaTeX Companion for explanation.
Type  H <return>  for immediate help.
 ...                                              
                                                  
l.11 \end{figure}
                 
Your command was ignored.
Type  I <command> <return>  to replace it with another command,
or  <return>  to continue without it.

./components__ports_8hpp.tex:11: Extra \endgroup.
\end  ...end#1\endcsname \@checkend {#1}\endgroup 
                                                  \UseHook {env/#1/after}\if...
l.11 \end{figure}
                 
Things are pretty mixed up, but I think the worst is over.

./components__ports_8hpp.tex:12: Undefined control sequence.
l.12 \doxysubsubsection
                       *{Classes}
The control sequence at the end of the top line
of your error message was never \def'ed. If you have
misspelled it (e.g., `\hobx'), type `I' and the correct
spelling (e.g., `I\hbox'). Otherwise just continue,
and I'll forget about whatever was undefined.

Missing character: There is no * in font nullfont!
Missing character: There is no C in font nullfont!
Missing character: There is no l in font nullfont!
Missing character: There is no a in font nullfont!
Missing character: There is no s in font nullfont!
Missing character: There is no s in font nullfont!
Missing character: There is no e in font nullfont!
Missing character: There is no s in font nullfont!

./components__ports_8hpp.tex:13: LaTeX Error: Environment DoxyCompactItemize undefined.

See the LaTeX manual or LaTeX Companion for explanation.
Type  H <return>  for immediate help.
 ...                                              
                                                  
l.13 \begin{DoxyCompactItemize}
                               
Your command was ignored.
Type  I <command> <return>  to replace it with another command,
or  <return>  to continue without it.


./components__ports_8hpp.tex:15: LaTeX Error: Lonely \item--perhaps a missing list environment.

See the LaTeX manual or LaTeX Companion for explanation.
Type  H <return>  for immediate help.
 ...                                              
                                                  
l.15 c
      lass \mbox{\hyperlink{class_component_ports}{Component\+Ports}}
Try typing  <return>  to proceed.
If that doesn't work, type  X <return>  to quit.

Missing character: There is no c in font nullfont!
Missing character: There is no l in font nullfont!
Missing character: There is no a in font nullfont!
Missing character: There is no s in font nullfont!
Missing character: There is no s in font nullfont!
./components__ports_8hpp.tex:15: Undefined control sequence.
<argument> \hyperlink 
                      {class_component_ports}{Component\+Ports}
l.15 ...{class_component_ports}{Component\+Ports}}
                                                  
The control sequence at the end of the top line
of your error message was never \def'ed. If you have
misspelled it (e.g., `\hobx'), type `I' and the correct
spelling (e.g., `I\hbox'). Otherwise just continue,
and I'll forget about whatever was undefined.

Missing character: There is no c in font nullfont!
Missing character: There is no l in font nullfont!
Missing character: There is no a in font nullfont!
Missing character: There is no s in font nullfont!
Missing character: There is no s in font nullfont!
./components__ports_8hpp.tex:15: Missing $ inserted.
<inserted text> 
                $
l.15 ...{class_component_ports}{Component\+Ports}}
                                                  
I've inserted a begin-math/end-math symbol since I think
you left one out. Proceed, with fingers crossed.

./components__ports_8hpp.tex:15: Extra }, or forgotten $.
<argument> \hyperlink {class_component_ports}
                                             {Component\+Ports}
l.15 ...{class_component_ports}{Component\+Ports}}
                                                  
I've deleted a group-closing symbol because it seems to be
spurious, as in `$x}$'. But perhaps the } is legitimate and
you forgot something else, as in `\hbox{$x}'. In such cases
the way to recover is to insert both the forgotten and the
deleted material, e.g., by typing `I$}'.

./components__ports_8hpp.tex:15: Undefined control sequence.
<argument> ... {class_component_ports}{Component\+
                                                  Ports}
l.15 ...{class_component_ports}{Component\+Ports}}
                                                  
The control sequence at the end of the top line
of your error message was never \def'ed. If you have
misspelled it (e.g., `\hobx'), type `I' and the correct
spelling (e.g., `I\hbox'). Otherwise just continue,
and I'll forget about whatever was undefined.

./components__ports_8hpp.tex:15: Extra }, or forgotten $.
\mbox  #1->\leavevmode \hbox {#1}
                                 
l.15 ...{class_component_ports}{Component\+Ports}}
                                                  
I've deleted a group-closing symbol because it seems to be
spurious, as in `$x}$'. But perhaps the } is legitimate and
you forgot something else, as in `\hbox{$x}'. In such cases
the way to recover is to insert both the forgotten and the
deleted material, e.g., by typing `I$}'.


./components__ports_8hpp.tex:16: LaTeX Error: Environment DoxyCompactList undefined.

See the LaTeX manual or LaTeX Companion for explanation.
Type  H <return>  for immediate help.
 ...                                              
                                                  
l.16 \begin{DoxyCompactList}
                            \small\item\em Defines universal port mappings f...
Your command was ignored.
Type  I <command> <return>  to replace it with another command,
or  <return>  to continue without it.

./components__ports_8hpp.tex:16: Undefined control sequence.
l.16 \begin{DoxyCompactList}\small
                                  \item\em Defines universal port mappings f...
The control sequence at the end of the top line
of your error message was never \def'ed. If you have
misspelled it (e.g., `\hobx'), type `I' and the correct
spelling (e.g., `I\hbox'). Otherwise just continue,
and I'll forget about whatever was undefined.


./components__ports_8hpp.tex:16: LaTeX Error: Command \item invalid in math mode.

See the LaTeX manual or LaTeX Companion for explanation.
Type  H <return>  for immediate help.
 ...                                              
                                                  
l.16 \begin{DoxyCompactList}\small\item
                                       \em Defines universal port mappings f...
Try typing  <return>  to proceed.
If that doesn't work, type  X <return>  to quit.

./components__ports_8hpp.tex:16: Missing $ inserted.
<inserted text> 
                $
l.16 \begin{DoxyCompactList}\small\item\em
                                           Defines universal port mappings f...
I've inserted a begin-math/end-math symbol since I think
you left one out. Proceed, with fingers crossed.

./components__ports_8hpp.tex:16: Missing \endgroup inserted.
<inserted text> 
                \endgroup 
l.16 \begin{DoxyCompactList}\small\item\em
                                           Defines universal port mappings f...
I've inserted something that you may have forgotten.
(See the <inserted text> above.)
With luck, this will get me unwedged. But if you
really didn't forget anything, try typing `2' now; then
my insertion and my current dilemma will both disappear.

./components__ports_8hpp.tex:16: Missing } inserted.
<inserted text> 
                }
l.16 \begin{DoxyCompactList}\small\item\em
                                           Defines universal port mappings f...
I've inserted something that you may have forgotten.
(See the <inserted text> above.)
With luck, this will get me unwedged. But if you
really didn't forget anything, try typing `2' now; then
my insertion and my current dilemma will both disappear.

./components__ports_8hpp.tex:16: Missing } inserted.
<inserted text> 
                }
l.16 \begin{DoxyCompactList}\small\item\em
                                           Defines universal port mappings f...
I've inserted something that you may have forgotten.
(See the <inserted text> above.)
With luck, this will get me unwedged. But if you
really didn't forget anything, try typing `2' now; then
my insertion and my current dilemma will both disappear.


Overfull \hbox (147.79388pt too wide) in paragraph at lines 15--16
[] 
 []


./components__ports_8hpp.tex:16: LaTeX Error: Lonely \item--perhaps a missing list environment.

See the LaTeX manual or LaTeX Companion for explanation.
Type  H <return>  for immediate help.
 ...                                              
                                                  
l.16 \begin{DoxyCompactList}\small\item\em
                                           Defines universal port mappings f...
Try typing  <return>  to proceed.
If that doesn't work, type  X <return>  to quit.


./components__ports_8hpp.tex:16: LaTeX Error: \begin{document} ended by \end{DoxyCompactList}.

See the LaTeX manual or LaTeX Companion for explanation.
Type  H <return>  for immediate help.
 ...                                              
                                                  
l.16 ...onent communication. \end{DoxyCompactList}
                                                  \end{DoxyCompactItemize}
Your command was ignored.
Type  I <command> <return>  to replace it with another command,
or  <return>  to continue without it.


./components__ports_8hpp.tex:16: LaTeX Error: \begin{document} ended by \end{DoxyCompactItemize}.

See the LaTeX manual or LaTeX Companion for explanation.
Type  H <return>  for immediate help.
 ...                                              
                                                  
l.16 ...d{DoxyCompactList}\end{DoxyCompactItemize}
                                                  
Your command was ignored.
Type  I <command> <return>  to replace it with another command,
or  <return>  to continue without it.

./components__ports_8hpp.tex:16: Extra \endgroup.
\end  ...end#1\endcsname \@checkend {#1}\endgroup 
                                                  \UseHook {env/#1/after}\if...
l.16 ...d{DoxyCompactList}\end{DoxyCompactItemize}
                                                  
Things are pretty mixed up, but I think the worst is over.

)
! Emergency stop.
<*> components__ports_8hpp.tex
                              
*** (job aborted, no legal \end found)

 
Here is how much of TeX's memory you used:
 36 strings out of 469269
 830 string characters out of 5467112
 431984 words of memory out of 5000000
 28566 multiletter control sequences out of 15000+600000
 627339 words of font info for 42 fonts, out of 8000000 for 9000
 319 hyphenation exceptions out of 8191
 22i,4n,23p,253b,81s stack positions out of 10000i,1000n,20000p,200000b,200000s
!  ==> Fatal error occurred, no output PDF file produced!
