This is pdfTeX, Version 3.141592653-2.6-1.40.28 (TeX Live 2025) (preloaded format=pdflatex 2025.9.24)  27 SEP 2025 18:54
entering extended mode
 \write18 enabled.
 file:line:error style messages enabled.
 %&-line parsing enabled.
**components__ports_8hpp_source.tex
(./components__ports_8hpp_source.tex
LaTeX2e <2025-06-01> patch level 1
L3 programming layer <2025-09-02>
./components__ports_8hpp_source.tex:1: Undefined control sequence.
l.1 \doxysection
                {components\+\_\+ports.\+hpp}
The control sequence at the end of the top line
of your error message was never \def'ed. If you have
misspelled it (e.g., `\hobx'), type `I' and the correct
spelling (e.g., `I\hbox'). Otherwise just continue,
and I'll forget about whatever was undefined.


./components__ports_8hpp_source.tex:1: LaTeX Error: Missing \begin{document}.

See the LaTeX manual or LaTeX Companion for explanation.
Type  H <return>  for immediate help.
 ...                                              
                                                  
l.1 \doxysection{c
                  omponents\+\_\+ports.\+hpp}
You're in trouble here.  Try typing  <return>  to proceed.
If that doesn't work, type  X <return>  to quit.

Missing character: There is no c in font nullfont!
Missing character: There is no o in font nullfont!
Missing character: There is no m in font nullfont!
Missing character: There is no p in font nullfont!
Missing character: There is no o in font nullfont!
Missing character: There is no n in font nullfont!
Missing character: There is no e in font nullfont!
Missing character: There is no n in font nullfont!
Missing character: There is no t in font nullfont!
Missing character: There is no s in font nullfont!
./components__ports_8hpp_source.tex:1: Undefined control sequence.
l.1 \doxysection{components\+
                             \_\+ports.\+hpp}
The control sequence at the end of the top line
of your error message was never \def'ed. If you have
misspelled it (e.g., `\hobx'), type `I' and the correct
spelling (e.g., `I\hbox'). Otherwise just continue,
and I'll forget about whatever was undefined.

./components__ports_8hpp_source.tex:1: Undefined control sequence.
l.1 \doxysection{components\+\_\+
                                 ports.\+hpp}
The control sequence at the end of the top line
of your error message was never \def'ed. If you have
misspelled it (e.g., `\hobx'), type `I' and the correct
spelling (e.g., `I\hbox'). Otherwise just continue,
and I'll forget about whatever was undefined.

Missing character: There is no p in font nullfont!
Missing character: There is no o in font nullfont!
Missing character: There is no r in font nullfont!
Missing character: There is no t in font nullfont!
Missing character: There is no s in font nullfont!
Missing character: There is no . in font nullfont!
./components__ports_8hpp_source.tex:1: Undefined control sequence.
l.1 \doxysection{components\+\_\+ports.\+
                                         hpp}
The control sequence at the end of the top line
of your error message was never \def'ed. If you have
misspelled it (e.g., `\hobx'), type `I' and the correct
spelling (e.g., `I\hbox'). Otherwise just continue,
and I'll forget about whatever was undefined.

Missing character: There is no h in font nullfont!
Missing character: There is no p in font nullfont!
Missing character: There is no p in font nullfont!
./components__ports_8hpp_source.tex:2: Undefined control sequence.
l.2 \hypertarget
                {components__ports_8hpp_source}{}\label{components__ports_8h...
The control sequence at the end of the top line
of your error message was never \def'ed. If you have
misspelled it (e.g., `\hobx'), type `I' and the correct
spelling (e.g., `I\hbox'). Otherwise just continue,
and I'll forget about whatever was undefined.

Missing character: There is no c in font nullfont!
Missing character: There is no o in font nullfont!
Missing character: There is no m in font nullfont!
Missing character: There is no p in font nullfont!
Missing character: There is no o in font nullfont!
Missing character: There is no n in font nullfont!
Missing character: There is no e in font nullfont!
Missing character: There is no n in font nullfont!
Missing character: There is no t in font nullfont!
Missing character: There is no s in font nullfont!
./components__ports_8hpp_source.tex:2: Missing $ inserted.
<inserted text> 
                $
l.2 \hypertarget{components_
                            _ports_8hpp_source}{}\label{components__ports_8h...
I've inserted a begin-math/end-math symbol since I think
you left one out. Proceed, with fingers crossed.

LaTeX Font Info:    External font `cmex10' loaded for size
(Font)              <7> on input line 2.
LaTeX Font Info:    External font `cmex10' loaded for size
(Font)              <5> on input line 2.
./components__ports_8hpp_source.tex:2: Missing { inserted.
<to be read again> 
                   _
l.2 \hypertarget{components__
                             ports_8hpp_source}{}\label{components__ports_8h...
A left brace was mandatory here, so I've put one in.
You might want to delete and/or insert some corrections
so that I will find a matching right brace soon.
(If you're confused by all this, try typing `I}' now.)

./components__ports_8hpp_source.tex:3: Undefined control sequence.
<argument> \hyperlink 
                      {components__ports_8hpp}{Go to the documentation of th...
l.3 ...pp}{Go to the documentation of this file.}}
                                                  
The control sequence at the end of the top line
of your error message was never \def'ed. If you have
misspelled it (e.g., `\hobx'), type `I' and the correct
spelling (e.g., `I\hbox'). Otherwise just continue,
and I'll forget about whatever was undefined.

Missing character: There is no c in font nullfont!
Missing character: There is no o in font nullfont!
Missing character: There is no m in font nullfont!
Missing character: There is no p in font nullfont!
Missing character: There is no o in font nullfont!
Missing character: There is no n in font nullfont!
Missing character: There is no e in font nullfont!
Missing character: There is no n in font nullfont!
Missing character: There is no t in font nullfont!
Missing character: There is no s in font nullfont!
./components__ports_8hpp_source.tex:3: Missing $ inserted.
<inserted text> 
                $
l.3 ...pp}{Go to the documentation of this file.}}
                                                  
I've inserted a begin-math/end-math symbol since I think
you left one out. Proceed, with fingers crossed.

./components__ports_8hpp_source.tex:3: Missing { inserted.
<to be read again> 
                   _
l.3 ...pp}{Go to the documentation of this file.}}
                                                  
A left brace was mandatory here, so I've put one in.
You might want to delete and/or insert some corrections
so that I will find a matching right brace soon.
(If you're confused by all this, try typing `I}' now.)

./components__ports_8hpp_source.tex:3: Extra }, or forgotten $.
\mbox  #1->\leavevmode \hbox {#1}
                                 
l.3 ...pp}{Go to the documentation of this file.}}
                                                  
I've deleted a group-closing symbol because it seems to be
spurious, as in `$x}$'. But perhaps the } is legitimate and
you forgot something else, as in `\hbox{$x}'. In such cases
the way to recover is to insert both the forgotten and the
deleted material, e.g., by typing `I$}'.


./components__ports_8hpp_source.tex:4: LaTeX Error: Environment DoxyCode undefined.

See the LaTeX manual or LaTeX Companion for explanation.
Type  H <return>  for immediate help.
 ...                                              
                                                  
l.4 \begin{DoxyCode}
                    {0}
Your command was ignored.
Type  I <command> <return>  to replace it with another command,
or  <return>  to continue without it.

./components__ports_8hpp_source.tex:5: Undefined control sequence.
l.5 \DoxyCodeLine
                 {00001\ \textcolor{preprocessor}{\#ifndef\ COMPONENT\_PORTS...
The control sequence at the end of the top line
of your error message was never \def'ed. If you have
misspelled it (e.g., `\hobx'), type `I' and the correct
spelling (e.g., `I\hbox'). Otherwise just continue,
and I'll forget about whatever was undefined.

./components__ports_8hpp_source.tex:5: Undefined control sequence.
l.5 \DoxyCodeLine{00001\ \textcolor
                                   {preprocessor}{\#ifndef\ COMPONENT\_PORTS...
The control sequence at the end of the top line
of your error message was never \def'ed. If you have
misspelled it (e.g., `\hobx'), type `I' and the correct
spelling (e.g., `I\hbox'). Otherwise just continue,
and I'll forget about whatever was undefined.

./components__ports_8hpp_source.tex:6: Undefined control sequence.
l.6 \DoxyCodeLine
                 {00002\ \textcolor{preprocessor}{\#define\ COMPONENT\_PORTS...
The control sequence at the end of the top line
of your error message was never \def'ed. If you have
misspelled it (e.g., `\hobx'), type `I' and the correct
spelling (e.g., `I\hbox'). Otherwise just continue,
and I'll forget about whatever was undefined.

./components__ports_8hpp_source.tex:6: Undefined control sequence.
l.6 \DoxyCodeLine{00002\ \textcolor
                                   {preprocessor}{\#define\ COMPONENT\_PORTS...
The control sequence at the end of the top line
of your error message was never \def'ed. If you have
misspelled it (e.g., `\hobx'), type `I' and the correct
spelling (e.g., `I\hbox'). Otherwise just continue,
and I'll forget about whatever was undefined.

./components__ports_8hpp_source.tex:7: Undefined control sequence.
l.7 \DoxyCodeLine
                 {00003\ }
The control sequence at the end of the top line
of your error message was never \def'ed. If you have
misspelled it (e.g., `\hobx'), type `I' and the correct
spelling (e.g., `I\hbox'). Otherwise just continue,
and I'll forget about whatever was undefined.

./components__ports_8hpp_source.tex:8: Undefined control sequence.
l.8 \DoxyCodeLine
                 {00004\ \textcolor{preprocessor}{\#include\ "{}\mbox{\hyper...
The control sequence at the end of the top line
of your error message was never \def'ed. If you have
misspelled it (e.g., `\hobx'), type `I' and the correct
spelling (e.g., `I\hbox'). Otherwise just continue,
and I'll forget about whatever was undefined.

./components__ports_8hpp_source.tex:8: Undefined control sequence.
l.8 \DoxyCodeLine{00004\ \textcolor
                                   {preprocessor}{\#include\ "{}\mbox{\hyper...
The control sequence at the end of the top line
of your error message was never \def'ed. If you have
misspelled it (e.g., `\hobx'), type `I' and the correct
spelling (e.g., `I\hbox'). Otherwise just continue,
and I'll forget about whatever was undefined.

./components__ports_8hpp_source.tex:8: Undefined control sequence.
<argument> \hyperlink 
                      {address_8hpp}{api/network/definitions/address.hpp}
l.8 ...8hpp}{api/network/definitions/address.hpp}}
                                                  "{}}}
The control sequence at the end of the top line
of your error message was never \def'ed. If you have
misspelled it (e.g., `\hobx'), type `I' and the correct
spelling (e.g., `I\hbox'). Otherwise just continue,
and I'll forget about whatever was undefined.

Missing character: There is no a in font nullfont!
Missing character: There is no d in font nullfont!
Missing character: There is no d in font nullfont!
Missing character: There is no r in font nullfont!
Missing character: There is no e in font nullfont!
Missing character: There is no s in font nullfont!
Missing character: There is no s in font nullfont!
./components__ports_8hpp_source.tex:8: Missing $ inserted.
<inserted text> 
                $
l.8 ...8hpp}{api/network/definitions/address.hpp}}
                                                  "{}}}
I've inserted a begin-math/end-math symbol since I think
you left one out. Proceed, with fingers crossed.

./components__ports_8hpp_source.tex:8: Extra }, or forgotten $.
<argument> \hyperlink {address_8hpp}
                                    {api/network/definitions/address.hpp}
l.8 ...8hpp}{api/network/definitions/address.hpp}}
                                                  "{}}}
I've deleted a group-closing symbol because it seems to be
spurious, as in `$x}$'. But perhaps the } is legitimate and
you forgot something else, as in `\hbox{$x}'. In such cases
the way to recover is to insert both the forgotten and the
deleted material, e.g., by typing `I$}'.

./components__ports_8hpp_source.tex:8: Extra }, or forgotten $.
\mbox  #1->\leavevmode \hbox {#1}
                                 
l.8 ...8hpp}{api/network/definitions/address.hpp}}
                                                  "{}}}
I've deleted a group-closing symbol because it seems to be
spurious, as in `$x}$'. But perhaps the } is legitimate and
you forgot something else, as in `\hbox{$x}'. In such cases
the way to recover is to insert both the forgotten and the
deleted material, e.g., by typing `I$}'.

./components__ports_8hpp_source.tex:8: Extra }, or forgotten $.
l.8 ...}{api/network/definitions/address.hpp}}"{}}
                                                  }
I've deleted a group-closing symbol because it seems to be
spurious, as in `$x}$'. But perhaps the } is legitimate and
you forgot something else, as in `\hbox{$x}'. In such cases
the way to recover is to insert both the forgotten and the
deleted material, e.g., by typing `I$}'.

./components__ports_8hpp_source.tex:8: Extra }, or forgotten $.
l.8 ...{api/network/definitions/address.hpp}}"{}}}
                                                  
I've deleted a group-closing symbol because it seems to be
spurious, as in `$x}$'. But perhaps the } is legitimate and
you forgot something else, as in `\hbox{$x}'. In such cases
the way to recover is to insert both the forgotten and the
deleted material, e.g., by typing `I$}'.

./components__ports_8hpp_source.tex:9: Undefined control sequence.
l.9 \DoxyCodeLine
                 {00005\ }
The control sequence at the end of the top line
of your error message was never \def'ed. If you have
misspelled it (e.g., `\hobx'), type `I' and the correct
spelling (e.g., `I\hbox'). Otherwise just continue,
and I'll forget about whatever was undefined.

./components__ports_8hpp_source.tex:10: Undefined control sequence.
l.10 \DoxyCodeLine
                  {00018\ \textcolor{keyword}{class\ }\mbox{\hyperlink{class...
The control sequence at the end of the top line
of your error message was never \def'ed. If you have
misspelled it (e.g., `\hobx'), type `I' and the correct
spelling (e.g., `I\hbox'). Otherwise just continue,
and I'll forget about whatever was undefined.

./components__ports_8hpp_source.tex:10: Undefined control sequence.
l.10 \DoxyCodeLine{00018\ \textcolor
                                    {keyword}{class\ }\mbox{\hyperlink{class...
The control sequence at the end of the top line
of your error message was never \def'ed. If you have
misspelled it (e.g., `\hobx'), type `I' and the correct
spelling (e.g., `I\hbox'). Otherwise just continue,
and I'll forget about whatever was undefined.

./components__ports_8hpp_source.tex:10: Undefined control sequence.
<argument> \hyperlink 
                      {class_component_ports_a0bf822b62110ed6f55c98063f8971b...
l.10 ...2110ed6f55c98063f8971b43}{ComponentPorts}}
                                                  \ \{}
The control sequence at the end of the top line
of your error message was never \def'ed. If you have
misspelled it (e.g., `\hobx'), type `I' and the correct
spelling (e.g., `I\hbox'). Otherwise just continue,
and I'll forget about whatever was undefined.

Missing character: There is no c in font nullfont!
Missing character: There is no l in font nullfont!
Missing character: There is no a in font nullfont!
Missing character: There is no s in font nullfont!
Missing character: There is no s in font nullfont!
./components__ports_8hpp_source.tex:10: Missing $ inserted.
<inserted text> 
                $
l.10 ...2110ed6f55c98063f8971b43}{ComponentPorts}}
                                                  \ \{}
I've inserted a begin-math/end-math symbol since I think
you left one out. Proceed, with fingers crossed.

./components__ports_8hpp_source.tex:10: Extra }, or forgotten $.
<argument> ...s_a0bf822b62110ed6f55c98063f8971b43}
                                                  {ComponentPorts}
l.10 ...2110ed6f55c98063f8971b43}{ComponentPorts}}
                                                  \ \{}
I've deleted a group-closing symbol because it seems to be
spurious, as in `$x}$'. But perhaps the } is legitimate and
you forgot something else, as in `\hbox{$x}'. In such cases
the way to recover is to insert both the forgotten and the
deleted material, e.g., by typing `I$}'.

./components__ports_8hpp_source.tex:10: Extra }, or forgotten $.
\mbox  #1->\leavevmode \hbox {#1}
                                 
l.10 ...2110ed6f55c98063f8971b43}{ComponentPorts}}
                                                  \ \{}
I've deleted a group-closing symbol because it seems to be
spurious, as in `$x}$'. But perhaps the } is legitimate and
you forgot something else, as in `\hbox{$x}'. In such cases
the way to recover is to insert both the forgotten and the
deleted material, e.g., by typing `I$}'.

./components__ports_8hpp_source.tex:10: Extra }, or forgotten $.
l.10 ...d6f55c98063f8971b43}{ComponentPorts}}\ \{}
                                                  
I've deleted a group-closing symbol because it seems to be
spurious, as in `$x}$'. But perhaps the } is legitimate and
you forgot something else, as in `\hbox{$x}'. In such cases
the way to recover is to insert both the forgotten and the
deleted material, e.g., by typing `I$}'.

./components__ports_8hpp_source.tex:11: Undefined control sequence.
l.11 \DoxyCodeLine
                  {00019\ \textcolor{keyword}{public}:}
The control sequence at the end of the top line
of your error message was never \def'ed. If you have
misspelled it (e.g., `\hobx'), type `I' and the correct
spelling (e.g., `I\hbox'). Otherwise just continue,
and I'll forget about whatever was undefined.

./components__ports_8hpp_source.tex:11: Undefined control sequence.
l.11 \DoxyCodeLine{00019\ \textcolor
                                    {keyword}{public}:}
The control sequence at the end of the top line
of your error message was never \def'ed. If you have
misspelled it (e.g., `\hobx'), type `I' and the correct
spelling (e.g., `I\hbox'). Otherwise just continue,
and I'll forget about whatever was undefined.

./components__ports_8hpp_source.tex:12: Undefined control sequence.
l.12 \DoxyCodeLine
                  {00020\ }
The control sequence at the end of the top line
of your error message was never \def'ed. If you have
misspelled it (e.g., `\hobx'), type `I' and the correct
spelling (e.g., `I\hbox'). Otherwise just continue,
and I'll forget about whatever was undefined.

./components__ports_8hpp_source.tex:13: Undefined control sequence.
l.13 \DoxyCodeLine
                  {00021\ \ \ \ \ \textcolor{keyword}{typedef}\ \textcolor{k...
The control sequence at the end of the top line
of your error message was never \def'ed. If you have
misspelled it (e.g., `\hobx'), type `I' and the correct
spelling (e.g., `I\hbox'). Otherwise just continue,
and I'll forget about whatever was undefined.

./components__ports_8hpp_source.tex:13: Undefined control sequence.
l.13 \DoxyCodeLine{00021\ \ \ \ \ \textcolor
                                            {keyword}{typedef}\ \textcolor{k...
The control sequence at the end of the top line
of your error message was never \def'ed. If you have
misspelled it (e.g., `\hobx'), type `I' and the correct
spelling (e.g., `I\hbox'). Otherwise just continue,
and I'll forget about whatever was undefined.

./components__ports_8hpp_source.tex:13: Undefined control sequence.
l.13 ...\ \textcolor{keyword}{typedef}\ \textcolor
                                                  {keyword}{typename}\ \mbox...
The control sequence at the end of the top line
of your error message was never \def'ed. If you have
misspelled it (e.g., `\hobx'), type `I' and the correct
spelling (e.g., `I\hbox'). Otherwise just continue,
and I'll forget about whatever was undefined.

./components__ports_8hpp_source.tex:13: Undefined control sequence.
<argument> \hyperlink 
                      {class_address_a43984d9ca6deb235ec1e394fba002b77}{Addr...
l.13 ...ca6deb235ec1e394fba002b77}{Address::Port}}
                                                  \ \mbox{\hyperlink{class_c...
The control sequence at the end of the top line
of your error message was never \def'ed. If you have
misspelled it (e.g., `\hobx'), type `I' and the correct
spelling (e.g., `I\hbox'). Otherwise just continue,
and I'll forget about whatever was undefined.

Missing character: There is no c in font nullfont!
Missing character: There is no l in font nullfont!
Missing character: There is no a in font nullfont!
Missing character: There is no s in font nullfont!
Missing character: There is no s in font nullfont!
./components__ports_8hpp_source.tex:13: Missing $ inserted.
<inserted text> 
                $
l.13 ...ca6deb235ec1e394fba002b77}{Address::Port}}
                                                  \ \mbox{\hyperlink{class_c...
I've inserted a begin-math/end-math symbol since I think
you left one out. Proceed, with fingers crossed.

./components__ports_8hpp_source.tex:13: Extra }, or forgotten $.
<argument> ...s_a43984d9ca6deb235ec1e394fba002b77}
                                                  {Address::Port}
l.13 ...ca6deb235ec1e394fba002b77}{Address::Port}}
                                                  \ \mbox{\hyperlink{class_c...
I've deleted a group-closing symbol because it seems to be
spurious, as in `$x}$'. But perhaps the } is legitimate and
you forgot something else, as in `\hbox{$x}'. In such cases
the way to recover is to insert both the forgotten and the
deleted material, e.g., by typing `I$}'.

./components__ports_8hpp_source.tex:13: Extra }, or forgotten $.
\mbox  #1->\leavevmode \hbox {#1}
                                 
l.13 ...ca6deb235ec1e394fba002b77}{Address::Port}}
                                                  \ \mbox{\hyperlink{class_c...
I've deleted a group-closing symbol because it seems to be
spurious, as in `$x}$'. But perhaps the } is legitimate and
you forgot something else, as in `\hbox{$x}'. In such cases
the way to recover is to insert both the forgotten and the
deleted material, e.g., by typing `I$}'.

./components__ports_8hpp_source.tex:13: Undefined control sequence.
<argument> \hyperlink 
                      {class_component_ports_a7b9419d97f7c6f597a65df0a0abcd0...
l.13 ..._a7b9419d97f7c6f597a65df0a0abcd0f9}{Port}}
                                                  ;\ }
The control sequence at the end of the top line
of your error message was never \def'ed. If you have
misspelled it (e.g., `\hobx'), type `I' and the correct
spelling (e.g., `I\hbox'). Otherwise just continue,
and I'll forget about whatever was undefined.

Missing character: There is no c in font nullfont!
Missing character: There is no l in font nullfont!
Missing character: There is no a in font nullfont!
Missing character: There is no s in font nullfont!
Missing character: There is no s in font nullfont!
./components__ports_8hpp_source.tex:13: Missing $ inserted.
<inserted text> 
                $
l.13 ..._a7b9419d97f7c6f597a65df0a0abcd0f9}{Port}}
                                                  ;\ }
I've inserted a begin-math/end-math symbol since I think
you left one out. Proceed, with fingers crossed.

./components__ports_8hpp_source.tex:13: Extra }, or forgotten $.
<argument> ...s_a7b9419d97f7c6f597a65df0a0abcd0f9}
                                                  {Port}
l.13 ..._a7b9419d97f7c6f597a65df0a0abcd0f9}{Port}}
                                                  ;\ }
I've deleted a group-closing symbol because it seems to be
spurious, as in `$x}$'. But perhaps the } is legitimate and
you forgot something else, as in `\hbox{$x}'. In such cases
the way to recover is to insert both the forgotten and the
deleted material, e.g., by typing `I$}'.

./components__ports_8hpp_source.tex:13: Extra }, or forgotten $.
\mbox  #1->\leavevmode \hbox {#1}
                                 
l.13 ..._a7b9419d97f7c6f597a65df0a0abcd0f9}{Port}}
                                                  ;\ }
I've deleted a group-closing symbol because it seems to be
spurious, as in `$x}$'. But perhaps the } is legitimate and
you forgot something else, as in `\hbox{$x}'. In such cases
the way to recover is to insert both the forgotten and the
deleted material, e.g., by typing `I$}'.

./components__ports_8hpp_source.tex:13: Extra }, or forgotten $.
l.13 ...9419d97f7c6f597a65df0a0abcd0f9}{Port}};\ }
                                                  
I've deleted a group-closing symbol because it seems to be
spurious, as in `$x}$'. But perhaps the } is legitimate and
you forgot something else, as in `\hbox{$x}'. In such cases
the way to recover is to insert both the forgotten and the
deleted material, e.g., by typing `I$}'.

./components__ports_8hpp_source.tex:14: Undefined control sequence.
l.14 \DoxyCodeLine
                  {00022\ }
The control sequence at the end of the top line
of your error message was never \def'ed. If you have
misspelled it (e.g., `\hobx'), type `I' and the correct
spelling (e.g., `I\hbox'). Otherwise just continue,
and I'll forget about whatever was undefined.

./components__ports_8hpp_source.tex:15: Undefined control sequence.
l.15 \DoxyCodeLine
                  {00027\ \ \ \ \ \textcolor{keyword}{enum\ class}\ \mbox{\h...
The control sequence at the end of the top line
of your error message was never \def'ed. If you have
misspelled it (e.g., `\hobx'), type `I' and the correct
spelling (e.g., `I\hbox'). Otherwise just continue,
and I'll forget about whatever was undefined.

./components__ports_8hpp_source.tex:15: Undefined control sequence.
l.15 \DoxyCodeLine{00027\ \ \ \ \ \textcolor
                                            {keyword}{enum\ class}\ \mbox{\h...
The control sequence at the end of the top line
of your error message was never \def'ed. If you have
misspelled it (e.g., `\hobx'), type `I' and the correct
spelling (e.g., `I\hbox'). Otherwise just continue,
and I'll forget about whatever was undefined.

./components__ports_8hpp_source.tex:15: Undefined control sequence.
<argument> \hyperlink 
                      {class_component_ports_a0d54b1034ab0c295f690312256cfc2...
l.15 ...ts_a0d54b1034ab0c295f690312256cfc24f}{ID}}
                                                  \ :\ \mbox{\hyperlink{clas...
The control sequence at the end of the top line
of your error message was never \def'ed. If you have
misspelled it (e.g., `\hobx'), type `I' and the correct
spelling (e.g., `I\hbox'). Otherwise just continue,
and I'll forget about whatever was undefined.

Missing character: There is no c in font nullfont!
Missing character: There is no l in font nullfont!
Missing character: There is no a in font nullfont!
Missing character: There is no s in font nullfont!
Missing character: There is no s in font nullfont!
./components__ports_8hpp_source.tex:15: Missing $ inserted.
<inserted text> 
                $
l.15 ...ts_a0d54b1034ab0c295f690312256cfc24f}{ID}}
                                                  \ :\ \mbox{\hyperlink{clas...
I've inserted a begin-math/end-math symbol since I think
you left one out. Proceed, with fingers crossed.

./components__ports_8hpp_source.tex:15: Extra }, or forgotten $.
<argument> ...s_a0d54b1034ab0c295f690312256cfc24f}
                                                  {ID}
l.15 ...ts_a0d54b1034ab0c295f690312256cfc24f}{ID}}
                                                  \ :\ \mbox{\hyperlink{clas...
I've deleted a group-closing symbol because it seems to be
spurious, as in `$x}$'. But perhaps the } is legitimate and
you forgot something else, as in `\hbox{$x}'. In such cases
the way to recover is to insert both the forgotten and the
deleted material, e.g., by typing `I$}'.

./components__ports_8hpp_source.tex:15: Extra }, or forgotten $.
\mbox  #1->\leavevmode \hbox {#1}
                                 
l.15 ...ts_a0d54b1034ab0c295f690312256cfc24f}{ID}}
                                                  \ :\ \mbox{\hyperlink{clas...
I've deleted a group-closing symbol because it seems to be
spurious, as in `$x}$'. But perhaps the } is legitimate and
you forgot something else, as in `\hbox{$x}'. In such cases
the way to recover is to insert both the forgotten and the
deleted material, e.g., by typing `I$}'.

./components__ports_8hpp_source.tex:15: Undefined control sequence.
<argument> \hyperlink 
                      {class_component_ports_a7b9419d97f7c6f597a65df0a0abcd0...
l.15 ..._a7b9419d97f7c6f597a65df0a0abcd0f9}{Port}}
                                                  \ \{}
The control sequence at the end of the top line
of your error message was never \def'ed. If you have
misspelled it (e.g., `\hobx'), type `I' and the correct
spelling (e.g., `I\hbox'). Otherwise just continue,
and I'll forget about whatever was undefined.

Missing character: There is no c in font nullfont!
Missing character: There is no l in font nullfont!
Missing character: There is no a in font nullfont!
Missing character: There is no s in font nullfont!
Missing character: There is no s in font nullfont!
./components__ports_8hpp_source.tex:15: Missing $ inserted.
<inserted text> 
                $
l.15 ..._a7b9419d97f7c6f597a65df0a0abcd0f9}{Port}}
                                                  \ \{}
I've inserted a begin-math/end-math symbol since I think
you left one out. Proceed, with fingers crossed.

./components__ports_8hpp_source.tex:15: Extra }, or forgotten $.
<argument> ...s_a7b9419d97f7c6f597a65df0a0abcd0f9}
                                                  {Port}
l.15 ..._a7b9419d97f7c6f597a65df0a0abcd0f9}{Port}}
                                                  \ \{}
I've deleted a group-closing symbol because it seems to be
spurious, as in `$x}$'. But perhaps the } is legitimate and
you forgot something else, as in `\hbox{$x}'. In such cases
the way to recover is to insert both the forgotten and the
deleted material, e.g., by typing `I$}'.

./components__ports_8hpp_source.tex:15: Extra }, or forgotten $.
\mbox  #1->\leavevmode \hbox {#1}
                                 
l.15 ..._a7b9419d97f7c6f597a65df0a0abcd0f9}{Port}}
                                                  \ \{}
I've deleted a group-closing symbol because it seems to be
spurious, as in `$x}$'. But perhaps the } is legitimate and
you forgot something else, as in `\hbox{$x}'. In such cases
the way to recover is to insert both the forgotten and the
deleted material, e.g., by typing `I$}'.

./components__ports_8hpp_source.tex:15: Extra }, or forgotten $.
l.15 ...419d97f7c6f597a65df0a0abcd0f9}{Port}}\ \{}
                                                  
I've deleted a group-closing symbol because it seems to be
spurious, as in `$x}$'. But perhaps the } is legitimate and
you forgot something else, as in `\hbox{$x}'. In such cases
the way to recover is to insert both the forgotten and the
deleted material, e.g., by typing `I$}'.

./components__ports_8hpp_source.tex:16: Undefined control sequence.
l.16 \DoxyCodeLine
                  {00028\ }
The control sequence at the end of the top line
of your error message was never \def'ed. If you have
misspelled it (e.g., `\hobx'), type `I' and the correct
spelling (e.g., `I\hbox'). Otherwise just continue,
and I'll forget about whatever was undefined.

./components__ports_8hpp_source.tex:17: Undefined control sequence.
l.17 \DoxyCodeLine
                  {00029\ \ \ \ \ \ \ \ \ \mbox{\hyperlink{class_component_p...
The control sequence at the end of the top line
of your error message was never \def'ed. If you have
misspelled it (e.g., `\hobx'), type `I' and the correct
spelling (e.g., `I\hbox'). Otherwise just continue,
and I'll forget about whatever was undefined.

./components__ports_8hpp_source.tex:17: Undefined control sequence.
<argument> \hyperlink 
                      {class_component_ports_a0d54b1034ab0c295f690312256cfc2...
l.17 ...783f99ed5d4af102a24b9552dbe}{GPS\_SENSOR}}
                                                  \ \ \ \ \ \ =\ 1001}
The control sequence at the end of the top line
of your error message was never \def'ed. If you have
misspelled it (e.g., `\hobx'), type `I' and the correct
spelling (e.g., `I\hbox'). Otherwise just continue,
and I'll forget about whatever was undefined.

Missing character: There is no c in font nullfont!
Missing character: There is no l in font nullfont!
Missing character: There is no a in font nullfont!
Missing character: There is no s in font nullfont!
Missing character: There is no s in font nullfont!
./components__ports_8hpp_source.tex:17: Missing $ inserted.
<inserted text> 
                $
l.17 ...783f99ed5d4af102a24b9552dbe}{GPS\_SENSOR}}
                                                  \ \ \ \ \ \ =\ 1001}
I've inserted a begin-math/end-math symbol since I think
you left one out. Proceed, with fingers crossed.

./components__ports_8hpp_source.tex:17: Extra }, or forgotten $.
<argument> ...4fa62a8b783f99ed5d4af102a24b9552dbe}
                                                  {GPS\_SENSOR}
l.17 ...783f99ed5d4af102a24b9552dbe}{GPS\_SENSOR}}
                                                  \ \ \ \ \ \ =\ 1001}
I've deleted a group-closing symbol because it seems to be
spurious, as in `$x}$'. But perhaps the } is legitimate and
you forgot something else, as in `\hbox{$x}'. In such cases
the way to recover is to insert both the forgotten and the
deleted material, e.g., by typing `I$}'.

./components__ports_8hpp_source.tex:17: Extra }, or forgotten $.
\mbox  #1->\leavevmode \hbox {#1}
                                 
l.17 ...783f99ed5d4af102a24b9552dbe}{GPS\_SENSOR}}
                                                  \ \ \ \ \ \ =\ 1001}
I've deleted a group-closing symbol because it seems to be
spurious, as in `$x}$'. But perhaps the } is legitimate and
you forgot something else, as in `\hbox{$x}'. In such cases
the way to recover is to insert both the forgotten and the
deleted material, e.g., by typing `I$}'.

./components__ports_8hpp_source.tex:17: Extra }, or forgotten $.
l.17 ...9552dbe}{GPS\_SENSOR}}\ \ \ \ \ \ =\ 1001}
                                                  
I've deleted a group-closing symbol because it seems to be
spurious, as in `$x}$'. But perhaps the } is legitimate and
you forgot something else, as in `\hbox{$x}'. In such cases
the way to recover is to insert both the forgotten and the
deleted material, e.g., by typing `I$}'.

./components__ports_8hpp_source.tex:18: Undefined control sequence.
l.18 \DoxyCodeLine
                  {00030\ }
The control sequence at the end of the top line
of your error message was never \def'ed. If you have
misspelled it (e.g., `\hobx'), type `I' and the correct
spelling (e.g., `I\hbox'). Otherwise just continue,
and I'll forget about whatever was undefined.

./components__ports_8hpp_source.tex:19: Undefined control sequence.
l.19 \DoxyCodeLine
                  {00031\ \ \ \ \ \};}
The control sequence at the end of the top line
of your error message was never \def'ed. If you have
misspelled it (e.g., `\hobx'), type `I' and the correct
spelling (e.g., `I\hbox'). Otherwise just continue,
and I'll forget about whatever was undefined.

./components__ports_8hpp_source.tex:20: Undefined control sequence.
l.20 \DoxyCodeLine
                  {00032\ }
The control sequence at the end of the top line
of your error message was never \def'ed. If you have
misspelled it (e.g., `\hobx'), type `I' and the correct
spelling (e.g., `I\hbox'). Otherwise just continue,
and I'll forget about whatever was undefined.

./components__ports_8hpp_source.tex:21: Undefined control sequence.
l.21 \DoxyCodeLine
                  {00033\ \textcolor{keyword}{private}:}
The control sequence at the end of the top line
of your error message was never \def'ed. If you have
misspelled it (e.g., `\hobx'), type `I' and the correct
spelling (e.g., `I\hbox'). Otherwise just continue,
and I'll forget about whatever was undefined.

./components__ports_8hpp_source.tex:21: Undefined control sequence.
l.21 \DoxyCodeLine{00033\ \textcolor
                                    {keyword}{private}:}
The control sequence at the end of the top line
of your error message was never \def'ed. If you have
misspelled it (e.g., `\hobx'), type `I' and the correct
spelling (e.g., `I\hbox'). Otherwise just continue,
and I'll forget about whatever was undefined.

./components__ports_8hpp_source.tex:22: Undefined control sequence.
l.22 \DoxyCodeLine
                  {00034\ }
The control sequence at the end of the top line
of your error message was never \def'ed. If you have
misspelled it (e.g., `\hobx'), type `I' and the correct
spelling (e.g., `I\hbox'). Otherwise just continue,
and I'll forget about whatever was undefined.

./components__ports_8hpp_source.tex:23: Undefined control sequence.
l.23 \DoxyCodeLine
                  {00035\ \ \ \ \ \textcolor{comment}{//\ shouldn't\ be\ ins...
The control sequence at the end of the top line
of your error message was never \def'ed. If you have
misspelled it (e.g., `\hobx'), type `I' and the correct
spelling (e.g., `I\hbox'). Otherwise just continue,
and I'll forget about whatever was undefined.

./components__ports_8hpp_source.tex:23: Undefined control sequence.
l.23 \DoxyCodeLine{00035\ \ \ \ \ \textcolor
                                            {comment}{//\ shouldn't\ be\ ins...
The control sequence at the end of the top line
of your error message was never \def'ed. If you have
misspelled it (e.g., `\hobx'), type `I' and the correct
spelling (e.g., `I\hbox'). Otherwise just continue,
and I'll forget about whatever was undefined.

./components__ports_8hpp_source.tex:24: Undefined control sequence.
l.24 \DoxyCodeLine
                  {00036\ \ \ \ \ \mbox{\hyperlink{class_component_ports_a0b...
The control sequence at the end of the top line
of your error message was never \def'ed. If you have
misspelled it (e.g., `\hobx'), type `I' and the correct
spelling (e.g., `I\hbox'). Otherwise just continue,
and I'll forget about whatever was undefined.

./components__ports_8hpp_source.tex:24: Undefined control sequence.
<argument> \hyperlink 
                      {class_component_ports_a0bf822b62110ed6f55c98063f8971b...
l.24 ...2110ed6f55c98063f8971b43}{ComponentPorts}}
                                                  ()\ =\ \textcolor{keyword}...
The control sequence at the end of the top line
of your error message was never \def'ed. If you have
misspelled it (e.g., `\hobx'), type `I' and the correct
spelling (e.g., `I\hbox'). Otherwise just continue,
and I'll forget about whatever was undefined.

Missing character: There is no c in font nullfont!
Missing character: There is no l in font nullfont!
Missing character: There is no a in font nullfont!
Missing character: There is no s in font nullfont!
Missing character: There is no s in font nullfont!
./components__ports_8hpp_source.tex:24: Missing $ inserted.
<inserted text> 
                $
l.24 ...2110ed6f55c98063f8971b43}{ComponentPorts}}
                                                  ()\ =\ \textcolor{keyword}...
I've inserted a begin-math/end-math symbol since I think
you left one out. Proceed, with fingers crossed.

./components__ports_8hpp_source.tex:24: Extra }, or forgotten $.
<argument> ...s_a0bf822b62110ed6f55c98063f8971b43}
                                                  {ComponentPorts}
l.24 ...2110ed6f55c98063f8971b43}{ComponentPorts}}
                                                  ()\ =\ \textcolor{keyword}...
I've deleted a group-closing symbol because it seems to be
spurious, as in `$x}$'. But perhaps the } is legitimate and
you forgot something else, as in `\hbox{$x}'. In such cases
the way to recover is to insert both the forgotten and the
deleted material, e.g., by typing `I$}'.

./components__ports_8hpp_source.tex:24: Extra }, or forgotten $.
\mbox  #1->\leavevmode \hbox {#1}
                                 
l.24 ...2110ed6f55c98063f8971b43}{ComponentPorts}}
                                                  ()\ =\ \textcolor{keyword}...
I've deleted a group-closing symbol because it seems to be
spurious, as in `$x}$'. But perhaps the } is legitimate and
you forgot something else, as in `\hbox{$x}'. In such cases
the way to recover is to insert both the forgotten and the
deleted material, e.g., by typing `I$}'.

./components__ports_8hpp_source.tex:24: Undefined control sequence.
l.24 ...8971b43}{ComponentPorts}}()\ =\ \textcolor
                                                  {keyword}{delete};}
The control sequence at the end of the top line
of your error message was never \def'ed. If you have
misspelled it (e.g., `\hobx'), type `I' and the correct
spelling (e.g., `I\hbox'). Otherwise just continue,
and I'll forget about whatever was undefined.

./components__ports_8hpp_source.tex:24: Extra }, or forgotten $.
l.24 ...orts}}()\ =\ \textcolor{keyword}{delete};}
                                                  
I've deleted a group-closing symbol because it seems to be
spurious, as in `$x}$'. But perhaps the } is legitimate and
you forgot something else, as in `\hbox{$x}'. In such cases
the way to recover is to insert both the forgotten and the
deleted material, e.g., by typing `I$}'.

./components__ports_8hpp_source.tex:25: Undefined control sequence.
l.25 \DoxyCodeLine
                  {00037\ \};}
The control sequence at the end of the top line
of your error message was never \def'ed. If you have
misspelled it (e.g., `\hobx'), type `I' and the correct
spelling (e.g., `I\hbox'). Otherwise just continue,
and I'll forget about whatever was undefined.

./components__ports_8hpp_source.tex:26: Undefined control sequence.
l.26 \DoxyCodeLine
                  {00038\ }
The control sequence at the end of the top line
of your error message was never \def'ed. If you have
misspelled it (e.g., `\hobx'), type `I' and the correct
spelling (e.g., `I\hbox'). Otherwise just continue,
and I'll forget about whatever was undefined.

./components__ports_8hpp_source.tex:27: Undefined control sequence.
l.27 \DoxyCodeLine
                  {00039\ \textcolor{preprocessor}{\#endif\ }\textcolor{comm...
The control sequence at the end of the top line
of your error message was never \def'ed. If you have
misspelled it (e.g., `\hobx'), type `I' and the correct
spelling (e.g., `I\hbox'). Otherwise just continue,
and I'll forget about whatever was undefined.

./components__ports_8hpp_source.tex:27: Undefined control sequence.
l.27 \DoxyCodeLine{00039\ \textcolor
                                    {preprocessor}{\#endif\ }\textcolor{comm...
The control sequence at the end of the top line
of your error message was never \def'ed. If you have
misspelled it (e.g., `\hobx'), type `I' and the correct
spelling (e.g., `I\hbox'). Otherwise just continue,
and I'll forget about whatever was undefined.

./components__ports_8hpp_source.tex:27: Undefined control sequence.
l.27 ...xtcolor{preprocessor}{\#endif\ }\textcolor
                                                  {comment}{//\ COMPONENT\_P...
The control sequence at the end of the top line
of your error message was never \def'ed. If you have
misspelled it (e.g., `\hobx'), type `I' and the correct
spelling (e.g., `I\hbox'). Otherwise just continue,
and I'll forget about whatever was undefined.

./components__ports_8hpp_source.tex:28: Missing $ inserted.
<inserted text> 
                $
l.28 
     
I've inserted a begin-math/end-math symbol since I think
you left one out. Proceed, with fingers crossed.


./components__ports_8hpp_source.tex:29: LaTeX Error: \begin{document} ended by \end{DoxyCode}.

See the LaTeX manual or LaTeX Companion for explanation.
Type  H <return>  for immediate help.
 ...                                              
                                                  
l.29 \end{DoxyCode}
                   
Your command was ignored.
Type  I <command> <return>  to replace it with another command,
or  <return>  to continue without it.

./components__ports_8hpp_source.tex:29: Missing } inserted.
<inserted text> 
                }
l.29 \end{DoxyCode}
                   
I've inserted something that you may have forgotten.
(See the <inserted text> above.)
With luck, this will get me unwedged. But if you
really didn't forget anything, try typing `2' now; then
my insertion and my current dilemma will both disappear.

./components__ports_8hpp_source.tex:29: Missing } inserted.
<inserted text> 
                }
l.29 \end{DoxyCode}
                   
I've inserted something that you may have forgotten.
(See the <inserted text> above.)
With luck, this will get me unwedged. But if you
really didn't forget anything, try typing `2' now; then
my insertion and my current dilemma will both disappear.

./components__ports_8hpp_source.tex:29: Missing } inserted.
<inserted text> 
                }
l.29 \end{DoxyCode}
                   
I've inserted something that you may have forgotten.
(See the <inserted text> above.)
With luck, this will get me unwedged. But if you
really didn't forget anything, try typing `2' now; then
my insertion and my current dilemma will both disappear.

./components__ports_8hpp_source.tex:29: Missing $ inserted.
<inserted text> 
                $
l.29 \end{DoxyCode}
                   
I've inserted something that you may have forgotten.
(See the <inserted text> above.)
With luck, this will get me unwedged. But if you
really didn't forget anything, try typing `2' now; then
my insertion and my current dilemma will both disappear.

./components__ports_8hpp_source.tex:29: Missing } inserted.
<inserted text> 
                }
l.29 \end{DoxyCode}
                   
I've inserted something that you may have forgotten.
(See the <inserted text> above.)
With luck, this will get me unwedged. But if you
really didn't forget anything, try typing `2' now; then
my insertion and my current dilemma will both disappear.

./components__ports_8hpp_source.tex:29: Missing } inserted.
<inserted text> 
                }
l.29 \end{DoxyCode}
                   
I've inserted something that you may have forgotten.
(See the <inserted text> above.)
With luck, this will get me unwedged. But if you
really didn't forget anything, try typing `2' now; then
my insertion and my current dilemma will both disappear.

./components__ports_8hpp_source.tex:29: Missing } inserted.
<inserted text> 
                }
l.29 \end{DoxyCode}
                   
I've inserted something that you may have forgotten.
(See the <inserted text> above.)
With luck, this will get me unwedged. But if you
really didn't forget anything, try typing `2' now; then
my insertion and my current dilemma will both disappear.

./components__ports_8hpp_source.tex:29: Missing $ inserted.
<inserted text> 
                $
l.29 \end{DoxyCode}
                   
I've inserted something that you may have forgotten.
(See the <inserted text> above.)
With luck, this will get me unwedged. But if you
really didn't forget anything, try typing `2' now; then
my insertion and my current dilemma will both disappear.

./components__ports_8hpp_source.tex:29: Missing } inserted.
<inserted text> 
                }
l.29 \end{DoxyCode}
                   
I've inserted something that you may have forgotten.
(See the <inserted text> above.)
With luck, this will get me unwedged. But if you
really didn't forget anything, try typing `2' now; then
my insertion and my current dilemma will both disappear.

./components__ports_8hpp_source.tex:29: Missing } inserted.
<inserted text> 
                }
l.29 \end{DoxyCode}
                   
I've inserted something that you may have forgotten.
(See the <inserted text> above.)
With luck, this will get me unwedged. But if you
really didn't forget anything, try typing `2' now; then
my insertion and my current dilemma will both disappear.

./components__ports_8hpp_source.tex:29: Missing $ inserted.
<inserted text> 
                $
l.29 \end{DoxyCode}
                   
(That makes 100 errors; please try again.) 
Here is how much of TeX's memory you used:
 21 strings out of 469269
 555 string characters out of 5467112
 434984 words of memory out of 5000000
 28553 multiletter control sequences out of 15000+600000
 626825 words of font info for 40 fonts, out of 8000000 for 9000
 319 hyphenation exceptions out of 8191
 18i,31n,19p,293b,207s stack positions out of 10000i,1000n,20000p,200000b,200000s

./components__ports_8hpp_source.tex:29:  ==> Fatal error occurred, no output PDF file produced!
