This is pdfTeX, Version 3.141592653-2.6-1.40.28 (TeX Live 2025) (preloaded format=pdflatex 2025.9.24)  27 SEP 2025 18:54
entering extended mode
 \write18 enabled.
 file:line:error style messages enabled.
 %&-line parsing enabled.
**concurrent__observed_8h_source.tex
(./concurrent__observed_8h_source.tex
LaTeX2e <2025-06-01> patch level 1
L3 programming layer <2025-09-02>
./concurrent__observed_8h_source.tex:1: Undefined control sequence.
l.1 \doxysection
                {concurrent\+\_\+observed.\+h}
The control sequence at the end of the top line
of your error message was never \def'ed. If you have
misspelled it (e.g., `\hobx'), type `I' and the correct
spelling (e.g., `I\hbox'). Otherwise just continue,
and I'll forget about whatever was undefined.


./concurrent__observed_8h_source.tex:1: LaTeX Error: Missing \begin{document}.

See the LaTeX manual or LaTeX Companion for explanation.
Type  H <return>  for immediate help.
 ...                                              
                                                  
l.1 \doxysection{c
                  oncurrent\+\_\+observed.\+h}
You're in trouble here.  Try typing  <return>  to proceed.
If that doesn't work, type  X <return>  to quit.

Missing character: There is no c in font nullfont!
Missing character: There is no o in font nullfont!
Missing character: There is no n in font nullfont!
Missing character: There is no c in font nullfont!
Missing character: There is no u in font nullfont!
Missing character: There is no r in font nullfont!
Missing character: There is no r in font nullfont!
Missing character: There is no e in font nullfont!
Missing character: There is no n in font nullfont!
Missing character: There is no t in font nullfont!
./concurrent__observed_8h_source.tex:1: Undefined control sequence.
l.1 \doxysection{concurrent\+
                             \_\+observed.\+h}
The control sequence at the end of the top line
of your error message was never \def'ed. If you have
misspelled it (e.g., `\hobx'), type `I' and the correct
spelling (e.g., `I\hbox'). Otherwise just continue,
and I'll forget about whatever was undefined.

./concurrent__observed_8h_source.tex:1: Undefined control sequence.
l.1 \doxysection{concurrent\+\_\+
                                 observed.\+h}
The control sequence at the end of the top line
of your error message was never \def'ed. If you have
misspelled it (e.g., `\hobx'), type `I' and the correct
spelling (e.g., `I\hbox'). Otherwise just continue,
and I'll forget about whatever was undefined.

Missing character: There is no o in font nullfont!
Missing character: There is no b in font nullfont!
Missing character: There is no s in font nullfont!
Missing character: There is no e in font nullfont!
Missing character: There is no r in font nullfont!
Missing character: There is no v in font nullfont!
Missing character: There is no e in font nullfont!
Missing character: There is no d in font nullfont!
Missing character: There is no . in font nullfont!
./concurrent__observed_8h_source.tex:1: Undefined control sequence.
l.1 \doxysection{concurrent\+\_\+observed.\+
                                            h}
The control sequence at the end of the top line
of your error message was never \def'ed. If you have
misspelled it (e.g., `\hobx'), type `I' and the correct
spelling (e.g., `I\hbox'). Otherwise just continue,
and I'll forget about whatever was undefined.

Missing character: There is no h in font nullfont!
./concurrent__observed_8h_source.tex:2: Undefined control sequence.
l.2 \hypertarget
                {concurrent__observed_8h_source}{}\label{concurrent__observe...
The control sequence at the end of the top line
of your error message was never \def'ed. If you have
misspelled it (e.g., `\hobx'), type `I' and the correct
spelling (e.g., `I\hbox'). Otherwise just continue,
and I'll forget about whatever was undefined.

Missing character: There is no c in font nullfont!
Missing character: There is no o in font nullfont!
Missing character: There is no n in font nullfont!
Missing character: There is no c in font nullfont!
Missing character: There is no u in font nullfont!
Missing character: There is no r in font nullfont!
Missing character: There is no r in font nullfont!
Missing character: There is no e in font nullfont!
Missing character: There is no n in font nullfont!
Missing character: There is no t in font nullfont!
./concurrent__observed_8h_source.tex:2: Missing $ inserted.
<inserted text> 
                $
l.2 \hypertarget{concurrent_
                            _observed_8h_source}{}\label{concurrent__observe...
I've inserted a begin-math/end-math symbol since I think
you left one out. Proceed, with fingers crossed.

LaTeX Font Info:    External font `cmex10' loaded for size
(Font)              <7> on input line 2.
LaTeX Font Info:    External font `cmex10' loaded for size
(Font)              <5> on input line 2.
./concurrent__observed_8h_source.tex:2: Missing { inserted.
<to be read again> 
                   _
l.2 \hypertarget{concurrent__
                             observed_8h_source}{}\label{concurrent__observe...
A left brace was mandatory here, so I've put one in.
You might want to delete and/or insert some corrections
so that I will find a matching right brace soon.
(If you're confused by all this, try typing `I}' now.)

./concurrent__observed_8h_source.tex:3: Undefined control sequence.
<argument> \hyperlink 
                      {concurrent__observed_8h}{Go to the documentation of t...
l.3 ...8h}{Go to the documentation of this file.}}
                                                  
The control sequence at the end of the top line
of your error message was never \def'ed. If you have
misspelled it (e.g., `\hobx'), type `I' and the correct
spelling (e.g., `I\hbox'). Otherwise just continue,
and I'll forget about whatever was undefined.

Missing character: There is no c in font nullfont!
Missing character: There is no o in font nullfont!
Missing character: There is no n in font nullfont!
Missing character: There is no c in font nullfont!
Missing character: There is no u in font nullfont!
Missing character: There is no r in font nullfont!
Missing character: There is no r in font nullfont!
Missing character: There is no e in font nullfont!
Missing character: There is no n in font nullfont!
Missing character: There is no t in font nullfont!
./concurrent__observed_8h_source.tex:3: Missing $ inserted.
<inserted text> 
                $
l.3 ...8h}{Go to the documentation of this file.}}
                                                  
I've inserted a begin-math/end-math symbol since I think
you left one out. Proceed, with fingers crossed.

./concurrent__observed_8h_source.tex:3: Missing { inserted.
<to be read again> 
                   _
l.3 ...8h}{Go to the documentation of this file.}}
                                                  
A left brace was mandatory here, so I've put one in.
You might want to delete and/or insert some corrections
so that I will find a matching right brace soon.
(If you're confused by all this, try typing `I}' now.)

./concurrent__observed_8h_source.tex:3: Extra }, or forgotten $.
\mbox  #1->\leavevmode \hbox {#1}
                                 
l.3 ...8h}{Go to the documentation of this file.}}
                                                  
I've deleted a group-closing symbol because it seems to be
spurious, as in `$x}$'. But perhaps the } is legitimate and
you forgot something else, as in `\hbox{$x}'. In such cases
the way to recover is to insert both the forgotten and the
deleted material, e.g., by typing `I$}'.


./concurrent__observed_8h_source.tex:4: LaTeX Error: Environment DoxyCode undefined.

See the LaTeX manual or LaTeX Companion for explanation.
Type  H <return>  for immediate help.
 ...                                              
                                                  
l.4 \begin{DoxyCode}
                    {0}
Your command was ignored.
Type  I <command> <return>  to replace it with another command,
or  <return>  to continue without it.

./concurrent__observed_8h_source.tex:5: Undefined control sequence.
l.5 \DoxyCodeLine
                 {00001\ \textcolor{preprocessor}{\#ifndef\ CONCURRENT\_OBSE...
The control sequence at the end of the top line
of your error message was never \def'ed. If you have
misspelled it (e.g., `\hobx'), type `I' and the correct
spelling (e.g., `I\hbox'). Otherwise just continue,
and I'll forget about whatever was undefined.

./concurrent__observed_8h_source.tex:5: Undefined control sequence.
l.5 \DoxyCodeLine{00001\ \textcolor
                                   {preprocessor}{\#ifndef\ CONCURRENT\_OBSE...
The control sequence at the end of the top line
of your error message was never \def'ed. If you have
misspelled it (e.g., `\hobx'), type `I' and the correct
spelling (e.g., `I\hbox'). Otherwise just continue,
and I'll forget about whatever was undefined.

./concurrent__observed_8h_source.tex:6: Undefined control sequence.
l.6 \DoxyCodeLine
                 {00002\ \textcolor{preprocessor}{\#define\ CONCURRENT\_OBSE...
The control sequence at the end of the top line
of your error message was never \def'ed. If you have
misspelled it (e.g., `\hobx'), type `I' and the correct
spelling (e.g., `I\hbox'). Otherwise just continue,
and I'll forget about whatever was undefined.

./concurrent__observed_8h_source.tex:6: Undefined control sequence.
l.6 \DoxyCodeLine{00002\ \textcolor
                                   {preprocessor}{\#define\ CONCURRENT\_OBSE...
The control sequence at the end of the top line
of your error message was never \def'ed. If you have
misspelled it (e.g., `\hobx'), type `I' and the correct
spelling (e.g., `I\hbox'). Otherwise just continue,
and I'll forget about whatever was undefined.

./concurrent__observed_8h_source.tex:7: Undefined control sequence.
l.7 \DoxyCodeLine
                 {00003\ }
The control sequence at the end of the top line
of your error message was never \def'ed. If you have
misspelled it (e.g., `\hobx'), type `I' and the correct
spelling (e.g., `I\hbox'). Otherwise just continue,
and I'll forget about whatever was undefined.

./concurrent__observed_8h_source.tex:8: Undefined control sequence.
l.8 \DoxyCodeLine
                 {00004\ \textcolor{preprocessor}{\#include\ <list>}\ \ \ \ ...
The control sequence at the end of the top line
of your error message was never \def'ed. If you have
misspelled it (e.g., `\hobx'), type `I' and the correct
spelling (e.g., `I\hbox'). Otherwise just continue,
and I'll forget about whatever was undefined.

./concurrent__observed_8h_source.tex:8: Undefined control sequence.
l.8 \DoxyCodeLine{00004\ \textcolor
                                   {preprocessor}{\#include\ <list>}\ \ \ \ ...
The control sequence at the end of the top line
of your error message was never \def'ed. If you have
misspelled it (e.g., `\hobx'), type `I' and the correct
spelling (e.g., `I\hbox'). Otherwise just continue,
and I'll forget about whatever was undefined.

./concurrent__observed_8h_source.tex:8: Undefined control sequence.
l.8 ...{\#include\ <list>}\ \ \ \ \ \ \ \textcolor
                                                  {comment}{//\ For\ std::li...
The control sequence at the end of the top line
of your error message was never \def'ed. If you have
misspelled it (e.g., `\hobx'), type `I' and the correct
spelling (e.g., `I\hbox'). Otherwise just continue,
and I'll forget about whatever was undefined.

./concurrent__observed_8h_source.tex:9: Undefined control sequence.
l.9 \DoxyCodeLine
                 {00005\ \textcolor{preprocessor}{\#include\ <algorithm>}\ \...
The control sequence at the end of the top line
of your error message was never \def'ed. If you have
misspelled it (e.g., `\hobx'), type `I' and the correct
spelling (e.g., `I\hbox'). Otherwise just continue,
and I'll forget about whatever was undefined.

./concurrent__observed_8h_source.tex:9: Undefined control sequence.
l.9 \DoxyCodeLine{00005\ \textcolor
                                   {preprocessor}{\#include\ <algorithm>}\ \...
The control sequence at the end of the top line
of your error message was never \def'ed. If you have
misspelled it (e.g., `\hobx'), type `I' and the correct
spelling (e.g., `I\hbox'). Otherwise just continue,
and I'll forget about whatever was undefined.

./concurrent__observed_8h_source.tex:9: Undefined control sequence.
l.9 ...ssor}{\#include\ <algorithm>}\ \ \textcolor
                                                  {comment}{//\ For\ std::fi...
The control sequence at the end of the top line
of your error message was never \def'ed. If you have
misspelled it (e.g., `\hobx'), type `I' and the correct
spelling (e.g., `I\hbox'). Otherwise just continue,
and I'll forget about whatever was undefined.

./concurrent__observed_8h_source.tex:10: Undefined control sequence.
l.10 \DoxyCodeLine
                  {00006\ }
The control sequence at the end of the top line
of your error message was never \def'ed. If you have
misspelled it (e.g., `\hobx'), type `I' and the correct
spelling (e.g., `I\hbox'). Otherwise just continue,
and I'll forget about whatever was undefined.

./concurrent__observed_8h_source.tex:11: Undefined control sequence.
l.11 \DoxyCodeLine
                  {00007\ \textcolor{comment}{//\ Forward-\/declare\ the\ Co...
The control sequence at the end of the top line
of your error message was never \def'ed. If you have
misspelled it (e.g., `\hobx'), type `I' and the correct
spelling (e.g., `I\hbox'). Otherwise just continue,
and I'll forget about whatever was undefined.

./concurrent__observed_8h_source.tex:11: Undefined control sequence.
l.11 \DoxyCodeLine{00007\ \textcolor
                                    {comment}{//\ Forward-\/declare\ the\ Co...
The control sequence at the end of the top line
of your error message was never \def'ed. If you have
misspelled it (e.g., `\hobx'), type `I' and the correct
spelling (e.g., `I\hbox'). Otherwise just continue,
and I'll forget about whatever was undefined.

./concurrent__observed_8h_source.tex:12: Undefined control sequence.
l.12 \DoxyCodeLine
                  {00008\ \textcolor{keyword}{template}<\textcolor{keyword}{...
The control sequence at the end of the top line
of your error message was never \def'ed. If you have
misspelled it (e.g., `\hobx'), type `I' and the correct
spelling (e.g., `I\hbox'). Otherwise just continue,
and I'll forget about whatever was undefined.

./concurrent__observed_8h_source.tex:12: Undefined control sequence.
l.12 \DoxyCodeLine{00008\ \textcolor
                                    {keyword}{template}<\textcolor{keyword}{...
The control sequence at the end of the top line
of your error message was never \def'ed. If you have
misspelled it (e.g., `\hobx'), type `I' and the correct
spelling (e.g., `I\hbox'). Otherwise just continue,
and I'll forget about whatever was undefined.

./concurrent__observed_8h_source.tex:12: Undefined control sequence.
l.12 ...\ \textcolor{keyword}{template}<\textcolor
                                                  {keyword}{typename}\ D,\ \...
The control sequence at the end of the top line
of your error message was never \def'ed. If you have
misspelled it (e.g., `\hobx'), type `I' and the correct
spelling (e.g., `I\hbox'). Otherwise just continue,
and I'll forget about whatever was undefined.

./concurrent__observed_8h_source.tex:12: Undefined control sequence.
l.12 ...xtcolor{keyword}{typename}\ D,\ \textcolor
                                                  {keyword}{typename}\ C>}
The control sequence at the end of the top line
of your error message was never \def'ed. If you have
misspelled it (e.g., `\hobx'), type `I' and the correct
spelling (e.g., `I\hbox'). Otherwise just continue,
and I'll forget about whatever was undefined.

./concurrent__observed_8h_source.tex:13: Undefined control sequence.
l.13 \DoxyCodeLine
                  {00009\ \textcolor{keyword}{class\ }\mbox{\hyperlink{class...
The control sequence at the end of the top line
of your error message was never \def'ed. If you have
misspelled it (e.g., `\hobx'), type `I' and the correct
spelling (e.g., `I\hbox'). Otherwise just continue,
and I'll forget about whatever was undefined.

./concurrent__observed_8h_source.tex:13: Undefined control sequence.
l.13 \DoxyCodeLine{00009\ \textcolor
                                    {keyword}{class\ }\mbox{\hyperlink{class...
The control sequence at the end of the top line
of your error message was never \def'ed. If you have
misspelled it (e.g., `\hobx'), type `I' and the correct
spelling (e.g., `I\hbox'). Otherwise just continue,
and I'll forget about whatever was undefined.

./concurrent__observed_8h_source.tex:13: Undefined control sequence.
<argument> \hyperlink 
                      {class_concurrent___observer}{Concurrent\_Observer}
l.13 ...current___observer}{Concurrent\_Observer}}
                                                  ;}
The control sequence at the end of the top line
of your error message was never \def'ed. If you have
misspelled it (e.g., `\hobx'), type `I' and the correct
spelling (e.g., `I\hbox'). Otherwise just continue,
and I'll forget about whatever was undefined.

Missing character: There is no c in font nullfont!
Missing character: There is no l in font nullfont!
Missing character: There is no a in font nullfont!
Missing character: There is no s in font nullfont!
Missing character: There is no s in font nullfont!
./concurrent__observed_8h_source.tex:13: Missing $ inserted.
<inserted text> 
                $
l.13 ...current___observer}{Concurrent\_Observer}}
                                                  ;}
I've inserted a begin-math/end-math symbol since I think
you left one out. Proceed, with fingers crossed.

./concurrent__observed_8h_source.tex:13: Missing { inserted.
<to be read again> 
                   _
l.13 ...current___observer}{Concurrent\_Observer}}
                                                  ;}
A left brace was mandatory here, so I've put one in.
You might want to delete and/or insert some corrections
so that I will find a matching right brace soon.
(If you're confused by all this, try typing `I}' now.)

./concurrent__observed_8h_source.tex:13: Missing { inserted.
<to be read again> 
                   _
l.13 ...current___observer}{Concurrent\_Observer}}
                                                  ;}
A left brace was mandatory here, so I've put one in.
You might want to delete and/or insert some corrections
so that I will find a matching right brace soon.
(If you're confused by all this, try typing `I}' now.)

./concurrent__observed_8h_source.tex:13: Extra }, or forgotten $.
l.13 ...rrent___observer}{Concurrent\_Observer}};}
                                                  
I've deleted a group-closing symbol because it seems to be
spurious, as in `$x}$'. But perhaps the } is legitimate and
you forgot something else, as in `\hbox{$x}'. In such cases
the way to recover is to insert both the forgotten and the
deleted material, e.g., by typing `I$}'.

./concurrent__observed_8h_source.tex:14: Undefined control sequence.
l.14 \DoxyCodeLine
                  {00010\ }
The control sequence at the end of the top line
of your error message was never \def'ed. If you have
misspelled it (e.g., `\hobx'), type `I' and the correct
spelling (e.g., `I\hbox'). Otherwise just continue,
and I'll forget about whatever was undefined.

./concurrent__observed_8h_source.tex:15: Undefined control sequence.
l.15 \DoxyCodeLine
                  {00016\ \textcolor{keyword}{template}<\textcolor{keyword}{...
The control sequence at the end of the top line
of your error message was never \def'ed. If you have
misspelled it (e.g., `\hobx'), type `I' and the correct
spelling (e.g., `I\hbox'). Otherwise just continue,
and I'll forget about whatever was undefined.

./concurrent__observed_8h_source.tex:15: Undefined control sequence.
l.15 \DoxyCodeLine{00016\ \textcolor
                                    {keyword}{template}<\textcolor{keyword}{...
The control sequence at the end of the top line
of your error message was never \def'ed. If you have
misspelled it (e.g., `\hobx'), type `I' and the correct
spelling (e.g., `I\hbox'). Otherwise just continue,
and I'll forget about whatever was undefined.

./concurrent__observed_8h_source.tex:15: Undefined control sequence.
l.15 ...\ \textcolor{keyword}{template}<\textcolor
                                                  {keyword}{typename}\ D,\ \...
The control sequence at the end of the top line
of your error message was never \def'ed. If you have
misspelled it (e.g., `\hobx'), type `I' and the correct
spelling (e.g., `I\hbox'). Otherwise just continue,
and I'll forget about whatever was undefined.

./concurrent__observed_8h_source.tex:15: Undefined control sequence.
l.15 ...xtcolor{keyword}{typename}\ D,\ \textcolor
                                                  {keyword}{typename}\ C\ =\...
The control sequence at the end of the top line
of your error message was never \def'ed. If you have
misspelled it (e.g., `\hobx'), type `I' and the correct
spelling (e.g., `I\hbox'). Otherwise just continue,
and I'll forget about whatever was undefined.

./concurrent__observed_8h_source.tex:15: Undefined control sequence.
l.15 ...color{keyword}{typename}\ C\ =\ \textcolor
                                                  {keywordtype}{void}>}
The control sequence at the end of the top line
of your error message was never \def'ed. If you have
misspelled it (e.g., `\hobx'), type `I' and the correct
spelling (e.g., `I\hbox'). Otherwise just continue,
and I'll forget about whatever was undefined.

./concurrent__observed_8h_source.tex:16: Undefined control sequence.
l.16 \DoxyCodeLine
                  {00017\ \textcolor{keyword}{class\ }\mbox{\hyperlink{class...
The control sequence at the end of the top line
of your error message was never \def'ed. If you have
misspelled it (e.g., `\hobx'), type `I' and the correct
spelling (e.g., `I\hbox'). Otherwise just continue,
and I'll forget about whatever was undefined.

./concurrent__observed_8h_source.tex:16: Undefined control sequence.
l.16 \DoxyCodeLine{00017\ \textcolor
                                    {keyword}{class\ }\mbox{\hyperlink{class...
The control sequence at the end of the top line
of your error message was never \def'ed. If you have
misspelled it (e.g., `\hobx'), type `I' and the correct
spelling (e.g., `I\hbox'). Otherwise just continue,
and I'll forget about whatever was undefined.

./concurrent__observed_8h_source.tex:16: Undefined control sequence.
<argument> \hyperlink 
                      {class_concurrent___observed_a99f79f3adb48a202178ffc3e...
l.16 ...02178ffc3e1960564a}{Concurrent\_Observed}}
                                                  }
The control sequence at the end of the top line
of your error message was never \def'ed. If you have
misspelled it (e.g., `\hobx'), type `I' and the correct
spelling (e.g., `I\hbox'). Otherwise just continue,
and I'll forget about whatever was undefined.

Missing character: There is no c in font nullfont!
Missing character: There is no l in font nullfont!
Missing character: There is no a in font nullfont!
Missing character: There is no s in font nullfont!
Missing character: There is no s in font nullfont!
./concurrent__observed_8h_source.tex:16: Missing $ inserted.
<inserted text> 
                $
l.16 ...02178ffc3e1960564a}{Concurrent\_Observed}}
                                                  }
I've inserted a begin-math/end-math symbol since I think
you left one out. Proceed, with fingers crossed.

./concurrent__observed_8h_source.tex:16: Missing { inserted.
<to be read again> 
                   _
l.16 ...02178ffc3e1960564a}{Concurrent\_Observed}}
                                                  }
A left brace was mandatory here, so I've put one in.
You might want to delete and/or insert some corrections
so that I will find a matching right brace soon.
(If you're confused by all this, try typing `I}' now.)

./concurrent__observed_8h_source.tex:16: Missing { inserted.
<to be read again> 
                   _
l.16 ...02178ffc3e1960564a}{Concurrent\_Observed}}
                                                  }
A left brace was mandatory here, so I've put one in.
You might want to delete and/or insert some corrections
so that I will find a matching right brace soon.
(If you're confused by all this, try typing `I}' now.)

./concurrent__observed_8h_source.tex:16: Extra }, or forgotten $.
l.16 ...2178ffc3e1960564a}{Concurrent\_Observed}}}
                                                  
I've deleted a group-closing symbol because it seems to be
spurious, as in `$x}$'. But perhaps the } is legitimate and
you forgot something else, as in `\hbox{$x}'. In such cases
the way to recover is to insert both the forgotten and the
deleted material, e.g., by typing `I$}'.

./concurrent__observed_8h_source.tex:17: Undefined control sequence.
l.17 \DoxyCodeLine
                  {00018\ \{}
The control sequence at the end of the top line
of your error message was never \def'ed. If you have
misspelled it (e.g., `\hobx'), type `I' and the correct
spelling (e.g., `I\hbox'). Otherwise just continue,
and I'll forget about whatever was undefined.

./concurrent__observed_8h_source.tex:18: Undefined control sequence.
l.18 \DoxyCodeLine
                  {00019\ \textcolor{keyword}{public}:}
The control sequence at the end of the top line
of your error message was never \def'ed. If you have
misspelled it (e.g., `\hobx'), type `I' and the correct
spelling (e.g., `I\hbox'). Otherwise just continue,
and I'll forget about whatever was undefined.

./concurrent__observed_8h_source.tex:18: Undefined control sequence.
l.18 \DoxyCodeLine{00019\ \textcolor
                                    {keyword}{public}:}
The control sequence at the end of the top line
of your error message was never \def'ed. If you have
misspelled it (e.g., `\hobx'), type `I' and the correct
spelling (e.g., `I\hbox'). Otherwise just continue,
and I'll forget about whatever was undefined.

./concurrent__observed_8h_source.tex:19: Undefined control sequence.
l.19 \DoxyCodeLine
                  {00020\ \ \ \ \ \textcolor{keyword}{using\ }\mbox{\hyperli...
The control sequence at the end of the top line
of your error message was never \def'ed. If you have
misspelled it (e.g., `\hobx'), type `I' and the correct
spelling (e.g., `I\hbox'). Otherwise just continue,
and I'll forget about whatever was undefined.

./concurrent__observed_8h_source.tex:19: Undefined control sequence.
l.19 \DoxyCodeLine{00020\ \ \ \ \ \textcolor
                                            {keyword}{using\ }\mbox{\hyperli...
The control sequence at the end of the top line
of your error message was never \def'ed. If you have
misspelled it (e.g., `\hobx'), type `I' and the correct
spelling (e.g., `I\hbox'). Otherwise just continue,
and I'll forget about whatever was undefined.

./concurrent__observed_8h_source.tex:19: Undefined control sequence.
<argument> \hyperlink 
                      {class_concurrent___observed_a3e67e5712c075eb1ef520185...
l.19 ...2c075eb1ef52018502e26e86}{Observer\_Type}}
                                                  \ =\ \mbox{\hyperlink{clas...
The control sequence at the end of the top line
of your error message was never \def'ed. If you have
misspelled it (e.g., `\hobx'), type `I' and the correct
spelling (e.g., `I\hbox'). Otherwise just continue,
and I'll forget about whatever was undefined.

Missing character: There is no c in font nullfont!
Missing character: There is no l in font nullfont!
Missing character: There is no a in font nullfont!
Missing character: There is no s in font nullfont!
Missing character: There is no s in font nullfont!
./concurrent__observed_8h_source.tex:19: Missing $ inserted.
<inserted text> 
                $
l.19 ...2c075eb1ef52018502e26e86}{Observer\_Type}}
                                                  \ =\ \mbox{\hyperlink{clas...
I've inserted a begin-math/end-math symbol since I think
you left one out. Proceed, with fingers crossed.

./concurrent__observed_8h_source.tex:19: Missing { inserted.
<to be read again> 
                   _
l.19 ...2c075eb1ef52018502e26e86}{Observer\_Type}}
                                                  \ =\ \mbox{\hyperlink{clas...
A left brace was mandatory here, so I've put one in.
You might want to delete and/or insert some corrections
so that I will find a matching right brace soon.
(If you're confused by all this, try typing `I}' now.)

./concurrent__observed_8h_source.tex:19: Missing { inserted.
<to be read again> 
                   _
l.19 ...2c075eb1ef52018502e26e86}{Observer\_Type}}
                                                  \ =\ \mbox{\hyperlink{clas...
A left brace was mandatory here, so I've put one in.
You might want to delete and/or insert some corrections
so that I will find a matching right brace soon.
(If you're confused by all this, try typing `I}' now.)

./concurrent__observed_8h_source.tex:19: Undefined control sequence.
<argument> \hyperlink 
                      {class_concurrent___observer}{Concurrent\_Observer<D,\...
l.19 ...___observer}{Concurrent\_Observer<D,\ C>}}
                                                  ;}
The control sequence at the end of the top line
of your error message was never \def'ed. If you have
misspelled it (e.g., `\hobx'), type `I' and the correct
spelling (e.g., `I\hbox'). Otherwise just continue,
and I'll forget about whatever was undefined.

Missing character: There is no c in font nullfont!
Missing character: There is no l in font nullfont!
Missing character: There is no a in font nullfont!
Missing character: There is no s in font nullfont!
Missing character: There is no s in font nullfont!
./concurrent__observed_8h_source.tex:19: Missing $ inserted.
<inserted text> 
                $
l.19 ...___observer}{Concurrent\_Observer<D,\ C>}}
                                                  ;}
I've inserted a begin-math/end-math symbol since I think
you left one out. Proceed, with fingers crossed.

./concurrent__observed_8h_source.tex:19: Missing { inserted.
<to be read again> 
                   _
l.19 ...___observer}{Concurrent\_Observer<D,\ C>}}
                                                  ;}
A left brace was mandatory here, so I've put one in.
You might want to delete and/or insert some corrections
so that I will find a matching right brace soon.
(If you're confused by all this, try typing `I}' now.)

./concurrent__observed_8h_source.tex:19: Missing { inserted.
<to be read again> 
                   _
l.19 ...___observer}{Concurrent\_Observer<D,\ C>}}
                                                  ;}
A left brace was mandatory here, so I've put one in.
You might want to delete and/or insert some corrections
so that I will find a matching right brace soon.
(If you're confused by all this, try typing `I}' now.)

./concurrent__observed_8h_source.tex:19: Extra }, or forgotten $.
l.19 ..._observer}{Concurrent\_Observer<D,\ C>}};}
                                                  
I've deleted a group-closing symbol because it seems to be
spurious, as in `$x}$'. But perhaps the } is legitimate and
you forgot something else, as in `\hbox{$x}'. In such cases
the way to recover is to insert both the forgotten and the
deleted material, e.g., by typing `I$}'.

./concurrent__observed_8h_source.tex:20: Undefined control sequence.
l.20 \DoxyCodeLine
                  {00021\ \ \ \ \ \textcolor{keyword}{using\ }\mbox{\hyperli...
The control sequence at the end of the top line
of your error message was never \def'ed. If you have
misspelled it (e.g., `\hobx'), type `I' and the correct
spelling (e.g., `I\hbox'). Otherwise just continue,
and I'll forget about whatever was undefined.

./concurrent__observed_8h_source.tex:20: Undefined control sequence.
l.20 \DoxyCodeLine{00021\ \ \ \ \ \textcolor
                                            {keyword}{using\ }\mbox{\hyperli...
The control sequence at the end of the top line
of your error message was never \def'ed. If you have
misspelled it (e.g., `\hobx'), type `I' and the correct
spelling (e.g., `I\hbox'). Otherwise just continue,
and I'll forget about whatever was undefined.

./concurrent__observed_8h_source.tex:20: Undefined control sequence.
<argument> \hyperlink 
                      {class_concurrent___observed_a4f150f94b19bdb55d7387a83...
l.20 ...b19bdb55d7387a833219f0ca}{Observer\_Pair}}
                                                  \ =\ std::pair<C,\ Observe...
The control sequence at the end of the top line
of your error message was never \def'ed. If you have
misspelled it (e.g., `\hobx'), type `I' and the correct
spelling (e.g., `I\hbox'). Otherwise just continue,
and I'll forget about whatever was undefined.

Missing character: There is no c in font nullfont!
Missing character: There is no l in font nullfont!
Missing character: There is no a in font nullfont!
Missing character: There is no s in font nullfont!
Missing character: There is no s in font nullfont!
./concurrent__observed_8h_source.tex:20: Missing $ inserted.
<inserted text> 
                $
l.20 ...b19bdb55d7387a833219f0ca}{Observer\_Pair}}
                                                  \ =\ std::pair<C,\ Observe...
I've inserted a begin-math/end-math symbol since I think
you left one out. Proceed, with fingers crossed.

./concurrent__observed_8h_source.tex:20: Missing { inserted.
<to be read again> 
                   _
l.20 ...b19bdb55d7387a833219f0ca}{Observer\_Pair}}
                                                  \ =\ std::pair<C,\ Observe...
A left brace was mandatory here, so I've put one in.
You might want to delete and/or insert some corrections
so that I will find a matching right brace soon.
(If you're confused by all this, try typing `I}' now.)

./concurrent__observed_8h_source.tex:20: Missing { inserted.
<to be read again> 
                   _
l.20 ...b19bdb55d7387a833219f0ca}{Observer\_Pair}}
                                                  \ =\ std::pair<C,\ Observe...
A left brace was mandatory here, so I've put one in.
You might want to delete and/or insert some corrections
so that I will find a matching right brace soon.
(If you're confused by all this, try typing `I}' now.)

./concurrent__observed_8h_source.tex:20: Extra }, or forgotten $.
l.20 ...air}}\ =\ std::pair<C,\ Observer\_Type*>;}
                                                  
I've deleted a group-closing symbol because it seems to be
spurious, as in `$x}$'. But perhaps the } is legitimate and
you forgot something else, as in `\hbox{$x}'. In such cases
the way to recover is to insert both the forgotten and the
deleted material, e.g., by typing `I$}'.

./concurrent__observed_8h_source.tex:21: Undefined control sequence.
l.21 \DoxyCodeLine
                  {00022\ }
The control sequence at the end of the top line
of your error message was never \def'ed. If you have
misspelled it (e.g., `\hobx'), type `I' and the correct
spelling (e.g., `I\hbox'). Otherwise just continue,
and I'll forget about whatever was undefined.

./concurrent__observed_8h_source.tex:22: Undefined control sequence.
l.22 \DoxyCodeLine
                  {00023\ \ \ \ \ \mbox{\hyperlink{class_concurrent___observ...
The control sequence at the end of the top line
of your error message was never \def'ed. If you have
misspelled it (e.g., `\hobx'), type `I' and the correct
spelling (e.g., `I\hbox'). Otherwise just continue,
and I'll forget about whatever was undefined.

./concurrent__observed_8h_source.tex:22: Undefined control sequence.
<argument> \hyperlink 
                      {class_concurrent___observed_a99f79f3adb48a202178ffc3e...
l.22 ...02178ffc3e1960564a}{Concurrent\_Observed}}
                                                  ()\ =\ \textcolor{keywordf...
The control sequence at the end of the top line
of your error message was never \def'ed. If you have
misspelled it (e.g., `\hobx'), type `I' and the correct
spelling (e.g., `I\hbox'). Otherwise just continue,
and I'll forget about whatever was undefined.

Missing character: There is no c in font nullfont!
Missing character: There is no l in font nullfont!
Missing character: There is no a in font nullfont!
Missing character: There is no s in font nullfont!
Missing character: There is no s in font nullfont!
./concurrent__observed_8h_source.tex:22: Missing $ inserted.
<inserted text> 
                $
l.22 ...02178ffc3e1960564a}{Concurrent\_Observed}}
                                                  ()\ =\ \textcolor{keywordf...
I've inserted a begin-math/end-math symbol since I think
you left one out. Proceed, with fingers crossed.

./concurrent__observed_8h_source.tex:22: Missing { inserted.
<to be read again> 
                   _
l.22 ...02178ffc3e1960564a}{Concurrent\_Observed}}
                                                  ()\ =\ \textcolor{keywordf...
A left brace was mandatory here, so I've put one in.
You might want to delete and/or insert some corrections
so that I will find a matching right brace soon.
(If you're confused by all this, try typing `I}' now.)

./concurrent__observed_8h_source.tex:22: Missing { inserted.
<to be read again> 
                   _
l.22 ...02178ffc3e1960564a}{Concurrent\_Observed}}
                                                  ()\ =\ \textcolor{keywordf...
A left brace was mandatory here, so I've put one in.
You might want to delete and/or insert some corrections
so that I will find a matching right brace soon.
(If you're confused by all this, try typing `I}' now.)

./concurrent__observed_8h_source.tex:22: Undefined control sequence.
l.22 ...a}{Concurrent\_Observed}}()\ =\ \textcolor
                                                  {keywordflow}{default};}
The control sequence at the end of the top line
of your error message was never \def'ed. If you have
misspelled it (e.g., `\hobx'), type `I' and the correct
spelling (e.g., `I\hbox'). Otherwise just continue,
and I'll forget about whatever was undefined.

./concurrent__observed_8h_source.tex:22: Extra }, or forgotten $.
l.22 ...}()\ =\ \textcolor{keywordflow}{default};}
                                                  
I've deleted a group-closing symbol because it seems to be
spurious, as in `$x}$'. But perhaps the } is legitimate and
you forgot something else, as in `\hbox{$x}'. In such cases
the way to recover is to insert both the forgotten and the
deleted material, e.g., by typing `I$}'.

./concurrent__observed_8h_source.tex:23: Undefined control sequence.
l.23 \DoxyCodeLine
                  {00024\ \ \ \ \ \mbox{\hyperlink{class_concurrent___observ...
The control sequence at the end of the top line
of your error message was never \def'ed. If you have
misspelled it (e.g., `\hobx'), type `I' and the correct
spelling (e.g., `I\hbox'). Otherwise just continue,
and I'll forget about whatever was undefined.

./concurrent__observed_8h_source.tex:23: Undefined control sequence.
<argument> \hyperlink 
                      {class_concurrent___observed_a4bfe7f7ab451e60497808e90...
l.23 ...90d69d5329}{\string~Concurrent\_Observed}}
                                                  ()\ =\ \textcolor{keywordf...
The control sequence at the end of the top line
of your error message was never \def'ed. If you have
misspelled it (e.g., `\hobx'), type `I' and the correct
spelling (e.g., `I\hbox'). Otherwise just continue,
and I'll forget about whatever was undefined.

Missing character: There is no c in font nullfont!
Missing character: There is no l in font nullfont!
Missing character: There is no a in font nullfont!
Missing character: There is no s in font nullfont!
Missing character: There is no s in font nullfont!
./concurrent__observed_8h_source.tex:23: Missing $ inserted.
<inserted text> 
                $
l.23 ...90d69d5329}{\string~Concurrent\_Observed}}
                                                  ()\ =\ \textcolor{keywordf...
I've inserted a begin-math/end-math symbol since I think
you left one out. Proceed, with fingers crossed.

./concurrent__observed_8h_source.tex:23: Missing { inserted.
<to be read again> 
                   _
l.23 ...90d69d5329}{\string~Concurrent\_Observed}}
                                                  ()\ =\ \textcolor{keywordf...
A left brace was mandatory here, so I've put one in.
You might want to delete and/or insert some corrections
so that I will find a matching right brace soon.
(If you're confused by all this, try typing `I}' now.)

./concurrent__observed_8h_source.tex:23: Missing { inserted.
<to be read again> 
                   _
l.23 ...90d69d5329}{\string~Concurrent\_Observed}}
                                                  ()\ =\ \textcolor{keywordf...
A left brace was mandatory here, so I've put one in.
You might want to delete and/or insert some corrections
so that I will find a matching right brace soon.
(If you're confused by all this, try typing `I}' now.)

./concurrent__observed_8h_source.tex:23: Undefined control sequence.
l.23 ...ng~Concurrent\_Observed}}()\ =\ \textcolor
                                                  {keywordflow}{default};}
The control sequence at the end of the top line
of your error message was never \def'ed. If you have
misspelled it (e.g., `\hobx'), type `I' and the correct
spelling (e.g., `I\hbox'). Otherwise just continue,
and I'll forget about whatever was undefined.

./concurrent__observed_8h_source.tex:23: Extra }, or forgotten $.
l.23 ...}()\ =\ \textcolor{keywordflow}{default};}
                                                  
I've deleted a group-closing symbol because it seems to be
spurious, as in `$x}$'. But perhaps the } is legitimate and
you forgot something else, as in `\hbox{$x}'. In such cases
the way to recover is to insert both the forgotten and the
deleted material, e.g., by typing `I$}'.

./concurrent__observed_8h_source.tex:24: Undefined control sequence.
l.24 \DoxyCodeLine
                  {00025\ }
The control sequence at the end of the top line
of your error message was never \def'ed. If you have
misspelled it (e.g., `\hobx'), type `I' and the correct
spelling (e.g., `I\hbox'). Otherwise just continue,
and I'll forget about whatever was undefined.

./concurrent__observed_8h_source.tex:25: Undefined control sequence.
l.25 \DoxyCodeLine
                  {00031\ \ \ \ \ \textcolor{keywordtype}{void}\ \mbox{\hype...
The control sequence at the end of the top line
of your error message was never \def'ed. If you have
misspelled it (e.g., `\hobx'), type `I' and the correct
spelling (e.g., `I\hbox'). Otherwise just continue,
and I'll forget about whatever was undefined.

./concurrent__observed_8h_source.tex:25: Undefined control sequence.
l.25 \DoxyCodeLine{00031\ \ \ \ \ \textcolor
                                            {keywordtype}{void}\ \mbox{\hype...
The control sequence at the end of the top line
of your error message was never \def'ed. If you have
misspelled it (e.g., `\hobx'), type `I' and the correct
spelling (e.g., `I\hbox'). Otherwise just continue,
and I'll forget about whatever was undefined.

./concurrent__observed_8h_source.tex:25: Undefined control sequence.
<argument> \hyperlink 
                      {class_concurrent___observed_af097d65f3cefcc42b825f5d0...
l.25 ...f097d65f3cefcc42b825f5d0a5a42ceb}{attach}}
                                                  (\mbox{\hyperlink{class_co...
The control sequence at the end of the top line
of your error message was never \def'ed. If you have
misspelled it (e.g., `\hobx'), type `I' and the correct
spelling (e.g., `I\hbox'). Otherwise just continue,
and I'll forget about whatever was undefined.

Missing character: There is no c in font nullfont!
Missing character: There is no l in font nullfont!
Missing character: There is no a in font nullfont!
Missing character: There is no s in font nullfont!
Missing character: There is no s in font nullfont!
./concurrent__observed_8h_source.tex:25: Missing $ inserted.
<inserted text> 
                $
l.25 ...f097d65f3cefcc42b825f5d0a5a42ceb}{attach}}
                                                  (\mbox{\hyperlink{class_co...
I've inserted a begin-math/end-math symbol since I think
you left one out. Proceed, with fingers crossed.

./concurrent__observed_8h_source.tex:25: Missing { inserted.
<to be read again> 
                   _
l.25 ...f097d65f3cefcc42b825f5d0a5a42ceb}{attach}}
                                                  (\mbox{\hyperlink{class_co...
A left brace was mandatory here, so I've put one in.
You might want to delete and/or insert some corrections
so that I will find a matching right brace soon.
(If you're confused by all this, try typing `I}' now.)

./concurrent__observed_8h_source.tex:25: Missing { inserted.
<to be read again> 
                   _
l.25 ...f097d65f3cefcc42b825f5d0a5a42ceb}{attach}}
                                                  (\mbox{\hyperlink{class_co...
A left brace was mandatory here, so I've put one in.
You might want to delete and/or insert some corrections
so that I will find a matching right brace soon.
(If you're confused by all this, try typing `I}' now.)

./concurrent__observed_8h_source.tex:25: Undefined control sequence.
<argument> \hyperlink 
                      {class_concurrent___observed_a3e67e5712c075eb1ef520185...
l.25 ...2c075eb1ef52018502e26e86}{Observer\_Type}}
                                                  *\ o,\ C\ c)\ \{}
The control sequence at the end of the top line
of your error message was never \def'ed. If you have
misspelled it (e.g., `\hobx'), type `I' and the correct
spelling (e.g., `I\hbox'). Otherwise just continue,
and I'll forget about whatever was undefined.

Missing character: There is no c in font nullfont!
Missing character: There is no l in font nullfont!
Missing character: There is no a in font nullfont!
Missing character: There is no s in font nullfont!
Missing character: There is no s in font nullfont!
./concurrent__observed_8h_source.tex:25: Missing $ inserted.
<inserted text> 
                $
l.25 ...2c075eb1ef52018502e26e86}{Observer\_Type}}
                                                  *\ o,\ C\ c)\ \{}
I've inserted a begin-math/end-math symbol since I think
you left one out. Proceed, with fingers crossed.

./concurrent__observed_8h_source.tex:25: Missing { inserted.
<to be read again> 
                   _
l.25 ...2c075eb1ef52018502e26e86}{Observer\_Type}}
                                                  *\ o,\ C\ c)\ \{}
A left brace was mandatory here, so I've put one in.
You might want to delete and/or insert some corrections
so that I will find a matching right brace soon.
(If you're confused by all this, try typing `I}' now.)

./concurrent__observed_8h_source.tex:25: Missing { inserted.
<to be read again> 
                   _
l.25 ...2c075eb1ef52018502e26e86}{Observer\_Type}}
                                                  *\ o,\ C\ c)\ \{}
A left brace was mandatory here, so I've put one in.
You might want to delete and/or insert some corrections
so that I will find a matching right brace soon.
(If you're confused by all this, try typing `I}' now.)

./concurrent__observed_8h_source.tex:25: Extra }, or forgotten $.
l.25 ...2e26e86}{Observer\_Type}}*\ o,\ C\ c)\ \{}
                                                  
I've deleted a group-closing symbol because it seems to be
spurious, as in `$x}$'. But perhaps the } is legitimate and
you forgot something else, as in `\hbox{$x}'. In such cases
the way to recover is to insert both the forgotten and the
deleted material, e.g., by typing `I$}'.

./concurrent__observed_8h_source.tex:26: Undefined control sequence.
l.26 \DoxyCodeLine
                  {00032\ \ \ \ \ \ \ \ \ \textcolor{comment}{//\ Add\ the\ ...
The control sequence at the end of the top line
of your error message was never \def'ed. If you have
misspelled it (e.g., `\hobx'), type `I' and the correct
spelling (e.g., `I\hbox'). Otherwise just continue,
and I'll forget about whatever was undefined.

./concurrent__observed_8h_source.tex:26: Undefined control sequence.
l.26 ...CodeLine{00032\ \ \ \ \ \ \ \ \ \textcolor
                                                  {comment}{//\ Add\ the\ ob...
(That makes 100 errors; please try again.) 
Here is how much of TeX's memory you used:
 18 strings out of 469269
 488 string characters out of 5467112
 436984 words of memory out of 5000000
 28550 multiletter control sequences out of 15000+600000
 626825 words of font info for 40 fonts, out of 8000000 for 9000
 319 hyphenation exceptions out of 8191
 18i,33n,19p,315b,223s stack positions out of 10000i,1000n,20000p,200000b,200000s

./concurrent__observed_8h_source.tex:26:  ==> Fatal error occurred, no output PDF file produced!
