This is pdfTeX, Version 3.141592653-2.6-1.40.28 (TeX Live 2025) (preloaded format=pdflatex 2025.9.24)  27 SEP 2025 18:54
entering extended mode
 \write18 enabled.
 file:line:error style messages enabled.
 %&-line parsing enabled.
**concurrent__observer_8h.tex
(./concurrent__observer_8h.tex
LaTeX2e <2025-06-01> patch level 1
L3 programming layer <2025-09-02>
./concurrent__observer_8h.tex:1: Undefined control sequence.
l.1 \doxysection
                {source/api/observer/concurrent\+\_\+observer.h File Reference}
The control sequence at the end of the top line
of your error message was never \def'ed. If you have
misspelled it (e.g., `\hobx'), type `I' and the correct
spelling (e.g., `I\hbox'). Otherwise just continue,
and I'll forget about whatever was undefined.


./concurrent__observer_8h.tex:1: LaTeX Error: Missing \begin{document}.

See the LaTeX manual or LaTeX Companion for explanation.
Type  H <return>  for immediate help.
 ...                                              
                                                  
l.1 \doxysection{s
                  ource/api/observer/concurrent\+\_\+observer.h File Reference}
You're in trouble here.  Try typing  <return>  to proceed.
If that doesn't work, type  X <return>  to quit.

Missing character: There is no s in font nullfont!
Missing character: There is no o in font nullfont!
Missing character: There is no u in font nullfont!
Missing character: There is no r in font nullfont!
Missing character: There is no c in font nullfont!
Missing character: There is no e in font nullfont!
Missing character: There is no / in font nullfont!
Missing character: There is no a in font nullfont!
Missing character: There is no p in font nullfont!
Missing character: There is no i in font nullfont!
Missing character: There is no / in font nullfont!
Missing character: There is no o in font nullfont!
Missing character: There is no b in font nullfont!
Missing character: There is no s in font nullfont!
Missing character: There is no e in font nullfont!
Missing character: There is no r in font nullfont!
Missing character: There is no v in font nullfont!
Missing character: There is no e in font nullfont!
Missing character: There is no r in font nullfont!
Missing character: There is no / in font nullfont!
Missing character: There is no c in font nullfont!
Missing character: There is no o in font nullfont!
Missing character: There is no n in font nullfont!
Missing character: There is no c in font nullfont!
Missing character: There is no u in font nullfont!
Missing character: There is no r in font nullfont!
Missing character: There is no r in font nullfont!
Missing character: There is no e in font nullfont!
Missing character: There is no n in font nullfont!
Missing character: There is no t in font nullfont!
./concurrent__observer_8h.tex:1: Undefined control sequence.
l.1 \doxysection{source/api/observer/concurrent\+
                                                 \_\+observer.h File Reference}
The control sequence at the end of the top line
of your error message was never \def'ed. If you have
misspelled it (e.g., `\hobx'), type `I' and the correct
spelling (e.g., `I\hbox'). Otherwise just continue,
and I'll forget about whatever was undefined.

./concurrent__observer_8h.tex:1: Undefined control sequence.
l.1 ...ection{source/api/observer/concurrent\+\_\+
                                                  observer.h File Reference}
The control sequence at the end of the top line
of your error message was never \def'ed. If you have
misspelled it (e.g., `\hobx'), type `I' and the correct
spelling (e.g., `I\hbox'). Otherwise just continue,
and I'll forget about whatever was undefined.

Missing character: There is no o in font nullfont!
Missing character: There is no b in font nullfont!
Missing character: There is no s in font nullfont!
Missing character: There is no e in font nullfont!
Missing character: There is no r in font nullfont!
Missing character: There is no v in font nullfont!
Missing character: There is no e in font nullfont!
Missing character: There is no r in font nullfont!
Missing character: There is no . in font nullfont!
Missing character: There is no h in font nullfont!
Missing character: There is no F in font nullfont!
Missing character: There is no i in font nullfont!
Missing character: There is no l in font nullfont!
Missing character: There is no e in font nullfont!
Missing character: There is no R in font nullfont!
Missing character: There is no e in font nullfont!
Missing character: There is no f in font nullfont!
Missing character: There is no e in font nullfont!
Missing character: There is no r in font nullfont!
Missing character: There is no e in font nullfont!
Missing character: There is no n in font nullfont!
Missing character: There is no c in font nullfont!
Missing character: There is no e in font nullfont!
./concurrent__observer_8h.tex:2: Undefined control sequence.
l.2 \hypertarget
                {concurrent__observer_8h}{}\label{concurrent__observer_8h}\i...
The control sequence at the end of the top line
of your error message was never \def'ed. If you have
misspelled it (e.g., `\hobx'), type `I' and the correct
spelling (e.g., `I\hbox'). Otherwise just continue,
and I'll forget about whatever was undefined.

Missing character: There is no c in font nullfont!
Missing character: There is no o in font nullfont!
Missing character: There is no n in font nullfont!
Missing character: There is no c in font nullfont!
Missing character: There is no u in font nullfont!
Missing character: There is no r in font nullfont!
Missing character: There is no r in font nullfont!
Missing character: There is no e in font nullfont!
Missing character: There is no n in font nullfont!
Missing character: There is no t in font nullfont!
./concurrent__observer_8h.tex:2: Missing $ inserted.
<inserted text> 
                $
l.2 \hypertarget{concurrent_
                            _observer_8h}{}\label{concurrent__observer_8h}\i...
I've inserted a begin-math/end-math symbol since I think
you left one out. Proceed, with fingers crossed.

LaTeX Font Info:    External font `cmex10' loaded for size
(Font)              <7> on input line 2.
LaTeX Font Info:    External font `cmex10' loaded for size
(Font)              <5> on input line 2.
./concurrent__observer_8h.tex:2: Missing { inserted.
<to be read again> 
                   _
l.2 \hypertarget{concurrent__
                             observer_8h}{}\label{concurrent__observer_8h}\i...
A left brace was mandatory here, so I've put one in.
You might want to delete and/or insert some corrections
so that I will find a matching right brace soon.
(If you're confused by all this, try typing `I}' now.)


./concurrent__observer_8h.tex:3: LaTeX Error: Command \ttfamily invalid in math mode.

See the LaTeX manual or LaTeX Companion for explanation.
Type  H <return>  for immediate help.
 ...                                              
                                                  
l.3 {\ttfamily
               \#include "{}api/observer/semaphore.\+hpp"{}}\newline
Please use the math alphabet \mathtt instead of the \ttfamily command. 

./concurrent__observer_8h.tex:3: Undefined control sequence.
l.3 ...mily \#include "{}api/observer/semaphore.\+
                                                  hpp"{}}\newline
The control sequence at the end of the top line
of your error message was never \def'ed. If you have
misspelled it (e.g., `\hobx'), type `I' and the correct
spelling (e.g., `I\hbox'). Otherwise just continue,
and I'll forget about whatever was undefined.


./concurrent__observer_8h.tex:4: LaTeX Error: Command \ttfamily invalid in math mode.

See the LaTeX manual or LaTeX Companion for explanation.
Type  H <return>  for immediate help.
 ...                                              
                                                  
l.4 {\ttfamily
               \#include "{}api/observer/conditional\+\_\+data\+\_\+observer...
Please use the math alphabet \mathtt instead of the \ttfamily command. 

./concurrent__observer_8h.tex:4: Undefined control sequence.
l.4 ...ily \#include "{}api/observer/conditional\+
                                                  \_\+data\+\_\+observer.\+h...
The control sequence at the end of the top line
of your error message was never \def'ed. If you have
misspelled it (e.g., `\hobx'), type `I' and the correct
spelling (e.g., `I\hbox'). Otherwise just continue,
and I'll forget about whatever was undefined.

./concurrent__observer_8h.tex:4: Undefined control sequence.
l.4 ...\#include "{}api/observer/conditional\+\_\+
                                                  data\+\_\+observer.\+hpp"{...
The control sequence at the end of the top line
of your error message was never \def'ed. If you have
misspelled it (e.g., `\hobx'), type `I' and the correct
spelling (e.g., `I\hbox'). Otherwise just continue,
and I'll forget about whatever was undefined.

./concurrent__observer_8h.tex:4: Undefined control sequence.
l.4 ...ude "{}api/observer/conditional\+\_\+data\+
                                                  \_\+observer.\+hpp"{}}\new...
The control sequence at the end of the top line
of your error message was never \def'ed. If you have
misspelled it (e.g., `\hobx'), type `I' and the correct
spelling (e.g., `I\hbox'). Otherwise just continue,
and I'll forget about whatever was undefined.

./concurrent__observer_8h.tex:4: Undefined control sequence.
l.4 ..."{}api/observer/conditional\+\_\+data\+\_\+
                                                  observer.\+hpp"{}}\newline
The control sequence at the end of the top line
of your error message was never \def'ed. If you have
misspelled it (e.g., `\hobx'), type `I' and the correct
spelling (e.g., `I\hbox'). Otherwise just continue,
and I'll forget about whatever was undefined.

./concurrent__observer_8h.tex:4: Undefined control sequence.
l.4 ...rver/conditional\+\_\+data\+\_\+observer.\+
                                                  hpp"{}}\newline
The control sequence at the end of the top line
of your error message was never \def'ed. If you have
misspelled it (e.g., `\hobx'), type `I' and the correct
spelling (e.g., `I\hbox'). Otherwise just continue,
and I'll forget about whatever was undefined.


./concurrent__observer_8h.tex:5: LaTeX Error: Command \ttfamily invalid in math mode.

See the LaTeX manual or LaTeX Companion for explanation.
Type  H <return>  for immediate help.
 ...                                              
                                                  
l.5 {\ttfamily
               \#include $<$list$>$}\newline
Please use the math alphabet \mathtt instead of the \ttfamily command. 

./concurrent__observer_8h.tex:5: Missing } inserted.
<inserted text> 
                }
l.5 {\ttfamily \#include $
                          <$list$>$}\newline
I've inserted something that you may have forgotten.
(See the <inserted text> above.)
With luck, this will get me unwedged. But if you
really didn't forget anything, try typing `2' now; then
my insertion and my current dilemma will both disappear.

Missing character: There is no < in font nullfont!
Missing character: There is no > in font nullfont!
./concurrent__observer_8h.tex:5: Extra }, or forgotten $.
<recently read> }
                 
l.5 {\ttfamily \#include $<$list$>$}
                                    \newline
I've deleted a group-closing symbol because it seems to be
spurious, as in `$x}$'. But perhaps the } is legitimate and
you forgot something else, as in `\hbox{$x}'. In such cases
the way to recover is to insert both the forgotten and the
deleted material, e.g., by typing `I$}'.

./concurrent__observer_8h.tex:6: Undefined control sequence.
l.6 Include dependency graph for concurrent\+
                                             \_\+observer.\+h\+:
The control sequence at the end of the top line
of your error message was never \def'ed. If you have
misspelled it (e.g., `\hobx'), type `I' and the correct
spelling (e.g., `I\hbox'). Otherwise just continue,
and I'll forget about whatever was undefined.

./concurrent__observer_8h.tex:6: Undefined control sequence.
l.6 Include dependency graph for concurrent\+\_\+
                                                 observer.\+h\+:
The control sequence at the end of the top line
of your error message was never \def'ed. If you have
misspelled it (e.g., `\hobx'), type `I' and the correct
spelling (e.g., `I\hbox'). Otherwise just continue,
and I'll forget about whatever was undefined.

./concurrent__observer_8h.tex:6: Undefined control sequence.
l.6 ...dency graph for concurrent\+\_\+observer.\+
                                                  h\+:
The control sequence at the end of the top line
of your error message was never \def'ed. If you have
misspelled it (e.g., `\hobx'), type `I' and the correct
spelling (e.g., `I\hbox'). Otherwise just continue,
and I'll forget about whatever was undefined.

./concurrent__observer_8h.tex:6: Undefined control sequence.
l.6 ...cy graph for concurrent\+\_\+observer.\+h\+
                                                  :
The control sequence at the end of the top line
of your error message was never \def'ed. If you have
misspelled it (e.g., `\hobx'), type `I' and the correct
spelling (e.g., `I\hbox'). Otherwise just continue,
and I'll forget about whatever was undefined.


./concurrent__observer_8h.tex:8: LaTeX Error: Environment figure undefined.

See the LaTeX manual or LaTeX Companion for explanation.
Type  H <return>  for immediate help.
 ...                                              
                                                  
l.8 \begin{figure}
                  [H]
Your command was ignored.
Type  I <command> <return>  to replace it with another command,
or  <return>  to continue without it.

./concurrent__observer_8h.tex:9: Missing $ inserted.
<inserted text> 
                $
l.9 \begin{center}
                  
I've inserted a begin-math/end-math symbol since I think
you left one out. Proceed, with fingers crossed.

./concurrent__observer_8h.tex:9: Missing \endgroup inserted.
<inserted text> 
                \endgroup 
l.9 \begin{center}
                  
I've inserted something that you may have forgotten.
(See the <inserted text> above.)
With luck, this will get me unwedged. But if you
really didn't forget anything, try typing `2' now; then
my insertion and my current dilemma will both disappear.

./concurrent__observer_8h.tex:9: Missing \endgroup inserted.
<inserted text> 
                \endgroup 
l.9 \begin{center}
                  
I've inserted something that you may have forgotten.
(See the <inserted text> above.)
With luck, this will get me unwedged. But if you
really didn't forget anything, try typing `2' now; then
my insertion and my current dilemma will both disappear.


Overfull \hbox (20.0pt too wide) in paragraph at lines 1--9
[][]
 []


Overfull \hbox (219.52815pt too wide) in paragraph at lines 1--9
[][][][][] 
 []


Overfull \hbox (245.67772pt too wide) in paragraph at lines 1--9
[][] 
 []


Overfull \hbox (55.799pt too wide) in paragraph at lines 1--9
[]$$\OML/cmm/m/it/10 list$$[] 
 []


Overfull \hbox (227.42648pt too wide) in paragraph at lines 1--9
\OML/cmm/m/it/10 Includedependencygraphforconcurrent[]observer:h \OT1/cmr/m/n/10 :
 []


Overfull \hbox (17.45825pt too wide) in paragraph at lines 1--9
 \OT1/cmr/m/n/10 [\OML/cmm/m/it/10 H\OT1/cmr/m/n/10 ]$ 
 []

./concurrent__observer_8h.tex:11: Undefined control sequence.
l.11 \includegraphics
                     [width=350pt]{concurrent__observer_8h__incl}
The control sequence at the end of the top line
of your error message was never \def'ed. If you have
misspelled it (e.g., `\hobx'), type `I' and the correct
spelling (e.g., `I\hbox'). Otherwise just continue,
and I'll forget about whatever was undefined.

Missing character: There is no [ in font nullfont!
Missing character: There is no w in font nullfont!
Missing character: There is no i in font nullfont!
Missing character: There is no d in font nullfont!
Missing character: There is no t in font nullfont!
Missing character: There is no h in font nullfont!
Missing character: There is no = in font nullfont!
Missing character: There is no 3 in font nullfont!
Missing character: There is no 5 in font nullfont!
Missing character: There is no 0 in font nullfont!
Missing character: There is no p in font nullfont!
Missing character: There is no t in font nullfont!
Missing character: There is no ] in font nullfont!
Missing character: There is no c in font nullfont!
Missing character: There is no o in font nullfont!
Missing character: There is no n in font nullfont!
Missing character: There is no c in font nullfont!
Missing character: There is no u in font nullfont!
Missing character: There is no r in font nullfont!
Missing character: There is no r in font nullfont!
Missing character: There is no e in font nullfont!
Missing character: There is no n in font nullfont!
Missing character: There is no t in font nullfont!
./concurrent__observer_8h.tex:11: Missing $ inserted.
<inserted text> 
                $
l.11 \includegraphics[width=350pt]{concurrent_
                                              _observer_8h__incl}
I've inserted a begin-math/end-math symbol since I think
you left one out. Proceed, with fingers crossed.

./concurrent__observer_8h.tex:11: Missing { inserted.
<to be read again> 
                   _
l.11 \includegraphics[width=350pt]{concurrent__
                                               observer_8h__incl}
A left brace was mandatory here, so I've put one in.
You might want to delete and/or insert some corrections
so that I will find a matching right brace soon.
(If you're confused by all this, try typing `I}' now.)

./concurrent__observer_8h.tex:11: Missing { inserted.
<to be read again> 
                   _
l.11 ...ics[width=350pt]{concurrent__observer_8h__
                                                  incl}
A left brace was mandatory here, so I've put one in.
You might want to delete and/or insert some corrections
so that I will find a matching right brace soon.
(If you're confused by all this, try typing `I}' now.)


./concurrent__observer_8h.tex:12: LaTeX Error: Command \end{document} invalid in math mode.

See the LaTeX manual or LaTeX Companion for explanation.
Type  H <return>  for immediate help.
 ...                                              
                                                  
l.12 \end{center}
                 
Try typing  <return>  to proceed.
If that doesn't work, type  X <return>  to quit.

./concurrent__observer_8h.tex:12: Missing $ inserted.
<inserted text> 
                $
l.12 \end{center}
                 
I've inserted a begin-math/end-math symbol since I think
you left one out. Proceed, with fingers crossed.

./concurrent__observer_8h.tex:12: Missing } inserted.
<inserted text> 
                }
l.12 \end{center}
                 
I've inserted something that you may have forgotten.
(See the <inserted text> above.)
With luck, this will get me unwedged. But if you
really didn't forget anything, try typing `2' now; then
my insertion and my current dilemma will both disappear.


Overfull \hbox (53.59074pt too wide) in paragraph at lines 10--12
 []$ 
 []


./concurrent__observer_8h.tex:12: LaTeX Error: \begin{document} ended by \end{center}.

See the LaTeX manual or LaTeX Companion for explanation.
Type  H <return>  for immediate help.
 ...                                              
                                                  
l.12 \end{center}
                 
Your command was ignored.
Type  I <command> <return>  to replace it with another command,
or  <return>  to continue without it.

./concurrent__observer_8h.tex:12: Missing } inserted.
<inserted text> 
                }
l.12 \end{center}
                 
I've inserted something that you may have forgotten.
(See the <inserted text> above.)
With luck, this will get me unwedged. But if you
really didn't forget anything, try typing `2' now; then
my insertion and my current dilemma will both disappear.

./concurrent__observer_8h.tex:12: Missing } inserted.
<inserted text> 
                }
l.12 \end{center}
                 
I've inserted something that you may have forgotten.
(See the <inserted text> above.)
With luck, this will get me unwedged. But if you
really didn't forget anything, try typing `2' now; then
my insertion and my current dilemma will both disappear.

./concurrent__observer_8h.tex:12: Extra \endgroup.
<recently read> \endgroup 
                          
l.12 \end{center}
                 
Things are pretty mixed up, but I think the worst is over.


./concurrent__observer_8h.tex:13: LaTeX Error: \begin{document} ended by \end{figure}.

See the LaTeX manual or LaTeX Companion for explanation.
Type  H <return>  for immediate help.
 ...                                              
                                                  
l.13 \end{figure}
                 
Your command was ignored.
Type  I <command> <return>  to replace it with another command,
or  <return>  to continue without it.

./concurrent__observer_8h.tex:13: Extra \endgroup.
\end  ...end#1\endcsname \@checkend {#1}\endgroup 
                                                  \UseHook {env/#1/after}\if...
l.13 \end{figure}
                 
Things are pretty mixed up, but I think the worst is over.

Missing character: There is no T in font nullfont!
Missing character: There is no h in font nullfont!
Missing character: There is no i in font nullfont!
Missing character: There is no s in font nullfont!
Missing character: There is no g in font nullfont!
Missing character: There is no r in font nullfont!
Missing character: There is no a in font nullfont!
Missing character: There is no p in font nullfont!
Missing character: There is no h in font nullfont!
Missing character: There is no s in font nullfont!
Missing character: There is no h in font nullfont!
Missing character: There is no o in font nullfont!
Missing character: There is no w in font nullfont!
Missing character: There is no s in font nullfont!
Missing character: There is no w in font nullfont!
Missing character: There is no h in font nullfont!
Missing character: There is no i in font nullfont!
Missing character: There is no c in font nullfont!
Missing character: There is no h in font nullfont!
Missing character: There is no f in font nullfont!
Missing character: There is no i in font nullfont!
Missing character: There is no l in font nullfont!
Missing character: There is no e in font nullfont!
Missing character: There is no s in font nullfont!
Missing character: There is no d in font nullfont!
Missing character: There is no i in font nullfont!
Missing character: There is no r in font nullfont!
Missing character: There is no e in font nullfont!
Missing character: There is no c in font nullfont!
Missing character: There is no t in font nullfont!
Missing character: There is no l in font nullfont!
Missing character: There is no y in font nullfont!
Missing character: There is no o in font nullfont!
Missing character: There is no r in font nullfont!
Missing character: There is no i in font nullfont!
Missing character: There is no n in font nullfont!
Missing character: There is no d in font nullfont!
Missing character: There is no i in font nullfont!
Missing character: There is no r in font nullfont!
Missing character: There is no e in font nullfont!
Missing character: There is no c in font nullfont!
Missing character: There is no t in font nullfont!
Missing character: There is no l in font nullfont!
Missing character: There is no y in font nullfont!
Missing character: There is no i in font nullfont!
Missing character: There is no n in font nullfont!
Missing character: There is no c in font nullfont!
Missing character: There is no l in font nullfont!
Missing character: There is no u in font nullfont!
Missing character: There is no d in font nullfont!
Missing character: There is no e in font nullfont!
Missing character: There is no t in font nullfont!
Missing character: There is no h in font nullfont!
Missing character: There is no i in font nullfont!
Missing character: There is no s in font nullfont!
Missing character: There is no f in font nullfont!
Missing character: There is no i in font nullfont!
Missing character: There is no l in font nullfont!
Missing character: There is no e in font nullfont!
./concurrent__observer_8h.tex:14: Undefined control sequence.
l.14 ...directly or indirectly include this file\+
                                                  :
The control sequence at the end of the top line
of your error message was never \def'ed. If you have
misspelled it (e.g., `\hobx'), type `I' and the correct
spelling (e.g., `I\hbox'). Otherwise just continue,
and I'll forget about whatever was undefined.

Missing character: There is no : in font nullfont!

./concurrent__observer_8h.tex:16: LaTeX Error: Environment figure undefined.

See the LaTeX manual or LaTeX Companion for explanation.
Type  H <return>  for immediate help.
 ...                                              
                                                  
l.16 \begin{figure}
                   [H]
Your command was ignored.
Type  I <command> <return>  to replace it with another command,
or  <return>  to continue without it.

Missing character: There is no [ in font nullfont!
Missing character: There is no H in font nullfont!
Missing character: There is no ] in font nullfont!
./concurrent__observer_8h.tex:19: Undefined control sequence.
l.19 \includegraphics
                     [width=297pt]{concurrent__observer_8h__dep__incl}
The control sequence at the end of the top line
of your error message was never \def'ed. If you have
misspelled it (e.g., `\hobx'), type `I' and the correct
spelling (e.g., `I\hbox'). Otherwise just continue,
and I'll forget about whatever was undefined.

Missing character: There is no [ in font nullfont!
Missing character: There is no w in font nullfont!
Missing character: There is no i in font nullfont!
Missing character: There is no d in font nullfont!
Missing character: There is no t in font nullfont!
Missing character: There is no h in font nullfont!
Missing character: There is no = in font nullfont!
Missing character: There is no 2 in font nullfont!
Missing character: There is no 9 in font nullfont!
Missing character: There is no 7 in font nullfont!
Missing character: There is no p in font nullfont!
Missing character: There is no t in font nullfont!
Missing character: There is no ] in font nullfont!
Missing character: There is no c in font nullfont!
Missing character: There is no o in font nullfont!
Missing character: There is no n in font nullfont!
Missing character: There is no c in font nullfont!
Missing character: There is no u in font nullfont!
Missing character: There is no r in font nullfont!
Missing character: There is no r in font nullfont!
Missing character: There is no e in font nullfont!
Missing character: There is no n in font nullfont!
Missing character: There is no t in font nullfont!
./concurrent__observer_8h.tex:19: Missing $ inserted.
<inserted text> 
                $
l.19 \includegraphics[width=297pt]{concurrent_
                                              _observer_8h__dep__incl}
I've inserted a begin-math/end-math symbol since I think
you left one out. Proceed, with fingers crossed.

./concurrent__observer_8h.tex:19: Missing { inserted.
<to be read again> 
                   _
l.19 \includegraphics[width=297pt]{concurrent__
                                               observer_8h__dep__incl}
A left brace was mandatory here, so I've put one in.
You might want to delete and/or insert some corrections
so that I will find a matching right brace soon.
(If you're confused by all this, try typing `I}' now.)

./concurrent__observer_8h.tex:19: Missing { inserted.
<to be read again> 
                   _
l.19 ...ics[width=297pt]{concurrent__observer_8h__
                                                  dep__incl}
A left brace was mandatory here, so I've put one in.
You might want to delete and/or insert some corrections
so that I will find a matching right brace soon.
(If you're confused by all this, try typing `I}' now.)

./concurrent__observer_8h.tex:19: Missing { inserted.
<to be read again> 
                   _
l.19 ...idth=297pt]{concurrent__observer_8h__dep__
                                                  incl}
A left brace was mandatory here, so I've put one in.
You might want to delete and/or insert some corrections
so that I will find a matching right brace soon.
(If you're confused by all this, try typing `I}' now.)


./concurrent__observer_8h.tex:20: LaTeX Error: Command \end{center} invalid in math mode.

See the LaTeX manual or LaTeX Companion for explanation.
Type  H <return>  for immediate help.
 ...                                              
                                                  
l.20 \end{center}
                 
Try typing  <return>  to proceed.
If that doesn't work, type  X <return>  to quit.

./concurrent__observer_8h.tex:20: Missing $ inserted.
<inserted text> 
                $
l.20 \end{center}
                 
I've inserted a begin-math/end-math symbol since I think
you left one out. Proceed, with fingers crossed.

./concurrent__observer_8h.tex:20: Missing } inserted.
<inserted text> 
                }
l.20 \end{center}
                 
I've inserted something that you may have forgotten.
(See the <inserted text> above.)
With luck, this will get me unwedged. But if you
really didn't forget anything, try typing `2' now; then
my insertion and my current dilemma will both disappear.

./concurrent__observer_8h.tex:20: Missing } inserted.
<inserted text> 
                }
l.20 \end{center}
                 
I've inserted something that you may have forgotten.
(See the <inserted text> above.)
With luck, this will get me unwedged. But if you
really didn't forget anything, try typing `2' now; then
my insertion and my current dilemma will both disappear.


Overfull \hbox (65.3729pt too wide) in paragraph at lines 18--20
 []$ 
 []

./concurrent__observer_8h.tex:20: Missing } inserted.
<inserted text> 
                }
l.20 \end{center}
                 
I've inserted something that you may have forgotten.
(See the <inserted text> above.)
With luck, this will get me unwedged. But if you
really didn't forget anything, try typing `2' now; then
my insertion and my current dilemma will both disappear.


./concurrent__observer_8h.tex:21: LaTeX Error: \begin{document} ended by \end{figure}.

See the LaTeX manual or LaTeX Companion for explanation.
Type  H <return>  for immediate help.
 ...                                              
                                                  
l.21 \end{figure}
                 
Your command was ignored.
Type  I <command> <return>  to replace it with another command,
or  <return>  to continue without it.

./concurrent__observer_8h.tex:22: Undefined control sequence.
l.22 \doxysubsubsection
                       *{Classes}
The control sequence at the end of the top line
of your error message was never \def'ed. If you have
misspelled it (e.g., `\hobx'), type `I' and the correct
spelling (e.g., `I\hbox'). Otherwise just continue,
and I'll forget about whatever was undefined.

Missing character: There is no * in font nullfont!
Missing character: There is no C in font nullfont!
Missing character: There is no l in font nullfont!
Missing character: There is no a in font nullfont!
Missing character: There is no s in font nullfont!
Missing character: There is no s in font nullfont!
Missing character: There is no e in font nullfont!
Missing character: There is no s in font nullfont!

./concurrent__observer_8h.tex:23: LaTeX Error: Environment DoxyCompactItemize undefined.

See the LaTeX manual or LaTeX Companion for explanation.
Type  H <return>  for immediate help.
 ...                                              
                                                  
l.23 \begin{DoxyCompactItemize}
                               
Your command was ignored.
Type  I <command> <return>  to replace it with another command,
or  <return>  to continue without it.


./concurrent__observer_8h.tex:25: LaTeX Error: Lonely \item--perhaps a missing list environment.

See the LaTeX manual or LaTeX Companion for explanation.
Type  H <return>  for immediate help.
 ...                                              
                                                  
l.25 c
      lass \mbox{\hyperlink{class_concurrent___observer}{Concurrent\+\_\+\+O...
Try typing  <return>  to proceed.
If that doesn't work, type  X <return>  to quit.

Missing character: There is no c in font nullfont!
Missing character: There is no l in font nullfont!
Missing character: There is no a in font nullfont!
Missing character: There is no s in font nullfont!
Missing character: There is no s in font nullfont!
./concurrent__observer_8h.tex:25: Undefined control sequence.
<argument> \hyperlink 
                      {class_concurrent___observer}{Concurrent\+\_\+\+Observ...
l.25 ...}{Concurrent\+\_\+\+Observer$<$ D, C $>$}}
                                                  
The control sequence at the end of the top line
of your error message was never \def'ed. If you have
misspelled it (e.g., `\hobx'), type `I' and the correct
spelling (e.g., `I\hbox'). Otherwise just continue,
and I'll forget about whatever was undefined.

Missing character: There is no c in font nullfont!
Missing character: There is no l in font nullfont!
Missing character: There is no a in font nullfont!
Missing character: There is no s in font nullfont!
Missing character: There is no s in font nullfont!
./concurrent__observer_8h.tex:25: Missing $ inserted.
<inserted text> 
                $
l.25 ...}{Concurrent\+\_\+\+Observer$<$ D, C $>$}}
                                                  
I've inserted a begin-math/end-math symbol since I think
you left one out. Proceed, with fingers crossed.

./concurrent__observer_8h.tex:25: Missing { inserted.
<to be read again> 
                   _
l.25 ...}{Concurrent\+\_\+\+Observer$<$ D, C $>$}}
                                                  
A left brace was mandatory here, so I've put one in.
You might want to delete and/or insert some corrections
so that I will find a matching right brace soon.
(If you're confused by all this, try typing `I}' now.)

./concurrent__observer_8h.tex:25: Missing { inserted.
<to be read again> 
                   _
l.25 ...}{Concurrent\+\_\+\+Observer$<$ D, C $>$}}
                                                  
A left brace was mandatory here, so I've put one in.
You might want to delete and/or insert some corrections
so that I will find a matching right brace soon.
(If you're confused by all this, try typing `I}' now.)

./concurrent__observer_8h.tex:25: Undefined control sequence.
<argument> ..._concurrent___observer}{Concurrent\+
                                                  \_\+\+Observer$<$ D, C $>$}
l.25 ...}{Concurrent\+\_\+\+Observer$<$ D, C $>$}}
                                                  
The control sequence at the end of the top line
of your error message was never \def'ed. If you have
misspelled it (e.g., `\hobx'), type `I' and the correct
spelling (e.g., `I\hbox'). Otherwise just continue,
and I'll forget about whatever was undefined.

./concurrent__observer_8h.tex:25: Undefined control sequence.
<argument> ...current___observer}{Concurrent\+\_\+
                                                  \+Observer$<$ D, C $>$}
l.25 ...}{Concurrent\+\_\+\+Observer$<$ D, C $>$}}
                                                  
The control sequence at the end of the top line
of your error message was never \def'ed. If you have
misspelled it (e.g., `\hobx'), type `I' and the correct
spelling (e.g., `I\hbox'). Otherwise just continue,
and I'll forget about whatever was undefined.

./concurrent__observer_8h.tex:25: Undefined control sequence.
<argument> ...rrent___observer}{Concurrent\+\_\+\+
                                                  Observer$<$ D, C $>$}
l.25 ...}{Concurrent\+\_\+\+Observer$<$ D, C $>$}}
                                                  
The control sequence at the end of the top line
of your error message was never \def'ed. If you have
misspelled it (e.g., `\hobx'), type `I' and the correct
spelling (e.g., `I\hbox'). Otherwise just continue,
and I'll forget about whatever was undefined.

./concurrent__observer_8h.tex:25: Missing } inserted.
<inserted text> 
                }
l.25 ...}{Concurrent\+\_\+\+Observer$<$ D, C $>$}}
                                                  
I've inserted something that you may have forgotten.
(See the <inserted text> above.)
With luck, this will get me unwedged. But if you
really didn't forget anything, try typing `2' now; then
my insertion and my current dilemma will both disappear.

./concurrent__observer_8h.tex:25: Missing } inserted.
<inserted text> 
                }
l.25 ...}{Concurrent\+\_\+\+Observer$<$ D, C $>$}}
                                                  
I've inserted something that you may have forgotten.
(See the <inserted text> above.)
With luck, this will get me unwedged. But if you
really didn't forget anything, try typing `2' now; then
my insertion and my current dilemma will both disappear.

Missing character: There is no < in font nullfont!
Missing character: There is no > in font nullfont!
./concurrent__observer_8h.tex:25: Extra }, or forgotten $.
<recently read> }
                 
l.25 ...}{Concurrent\+\_\+\+Observer$<$ D, C $>$}}
                                                  
I've deleted a group-closing symbol because it seems to be
spurious, as in `$x}$'. But perhaps the } is legitimate and
you forgot something else, as in `\hbox{$x}'. In such cases
the way to recover is to insert both the forgotten and the
deleted material, e.g., by typing `I$}'.

./concurrent__observer_8h.tex:25: Extra }, or forgotten $.
\mbox  #1->\leavevmode \hbox {#1}
                                 
l.25 ...}{Concurrent\+\_\+\+Observer$<$ D, C $>$}}
                                                  
I've deleted a group-closing symbol because it seems to be
spurious, as in `$x}$'. But perhaps the } is legitimate and
you forgot something else, as in `\hbox{$x}'. In such cases
the way to recover is to insert both the forgotten and the
deleted material, e.g., by typing `I$}'.


./concurrent__observer_8h.tex:26: LaTeX Error: Environment DoxyCompactList undefined.

See the LaTeX manual or LaTeX Companion for explanation.
Type  H <return>  for immediate help.
 ...                                              
                                                  
l.26 \begin{DoxyCompactList}
                            \small\item\em The \doxylink{class_concurrent___...
Your command was ignored.
Type  I <command> <return>  to replace it with another command,
or  <return>  to continue without it.

./concurrent__observer_8h.tex:26: Undefined control sequence.
l.26 \begin{DoxyCompactList}\small
                                  \item\em The \doxylink{class_concurrent___...
The control sequence at the end of the top line
of your error message was never \def'ed. If you have
misspelled it (e.g., `\hobx'), type `I' and the correct
spelling (e.g., `I\hbox'). Otherwise just continue,
and I'll forget about whatever was undefined.


./concurrent__observer_8h.tex:26: LaTeX Error: Command \item invalid in math mode.

See the LaTeX manual or LaTeX Companion for explanation.
Type  H <return>  for immediate help.
 ...                                              
                                                  
l.26 \begin{DoxyCompactList}\small\item
                                       \em The \doxylink{class_concurrent___...
Try typing  <return>  to proceed.
If that doesn't work, type  X <return>  to quit.

./concurrent__observer_8h.tex:26: Missing $ inserted.
<inserted text> 
                $
l.26 \begin{DoxyCompactList}\small\item\em
                                           The \doxylink{class_concurrent___...
I've inserted a begin-math/end-math symbol since I think
you left one out. Proceed, with fingers crossed.

./concurrent__observer_8h.tex:26: Missing \endgroup inserted.
<inserted text> 
                \endgroup 
l.26 \begin{DoxyCompactList}\small\item\em
                                           The \doxylink{class_concurrent___...
I've inserted something that you may have forgotten.
(See the <inserted text> above.)
With luck, this will get me unwedged. But if you
really didn't forget anything, try typing `2' now; then
my insertion and my current dilemma will both disappear.

./concurrent__observer_8h.tex:26: Missing } inserted.
<inserted text> 
                }
l.26 \begin{DoxyCompactList}\small\item\em
                                           The \doxylink{class_concurrent___...
I've inserted something that you may have forgotten.
(See the <inserted text> above.)
With luck, this will get me unwedged. But if you
really didn't forget anything, try typing `2' now; then
my insertion and my current dilemma will both disappear.

./concurrent__observer_8h.tex:26: Missing } inserted.
<inserted text> 
                }
l.26 \begin{DoxyCompactList}\small\item\em
                                           The \doxylink{class_concurrent___...
I've inserted something that you may have forgotten.
(See the <inserted text> above.)
With luck, this will get me unwedged. But if you
really didn't forget anything, try typing `2' now; then
my insertion and my current dilemma will both disappear.


Overfull \hbox (175.15785pt too wide) in paragraph at lines 25--26
[] 
 []


./concurrent__observer_8h.tex:26: LaTeX Error: Lonely \item--perhaps a missing list environment.

See the LaTeX manual or LaTeX Companion for explanation.
Type  H <return>  for immediate help.
 ...                                              
                                                  
l.26 \begin{DoxyCompactList}\small\item\em
                                           The \doxylink{class_concurrent___...
Try typing  <return>  to proceed.
If that doesn't work, type  X <return>  to quit.

./concurrent__observer_8h.tex:26: Undefined control sequence.
l.26 ...xyCompactList}\small\item\em The \doxylink
                                                  {class_concurrent___observ...
The control sequence at the end of the top line
of your error message was never \def'ed. If you have
misspelled it (e.g., `\hobx'), type `I' and the correct
spelling (e.g., `I\hbox'). Otherwise just continue,
and I'll forget about whatever was undefined.

./concurrent__observer_8h.tex:26: Missing $ inserted.
<inserted text> 
                $
l.26 ...ctList}\small\item\em The \doxylink{class_
                                                  concurrent___observer}{Con...
I've inserted a begin-math/end-math symbol since I think
you left one out. Proceed, with fingers crossed.

./concurrent__observer_8h.tex:26: Missing { inserted.
<to be read again> 
                   _
l.26 ...l\item\em The \doxylink{class_concurrent__
                                                  _observer}{Concurrent\+\_\...
A left brace was mandatory here, so I've put one in.
You might want to delete and/or insert some corrections
so that I will find a matching right brace soon.
(If you're confused by all this, try typing `I}' now.)

./concurrent__observer_8h.tex:26: Missing { inserted.
<to be read again> 
                   _
l.26 ...\item\em The \doxylink{class_concurrent___
                                                  observer}{Concurrent\+\_\+...
A left brace was mandatory here, so I've put one in.
You might want to delete and/or insert some corrections
so that I will find a matching right brace soon.
(If you're confused by all this, try typing `I}' now.)

./concurrent__observer_8h.tex:26: Undefined control sequence.
l.26 ...{class_concurrent___observer}{Concurrent\+
                                                  \_\+\+Observer}, now a spe...
The control sequence at the end of the top line
of your error message was never \def'ed. If you have
misspelled it (e.g., `\hobx'), type `I' and the correct
spelling (e.g., `I\hbox'). Otherwise just continue,
and I'll forget about whatever was undefined.

./concurrent__observer_8h.tex:26: Undefined control sequence.
l.26 ...ss_concurrent___observer}{Concurrent\+\_\+
                                                  \+Observer}, now a special...
The control sequence at the end of the top line
of your error message was never \def'ed. If you have
misspelled it (e.g., `\hobx'), type `I' and the correct
spelling (e.g., `I\hbox'). Otherwise just continue,
and I'll forget about whatever was undefined.

./concurrent__observer_8h.tex:26: Undefined control sequence.
l.26 ..._concurrent___observer}{Concurrent\+\_\+\+
                                                  Observer}, now a specializ...
The control sequence at the end of the top line
of your error message was never \def'ed. If you have
misspelled it (e.g., `\hobx'), type `I' and the correct
spelling (e.g., `I\hbox'). Otherwise just continue,
and I'll forget about whatever was undefined.

./concurrent__observer_8h.tex:26: Undefined control sequence.
l.26 ...rver}, now a specialized type of \doxylink
                                                  {class_conditional___data_...
The control sequence at the end of the top line
of your error message was never \def'ed. If you have
misspelled it (e.g., `\hobx'), type `I' and the correct
spelling (e.g., `I\hbox'). Otherwise just continue,
and I'll forget about whatever was undefined.

./concurrent__observer_8h.tex:26: Missing { inserted.
<to be read again> 
                   _
l.26 ...ized type of \doxylink{class_conditional__
                                                  _data___observer}{Conditio...
A left brace was mandatory here, so I've put one in.
You might want to delete and/or insert some corrections
so that I will find a matching right brace soon.
(If you're confused by all this, try typing `I}' now.)

./concurrent__observer_8h.tex:26: Missing { inserted.
<to be read again> 
                   _
l.26 ...zed type of \doxylink{class_conditional___
                                                  data___observer}{Condition...
A left brace was mandatory here, so I've put one in.
You might want to delete and/or insert some corrections
so that I will find a matching right brace soon.
(If you're confused by all this, try typing `I}' now.)

./concurrent__observer_8h.tex:26: Missing { inserted.
<to be read again> 
                   _
l.26 ...pe of \doxylink{class_conditional___data__
                                                  _observer}{Conditional\+\_...
A left brace was mandatory here, so I've put one in.
You might want to delete and/or insert some corrections
so that I will find a matching right brace soon.
(If you're confused by all this, try typing `I}' now.)

./concurrent__observer_8h.tex:26: Missing { inserted.
<to be read again> 
                   _
l.26 ...e of \doxylink{class_conditional___data___
                                                  observer}{Conditional\+\_\...
A left brace was mandatory here, so I've put one in.
You might want to delete and/or insert some corrections
so that I will find a matching right brace soon.
(If you're confused by all this, try typing `I}' now.)

./concurrent__observer_8h.tex:26: Undefined control sequence.
l.26 ...nditional___data___observer}{Conditional\+
                                                  \_\+\+Data\+\_\+\+Observer...
The control sequence at the end of the top line
of your error message was never \def'ed. If you have
misspelled it (e.g., `\hobx'), type `I' and the correct
spelling (e.g., `I\hbox'). Otherwise just continue,
and I'll forget about whatever was undefined.

./concurrent__observer_8h.tex:26: Undefined control sequence.
l.26 ...ional___data___observer}{Conditional\+\_\+
                                                  \+Data\+\_\+\+Observer}. \...
The control sequence at the end of the top line
of your error message was never \def'ed. If you have
misspelled it (e.g., `\hobx'), type `I' and the correct
spelling (e.g., `I\hbox'). Otherwise just continue,
and I'll forget about whatever was undefined.

./concurrent__observer_8h.tex:26: Undefined control sequence.
l.26 ...nal___data___observer}{Conditional\+\_\+\+
                                                  Data\+\_\+\+Observer}. \en...
The control sequence at the end of the top line
of your error message was never \def'ed. If you have
misspelled it (e.g., `\hobx'), type `I' and the correct
spelling (e.g., `I\hbox'). Otherwise just continue,
and I'll forget about whatever was undefined.

./concurrent__observer_8h.tex:26: Undefined control sequence.
l.26 ...data___observer}{Conditional\+\_\+\+Data\+
                                                  \_\+\+Observer}. \end{Doxy...
The control sequence at the end of the top line
of your error message was never \def'ed. If you have
misspelled it (e.g., `\hobx'), type `I' and the correct
spelling (e.g., `I\hbox'). Otherwise just continue,
and I'll forget about whatever was undefined.

./concurrent__observer_8h.tex:26: Undefined control sequence.
l.26 ...___observer}{Conditional\+\_\+\+Data\+\_\+
                                                  \+Observer}. \end{DoxyComp...
The control sequence at the end of the top line
of your error message was never \def'ed. If you have
misspelled it (e.g., `\hobx'), type `I' and the correct
spelling (e.g., `I\hbox'). Otherwise just continue,
and I'll forget about whatever was undefined.

./concurrent__observer_8h.tex:26: Undefined control sequence.
l.26 ..._observer}{Conditional\+\_\+\+Data\+\_\+\+
                                                  Observer}. \end{DoxyCompac...
The control sequence at the end of the top line
of your error message was never \def'ed. If you have
misspelled it (e.g., `\hobx'), type `I' and the correct
spelling (e.g., `I\hbox'). Otherwise just continue,
and I'll forget about whatever was undefined.


./concurrent__observer_8h.tex:26: LaTeX Error: \begin{document} ended by \end{DoxyCompactList}.

See the LaTeX manual or LaTeX Companion for explanation.
Type  H <return>  for immediate help.
 ...                                              
                                                  
l.26 ...ta\+\_\+\+Observer}. \end{DoxyCompactList}
                                                  \end{DoxyCompactItemize}
Your command was ignored.
Type  I <command> <return>  to replace it with another command,
or  <return>  to continue without it.

./concurrent__observer_8h.tex:26: Missing } inserted.
<inserted text> 
                }
l.26 ...ta\+\_\+\+Observer}. \end{DoxyCompactList}
                                                  \end{DoxyCompactItemize}
I've inserted something that you may have forgotten.
(See the <inserted text> above.)
With luck, this will get me unwedged. But if you
really didn't forget anything, try typing `2' now; then
my insertion and my current dilemma will both disappear.

./concurrent__observer_8h.tex:26: Missing } inserted.
<inserted text> 
                }
l.26 ...ta\+\_\+\+Observer}. \end{DoxyCompactList}
                                                  \end{DoxyCompactItemize}
I've inserted something that you may have forgotten.
(See the <inserted text> above.)
With luck, this will get me unwedged. But if you
really didn't forget anything, try typing `2' now; then
my insertion and my current dilemma will both disappear.

./concurrent__observer_8h.tex:26: Missing } inserted.
<inserted text> 
                }
l.26 ...ta\+\_\+\+Observer}. \end{DoxyCompactList}
                                                  \end{DoxyCompactItemize}
I've inserted something that you may have forgotten.
(See the <inserted text> above.)
With luck, this will get me unwedged. But if you
really didn't forget anything, try typing `2' now; then
my insertion and my current dilemma will both disappear.

./concurrent__observer_8h.tex:26: Missing } inserted.
<inserted text> 
                }
l.26 ...ta\+\_\+\+Observer}. \end{DoxyCompactList}
                                                  \end{DoxyCompactItemize}
I've inserted something that you may have forgotten.
(See the <inserted text> above.)
With luck, this will get me unwedged. But if you
really didn't forget anything, try typing `2' now; then
my insertion and my current dilemma will both disappear.

./concurrent__observer_8h.tex:26: Missing } inserted.
<inserted text> 
                }
l.26 ...ta\+\_\+\+Observer}. \end{DoxyCompactList}
                                                  \end{DoxyCompactItemize}
I've inserted something that you may have forgotten.
(See the <inserted text> above.)
With luck, this will get me unwedged. But if you
really didn't forget anything, try typing `2' now; then
my insertion and my current dilemma will both disappear.

./concurrent__observer_8h.tex:26: Missing $ inserted.
<inserted text> 
                $
l.26 ...ta\+\_\+\+Observer}. \end{DoxyCompactList}
                                                  \end{DoxyCompactItemize}
I've inserted something that you may have forgotten.
(See the <inserted text> above.)
With luck, this will get me unwedged. But if you
really didn't forget anything, try typing `2' now; then
my insertion and my current dilemma will both disappear.

./concurrent__observer_8h.tex:26: Missing } inserted.
<inserted text> 
                }
l.26 ...ta\+\_\+\+Observer}. \end{DoxyCompactList}
                                                  \end{DoxyCompactItemize}
I've inserted something that you may have forgotten.
(See the <inserted text> above.)
With luck, this will get me unwedged. But if you
really didn't forget anything, try typing `2' now; then
my insertion and my current dilemma will both disappear.


./concurrent__observer_8h.tex:26: LaTeX Error: \begin{document} ended by \end{DoxyCompactItemize}.

See the LaTeX manual or LaTeX Companion for explanation.
Type  H <return>  for immediate help.
 ...                                              
                                                  
l.26 ...d{DoxyCompactList}\end{DoxyCompactItemize}
                                                  
Your command was ignored.
Type  I <command> <return>  to replace it with another command,
or  <return>  to continue without it.

./concurrent__observer_8h.tex:26: Extra \endgroup.
\end  ...end#1\endcsname \@checkend {#1}\endgroup 
                                                  \UseHook {env/#1/after}\if...
l.26 ...d{DoxyCompactList}\end{DoxyCompactItemize}
                                                  
Things are pretty mixed up, but I think the worst is over.

)
! Emergency stop.
<*> concurrent__observer_8h.tex
                               
*** (job aborted, no legal \end found)

 
Here is how much of TeX's memory you used:
 37 strings out of 469269
 852 string characters out of 5467112
 432984 words of memory out of 5000000
 28567 multiletter control sequences out of 15000+600000
 627339 words of font info for 42 fonts, out of 8000000 for 9000
 319 hyphenation exceptions out of 8191
 22i,10n,23p,345b,95s stack positions out of 10000i,1000n,20000p,200000b,200000s
!  ==> Fatal error occurred, no output PDF file produced!
