This is pdfTeX, Version 3.141592653-2.6-1.40.28 (TeX Live 2025) (preloaded format=pdflatex 2025.9.24)  27 SEP 2025 18:54
entering extended mode
 \write18 enabled.
 file:line:error style messages enabled.
 %&-line parsing enabled.
**conditional__data__observer_8hpp_source.tex
(./conditional__data__observer_8hpp_source.tex
LaTeX2e <2025-06-01> patch level 1
L3 programming layer <2025-09-02>
./conditional__data__observer_8hpp_source.tex:1: Undefined control sequence.
l.1 \doxysection
                {conditional\+\_\+data\+\_\+observer.\+hpp}
The control sequence at the end of the top line
of your error message was never \def'ed. If you have
misspelled it (e.g., `\hobx'), type `I' and the correct
spelling (e.g., `I\hbox'). Otherwise just continue,
and I'll forget about whatever was undefined.


./conditional__data__observer_8hpp_source.tex:1: LaTeX Error: Missing \begin{document}.

See the LaTeX manual or LaTeX Companion for explanation.
Type  H <return>  for immediate help.
 ...                                              
                                                  
l.1 \doxysection{c
                  onditional\+\_\+data\+\_\+observer.\+hpp}
You're in trouble here.  Try typing  <return>  to proceed.
If that doesn't work, type  X <return>  to quit.

Missing character: There is no c in font nullfont!
Missing character: There is no o in font nullfont!
Missing character: There is no n in font nullfont!
Missing character: There is no d in font nullfont!
Missing character: There is no i in font nullfont!
Missing character: There is no t in font nullfont!
Missing character: There is no i in font nullfont!
Missing character: There is no o in font nullfont!
Missing character: There is no n in font nullfont!
Missing character: There is no a in font nullfont!
Missing character: There is no l in font nullfont!
./conditional__data__observer_8hpp_source.tex:1: Undefined control sequence.
l.1 \doxysection{conditional\+
                              \_\+data\+\_\+observer.\+hpp}
The control sequence at the end of the top line
of your error message was never \def'ed. If you have
misspelled it (e.g., `\hobx'), type `I' and the correct
spelling (e.g., `I\hbox'). Otherwise just continue,
and I'll forget about whatever was undefined.

./conditional__data__observer_8hpp_source.tex:1: Undefined control sequence.
l.1 \doxysection{conditional\+\_\+
                                  data\+\_\+observer.\+hpp}
The control sequence at the end of the top line
of your error message was never \def'ed. If you have
misspelled it (e.g., `\hobx'), type `I' and the correct
spelling (e.g., `I\hbox'). Otherwise just continue,
and I'll forget about whatever was undefined.

Missing character: There is no d in font nullfont!
Missing character: There is no a in font nullfont!
Missing character: There is no t in font nullfont!
Missing character: There is no a in font nullfont!
./conditional__data__observer_8hpp_source.tex:1: Undefined control sequence.
l.1 \doxysection{conditional\+\_\+data\+
                                        \_\+observer.\+hpp}
The control sequence at the end of the top line
of your error message was never \def'ed. If you have
misspelled it (e.g., `\hobx'), type `I' and the correct
spelling (e.g., `I\hbox'). Otherwise just continue,
and I'll forget about whatever was undefined.

./conditional__data__observer_8hpp_source.tex:1: Undefined control sequence.
l.1 \doxysection{conditional\+\_\+data\+\_\+
                                            observer.\+hpp}
The control sequence at the end of the top line
of your error message was never \def'ed. If you have
misspelled it (e.g., `\hobx'), type `I' and the correct
spelling (e.g., `I\hbox'). Otherwise just continue,
and I'll forget about whatever was undefined.

Missing character: There is no o in font nullfont!
Missing character: There is no b in font nullfont!
Missing character: There is no s in font nullfont!
Missing character: There is no e in font nullfont!
Missing character: There is no r in font nullfont!
Missing character: There is no v in font nullfont!
Missing character: There is no e in font nullfont!
Missing character: There is no r in font nullfont!
Missing character: There is no . in font nullfont!
./conditional__data__observer_8hpp_source.tex:1: Undefined control sequence.
l.1 ...tion{conditional\+\_\+data\+\_\+observer.\+
                                                  hpp}
The control sequence at the end of the top line
of your error message was never \def'ed. If you have
misspelled it (e.g., `\hobx'), type `I' and the correct
spelling (e.g., `I\hbox'). Otherwise just continue,
and I'll forget about whatever was undefined.

Missing character: There is no h in font nullfont!
Missing character: There is no p in font nullfont!
Missing character: There is no p in font nullfont!
./conditional__data__observer_8hpp_source.tex:2: Undefined control sequence.
l.2 \hypertarget
                {conditional__data__observer_8hpp_source}{}\label{conditiona...
The control sequence at the end of the top line
of your error message was never \def'ed. If you have
misspelled it (e.g., `\hobx'), type `I' and the correct
spelling (e.g., `I\hbox'). Otherwise just continue,
and I'll forget about whatever was undefined.

Missing character: There is no c in font nullfont!
Missing character: There is no o in font nullfont!
Missing character: There is no n in font nullfont!
Missing character: There is no d in font nullfont!
Missing character: There is no i in font nullfont!
Missing character: There is no t in font nullfont!
Missing character: There is no i in font nullfont!
Missing character: There is no o in font nullfont!
Missing character: There is no n in font nullfont!
Missing character: There is no a in font nullfont!
Missing character: There is no l in font nullfont!
./conditional__data__observer_8hpp_source.tex:2: Missing $ inserted.
<inserted text> 
                $
l.2 \hypertarget{conditional_
                             _data__observer_8hpp_source}{}\label{conditiona...
I've inserted a begin-math/end-math symbol since I think
you left one out. Proceed, with fingers crossed.

LaTeX Font Info:    External font `cmex10' loaded for size
(Font)              <7> on input line 2.
LaTeX Font Info:    External font `cmex10' loaded for size
(Font)              <5> on input line 2.
./conditional__data__observer_8hpp_source.tex:2: Missing { inserted.
<to be read again> 
                   _
l.2 \hypertarget{conditional__
                              data__observer_8hpp_source}{}\label{conditiona...
A left brace was mandatory here, so I've put one in.
You might want to delete and/or insert some corrections
so that I will find a matching right brace soon.
(If you're confused by all this, try typing `I}' now.)

./conditional__data__observer_8hpp_source.tex:2: Missing { inserted.
<to be read again> 
                   _
l.2 \hypertarget{conditional__data__
                                    observer_8hpp_source}{}\label{conditiona...
A left brace was mandatory here, so I've put one in.
You might want to delete and/or insert some corrections
so that I will find a matching right brace soon.
(If you're confused by all this, try typing `I}' now.)

./conditional__data__observer_8hpp_source.tex:3: Undefined control sequence.
<argument> \hyperlink 
                      {conditional__data__observer_8hpp}{Go to the documenta...
l.3 ...pp}{Go to the documentation of this file.}}
                                                  
The control sequence at the end of the top line
of your error message was never \def'ed. If you have
misspelled it (e.g., `\hobx'), type `I' and the correct
spelling (e.g., `I\hbox'). Otherwise just continue,
and I'll forget about whatever was undefined.

Missing character: There is no c in font nullfont!
Missing character: There is no o in font nullfont!
Missing character: There is no n in font nullfont!
Missing character: There is no d in font nullfont!
Missing character: There is no i in font nullfont!
Missing character: There is no t in font nullfont!
Missing character: There is no i in font nullfont!
Missing character: There is no o in font nullfont!
Missing character: There is no n in font nullfont!
Missing character: There is no a in font nullfont!
Missing character: There is no l in font nullfont!
./conditional__data__observer_8hpp_source.tex:3: Missing $ inserted.
<inserted text> 
                $
l.3 ...pp}{Go to the documentation of this file.}}
                                                  
I've inserted a begin-math/end-math symbol since I think
you left one out. Proceed, with fingers crossed.

./conditional__data__observer_8hpp_source.tex:3: Missing { inserted.
<to be read again> 
                   _
l.3 ...pp}{Go to the documentation of this file.}}
                                                  
A left brace was mandatory here, so I've put one in.
You might want to delete and/or insert some corrections
so that I will find a matching right brace soon.
(If you're confused by all this, try typing `I}' now.)

./conditional__data__observer_8hpp_source.tex:3: Missing { inserted.
<to be read again> 
                   _
l.3 ...pp}{Go to the documentation of this file.}}
                                                  
A left brace was mandatory here, so I've put one in.
You might want to delete and/or insert some corrections
so that I will find a matching right brace soon.
(If you're confused by all this, try typing `I}' now.)


./conditional__data__observer_8hpp_source.tex:4: LaTeX Error: Environment DoxyCode undefined.

See the LaTeX manual or LaTeX Companion for explanation.
Type  H <return>  for immediate help.
 ...                                              
                                                  
l.4 \begin{DoxyCode}
                    {0}
Your command was ignored.
Type  I <command> <return>  to replace it with another command,
or  <return>  to continue without it.

./conditional__data__observer_8hpp_source.tex:5: Undefined control sequence.
l.5 \DoxyCodeLine
                 {00001\ \textcolor{preprocessor}{\#ifndef\ CONDITIONAL\_DAT...
The control sequence at the end of the top line
of your error message was never \def'ed. If you have
misspelled it (e.g., `\hobx'), type `I' and the correct
spelling (e.g., `I\hbox'). Otherwise just continue,
and I'll forget about whatever was undefined.

./conditional__data__observer_8hpp_source.tex:5: Undefined control sequence.
l.5 \DoxyCodeLine{00001\ \textcolor
                                   {preprocessor}{\#ifndef\ CONDITIONAL\_DAT...
The control sequence at the end of the top line
of your error message was never \def'ed. If you have
misspelled it (e.g., `\hobx'), type `I' and the correct
spelling (e.g., `I\hbox'). Otherwise just continue,
and I'll forget about whatever was undefined.

./conditional__data__observer_8hpp_source.tex:6: Undefined control sequence.
l.6 \DoxyCodeLine
                 {00002\ \textcolor{preprocessor}{\#define\ CONDITIONAL\_DAT...
The control sequence at the end of the top line
of your error message was never \def'ed. If you have
misspelled it (e.g., `\hobx'), type `I' and the correct
spelling (e.g., `I\hbox'). Otherwise just continue,
and I'll forget about whatever was undefined.

./conditional__data__observer_8hpp_source.tex:6: Undefined control sequence.
l.6 \DoxyCodeLine{00002\ \textcolor
                                   {preprocessor}{\#define\ CONDITIONAL\_DAT...
The control sequence at the end of the top line
of your error message was never \def'ed. If you have
misspelled it (e.g., `\hobx'), type `I' and the correct
spelling (e.g., `I\hbox'). Otherwise just continue,
and I'll forget about whatever was undefined.

./conditional__data__observer_8hpp_source.tex:7: Undefined control sequence.
l.7 \DoxyCodeLine
                 {00003\ }
The control sequence at the end of the top line
of your error message was never \def'ed. If you have
misspelled it (e.g., `\hobx'), type `I' and the correct
spelling (e.g., `I\hbox'). Otherwise just continue,
and I'll forget about whatever was undefined.

./conditional__data__observer_8hpp_source.tex:8: Undefined control sequence.
l.8 \DoxyCodeLine
                 {00004\ \textcolor{keyword}{template}\ <\textcolor{keyword}...
The control sequence at the end of the top line
of your error message was never \def'ed. If you have
misspelled it (e.g., `\hobx'), type `I' and the correct
spelling (e.g., `I\hbox'). Otherwise just continue,
and I'll forget about whatever was undefined.

./conditional__data__observer_8hpp_source.tex:8: Undefined control sequence.
l.8 \DoxyCodeLine{00004\ \textcolor
                                   {keyword}{template}\ <\textcolor{keyword}...
The control sequence at the end of the top line
of your error message was never \def'ed. If you have
misspelled it (e.g., `\hobx'), type `I' and the correct
spelling (e.g., `I\hbox'). Otherwise just continue,
and I'll forget about whatever was undefined.

./conditional__data__observer_8hpp_source.tex:8: Undefined control sequence.
l.8 ... \textcolor{keyword}{template}\ <\textcolor
                                                  {keyword}{typename}\ T,\ \...
The control sequence at the end of the top line
of your error message was never \def'ed. If you have
misspelled it (e.g., `\hobx'), type `I' and the correct
spelling (e.g., `I\hbox'). Otherwise just continue,
and I'll forget about whatever was undefined.

./conditional__data__observer_8hpp_source.tex:8: Undefined control sequence.
l.8 ...extcolor{keyword}{typename}\ T,\ \textcolor
                                                  {keyword}{typename}\ Condi...
The control sequence at the end of the top line
of your error message was never \def'ed. If you have
misspelled it (e.g., `\hobx'), type `I' and the correct
spelling (e.g., `I\hbox'). Otherwise just continue,
and I'll forget about whatever was undefined.

./conditional__data__observer_8hpp_source.tex:9: Undefined control sequence.
l.9 \DoxyCodeLine
                 {00005\ \textcolor{keyword}{class\ }\mbox{\hyperlink{class_...
The control sequence at the end of the top line
of your error message was never \def'ed. If you have
misspelled it (e.g., `\hobx'), type `I' and the correct
spelling (e.g., `I\hbox'). Otherwise just continue,
and I'll forget about whatever was undefined.

./conditional__data__observer_8hpp_source.tex:9: Undefined control sequence.
l.9 \DoxyCodeLine{00005\ \textcolor
                                   {keyword}{class\ }\mbox{\hyperlink{class_...
The control sequence at the end of the top line
of your error message was never \def'ed. If you have
misspelled it (e.g., `\hobx'), type `I' and the correct
spelling (e.g., `I\hbox'). Otherwise just continue,
and I'll forget about whatever was undefined.

./conditional__data__observer_8hpp_source.tex:9: Undefined control sequence.
<argument> \hyperlink 
                      {class_conditionally___data___observed}{Conditionally\...
l.9 ...__observed}{Conditionally\_Data\_Observed}}
                                                  ;}
The control sequence at the end of the top line
of your error message was never \def'ed. If you have
misspelled it (e.g., `\hobx'), type `I' and the correct
spelling (e.g., `I\hbox'). Otherwise just continue,
and I'll forget about whatever was undefined.

Missing character: There is no c in font nullfont!
Missing character: There is no l in font nullfont!
Missing character: There is no a in font nullfont!
Missing character: There is no s in font nullfont!
Missing character: There is no s in font nullfont!
./conditional__data__observer_8hpp_source.tex:9: Missing $ inserted.
<inserted text> 
                $
l.9 ...__observed}{Conditionally\_Data\_Observed}}
                                                  ;}
I've inserted a begin-math/end-math symbol since I think
you left one out. Proceed, with fingers crossed.

./conditional__data__observer_8hpp_source.tex:9: Missing { inserted.
<to be read again> 
                   _
l.9 ...__observed}{Conditionally\_Data\_Observed}}
                                                  ;}
A left brace was mandatory here, so I've put one in.
You might want to delete and/or insert some corrections
so that I will find a matching right brace soon.
(If you're confused by all this, try typing `I}' now.)

./conditional__data__observer_8hpp_source.tex:9: Missing { inserted.
<to be read again> 
                   _
l.9 ...__observed}{Conditionally\_Data\_Observed}}
                                                  ;}
A left brace was mandatory here, so I've put one in.
You might want to delete and/or insert some corrections
so that I will find a matching right brace soon.
(If you're confused by all this, try typing `I}' now.)

./conditional__data__observer_8hpp_source.tex:9: Missing { inserted.
<to be read again> 
                   _
l.9 ...__observed}{Conditionally\_Data\_Observed}}
                                                  ;}
A left brace was mandatory here, so I've put one in.
You might want to delete and/or insert some corrections
so that I will find a matching right brace soon.
(If you're confused by all this, try typing `I}' now.)

./conditional__data__observer_8hpp_source.tex:9: Missing { inserted.
<to be read again> 
                   _
l.9 ...__observed}{Conditionally\_Data\_Observed}}
                                                  ;}
A left brace was mandatory here, so I've put one in.
You might want to delete and/or insert some corrections
so that I will find a matching right brace soon.
(If you're confused by all this, try typing `I}' now.)

./conditional__data__observer_8hpp_source.tex:10: Undefined control sequence.
l.10 \DoxyCodeLine
                  {00006\ }
The control sequence at the end of the top line
of your error message was never \def'ed. If you have
misspelled it (e.g., `\hobx'), type `I' and the correct
spelling (e.g., `I\hbox'). Otherwise just continue,
and I'll forget about whatever was undefined.

./conditional__data__observer_8hpp_source.tex:11: Undefined control sequence.
l.11 \DoxyCodeLine
                  {00007\ \textcolor{keyword}{template}\ <\textcolor{keyword...
The control sequence at the end of the top line
of your error message was never \def'ed. If you have
misspelled it (e.g., `\hobx'), type `I' and the correct
spelling (e.g., `I\hbox'). Otherwise just continue,
and I'll forget about whatever was undefined.

./conditional__data__observer_8hpp_source.tex:11: Undefined control sequence.
l.11 \DoxyCodeLine{00007\ \textcolor
                                    {keyword}{template}\ <\textcolor{keyword...
The control sequence at the end of the top line
of your error message was never \def'ed. If you have
misspelled it (e.g., `\hobx'), type `I' and the correct
spelling (e.g., `I\hbox'). Otherwise just continue,
and I'll forget about whatever was undefined.

./conditional__data__observer_8hpp_source.tex:11: Undefined control sequence.
l.11 ...\textcolor{keyword}{template}\ <\textcolor
                                                  {keyword}{typename}\ T,\ \...
The control sequence at the end of the top line
of your error message was never \def'ed. If you have
misspelled it (e.g., `\hobx'), type `I' and the correct
spelling (e.g., `I\hbox'). Otherwise just continue,
and I'll forget about whatever was undefined.

./conditional__data__observer_8hpp_source.tex:11: Undefined control sequence.
l.11 ...xtcolor{keyword}{typename}\ T,\ \textcolor
                                                  {keyword}{typename}\ Condi...
The control sequence at the end of the top line
of your error message was never \def'ed. If you have
misspelled it (e.g., `\hobx'), type `I' and the correct
spelling (e.g., `I\hbox'). Otherwise just continue,
and I'll forget about whatever was undefined.

./conditional__data__observer_8hpp_source.tex:11: Undefined control sequence.
l.11 ...yword}{typename}\ Condition\ =\ \textcolor
                                                  {keywordtype}{void}>}
The control sequence at the end of the top line
of your error message was never \def'ed. If you have
misspelled it (e.g., `\hobx'), type `I' and the correct
spelling (e.g., `I\hbox'). Otherwise just continue,
and I'll forget about whatever was undefined.

./conditional__data__observer_8hpp_source.tex:12: Undefined control sequence.
l.12 \DoxyCodeLine
                  {00008\ \textcolor{keyword}{class\ }\mbox{\hyperlink{class...
The control sequence at the end of the top line
of your error message was never \def'ed. If you have
misspelled it (e.g., `\hobx'), type `I' and the correct
spelling (e.g., `I\hbox'). Otherwise just continue,
and I'll forget about whatever was undefined.

./conditional__data__observer_8hpp_source.tex:12: Undefined control sequence.
l.12 \DoxyCodeLine{00008\ \textcolor
                                    {keyword}{class\ }\mbox{\hyperlink{class...
The control sequence at the end of the top line
of your error message was never \def'ed. If you have
misspelled it (e.g., `\hobx'), type `I' and the correct
spelling (e.g., `I\hbox'). Otherwise just continue,
and I'll forget about whatever was undefined.

./conditional__data__observer_8hpp_source.tex:12: Undefined control sequence.
<argument> \hyperlink 
                      {class_conditional___data___observer}{Conditional\_Dat...
l.12 ...___observer}{Conditional\_Data\_Observer}}
                                                  \ \{}
The control sequence at the end of the top line
of your error message was never \def'ed. If you have
misspelled it (e.g., `\hobx'), type `I' and the correct
spelling (e.g., `I\hbox'). Otherwise just continue,
and I'll forget about whatever was undefined.

Missing character: There is no c in font nullfont!
Missing character: There is no l in font nullfont!
Missing character: There is no a in font nullfont!
Missing character: There is no s in font nullfont!
Missing character: There is no s in font nullfont!
./conditional__data__observer_8hpp_source.tex:12: Missing $ inserted.
<inserted text> 
                $
l.12 ...___observer}{Conditional\_Data\_Observer}}
                                                  \ \{}
I've inserted a begin-math/end-math symbol since I think
you left one out. Proceed, with fingers crossed.

./conditional__data__observer_8hpp_source.tex:12: Missing { inserted.
<to be read again> 
                   _
l.12 ...___observer}{Conditional\_Data\_Observer}}
                                                  \ \{}
A left brace was mandatory here, so I've put one in.
You might want to delete and/or insert some corrections
so that I will find a matching right brace soon.
(If you're confused by all this, try typing `I}' now.)

./conditional__data__observer_8hpp_source.tex:12: Missing { inserted.
<to be read again> 
                   _
l.12 ...___observer}{Conditional\_Data\_Observer}}
                                                  \ \{}
A left brace was mandatory here, so I've put one in.
You might want to delete and/or insert some corrections
so that I will find a matching right brace soon.
(If you're confused by all this, try typing `I}' now.)

./conditional__data__observer_8hpp_source.tex:12: Missing { inserted.
<to be read again> 
                   _
l.12 ...___observer}{Conditional\_Data\_Observer}}
                                                  \ \{}
A left brace was mandatory here, so I've put one in.
You might want to delete and/or insert some corrections
so that I will find a matching right brace soon.
(If you're confused by all this, try typing `I}' now.)

./conditional__data__observer_8hpp_source.tex:12: Missing { inserted.
<to be read again> 
                   _
l.12 ...___observer}{Conditional\_Data\_Observer}}
                                                  \ \{}
A left brace was mandatory here, so I've put one in.
You might want to delete and/or insert some corrections
so that I will find a matching right brace soon.
(If you're confused by all this, try typing `I}' now.)

./conditional__data__observer_8hpp_source.tex:13: Undefined control sequence.
l.13 \DoxyCodeLine
                  {00009\ \ \ \ \ \textcolor{keyword}{friend}\ \textcolor{ke...
The control sequence at the end of the top line
of your error message was never \def'ed. If you have
misspelled it (e.g., `\hobx'), type `I' and the correct
spelling (e.g., `I\hbox'). Otherwise just continue,
and I'll forget about whatever was undefined.

./conditional__data__observer_8hpp_source.tex:13: Undefined control sequence.
l.13 \DoxyCodeLine{00009\ \ \ \ \ \textcolor
                                            {keyword}{friend}\ \textcolor{ke...
The control sequence at the end of the top line
of your error message was never \def'ed. If you have
misspelled it (e.g., `\hobx'), type `I' and the correct
spelling (e.g., `I\hbox'). Otherwise just continue,
and I'll forget about whatever was undefined.

./conditional__data__observer_8hpp_source.tex:13: Undefined control sequence.
l.13 ... \ \textcolor{keyword}{friend}\ \textcolor
                                                  {keyword}{class\ }\mbox{\h...
The control sequence at the end of the top line
of your error message was never \def'ed. If you have
misspelled it (e.g., `\hobx'), type `I' and the correct
spelling (e.g., `I\hbox'). Otherwise just continue,
and I'll forget about whatever was undefined.

./conditional__data__observer_8hpp_source.tex:13: Undefined control sequence.
<argument> \hyperlink 
                      {class_conditionally___data___observed}{Conditionally\...
l.13 ..._observed}{Conditionally\_Data\_Observed}}
                                                  <T,\ Condition>;}
The control sequence at the end of the top line
of your error message was never \def'ed. If you have
misspelled it (e.g., `\hobx'), type `I' and the correct
spelling (e.g., `I\hbox'). Otherwise just continue,
and I'll forget about whatever was undefined.

Missing character: There is no c in font nullfont!
Missing character: There is no l in font nullfont!
Missing character: There is no a in font nullfont!
Missing character: There is no s in font nullfont!
Missing character: There is no s in font nullfont!
./conditional__data__observer_8hpp_source.tex:13: Missing $ inserted.
<inserted text> 
                $
l.13 ..._observed}{Conditionally\_Data\_Observed}}
                                                  <T,\ Condition>;}
I've inserted a begin-math/end-math symbol since I think
you left one out. Proceed, with fingers crossed.

./conditional__data__observer_8hpp_source.tex:13: Missing { inserted.
<to be read again> 
                   _
l.13 ..._observed}{Conditionally\_Data\_Observed}}
                                                  <T,\ Condition>;}
A left brace was mandatory here, so I've put one in.
You might want to delete and/or insert some corrections
so that I will find a matching right brace soon.
(If you're confused by all this, try typing `I}' now.)

./conditional__data__observer_8hpp_source.tex:13: Missing { inserted.
<to be read again> 
                   _
l.13 ..._observed}{Conditionally\_Data\_Observed}}
                                                  <T,\ Condition>;}
A left brace was mandatory here, so I've put one in.
You might want to delete and/or insert some corrections
so that I will find a matching right brace soon.
(If you're confused by all this, try typing `I}' now.)

./conditional__data__observer_8hpp_source.tex:13: Missing { inserted.
<to be read again> 
                   _
l.13 ..._observed}{Conditionally\_Data\_Observed}}
                                                  <T,\ Condition>;}
A left brace was mandatory here, so I've put one in.
You might want to delete and/or insert some corrections
so that I will find a matching right brace soon.
(If you're confused by all this, try typing `I}' now.)

./conditional__data__observer_8hpp_source.tex:13: Missing { inserted.
<to be read again> 
                   _
l.13 ..._observed}{Conditionally\_Data\_Observed}}
                                                  <T,\ Condition>;}
A left brace was mandatory here, so I've put one in.
You might want to delete and/or insert some corrections
so that I will find a matching right brace soon.
(If you're confused by all this, try typing `I}' now.)

./conditional__data__observer_8hpp_source.tex:14: Undefined control sequence.
l.14 \DoxyCodeLine
                  {00010\ }
The control sequence at the end of the top line
of your error message was never \def'ed. If you have
misspelled it (e.g., `\hobx'), type `I' and the correct
spelling (e.g., `I\hbox'). Otherwise just continue,
and I'll forget about whatever was undefined.

./conditional__data__observer_8hpp_source.tex:15: Undefined control sequence.
l.15 \DoxyCodeLine
                  {00011\ \ \ \ \ \textcolor{keyword}{public}:}
The control sequence at the end of the top line
of your error message was never \def'ed. If you have
misspelled it (e.g., `\hobx'), type `I' and the correct
spelling (e.g., `I\hbox'). Otherwise just continue,
and I'll forget about whatever was undefined.

./conditional__data__observer_8hpp_source.tex:15: Undefined control sequence.
l.15 \DoxyCodeLine{00011\ \ \ \ \ \textcolor
                                            {keyword}{public}:}
The control sequence at the end of the top line
of your error message was never \def'ed. If you have
misspelled it (e.g., `\hobx'), type `I' and the correct
spelling (e.g., `I\hbox'). Otherwise just continue,
and I'll forget about whatever was undefined.

./conditional__data__observer_8hpp_source.tex:16: Undefined control sequence.
l.16 \DoxyCodeLine
                  {00012\ }
The control sequence at the end of the top line
of your error message was never \def'ed. If you have
misspelled it (e.g., `\hobx'), type `I' and the correct
spelling (e.g., `I\hbox'). Otherwise just continue,
and I'll forget about whatever was undefined.

./conditional__data__observer_8hpp_source.tex:17: Undefined control sequence.
l.17 \DoxyCodeLine
                  {00013\ \ \ \ \ \ \ \ \ \textcolor{keyword}{using\ }\mbox{...
The control sequence at the end of the top line
of your error message was never \def'ed. If you have
misspelled it (e.g., `\hobx'), type `I' and the correct
spelling (e.g., `I\hbox'). Otherwise just continue,
and I'll forget about whatever was undefined.

./conditional__data__observer_8hpp_source.tex:17: Undefined control sequence.
l.17 ...CodeLine{00013\ \ \ \ \ \ \ \ \ \textcolor
                                                  {keyword}{using\ }\mbox{\h...
The control sequence at the end of the top line
of your error message was never \def'ed. If you have
misspelled it (e.g., `\hobx'), type `I' and the correct
spelling (e.g., `I\hbox'). Otherwise just continue,
and I'll forget about whatever was undefined.

./conditional__data__observer_8hpp_source.tex:17: Undefined control sequence.
<argument> \hyperlink 
                      {class_conditional___data___observer_ae69023e8a10f4dea...
l.17 ...a10f4deab0db43e946c202c3}{Observed\_Data}}
                                                  \ =\ T;}
The control sequence at the end of the top line
of your error message was never \def'ed. If you have
misspelled it (e.g., `\hobx'), type `I' and the correct
spelling (e.g., `I\hbox'). Otherwise just continue,
and I'll forget about whatever was undefined.

Missing character: There is no c in font nullfont!
Missing character: There is no l in font nullfont!
Missing character: There is no a in font nullfont!
Missing character: There is no s in font nullfont!
Missing character: There is no s in font nullfont!
./conditional__data__observer_8hpp_source.tex:17: Missing $ inserted.
<inserted text> 
                $
l.17 ...a10f4deab0db43e946c202c3}{Observed\_Data}}
                                                  \ =\ T;}
I've inserted a begin-math/end-math symbol since I think
you left one out. Proceed, with fingers crossed.

./conditional__data__observer_8hpp_source.tex:17: Missing { inserted.
<to be read again> 
                   _
l.17 ...a10f4deab0db43e946c202c3}{Observed\_Data}}
                                                  \ =\ T;}
A left brace was mandatory here, so I've put one in.
You might want to delete and/or insert some corrections
so that I will find a matching right brace soon.
(If you're confused by all this, try typing `I}' now.)

./conditional__data__observer_8hpp_source.tex:17: Missing { inserted.
<to be read again> 
                   _
l.17 ...a10f4deab0db43e946c202c3}{Observed\_Data}}
                                                  \ =\ T;}
A left brace was mandatory here, so I've put one in.
You might want to delete and/or insert some corrections
so that I will find a matching right brace soon.
(If you're confused by all this, try typing `I}' now.)

./conditional__data__observer_8hpp_source.tex:17: Missing { inserted.
<to be read again> 
                   _
l.17 ...a10f4deab0db43e946c202c3}{Observed\_Data}}
                                                  \ =\ T;}
A left brace was mandatory here, so I've put one in.
You might want to delete and/or insert some corrections
so that I will find a matching right brace soon.
(If you're confused by all this, try typing `I}' now.)

./conditional__data__observer_8hpp_source.tex:17: Missing { inserted.
<to be read again> 
                   _
l.17 ...a10f4deab0db43e946c202c3}{Observed\_Data}}
                                                  \ =\ T;}
A left brace was mandatory here, so I've put one in.
You might want to delete and/or insert some corrections
so that I will find a matching right brace soon.
(If you're confused by all this, try typing `I}' now.)

./conditional__data__observer_8hpp_source.tex:18: Undefined control sequence.
l.18 \DoxyCodeLine
                  {00014\ \ \ \ \ \ \ \ \ \textcolor{keyword}{using\ }\mbox{...
The control sequence at the end of the top line
of your error message was never \def'ed. If you have
misspelled it (e.g., `\hobx'), type `I' and the correct
spelling (e.g., `I\hbox'). Otherwise just continue,
and I'll forget about whatever was undefined.

./conditional__data__observer_8hpp_source.tex:18: Undefined control sequence.
l.18 ...CodeLine{00014\ \ \ \ \ \ \ \ \ \textcolor
                                                  {keyword}{using\ }\mbox{\h...
The control sequence at the end of the top line
of your error message was never \def'ed. If you have
misspelled it (e.g., `\hobx'), type `I' and the correct
spelling (e.g., `I\hbox'). Otherwise just continue,
and I'll forget about whatever was undefined.

./conditional__data__observer_8hpp_source.tex:18: Undefined control sequence.
<argument> \hyperlink 
                      {class_conditional___data___observer_a2fb6ca82864c11cd...
l.18 ...cd530bfc77c2a0d0a4}{Observing\_Condition}}
                                                  \ =\ Condition;}
The control sequence at the end of the top line
of your error message was never \def'ed. If you have
misspelled it (e.g., `\hobx'), type `I' and the correct
spelling (e.g., `I\hbox'). Otherwise just continue,
and I'll forget about whatever was undefined.

Missing character: There is no c in font nullfont!
Missing character: There is no l in font nullfont!
Missing character: There is no a in font nullfont!
Missing character: There is no s in font nullfont!
Missing character: There is no s in font nullfont!
./conditional__data__observer_8hpp_source.tex:18: Missing $ inserted.
<inserted text> 
                $
l.18 ...cd530bfc77c2a0d0a4}{Observing\_Condition}}
                                                  \ =\ Condition;}
I've inserted a begin-math/end-math symbol since I think
you left one out. Proceed, with fingers crossed.

./conditional__data__observer_8hpp_source.tex:18: Missing { inserted.
<to be read again> 
                   _
l.18 ...cd530bfc77c2a0d0a4}{Observing\_Condition}}
                                                  \ =\ Condition;}
A left brace was mandatory here, so I've put one in.
You might want to delete and/or insert some corrections
so that I will find a matching right brace soon.
(If you're confused by all this, try typing `I}' now.)

./conditional__data__observer_8hpp_source.tex:18: Missing { inserted.
<to be read again> 
                   _
l.18 ...cd530bfc77c2a0d0a4}{Observing\_Condition}}
                                                  \ =\ Condition;}
A left brace was mandatory here, so I've put one in.
You might want to delete and/or insert some corrections
so that I will find a matching right brace soon.
(If you're confused by all this, try typing `I}' now.)

./conditional__data__observer_8hpp_source.tex:18: Missing { inserted.
<to be read again> 
                   _
l.18 ...cd530bfc77c2a0d0a4}{Observing\_Condition}}
                                                  \ =\ Condition;}
A left brace was mandatory here, so I've put one in.
You might want to delete and/or insert some corrections
so that I will find a matching right brace soon.
(If you're confused by all this, try typing `I}' now.)

./conditional__data__observer_8hpp_source.tex:18: Missing { inserted.
<to be read again> 
                   _
l.18 ...cd530bfc77c2a0d0a4}{Observing\_Condition}}
                                                  \ =\ Condition;}
A left brace was mandatory here, so I've put one in.
You might want to delete and/or insert some corrections
so that I will find a matching right brace soon.
(If you're confused by all this, try typing `I}' now.)

./conditional__data__observer_8hpp_source.tex:19: Undefined control sequence.
l.19 \DoxyCodeLine
                  {00015\ }
The control sequence at the end of the top line
of your error message was never \def'ed. If you have
misspelled it (e.g., `\hobx'), type `I' and the correct
spelling (e.g., `I\hbox'). Otherwise just continue,
and I'll forget about whatever was undefined.

./conditional__data__observer_8hpp_source.tex:20: Undefined control sequence.
l.20 \DoxyCodeLine
                  {00016\ \ \ \ \ \ \ \ \ \textcolor{keyword}{typedef}\ T\ \...
The control sequence at the end of the top line
of your error message was never \def'ed. If you have
misspelled it (e.g., `\hobx'), type `I' and the correct
spelling (e.g., `I\hbox'). Otherwise just continue,
and I'll forget about whatever was undefined.

./conditional__data__observer_8hpp_source.tex:20: Undefined control sequence.
l.20 ...CodeLine{00016\ \ \ \ \ \ \ \ \ \textcolor
                                                  {keyword}{typedef}\ T\ \mb...
The control sequence at the end of the top line
of your error message was never \def'ed. If you have
misspelled it (e.g., `\hobx'), type `I' and the correct
spelling (e.g., `I\hbox'). Otherwise just continue,
and I'll forget about whatever was undefined.

./conditional__data__observer_8hpp_source.tex:20: Undefined control sequence.
<argument> \hyperlink 
                      {class_conditional___data___observer_a4aa76056303546ab...
l.20 ...aa76056303546ab176179e02db7981f}{ObsData}}
                                                  ;}
The control sequence at the end of the top line
of your error message was never \def'ed. If you have
misspelled it (e.g., `\hobx'), type `I' and the correct
spelling (e.g., `I\hbox'). Otherwise just continue,
and I'll forget about whatever was undefined.

Missing character: There is no c in font nullfont!
Missing character: There is no l in font nullfont!
Missing character: There is no a in font nullfont!
Missing character: There is no s in font nullfont!
Missing character: There is no s in font nullfont!
./conditional__data__observer_8hpp_source.tex:20: Missing $ inserted.
<inserted text> 
                $
l.20 ...aa76056303546ab176179e02db7981f}{ObsData}}
                                                  ;}
I've inserted a begin-math/end-math symbol since I think
you left one out. Proceed, with fingers crossed.

./conditional__data__observer_8hpp_source.tex:20: Missing { inserted.
<to be read again> 
                   _
l.20 ...aa76056303546ab176179e02db7981f}{ObsData}}
                                                  ;}
A left brace was mandatory here, so I've put one in.
You might want to delete and/or insert some corrections
so that I will find a matching right brace soon.
(If you're confused by all this, try typing `I}' now.)

./conditional__data__observer_8hpp_source.tex:20: Missing { inserted.
<to be read again> 
                   _
l.20 ...aa76056303546ab176179e02db7981f}{ObsData}}
                                                  ;}
A left brace was mandatory here, so I've put one in.
You might want to delete and/or insert some corrections
so that I will find a matching right brace soon.
(If you're confused by all this, try typing `I}' now.)

./conditional__data__observer_8hpp_source.tex:20: Missing { inserted.
<to be read again> 
                   _
l.20 ...aa76056303546ab176179e02db7981f}{ObsData}}
                                                  ;}
A left brace was mandatory here, so I've put one in.
You might want to delete and/or insert some corrections
so that I will find a matching right brace soon.
(If you're confused by all this, try typing `I}' now.)

./conditional__data__observer_8hpp_source.tex:20: Missing { inserted.
<to be read again> 
                   _
l.20 ...aa76056303546ab176179e02db7981f}{ObsData}}
                                                  ;}
A left brace was mandatory here, so I've put one in.
You might want to delete and/or insert some corrections
so that I will find a matching right brace soon.
(If you're confused by all this, try typing `I}' now.)

./conditional__data__observer_8hpp_source.tex:21: Undefined control sequence.
l.21 \DoxyCodeLine
                  {00017\ \ \ \ \ \ \ \ \ \textcolor{keyword}{typedef}\ Cond...
The control sequence at the end of the top line
of your error message was never \def'ed. If you have
misspelled it (e.g., `\hobx'), type `I' and the correct
spelling (e.g., `I\hbox'). Otherwise just continue,
and I'll forget about whatever was undefined.

./conditional__data__observer_8hpp_source.tex:21: Undefined control sequence.
l.21 ...CodeLine{00017\ \ \ \ \ \ \ \ \ \textcolor
                                                  {keyword}{typedef}\ Condit...
The control sequence at the end of the top line
of your error message was never \def'ed. If you have
misspelled it (e.g., `\hobx'), type `I' and the correct
spelling (e.g., `I\hbox'). Otherwise just continue,
and I'll forget about whatever was undefined.

./conditional__data__observer_8hpp_source.tex:21: Undefined control sequence.
<argument> \hyperlink 
                      {class_conditional___data___observer_a7dd09c04990bacb6...
l.21 ...04990bacb6ea37ce55ee19b052}{ObsCondition}}
                                                  ;}
The control sequence at the end of the top line
of your error message was never \def'ed. If you have
misspelled it (e.g., `\hobx'), type `I' and the correct
spelling (e.g., `I\hbox'). Otherwise just continue,
and I'll forget about whatever was undefined.

Missing character: There is no c in font nullfont!
Missing character: There is no l in font nullfont!
Missing character: There is no a in font nullfont!
Missing character: There is no s in font nullfont!
Missing character: There is no s in font nullfont!
./conditional__data__observer_8hpp_source.tex:21: Missing $ inserted.
<inserted text> 
                $
l.21 ...04990bacb6ea37ce55ee19b052}{ObsCondition}}
                                                  ;}
I've inserted a begin-math/end-math symbol since I think
you left one out. Proceed, with fingers crossed.

./conditional__data__observer_8hpp_source.tex:21: Missing { inserted.
<to be read again> 
                   _
l.21 ...04990bacb6ea37ce55ee19b052}{ObsCondition}}
                                                  ;}
A left brace was mandatory here, so I've put one in.
You might want to delete and/or insert some corrections
so that I will find a matching right brace soon.
(If you're confused by all this, try typing `I}' now.)

./conditional__data__observer_8hpp_source.tex:21: Missing { inserted.
<to be read again> 
                   _
l.21 ...04990bacb6ea37ce55ee19b052}{ObsCondition}}
                                                  ;}
A left brace was mandatory here, so I've put one in.
You might want to delete and/or insert some corrections
so that I will find a matching right brace soon.
(If you're confused by all this, try typing `I}' now.)

./conditional__data__observer_8hpp_source.tex:21: Missing { inserted.
<to be read again> 
                   _
l.21 ...04990bacb6ea37ce55ee19b052}{ObsCondition}}
                                                  ;}
A left brace was mandatory here, so I've put one in.
You might want to delete and/or insert some corrections
so that I will find a matching right brace soon.
(If you're confused by all this, try typing `I}' now.)

./conditional__data__observer_8hpp_source.tex:21: Missing { inserted.
<to be read again> 
                   _
l.21 ...04990bacb6ea37ce55ee19b052}{ObsCondition}}
                                                  ;}
A left brace was mandatory here, so I've put one in.
You might want to delete and/or insert some corrections
so that I will find a matching right brace soon.
(If you're confused by all this, try typing `I}' now.)

./conditional__data__observer_8hpp_source.tex:22: Undefined control sequence.
l.22 \DoxyCodeLine
                  {00018\ }
The control sequence at the end of the top line
of your error message was never \def'ed. If you have
misspelled it (e.g., `\hobx'), type `I' and the correct
spelling (e.g., `I\hbox'). Otherwise just continue,
and I'll forget about whatever was undefined.

./conditional__data__observer_8hpp_source.tex:23: Undefined control sequence.
l.23 \DoxyCodeLine
                  {00019\ \ \ \ \ \ \ \ \ \textcolor{keyword}{virtual}\ \tex...
The control sequence at the end of the top line
of your error message was never \def'ed. If you have
misspelled it (e.g., `\hobx'), type `I' and the correct
spelling (e.g., `I\hbox'). Otherwise just continue,
and I'll forget about whatever was undefined.

./conditional__data__observer_8hpp_source.tex:23: Undefined control sequence.
l.23 ...CodeLine{00019\ \ \ \ \ \ \ \ \ \textcolor
                                                  {keyword}{virtual}\ \textc...
The control sequence at the end of the top line
of your error message was never \def'ed. If you have
misspelled it (e.g., `\hobx'), type `I' and the correct
spelling (e.g., `I\hbox'). Otherwise just continue,
and I'll forget about whatever was undefined.

./conditional__data__observer_8hpp_source.tex:23: Undefined control sequence.
l.23 ...\ \textcolor{keyword}{virtual}\ \textcolor
                                                  {keywordtype}{void}\ \mbox...
The control sequence at the end of the top line
of your error message was never \def'ed. If you have
misspelled it (e.g., `\hobx'), type `I' and the correct
spelling (e.g., `I\hbox'). Otherwise just continue,
and I'll forget about whatever was undefined.

./conditional__data__observer_8hpp_source.tex:23: Undefined control sequence.
<argument> \hyperlink 
                      {class_conditional___data___observer_a141b4d9183da5ca3...
l.23 ...141b4d9183da5ca3dd47b78b21dc87ec}{update}}
                                                  (\mbox{\hyperlink{class_co...
The control sequence at the end of the top line
of your error message was never \def'ed. If you have
misspelled it (e.g., `\hobx'), type `I' and the correct
spelling (e.g., `I\hbox'). Otherwise just continue,
and I'll forget about whatever was undefined.

Missing character: There is no c in font nullfont!
Missing character: There is no l in font nullfont!
Missing character: There is no a in font nullfont!
Missing character: There is no s in font nullfont!
Missing character: There is no s in font nullfont!
./conditional__data__observer_8hpp_source.tex:23: Missing $ inserted.
<inserted text> 
                $
l.23 ...141b4d9183da5ca3dd47b78b21dc87ec}{update}}
                                                  (\mbox{\hyperlink{class_co...
I've inserted a begin-math/end-math symbol since I think
you left one out. Proceed, with fingers crossed.

./conditional__data__observer_8hpp_source.tex:23: Missing { inserted.
<to be read again> 
                   _
l.23 ...141b4d9183da5ca3dd47b78b21dc87ec}{update}}
                                                  (\mbox{\hyperlink{class_co...
A left brace was mandatory here, so I've put one in.
You might want to delete and/or insert some corrections
so that I will find a matching right brace soon.
(If you're confused by all this, try typing `I}' now.)

./conditional__data__observer_8hpp_source.tex:23: Missing { inserted.
<to be read again> 
                   _
l.23 ...141b4d9183da5ca3dd47b78b21dc87ec}{update}}
                                                  (\mbox{\hyperlink{class_co...
(That makes 100 errors; please try again.) 
Here is how much of TeX's memory you used:
 18 strings out of 469269
 524 string characters out of 5467112
 435984 words of memory out of 5000000
 28550 multiletter control sequences out of 15000+600000
 626825 words of font info for 40 fonts, out of 8000000 for 9000
 319 hyphenation exceptions out of 8191
 18i,36n,19p,381b,218s stack positions out of 10000i,1000n,20000p,200000b,200000s

./conditional__data__observer_8hpp_source.tex:23:  ==> Fatal error occurred, no output PDF file produced!
