This is pdfTeX, Version 3.141592653-2.6-1.40.28 (TeX Live 2025) (preloaded format=pdflatex 2025.9.24)  27 SEP 2025 21:22
entering extended mode
 \write18 enabled.
 file:line:error style messages enabled.
 %&-line parsing enabled.
**conditionally__data__observed_8h_source.tex
(./conditionally__data__observed_8h_source.tex
LaTeX2e <2025-06-01> patch level 1
L3 programming layer <2025-09-02>
./conditionally__data__observed_8h_source.tex:1: Undefined control sequence.
l.1 \doxysection
                {conditionally\+\_\+data\+\_\+observed.\+h}
The control sequence at the end of the top line
of your error message was never \def'ed. If you have
misspelled it (e.g., `\hobx'), type `I' and the correct
spelling (e.g., `I\hbox'). Otherwise just continue,
and I'll forget about whatever was undefined.


./conditionally__data__observed_8h_source.tex:1: LaTeX Error: Missing \begin{document}.

See the LaTeX manual or LaTeX Companion for explanation.
Type  H <return>  for immediate help.
 ...                                              
                                                  
l.1 \doxysection{c
                  onditionally\+\_\+data\+\_\+observed.\+h}
You're in trouble here.  Try typing  <return>  to proceed.
If that doesn't work, type  X <return>  to quit.

Missing character: There is no c in font nullfont!
Missing character: There is no o in font nullfont!
Missing character: There is no n in font nullfont!
Missing character: There is no d in font nullfont!
Missing character: There is no i in font nullfont!
Missing character: There is no t in font nullfont!
Missing character: There is no i in font nullfont!
Missing character: There is no o in font nullfont!
Missing character: There is no n in font nullfont!
Missing character: There is no a in font nullfont!
Missing character: There is no l in font nullfont!
Missing character: There is no l in font nullfont!
Missing character: There is no y in font nullfont!
./conditionally__data__observed_8h_source.tex:1: Undefined control sequence.
l.1 \doxysection{conditionally\+
                                \_\+data\+\_\+observed.\+h}
The control sequence at the end of the top line
of your error message was never \def'ed. If you have
misspelled it (e.g., `\hobx'), type `I' and the correct
spelling (e.g., `I\hbox'). Otherwise just continue,
and I'll forget about whatever was undefined.

./conditionally__data__observed_8h_source.tex:1: Undefined control sequence.
l.1 \doxysection{conditionally\+\_\+
                                    data\+\_\+observed.\+h}
The control sequence at the end of the top line
of your error message was never \def'ed. If you have
misspelled it (e.g., `\hobx'), type `I' and the correct
spelling (e.g., `I\hbox'). Otherwise just continue,
and I'll forget about whatever was undefined.

Missing character: There is no d in font nullfont!
Missing character: There is no a in font nullfont!
Missing character: There is no t in font nullfont!
Missing character: There is no a in font nullfont!
./conditionally__data__observed_8h_source.tex:1: Undefined control sequence.
l.1 \doxysection{conditionally\+\_\+data\+
                                          \_\+observed.\+h}
The control sequence at the end of the top line
of your error message was never \def'ed. If you have
misspelled it (e.g., `\hobx'), type `I' and the correct
spelling (e.g., `I\hbox'). Otherwise just continue,
and I'll forget about whatever was undefined.

./conditionally__data__observed_8h_source.tex:1: Undefined control sequence.
l.1 \doxysection{conditionally\+\_\+data\+\_\+
                                              observed.\+h}
The control sequence at the end of the top line
of your error message was never \def'ed. If you have
misspelled it (e.g., `\hobx'), type `I' and the correct
spelling (e.g., `I\hbox'). Otherwise just continue,
and I'll forget about whatever was undefined.

Missing character: There is no o in font nullfont!
Missing character: There is no b in font nullfont!
Missing character: There is no s in font nullfont!
Missing character: There is no e in font nullfont!
Missing character: There is no r in font nullfont!
Missing character: There is no v in font nullfont!
Missing character: There is no e in font nullfont!
Missing character: There is no d in font nullfont!
Missing character: There is no . in font nullfont!
./conditionally__data__observed_8h_source.tex:1: Undefined control sequence.
l.1 ...on{conditionally\+\_\+data\+\_\+observed.\+
                                                  h}
The control sequence at the end of the top line
of your error message was never \def'ed. If you have
misspelled it (e.g., `\hobx'), type `I' and the correct
spelling (e.g., `I\hbox'). Otherwise just continue,
and I'll forget about whatever was undefined.

Missing character: There is no h in font nullfont!
./conditionally__data__observed_8h_source.tex:2: Undefined control sequence.
l.2 \hypertarget
                {conditionally__data__observed_8h_source}{}\label{conditiona...
The control sequence at the end of the top line
of your error message was never \def'ed. If you have
misspelled it (e.g., `\hobx'), type `I' and the correct
spelling (e.g., `I\hbox'). Otherwise just continue,
and I'll forget about whatever was undefined.

Missing character: There is no c in font nullfont!
Missing character: There is no o in font nullfont!
Missing character: There is no n in font nullfont!
Missing character: There is no d in font nullfont!
Missing character: There is no i in font nullfont!
Missing character: There is no t in font nullfont!
Missing character: There is no i in font nullfont!
Missing character: There is no o in font nullfont!
Missing character: There is no n in font nullfont!
Missing character: There is no a in font nullfont!
Missing character: There is no l in font nullfont!
Missing character: There is no l in font nullfont!
Missing character: There is no y in font nullfont!
./conditionally__data__observed_8h_source.tex:2: Missing $ inserted.
<inserted text> 
                $
l.2 \hypertarget{conditionally_
                               _data__observed_8h_source}{}\label{conditiona...
I've inserted a begin-math/end-math symbol since I think
you left one out. Proceed, with fingers crossed.

LaTeX Font Info:    External font `cmex10' loaded for size
(Font)              <7> on input line 2.
LaTeX Font Info:    External font `cmex10' loaded for size
(Font)              <5> on input line 2.
./conditionally__data__observed_8h_source.tex:2: Missing { inserted.
<to be read again> 
                   _
l.2 \hypertarget{conditionally__
                                data__observed_8h_source}{}\label{conditiona...
A left brace was mandatory here, so I've put one in.
You might want to delete and/or insert some corrections
so that I will find a matching right brace soon.
(If you're confused by all this, try typing `I}' now.)

./conditionally__data__observed_8h_source.tex:2: Missing { inserted.
<to be read again> 
                   _
l.2 \hypertarget{conditionally__data__
                                      observed_8h_source}{}\label{conditiona...
A left brace was mandatory here, so I've put one in.
You might want to delete and/or insert some corrections
so that I will find a matching right brace soon.
(If you're confused by all this, try typing `I}' now.)

./conditionally__data__observed_8h_source.tex:3: Undefined control sequence.
<argument> \hyperlink 
                      {conditionally__data__observed_8h}{Go to the documenta...
l.3 ...8h}{Go to the documentation of this file.}}
                                                  
The control sequence at the end of the top line
of your error message was never \def'ed. If you have
misspelled it (e.g., `\hobx'), type `I' and the correct
spelling (e.g., `I\hbox'). Otherwise just continue,
and I'll forget about whatever was undefined.

Missing character: There is no c in font nullfont!
Missing character: There is no o in font nullfont!
Missing character: There is no n in font nullfont!
Missing character: There is no d in font nullfont!
Missing character: There is no i in font nullfont!
Missing character: There is no t in font nullfont!
Missing character: There is no i in font nullfont!
Missing character: There is no o in font nullfont!
Missing character: There is no n in font nullfont!
Missing character: There is no a in font nullfont!
Missing character: There is no l in font nullfont!
Missing character: There is no l in font nullfont!
Missing character: There is no y in font nullfont!
./conditionally__data__observed_8h_source.tex:3: Missing $ inserted.
<inserted text> 
                $
l.3 ...8h}{Go to the documentation of this file.}}
                                                  
I've inserted a begin-math/end-math symbol since I think
you left one out. Proceed, with fingers crossed.

./conditionally__data__observed_8h_source.tex:3: Missing { inserted.
<to be read again> 
                   _
l.3 ...8h}{Go to the documentation of this file.}}
                                                  
A left brace was mandatory here, so I've put one in.
You might want to delete and/or insert some corrections
so that I will find a matching right brace soon.
(If you're confused by all this, try typing `I}' now.)

./conditionally__data__observed_8h_source.tex:3: Missing { inserted.
<to be read again> 
                   _
l.3 ...8h}{Go to the documentation of this file.}}
                                                  
A left brace was mandatory here, so I've put one in.
You might want to delete and/or insert some corrections
so that I will find a matching right brace soon.
(If you're confused by all this, try typing `I}' now.)


./conditionally__data__observed_8h_source.tex:4: LaTeX Error: Environment DoxyCode undefined.

See the LaTeX manual or LaTeX Companion for explanation.
Type  H <return>  for immediate help.
 ...                                              
                                                  
l.4 \begin{DoxyCode}
                    {0}
Your command was ignored.
Type  I <command> <return>  to replace it with another command,
or  <return>  to continue without it.

./conditionally__data__observed_8h_source.tex:5: Undefined control sequence.
l.5 \DoxyCodeLine
                 {00001\ \textcolor{preprocessor}{\#ifndef\ CONDITIONALLY\_D...
The control sequence at the end of the top line
of your error message was never \def'ed. If you have
misspelled it (e.g., `\hobx'), type `I' and the correct
spelling (e.g., `I\hbox'). Otherwise just continue,
and I'll forget about whatever was undefined.

./conditionally__data__observed_8h_source.tex:5: Undefined control sequence.
l.5 \DoxyCodeLine{00001\ \textcolor
                                   {preprocessor}{\#ifndef\ CONDITIONALLY\_D...
The control sequence at the end of the top line
of your error message was never \def'ed. If you have
misspelled it (e.g., `\hobx'), type `I' and the correct
spelling (e.g., `I\hbox'). Otherwise just continue,
and I'll forget about whatever was undefined.

./conditionally__data__observed_8h_source.tex:6: Undefined control sequence.
l.6 \DoxyCodeLine
                 {00002\ \textcolor{preprocessor}{\#define\ CONDITIONALLY\_D...
The control sequence at the end of the top line
of your error message was never \def'ed. If you have
misspelled it (e.g., `\hobx'), type `I' and the correct
spelling (e.g., `I\hbox'). Otherwise just continue,
and I'll forget about whatever was undefined.

./conditionally__data__observed_8h_source.tex:6: Undefined control sequence.
l.6 \DoxyCodeLine{00002\ \textcolor
                                   {preprocessor}{\#define\ CONDITIONALLY\_D...
The control sequence at the end of the top line
of your error message was never \def'ed. If you have
misspelled it (e.g., `\hobx'), type `I' and the correct
spelling (e.g., `I\hbox'). Otherwise just continue,
and I'll forget about whatever was undefined.

./conditionally__data__observed_8h_source.tex:7: Undefined control sequence.
l.7 \DoxyCodeLine
                 {00003\ }
The control sequence at the end of the top line
of your error message was never \def'ed. If you have
misspelled it (e.g., `\hobx'), type `I' and the correct
spelling (e.g., `I\hbox'). Otherwise just continue,
and I'll forget about whatever was undefined.

./conditionally__data__observed_8h_source.tex:8: Undefined control sequence.
l.8 \DoxyCodeLine
                 {00004\ \textcolor{preprocessor}{\#include<vector>}}
The control sequence at the end of the top line
of your error message was never \def'ed. If you have
misspelled it (e.g., `\hobx'), type `I' and the correct
spelling (e.g., `I\hbox'). Otherwise just continue,
and I'll forget about whatever was undefined.

./conditionally__data__observed_8h_source.tex:8: Undefined control sequence.
l.8 \DoxyCodeLine{00004\ \textcolor
                                   {preprocessor}{\#include<vector>}}
The control sequence at the end of the top line
of your error message was never \def'ed. If you have
misspelled it (e.g., `\hobx'), type `I' and the correct
spelling (e.g., `I\hbox'). Otherwise just continue,
and I'll forget about whatever was undefined.

./conditionally__data__observed_8h_source.tex:9: Undefined control sequence.
l.9 \DoxyCodeLine
                 {00005\ }
The control sequence at the end of the top line
of your error message was never \def'ed. If you have
misspelled it (e.g., `\hobx'), type `I' and the correct
spelling (e.g., `I\hbox'). Otherwise just continue,
and I'll forget about whatever was undefined.

./conditionally__data__observed_8h_source.tex:10: Undefined control sequence.
l.10 \DoxyCodeLine
                  {00006\ \textcolor{keyword}{template}\ <\textcolor{keyword...
The control sequence at the end of the top line
of your error message was never \def'ed. If you have
misspelled it (e.g., `\hobx'), type `I' and the correct
spelling (e.g., `I\hbox'). Otherwise just continue,
and I'll forget about whatever was undefined.

./conditionally__data__observed_8h_source.tex:10: Undefined control sequence.
l.10 \DoxyCodeLine{00006\ \textcolor
                                    {keyword}{template}\ <\textcolor{keyword...
The control sequence at the end of the top line
of your error message was never \def'ed. If you have
misspelled it (e.g., `\hobx'), type `I' and the correct
spelling (e.g., `I\hbox'). Otherwise just continue,
and I'll forget about whatever was undefined.

./conditionally__data__observed_8h_source.tex:10: Undefined control sequence.
l.10 ...\textcolor{keyword}{template}\ <\textcolor
                                                  {keyword}{typename}\ T,\ \...
The control sequence at the end of the top line
of your error message was never \def'ed. If you have
misspelled it (e.g., `\hobx'), type `I' and the correct
spelling (e.g., `I\hbox'). Otherwise just continue,
and I'll forget about whatever was undefined.

./conditionally__data__observed_8h_source.tex:10: Undefined control sequence.
l.10 ...xtcolor{keyword}{typename}\ T,\ \textcolor
                                                  {keyword}{typename}\ Condi...
The control sequence at the end of the top line
of your error message was never \def'ed. If you have
misspelled it (e.g., `\hobx'), type `I' and the correct
spelling (e.g., `I\hbox'). Otherwise just continue,
and I'll forget about whatever was undefined.

./conditionally__data__observed_8h_source.tex:11: Undefined control sequence.
l.11 \DoxyCodeLine
                  {00007\ \textcolor{keyword}{class\ }\mbox{\hyperlink{class...
The control sequence at the end of the top line
of your error message was never \def'ed. If you have
misspelled it (e.g., `\hobx'), type `I' and the correct
spelling (e.g., `I\hbox'). Otherwise just continue,
and I'll forget about whatever was undefined.

./conditionally__data__observed_8h_source.tex:11: Undefined control sequence.
l.11 \DoxyCodeLine{00007\ \textcolor
                                    {keyword}{class\ }\mbox{\hyperlink{class...
The control sequence at the end of the top line
of your error message was never \def'ed. If you have
misspelled it (e.g., `\hobx'), type `I' and the correct
spelling (e.g., `I\hbox'). Otherwise just continue,
and I'll forget about whatever was undefined.

./conditionally__data__observed_8h_source.tex:11: Undefined control sequence.
<argument> \hyperlink 
                      {class_conditional___data___observer}{Conditional\_Dat...
l.11 ...___observer}{Conditional\_Data\_Observer}}
                                                  ;}
The control sequence at the end of the top line
of your error message was never \def'ed. If you have
misspelled it (e.g., `\hobx'), type `I' and the correct
spelling (e.g., `I\hbox'). Otherwise just continue,
and I'll forget about whatever was undefined.

Missing character: There is no c in font nullfont!
Missing character: There is no l in font nullfont!
Missing character: There is no a in font nullfont!
Missing character: There is no s in font nullfont!
Missing character: There is no s in font nullfont!
./conditionally__data__observed_8h_source.tex:11: Missing $ inserted.
<inserted text> 
                $
l.11 ...___observer}{Conditional\_Data\_Observer}}
                                                  ;}
I've inserted a begin-math/end-math symbol since I think
you left one out. Proceed, with fingers crossed.

./conditionally__data__observed_8h_source.tex:11: Missing { inserted.
<to be read again> 
                   _
l.11 ...___observer}{Conditional\_Data\_Observer}}
                                                  ;}
A left brace was mandatory here, so I've put one in.
You might want to delete and/or insert some corrections
so that I will find a matching right brace soon.
(If you're confused by all this, try typing `I}' now.)

./conditionally__data__observed_8h_source.tex:11: Missing { inserted.
<to be read again> 
                   _
l.11 ...___observer}{Conditional\_Data\_Observer}}
                                                  ;}
A left brace was mandatory here, so I've put one in.
You might want to delete and/or insert some corrections
so that I will find a matching right brace soon.
(If you're confused by all this, try typing `I}' now.)

./conditionally__data__observed_8h_source.tex:11: Missing { inserted.
<to be read again> 
                   _
l.11 ...___observer}{Conditional\_Data\_Observer}}
                                                  ;}
A left brace was mandatory here, so I've put one in.
You might want to delete and/or insert some corrections
so that I will find a matching right brace soon.
(If you're confused by all this, try typing `I}' now.)

./conditionally__data__observed_8h_source.tex:11: Missing { inserted.
<to be read again> 
                   _
l.11 ...___observer}{Conditional\_Data\_Observer}}
                                                  ;}
A left brace was mandatory here, so I've put one in.
You might want to delete and/or insert some corrections
so that I will find a matching right brace soon.
(If you're confused by all this, try typing `I}' now.)

./conditionally__data__observed_8h_source.tex:12: Undefined control sequence.
l.12 \DoxyCodeLine
                  {00008\ }
The control sequence at the end of the top line
of your error message was never \def'ed. If you have
misspelled it (e.g., `\hobx'), type `I' and the correct
spelling (e.g., `I\hbox'). Otherwise just continue,
and I'll forget about whatever was undefined.

./conditionally__data__observed_8h_source.tex:13: Undefined control sequence.
l.13 \DoxyCodeLine
                  {00009\ \textcolor{keyword}{template}\ <\textcolor{keyword...
The control sequence at the end of the top line
of your error message was never \def'ed. If you have
misspelled it (e.g., `\hobx'), type `I' and the correct
spelling (e.g., `I\hbox'). Otherwise just continue,
and I'll forget about whatever was undefined.

./conditionally__data__observed_8h_source.tex:13: Undefined control sequence.
l.13 \DoxyCodeLine{00009\ \textcolor
                                    {keyword}{template}\ <\textcolor{keyword...
The control sequence at the end of the top line
of your error message was never \def'ed. If you have
misspelled it (e.g., `\hobx'), type `I' and the correct
spelling (e.g., `I\hbox'). Otherwise just continue,
and I'll forget about whatever was undefined.

./conditionally__data__observed_8h_source.tex:13: Undefined control sequence.
l.13 ...\textcolor{keyword}{template}\ <\textcolor
                                                  {keyword}{typename}\ T,\ \...
The control sequence at the end of the top line
of your error message was never \def'ed. If you have
misspelled it (e.g., `\hobx'), type `I' and the correct
spelling (e.g., `I\hbox'). Otherwise just continue,
and I'll forget about whatever was undefined.

./conditionally__data__observed_8h_source.tex:13: Undefined control sequence.
l.13 ...xtcolor{keyword}{typename}\ T,\ \textcolor
                                                  {keyword}{typename}\ Condi...
The control sequence at the end of the top line
of your error message was never \def'ed. If you have
misspelled it (e.g., `\hobx'), type `I' and the correct
spelling (e.g., `I\hbox'). Otherwise just continue,
and I'll forget about whatever was undefined.

./conditionally__data__observed_8h_source.tex:13: Undefined control sequence.
l.13 ...yword}{typename}\ Condition\ =\ \textcolor
                                                  {keywordtype}{void}>}
The control sequence at the end of the top line
of your error message was never \def'ed. If you have
misspelled it (e.g., `\hobx'), type `I' and the correct
spelling (e.g., `I\hbox'). Otherwise just continue,
and I'll forget about whatever was undefined.

./conditionally__data__observed_8h_source.tex:14: Undefined control sequence.
l.14 \DoxyCodeLine
                  {00010\ \textcolor{keyword}{class\ }\mbox{\hyperlink{class...
The control sequence at the end of the top line
of your error message was never \def'ed. If you have
misspelled it (e.g., `\hobx'), type `I' and the correct
spelling (e.g., `I\hbox'). Otherwise just continue,
and I'll forget about whatever was undefined.

./conditionally__data__observed_8h_source.tex:14: Undefined control sequence.
l.14 \DoxyCodeLine{00010\ \textcolor
                                    {keyword}{class\ }\mbox{\hyperlink{class...
The control sequence at the end of the top line
of your error message was never \def'ed. If you have
misspelled it (e.g., `\hobx'), type `I' and the correct
spelling (e.g., `I\hbox'). Otherwise just continue,
and I'll forget about whatever was undefined.

./conditionally__data__observed_8h_source.tex:14: Undefined control sequence.
<argument> \hyperlink 
                      {class_conditionally___data___observed}{Conditionally\...
l.14 ..._observed}{Conditionally\_Data\_Observed}}
                                                  }
The control sequence at the end of the top line
of your error message was never \def'ed. If you have
misspelled it (e.g., `\hobx'), type `I' and the correct
spelling (e.g., `I\hbox'). Otherwise just continue,
and I'll forget about whatever was undefined.

Missing character: There is no c in font nullfont!
Missing character: There is no l in font nullfont!
Missing character: There is no a in font nullfont!
Missing character: There is no s in font nullfont!
Missing character: There is no s in font nullfont!
./conditionally__data__observed_8h_source.tex:14: Missing $ inserted.
<inserted text> 
                $
l.14 ..._observed}{Conditionally\_Data\_Observed}}
                                                  }
I've inserted a begin-math/end-math symbol since I think
you left one out. Proceed, with fingers crossed.

./conditionally__data__observed_8h_source.tex:14: Missing { inserted.
<to be read again> 
                   _
l.14 ..._observed}{Conditionally\_Data\_Observed}}
                                                  }
A left brace was mandatory here, so I've put one in.
You might want to delete and/or insert some corrections
so that I will find a matching right brace soon.
(If you're confused by all this, try typing `I}' now.)

./conditionally__data__observed_8h_source.tex:14: Missing { inserted.
<to be read again> 
                   _
l.14 ..._observed}{Conditionally\_Data\_Observed}}
                                                  }
A left brace was mandatory here, so I've put one in.
You might want to delete and/or insert some corrections
so that I will find a matching right brace soon.
(If you're confused by all this, try typing `I}' now.)

./conditionally__data__observed_8h_source.tex:14: Missing { inserted.
<to be read again> 
                   _
l.14 ..._observed}{Conditionally\_Data\_Observed}}
                                                  }
A left brace was mandatory here, so I've put one in.
You might want to delete and/or insert some corrections
so that I will find a matching right brace soon.
(If you're confused by all this, try typing `I}' now.)

./conditionally__data__observed_8h_source.tex:14: Missing { inserted.
<to be read again> 
                   _
l.14 ..._observed}{Conditionally\_Data\_Observed}}
                                                  }
A left brace was mandatory here, so I've put one in.
You might want to delete and/or insert some corrections
so that I will find a matching right brace soon.
(If you're confused by all this, try typing `I}' now.)

./conditionally__data__observed_8h_source.tex:15: Undefined control sequence.
l.15 \DoxyCodeLine
                  {00011\ \{}
The control sequence at the end of the top line
of your error message was never \def'ed. If you have
misspelled it (e.g., `\hobx'), type `I' and the correct
spelling (e.g., `I\hbox'). Otherwise just continue,
and I'll forget about whatever was undefined.

./conditionally__data__observed_8h_source.tex:16: Undefined control sequence.
l.16 \DoxyCodeLine
                  {00012\ \ \ \ \ \textcolor{keyword}{friend}\ \textcolor{ke...
The control sequence at the end of the top line
of your error message was never \def'ed. If you have
misspelled it (e.g., `\hobx'), type `I' and the correct
spelling (e.g., `I\hbox'). Otherwise just continue,
and I'll forget about whatever was undefined.

./conditionally__data__observed_8h_source.tex:16: Undefined control sequence.
l.16 \DoxyCodeLine{00012\ \ \ \ \ \textcolor
                                            {keyword}{friend}\ \textcolor{ke...
The control sequence at the end of the top line
of your error message was never \def'ed. If you have
misspelled it (e.g., `\hobx'), type `I' and the correct
spelling (e.g., `I\hbox'). Otherwise just continue,
and I'll forget about whatever was undefined.

./conditionally__data__observed_8h_source.tex:16: Undefined control sequence.
l.16 ... \ \textcolor{keyword}{friend}\ \textcolor
                                                  {keyword}{class\ }\mbox{\h...
The control sequence at the end of the top line
of your error message was never \def'ed. If you have
misspelled it (e.g., `\hobx'), type `I' and the correct
spelling (e.g., `I\hbox'). Otherwise just continue,
and I'll forget about whatever was undefined.

./conditionally__data__observed_8h_source.tex:16: Undefined control sequence.
<argument> \hyperlink 
                      {class_conditional___data___observer}{Conditional\_Dat...
l.16 ...___observer}{Conditional\_Data\_Observer}}
                                                  <T,\ Condition>;}
The control sequence at the end of the top line
of your error message was never \def'ed. If you have
misspelled it (e.g., `\hobx'), type `I' and the correct
spelling (e.g., `I\hbox'). Otherwise just continue,
and I'll forget about whatever was undefined.

Missing character: There is no c in font nullfont!
Missing character: There is no l in font nullfont!
Missing character: There is no a in font nullfont!
Missing character: There is no s in font nullfont!
Missing character: There is no s in font nullfont!
./conditionally__data__observed_8h_source.tex:16: Missing $ inserted.
<inserted text> 
                $
l.16 ...___observer}{Conditional\_Data\_Observer}}
                                                  <T,\ Condition>;}
I've inserted a begin-math/end-math symbol since I think
you left one out. Proceed, with fingers crossed.

./conditionally__data__observed_8h_source.tex:16: Missing { inserted.
<to be read again> 
                   _
l.16 ...___observer}{Conditional\_Data\_Observer}}
                                                  <T,\ Condition>;}
A left brace was mandatory here, so I've put one in.
You might want to delete and/or insert some corrections
so that I will find a matching right brace soon.
(If you're confused by all this, try typing `I}' now.)

./conditionally__data__observed_8h_source.tex:16: Missing { inserted.
<to be read again> 
                   _
l.16 ...___observer}{Conditional\_Data\_Observer}}
                                                  <T,\ Condition>;}
A left brace was mandatory here, so I've put one in.
You might want to delete and/or insert some corrections
so that I will find a matching right brace soon.
(If you're confused by all this, try typing `I}' now.)

./conditionally__data__observed_8h_source.tex:16: Missing { inserted.
<to be read again> 
                   _
l.16 ...___observer}{Conditional\_Data\_Observer}}
                                                  <T,\ Condition>;}
A left brace was mandatory here, so I've put one in.
You might want to delete and/or insert some corrections
so that I will find a matching right brace soon.
(If you're confused by all this, try typing `I}' now.)

./conditionally__data__observed_8h_source.tex:16: Missing { inserted.
<to be read again> 
                   _
l.16 ...___observer}{Conditional\_Data\_Observer}}
                                                  <T,\ Condition>;}
A left brace was mandatory here, so I've put one in.
You might want to delete and/or insert some corrections
so that I will find a matching right brace soon.
(If you're confused by all this, try typing `I}' now.)

./conditionally__data__observed_8h_source.tex:17: Undefined control sequence.
l.17 \DoxyCodeLine
                  {00013\ }
The control sequence at the end of the top line
of your error message was never \def'ed. If you have
misspelled it (e.g., `\hobx'), type `I' and the correct
spelling (e.g., `I\hbox'). Otherwise just continue,
and I'll forget about whatever was undefined.

./conditionally__data__observed_8h_source.tex:18: Undefined control sequence.
l.18 \DoxyCodeLine
                  {00014\ \ \ \ \ \textcolor{keyword}{public}:}
The control sequence at the end of the top line
of your error message was never \def'ed. If you have
misspelled it (e.g., `\hobx'), type `I' and the correct
spelling (e.g., `I\hbox'). Otherwise just continue,
and I'll forget about whatever was undefined.

./conditionally__data__observed_8h_source.tex:18: Undefined control sequence.
l.18 \DoxyCodeLine{00014\ \ \ \ \ \textcolor
                                            {keyword}{public}:}
The control sequence at the end of the top line
of your error message was never \def'ed. If you have
misspelled it (e.g., `\hobx'), type `I' and the correct
spelling (e.g., `I\hbox'). Otherwise just continue,
and I'll forget about whatever was undefined.

./conditionally__data__observed_8h_source.tex:19: Undefined control sequence.
l.19 \DoxyCodeLine
                  {00015\ \ \ \ \ \ \ \ \ \textcolor{keyword}{typedef}\ T\ \...
The control sequence at the end of the top line
of your error message was never \def'ed. If you have
misspelled it (e.g., `\hobx'), type `I' and the correct
spelling (e.g., `I\hbox'). Otherwise just continue,
and I'll forget about whatever was undefined.

./conditionally__data__observed_8h_source.tex:19: Undefined control sequence.
l.19 ...CodeLine{00015\ \ \ \ \ \ \ \ \ \textcolor
                                                  {keyword}{typedef}\ T\ \mb...
The control sequence at the end of the top line
of your error message was never \def'ed. If you have
misspelled it (e.g., `\hobx'), type `I' and the correct
spelling (e.g., `I\hbox'). Otherwise just continue,
and I'll forget about whatever was undefined.

./conditionally__data__observed_8h_source.tex:19: Undefined control sequence.
<argument> \hyperlink 
                      {class_conditionally___data___observed_aa381e2268217e1...
l.19 ...381e2268217e136f78518cc5ad59e03}{ObsData}}
                                                  ;}
The control sequence at the end of the top line
of your error message was never \def'ed. If you have
misspelled it (e.g., `\hobx'), type `I' and the correct
spelling (e.g., `I\hbox'). Otherwise just continue,
and I'll forget about whatever was undefined.

Missing character: There is no c in font nullfont!
Missing character: There is no l in font nullfont!
Missing character: There is no a in font nullfont!
Missing character: There is no s in font nullfont!
Missing character: There is no s in font nullfont!
./conditionally__data__observed_8h_source.tex:19: Missing $ inserted.
<inserted text> 
                $
l.19 ...381e2268217e136f78518cc5ad59e03}{ObsData}}
                                                  ;}
I've inserted a begin-math/end-math symbol since I think
you left one out. Proceed, with fingers crossed.

./conditionally__data__observed_8h_source.tex:19: Missing { inserted.
<to be read again> 
                   _
l.19 ...381e2268217e136f78518cc5ad59e03}{ObsData}}
                                                  ;}
A left brace was mandatory here, so I've put one in.
You might want to delete and/or insert some corrections
so that I will find a matching right brace soon.
(If you're confused by all this, try typing `I}' now.)

./conditionally__data__observed_8h_source.tex:19: Missing { inserted.
<to be read again> 
                   _
l.19 ...381e2268217e136f78518cc5ad59e03}{ObsData}}
                                                  ;}
A left brace was mandatory here, so I've put one in.
You might want to delete and/or insert some corrections
so that I will find a matching right brace soon.
(If you're confused by all this, try typing `I}' now.)

./conditionally__data__observed_8h_source.tex:19: Missing { inserted.
<to be read again> 
                   _
l.19 ...381e2268217e136f78518cc5ad59e03}{ObsData}}
                                                  ;}
A left brace was mandatory here, so I've put one in.
You might want to delete and/or insert some corrections
so that I will find a matching right brace soon.
(If you're confused by all this, try typing `I}' now.)

./conditionally__data__observed_8h_source.tex:19: Missing { inserted.
<to be read again> 
                   _
l.19 ...381e2268217e136f78518cc5ad59e03}{ObsData}}
                                                  ;}
A left brace was mandatory here, so I've put one in.
You might want to delete and/or insert some corrections
so that I will find a matching right brace soon.
(If you're confused by all this, try typing `I}' now.)

./conditionally__data__observed_8h_source.tex:20: Undefined control sequence.
l.20 \DoxyCodeLine
                  {00016\ \ \ \ \ \ \ \ \ \textcolor{keyword}{typedef}\ \mbo...
The control sequence at the end of the top line
of your error message was never \def'ed. If you have
misspelled it (e.g., `\hobx'), type `I' and the correct
spelling (e.g., `I\hbox'). Otherwise just continue,
and I'll forget about whatever was undefined.

./conditionally__data__observed_8h_source.tex:20: Undefined control sequence.
l.20 ...CodeLine{00016\ \ \ \ \ \ \ \ \ \textcolor
                                                  {keyword}{typedef}\ \mbox{...
The control sequence at the end of the top line
of your error message was never \def'ed. If you have
misspelled it (e.g., `\hobx'), type `I' and the correct
spelling (e.g., `I\hbox'). Otherwise just continue,
and I'll forget about whatever was undefined.

./conditionally__data__observed_8h_source.tex:20: Undefined control sequence.
<argument> \hyperlink 
                      {class_conditional___data___observer}{Conditional\_Dat...
l.20 ...nditional\_Data\_Observer<T,\ Condition>}}
                                                  \ \mbox{\hyperlink{class_c...
The control sequence at the end of the top line
of your error message was never \def'ed. If you have
misspelled it (e.g., `\hobx'), type `I' and the correct
spelling (e.g., `I\hbox'). Otherwise just continue,
and I'll forget about whatever was undefined.

Missing character: There is no c in font nullfont!
Missing character: There is no l in font nullfont!
Missing character: There is no a in font nullfont!
Missing character: There is no s in font nullfont!
Missing character: There is no s in font nullfont!
./conditionally__data__observed_8h_source.tex:20: Missing $ inserted.
<inserted text> 
                $
l.20 ...nditional\_Data\_Observer<T,\ Condition>}}
                                                  \ \mbox{\hyperlink{class_c...
I've inserted a begin-math/end-math symbol since I think
you left one out. Proceed, with fingers crossed.

./conditionally__data__observed_8h_source.tex:20: Missing { inserted.
<to be read again> 
                   _
l.20 ...nditional\_Data\_Observer<T,\ Condition>}}
                                                  \ \mbox{\hyperlink{class_c...
A left brace was mandatory here, so I've put one in.
You might want to delete and/or insert some corrections
so that I will find a matching right brace soon.
(If you're confused by all this, try typing `I}' now.)

./conditionally__data__observed_8h_source.tex:20: Missing { inserted.
<to be read again> 
                   _
l.20 ...nditional\_Data\_Observer<T,\ Condition>}}
                                                  \ \mbox{\hyperlink{class_c...
A left brace was mandatory here, so I've put one in.
You might want to delete and/or insert some corrections
so that I will find a matching right brace soon.
(If you're confused by all this, try typing `I}' now.)

./conditionally__data__observed_8h_source.tex:20: Missing { inserted.
<to be read again> 
                   _
l.20 ...nditional\_Data\_Observer<T,\ Condition>}}
                                                  \ \mbox{\hyperlink{class_c...
A left brace was mandatory here, so I've put one in.
You might want to delete and/or insert some corrections
so that I will find a matching right brace soon.
(If you're confused by all this, try typing `I}' now.)

./conditionally__data__observed_8h_source.tex:20: Missing { inserted.
<to be read again> 
                   _
l.20 ...nditional\_Data\_Observer<T,\ Condition>}}
                                                  \ \mbox{\hyperlink{class_c...
A left brace was mandatory here, so I've put one in.
You might want to delete and/or insert some corrections
so that I will find a matching right brace soon.
(If you're confused by all this, try typing `I}' now.)

./conditionally__data__observed_8h_source.tex:20: Undefined control sequence.
<argument> \hyperlink 
                      {class_conditionally___data___observed_a4757a2ca2e3efd...
l.20 ...57a2ca2e3efd0be1e5478b92b635a8}{Observer}}
                                                  ;}
The control sequence at the end of the top line
of your error message was never \def'ed. If you have
misspelled it (e.g., `\hobx'), type `I' and the correct
spelling (e.g., `I\hbox'). Otherwise just continue,
and I'll forget about whatever was undefined.

Missing character: There is no c in font nullfont!
Missing character: There is no l in font nullfont!
Missing character: There is no a in font nullfont!
Missing character: There is no s in font nullfont!
Missing character: There is no s in font nullfont!
./conditionally__data__observed_8h_source.tex:20: Missing $ inserted.
<inserted text> 
                $
l.20 ...57a2ca2e3efd0be1e5478b92b635a8}{Observer}}
                                                  ;}
I've inserted a begin-math/end-math symbol since I think
you left one out. Proceed, with fingers crossed.

./conditionally__data__observed_8h_source.tex:20: Missing { inserted.
<to be read again> 
                   _
l.20 ...57a2ca2e3efd0be1e5478b92b635a8}{Observer}}
                                                  ;}
A left brace was mandatory here, so I've put one in.
You might want to delete and/or insert some corrections
so that I will find a matching right brace soon.
(If you're confused by all this, try typing `I}' now.)

./conditionally__data__observed_8h_source.tex:20: Missing { inserted.
<to be read again> 
                   _
l.20 ...57a2ca2e3efd0be1e5478b92b635a8}{Observer}}
                                                  ;}
A left brace was mandatory here, so I've put one in.
You might want to delete and/or insert some corrections
so that I will find a matching right brace soon.
(If you're confused by all this, try typing `I}' now.)

./conditionally__data__observed_8h_source.tex:20: Missing { inserted.
<to be read again> 
                   _
l.20 ...57a2ca2e3efd0be1e5478b92b635a8}{Observer}}
                                                  ;}
A left brace was mandatory here, so I've put one in.
You might want to delete and/or insert some corrections
so that I will find a matching right brace soon.
(If you're confused by all this, try typing `I}' now.)

./conditionally__data__observed_8h_source.tex:20: Missing { inserted.
<to be read again> 
                   _
l.20 ...57a2ca2e3efd0be1e5478b92b635a8}{Observer}}
                                                  ;}
A left brace was mandatory here, so I've put one in.
You might want to delete and/or insert some corrections
so that I will find a matching right brace soon.
(If you're confused by all this, try typing `I}' now.)

./conditionally__data__observed_8h_source.tex:21: Undefined control sequence.
l.21 \DoxyCodeLine
                  {00017\ \ \ \ \ \ \ \ \ \textcolor{keyword}{typedef}\ std:...
The control sequence at the end of the top line
of your error message was never \def'ed. If you have
misspelled it (e.g., `\hobx'), type `I' and the correct
spelling (e.g., `I\hbox'). Otherwise just continue,
and I'll forget about whatever was undefined.

./conditionally__data__observed_8h_source.tex:21: Undefined control sequence.
l.21 ...CodeLine{00017\ \ \ \ \ \ \ \ \ \textcolor
                                                  {keyword}{typedef}\ std::v...
The control sequence at the end of the top line
of your error message was never \def'ed. If you have
misspelled it (e.g., `\hobx'), type `I' and the correct
spelling (e.g., `I\hbox'). Otherwise just continue,
and I'll forget about whatever was undefined.

./conditionally__data__observed_8h_source.tex:21: Undefined control sequence.
<argument> \hyperlink 
                      {class_conditionally___data___observed_aceb9d6a47e3c31...
l.21 ...eb9d6a47e3c31503c6e5a0b58ece74b}{ObsList}}
                                                  ;}
The control sequence at the end of the top line
of your error message was never \def'ed. If you have
misspelled it (e.g., `\hobx'), type `I' and the correct
spelling (e.g., `I\hbox'). Otherwise just continue,
and I'll forget about whatever was undefined.

Missing character: There is no c in font nullfont!
Missing character: There is no l in font nullfont!
Missing character: There is no a in font nullfont!
Missing character: There is no s in font nullfont!
Missing character: There is no s in font nullfont!
./conditionally__data__observed_8h_source.tex:21: Missing $ inserted.
<inserted text> 
                $
l.21 ...eb9d6a47e3c31503c6e5a0b58ece74b}{ObsList}}
                                                  ;}
I've inserted a begin-math/end-math symbol since I think
you left one out. Proceed, with fingers crossed.

./conditionally__data__observed_8h_source.tex:21: Missing { inserted.
<to be read again> 
                   _
l.21 ...eb9d6a47e3c31503c6e5a0b58ece74b}{ObsList}}
                                                  ;}
A left brace was mandatory here, so I've put one in.
You might want to delete and/or insert some corrections
so that I will find a matching right brace soon.
(If you're confused by all this, try typing `I}' now.)

./conditionally__data__observed_8h_source.tex:21: Missing { inserted.
<to be read again> 
                   _
l.21 ...eb9d6a47e3c31503c6e5a0b58ece74b}{ObsList}}
                                                  ;}
A left brace was mandatory here, so I've put one in.
You might want to delete and/or insert some corrections
so that I will find a matching right brace soon.
(If you're confused by all this, try typing `I}' now.)

./conditionally__data__observed_8h_source.tex:21: Missing { inserted.
<to be read again> 
                   _
l.21 ...eb9d6a47e3c31503c6e5a0b58ece74b}{ObsList}}
                                                  ;}
A left brace was mandatory here, so I've put one in.
You might want to delete and/or insert some corrections
so that I will find a matching right brace soon.
(If you're confused by all this, try typing `I}' now.)

./conditionally__data__observed_8h_source.tex:21: Missing { inserted.
<to be read again> 
                   _
l.21 ...eb9d6a47e3c31503c6e5a0b58ece74b}{ObsList}}
                                                  ;}
A left brace was mandatory here, so I've put one in.
You might want to delete and/or insert some corrections
so that I will find a matching right brace soon.
(If you're confused by all this, try typing `I}' now.)

./conditionally__data__observed_8h_source.tex:22: Undefined control sequence.
l.22 \DoxyCodeLine
                  {00018\ \ \ \ \ \ \ \ \ \textcolor{keyword}{typedef}\ std:...
The control sequence at the end of the top line
of your error message was never \def'ed. If you have
misspelled it (e.g., `\hobx'), type `I' and the correct
spelling (e.g., `I\hbox'). Otherwise just continue,
and I'll forget about whatever was undefined.

./conditionally__data__observed_8h_source.tex:22: Undefined control sequence.
l.22 ...CodeLine{00018\ \ \ \ \ \ \ \ \ \textcolor
                                                  {keyword}{typedef}\ std::v...
The control sequence at the end of the top line
of your error message was never \def'ed. If you have
misspelled it (e.g., `\hobx'), type `I' and the correct
spelling (e.g., `I\hbox'). Otherwise just continue,
and I'll forget about whatever was undefined.

./conditionally__data__observed_8h_source.tex:22: Undefined control sequence.
<argument> \hyperlink 
                      {class_conditionally___data___observed_a38d850843c74f1...
l.22 ...8d850843c74f10af2f09b51c0195ec3}{ConList}}
                                                  ;}
The control sequence at the end of the top line
of your error message was never \def'ed. If you have
misspelled it (e.g., `\hobx'), type `I' and the correct
spelling (e.g., `I\hbox'). Otherwise just continue,
and I'll forget about whatever was undefined.

Missing character: There is no c in font nullfont!
Missing character: There is no l in font nullfont!
Missing character: There is no a in font nullfont!
Missing character: There is no s in font nullfont!
Missing character: There is no s in font nullfont!
./conditionally__data__observed_8h_source.tex:22: Missing $ inserted.
<inserted text> 
                $
l.22 ...8d850843c74f10af2f09b51c0195ec3}{ConList}}
                                                  ;}
I've inserted a begin-math/end-math symbol since I think
you left one out. Proceed, with fingers crossed.

./conditionally__data__observed_8h_source.tex:22: Missing { inserted.
<to be read again> 
                   _
l.22 ...8d850843c74f10af2f09b51c0195ec3}{ConList}}
                                                  ;}
A left brace was mandatory here, so I've put one in.
You might want to delete and/or insert some corrections
so that I will find a matching right brace soon.
(If you're confused by all this, try typing `I}' now.)

./conditionally__data__observed_8h_source.tex:22: Missing { inserted.
<to be read again> 
                   _
l.22 ...8d850843c74f10af2f09b51c0195ec3}{ConList}}
                                                  ;}
A left brace was mandatory here, so I've put one in.
You might want to delete and/or insert some corrections
so that I will find a matching right brace soon.
(If you're confused by all this, try typing `I}' now.)

./conditionally__data__observed_8h_source.tex:22: Missing { inserted.
<to be read again> 
                   _
l.22 ...8d850843c74f10af2f09b51c0195ec3}{ConList}}
                                                  ;}
A left brace was mandatory here, so I've put one in.
You might want to delete and/or insert some corrections
so that I will find a matching right brace soon.
(If you're confused by all this, try typing `I}' now.)

./conditionally__data__observed_8h_source.tex:22: Missing { inserted.
<to be read again> 
                   _
l.22 ...8d850843c74f10af2f09b51c0195ec3}{ConList}}
                                                  ;}
(That makes 100 errors; please try again.) 
Here is how much of TeX's memory you used:
 18 strings out of 469269
 524 string characters out of 5467112
 435984 words of memory out of 5000000
 28550 multiletter control sequences out of 15000+600000
 626825 words of font info for 40 fonts, out of 8000000 for 9000
 319 hyphenation exceptions out of 8191
 18i,38n,19p,331b,224s stack positions out of 10000i,1000n,20000p,200000b,200000s

./conditionally__data__observed_8h_source.tex:22:  ==> Fatal error occurred, no output PDF file produced!
