This is pdfTeX, Version 3.141592653-2.6-1.40.28 (TeX Live 2025) (preloaded format=pdflatex 2025.9.24)  27 SEP 2025 18:54
entering extended mode
 \write18 enabled.
 file:line:error style messages enabled.
 %&-line parsing enabled.
**conditional__data__observer_8hpp.tex
(./conditional__data__observer_8hpp.tex
LaTeX2e <2025-06-01> patch level 1
L3 programming layer <2025-09-02>
./conditional__data__observer_8hpp.tex:1: Undefined control sequence.
l.1 \doxysection
                {source/api/observer/conditional\+\_\+data\+\_\+observer.hpp...
The control sequence at the end of the top line
of your error message was never \def'ed. If you have
misspelled it (e.g., `\hobx'), type `I' and the correct
spelling (e.g., `I\hbox'). Otherwise just continue,
and I'll forget about whatever was undefined.


./conditional__data__observer_8hpp.tex:1: LaTeX Error: Missing \begin{document}.

See the LaTeX manual or LaTeX Companion for explanation.
Type  H <return>  for immediate help.
 ...                                              
                                                  
l.1 \doxysection{s
                  ource/api/observer/conditional\+\_\+data\+\_\+observer.hpp...
You're in trouble here.  Try typing  <return>  to proceed.
If that doesn't work, type  X <return>  to quit.

Missing character: There is no s in font nullfont!
Missing character: There is no o in font nullfont!
Missing character: There is no u in font nullfont!
Missing character: There is no r in font nullfont!
Missing character: There is no c in font nullfont!
Missing character: There is no e in font nullfont!
Missing character: There is no / in font nullfont!
Missing character: There is no a in font nullfont!
Missing character: There is no p in font nullfont!
Missing character: There is no i in font nullfont!
Missing character: There is no / in font nullfont!
Missing character: There is no o in font nullfont!
Missing character: There is no b in font nullfont!
Missing character: There is no s in font nullfont!
Missing character: There is no e in font nullfont!
Missing character: There is no r in font nullfont!
Missing character: There is no v in font nullfont!
Missing character: There is no e in font nullfont!
Missing character: There is no r in font nullfont!
Missing character: There is no / in font nullfont!
Missing character: There is no c in font nullfont!
Missing character: There is no o in font nullfont!
Missing character: There is no n in font nullfont!
Missing character: There is no d in font nullfont!
Missing character: There is no i in font nullfont!
Missing character: There is no t in font nullfont!
Missing character: There is no i in font nullfont!
Missing character: There is no o in font nullfont!
Missing character: There is no n in font nullfont!
Missing character: There is no a in font nullfont!
Missing character: There is no l in font nullfont!
./conditional__data__observer_8hpp.tex:1: Undefined control sequence.
l.1 \doxysection{source/api/observer/conditional\+
                                                  \_\+data\+\_\+observer.hpp...
The control sequence at the end of the top line
of your error message was never \def'ed. If you have
misspelled it (e.g., `\hobx'), type `I' and the correct
spelling (e.g., `I\hbox'). Otherwise just continue,
and I'll forget about whatever was undefined.

./conditional__data__observer_8hpp.tex:1: Undefined control sequence.
l.1 ...ction{source/api/observer/conditional\+\_\+
                                                  data\+\_\+observer.hpp Fil...
The control sequence at the end of the top line
of your error message was never \def'ed. If you have
misspelled it (e.g., `\hobx'), type `I' and the correct
spelling (e.g., `I\hbox'). Otherwise just continue,
and I'll forget about whatever was undefined.

Missing character: There is no d in font nullfont!
Missing character: There is no a in font nullfont!
Missing character: There is no t in font nullfont!
Missing character: There is no a in font nullfont!
./conditional__data__observer_8hpp.tex:1: Undefined control sequence.
l.1 ...source/api/observer/conditional\+\_\+data\+
                                                  \_\+observer.hpp File Refe...
The control sequence at the end of the top line
of your error message was never \def'ed. If you have
misspelled it (e.g., `\hobx'), type `I' and the correct
spelling (e.g., `I\hbox'). Otherwise just continue,
and I'll forget about whatever was undefined.

./conditional__data__observer_8hpp.tex:1: Undefined control sequence.
l.1 ...ce/api/observer/conditional\+\_\+data\+\_\+
                                                  observer.hpp File Reference}
The control sequence at the end of the top line
of your error message was never \def'ed. If you have
misspelled it (e.g., `\hobx'), type `I' and the correct
spelling (e.g., `I\hbox'). Otherwise just continue,
and I'll forget about whatever was undefined.

Missing character: There is no o in font nullfont!
Missing character: There is no b in font nullfont!
Missing character: There is no s in font nullfont!
Missing character: There is no e in font nullfont!
Missing character: There is no r in font nullfont!
Missing character: There is no v in font nullfont!
Missing character: There is no e in font nullfont!
Missing character: There is no r in font nullfont!
Missing character: There is no . in font nullfont!
Missing character: There is no h in font nullfont!
Missing character: There is no p in font nullfont!
Missing character: There is no p in font nullfont!
Missing character: There is no F in font nullfont!
Missing character: There is no i in font nullfont!
Missing character: There is no l in font nullfont!
Missing character: There is no e in font nullfont!
Missing character: There is no R in font nullfont!
Missing character: There is no e in font nullfont!
Missing character: There is no f in font nullfont!
Missing character: There is no e in font nullfont!
Missing character: There is no r in font nullfont!
Missing character: There is no e in font nullfont!
Missing character: There is no n in font nullfont!
Missing character: There is no c in font nullfont!
Missing character: There is no e in font nullfont!
./conditional__data__observer_8hpp.tex:2: Undefined control sequence.
l.2 \hypertarget
                {conditional__data__observer_8hpp}{}\label{conditional__data...
The control sequence at the end of the top line
of your error message was never \def'ed. If you have
misspelled it (e.g., `\hobx'), type `I' and the correct
spelling (e.g., `I\hbox'). Otherwise just continue,
and I'll forget about whatever was undefined.

Missing character: There is no c in font nullfont!
Missing character: There is no o in font nullfont!
Missing character: There is no n in font nullfont!
Missing character: There is no d in font nullfont!
Missing character: There is no i in font nullfont!
Missing character: There is no t in font nullfont!
Missing character: There is no i in font nullfont!
Missing character: There is no o in font nullfont!
Missing character: There is no n in font nullfont!
Missing character: There is no a in font nullfont!
Missing character: There is no l in font nullfont!
./conditional__data__observer_8hpp.tex:2: Missing $ inserted.
<inserted text> 
                $
l.2 \hypertarget{conditional_
                             _data__observer_8hpp}{}\label{conditional__data...
I've inserted a begin-math/end-math symbol since I think
you left one out. Proceed, with fingers crossed.

LaTeX Font Info:    External font `cmex10' loaded for size
(Font)              <7> on input line 2.
LaTeX Font Info:    External font `cmex10' loaded for size
(Font)              <5> on input line 2.
./conditional__data__observer_8hpp.tex:2: Missing { inserted.
<to be read again> 
                   _
l.2 \hypertarget{conditional__
                              data__observer_8hpp}{}\label{conditional__data...
A left brace was mandatory here, so I've put one in.
You might want to delete and/or insert some corrections
so that I will find a matching right brace soon.
(If you're confused by all this, try typing `I}' now.)

./conditional__data__observer_8hpp.tex:2: Missing { inserted.
<to be read again> 
                   _
l.2 \hypertarget{conditional__data__
                                    observer_8hpp}{}\label{conditional__data...
A left brace was mandatory here, so I've put one in.
You might want to delete and/or insert some corrections
so that I will find a matching right brace soon.
(If you're confused by all this, try typing `I}' now.)

./conditional__data__observer_8hpp.tex:3: Undefined control sequence.
l.3 ... directly or indirectly include this file\+
                                                  :
The control sequence at the end of the top line
of your error message was never \def'ed. If you have
misspelled it (e.g., `\hobx'), type `I' and the correct
spelling (e.g., `I\hbox'). Otherwise just continue,
and I'll forget about whatever was undefined.


./conditional__data__observer_8hpp.tex:5: LaTeX Error: Environment figure undefined.

See the LaTeX manual or LaTeX Companion for explanation.
Type  H <return>  for immediate help.
 ...                                              
                                                  
l.5 \begin{figure}
                  [H]
Your command was ignored.
Type  I <command> <return>  to replace it with another command,
or  <return>  to continue without it.

./conditional__data__observer_8hpp.tex:6: Missing $ inserted.
<inserted text> 
                $
l.6 \begin{center}
                  
I've inserted a begin-math/end-math symbol since I think
you left one out. Proceed, with fingers crossed.

./conditional__data__observer_8hpp.tex:6: Missing \endgroup inserted.
<inserted text> 
                \endgroup 
l.6 \begin{center}
                  
I've inserted something that you may have forgotten.
(See the <inserted text> above.)
With luck, this will get me unwedged. But if you
really didn't forget anything, try typing `2' now; then
my insertion and my current dilemma will both disappear.

./conditional__data__observer_8hpp.tex:6: Missing \endgroup inserted.
<inserted text> 
                \endgroup 
l.6 \begin{center}
                  
I've inserted something that you may have forgotten.
(See the <inserted text> above.)
With luck, this will get me unwedged. But if you
really didn't forget anything, try typing `2' now; then
my insertion and my current dilemma will both disappear.

./conditional__data__observer_8hpp.tex:6: Missing } inserted.
<inserted text> 
                }
l.6 \begin{center}
                  
I've inserted something that you may have forgotten.
(See the <inserted text> above.)
With luck, this will get me unwedged. But if you
really didn't forget anything, try typing `2' now; then
my insertion and my current dilemma will both disappear.


Overfull \hbox (20.0pt too wide) in paragraph at lines 1--6
[][][]
 []


Overfull \hbox (300.83984pt too wide) in paragraph at lines 1--6
[]$ 
 []

./conditional__data__observer_8hpp.tex:8: Undefined control sequence.
l.8 \includegraphics
                    [width=350pt]{conditional__data__observer_8hpp__dep__incl}
The control sequence at the end of the top line
of your error message was never \def'ed. If you have
misspelled it (e.g., `\hobx'), type `I' and the correct
spelling (e.g., `I\hbox'). Otherwise just continue,
and I'll forget about whatever was undefined.

Missing character: There is no [ in font nullfont!
Missing character: There is no w in font nullfont!
Missing character: There is no i in font nullfont!
Missing character: There is no d in font nullfont!
Missing character: There is no t in font nullfont!
Missing character: There is no h in font nullfont!
Missing character: There is no = in font nullfont!
Missing character: There is no 3 in font nullfont!
Missing character: There is no 5 in font nullfont!
Missing character: There is no 0 in font nullfont!
Missing character: There is no p in font nullfont!
Missing character: There is no t in font nullfont!
Missing character: There is no ] in font nullfont!
Missing character: There is no c in font nullfont!
Missing character: There is no o in font nullfont!
Missing character: There is no n in font nullfont!
Missing character: There is no d in font nullfont!
Missing character: There is no i in font nullfont!
Missing character: There is no t in font nullfont!
Missing character: There is no i in font nullfont!
Missing character: There is no o in font nullfont!
Missing character: There is no n in font nullfont!
Missing character: There is no a in font nullfont!
Missing character: There is no l in font nullfont!
./conditional__data__observer_8hpp.tex:8: Missing $ inserted.
<inserted text> 
                $
l.8 \includegraphics[width=350pt]{conditional_
                                              _data__observer_8hpp__dep__incl}
I've inserted a begin-math/end-math symbol since I think
you left one out. Proceed, with fingers crossed.

./conditional__data__observer_8hpp.tex:8: Missing { inserted.
<to be read again> 
                   _
l.8 \includegraphics[width=350pt]{conditional__
                                               data__observer_8hpp__dep__incl}
A left brace was mandatory here, so I've put one in.
You might want to delete and/or insert some corrections
so that I will find a matching right brace soon.
(If you're confused by all this, try typing `I}' now.)

./conditional__data__observer_8hpp.tex:8: Missing { inserted.
<to be read again> 
                   _
l.8 ...degraphics[width=350pt]{conditional__data__
                                                  observer_8hpp__dep__incl}
A left brace was mandatory here, so I've put one in.
You might want to delete and/or insert some corrections
so that I will find a matching right brace soon.
(If you're confused by all this, try typing `I}' now.)

./conditional__data__observer_8hpp.tex:8: Missing { inserted.
<to be read again> 
                   _
l.8 ...h=350pt]{conditional__data__observer_8hpp__
                                                  dep__incl}
A left brace was mandatory here, so I've put one in.
You might want to delete and/or insert some corrections
so that I will find a matching right brace soon.
(If you're confused by all this, try typing `I}' now.)

./conditional__data__observer_8hpp.tex:8: Missing { inserted.
<to be read again> 
                   _
l.8 ...pt]{conditional__data__observer_8hpp__dep__
                                                  incl}
A left brace was mandatory here, so I've put one in.
You might want to delete and/or insert some corrections
so that I will find a matching right brace soon.
(If you're confused by all this, try typing `I}' now.)


./conditional__data__observer_8hpp.tex:9: LaTeX Error: Command \end{document} invalid in math mode.

See the LaTeX manual or LaTeX Companion for explanation.
Type  H <return>  for immediate help.
 ...                                              
                                                  
l.9 \end{center}
                
Try typing  <return>  to proceed.
If that doesn't work, type  X <return>  to quit.

./conditional__data__observer_8hpp.tex:9: Missing $ inserted.
<inserted text> 
                $
l.9 \end{center}
                
I've inserted a begin-math/end-math symbol since I think
you left one out. Proceed, with fingers crossed.

./conditional__data__observer_8hpp.tex:9: Missing } inserted.
<inserted text> 
                }
l.9 \end{center}
                
I've inserted something that you may have forgotten.
(See the <inserted text> above.)
With luck, this will get me unwedged. But if you
really didn't forget anything, try typing `2' now; then
my insertion and my current dilemma will both disappear.

./conditional__data__observer_8hpp.tex:9: Missing } inserted.
<inserted text> 
                }
l.9 \end{center}
                
I've inserted something that you may have forgotten.
(See the <inserted text> above.)
With luck, this will get me unwedged. But if you
really didn't forget anything, try typing `2' now; then
my insertion and my current dilemma will both disappear.

./conditional__data__observer_8hpp.tex:9: Missing } inserted.
<inserted text> 
                }
l.9 \end{center}
                
I've inserted something that you may have forgotten.
(See the <inserted text> above.)
With luck, this will get me unwedged. But if you
really didn't forget anything, try typing `2' now; then
my insertion and my current dilemma will both disappear.


Overfull \hbox (85.8138pt too wide) in paragraph at lines 7--9
 []$ 
 []


./conditional__data__observer_8hpp.tex:9: LaTeX Error: \begin{document} ended by \end{center}.

See the LaTeX manual or LaTeX Companion for explanation.
Type  H <return>  for immediate help.
 ...                                              
                                                  
l.9 \end{center}
                
Your command was ignored.
Type  I <command> <return>  to replace it with another command,
or  <return>  to continue without it.

./conditional__data__observer_8hpp.tex:9: Missing } inserted.
<inserted text> 
                }
l.9 \end{center}
                
I've inserted something that you may have forgotten.
(See the <inserted text> above.)
With luck, this will get me unwedged. But if you
really didn't forget anything, try typing `2' now; then
my insertion and my current dilemma will both disappear.

./conditional__data__observer_8hpp.tex:9: Missing } inserted.
<inserted text> 
                }
l.9 \end{center}
                
I've inserted something that you may have forgotten.
(See the <inserted text> above.)
With luck, this will get me unwedged. But if you
really didn't forget anything, try typing `2' now; then
my insertion and my current dilemma will both disappear.

./conditional__data__observer_8hpp.tex:9: Extra \endgroup.
<recently read> \endgroup 
                          
l.9 \end{center}
                
Things are pretty mixed up, but I think the worst is over.


./conditional__data__observer_8hpp.tex:10: LaTeX Error: \begin{document} ended by \end{figure}.

See the LaTeX manual or LaTeX Companion for explanation.
Type  H <return>  for immediate help.
 ...                                              
                                                  
l.10 \end{figure}
                 
Your command was ignored.
Type  I <command> <return>  to replace it with another command,
or  <return>  to continue without it.

./conditional__data__observer_8hpp.tex:10: Extra \endgroup.
\end  ...end#1\endcsname \@checkend {#1}\endgroup 
                                                  \UseHook {env/#1/after}\if...
l.10 \end{figure}
                 
Things are pretty mixed up, but I think the worst is over.

./conditional__data__observer_8hpp.tex:11: Undefined control sequence.
l.11 \doxysubsubsection
                       *{Classes}
The control sequence at the end of the top line
of your error message was never \def'ed. If you have
misspelled it (e.g., `\hobx'), type `I' and the correct
spelling (e.g., `I\hbox'). Otherwise just continue,
and I'll forget about whatever was undefined.

Missing character: There is no * in font nullfont!
Missing character: There is no C in font nullfont!
Missing character: There is no l in font nullfont!
Missing character: There is no a in font nullfont!
Missing character: There is no s in font nullfont!
Missing character: There is no s in font nullfont!
Missing character: There is no e in font nullfont!
Missing character: There is no s in font nullfont!

./conditional__data__observer_8hpp.tex:12: LaTeX Error: Environment DoxyCompactItemize undefined.

See the LaTeX manual or LaTeX Companion for explanation.
Type  H <return>  for immediate help.
 ...                                              
                                                  
l.12 \begin{DoxyCompactItemize}
                               
Your command was ignored.
Type  I <command> <return>  to replace it with another command,
or  <return>  to continue without it.


./conditional__data__observer_8hpp.tex:14: LaTeX Error: Lonely \item--perhaps a missing list environment.

See the LaTeX manual or LaTeX Companion for explanation.
Type  H <return>  for immediate help.
 ...                                              
                                                  
l.14 c
      lass \mbox{\hyperlink{class_conditional___data___observer}{Conditional...
Try typing  <return>  to proceed.
If that doesn't work, type  X <return>  to quit.

Missing character: There is no c in font nullfont!
Missing character: There is no l in font nullfont!
Missing character: There is no a in font nullfont!
Missing character: There is no s in font nullfont!
Missing character: There is no s in font nullfont!
./conditional__data__observer_8hpp.tex:14: Undefined control sequence.
<argument> \hyperlink 
                      {class_conditional___data___observer}{Conditional\+\_\...
l.14 ...Data\+\_\+\+Observer$<$ T, Condition $>$}}
                                                  
The control sequence at the end of the top line
of your error message was never \def'ed. If you have
misspelled it (e.g., `\hobx'), type `I' and the correct
spelling (e.g., `I\hbox'). Otherwise just continue,
and I'll forget about whatever was undefined.

Missing character: There is no c in font nullfont!
Missing character: There is no l in font nullfont!
Missing character: There is no a in font nullfont!
Missing character: There is no s in font nullfont!
Missing character: There is no s in font nullfont!
./conditional__data__observer_8hpp.tex:14: Missing $ inserted.
<inserted text> 
                $
l.14 ...Data\+\_\+\+Observer$<$ T, Condition $>$}}
                                                  
I've inserted a begin-math/end-math symbol since I think
you left one out. Proceed, with fingers crossed.

./conditional__data__observer_8hpp.tex:14: Missing { inserted.
<to be read again> 
                   _
l.14 ...Data\+\_\+\+Observer$<$ T, Condition $>$}}
                                                  
A left brace was mandatory here, so I've put one in.
You might want to delete and/or insert some corrections
so that I will find a matching right brace soon.
(If you're confused by all this, try typing `I}' now.)

./conditional__data__observer_8hpp.tex:14: Missing { inserted.
<to be read again> 
                   _
l.14 ...Data\+\_\+\+Observer$<$ T, Condition $>$}}
                                                  
A left brace was mandatory here, so I've put one in.
You might want to delete and/or insert some corrections
so that I will find a matching right brace soon.
(If you're confused by all this, try typing `I}' now.)

./conditional__data__observer_8hpp.tex:14: Missing { inserted.
<to be read again> 
                   _
l.14 ...Data\+\_\+\+Observer$<$ T, Condition $>$}}
                                                  
A left brace was mandatory here, so I've put one in.
You might want to delete and/or insert some corrections
so that I will find a matching right brace soon.
(If you're confused by all this, try typing `I}' now.)

./conditional__data__observer_8hpp.tex:14: Missing { inserted.
<to be read again> 
                   _
l.14 ...Data\+\_\+\+Observer$<$ T, Condition $>$}}
                                                  
A left brace was mandatory here, so I've put one in.
You might want to delete and/or insert some corrections
so that I will find a matching right brace soon.
(If you're confused by all this, try typing `I}' now.)

./conditional__data__observer_8hpp.tex:14: Undefined control sequence.
<argument> ...nal___data___observer}{Conditional\+
                                                  \_\+\+Data\+\_\+\+Observer...
l.14 ...Data\+\_\+\+Observer$<$ T, Condition $>$}}
                                                  
The control sequence at the end of the top line
of your error message was never \def'ed. If you have
misspelled it (e.g., `\hobx'), type `I' and the correct
spelling (e.g., `I\hbox'). Otherwise just continue,
and I'll forget about whatever was undefined.

./conditional__data__observer_8hpp.tex:14: Undefined control sequence.
<argument> ...__data___observer}{Conditional\+\_\+
                                                  \+Data\+\_\+\+Observer$<$ ...
l.14 ...Data\+\_\+\+Observer$<$ T, Condition $>$}}
                                                  
The control sequence at the end of the top line
of your error message was never \def'ed. If you have
misspelled it (e.g., `\hobx'), type `I' and the correct
spelling (e.g., `I\hbox'). Otherwise just continue,
and I'll forget about whatever was undefined.

./conditional__data__observer_8hpp.tex:14: Undefined control sequence.
<argument> ...data___observer}{Conditional\+\_\+\+
                                                  Data\+\_\+\+Observer$<$ T,...
l.14 ...Data\+\_\+\+Observer$<$ T, Condition $>$}}
                                                  
The control sequence at the end of the top line
of your error message was never \def'ed. If you have
misspelled it (e.g., `\hobx'), type `I' and the correct
spelling (e.g., `I\hbox'). Otherwise just continue,
and I'll forget about whatever was undefined.

./conditional__data__observer_8hpp.tex:14: Undefined control sequence.
<argument> ..._observer}{Conditional\+\_\+\+Data\+
                                                  \_\+\+Observer$<$ T, Condi...
l.14 ...Data\+\_\+\+Observer$<$ T, Condition $>$}}
                                                  
The control sequence at the end of the top line
of your error message was never \def'ed. If you have
misspelled it (e.g., `\hobx'), type `I' and the correct
spelling (e.g., `I\hbox'). Otherwise just continue,
and I'll forget about whatever was undefined.

./conditional__data__observer_8hpp.tex:14: Undefined control sequence.
<argument> ...erver}{Conditional\+\_\+\+Data\+\_\+
                                                  \+Observer$<$ T, Condition...
l.14 ...Data\+\_\+\+Observer$<$ T, Condition $>$}}
                                                  
The control sequence at the end of the top line
of your error message was never \def'ed. If you have
misspelled it (e.g., `\hobx'), type `I' and the correct
spelling (e.g., `I\hbox'). Otherwise just continue,
and I'll forget about whatever was undefined.

./conditional__data__observer_8hpp.tex:14: Undefined control sequence.
<argument> ...ver}{Conditional\+\_\+\+Data\+\_\+\+
                                                  Observer$<$ T, Condition $>$}
l.14 ...Data\+\_\+\+Observer$<$ T, Condition $>$}}
                                                  
The control sequence at the end of the top line
of your error message was never \def'ed. If you have
misspelled it (e.g., `\hobx'), type `I' and the correct
spelling (e.g., `I\hbox'). Otherwise just continue,
and I'll forget about whatever was undefined.

./conditional__data__observer_8hpp.tex:14: Missing } inserted.
<inserted text> 
                }
l.14 ...Data\+\_\+\+Observer$<$ T, Condition $>$}}
                                                  
I've inserted something that you may have forgotten.
(See the <inserted text> above.)
With luck, this will get me unwedged. But if you
really didn't forget anything, try typing `2' now; then
my insertion and my current dilemma will both disappear.

./conditional__data__observer_8hpp.tex:14: Missing } inserted.
<inserted text> 
                }
l.14 ...Data\+\_\+\+Observer$<$ T, Condition $>$}}
                                                  
I've inserted something that you may have forgotten.
(See the <inserted text> above.)
With luck, this will get me unwedged. But if you
really didn't forget anything, try typing `2' now; then
my insertion and my current dilemma will both disappear.

./conditional__data__observer_8hpp.tex:14: Missing } inserted.
<inserted text> 
                }
l.14 ...Data\+\_\+\+Observer$<$ T, Condition $>$}}
                                                  
I've inserted something that you may have forgotten.
(See the <inserted text> above.)
With luck, this will get me unwedged. But if you
really didn't forget anything, try typing `2' now; then
my insertion and my current dilemma will both disappear.

./conditional__data__observer_8hpp.tex:14: Missing } inserted.
<inserted text> 
                }
l.14 ...Data\+\_\+\+Observer$<$ T, Condition $>$}}
                                                  
I've inserted something that you may have forgotten.
(See the <inserted text> above.)
With luck, this will get me unwedged. But if you
really didn't forget anything, try typing `2' now; then
my insertion and my current dilemma will both disappear.

Missing character: There is no < in font nullfont!
Missing character: There is no > in font nullfont!
./conditional__data__observer_8hpp.tex:14: Extra }, or forgotten $.
<recently read> }
                 
l.14 ...Data\+\_\+\+Observer$<$ T, Condition $>$}}
                                                  
I've deleted a group-closing symbol because it seems to be
spurious, as in `$x}$'. But perhaps the } is legitimate and
you forgot something else, as in `\hbox{$x}'. In such cases
the way to recover is to insert both the forgotten and the
deleted material, e.g., by typing `I$}'.

./conditional__data__observer_8hpp.tex:14: Extra }, or forgotten $.
\mbox  #1->\leavevmode \hbox {#1}
                                 
l.14 ...Data\+\_\+\+Observer$<$ T, Condition $>$}}
                                                  
I've deleted a group-closing symbol because it seems to be
spurious, as in `$x}$'. But perhaps the } is legitimate and
you forgot something else, as in `\hbox{$x}'. In such cases
the way to recover is to insert both the forgotten and the
deleted material, e.g., by typing `I$}'.


./conditional__data__observer_8hpp.tex:15: LaTeX Error: Command \item invalid in math mode.

See the LaTeX manual or LaTeX Companion for explanation.
Type  H <return>  for immediate help.
 ...                                              
                                                  
l.15 \item
          
Try typing  <return>  to proceed.
If that doesn't work, type  X <return>  to quit.

./conditional__data__observer_8hpp.tex:16: Missing $ inserted.
<inserted text> 
                $
l.16 c
      lass \mbox{\hyperlink{class_conditional___data___observer_3_01_t_00_01...
I've inserted a begin-math/end-math symbol since I think
you left one out. Proceed, with fingers crossed.

./conditional__data__observer_8hpp.tex:16: Missing } inserted.
<inserted text> 
                }
l.16 c
      lass \mbox{\hyperlink{class_conditional___data___observer_3_01_t_00_01...
I've inserted something that you may have forgotten.
(See the <inserted text> above.)
With luck, this will get me unwedged. But if you
really didn't forget anything, try typing `2' now; then
my insertion and my current dilemma will both disappear.

./conditional__data__observer_8hpp.tex:16: Missing } inserted.
<inserted text> 
                }
l.16 c
      lass \mbox{\hyperlink{class_conditional___data___observer_3_01_t_00_01...
I've inserted something that you may have forgotten.
(See the <inserted text> above.)
With luck, this will get me unwedged. But if you
really didn't forget anything, try typing `2' now; then
my insertion and my current dilemma will both disappear.


Overfull \hbox (236.1691pt too wide) in paragraph at lines 14--16
[] 
 []


./conditional__data__observer_8hpp.tex:16: LaTeX Error: Lonely \item--perhaps a missing list environment.

See the LaTeX manual or LaTeX Companion for explanation.
Type  H <return>  for immediate help.
 ...                                              
                                                  
l.16 c
      lass \mbox{\hyperlink{class_conditional___data___observer_3_01_t_00_01...
Try typing  <return>  to proceed.
If that doesn't work, type  X <return>  to quit.

Missing character: There is no c in font nullfont!
Missing character: There is no l in font nullfont!
Missing character: There is no a in font nullfont!
Missing character: There is no s in font nullfont!
Missing character: There is no s in font nullfont!
./conditional__data__observer_8hpp.tex:16: Undefined control sequence.
<argument> \hyperlink 
                      {class_conditional___data___observer_3_01_t_00_01void_...
l.16 ..._\+\+Data\+\_\+\+Observer$<$ T, void $>$}}
                                                  
The control sequence at the end of the top line
of your error message was never \def'ed. If you have
misspelled it (e.g., `\hobx'), type `I' and the correct
spelling (e.g., `I\hbox'). Otherwise just continue,
and I'll forget about whatever was undefined.

Missing character: There is no c in font nullfont!
Missing character: There is no l in font nullfont!
Missing character: There is no a in font nullfont!
Missing character: There is no s in font nullfont!
Missing character: There is no s in font nullfont!
./conditional__data__observer_8hpp.tex:16: Missing $ inserted.
<inserted text> 
                $
l.16 ..._\+\+Data\+\_\+\+Observer$<$ T, void $>$}}
                                                  
I've inserted a begin-math/end-math symbol since I think
you left one out. Proceed, with fingers crossed.

./conditional__data__observer_8hpp.tex:16: Missing { inserted.
<to be read again> 
                   _
l.16 ..._\+\+Data\+\_\+\+Observer$<$ T, void $>$}}
                                                  
A left brace was mandatory here, so I've put one in.
You might want to delete and/or insert some corrections
so that I will find a matching right brace soon.
(If you're confused by all this, try typing `I}' now.)

./conditional__data__observer_8hpp.tex:16: Missing { inserted.
<to be read again> 
                   _
l.16 ..._\+\+Data\+\_\+\+Observer$<$ T, void $>$}}
                                                  
A left brace was mandatory here, so I've put one in.
You might want to delete and/or insert some corrections
so that I will find a matching right brace soon.
(If you're confused by all this, try typing `I}' now.)

./conditional__data__observer_8hpp.tex:16: Missing { inserted.
<to be read again> 
                   _
l.16 ..._\+\+Data\+\_\+\+Observer$<$ T, void $>$}}
                                                  
A left brace was mandatory here, so I've put one in.
You might want to delete and/or insert some corrections
so that I will find a matching right brace soon.
(If you're confused by all this, try typing `I}' now.)

./conditional__data__observer_8hpp.tex:16: Missing { inserted.
<to be read again> 
                   _
l.16 ..._\+\+Data\+\_\+\+Observer$<$ T, void $>$}}
                                                  
A left brace was mandatory here, so I've put one in.
You might want to delete and/or insert some corrections
so that I will find a matching right brace soon.
(If you're confused by all this, try typing `I}' now.)

./conditional__data__observer_8hpp.tex:16: Double subscript.
<argument> ...ass_conditional___data___observer_3_
                                                  01_t_00_01void_01_4}{Condi...
l.16 ..._\+\+Data\+\_\+\+Observer$<$ T, void $>$}}
                                                  
I treat `x_1_2' essentially like `x_1{}_2'.

./conditional__data__observer_8hpp.tex:16: Double subscript.
<argument> ...onditional___data___observer_3_01_t_
                                                  00_01void_01_4}{Conditiona...
l.16 ..._\+\+Data\+\_\+\+Observer$<$ T, void $>$}}
                                                  
I treat `x_1_2' essentially like `x_1{}_2'.

./conditional__data__observer_8hpp.tex:16: Undefined control sequence.
<argument> ...3_01_t_00_01void_01_4}{Conditional\+
                                                  \_\+\+Data\+\_\+\+Observer...
l.16 ..._\+\+Data\+\_\+\+Observer$<$ T, void $>$}}
                                                  
The control sequence at the end of the top line
of your error message was never \def'ed. If you have
misspelled it (e.g., `\hobx'), type `I' and the correct
spelling (e.g., `I\hbox'). Otherwise just continue,
and I'll forget about whatever was undefined.

./conditional__data__observer_8hpp.tex:16: Undefined control sequence.
<argument> ..._t_00_01void_01_4}{Conditional\+\_\+
                                                  \+Data\+\_\+\+Observer$<$ ...
l.16 ..._\+\+Data\+\_\+\+Observer$<$ T, void $>$}}
                                                  
The control sequence at the end of the top line
of your error message was never \def'ed. If you have
misspelled it (e.g., `\hobx'), type `I' and the correct
spelling (e.g., `I\hbox'). Otherwise just continue,
and I'll forget about whatever was undefined.

./conditional__data__observer_8hpp.tex:16: Undefined control sequence.
<argument> ..._00_01void_01_4}{Conditional\+\_\+\+
                                                  Data\+\_\+\+Observer$<$ T,...
l.16 ..._\+\+Data\+\_\+\+Observer$<$ T, void $>$}}
                                                  
The control sequence at the end of the top line
of your error message was never \def'ed. If you have
misspelled it (e.g., `\hobx'), type `I' and the correct
spelling (e.g., `I\hbox'). Otherwise just continue,
and I'll forget about whatever was undefined.

./conditional__data__observer_8hpp.tex:16: Undefined control sequence.
<argument> ...void_01_4}{Conditional\+\_\+\+Data\+
                                                  \_\+\+Observer$<$ T, void ...
l.16 ..._\+\+Data\+\_\+\+Observer$<$ T, void $>$}}
                                                  
The control sequence at the end of the top line
of your error message was never \def'ed. If you have
misspelled it (e.g., `\hobx'), type `I' and the correct
spelling (e.g., `I\hbox'). Otherwise just continue,
and I'll forget about whatever was undefined.

./conditional__data__observer_8hpp.tex:16: Undefined control sequence.
<argument> ..._01_4}{Conditional\+\_\+\+Data\+\_\+
                                                  \+Observer$<$ T, void $>$}
l.16 ..._\+\+Data\+\_\+\+Observer$<$ T, void $>$}}
                                                  
The control sequence at the end of the top line
of your error message was never \def'ed. If you have
misspelled it (e.g., `\hobx'), type `I' and the correct
spelling (e.g., `I\hbox'). Otherwise just continue,
and I'll forget about whatever was undefined.

./conditional__data__observer_8hpp.tex:16: Undefined control sequence.
<argument> ...1_4}{Conditional\+\_\+\+Data\+\_\+\+
                                                  Observer$<$ T, void $>$}
l.16 ..._\+\+Data\+\_\+\+Observer$<$ T, void $>$}}
                                                  
The control sequence at the end of the top line
of your error message was never \def'ed. If you have
misspelled it (e.g., `\hobx'), type `I' and the correct
spelling (e.g., `I\hbox'). Otherwise just continue,
and I'll forget about whatever was undefined.

./conditional__data__observer_8hpp.tex:16: Missing } inserted.
<inserted text> 
                }
l.16 ..._\+\+Data\+\_\+\+Observer$<$ T, void $>$}}
                                                  
I've inserted something that you may have forgotten.
(See the <inserted text> above.)
With luck, this will get me unwedged. But if you
really didn't forget anything, try typing `2' now; then
my insertion and my current dilemma will both disappear.

./conditional__data__observer_8hpp.tex:16: Missing } inserted.
<inserted text> 
                }
l.16 ..._\+\+Data\+\_\+\+Observer$<$ T, void $>$}}
                                                  
I've inserted something that you may have forgotten.
(See the <inserted text> above.)
With luck, this will get me unwedged. But if you
really didn't forget anything, try typing `2' now; then
my insertion and my current dilemma will both disappear.

./conditional__data__observer_8hpp.tex:16: Missing } inserted.
<inserted text> 
                }
l.16 ..._\+\+Data\+\_\+\+Observer$<$ T, void $>$}}
                                                  
I've inserted something that you may have forgotten.
(See the <inserted text> above.)
With luck, this will get me unwedged. But if you
really didn't forget anything, try typing `2' now; then
my insertion and my current dilemma will both disappear.

./conditional__data__observer_8hpp.tex:16: Missing } inserted.
<inserted text> 
                }
l.16 ..._\+\+Data\+\_\+\+Observer$<$ T, void $>$}}
                                                  
I've inserted something that you may have forgotten.
(See the <inserted text> above.)
With luck, this will get me unwedged. But if you
really didn't forget anything, try typing `2' now; then
my insertion and my current dilemma will both disappear.

Missing character: There is no < in font nullfont!
Missing character: There is no > in font nullfont!
./conditional__data__observer_8hpp.tex:16: Extra }, or forgotten $.
<recently read> }
                 
l.16 ..._\+\+Data\+\_\+\+Observer$<$ T, void $>$}}
                                                  
I've deleted a group-closing symbol because it seems to be
spurious, as in `$x}$'. But perhaps the } is legitimate and
you forgot something else, as in `\hbox{$x}'. In such cases
the way to recover is to insert both the forgotten and the
deleted material, e.g., by typing `I$}'.

./conditional__data__observer_8hpp.tex:16: Extra }, or forgotten $.
\mbox  #1->\leavevmode \hbox {#1}
                                 
l.16 ..._\+\+Data\+\_\+\+Observer$<$ T, void $>$}}
                                                  
I've deleted a group-closing symbol because it seems to be
spurious, as in `$x}$'. But perhaps the } is legitimate and
you forgot something else, as in `\hbox{$x}'. In such cases
the way to recover is to insert both the forgotten and the
deleted material, e.g., by typing `I$}'.


./conditional__data__observer_8hpp.tex:17: LaTeX Error: \begin{document} ended by \end{DoxyCompactItemize}.

See the LaTeX manual or LaTeX Companion for explanation.
Type  H <return>  for immediate help.
 ...                                              
                                                  
l.17 \end{DoxyCompactItemize}
                             
Your command was ignored.
Type  I <command> <return>  to replace it with another command,
or  <return>  to continue without it.

./conditional__data__observer_8hpp.tex:17: Missing $ inserted.
<inserted text> 
                $
l.17 \end{DoxyCompactItemize}
                             
I've inserted something that you may have forgotten.
(See the <inserted text> above.)
With luck, this will get me unwedged. But if you
really didn't forget anything, try typing `2' now; then
my insertion and my current dilemma will both disappear.

./conditional__data__observer_8hpp.tex:17: Missing } inserted.
<inserted text> 
                }
l.17 \end{DoxyCompactItemize}
                             
I've inserted something that you may have forgotten.
(See the <inserted text> above.)
With luck, this will get me unwedged. But if you
really didn't forget anything, try typing `2' now; then
my insertion and my current dilemma will both disappear.

./conditional__data__observer_8hpp.tex:17: Missing } inserted.
<inserted text> 
                }
l.17 \end{DoxyCompactItemize}
                             
I've inserted something that you may have forgotten.
(See the <inserted text> above.)
With luck, this will get me unwedged. But if you
really didn't forget anything, try typing `2' now; then
my insertion and my current dilemma will both disappear.

)
! Emergency stop.
<*> conditional__data__observer_8hpp.tex
                                        
*** (job aborted, no legal \end found)

 
Here is how much of TeX's memory you used:
 26 strings out of 469269
 718 string characters out of 5467112
 431984 words of memory out of 5000000
 28558 multiletter control sequences out of 15000+600000
 626825 words of font info for 40 fonts, out of 8000000 for 9000
 319 hyphenation exceptions out of 8191
 22i,9n,23p,267b,85s stack positions out of 10000i,1000n,20000p,200000b,200000s
!  ==> Fatal error occurred, no output PDF file produced!
