This is pdfTeX, Version 3.141592653-2.6-1.40.28 (TeX Live 2025) (preloaded format=pdflatex 2025.9.24)  27 SEP 2025 18:54
entering extended mode
 \write18 enabled.
 file:line:error style messages enabled.
 %&-line parsing enabled.
**data__generator_8hpp_source.tex
(./data__generator_8hpp_source.tex
LaTeX2e <2025-06-01> patch level 1
L3 programming layer <2025-09-02>
./data__generator_8hpp_source.tex:1: Undefined control sequence.
l.1 \doxysection
                {data\+\_\+generator.\+hpp}
The control sequence at the end of the top line
of your error message was never \def'ed. If you have
misspelled it (e.g., `\hobx'), type `I' and the correct
spelling (e.g., `I\hbox'). Otherwise just continue,
and I'll forget about whatever was undefined.


./data__generator_8hpp_source.tex:1: LaTeX Error: Missing \begin{document}.

See the LaTeX manual or LaTeX Companion for explanation.
Type  H <return>  for immediate help.
 ...                                              
                                                  
l.1 \doxysection{d
                  ata\+\_\+generator.\+hpp}
You're in trouble here.  Try typing  <return>  to proceed.
If that doesn't work, type  X <return>  to quit.

Missing character: There is no d in font nullfont!
Missing character: There is no a in font nullfont!
Missing character: There is no t in font nullfont!
Missing character: There is no a in font nullfont!
./data__generator_8hpp_source.tex:1: Undefined control sequence.
l.1 \doxysection{data\+
                       \_\+generator.\+hpp}
The control sequence at the end of the top line
of your error message was never \def'ed. If you have
misspelled it (e.g., `\hobx'), type `I' and the correct
spelling (e.g., `I\hbox'). Otherwise just continue,
and I'll forget about whatever was undefined.

./data__generator_8hpp_source.tex:1: Undefined control sequence.
l.1 \doxysection{data\+\_\+
                           generator.\+hpp}
The control sequence at the end of the top line
of your error message was never \def'ed. If you have
misspelled it (e.g., `\hobx'), type `I' and the correct
spelling (e.g., `I\hbox'). Otherwise just continue,
and I'll forget about whatever was undefined.

Missing character: There is no g in font nullfont!
Missing character: There is no e in font nullfont!
Missing character: There is no n in font nullfont!
Missing character: There is no e in font nullfont!
Missing character: There is no r in font nullfont!
Missing character: There is no a in font nullfont!
Missing character: There is no t in font nullfont!
Missing character: There is no o in font nullfont!
Missing character: There is no r in font nullfont!
Missing character: There is no . in font nullfont!
./data__generator_8hpp_source.tex:1: Undefined control sequence.
l.1 \doxysection{data\+\_\+generator.\+
                                       hpp}
The control sequence at the end of the top line
of your error message was never \def'ed. If you have
misspelled it (e.g., `\hobx'), type `I' and the correct
spelling (e.g., `I\hbox'). Otherwise just continue,
and I'll forget about whatever was undefined.

Missing character: There is no h in font nullfont!
Missing character: There is no p in font nullfont!
Missing character: There is no p in font nullfont!
./data__generator_8hpp_source.tex:2: Undefined control sequence.
l.2 \hypertarget
                {data__generator_8hpp_source}{}\label{data__generator_8hpp_s...
The control sequence at the end of the top line
of your error message was never \def'ed. If you have
misspelled it (e.g., `\hobx'), type `I' and the correct
spelling (e.g., `I\hbox'). Otherwise just continue,
and I'll forget about whatever was undefined.

Missing character: There is no d in font nullfont!
Missing character: There is no a in font nullfont!
Missing character: There is no t in font nullfont!
Missing character: There is no a in font nullfont!
./data__generator_8hpp_source.tex:2: Missing $ inserted.
<inserted text> 
                $
l.2 \hypertarget{data_
                      _generator_8hpp_source}{}\label{data__generator_8hpp_s...
I've inserted a begin-math/end-math symbol since I think
you left one out. Proceed, with fingers crossed.

LaTeX Font Info:    External font `cmex10' loaded for size
(Font)              <7> on input line 2.
LaTeX Font Info:    External font `cmex10' loaded for size
(Font)              <5> on input line 2.
./data__generator_8hpp_source.tex:2: Missing { inserted.
<to be read again> 
                   _
l.2 \hypertarget{data__
                       generator_8hpp_source}{}\label{data__generator_8hpp_s...
A left brace was mandatory here, so I've put one in.
You might want to delete and/or insert some corrections
so that I will find a matching right brace soon.
(If you're confused by all this, try typing `I}' now.)

./data__generator_8hpp_source.tex:3: Undefined control sequence.
<argument> \hyperlink 
                      {data__generator_8hpp}{Go to the documentation of this...
l.3 ...pp}{Go to the documentation of this file.}}
                                                  
The control sequence at the end of the top line
of your error message was never \def'ed. If you have
misspelled it (e.g., `\hobx'), type `I' and the correct
spelling (e.g., `I\hbox'). Otherwise just continue,
and I'll forget about whatever was undefined.

Missing character: There is no d in font nullfont!
Missing character: There is no a in font nullfont!
Missing character: There is no t in font nullfont!
Missing character: There is no a in font nullfont!
./data__generator_8hpp_source.tex:3: Missing $ inserted.
<inserted text> 
                $
l.3 ...pp}{Go to the documentation of this file.}}
                                                  
I've inserted a begin-math/end-math symbol since I think
you left one out. Proceed, with fingers crossed.

./data__generator_8hpp_source.tex:3: Missing { inserted.
<to be read again> 
                   _
l.3 ...pp}{Go to the documentation of this file.}}
                                                  
A left brace was mandatory here, so I've put one in.
You might want to delete and/or insert some corrections
so that I will find a matching right brace soon.
(If you're confused by all this, try typing `I}' now.)

./data__generator_8hpp_source.tex:3: Extra }, or forgotten $.
\mbox  #1->\leavevmode \hbox {#1}
                                 
l.3 ...pp}{Go to the documentation of this file.}}
                                                  
I've deleted a group-closing symbol because it seems to be
spurious, as in `$x}$'. But perhaps the } is legitimate and
you forgot something else, as in `\hbox{$x}'. In such cases
the way to recover is to insert both the forgotten and the
deleted material, e.g., by typing `I$}'.


./data__generator_8hpp_source.tex:4: LaTeX Error: Environment DoxyCode undefined.

See the LaTeX manual or LaTeX Companion for explanation.
Type  H <return>  for immediate help.
 ...                                              
                                                  
l.4 \begin{DoxyCode}
                    {0}
Your command was ignored.
Type  I <command> <return>  to replace it with another command,
or  <return>  to continue without it.

./data__generator_8hpp_source.tex:5: Undefined control sequence.
l.5 \DoxyCodeLine
                 {00001\ \textcolor{preprocessor}{\#ifndef\ DATA\_GENERATOR\...
The control sequence at the end of the top line
of your error message was never \def'ed. If you have
misspelled it (e.g., `\hobx'), type `I' and the correct
spelling (e.g., `I\hbox'). Otherwise just continue,
and I'll forget about whatever was undefined.

./data__generator_8hpp_source.tex:5: Undefined control sequence.
l.5 \DoxyCodeLine{00001\ \textcolor
                                   {preprocessor}{\#ifndef\ DATA\_GENERATOR\...
The control sequence at the end of the top line
of your error message was never \def'ed. If you have
misspelled it (e.g., `\hobx'), type `I' and the correct
spelling (e.g., `I\hbox'). Otherwise just continue,
and I'll forget about whatever was undefined.

./data__generator_8hpp_source.tex:6: Undefined control sequence.
l.6 \DoxyCodeLine
                 {00002\ \textcolor{preprocessor}{\#define\ DATA\_GENERATOR\...
The control sequence at the end of the top line
of your error message was never \def'ed. If you have
misspelled it (e.g., `\hobx'), type `I' and the correct
spelling (e.g., `I\hbox'). Otherwise just continue,
and I'll forget about whatever was undefined.

./data__generator_8hpp_source.tex:6: Undefined control sequence.
l.6 \DoxyCodeLine{00002\ \textcolor
                                   {preprocessor}{\#define\ DATA\_GENERATOR\...
The control sequence at the end of the top line
of your error message was never \def'ed. If you have
misspelled it (e.g., `\hobx'), type `I' and the correct
spelling (e.g., `I\hbox'). Otherwise just continue,
and I'll forget about whatever was undefined.

./data__generator_8hpp_source.tex:7: Undefined control sequence.
l.7 \DoxyCodeLine
                 {00003\ }
The control sequence at the end of the top line
of your error message was never \def'ed. If you have
misspelled it (e.g., `\hobx'), type `I' and the correct
spelling (e.g., `I\hbox'). Otherwise just continue,
and I'll forget about whatever was undefined.

./data__generator_8hpp_source.tex:8: Undefined control sequence.
l.8 \DoxyCodeLine
                 {00004\ \textcolor{preprocessor}{\#include\ "{}\mbox{\hyper...
The control sequence at the end of the top line
of your error message was never \def'ed. If you have
misspelled it (e.g., `\hobx'), type `I' and the correct
spelling (e.g., `I\hbox'). Otherwise just continue,
and I'll forget about whatever was undefined.

./data__generator_8hpp_source.tex:8: Undefined control sequence.
l.8 \DoxyCodeLine{00004\ \textcolor
                                   {preprocessor}{\#include\ "{}\mbox{\hyper...
The control sequence at the end of the top line
of your error message was never \def'ed. If you have
misspelled it (e.g., `\hobx'), type `I' and the correct
spelling (e.g., `I\hbox'). Otherwise just continue,
and I'll forget about whatever was undefined.

./data__generator_8hpp_source.tex:8: Undefined control sequence.
<argument> \hyperlink 
                      {smart__data_8hpp}{vehicle/smartdata/smart\_data.hpp}
l.8 ...a_8hpp}{vehicle/smartdata/smart\_data.hpp}}
                                                  "{}}}
The control sequence at the end of the top line
of your error message was never \def'ed. If you have
misspelled it (e.g., `\hobx'), type `I' and the correct
spelling (e.g., `I\hbox'). Otherwise just continue,
and I'll forget about whatever was undefined.

Missing character: There is no s in font nullfont!
Missing character: There is no m in font nullfont!
Missing character: There is no a in font nullfont!
Missing character: There is no r in font nullfont!
Missing character: There is no t in font nullfont!
./data__generator_8hpp_source.tex:8: Missing $ inserted.
<inserted text> 
                $
l.8 ...a_8hpp}{vehicle/smartdata/smart\_data.hpp}}
                                                  "{}}}
I've inserted a begin-math/end-math symbol since I think
you left one out. Proceed, with fingers crossed.

./data__generator_8hpp_source.tex:8: Missing { inserted.
<to be read again> 
                   _
l.8 ...a_8hpp}{vehicle/smartdata/smart\_data.hpp}}
                                                  "{}}}
A left brace was mandatory here, so I've put one in.
You might want to delete and/or insert some corrections
so that I will find a matching right brace soon.
(If you're confused by all this, try typing `I}' now.)

./data__generator_8hpp_source.tex:8: Extra }, or forgotten $.
\mbox  #1->\leavevmode \hbox {#1}
                                 
l.8 ...a_8hpp}{vehicle/smartdata/smart\_data.hpp}}
                                                  "{}}}
I've deleted a group-closing symbol because it seems to be
spurious, as in `$x}$'. But perhaps the } is legitimate and
you forgot something else, as in `\hbox{$x}'. In such cases
the way to recover is to insert both the forgotten and the
deleted material, e.g., by typing `I$}'.

./data__generator_8hpp_source.tex:8: Extra }, or forgotten $.
l.8 ...pp}{vehicle/smartdata/smart\_data.hpp}}"{}}
                                                  }
I've deleted a group-closing symbol because it seems to be
spurious, as in `$x}$'. But perhaps the } is legitimate and
you forgot something else, as in `\hbox{$x}'. In such cases
the way to recover is to insert both the forgotten and the
deleted material, e.g., by typing `I$}'.

./data__generator_8hpp_source.tex:8: Extra }, or forgotten $.
l.8 ...p}{vehicle/smartdata/smart\_data.hpp}}"{}}}
                                                  
I've deleted a group-closing symbol because it seems to be
spurious, as in `$x}$'. But perhaps the } is legitimate and
you forgot something else, as in `\hbox{$x}'. In such cases
the way to recover is to insert both the forgotten and the
deleted material, e.g., by typing `I$}'.

./data__generator_8hpp_source.tex:9: Undefined control sequence.
l.9 \DoxyCodeLine
                 {00005\ }
The control sequence at the end of the top line
of your error message was never \def'ed. If you have
misspelled it (e.g., `\hobx'), type `I' and the correct
spelling (e.g., `I\hbox'). Otherwise just continue,
and I'll forget about whatever was undefined.

./data__generator_8hpp_source.tex:10: Undefined control sequence.
l.10 \DoxyCodeLine
                  {00006\ \textcolor{preprocessor}{\#include\ <random>}}
The control sequence at the end of the top line
of your error message was never \def'ed. If you have
misspelled it (e.g., `\hobx'), type `I' and the correct
spelling (e.g., `I\hbox'). Otherwise just continue,
and I'll forget about whatever was undefined.

./data__generator_8hpp_source.tex:10: Undefined control sequence.
l.10 \DoxyCodeLine{00006\ \textcolor
                                    {preprocessor}{\#include\ <random>}}
The control sequence at the end of the top line
of your error message was never \def'ed. If you have
misspelled it (e.g., `\hobx'), type `I' and the correct
spelling (e.g., `I\hbox'). Otherwise just continue,
and I'll forget about whatever was undefined.

./data__generator_8hpp_source.tex:11: Undefined control sequence.
l.11 \DoxyCodeLine
                  {00007\ }
The control sequence at the end of the top line
of your error message was never \def'ed. If you have
misspelled it (e.g., `\hobx'), type `I' and the correct
spelling (e.g., `I\hbox'). Otherwise just continue,
and I'll forget about whatever was undefined.

./data__generator_8hpp_source.tex:12: Undefined control sequence.
l.12 \DoxyCodeLine
                  {00008\ \textcolor{comment}{//\ To\ avoid\ circular\ depen...
The control sequence at the end of the top line
of your error message was never \def'ed. If you have
misspelled it (e.g., `\hobx'), type `I' and the correct
spelling (e.g., `I\hbox'). Otherwise just continue,
and I'll forget about whatever was undefined.

./data__generator_8hpp_source.tex:12: Undefined control sequence.
l.12 \DoxyCodeLine{00008\ \textcolor
                                    {comment}{//\ To\ avoid\ circular\ depen...
The control sequence at the end of the top line
of your error message was never \def'ed. If you have
misspelled it (e.g., `\hobx'), type `I' and the correct
spelling (e.g., `I\hbox'). Otherwise just continue,
and I'll forget about whatever was undefined.

./data__generator_8hpp_source.tex:13: Undefined control sequence.
l.13 \DoxyCodeLine
                  {00009\ \textcolor{keyword}{template}<\textcolor{keyword}{...
The control sequence at the end of the top line
of your error message was never \def'ed. If you have
misspelled it (e.g., `\hobx'), type `I' and the correct
spelling (e.g., `I\hbox'). Otherwise just continue,
and I'll forget about whatever was undefined.

./data__generator_8hpp_source.tex:13: Undefined control sequence.
l.13 \DoxyCodeLine{00009\ \textcolor
                                    {keyword}{template}<\textcolor{keyword}{...
The control sequence at the end of the top line
of your error message was never \def'ed. If you have
misspelled it (e.g., `\hobx'), type `I' and the correct
spelling (e.g., `I\hbox'). Otherwise just continue,
and I'll forget about whatever was undefined.

./data__generator_8hpp_source.tex:13: Undefined control sequence.
l.13 ...\ \textcolor{keyword}{template}<\textcolor
                                                  {keyword}{typename}\ UnitT...
The control sequence at the end of the top line
of your error message was never \def'ed. If you have
misspelled it (e.g., `\hobx'), type `I' and the correct
spelling (e.g., `I\hbox'). Otherwise just continue,
and I'll forget about whatever was undefined.

./data__generator_8hpp_source.tex:13: Undefined control sequence.
l.13 ...r{keyword}{typename}\ UnitTag>\ \textcolor
                                                  {keyword}{class\ }\mbox{\h...
The control sequence at the end of the top line
of your error message was never \def'ed. If you have
misspelled it (e.g., `\hobx'), type `I' and the correct
spelling (e.g., `I\hbox'). Otherwise just continue,
and I'll forget about whatever was undefined.

./data__generator_8hpp_source.tex:13: Undefined control sequence.
<argument> \hyperlink 
                      {class_transducer}{Transducer}
l.13 ...{\hyperlink{class_transducer}{Transducer}}
                                                  ;}
The control sequence at the end of the top line
of your error message was never \def'ed. If you have
misspelled it (e.g., `\hobx'), type `I' and the correct
spelling (e.g., `I\hbox'). Otherwise just continue,
and I'll forget about whatever was undefined.

Missing character: There is no c in font nullfont!
Missing character: There is no l in font nullfont!
Missing character: There is no a in font nullfont!
Missing character: There is no s in font nullfont!
Missing character: There is no s in font nullfont!
./data__generator_8hpp_source.tex:13: Missing $ inserted.
<inserted text> 
                $
l.13 ...{\hyperlink{class_transducer}{Transducer}}
                                                  ;}
I've inserted a begin-math/end-math symbol since I think
you left one out. Proceed, with fingers crossed.

./data__generator_8hpp_source.tex:13: Extra }, or forgotten $.
<argument> \hyperlink {class_transducer}
                                        {Transducer}
l.13 ...{\hyperlink{class_transducer}{Transducer}}
                                                  ;}
I've deleted a group-closing symbol because it seems to be
spurious, as in `$x}$'. But perhaps the } is legitimate and
you forgot something else, as in `\hbox{$x}'. In such cases
the way to recover is to insert both the forgotten and the
deleted material, e.g., by typing `I$}'.

./data__generator_8hpp_source.tex:13: Extra }, or forgotten $.
\mbox  #1->\leavevmode \hbox {#1}
                                 
l.13 ...{\hyperlink{class_transducer}{Transducer}}
                                                  ;}
I've deleted a group-closing symbol because it seems to be
spurious, as in `$x}$'. But perhaps the } is legitimate and
you forgot something else, as in `\hbox{$x}'. In such cases
the way to recover is to insert both the forgotten and the
deleted material, e.g., by typing `I$}'.

./data__generator_8hpp_source.tex:13: Extra }, or forgotten $.
l.13 ...hyperlink{class_transducer}{Transducer}};}
                                                  
I've deleted a group-closing symbol because it seems to be
spurious, as in `$x}$'. But perhaps the } is legitimate and
you forgot something else, as in `\hbox{$x}'. In such cases
the way to recover is to insert both the forgotten and the
deleted material, e.g., by typing `I$}'.

./data__generator_8hpp_source.tex:14: Undefined control sequence.
l.14 \DoxyCodeLine
                  {00010\ }
The control sequence at the end of the top line
of your error message was never \def'ed. If you have
misspelled it (e.g., `\hobx'), type `I' and the correct
spelling (e.g., `I\hbox'). Otherwise just continue,
and I'll forget about whatever was undefined.

./data__generator_8hpp_source.tex:15: Undefined control sequence.
l.15 \DoxyCodeLine
                  {00019\ \textcolor{keyword}{template}<\textcolor{keyword}{...
The control sequence at the end of the top line
of your error message was never \def'ed. If you have
misspelled it (e.g., `\hobx'), type `I' and the correct
spelling (e.g., `I\hbox'). Otherwise just continue,
and I'll forget about whatever was undefined.

./data__generator_8hpp_source.tex:15: Undefined control sequence.
l.15 \DoxyCodeLine{00019\ \textcolor
                                    {keyword}{template}<\textcolor{keyword}{...
The control sequence at the end of the top line
of your error message was never \def'ed. If you have
misspelled it (e.g., `\hobx'), type `I' and the correct
spelling (e.g., `I\hbox'). Otherwise just continue,
and I'll forget about whatever was undefined.

./data__generator_8hpp_source.tex:15: Undefined control sequence.
l.15 ...\ \textcolor{keyword}{template}<\textcolor
                                                  {keyword}{typename}\ UnitT...
The control sequence at the end of the top line
of your error message was never \def'ed. If you have
misspelled it (e.g., `\hobx'), type `I' and the correct
spelling (e.g., `I\hbox'). Otherwise just continue,
and I'll forget about whatever was undefined.

./data__generator_8hpp_source.tex:15: Undefined control sequence.
l.15 ...keyword}{typename}\ UnitTag>\ \ \textcolor
                                                  {comment}{//\ int\ only\ f...
The control sequence at the end of the top line
of your error message was never \def'ed. If you have
misspelled it (e.g., `\hobx'), type `I' and the correct
spelling (e.g., `I\hbox'). Otherwise just continue,
and I'll forget about whatever was undefined.

./data__generator_8hpp_source.tex:16: Undefined control sequence.
l.16 \DoxyCodeLine
                  {00020\ \textcolor{keyword}{class\ }\mbox{\hyperlink{class...
The control sequence at the end of the top line
of your error message was never \def'ed. If you have
misspelled it (e.g., `\hobx'), type `I' and the correct
spelling (e.g., `I\hbox'). Otherwise just continue,
and I'll forget about whatever was undefined.

./data__generator_8hpp_source.tex:16: Undefined control sequence.
l.16 \DoxyCodeLine{00020\ \textcolor
                                    {keyword}{class\ }\mbox{\hyperlink{class...
The control sequence at the end of the top line
of your error message was never \def'ed. If you have
misspelled it (e.g., `\hobx'), type `I' and the correct
spelling (e.g., `I\hbox'). Otherwise just continue,
and I'll forget about whatever was undefined.

./data__generator_8hpp_source.tex:16: Undefined control sequence.
<argument> \hyperlink 
                      {class_data_generator_af338d5a04ec59437a002c2479796745...
l.16 ...04ec59437a002c2479796745a}{DataGenerator}}
                                                  \ :\ \mbox{\hyperlink{clas...
The control sequence at the end of the top line
of your error message was never \def'ed. If you have
misspelled it (e.g., `\hobx'), type `I' and the correct
spelling (e.g., `I\hbox'). Otherwise just continue,
and I'll forget about whatever was undefined.

Missing character: There is no c in font nullfont!
Missing character: There is no l in font nullfont!
Missing character: There is no a in font nullfont!
Missing character: There is no s in font nullfont!
Missing character: There is no s in font nullfont!
./data__generator_8hpp_source.tex:16: Missing $ inserted.
<inserted text> 
                $
l.16 ...04ec59437a002c2479796745a}{DataGenerator}}
                                                  \ :\ \mbox{\hyperlink{clas...
I've inserted a begin-math/end-math symbol since I think
you left one out. Proceed, with fingers crossed.

./data__generator_8hpp_source.tex:16: Extra }, or forgotten $.
<argument> ...r_af338d5a04ec59437a002c2479796745a}
                                                  {DataGenerator}
l.16 ...04ec59437a002c2479796745a}{DataGenerator}}
                                                  \ :\ \mbox{\hyperlink{clas...
I've deleted a group-closing symbol because it seems to be
spurious, as in `$x}$'. But perhaps the } is legitimate and
you forgot something else, as in `\hbox{$x}'. In such cases
the way to recover is to insert both the forgotten and the
deleted material, e.g., by typing `I$}'.

./data__generator_8hpp_source.tex:16: Extra }, or forgotten $.
\mbox  #1->\leavevmode \hbox {#1}
                                 
l.16 ...04ec59437a002c2479796745a}{DataGenerator}}
                                                  \ :\ \mbox{\hyperlink{clas...
I've deleted a group-closing symbol because it seems to be
spurious, as in `$x}$'. But perhaps the } is legitimate and
you forgot something else, as in `\hbox{$x}'. In such cases
the way to recover is to insert both the forgotten and the
deleted material, e.g., by typing `I$}'.

./data__generator_8hpp_source.tex:16: Undefined control sequence.
<argument> \hyperlink 
                      {class_conditionally___data___observed}{Conditionally\...
l.16 ..._observed}{Conditionally\_Data\_Observed}}
                                                  <typename\ UnitTag::ValueT...
The control sequence at the end of the top line
of your error message was never \def'ed. If you have
misspelled it (e.g., `\hobx'), type `I' and the correct
spelling (e.g., `I\hbox'). Otherwise just continue,
and I'll forget about whatever was undefined.

Missing character: There is no c in font nullfont!
Missing character: There is no l in font nullfont!
Missing character: There is no a in font nullfont!
Missing character: There is no s in font nullfont!
Missing character: There is no s in font nullfont!
./data__generator_8hpp_source.tex:16: Missing $ inserted.
<inserted text> 
                $
l.16 ..._observed}{Conditionally\_Data\_Observed}}
                                                  <typename\ UnitTag::ValueT...
I've inserted a begin-math/end-math symbol since I think
you left one out. Proceed, with fingers crossed.

./data__generator_8hpp_source.tex:16: Missing { inserted.
<to be read again> 
                   _
l.16 ..._observed}{Conditionally\_Data\_Observed}}
                                                  <typename\ UnitTag::ValueT...
A left brace was mandatory here, so I've put one in.
You might want to delete and/or insert some corrections
so that I will find a matching right brace soon.
(If you're confused by all this, try typing `I}' now.)

./data__generator_8hpp_source.tex:16: Missing { inserted.
<to be read again> 
                   _
l.16 ..._observed}{Conditionally\_Data\_Observed}}
                                                  <typename\ UnitTag::ValueT...
A left brace was mandatory here, so I've put one in.
You might want to delete and/or insert some corrections
so that I will find a matching right brace soon.
(If you're confused by all this, try typing `I}' now.)

./data__generator_8hpp_source.tex:16: Missing { inserted.
<to be read again> 
                   _
l.16 ..._observed}{Conditionally\_Data\_Observed}}
                                                  <typename\ UnitTag::ValueT...
A left brace was mandatory here, so I've put one in.
You might want to delete and/or insert some corrections
so that I will find a matching right brace soon.
(If you're confused by all this, try typing `I}' now.)

./data__generator_8hpp_source.tex:16: Missing { inserted.
<to be read again> 
                   _
l.16 ..._observed}{Conditionally\_Data\_Observed}}
                                                  <typename\ UnitTag::ValueT...
A left brace was mandatory here, so I've put one in.
You might want to delete and/or insert some corrections
so that I will find a matching right brace soon.
(If you're confused by all this, try typing `I}' now.)

./data__generator_8hpp_source.tex:17: Undefined control sequence.
l.17 \DoxyCodeLine
                  {00021\ \{}
The control sequence at the end of the top line
of your error message was never \def'ed. If you have
misspelled it (e.g., `\hobx'), type `I' and the correct
spelling (e.g., `I\hbox'). Otherwise just continue,
and I'll forget about whatever was undefined.

./data__generator_8hpp_source.tex:18: Undefined control sequence.
l.18 \DoxyCodeLine
                  {00022\ \textcolor{keyword}{public}:}
The control sequence at the end of the top line
of your error message was never \def'ed. If you have
misspelled it (e.g., `\hobx'), type `I' and the correct
spelling (e.g., `I\hbox'). Otherwise just continue,
and I'll forget about whatever was undefined.

./data__generator_8hpp_source.tex:18: Undefined control sequence.
l.18 \DoxyCodeLine{00022\ \textcolor
                                    {keyword}{public}:}
The control sequence at the end of the top line
of your error message was never \def'ed. If you have
misspelled it (e.g., `\hobx'), type `I' and the correct
spelling (e.g., `I\hbox'). Otherwise just continue,
and I'll forget about whatever was undefined.

./data__generator_8hpp_source.tex:19: Undefined control sequence.
l.19 \DoxyCodeLine
                  {00023\ \ \ \ \ \textcolor{keyword}{typedef}\ \mbox{\hyper...
The control sequence at the end of the top line
of your error message was never \def'ed. If you have
misspelled it (e.g., `\hobx'), type `I' and the correct
spelling (e.g., `I\hbox'). Otherwise just continue,
and I'll forget about whatever was undefined.

./data__generator_8hpp_source.tex:19: Undefined control sequence.
l.19 \DoxyCodeLine{00023\ \ \ \ \ \textcolor
                                            {keyword}{typedef}\ \mbox{\hyper...
The control sequence at the end of the top line
of your error message was never \def'ed. If you have
misspelled it (e.g., `\hobx'), type `I' and the correct
spelling (e.g., `I\hbox'). Otherwise just continue,
and I'll forget about whatever was undefined.

./data__generator_8hpp_source.tex:19: Undefined control sequence.
<argument> \hyperlink 
                      {class_conditional___data___observer}{Conditional\_Dat...
l.19 ...rver<typename\ UnitTag::ValueType,\ int>}}
                                                  \ \mbox{\hyperlink{class_d...
The control sequence at the end of the top line
of your error message was never \def'ed. If you have
misspelled it (e.g., `\hobx'), type `I' and the correct
spelling (e.g., `I\hbox'). Otherwise just continue,
and I'll forget about whatever was undefined.

Missing character: There is no c in font nullfont!
Missing character: There is no l in font nullfont!
Missing character: There is no a in font nullfont!
Missing character: There is no s in font nullfont!
Missing character: There is no s in font nullfont!
./data__generator_8hpp_source.tex:19: Missing $ inserted.
<inserted text> 
                $
l.19 ...rver<typename\ UnitTag::ValueType,\ int>}}
                                                  \ \mbox{\hyperlink{class_d...
I've inserted a begin-math/end-math symbol since I think
you left one out. Proceed, with fingers crossed.

./data__generator_8hpp_source.tex:19: Missing { inserted.
<to be read again> 
                   _
l.19 ...rver<typename\ UnitTag::ValueType,\ int>}}
                                                  \ \mbox{\hyperlink{class_d...
A left brace was mandatory here, so I've put one in.
You might want to delete and/or insert some corrections
so that I will find a matching right brace soon.
(If you're confused by all this, try typing `I}' now.)

./data__generator_8hpp_source.tex:19: Missing { inserted.
<to be read again> 
                   _
l.19 ...rver<typename\ UnitTag::ValueType,\ int>}}
                                                  \ \mbox{\hyperlink{class_d...
A left brace was mandatory here, so I've put one in.
You might want to delete and/or insert some corrections
so that I will find a matching right brace soon.
(If you're confused by all this, try typing `I}' now.)

./data__generator_8hpp_source.tex:19: Missing { inserted.
<to be read again> 
                   _
l.19 ...rver<typename\ UnitTag::ValueType,\ int>}}
                                                  \ \mbox{\hyperlink{class_d...
A left brace was mandatory here, so I've put one in.
You might want to delete and/or insert some corrections
so that I will find a matching right brace soon.
(If you're confused by all this, try typing `I}' now.)

./data__generator_8hpp_source.tex:19: Missing { inserted.
<to be read again> 
                   _
l.19 ...rver<typename\ UnitTag::ValueType,\ int>}}
                                                  \ \mbox{\hyperlink{class_d...
A left brace was mandatory here, so I've put one in.
You might want to delete and/or insert some corrections
so that I will find a matching right brace soon.
(If you're confused by all this, try typing `I}' now.)

./data__generator_8hpp_source.tex:19: Undefined control sequence.
<argument> \hyperlink 
                      {class_data_generator_a9336c30134aa41751c5da40e6ae9f61...
l.19 ...36c30134aa41751c5da40e6ae9f61f}{Observer}}
                                                  ;}
The control sequence at the end of the top line
of your error message was never \def'ed. If you have
misspelled it (e.g., `\hobx'), type `I' and the correct
spelling (e.g., `I\hbox'). Otherwise just continue,
and I'll forget about whatever was undefined.

Missing character: There is no c in font nullfont!
Missing character: There is no l in font nullfont!
Missing character: There is no a in font nullfont!
Missing character: There is no s in font nullfont!
Missing character: There is no s in font nullfont!
./data__generator_8hpp_source.tex:19: Missing $ inserted.
<inserted text> 
                $
l.19 ...36c30134aa41751c5da40e6ae9f61f}{Observer}}
                                                  ;}
I've inserted a begin-math/end-math symbol since I think
you left one out. Proceed, with fingers crossed.

./data__generator_8hpp_source.tex:19: Extra }, or forgotten $.
<argument> ...r_a9336c30134aa41751c5da40e6ae9f61f}
                                                  {Observer}
l.19 ...36c30134aa41751c5da40e6ae9f61f}{Observer}}
                                                  ;}
I've deleted a group-closing symbol because it seems to be
spurious, as in `$x}$'. But perhaps the } is legitimate and
you forgot something else, as in `\hbox{$x}'. In such cases
the way to recover is to insert both the forgotten and the
deleted material, e.g., by typing `I$}'.

./data__generator_8hpp_source.tex:19: Extra }, or forgotten $.
\mbox  #1->\leavevmode \hbox {#1}
                                 
l.19 ...36c30134aa41751c5da40e6ae9f61f}{Observer}}
                                                  ;}
I've deleted a group-closing symbol because it seems to be
spurious, as in `$x}$'. But perhaps the } is legitimate and
you forgot something else, as in `\hbox{$x}'. In such cases
the way to recover is to insert both the forgotten and the
deleted material, e.g., by typing `I$}'.

./data__generator_8hpp_source.tex:19: Extra }, or forgotten $.
l.19 ...c30134aa41751c5da40e6ae9f61f}{Observer}};}
                                                  
I've deleted a group-closing symbol because it seems to be
spurious, as in `$x}$'. But perhaps the } is legitimate and
you forgot something else, as in `\hbox{$x}'. In such cases
the way to recover is to insert both the forgotten and the
deleted material, e.g., by typing `I$}'.

./data__generator_8hpp_source.tex:20: Undefined control sequence.
l.20 \DoxyCodeLine
                  {00024\ \ \ \ \ \textcolor{keyword}{typedef}\ \mbox{\hyper...
The control sequence at the end of the top line
of your error message was never \def'ed. If you have
misspelled it (e.g., `\hobx'), type `I' and the correct
spelling (e.g., `I\hbox'). Otherwise just continue,
and I'll forget about whatever was undefined.

./data__generator_8hpp_source.tex:20: Undefined control sequence.
l.20 \DoxyCodeLine{00024\ \ \ \ \ \textcolor
                                            {keyword}{typedef}\ \mbox{\hyper...
The control sequence at the end of the top line
of your error message was never \def'ed. If you have
misspelled it (e.g., `\hobx'), type `I' and the correct
spelling (e.g., `I\hbox'). Otherwise just continue,
and I'll forget about whatever was undefined.

./data__generator_8hpp_source.tex:20: Undefined control sequence.
<argument> \hyperlink 
                      {class_conditionally___data___observed}{Conditionally\...
l.20 ...rved<typename\ UnitTag::ValueType,\ int>}}
                                                  \ \mbox{\hyperlink{class_d...
The control sequence at the end of the top line
of your error message was never \def'ed. If you have
misspelled it (e.g., `\hobx'), type `I' and the correct
spelling (e.g., `I\hbox'). Otherwise just continue,
and I'll forget about whatever was undefined.

Missing character: There is no c in font nullfont!
Missing character: There is no l in font nullfont!
Missing character: There is no a in font nullfont!
Missing character: There is no s in font nullfont!
Missing character: There is no s in font nullfont!
./data__generator_8hpp_source.tex:20: Missing $ inserted.
<inserted text> 
                $
l.20 ...rved<typename\ UnitTag::ValueType,\ int>}}
                                                  \ \mbox{\hyperlink{class_d...
I've inserted a begin-math/end-math symbol since I think
you left one out. Proceed, with fingers crossed.

./data__generator_8hpp_source.tex:20: Missing { inserted.
<to be read again> 
                   _
l.20 ...rved<typename\ UnitTag::ValueType,\ int>}}
                                                  \ \mbox{\hyperlink{class_d...
A left brace was mandatory here, so I've put one in.
You might want to delete and/or insert some corrections
so that I will find a matching right brace soon.
(If you're confused by all this, try typing `I}' now.)

./data__generator_8hpp_source.tex:20: Missing { inserted.
<to be read again> 
                   _
l.20 ...rved<typename\ UnitTag::ValueType,\ int>}}
                                                  \ \mbox{\hyperlink{class_d...
A left brace was mandatory here, so I've put one in.
You might want to delete and/or insert some corrections
so that I will find a matching right brace soon.
(If you're confused by all this, try typing `I}' now.)

./data__generator_8hpp_source.tex:20: Missing { inserted.
<to be read again> 
                   _
l.20 ...rved<typename\ UnitTag::ValueType,\ int>}}
                                                  \ \mbox{\hyperlink{class_d...
A left brace was mandatory here, so I've put one in.
You might want to delete and/or insert some corrections
so that I will find a matching right brace soon.
(If you're confused by all this, try typing `I}' now.)

./data__generator_8hpp_source.tex:20: Missing { inserted.
<to be read again> 
                   _
l.20 ...rved<typename\ UnitTag::ValueType,\ int>}}
                                                  \ \mbox{\hyperlink{class_d...
A left brace was mandatory here, so I've put one in.
You might want to delete and/or insert some corrections
so that I will find a matching right brace soon.
(If you're confused by all this, try typing `I}' now.)

./data__generator_8hpp_source.tex:20: Undefined control sequence.
<argument> \hyperlink 
                      {class_data_generator_aa43f8d969ab40b01c5c37bd09af33ec...
l.20 ...3f8d969ab40b01c5c37bd09af33ecf}{Observed}}
                                                  ;}
The control sequence at the end of the top line
of your error message was never \def'ed. If you have
misspelled it (e.g., `\hobx'), type `I' and the correct
spelling (e.g., `I\hbox'). Otherwise just continue,
and I'll forget about whatever was undefined.

Missing character: There is no c in font nullfont!
Missing character: There is no l in font nullfont!
Missing character: There is no a in font nullfont!
Missing character: There is no s in font nullfont!
Missing character: There is no s in font nullfont!
./data__generator_8hpp_source.tex:20: Missing $ inserted.
<inserted text> 
                $
l.20 ...3f8d969ab40b01c5c37bd09af33ecf}{Observed}}
                                                  ;}
I've inserted a begin-math/end-math symbol since I think
you left one out. Proceed, with fingers crossed.

./data__generator_8hpp_source.tex:20: Extra }, or forgotten $.
<argument> ...r_aa43f8d969ab40b01c5c37bd09af33ecf}
                                                  {Observed}
l.20 ...3f8d969ab40b01c5c37bd09af33ecf}{Observed}}
                                                  ;}
I've deleted a group-closing symbol because it seems to be
spurious, as in `$x}$'. But perhaps the } is legitimate and
you forgot something else, as in `\hbox{$x}'. In such cases
the way to recover is to insert both the forgotten and the
deleted material, e.g., by typing `I$}'.

./data__generator_8hpp_source.tex:20: Extra }, or forgotten $.
\mbox  #1->\leavevmode \hbox {#1}
                                 
l.20 ...3f8d969ab40b01c5c37bd09af33ecf}{Observed}}
                                                  ;}
I've deleted a group-closing symbol because it seems to be
spurious, as in `$x}$'. But perhaps the } is legitimate and
you forgot something else, as in `\hbox{$x}'. In such cases
the way to recover is to insert both the forgotten and the
deleted material, e.g., by typing `I$}'.

./data__generator_8hpp_source.tex:20: Extra }, or forgotten $.
l.20 ...8d969ab40b01c5c37bd09af33ecf}{Observed}};}
                                                  
I've deleted a group-closing symbol because it seems to be
spurious, as in `$x}$'. But perhaps the } is legitimate and
you forgot something else, as in `\hbox{$x}'. In such cases
the way to recover is to insert both the forgotten and the
deleted material, e.g., by typing `I$}'.

./data__generator_8hpp_source.tex:21: Undefined control sequence.
l.21 \DoxyCodeLine
                  {00025\ \ \ \ \ \textcolor{keyword}{typedef}\ \textcolor{k...
The control sequence at the end of the top line
of your error message was never \def'ed. If you have
misspelled it (e.g., `\hobx'), type `I' and the correct
spelling (e.g., `I\hbox'). Otherwise just continue,
and I'll forget about whatever was undefined.

./data__generator_8hpp_source.tex:21: Undefined control sequence.
l.21 \DoxyCodeLine{00025\ \ \ \ \ \textcolor
                                            {keyword}{typedef}\ \textcolor{k...
The control sequence at the end of the top line
of your error message was never \def'ed. If you have
misspelled it (e.g., `\hobx'), type `I' and the correct
spelling (e.g., `I\hbox'). Otherwise just continue,
and I'll forget about whatever was undefined.

./data__generator_8hpp_source.tex:21: Undefined control sequence.
l.21 ...\ \textcolor{keyword}{typedef}\ \textcolor
                                                  {keyword}{typename}\ UnitT...
The control sequence at the end of the top line
of your error message was never \def'ed. If you have
misspelled it (e.g., `\hobx'), type `I' and the correct
spelling (e.g., `I\hbox'). Otherwise just continue,
and I'll forget about whatever was undefined.

./data__generator_8hpp_source.tex:21: Undefined control sequence.
<argument> \hyperlink 
                      {class_data_generator_aae18d71e32a7ff2ec9ea7a9b090dbb6...
l.21 ...8d71e32a7ff2ec9ea7a9b090dbb62}{ValueType}}
                                                  ;}
The control sequence at the end of the top line
of your error message was never \def'ed. If you have
misspelled it (e.g., `\hobx'), type `I' and the correct
spelling (e.g., `I\hbox'). Otherwise just continue,
and I'll forget about whatever was undefined.

Missing character: There is no c in font nullfont!
Missing character: There is no l in font nullfont!
Missing character: There is no a in font nullfont!
Missing character: There is no s in font nullfont!
Missing character: There is no s in font nullfont!
./data__generator_8hpp_source.tex:21: Missing $ inserted.
<inserted text> 
                $
l.21 ...8d71e32a7ff2ec9ea7a9b090dbb62}{ValueType}}
                                                  ;}
I've inserted a begin-math/end-math symbol since I think
you left one out. Proceed, with fingers crossed.

./data__generator_8hpp_source.tex:21: Extra }, or forgotten $.
<argument> ...r_aae18d71e32a7ff2ec9ea7a9b090dbb62}
                                                  {ValueType}
l.21 ...8d71e32a7ff2ec9ea7a9b090dbb62}{ValueType}}
                                                  ;}
I've deleted a group-closing symbol because it seems to be
spurious, as in `$x}$'. But perhaps the } is legitimate and
you forgot something else, as in `\hbox{$x}'. In such cases
the way to recover is to insert both the forgotten and the
deleted material, e.g., by typing `I$}'.

./data__generator_8hpp_source.tex:21: Extra }, or forgotten $.
\mbox  #1->\leavevmode \hbox {#1}
                                 
l.21 ...8d71e32a7ff2ec9ea7a9b090dbb62}{ValueType}}
                                                  ;}
I've deleted a group-closing symbol because it seems to be
spurious, as in `$x}$'. But perhaps the } is legitimate and
you forgot something else, as in `\hbox{$x}'. In such cases
the way to recover is to insert both the forgotten and the
deleted material, e.g., by typing `I$}'.

./data__generator_8hpp_source.tex:21: Extra }, or forgotten $.
l.21 ...71e32a7ff2ec9ea7a9b090dbb62}{ValueType}};}
                                                  
I've deleted a group-closing symbol because it seems to be
spurious, as in `$x}$'. But perhaps the } is legitimate and
you forgot something else, as in `\hbox{$x}'. In such cases
the way to recover is to insert both the forgotten and the
deleted material, e.g., by typing `I$}'.

./data__generator_8hpp_source.tex:22: Undefined control sequence.
l.22 \DoxyCodeLine
                  {00026\ }
The control sequence at the end of the top line
of your error message was never \def'ed. If you have
misspelled it (e.g., `\hobx'), type `I' and the correct
spelling (e.g., `I\hbox'). Otherwise just continue,
and I'll forget about whatever was undefined.

./data__generator_8hpp_source.tex:23: Undefined control sequence.
l.23 \DoxyCodeLine
                  {00027\ \textcolor{keyword}{public}:}
The control sequence at the end of the top line
of your error message was never \def'ed. If you have
misspelled it (e.g., `\hobx'), type `I' and the correct
spelling (e.g., `I\hbox'). Otherwise just continue,
and I'll forget about whatever was undefined.

./data__generator_8hpp_source.tex:23: Undefined control sequence.
l.23 \DoxyCodeLine{00027\ \textcolor
                                    {keyword}{public}:}
The control sequence at the end of the top line
of your error message was never \def'ed. If you have
misspelled it (e.g., `\hobx'), type `I' and the correct
spelling (e.g., `I\hbox'). Otherwise just continue,
and I'll forget about whatever was undefined.

./data__generator_8hpp_source.tex:24: Undefined control sequence.
l.24 \DoxyCodeLine
                  {00028\ }
The control sequence at the end of the top line
of your error message was never \def'ed. If you have
misspelled it (e.g., `\hobx'), type `I' and the correct
spelling (e.g., `I\hbox'). Otherwise just continue,
and I'll forget about whatever was undefined.

./data__generator_8hpp_source.tex:25: Undefined control sequence.
l.25 \DoxyCodeLine
                  {00029\ \ \ \ \ \mbox{\hyperlink{class_data_generator_af33...
The control sequence at the end of the top line
of your error message was never \def'ed. If you have
misspelled it (e.g., `\hobx'), type `I' and the correct
spelling (e.g., `I\hbox'). Otherwise just continue,
and I'll forget about whatever was undefined.

./data__generator_8hpp_source.tex:25: Undefined control sequence.
<argument> \hyperlink 
                      {class_data_generator_af338d5a04ec59437a002c2479796745...
l.25 ...04ec59437a002c2479796745a}{DataGenerator}}
                                                  (\mbox{\hyperlink{class_tr...
(That makes 100 errors; please try again.) 
Here is how much of TeX's memory you used:
 18 strings out of 469269
 476 string characters out of 5467112
 435984 words of memory out of 5000000
 28550 multiletter control sequences out of 15000+600000
 626825 words of font info for 40 fonts, out of 8000000 for 9000
 319 hyphenation exceptions out of 8191
 18i,35n,19p,319b,227s stack positions out of 10000i,1000n,20000p,200000b,200000s

./data__generator_8hpp_source.tex:25:  ==> Fatal error occurred, no output PDF file produced!
