This is pdfTeX, Version 3.141592653-2.6-1.40.28 (TeX Live 2025) (preloaded format=pdflatex 2025.9.24)  27 SEP 2025 18:54
entering extended mode
 \write18 enabled.
 file:line:error style messages enabled.
 %&-line parsing enabled.
**dir_c3ec5dc1b2aa23ed722aa43fca5a4aa7.tex
(./dir_c3ec5dc1b2aa23ed722aa43fca5a4aa7.tex
LaTeX2e <2025-06-01> patch level 1
L3 programming layer <2025-09-02>
./dir_c3ec5dc1b2aa23ed722aa43fca5a4aa7.tex:1: Undefined control sequence.
l.1 \doxysection
                {source/vehicle/components Directory Reference}
The control sequence at the end of the top line
of your error message was never \def'ed. If you have
misspelled it (e.g., `\hobx'), type `I' and the correct
spelling (e.g., `I\hbox'). Otherwise just continue,
and I'll forget about whatever was undefined.


./dir_c3ec5dc1b2aa23ed722aa43fca5a4aa7.tex:1: LaTeX Error: Missing \begin{document}.

See the LaTeX manual or LaTeX Companion for explanation.
Type  H <return>  for immediate help.
 ...                                              
                                                  
l.1 \doxysection{s
                  ource/vehicle/components Directory Reference}
You're in trouble here.  Try typing  <return>  to proceed.
If that doesn't work, type  X <return>  to quit.

Missing character: There is no s in font nullfont!
Missing character: There is no o in font nullfont!
Missing character: There is no u in font nullfont!
Missing character: There is no r in font nullfont!
Missing character: There is no c in font nullfont!
Missing character: There is no e in font nullfont!
Missing character: There is no / in font nullfont!
Missing character: There is no v in font nullfont!
Missing character: There is no e in font nullfont!
Missing character: There is no h in font nullfont!
Missing character: There is no i in font nullfont!
Missing character: There is no c in font nullfont!
Missing character: There is no l in font nullfont!
Missing character: There is no e in font nullfont!
Missing character: There is no / in font nullfont!
Missing character: There is no c in font nullfont!
Missing character: There is no o in font nullfont!
Missing character: There is no m in font nullfont!
Missing character: There is no p in font nullfont!
Missing character: There is no o in font nullfont!
Missing character: There is no n in font nullfont!
Missing character: There is no e in font nullfont!
Missing character: There is no n in font nullfont!
Missing character: There is no t in font nullfont!
Missing character: There is no s in font nullfont!
Missing character: There is no D in font nullfont!
Missing character: There is no i in font nullfont!
Missing character: There is no r in font nullfont!
Missing character: There is no e in font nullfont!
Missing character: There is no c in font nullfont!
Missing character: There is no t in font nullfont!
Missing character: There is no o in font nullfont!
Missing character: There is no r in font nullfont!
Missing character: There is no y in font nullfont!
Missing character: There is no R in font nullfont!
Missing character: There is no e in font nullfont!
Missing character: There is no f in font nullfont!
Missing character: There is no e in font nullfont!
Missing character: There is no r in font nullfont!
Missing character: There is no e in font nullfont!
Missing character: There is no n in font nullfont!
Missing character: There is no c in font nullfont!
Missing character: There is no e in font nullfont!
./dir_c3ec5dc1b2aa23ed722aa43fca5a4aa7.tex:2: Undefined control sequence.
l.2 \hypertarget
                {dir_c3ec5dc1b2aa23ed722aa43fca5a4aa7}{}\label{dir_c3ec5dc1b...
The control sequence at the end of the top line
of your error message was never \def'ed. If you have
misspelled it (e.g., `\hobx'), type `I' and the correct
spelling (e.g., `I\hbox'). Otherwise just continue,
and I'll forget about whatever was undefined.

Missing character: There is no d in font nullfont!
Missing character: There is no i in font nullfont!
Missing character: There is no r in font nullfont!
./dir_c3ec5dc1b2aa23ed722aa43fca5a4aa7.tex:2: Missing $ inserted.
<inserted text> 
                $
l.2 \hypertarget{dir_
                     c3ec5dc1b2aa23ed722aa43fca5a4aa7}{}\label{dir_c3ec5dc1b...
I've inserted a begin-math/end-math symbol since I think
you left one out. Proceed, with fingers crossed.

LaTeX Font Info:    External font `cmex10' loaded for size
(Font)              <7> on input line 2.
LaTeX Font Info:    External font `cmex10' loaded for size
(Font)              <5> on input line 2.
./dir_c3ec5dc1b2aa23ed722aa43fca5a4aa7.tex:2: Extra }, or forgotten $.
l.2 ...arget{dir_c3ec5dc1b2aa23ed722aa43fca5a4aa7}
                                                  {}\label{dir_c3ec5dc1b2aa2...
I've deleted a group-closing symbol because it seems to be
spurious, as in `$x}$'. But perhaps the } is legitimate and
you forgot something else, as in `\hbox{$x}'. In such cases
the way to recover is to insert both the forgotten and the
deleted material, e.g., by typing `I$}'.

./dir_c3ec5dc1b2aa23ed722aa43fca5a4aa7.tex:3: Undefined control sequence.
l.3 Directory dependency graph for components\+
                                               :
The control sequence at the end of the top line
of your error message was never \def'ed. If you have
misspelled it (e.g., `\hobx'), type `I' and the correct
spelling (e.g., `I\hbox'). Otherwise just continue,
and I'll forget about whatever was undefined.


./dir_c3ec5dc1b2aa23ed722aa43fca5a4aa7.tex:5: LaTeX Error: Environment figure undefined.

See the LaTeX manual or LaTeX Companion for explanation.
Type  H <return>  for immediate help.
 ...                                              
                                                  
l.5 \begin{figure}
                  [H]
Your command was ignored.
Type  I <command> <return>  to replace it with another command,
or  <return>  to continue without it.

./dir_c3ec5dc1b2aa23ed722aa43fca5a4aa7.tex:6: Missing $ inserted.
<inserted text> 
                $
l.6 \begin{center}
                  
I've inserted a begin-math/end-math symbol since I think
you left one out. Proceed, with fingers crossed.

./dir_c3ec5dc1b2aa23ed722aa43fca5a4aa7.tex:6: Missing \endgroup inserted.
<inserted text> 
                \endgroup 
l.6 \begin{center}
                  
I've inserted something that you may have forgotten.
(See the <inserted text> above.)
With luck, this will get me unwedged. But if you
really didn't forget anything, try typing `2' now; then
my insertion and my current dilemma will both disappear.

./dir_c3ec5dc1b2aa23ed722aa43fca5a4aa7.tex:6: Missing \endgroup inserted.
<inserted text> 
                \endgroup 
l.6 \begin{center}
                  
I've inserted something that you may have forgotten.
(See the <inserted text> above.)
With luck, this will get me unwedged. But if you
really didn't forget anything, try typing `2' now; then
my insertion and my current dilemma will both disappear.


Overfull \hbox (20.0pt too wide) in paragraph at lines 1--6
[]
 []


Overfull \hbox (354.57202pt too wide) in paragraph at lines 1--6
[]\OT1/cmr/m/n/10 3\OML/cmm/m/it/10 ec\OT1/cmr/m/n/10 5\OML/cmm/m/it/10 dc\OT1/cmr/m/n/10 1\OML/cmm/m/it/10 b\OT1/cmr/m/n/10 2\OML/cmm/m/it/10 aa\OT1/cmr/m/n/10 23\OML/cmm/m/it/10 ed\OT1/cmr/m/n/10 722\OML/cmm/m/it/10 aa\OT1/cmr/m/n/10 43\OML/cmm/m/it/10 fca\OT1/cmr/m/n/10 5\OML/cmm/m/it/10 a\OT1/cmr/m/n/10 4\OML/cmm/m/it/10 aa\OT1/cmr/m/n/10 7[][]\OML/cmm/m/it/10 Directorydependencygraphforcomponents \OT1/cmr/m/n/10 :
 []


Overfull \hbox (17.45825pt too wide) in paragraph at lines 1--6
 \OT1/cmr/m/n/10 [\OML/cmm/m/it/10 H\OT1/cmr/m/n/10 ]$ 
 []

./dir_c3ec5dc1b2aa23ed722aa43fca5a4aa7.tex:8: Undefined control sequence.
l.8 \includegraphics
                    [width=276pt]{dir_c3ec5dc1b2aa23ed722aa43fca5a4aa7_dep}
The control sequence at the end of the top line
of your error message was never \def'ed. If you have
misspelled it (e.g., `\hobx'), type `I' and the correct
spelling (e.g., `I\hbox'). Otherwise just continue,
and I'll forget about whatever was undefined.

Missing character: There is no [ in font nullfont!
Missing character: There is no w in font nullfont!
Missing character: There is no i in font nullfont!
Missing character: There is no d in font nullfont!
Missing character: There is no t in font nullfont!
Missing character: There is no h in font nullfont!
Missing character: There is no = in font nullfont!
Missing character: There is no 2 in font nullfont!
Missing character: There is no 7 in font nullfont!
Missing character: There is no 6 in font nullfont!
Missing character: There is no p in font nullfont!
Missing character: There is no t in font nullfont!
Missing character: There is no ] in font nullfont!
Missing character: There is no d in font nullfont!
Missing character: There is no i in font nullfont!
Missing character: There is no r in font nullfont!
./dir_c3ec5dc1b2aa23ed722aa43fca5a4aa7.tex:8: Missing $ inserted.
<inserted text> 
                $
l.8 \includegraphics[width=276pt]{dir_
                                      c3ec5dc1b2aa23ed722aa43fca5a4aa7_dep}
I've inserted a begin-math/end-math symbol since I think
you left one out. Proceed, with fingers crossed.

./dir_c3ec5dc1b2aa23ed722aa43fca5a4aa7.tex:8: Extra }, or forgotten $.
l.8 ...]{dir_c3ec5dc1b2aa23ed722aa43fca5a4aa7_dep}
                                                  
I've deleted a group-closing symbol because it seems to be
spurious, as in `$x}$'. But perhaps the } is legitimate and
you forgot something else, as in `\hbox{$x}'. In such cases
the way to recover is to insert both the forgotten and the
deleted material, e.g., by typing `I$}'.


./dir_c3ec5dc1b2aa23ed722aa43fca5a4aa7.tex:9: LaTeX Error: Command \end{document} invalid in math mode.

See the LaTeX manual or LaTeX Companion for explanation.
Type  H <return>  for immediate help.
 ...                                              
                                                  
l.9 \end{center}
                
Try typing  <return>  to proceed.
If that doesn't work, type  X <return>  to quit.

./dir_c3ec5dc1b2aa23ed722aa43fca5a4aa7.tex:9: Missing $ inserted.
<inserted text> 
                $
l.9 \end{center}
                
I've inserted a begin-math/end-math symbol since I think
you left one out. Proceed, with fingers crossed.


Overfull \hbox (173.68031pt too wide) in paragraph at lines 7--9
 []\OT1/cmr/m/n/10 3\OML/cmm/m/it/10 ec\OT1/cmr/m/n/10 5\OML/cmm/m/it/10 dc\OT1/cmr/m/n/10 1\OML/cmm/m/it/10 b\OT1/cmr/m/n/10 2\OML/cmm/m/it/10 aa\OT1/cmr/m/n/10 23\OML/cmm/m/it/10 ed\OT1/cmr/m/n/10 722\OML/cmm/m/it/10 aa\OT1/cmr/m/n/10 43\OML/cmm/m/it/10 fca\OT1/cmr/m/n/10 5\OML/cmm/m/it/10 a\OT1/cmr/m/n/10 4\OML/cmm/m/it/10 aa\OT1/cmr/m/n/10 7[]\OML/cmm/m/it/10 ep 
 []


./dir_c3ec5dc1b2aa23ed722aa43fca5a4aa7.tex:9: LaTeX Error: \begin{document} ended by \end{center}.

See the LaTeX manual or LaTeX Companion for explanation.
Type  H <return>  for immediate help.
 ...                                              
                                                  
l.9 \end{center}
                
Your command was ignored.
Type  I <command> <return>  to replace it with another command,
or  <return>  to continue without it.

./dir_c3ec5dc1b2aa23ed722aa43fca5a4aa7.tex:9: Missing } inserted.
<inserted text> 
                }
l.9 \end{center}
                
I've inserted something that you may have forgotten.
(See the <inserted text> above.)
With luck, this will get me unwedged. But if you
really didn't forget anything, try typing `2' now; then
my insertion and my current dilemma will both disappear.

./dir_c3ec5dc1b2aa23ed722aa43fca5a4aa7.tex:9: Missing } inserted.
<inserted text> 
                }
l.9 \end{center}
                
I've inserted something that you may have forgotten.
(See the <inserted text> above.)
With luck, this will get me unwedged. But if you
really didn't forget anything, try typing `2' now; then
my insertion and my current dilemma will both disappear.

./dir_c3ec5dc1b2aa23ed722aa43fca5a4aa7.tex:9: Extra \endgroup.
<recently read> \endgroup 
                          
l.9 \end{center}
                
Things are pretty mixed up, but I think the worst is over.


./dir_c3ec5dc1b2aa23ed722aa43fca5a4aa7.tex:10: LaTeX Error: \begin{document} ended by \end{figure}.

See the LaTeX manual or LaTeX Companion for explanation.
Type  H <return>  for immediate help.
 ...                                              
                                                  
l.10 \end{figure}
                 
Your command was ignored.
Type  I <command> <return>  to replace it with another command,
or  <return>  to continue without it.

./dir_c3ec5dc1b2aa23ed722aa43fca5a4aa7.tex:10: Extra \endgroup.
\end  ...end#1\endcsname \@checkend {#1}\endgroup 
                                                  \UseHook {env/#1/after}\if...
l.10 \end{figure}
                 
Things are pretty mixed up, but I think the worst is over.

./dir_c3ec5dc1b2aa23ed722aa43fca5a4aa7.tex:11: Undefined control sequence.
l.11 \doxysubsubsection
                       *{Directories}
The control sequence at the end of the top line
of your error message was never \def'ed. If you have
misspelled it (e.g., `\hobx'), type `I' and the correct
spelling (e.g., `I\hbox'). Otherwise just continue,
and I'll forget about whatever was undefined.

Missing character: There is no * in font nullfont!
Missing character: There is no D in font nullfont!
Missing character: There is no i in font nullfont!
Missing character: There is no r in font nullfont!
Missing character: There is no e in font nullfont!
Missing character: There is no c in font nullfont!
Missing character: There is no t in font nullfont!
Missing character: There is no o in font nullfont!
Missing character: There is no r in font nullfont!
Missing character: There is no i in font nullfont!
Missing character: There is no e in font nullfont!
Missing character: There is no s in font nullfont!

./dir_c3ec5dc1b2aa23ed722aa43fca5a4aa7.tex:12: LaTeX Error: Environment DoxyCompactItemize undefined.

See the LaTeX manual or LaTeX Companion for explanation.
Type  H <return>  for immediate help.
 ...                                              
                                                  
l.12 \begin{DoxyCompactItemize}
                               
Your command was ignored.
Type  I <command> <return>  to replace it with another command,
or  <return>  to continue without it.


./dir_c3ec5dc1b2aa23ed722aa43fca5a4aa7.tex:14: LaTeX Error: Lonely \item--perhaps a missing list environment.

See the LaTeX manual or LaTeX Companion for explanation.
Type  H <return>  for immediate help.
 ...                                              
                                                  
l.14 d
      irectory \mbox{\hyperlink{dir_bc4762ecc05125b91dec3acc5dcccacb}{defini...
Try typing  <return>  to proceed.
If that doesn't work, type  X <return>  to quit.

Missing character: There is no d in font nullfont!
Missing character: There is no i in font nullfont!
Missing character: There is no r in font nullfont!
Missing character: There is no e in font nullfont!
Missing character: There is no c in font nullfont!
Missing character: There is no t in font nullfont!
Missing character: There is no o in font nullfont!
Missing character: There is no r in font nullfont!
Missing character: There is no y in font nullfont!
./dir_c3ec5dc1b2aa23ed722aa43fca5a4aa7.tex:14: Undefined control sequence.
<argument> \hyperlink 
                      {dir_bc4762ecc05125b91dec3acc5dcccacb}{definitions}
l.14 ...2ecc05125b91dec3acc5dcccacb}{definitions}}
                                                  
The control sequence at the end of the top line
of your error message was never \def'ed. If you have
misspelled it (e.g., `\hobx'), type `I' and the correct
spelling (e.g., `I\hbox'). Otherwise just continue,
and I'll forget about whatever was undefined.

Missing character: There is no d in font nullfont!
Missing character: There is no i in font nullfont!
Missing character: There is no r in font nullfont!
./dir_c3ec5dc1b2aa23ed722aa43fca5a4aa7.tex:14: Missing $ inserted.
<inserted text> 
                $
l.14 ...2ecc05125b91dec3acc5dcccacb}{definitions}}
                                                  
I've inserted a begin-math/end-math symbol since I think
you left one out. Proceed, with fingers crossed.

./dir_c3ec5dc1b2aa23ed722aa43fca5a4aa7.tex:14: Extra }, or forgotten $.
<argument> ...ir_bc4762ecc05125b91dec3acc5dcccacb}
                                                  {definitions}
l.14 ...2ecc05125b91dec3acc5dcccacb}{definitions}}
                                                  
I've deleted a group-closing symbol because it seems to be
spurious, as in `$x}$'. But perhaps the } is legitimate and
you forgot something else, as in `\hbox{$x}'. In such cases
the way to recover is to insert both the forgotten and the
deleted material, e.g., by typing `I$}'.

./dir_c3ec5dc1b2aa23ed722aa43fca5a4aa7.tex:14: Extra }, or forgotten $.
\mbox  #1->\leavevmode \hbox {#1}
                                 
l.14 ...2ecc05125b91dec3acc5dcccacb}{definitions}}
                                                  
I've deleted a group-closing symbol because it seems to be
spurious, as in `$x}$'. But perhaps the } is legitimate and
you forgot something else, as in `\hbox{$x}'. In such cases
the way to recover is to insert both the forgotten and the
deleted material, e.g., by typing `I$}'.


./dir_c3ec5dc1b2aa23ed722aa43fca5a4aa7.tex:15: LaTeX Error: \begin{document} ended by \end{DoxyCompactItemize}.

See the LaTeX manual or LaTeX Companion for explanation.
Type  H <return>  for immediate help.
 ...                                              
                                                  
l.15 \end{DoxyCompactItemize}
                             
Your command was ignored.
Type  I <command> <return>  to replace it with another command,
or  <return>  to continue without it.

./dir_c3ec5dc1b2aa23ed722aa43fca5a4aa7.tex:15: Missing $ inserted.
<inserted text> 
                $
l.15 \end{DoxyCompactItemize}
                             
I've inserted something that you may have forgotten.
(See the <inserted text> above.)
With luck, this will get me unwedged. But if you
really didn't forget anything, try typing `2' now; then
my insertion and my current dilemma will both disappear.

./dir_c3ec5dc1b2aa23ed722aa43fca5a4aa7.tex:15: Missing } inserted.
<inserted text> 
                }
l.15 \end{DoxyCompactItemize}
                             
I've inserted something that you may have forgotten.
(See the <inserted text> above.)
With luck, this will get me unwedged. But if you
really didn't forget anything, try typing `2' now; then
my insertion and my current dilemma will both disappear.

./dir_c3ec5dc1b2aa23ed722aa43fca5a4aa7.tex:15: Missing } inserted.
<inserted text> 
                }
l.15 \end{DoxyCompactItemize}
                             
I've inserted something that you may have forgotten.
(See the <inserted text> above.)
With luck, this will get me unwedged. But if you
really didn't forget anything, try typing `2' now; then
my insertion and my current dilemma will both disappear.

)
! Emergency stop.
<*> dir_c3ec5dc1b2aa23ed722aa43fca5a4aa7.tex
                                            
*** (job aborted, no legal \end found)

 
Here is how much of TeX's memory you used:
 25 strings out of 469269
 719 string characters out of 5467112
 430984 words of memory out of 5000000
 28557 multiletter control sequences out of 15000+600000
 626825 words of font info for 40 fonts, out of 8000000 for 9000
 319 hyphenation exceptions out of 8191
 22i,3n,23p,267b,76s stack positions out of 10000i,1000n,20000p,200000b,200000s
!  ==> Fatal error occurred, no output PDF file produced!
