This is pdfTeX, Version 3.141592653-2.6-1.40.28 (TeX Live 2025) (preloaded format=pdflatex 2025.9.24)  27 SEP 2025 18:54
entering extended mode
 \write18 enabled.
 file:line:error style messages enabled.
 %&-line parsing enabled.
**dir_6a082634c0d404c458d6e885509f1dbb.tex
(./dir_6a082634c0d404c458d6e885509f1dbb.tex
LaTeX2e <2025-06-01> patch level 1
L3 programming layer <2025-09-02>
./dir_6a082634c0d404c458d6e885509f1dbb.tex:1: Undefined control sequence.
l.1 \doxysection
                {source/api/network Directory Reference}
The control sequence at the end of the top line
of your error message was never \def'ed. If you have
misspelled it (e.g., `\hobx'), type `I' and the correct
spelling (e.g., `I\hbox'). Otherwise just continue,
and I'll forget about whatever was undefined.


./dir_6a082634c0d404c458d6e885509f1dbb.tex:1: LaTeX Error: Missing \begin{document}.

See the LaTeX manual or LaTeX Companion for explanation.
Type  H <return>  for immediate help.
 ...                                              
                                                  
l.1 \doxysection{s
                  ource/api/network Directory Reference}
You're in trouble here.  Try typing  <return>  to proceed.
If that doesn't work, type  X <return>  to quit.

Missing character: There is no s in font nullfont!
Missing character: There is no o in font nullfont!
Missing character: There is no u in font nullfont!
Missing character: There is no r in font nullfont!
Missing character: There is no c in font nullfont!
Missing character: There is no e in font nullfont!
Missing character: There is no / in font nullfont!
Missing character: There is no a in font nullfont!
Missing character: There is no p in font nullfont!
Missing character: There is no i in font nullfont!
Missing character: There is no / in font nullfont!
Missing character: There is no n in font nullfont!
Missing character: There is no e in font nullfont!
Missing character: There is no t in font nullfont!
Missing character: There is no w in font nullfont!
Missing character: There is no o in font nullfont!
Missing character: There is no r in font nullfont!
Missing character: There is no k in font nullfont!
Missing character: There is no D in font nullfont!
Missing character: There is no i in font nullfont!
Missing character: There is no r in font nullfont!
Missing character: There is no e in font nullfont!
Missing character: There is no c in font nullfont!
Missing character: There is no t in font nullfont!
Missing character: There is no o in font nullfont!
Missing character: There is no r in font nullfont!
Missing character: There is no y in font nullfont!
Missing character: There is no R in font nullfont!
Missing character: There is no e in font nullfont!
Missing character: There is no f in font nullfont!
Missing character: There is no e in font nullfont!
Missing character: There is no r in font nullfont!
Missing character: There is no e in font nullfont!
Missing character: There is no n in font nullfont!
Missing character: There is no c in font nullfont!
Missing character: There is no e in font nullfont!
./dir_6a082634c0d404c458d6e885509f1dbb.tex:2: Undefined control sequence.
l.2 \hypertarget
                {dir_6a082634c0d404c458d6e885509f1dbb}{}\label{dir_6a082634c...
The control sequence at the end of the top line
of your error message was never \def'ed. If you have
misspelled it (e.g., `\hobx'), type `I' and the correct
spelling (e.g., `I\hbox'). Otherwise just continue,
and I'll forget about whatever was undefined.

Missing character: There is no d in font nullfont!
Missing character: There is no i in font nullfont!
Missing character: There is no r in font nullfont!
./dir_6a082634c0d404c458d6e885509f1dbb.tex:2: Missing $ inserted.
<inserted text> 
                $
l.2 \hypertarget{dir_
                     6a082634c0d404c458d6e885509f1dbb}{}\label{dir_6a082634c...
I've inserted a begin-math/end-math symbol since I think
you left one out. Proceed, with fingers crossed.

LaTeX Font Info:    External font `cmex10' loaded for size
(Font)              <7> on input line 2.
LaTeX Font Info:    External font `cmex10' loaded for size
(Font)              <5> on input line 2.
./dir_6a082634c0d404c458d6e885509f1dbb.tex:2: Extra }, or forgotten $.
l.2 ...arget{dir_6a082634c0d404c458d6e885509f1dbb}
                                                  {}\label{dir_6a082634c0d40...
I've deleted a group-closing symbol because it seems to be
spurious, as in `$x}$'. But perhaps the } is legitimate and
you forgot something else, as in `\hbox{$x}'. In such cases
the way to recover is to insert both the forgotten and the
deleted material, e.g., by typing `I$}'.

./dir_6a082634c0d404c458d6e885509f1dbb.tex:3: Undefined control sequence.
l.3 Directory dependency graph for network\+
                                            :
The control sequence at the end of the top line
of your error message was never \def'ed. If you have
misspelled it (e.g., `\hobx'), type `I' and the correct
spelling (e.g., `I\hbox'). Otherwise just continue,
and I'll forget about whatever was undefined.


./dir_6a082634c0d404c458d6e885509f1dbb.tex:5: LaTeX Error: Environment figure undefined.

See the LaTeX manual or LaTeX Companion for explanation.
Type  H <return>  for immediate help.
 ...                                              
                                                  
l.5 \begin{figure}
                  [H]
Your command was ignored.
Type  I <command> <return>  to replace it with another command,
or  <return>  to continue without it.

./dir_6a082634c0d404c458d6e885509f1dbb.tex:6: Missing $ inserted.
<inserted text> 
                $
l.6 \begin{center}
                  
I've inserted a begin-math/end-math symbol since I think
you left one out. Proceed, with fingers crossed.

./dir_6a082634c0d404c458d6e885509f1dbb.tex:6: Missing \endgroup inserted.
<inserted text> 
                \endgroup 
l.6 \begin{center}
                  
I've inserted something that you may have forgotten.
(See the <inserted text> above.)
With luck, this will get me unwedged. But if you
really didn't forget anything, try typing `2' now; then
my insertion and my current dilemma will both disappear.

./dir_6a082634c0d404c458d6e885509f1dbb.tex:6: Missing \endgroup inserted.
<inserted text> 
                \endgroup 
l.6 \begin{center}
                  
I've inserted something that you may have forgotten.
(See the <inserted text> above.)
With luck, this will get me unwedged. But if you
really didn't forget anything, try typing `2' now; then
my insertion and my current dilemma will both disappear.


Overfull \hbox (20.0pt too wide) in paragraph at lines 1--6
[]
 []


Overfull \hbox (337.55843pt too wide) in paragraph at lines 1--6
[]\OML/cmm/m/it/10 a\OT1/cmr/m/n/10 082634\OML/cmm/m/it/10 c\OT1/cmr/m/n/10 0\OML/cmm/m/it/10 d\OT1/cmr/m/n/10 404\OML/cmm/m/it/10 c\OT1/cmr/m/n/10 458\OML/cmm/m/it/10 d\OT1/cmr/m/n/10 6\OML/cmm/m/it/10 e\OT1/cmr/m/n/10 885509\OML/cmm/m/it/10 f\OT1/cmr/m/n/10 1\OML/cmm/m/it/10 dbb[][]Directorydependencygraphfornetwork \OT1/cmr/m/n/10 :
 []


Overfull \hbox (17.45825pt too wide) in paragraph at lines 1--6
 \OT1/cmr/m/n/10 [\OML/cmm/m/it/10 H\OT1/cmr/m/n/10 ]$ 
 []

./dir_6a082634c0d404c458d6e885509f1dbb.tex:8: Undefined control sequence.
l.8 \includegraphics
                    [width=262pt]{dir_6a082634c0d404c458d6e885509f1dbb_dep}
The control sequence at the end of the top line
of your error message was never \def'ed. If you have
misspelled it (e.g., `\hobx'), type `I' and the correct
spelling (e.g., `I\hbox'). Otherwise just continue,
and I'll forget about whatever was undefined.

Missing character: There is no [ in font nullfont!
Missing character: There is no w in font nullfont!
Missing character: There is no i in font nullfont!
Missing character: There is no d in font nullfont!
Missing character: There is no t in font nullfont!
Missing character: There is no h in font nullfont!
Missing character: There is no = in font nullfont!
Missing character: There is no 2 in font nullfont!
Missing character: There is no 6 in font nullfont!
Missing character: There is no 2 in font nullfont!
Missing character: There is no p in font nullfont!
Missing character: There is no t in font nullfont!
Missing character: There is no ] in font nullfont!
Missing character: There is no d in font nullfont!
Missing character: There is no i in font nullfont!
Missing character: There is no r in font nullfont!
./dir_6a082634c0d404c458d6e885509f1dbb.tex:8: Missing $ inserted.
<inserted text> 
                $
l.8 \includegraphics[width=262pt]{dir_
                                      6a082634c0d404c458d6e885509f1dbb_dep}
I've inserted a begin-math/end-math symbol since I think
you left one out. Proceed, with fingers crossed.

./dir_6a082634c0d404c458d6e885509f1dbb.tex:8: Extra }, or forgotten $.
l.8 ...]{dir_6a082634c0d404c458d6e885509f1dbb_dep}
                                                  
I've deleted a group-closing symbol because it seems to be
spurious, as in `$x}$'. But perhaps the } is legitimate and
you forgot something else, as in `\hbox{$x}'. In such cases
the way to recover is to insert both the forgotten and the
deleted material, e.g., by typing `I$}'.


./dir_6a082634c0d404c458d6e885509f1dbb.tex:9: LaTeX Error: Command \end{document} invalid in math mode.

See the LaTeX manual or LaTeX Companion for explanation.
Type  H <return>  for immediate help.
 ...                                              
                                                  
l.9 \end{center}
                
Try typing  <return>  to proceed.
If that doesn't work, type  X <return>  to quit.

./dir_6a082634c0d404c458d6e885509f1dbb.tex:9: Missing $ inserted.
<inserted text> 
                $
l.9 \end{center}
                
I've inserted a begin-math/end-math symbol since I think
you left one out. Proceed, with fingers crossed.


Overfull \hbox (172.60428pt too wide) in paragraph at lines 7--9
 []\OML/cmm/m/it/10 a\OT1/cmr/m/n/10 082634\OML/cmm/m/it/10 c\OT1/cmr/m/n/10 0\OML/cmm/m/it/10 d\OT1/cmr/m/n/10 404\OML/cmm/m/it/10 c\OT1/cmr/m/n/10 458\OML/cmm/m/it/10 d\OT1/cmr/m/n/10 6\OML/cmm/m/it/10 e\OT1/cmr/m/n/10 885509\OML/cmm/m/it/10 f\OT1/cmr/m/n/10 1\OML/cmm/m/it/10 dbb[]ep 
 []


./dir_6a082634c0d404c458d6e885509f1dbb.tex:9: LaTeX Error: \begin{document} ended by \end{center}.

See the LaTeX manual or LaTeX Companion for explanation.
Type  H <return>  for immediate help.
 ...                                              
                                                  
l.9 \end{center}
                
Your command was ignored.
Type  I <command> <return>  to replace it with another command,
or  <return>  to continue without it.

./dir_6a082634c0d404c458d6e885509f1dbb.tex:9: Missing } inserted.
<inserted text> 
                }
l.9 \end{center}
                
I've inserted something that you may have forgotten.
(See the <inserted text> above.)
With luck, this will get me unwedged. But if you
really didn't forget anything, try typing `2' now; then
my insertion and my current dilemma will both disappear.

./dir_6a082634c0d404c458d6e885509f1dbb.tex:9: Missing } inserted.
<inserted text> 
                }
l.9 \end{center}
                
I've inserted something that you may have forgotten.
(See the <inserted text> above.)
With luck, this will get me unwedged. But if you
really didn't forget anything, try typing `2' now; then
my insertion and my current dilemma will both disappear.

./dir_6a082634c0d404c458d6e885509f1dbb.tex:9: Extra \endgroup.
<recently read> \endgroup 
                          
l.9 \end{center}
                
Things are pretty mixed up, but I think the worst is over.


./dir_6a082634c0d404c458d6e885509f1dbb.tex:10: LaTeX Error: \begin{document} ended by \end{figure}.

See the LaTeX manual or LaTeX Companion for explanation.
Type  H <return>  for immediate help.
 ...                                              
                                                  
l.10 \end{figure}
                 
Your command was ignored.
Type  I <command> <return>  to replace it with another command,
or  <return>  to continue without it.

./dir_6a082634c0d404c458d6e885509f1dbb.tex:10: Extra \endgroup.
\end  ...end#1\endcsname \@checkend {#1}\endgroup 
                                                  \UseHook {env/#1/after}\if...
l.10 \end{figure}
                 
Things are pretty mixed up, but I think the worst is over.

./dir_6a082634c0d404c458d6e885509f1dbb.tex:11: Undefined control sequence.
l.11 \doxysubsubsection
                       *{Directories}
The control sequence at the end of the top line
of your error message was never \def'ed. If you have
misspelled it (e.g., `\hobx'), type `I' and the correct
spelling (e.g., `I\hbox'). Otherwise just continue,
and I'll forget about whatever was undefined.

Missing character: There is no * in font nullfont!
Missing character: There is no D in font nullfont!
Missing character: There is no i in font nullfont!
Missing character: There is no r in font nullfont!
Missing character: There is no e in font nullfont!
Missing character: There is no c in font nullfont!
Missing character: There is no t in font nullfont!
Missing character: There is no o in font nullfont!
Missing character: There is no r in font nullfont!
Missing character: There is no i in font nullfont!
Missing character: There is no e in font nullfont!
Missing character: There is no s in font nullfont!

./dir_6a082634c0d404c458d6e885509f1dbb.tex:12: LaTeX Error: Environment DoxyCompactItemize undefined.

See the LaTeX manual or LaTeX Companion for explanation.
Type  H <return>  for immediate help.
 ...                                              
                                                  
l.12 \begin{DoxyCompactItemize}
                               
Your command was ignored.
Type  I <command> <return>  to replace it with another command,
or  <return>  to continue without it.


./dir_6a082634c0d404c458d6e885509f1dbb.tex:14: LaTeX Error: Lonely \item--perhaps a missing list environment.

See the LaTeX manual or LaTeX Companion for explanation.
Type  H <return>  for immediate help.
 ...                                              
                                                  
l.14 d
      irectory \mbox{\hyperlink{dir_a77de4ef7d14c8cb0d1066a90acf5459}{defini...
Try typing  <return>  to proceed.
If that doesn't work, type  X <return>  to quit.

Missing character: There is no d in font nullfont!
Missing character: There is no i in font nullfont!
Missing character: There is no r in font nullfont!
Missing character: There is no e in font nullfont!
Missing character: There is no c in font nullfont!
Missing character: There is no t in font nullfont!
Missing character: There is no o in font nullfont!
Missing character: There is no r in font nullfont!
Missing character: There is no y in font nullfont!
./dir_6a082634c0d404c458d6e885509f1dbb.tex:14: Undefined control sequence.
<argument> \hyperlink 
                      {dir_a77de4ef7d14c8cb0d1066a90acf5459}{definitions}
l.14 ...4ef7d14c8cb0d1066a90acf5459}{definitions}}
                                                  
The control sequence at the end of the top line
of your error message was never \def'ed. If you have
misspelled it (e.g., `\hobx'), type `I' and the correct
spelling (e.g., `I\hbox'). Otherwise just continue,
and I'll forget about whatever was undefined.

Missing character: There is no d in font nullfont!
Missing character: There is no i in font nullfont!
Missing character: There is no r in font nullfont!
./dir_6a082634c0d404c458d6e885509f1dbb.tex:14: Missing $ inserted.
<inserted text> 
                $
l.14 ...4ef7d14c8cb0d1066a90acf5459}{definitions}}
                                                  
I've inserted a begin-math/end-math symbol since I think
you left one out. Proceed, with fingers crossed.

./dir_6a082634c0d404c458d6e885509f1dbb.tex:14: Extra }, or forgotten $.
<argument> ...ir_a77de4ef7d14c8cb0d1066a90acf5459}
                                                  {definitions}
l.14 ...4ef7d14c8cb0d1066a90acf5459}{definitions}}
                                                  
I've deleted a group-closing symbol because it seems to be
spurious, as in `$x}$'. But perhaps the } is legitimate and
you forgot something else, as in `\hbox{$x}'. In such cases
the way to recover is to insert both the forgotten and the
deleted material, e.g., by typing `I$}'.

./dir_6a082634c0d404c458d6e885509f1dbb.tex:14: Extra }, or forgotten $.
\mbox  #1->\leavevmode \hbox {#1}
                                 
l.14 ...4ef7d14c8cb0d1066a90acf5459}{definitions}}
                                                  
I've deleted a group-closing symbol because it seems to be
spurious, as in `$x}$'. But perhaps the } is legitimate and
you forgot something else, as in `\hbox{$x}'. In such cases
the way to recover is to insert both the forgotten and the
deleted material, e.g., by typing `I$}'.


./dir_6a082634c0d404c458d6e885509f1dbb.tex:15: LaTeX Error: Command \item invalid in math mode.

See the LaTeX manual or LaTeX Companion for explanation.
Type  H <return>  for immediate help.
 ...                                              
                                                  
l.15 \item
          
Try typing  <return>  to proceed.
If that doesn't work, type  X <return>  to quit.

./dir_6a082634c0d404c458d6e885509f1dbb.tex:16: Missing $ inserted.
<inserted text> 
                $
l.16 d
      irectory \mbox{\hyperlink{dir_ae60c0a3af1492e3f9b8b058fabdfeb2}{engines}}
I've inserted a begin-math/end-math symbol since I think
you left one out. Proceed, with fingers crossed.

./dir_6a082634c0d404c458d6e885509f1dbb.tex:16: Missing } inserted.
<inserted text> 
                }
l.16 d
      irectory \mbox{\hyperlink{dir_ae60c0a3af1492e3f9b8b058fabdfeb2}{engines}}
I've inserted something that you may have forgotten.
(See the <inserted text> above.)
With luck, this will get me unwedged. But if you
really didn't forget anything, try typing `2' now; then
my insertion and my current dilemma will both disappear.

./dir_6a082634c0d404c458d6e885509f1dbb.tex:16: Missing } inserted.
<inserted text> 
                }
l.16 d
      irectory \mbox{\hyperlink{dir_ae60c0a3af1492e3f9b8b058fabdfeb2}{engines}}
I've inserted something that you may have forgotten.
(See the <inserted text> above.)
With luck, this will get me unwedged. But if you
really didn't forget anything, try typing `2' now; then
my insertion and my current dilemma will both disappear.


Overfull \hbox (210.875pt too wide) in paragraph at lines 14--16
[] 
 []


./dir_6a082634c0d404c458d6e885509f1dbb.tex:16: LaTeX Error: Lonely \item--perhaps a missing list environment.

See the LaTeX manual or LaTeX Companion for explanation.
Type  H <return>  for immediate help.
 ...                                              
                                                  
l.16 d
      irectory \mbox{\hyperlink{dir_ae60c0a3af1492e3f9b8b058fabdfeb2}{engines}}
Try typing  <return>  to proceed.
If that doesn't work, type  X <return>  to quit.

Missing character: There is no d in font nullfont!
Missing character: There is no i in font nullfont!
Missing character: There is no r in font nullfont!
Missing character: There is no e in font nullfont!
Missing character: There is no c in font nullfont!
Missing character: There is no t in font nullfont!
Missing character: There is no o in font nullfont!
Missing character: There is no r in font nullfont!
Missing character: There is no y in font nullfont!
./dir_6a082634c0d404c458d6e885509f1dbb.tex:16: Undefined control sequence.
<argument> \hyperlink 
                      {dir_ae60c0a3af1492e3f9b8b058fabdfeb2}{engines}
l.16 ...e60c0a3af1492e3f9b8b058fabdfeb2}{engines}}
                                                  
The control sequence at the end of the top line
of your error message was never \def'ed. If you have
misspelled it (e.g., `\hobx'), type `I' and the correct
spelling (e.g., `I\hbox'). Otherwise just continue,
and I'll forget about whatever was undefined.

Missing character: There is no d in font nullfont!
Missing character: There is no i in font nullfont!
Missing character: There is no r in font nullfont!
./dir_6a082634c0d404c458d6e885509f1dbb.tex:16: Missing $ inserted.
<inserted text> 
                $
l.16 ...e60c0a3af1492e3f9b8b058fabdfeb2}{engines}}
                                                  
I've inserted a begin-math/end-math symbol since I think
you left one out. Proceed, with fingers crossed.

./dir_6a082634c0d404c458d6e885509f1dbb.tex:16: Extra }, or forgotten $.
<argument> ...ir_ae60c0a3af1492e3f9b8b058fabdfeb2}
                                                  {engines}
l.16 ...e60c0a3af1492e3f9b8b058fabdfeb2}{engines}}
                                                  
I've deleted a group-closing symbol because it seems to be
spurious, as in `$x}$'. But perhaps the } is legitimate and
you forgot something else, as in `\hbox{$x}'. In such cases
the way to recover is to insert both the forgotten and the
deleted material, e.g., by typing `I$}'.

./dir_6a082634c0d404c458d6e885509f1dbb.tex:16: Extra }, or forgotten $.
\mbox  #1->\leavevmode \hbox {#1}
                                 
l.16 ...e60c0a3af1492e3f9b8b058fabdfeb2}{engines}}
                                                  
I've deleted a group-closing symbol because it seems to be
spurious, as in `$x}$'. But perhaps the } is legitimate and
you forgot something else, as in `\hbox{$x}'. In such cases
the way to recover is to insert both the forgotten and the
deleted material, e.g., by typing `I$}'.


./dir_6a082634c0d404c458d6e885509f1dbb.tex:17: LaTeX Error: \begin{document} ended by \end{DoxyCompactItemize}.

See the LaTeX manual or LaTeX Companion for explanation.
Type  H <return>  for immediate help.
 ...                                              
                                                  
l.17 \end{DoxyCompactItemize}
                             
Your command was ignored.
Type  I <command> <return>  to replace it with another command,
or  <return>  to continue without it.

./dir_6a082634c0d404c458d6e885509f1dbb.tex:17: Missing $ inserted.
<inserted text> 
                $
l.17 \end{DoxyCompactItemize}
                             
I've inserted something that you may have forgotten.
(See the <inserted text> above.)
With luck, this will get me unwedged. But if you
really didn't forget anything, try typing `2' now; then
my insertion and my current dilemma will both disappear.

./dir_6a082634c0d404c458d6e885509f1dbb.tex:17: Missing } inserted.
<inserted text> 
                }
l.17 \end{DoxyCompactItemize}
                             
I've inserted something that you may have forgotten.
(See the <inserted text> above.)
With luck, this will get me unwedged. But if you
really didn't forget anything, try typing `2' now; then
my insertion and my current dilemma will both disappear.

./dir_6a082634c0d404c458d6e885509f1dbb.tex:17: Missing } inserted.
<inserted text> 
                }
l.17 \end{DoxyCompactItemize}
                             
I've inserted something that you may have forgotten.
(See the <inserted text> above.)
With luck, this will get me unwedged. But if you
really didn't forget anything, try typing `2' now; then
my insertion and my current dilemma will both disappear.

./dir_6a082634c0d404c458d6e885509f1dbb.tex:18: Undefined control sequence.
l.18 \doxysubsubsection
                       *{Files}
The control sequence at the end of the top line
of your error message was never \def'ed. If you have
misspelled it (e.g., `\hobx'), type `I' and the correct
spelling (e.g., `I\hbox'). Otherwise just continue,
and I'll forget about whatever was undefined.

Missing character: There is no * in font nullfont!
Missing character: There is no F in font nullfont!
Missing character: There is no i in font nullfont!
Missing character: There is no l in font nullfont!
Missing character: There is no e in font nullfont!
Missing character: There is no s in font nullfont!

./dir_6a082634c0d404c458d6e885509f1dbb.tex:19: LaTeX Error: Environment DoxyCompactItemize undefined.

See the LaTeX manual or LaTeX Companion for explanation.
Type  H <return>  for immediate help.
 ...                                              
                                                  
l.19 \begin{DoxyCompactItemize}
                               
Your command was ignored.
Type  I <command> <return>  to replace it with another command,
or  <return>  to continue without it.


Overfull \hbox (193.16408pt too wide) in paragraph at lines 16--21
[] 
 []


./dir_6a082634c0d404c458d6e885509f1dbb.tex:21: LaTeX Error: Lonely \item--perhaps a missing list environment.

See the LaTeX manual or LaTeX Companion for explanation.
Type  H <return>  for immediate help.
 ...                                              
                                                  
l.21 f
      ile \mbox{\hyperlink{communicator_8hpp}{communicator.\+hpp}}
Try typing  <return>  to proceed.
If that doesn't work, type  X <return>  to quit.

Missing character: There is no f in font nullfont!
Missing character: There is no i in font nullfont!
Missing character: There is no l in font nullfont!
Missing character: There is no e in font nullfont!
./dir_6a082634c0d404c458d6e885509f1dbb.tex:21: Undefined control sequence.
<argument> \hyperlink 
                      {communicator_8hpp}{communicator.\+hpp}
l.21 ...nk{communicator_8hpp}{communicator.\+hpp}}
                                                  
The control sequence at the end of the top line
of your error message was never \def'ed. If you have
misspelled it (e.g., `\hobx'), type `I' and the correct
spelling (e.g., `I\hbox'). Otherwise just continue,
and I'll forget about whatever was undefined.

Missing character: There is no c in font nullfont!
Missing character: There is no o in font nullfont!
Missing character: There is no m in font nullfont!
Missing character: There is no m in font nullfont!
Missing character: There is no u in font nullfont!
Missing character: There is no n in font nullfont!
Missing character: There is no i in font nullfont!
Missing character: There is no c in font nullfont!
Missing character: There is no a in font nullfont!
Missing character: There is no t in font nullfont!
Missing character: There is no o in font nullfont!
Missing character: There is no r in font nullfont!
./dir_6a082634c0d404c458d6e885509f1dbb.tex:21: Missing $ inserted.
<inserted text> 
                $
l.21 ...nk{communicator_8hpp}{communicator.\+hpp}}
                                                  
I've inserted a begin-math/end-math symbol since I think
you left one out. Proceed, with fingers crossed.

./dir_6a082634c0d404c458d6e885509f1dbb.tex:21: Extra }, or forgotten $.
<argument> \hyperlink {communicator_8hpp}
                                         {communicator.\+hpp}
l.21 ...nk{communicator_8hpp}{communicator.\+hpp}}
                                                  
I've deleted a group-closing symbol because it seems to be
spurious, as in `$x}$'. But perhaps the } is legitimate and
you forgot something else, as in `\hbox{$x}'. In such cases
the way to recover is to insert both the forgotten and the
deleted material, e.g., by typing `I$}'.

./dir_6a082634c0d404c458d6e885509f1dbb.tex:21: Undefined control sequence.
<argument> ... {communicator_8hpp}{communicator.\+
                                                  hpp}
l.21 ...nk{communicator_8hpp}{communicator.\+hpp}}
                                                  
The control sequence at the end of the top line
of your error message was never \def'ed. If you have
misspelled it (e.g., `\hobx'), type `I' and the correct
spelling (e.g., `I\hbox'). Otherwise just continue,
and I'll forget about whatever was undefined.

./dir_6a082634c0d404c458d6e885509f1dbb.tex:21: Extra }, or forgotten $.
\mbox  #1->\leavevmode \hbox {#1}
                                 
l.21 ...nk{communicator_8hpp}{communicator.\+hpp}}
                                                  
I've deleted a group-closing symbol because it seems to be
spurious, as in `$x}$'. But perhaps the } is legitimate and
you forgot something else, as in `\hbox{$x}'. In such cases
the way to recover is to insert both the forgotten and the
deleted material, e.g., by typing `I$}'.


./dir_6a082634c0d404c458d6e885509f1dbb.tex:22: LaTeX Error: Command \item invalid in math mode.

See the LaTeX manual or LaTeX Companion for explanation.
Type  H <return>  for immediate help.
 ...                                              
                                                  
l.22 \item
          
Try typing  <return>  to proceed.
If that doesn't work, type  X <return>  to quit.

./dir_6a082634c0d404c458d6e885509f1dbb.tex:23: Missing $ inserted.
<inserted text> 
                $
l.23 f
      ile \mbox{\hyperlink{nic_8hpp}{nic.\+hpp}}
I've inserted a begin-math/end-math symbol since I think
you left one out. Proceed, with fingers crossed.

./dir_6a082634c0d404c458d6e885509f1dbb.tex:23: Missing } inserted.
<inserted text> 
                }
l.23 f
      ile \mbox{\hyperlink{nic_8hpp}{nic.\+hpp}}
I've inserted something that you may have forgotten.
(See the <inserted text> above.)
With luck, this will get me unwedged. But if you
really didn't forget anything, try typing `2' now; then
my insertion and my current dilemma will both disappear.

./dir_6a082634c0d404c458d6e885509f1dbb.tex:23: Missing } inserted.
<inserted text> 
                }
l.23 f
      ile \mbox{\hyperlink{nic_8hpp}{nic.\+hpp}}
I've inserted something that you may have forgotten.
(See the <inserted text> above.)
With luck, this will get me unwedged. But if you
really didn't forget anything, try typing `2' now; then
my insertion and my current dilemma will both disappear.


Overfull \hbox (103.1248pt too wide) in paragraph at lines 21--23
[] 
 []


./dir_6a082634c0d404c458d6e885509f1dbb.tex:23: LaTeX Error: Lonely \item--perhaps a missing list environment.

See the LaTeX manual or LaTeX Companion for explanation.
Type  H <return>  for immediate help.
 ...                                              
                                                  
l.23 f
      ile \mbox{\hyperlink{nic_8hpp}{nic.\+hpp}}
Try typing  <return>  to proceed.
If that doesn't work, type  X <return>  to quit.

Missing character: There is no f in font nullfont!
Missing character: There is no i in font nullfont!
Missing character: There is no l in font nullfont!
Missing character: There is no e in font nullfont!
./dir_6a082634c0d404c458d6e885509f1dbb.tex:23: Undefined control sequence.
<argument> \hyperlink 
                      {nic_8hpp}{nic.\+hpp}
l.23 file \mbox{\hyperlink{nic_8hpp}{nic.\+hpp}}
                                                
The control sequence at the end of the top line
of your error message was never \def'ed. If you have
misspelled it (e.g., `\hobx'), type `I' and the correct
spelling (e.g., `I\hbox'). Otherwise just continue,
and I'll forget about whatever was undefined.

Missing character: There is no n in font nullfont!
Missing character: There is no i in font nullfont!
Missing character: There is no c in font nullfont!
./dir_6a082634c0d404c458d6e885509f1dbb.tex:23: Missing $ inserted.
<inserted text> 
                $
l.23 file \mbox{\hyperlink{nic_8hpp}{nic.\+hpp}}
                                                
I've inserted a begin-math/end-math symbol since I think
you left one out. Proceed, with fingers crossed.

./dir_6a082634c0d404c458d6e885509f1dbb.tex:23: Extra }, or forgotten $.
<argument> \hyperlink {nic_8hpp}
                                {nic.\+hpp}
l.23 file \mbox{\hyperlink{nic_8hpp}{nic.\+hpp}}
                                                
I've deleted a group-closing symbol because it seems to be
spurious, as in `$x}$'. But perhaps the } is legitimate and
you forgot something else, as in `\hbox{$x}'. In such cases
the way to recover is to insert both the forgotten and the
deleted material, e.g., by typing `I$}'.

./dir_6a082634c0d404c458d6e885509f1dbb.tex:23: Undefined control sequence.
<argument> \hyperlink {nic_8hpp}{nic.\+
                                       hpp}
l.23 file \mbox{\hyperlink{nic_8hpp}{nic.\+hpp}}
                                                
The control sequence at the end of the top line
of your error message was never \def'ed. If you have
misspelled it (e.g., `\hobx'), type `I' and the correct
spelling (e.g., `I\hbox'). Otherwise just continue,
and I'll forget about whatever was undefined.

./dir_6a082634c0d404c458d6e885509f1dbb.tex:23: Extra }, or forgotten $.
\mbox  #1->\leavevmode \hbox {#1}
                                 
l.23 file \mbox{\hyperlink{nic_8hpp}{nic.\+hpp}}
                                                
I've deleted a group-closing symbol because it seems to be
spurious, as in `$x}$'. But perhaps the } is legitimate and
you forgot something else, as in `\hbox{$x}'. In such cases
the way to recover is to insert both the forgotten and the
deleted material, e.g., by typing `I$}'.


./dir_6a082634c0d404c458d6e885509f1dbb.tex:24: LaTeX Error: Command \item invalid in math mode.

See the LaTeX manual or LaTeX Companion for explanation.
Type  H <return>  for immediate help.
 ...                                              
                                                  
l.24 \item
          
Try typing  <return>  to proceed.
If that doesn't work, type  X <return>  to quit.

./dir_6a082634c0d404c458d6e885509f1dbb.tex:25: Missing $ inserted.
<inserted text> 
                $
l.25 f
      ile \mbox{\hyperlink{protocol_8hpp}{protocol.\+hpp}}
I've inserted a begin-math/end-math symbol since I think
you left one out. Proceed, with fingers crossed.

./dir_6a082634c0d404c458d6e885509f1dbb.tex:25: Missing } inserted.
<inserted text> 
                }
l.25 f
      ile \mbox{\hyperlink{protocol_8hpp}{protocol.\+hpp}}
I've inserted something that you may have forgotten.
(See the <inserted text> above.)
With luck, this will get me unwedged. But if you
really didn't forget anything, try typing `2' now; then
my insertion and my current dilemma will both disappear.

./dir_6a082634c0d404c458d6e885509f1dbb.tex:25: Missing } inserted.
<inserted text> 
                }
l.25 f
      ile \mbox{\hyperlink{protocol_8hpp}{protocol.\+hpp}}
I've inserted something that you may have forgotten.
(See the <inserted text> above.)
With luck, this will get me unwedged. But if you
really didn't forget anything, try typing `2' now; then
my insertion and my current dilemma will both disappear.


Overfull \hbox (52.68712pt too wide) in paragraph at lines 23--25
[] 
 []


./dir_6a082634c0d404c458d6e885509f1dbb.tex:25: LaTeX Error: Lonely \item--perhaps a missing list environment.

See the LaTeX manual or LaTeX Companion for explanation.
Type  H <return>  for immediate help.
 ...                                              
                                                  
l.25 f
      ile \mbox{\hyperlink{protocol_8hpp}{protocol.\+hpp}}
Try typing  <return>  to proceed.
If that doesn't work, type  X <return>  to quit.

Missing character: There is no f in font nullfont!
Missing character: There is no i in font nullfont!
Missing character: There is no l in font nullfont!
Missing character: There is no e in font nullfont!
./dir_6a082634c0d404c458d6e885509f1dbb.tex:25: Undefined control sequence.
<argument> \hyperlink 
                      {protocol_8hpp}{protocol.\+hpp}
l.25 ...\hyperlink{protocol_8hpp}{protocol.\+hpp}}
                                                  
The control sequence at the end of the top line
of your error message was never \def'ed. If you have
misspelled it (e.g., `\hobx'), type `I' and the correct
spelling (e.g., `I\hbox'). Otherwise just continue,
and I'll forget about whatever was undefined.

Missing character: There is no p in font nullfont!
Missing character: There is no r in font nullfont!
Missing character: There is no o in font nullfont!
Missing character: There is no t in font nullfont!
Missing character: There is no o in font nullfont!
Missing character: There is no c in font nullfont!
Missing character: There is no o in font nullfont!
Missing character: There is no l in font nullfont!
./dir_6a082634c0d404c458d6e885509f1dbb.tex:25: Missing $ inserted.
<inserted text> 
                $
l.25 ...\hyperlink{protocol_8hpp}{protocol.\+hpp}}
                                                  
I've inserted a begin-math/end-math symbol since I think
you left one out. Proceed, with fingers crossed.

./dir_6a082634c0d404c458d6e885509f1dbb.tex:25: Extra }, or forgotten $.
<argument> \hyperlink {protocol_8hpp}
                                     {protocol.\+hpp}
l.25 ...\hyperlink{protocol_8hpp}{protocol.\+hpp}}
                                                  
I've deleted a group-closing symbol because it seems to be
spurious, as in `$x}$'. But perhaps the } is legitimate and
you forgot something else, as in `\hbox{$x}'. In such cases
the way to recover is to insert both the forgotten and the
deleted material, e.g., by typing `I$}'.

./dir_6a082634c0d404c458d6e885509f1dbb.tex:25: Undefined control sequence.
<argument> \hyperlink {protocol_8hpp}{protocol.\+
                                                 hpp}
l.25 ...\hyperlink{protocol_8hpp}{protocol.\+hpp}}
                                                  
The control sequence at the end of the top line
of your error message was never \def'ed. If you have
misspelled it (e.g., `\hobx'), type `I' and the correct
spelling (e.g., `I\hbox'). Otherwise just continue,
and I'll forget about whatever was undefined.

./dir_6a082634c0d404c458d6e885509f1dbb.tex:25: Extra }, or forgotten $.
\mbox  #1->\leavevmode \hbox {#1}
                                 
l.25 ...\hyperlink{protocol_8hpp}{protocol.\+hpp}}
                                                  
I've deleted a group-closing symbol because it seems to be
spurious, as in `$x}$'. But perhaps the } is legitimate and
you forgot something else, as in `\hbox{$x}'. In such cases
the way to recover is to insert both the forgotten and the
deleted material, e.g., by typing `I$}'.


./dir_6a082634c0d404c458d6e885509f1dbb.tex:26: LaTeX Error: Command \item invalid in math mode.

See the LaTeX manual or LaTeX Companion for explanation.
Type  H <return>  for immediate help.
 ...                                              
                                                  
l.26 \item
          
Try typing  <return>  to proceed.
If that doesn't work, type  X <return>  to quit.

./dir_6a082634c0d404c458d6e885509f1dbb.tex:27: Missing $ inserted.
<inserted text> 
                $
l.27 f
      ile \mbox{\hyperlink{statistics_8hpp}{statistics.\+hpp}}
I've inserted a begin-math/end-math symbol since I think
you left one out. Proceed, with fingers crossed.

./dir_6a082634c0d404c458d6e885509f1dbb.tex:27: Missing } inserted.
<inserted text> 
                }
l.27 f
      ile \mbox{\hyperlink{statistics_8hpp}{statistics.\+hpp}}
I've inserted something that you may have forgotten.
(See the <inserted text> above.)
With luck, this will get me unwedged. But if you
really didn't forget anything, try typing `2' now; then
my insertion and my current dilemma will both disappear.

./dir_6a082634c0d404c458d6e885509f1dbb.tex:27: Missing } inserted.
<inserted text> 
                }
l.27 f
      ile \mbox{\hyperlink{statistics_8hpp}{statistics.\+hpp}}
I've inserted something that you may have forgotten.
(See the <inserted text> above.)
With luck, this will get me unwedged. But if you
really didn't forget anything, try typing `2' now; then
my insertion and my current dilemma will both disappear.


Overfull \hbox (74.39363pt too wide) in paragraph at lines 25--27
[] 
 []


./dir_6a082634c0d404c458d6e885509f1dbb.tex:27: LaTeX Error: Lonely \item--perhaps a missing list environment.

See the LaTeX manual or LaTeX Companion for explanation.
Type  H <return>  for immediate help.
 ...                                              
                                                  
l.27 f
      ile \mbox{\hyperlink{statistics_8hpp}{statistics.\+hpp}}
Try typing  <return>  to proceed.
If that doesn't work, type  X <return>  to quit.

Missing character: There is no f in font nullfont!
Missing character: There is no i in font nullfont!
Missing character: There is no l in font nullfont!
Missing character: There is no e in font nullfont!
./dir_6a082634c0d404c458d6e885509f1dbb.tex:27: Undefined control sequence.
<argument> \hyperlink 
                      {statistics_8hpp}{statistics.\+hpp}
l.27 ...erlink{statistics_8hpp}{statistics.\+hpp}}
                                                  
The control sequence at the end of the top line
of your error message was never \def'ed. If you have
misspelled it (e.g., `\hobx'), type `I' and the correct
spelling (e.g., `I\hbox'). Otherwise just continue,
and I'll forget about whatever was undefined.

Missing character: There is no s in font nullfont!
Missing character: There is no t in font nullfont!
Missing character: There is no a in font nullfont!
Missing character: There is no t in font nullfont!
Missing character: There is no i in font nullfont!
Missing character: There is no s in font nullfont!
Missing character: There is no t in font nullfont!
Missing character: There is no i in font nullfont!
Missing character: There is no c in font nullfont!
Missing character: There is no s in font nullfont!
./dir_6a082634c0d404c458d6e885509f1dbb.tex:27: Missing $ inserted.
<inserted text> 
                $
l.27 ...erlink{statistics_8hpp}{statistics.\+hpp}}
                                                  
I've inserted a begin-math/end-math symbol since I think
you left one out. Proceed, with fingers crossed.

./dir_6a082634c0d404c458d6e885509f1dbb.tex:27: Extra }, or forgotten $.
<argument> \hyperlink {statistics_8hpp}
                                       {statistics.\+hpp}
l.27 ...erlink{statistics_8hpp}{statistics.\+hpp}}
                                                  
I've deleted a group-closing symbol because it seems to be
spurious, as in `$x}$'. But perhaps the } is legitimate and
you forgot something else, as in `\hbox{$x}'. In such cases
the way to recover is to insert both the forgotten and the
deleted material, e.g., by typing `I$}'.

./dir_6a082634c0d404c458d6e885509f1dbb.tex:27: Undefined control sequence.
<argument> ...link {statistics_8hpp}{statistics.\+
                                                  hpp}
l.27 ...erlink{statistics_8hpp}{statistics.\+hpp}}
                                                  
The control sequence at the end of the top line
of your error message was never \def'ed. If you have
misspelled it (e.g., `\hobx'), type `I' and the correct
spelling (e.g., `I\hbox'). Otherwise just continue,
and I'll forget about whatever was undefined.

./dir_6a082634c0d404c458d6e885509f1dbb.tex:27: Extra }, or forgotten $.
\mbox  #1->\leavevmode \hbox {#1}
                                 
l.27 ...erlink{statistics_8hpp}{statistics.\+hpp}}
                                                  
I've deleted a group-closing symbol because it seems to be
spurious, as in `$x}$'. But perhaps the } is legitimate and
you forgot something else, as in `\hbox{$x}'. In such cases
the way to recover is to insert both the forgotten and the
deleted material, e.g., by typing `I$}'.


./dir_6a082634c0d404c458d6e885509f1dbb.tex:28: LaTeX Error: \begin{document} ended by \end{DoxyCompactItemize}.

See the LaTeX manual or LaTeX Companion for explanation.
Type  H <return>  for immediate help.
 ...                                              
                                                  
l.28 \end{DoxyCompactItemize}
                             
Your command was ignored.
Type  I <command> <return>  to replace it with another command,
or  <return>  to continue without it.

./dir_6a082634c0d404c458d6e885509f1dbb.tex:28: Missing $ inserted.
<inserted text> 
                $
l.28 \end{DoxyCompactItemize}
                             
I've inserted something that you may have forgotten.
(See the <inserted text> above.)
With luck, this will get me unwedged. But if you
really didn't forget anything, try typing `2' now; then
my insertion and my current dilemma will both disappear.

./dir_6a082634c0d404c458d6e885509f1dbb.tex:28: Missing } inserted.
<inserted text> 
                }
l.28 \end{DoxyCompactItemize}
                             
I've inserted something that you may have forgotten.
(See the <inserted text> above.)
With luck, this will get me unwedged. But if you
really didn't forget anything, try typing `2' now; then
my insertion and my current dilemma will both disappear.

./dir_6a082634c0d404c458d6e885509f1dbb.tex:28: Missing } inserted.
<inserted text> 
                }
l.28 \end{DoxyCompactItemize}
                             
I've inserted something that you may have forgotten.
(See the <inserted text> above.)
With luck, this will get me unwedged. But if you
really didn't forget anything, try typing `2' now; then
my insertion and my current dilemma will both disappear.

)
! Emergency stop.
<*> dir_6a082634c0d404c458d6e885509f1dbb.tex
                                            
*** (job aborted, no legal \end found)

 
Here is how much of TeX's memory you used:
 25 strings out of 469269
 719 string characters out of 5467112
 431984 words of memory out of 5000000
 28557 multiletter control sequences out of 15000+600000
 626825 words of font info for 40 fonts, out of 8000000 for 9000
 319 hyphenation exceptions out of 8191
 22i,3n,23p,253b,76s stack positions out of 10000i,1000n,20000p,200000b,200000s
!  ==> Fatal error occurred, no output PDF file produced!
