This is pdfTeX, Version 3.141592653-2.6-1.40.28 (TeX Live 2025) (preloaded format=pdflatex 2025.9.24)  27 SEP 2025 18:54
entering extended mode
 \write18 enabled.
 file:line:error style messages enabled.
 %&-line parsing enabled.
**dir_5650da9bf976a4f687abf4b09e81cf55.tex
(./dir_5650da9bf976a4f687abf4b09e81cf55.tex
LaTeX2e <2025-06-01> patch level 1
L3 programming layer <2025-09-02>
./dir_5650da9bf976a4f687abf4b09e81cf55.tex:1: Undefined control sequence.
l.1 \doxysection
                {source/api/observer Directory Reference}
The control sequence at the end of the top line
of your error message was never \def'ed. If you have
misspelled it (e.g., `\hobx'), type `I' and the correct
spelling (e.g., `I\hbox'). Otherwise just continue,
and I'll forget about whatever was undefined.


./dir_5650da9bf976a4f687abf4b09e81cf55.tex:1: LaTeX Error: Missing \begin{document}.

See the LaTeX manual or LaTeX Companion for explanation.
Type  H <return>  for immediate help.
 ...                                              
                                                  
l.1 \doxysection{s
                  ource/api/observer Directory Reference}
You're in trouble here.  Try typing  <return>  to proceed.
If that doesn't work, type  X <return>  to quit.

Missing character: There is no s in font nullfont!
Missing character: There is no o in font nullfont!
Missing character: There is no u in font nullfont!
Missing character: There is no r in font nullfont!
Missing character: There is no c in font nullfont!
Missing character: There is no e in font nullfont!
Missing character: There is no / in font nullfont!
Missing character: There is no a in font nullfont!
Missing character: There is no p in font nullfont!
Missing character: There is no i in font nullfont!
Missing character: There is no / in font nullfont!
Missing character: There is no o in font nullfont!
Missing character: There is no b in font nullfont!
Missing character: There is no s in font nullfont!
Missing character: There is no e in font nullfont!
Missing character: There is no r in font nullfont!
Missing character: There is no v in font nullfont!
Missing character: There is no e in font nullfont!
Missing character: There is no r in font nullfont!
Missing character: There is no D in font nullfont!
Missing character: There is no i in font nullfont!
Missing character: There is no r in font nullfont!
Missing character: There is no e in font nullfont!
Missing character: There is no c in font nullfont!
Missing character: There is no t in font nullfont!
Missing character: There is no o in font nullfont!
Missing character: There is no r in font nullfont!
Missing character: There is no y in font nullfont!
Missing character: There is no R in font nullfont!
Missing character: There is no e in font nullfont!
Missing character: There is no f in font nullfont!
Missing character: There is no e in font nullfont!
Missing character: There is no r in font nullfont!
Missing character: There is no e in font nullfont!
Missing character: There is no n in font nullfont!
Missing character: There is no c in font nullfont!
Missing character: There is no e in font nullfont!
./dir_5650da9bf976a4f687abf4b09e81cf55.tex:2: Undefined control sequence.
l.2 \hypertarget
                {dir_5650da9bf976a4f687abf4b09e81cf55}{}\label{dir_5650da9bf...
The control sequence at the end of the top line
of your error message was never \def'ed. If you have
misspelled it (e.g., `\hobx'), type `I' and the correct
spelling (e.g., `I\hbox'). Otherwise just continue,
and I'll forget about whatever was undefined.

Missing character: There is no d in font nullfont!
Missing character: There is no i in font nullfont!
Missing character: There is no r in font nullfont!
./dir_5650da9bf976a4f687abf4b09e81cf55.tex:2: Missing $ inserted.
<inserted text> 
                $
l.2 \hypertarget{dir_
                     5650da9bf976a4f687abf4b09e81cf55}{}\label{dir_5650da9bf...
I've inserted a begin-math/end-math symbol since I think
you left one out. Proceed, with fingers crossed.

LaTeX Font Info:    External font `cmex10' loaded for size
(Font)              <7> on input line 2.
LaTeX Font Info:    External font `cmex10' loaded for size
(Font)              <5> on input line 2.
./dir_5650da9bf976a4f687abf4b09e81cf55.tex:2: Extra }, or forgotten $.
l.2 ...arget{dir_5650da9bf976a4f687abf4b09e81cf55}
                                                  {}\label{dir_5650da9bf976a...
I've deleted a group-closing symbol because it seems to be
spurious, as in `$x}$'. But perhaps the } is legitimate and
you forgot something else, as in `\hbox{$x}'. In such cases
the way to recover is to insert both the forgotten and the
deleted material, e.g., by typing `I$}'.

./dir_5650da9bf976a4f687abf4b09e81cf55.tex:3: Undefined control sequence.
l.3 Directory dependency graph for observer\+
                                             :
The control sequence at the end of the top line
of your error message was never \def'ed. If you have
misspelled it (e.g., `\hobx'), type `I' and the correct
spelling (e.g., `I\hbox'). Otherwise just continue,
and I'll forget about whatever was undefined.


./dir_5650da9bf976a4f687abf4b09e81cf55.tex:5: LaTeX Error: Environment figure undefined.

See the LaTeX manual or LaTeX Companion for explanation.
Type  H <return>  for immediate help.
 ...                                              
                                                  
l.5 \begin{figure}
                  [H]
Your command was ignored.
Type  I <command> <return>  to replace it with another command,
or  <return>  to continue without it.

./dir_5650da9bf976a4f687abf4b09e81cf55.tex:6: Missing $ inserted.
<inserted text> 
                $
l.6 \begin{center}
                  
I've inserted a begin-math/end-math symbol since I think
you left one out. Proceed, with fingers crossed.

./dir_5650da9bf976a4f687abf4b09e81cf55.tex:6: Missing \endgroup inserted.
<inserted text> 
                \endgroup 
l.6 \begin{center}
                  
I've inserted something that you may have forgotten.
(See the <inserted text> above.)
With luck, this will get me unwedged. But if you
really didn't forget anything, try typing `2' now; then
my insertion and my current dilemma will both disappear.

./dir_5650da9bf976a4f687abf4b09e81cf55.tex:6: Missing \endgroup inserted.
<inserted text> 
                \endgroup 
l.6 \begin{center}
                  
I've inserted something that you may have forgotten.
(See the <inserted text> above.)
With luck, this will get me unwedged. But if you
really didn't forget anything, try typing `2' now; then
my insertion and my current dilemma will both disappear.


Overfull \hbox (20.0pt too wide) in paragraph at lines 1--6
[]
 []


Overfull \hbox (341.66954pt too wide) in paragraph at lines 1--6
[]\OT1/cmr/m/n/10 650\OML/cmm/m/it/10 da\OT1/cmr/m/n/10 9\OML/cmm/m/it/10 bf\OT1/cmr/m/n/10 976\OML/cmm/m/it/10 a\OT1/cmr/m/n/10 4\OML/cmm/m/it/10 f\OT1/cmr/m/n/10 687\OML/cmm/m/it/10 abf\OT1/cmr/m/n/10 4\OML/cmm/m/it/10 b\OT1/cmr/m/n/10 09\OML/cmm/m/it/10 e\OT1/cmr/m/n/10 81\OML/cmm/m/it/10 cf\OT1/cmr/m/n/10 55[][]\OML/cmm/m/it/10 Directorydependencygraphforobserver \OT1/cmr/m/n/10 :
 []


Overfull \hbox (17.45825pt too wide) in paragraph at lines 1--6
 \OT1/cmr/m/n/10 [\OML/cmm/m/it/10 H\OT1/cmr/m/n/10 ]$ 
 []

./dir_5650da9bf976a4f687abf4b09e81cf55.tex:8: Undefined control sequence.
l.8 \includegraphics
                    [width=166pt]{dir_5650da9bf976a4f687abf4b09e81cf55_dep}
The control sequence at the end of the top line
of your error message was never \def'ed. If you have
misspelled it (e.g., `\hobx'), type `I' and the correct
spelling (e.g., `I\hbox'). Otherwise just continue,
and I'll forget about whatever was undefined.

Missing character: There is no [ in font nullfont!
Missing character: There is no w in font nullfont!
Missing character: There is no i in font nullfont!
Missing character: There is no d in font nullfont!
Missing character: There is no t in font nullfont!
Missing character: There is no h in font nullfont!
Missing character: There is no = in font nullfont!
Missing character: There is no 1 in font nullfont!
Missing character: There is no 6 in font nullfont!
Missing character: There is no 6 in font nullfont!
Missing character: There is no p in font nullfont!
Missing character: There is no t in font nullfont!
Missing character: There is no ] in font nullfont!
Missing character: There is no d in font nullfont!
Missing character: There is no i in font nullfont!
Missing character: There is no r in font nullfont!
./dir_5650da9bf976a4f687abf4b09e81cf55.tex:8: Missing $ inserted.
<inserted text> 
                $
l.8 \includegraphics[width=166pt]{dir_
                                      5650da9bf976a4f687abf4b09e81cf55_dep}
I've inserted a begin-math/end-math symbol since I think
you left one out. Proceed, with fingers crossed.

./dir_5650da9bf976a4f687abf4b09e81cf55.tex:8: Extra }, or forgotten $.
l.8 ...]{dir_5650da9bf976a4f687abf4b09e81cf55_dep}
                                                  
I've deleted a group-closing symbol because it seems to be
spurious, as in `$x}$'. But perhaps the } is legitimate and
you forgot something else, as in `\hbox{$x}'. In such cases
the way to recover is to insert both the forgotten and the
deleted material, e.g., by typing `I$}'.


./dir_5650da9bf976a4f687abf4b09e81cf55.tex:9: LaTeX Error: Command \end{document} invalid in math mode.

See the LaTeX manual or LaTeX Companion for explanation.
Type  H <return>  for immediate help.
 ...                                              
                                                  
l.9 \end{center}
                
Try typing  <return>  to proceed.
If that doesn't work, type  X <return>  to quit.

./dir_5650da9bf976a4f687abf4b09e81cf55.tex:9: Missing $ inserted.
<inserted text> 
                $
l.9 \end{center}
                
I've inserted a begin-math/end-math symbol since I think
you left one out. Proceed, with fingers crossed.


Overfull \hbox (175.64716pt too wide) in paragraph at lines 7--9
 []\OT1/cmr/m/n/10 650\OML/cmm/m/it/10 da\OT1/cmr/m/n/10 9\OML/cmm/m/it/10 bf\OT1/cmr/m/n/10 976\OML/cmm/m/it/10 a\OT1/cmr/m/n/10 4\OML/cmm/m/it/10 f\OT1/cmr/m/n/10 687\OML/cmm/m/it/10 abf\OT1/cmr/m/n/10 4\OML/cmm/m/it/10 b\OT1/cmr/m/n/10 09\OML/cmm/m/it/10 e\OT1/cmr/m/n/10 81\OML/cmm/m/it/10 cf\OT1/cmr/m/n/10 55[]\OML/cmm/m/it/10 ep 
 []


./dir_5650da9bf976a4f687abf4b09e81cf55.tex:9: LaTeX Error: \begin{document} ended by \end{center}.

See the LaTeX manual or LaTeX Companion for explanation.
Type  H <return>  for immediate help.
 ...                                              
                                                  
l.9 \end{center}
                
Your command was ignored.
Type  I <command> <return>  to replace it with another command,
or  <return>  to continue without it.

./dir_5650da9bf976a4f687abf4b09e81cf55.tex:9: Missing } inserted.
<inserted text> 
                }
l.9 \end{center}
                
I've inserted something that you may have forgotten.
(See the <inserted text> above.)
With luck, this will get me unwedged. But if you
really didn't forget anything, try typing `2' now; then
my insertion and my current dilemma will both disappear.

./dir_5650da9bf976a4f687abf4b09e81cf55.tex:9: Missing } inserted.
<inserted text> 
                }
l.9 \end{center}
                
I've inserted something that you may have forgotten.
(See the <inserted text> above.)
With luck, this will get me unwedged. But if you
really didn't forget anything, try typing `2' now; then
my insertion and my current dilemma will both disappear.

./dir_5650da9bf976a4f687abf4b09e81cf55.tex:9: Extra \endgroup.
<recently read> \endgroup 
                          
l.9 \end{center}
                
Things are pretty mixed up, but I think the worst is over.


./dir_5650da9bf976a4f687abf4b09e81cf55.tex:10: LaTeX Error: \begin{document} ended by \end{figure}.

See the LaTeX manual or LaTeX Companion for explanation.
Type  H <return>  for immediate help.
 ...                                              
                                                  
l.10 \end{figure}
                 
Your command was ignored.
Type  I <command> <return>  to replace it with another command,
or  <return>  to continue without it.

./dir_5650da9bf976a4f687abf4b09e81cf55.tex:10: Extra \endgroup.
\end  ...end#1\endcsname \@checkend {#1}\endgroup 
                                                  \UseHook {env/#1/after}\if...
l.10 \end{figure}
                 
Things are pretty mixed up, but I think the worst is over.

./dir_5650da9bf976a4f687abf4b09e81cf55.tex:11: Undefined control sequence.
l.11 \doxysubsubsection
                       *{Files}
The control sequence at the end of the top line
of your error message was never \def'ed. If you have
misspelled it (e.g., `\hobx'), type `I' and the correct
spelling (e.g., `I\hbox'). Otherwise just continue,
and I'll forget about whatever was undefined.

Missing character: There is no * in font nullfont!
Missing character: There is no F in font nullfont!
Missing character: There is no i in font nullfont!
Missing character: There is no l in font nullfont!
Missing character: There is no e in font nullfont!
Missing character: There is no s in font nullfont!

./dir_5650da9bf976a4f687abf4b09e81cf55.tex:12: LaTeX Error: Environment DoxyCompactItemize undefined.

See the LaTeX manual or LaTeX Companion for explanation.
Type  H <return>  for immediate help.
 ...                                              
                                                  
l.12 \begin{DoxyCompactItemize}
                               
Your command was ignored.
Type  I <command> <return>  to replace it with another command,
or  <return>  to continue without it.


./dir_5650da9bf976a4f687abf4b09e81cf55.tex:14: LaTeX Error: Lonely \item--perhaps a missing list environment.

See the LaTeX manual or LaTeX Companion for explanation.
Type  H <return>  for immediate help.
 ...                                              
                                                  
l.14 f
      ile \mbox{\hyperlink{concurrent__observed_8h}{concurrent\+\_\+observed...
Try typing  <return>  to proceed.
If that doesn't work, type  X <return>  to quit.

Missing character: There is no f in font nullfont!
Missing character: There is no i in font nullfont!
Missing character: There is no l in font nullfont!
Missing character: There is no e in font nullfont!
./dir_5650da9bf976a4f687abf4b09e81cf55.tex:14: Undefined control sequence.
<argument> \hyperlink 
                      {concurrent__observed_8h}{concurrent\+\_\+observed.\+h}
l.14 ...bserved_8h}{concurrent\+\_\+observed.\+h}}
                                                  
The control sequence at the end of the top line
of your error message was never \def'ed. If you have
misspelled it (e.g., `\hobx'), type `I' and the correct
spelling (e.g., `I\hbox'). Otherwise just continue,
and I'll forget about whatever was undefined.

Missing character: There is no c in font nullfont!
Missing character: There is no o in font nullfont!
Missing character: There is no n in font nullfont!
Missing character: There is no c in font nullfont!
Missing character: There is no u in font nullfont!
Missing character: There is no r in font nullfont!
Missing character: There is no r in font nullfont!
Missing character: There is no e in font nullfont!
Missing character: There is no n in font nullfont!
Missing character: There is no t in font nullfont!
./dir_5650da9bf976a4f687abf4b09e81cf55.tex:14: Missing $ inserted.
<inserted text> 
                $
l.14 ...bserved_8h}{concurrent\+\_\+observed.\+h}}
                                                  
I've inserted a begin-math/end-math symbol since I think
you left one out. Proceed, with fingers crossed.

./dir_5650da9bf976a4f687abf4b09e81cf55.tex:14: Missing { inserted.
<to be read again> 
                   _
l.14 ...bserved_8h}{concurrent\+\_\+observed.\+h}}
                                                  
A left brace was mandatory here, so I've put one in.
You might want to delete and/or insert some corrections
so that I will find a matching right brace soon.
(If you're confused by all this, try typing `I}' now.)

./dir_5650da9bf976a4f687abf4b09e81cf55.tex:14: Undefined control sequence.
<argument> ...oncurrent__observed_8h}{concurrent\+
                                                  \_\+observed.\+h}
l.14 ...bserved_8h}{concurrent\+\_\+observed.\+h}}
                                                  
The control sequence at the end of the top line
of your error message was never \def'ed. If you have
misspelled it (e.g., `\hobx'), type `I' and the correct
spelling (e.g., `I\hbox'). Otherwise just continue,
and I'll forget about whatever was undefined.

./dir_5650da9bf976a4f687abf4b09e81cf55.tex:14: Undefined control sequence.
<argument> ...rrent__observed_8h}{concurrent\+\_\+
                                                  observed.\+h}
l.14 ...bserved_8h}{concurrent\+\_\+observed.\+h}}
                                                  
The control sequence at the end of the top line
of your error message was never \def'ed. If you have
misspelled it (e.g., `\hobx'), type `I' and the correct
spelling (e.g., `I\hbox'). Otherwise just continue,
and I'll forget about whatever was undefined.

./dir_5650da9bf976a4f687abf4b09e81cf55.tex:14: Undefined control sequence.
<argument> ...rved_8h}{concurrent\+\_\+observed.\+
                                                  h}
l.14 ...bserved_8h}{concurrent\+\_\+observed.\+h}}
                                                  
The control sequence at the end of the top line
of your error message was never \def'ed. If you have
misspelled it (e.g., `\hobx'), type `I' and the correct
spelling (e.g., `I\hbox'). Otherwise just continue,
and I'll forget about whatever was undefined.

./dir_5650da9bf976a4f687abf4b09e81cf55.tex:14: Extra }, or forgotten $.
\mbox  #1->\leavevmode \hbox {#1}
                                 
l.14 ...bserved_8h}{concurrent\+\_\+observed.\+h}}
                                                  
I've deleted a group-closing symbol because it seems to be
spurious, as in `$x}$'. But perhaps the } is legitimate and
you forgot something else, as in `\hbox{$x}'. In such cases
the way to recover is to insert both the forgotten and the
deleted material, e.g., by typing `I$}'.


./dir_5650da9bf976a4f687abf4b09e81cf55.tex:15: LaTeX Error: Command \item invalid in math mode.

See the LaTeX manual or LaTeX Companion for explanation.
Type  H <return>  for immediate help.
 ...                                              
                                                  
l.15 \item
          
Try typing  <return>  to proceed.
If that doesn't work, type  X <return>  to quit.

./dir_5650da9bf976a4f687abf4b09e81cf55.tex:16: Missing $ inserted.
<inserted text> 
                $
l.16 f
      ile \mbox{\hyperlink{concurrent__observer_8h}{concurrent\+\_\+observer...
I've inserted a begin-math/end-math symbol since I think
you left one out. Proceed, with fingers crossed.

./dir_5650da9bf976a4f687abf4b09e81cf55.tex:16: Missing } inserted.
<inserted text> 
                }
l.16 f
      ile \mbox{\hyperlink{concurrent__observer_8h}{concurrent\+\_\+observer...
I've inserted something that you may have forgotten.
(See the <inserted text> above.)
With luck, this will get me unwedged. But if you
really didn't forget anything, try typing `2' now; then
my insertion and my current dilemma will both disappear.

./dir_5650da9bf976a4f687abf4b09e81cf55.tex:16: Missing } inserted.
<inserted text> 
                }
l.16 f
      ile \mbox{\hyperlink{concurrent__observer_8h}{concurrent\+\_\+observer...
I've inserted something that you may have forgotten.
(See the <inserted text> above.)
With luck, this will get me unwedged. But if you
really didn't forget anything, try typing `2' now; then
my insertion and my current dilemma will both disappear.


Overfull \hbox (136.27629pt too wide) in paragraph at lines 14--16
[] 
 []


./dir_5650da9bf976a4f687abf4b09e81cf55.tex:16: LaTeX Error: Lonely \item--perhaps a missing list environment.

See the LaTeX manual or LaTeX Companion for explanation.
Type  H <return>  for immediate help.
 ...                                              
                                                  
l.16 f
      ile \mbox{\hyperlink{concurrent__observer_8h}{concurrent\+\_\+observer...
Try typing  <return>  to proceed.
If that doesn't work, type  X <return>  to quit.

Missing character: There is no f in font nullfont!
Missing character: There is no i in font nullfont!
Missing character: There is no l in font nullfont!
Missing character: There is no e in font nullfont!
./dir_5650da9bf976a4f687abf4b09e81cf55.tex:16: Undefined control sequence.
<argument> \hyperlink 
                      {concurrent__observer_8h}{concurrent\+\_\+observer.\+h}
l.16 ...bserver_8h}{concurrent\+\_\+observer.\+h}}
                                                  
The control sequence at the end of the top line
of your error message was never \def'ed. If you have
misspelled it (e.g., `\hobx'), type `I' and the correct
spelling (e.g., `I\hbox'). Otherwise just continue,
and I'll forget about whatever was undefined.

Missing character: There is no c in font nullfont!
Missing character: There is no o in font nullfont!
Missing character: There is no n in font nullfont!
Missing character: There is no c in font nullfont!
Missing character: There is no u in font nullfont!
Missing character: There is no r in font nullfont!
Missing character: There is no r in font nullfont!
Missing character: There is no e in font nullfont!
Missing character: There is no n in font nullfont!
Missing character: There is no t in font nullfont!
./dir_5650da9bf976a4f687abf4b09e81cf55.tex:16: Missing $ inserted.
<inserted text> 
                $
l.16 ...bserver_8h}{concurrent\+\_\+observer.\+h}}
                                                  
I've inserted a begin-math/end-math symbol since I think
you left one out. Proceed, with fingers crossed.

./dir_5650da9bf976a4f687abf4b09e81cf55.tex:16: Missing { inserted.
<to be read again> 
                   _
l.16 ...bserver_8h}{concurrent\+\_\+observer.\+h}}
                                                  
A left brace was mandatory here, so I've put one in.
You might want to delete and/or insert some corrections
so that I will find a matching right brace soon.
(If you're confused by all this, try typing `I}' now.)

./dir_5650da9bf976a4f687abf4b09e81cf55.tex:16: Undefined control sequence.
<argument> ...oncurrent__observer_8h}{concurrent\+
                                                  \_\+observer.\+h}
l.16 ...bserver_8h}{concurrent\+\_\+observer.\+h}}
                                                  
The control sequence at the end of the top line
of your error message was never \def'ed. If you have
misspelled it (e.g., `\hobx'), type `I' and the correct
spelling (e.g., `I\hbox'). Otherwise just continue,
and I'll forget about whatever was undefined.

./dir_5650da9bf976a4f687abf4b09e81cf55.tex:16: Undefined control sequence.
<argument> ...rrent__observer_8h}{concurrent\+\_\+
                                                  observer.\+h}
l.16 ...bserver_8h}{concurrent\+\_\+observer.\+h}}
                                                  
The control sequence at the end of the top line
of your error message was never \def'ed. If you have
misspelled it (e.g., `\hobx'), type `I' and the correct
spelling (e.g., `I\hbox'). Otherwise just continue,
and I'll forget about whatever was undefined.

./dir_5650da9bf976a4f687abf4b09e81cf55.tex:16: Undefined control sequence.
<argument> ...rver_8h}{concurrent\+\_\+observer.\+
                                                  h}
l.16 ...bserver_8h}{concurrent\+\_\+observer.\+h}}
                                                  
The control sequence at the end of the top line
of your error message was never \def'ed. If you have
misspelled it (e.g., `\hobx'), type `I' and the correct
spelling (e.g., `I\hbox'). Otherwise just continue,
and I'll forget about whatever was undefined.

./dir_5650da9bf976a4f687abf4b09e81cf55.tex:16: Extra }, or forgotten $.
\mbox  #1->\leavevmode \hbox {#1}
                                 
l.16 ...bserver_8h}{concurrent\+\_\+observer.\+h}}
                                                  
I've deleted a group-closing symbol because it seems to be
spurious, as in `$x}$'. But perhaps the } is legitimate and
you forgot something else, as in `\hbox{$x}'. In such cases
the way to recover is to insert both the forgotten and the
deleted material, e.g., by typing `I$}'.


./dir_5650da9bf976a4f687abf4b09e81cf55.tex:17: LaTeX Error: Command \item invalid in math mode.

See the LaTeX manual or LaTeX Companion for explanation.
Type  H <return>  for immediate help.
 ...                                              
                                                  
l.17 \item
          
Try typing  <return>  to proceed.
If that doesn't work, type  X <return>  to quit.

./dir_5650da9bf976a4f687abf4b09e81cf55.tex:18: Missing $ inserted.
<inserted text> 
                $
l.18 f
      ile \mbox{\hyperlink{conditional__data__observer_8hpp}{conditional\+\_...
I've inserted a begin-math/end-math symbol since I think
you left one out. Proceed, with fingers crossed.

./dir_5650da9bf976a4f687abf4b09e81cf55.tex:18: Missing } inserted.
<inserted text> 
                }
l.18 f
      ile \mbox{\hyperlink{conditional__data__observer_8hpp}{conditional\+\_...
I've inserted something that you may have forgotten.
(See the <inserted text> above.)
With luck, this will get me unwedged. But if you
really didn't forget anything, try typing `2' now; then
my insertion and my current dilemma will both disappear.

./dir_5650da9bf976a4f687abf4b09e81cf55.tex:18: Missing } inserted.
<inserted text> 
                }
l.18 f
      ile \mbox{\hyperlink{conditional__data__observer_8hpp}{conditional\+\_...
I've inserted something that you may have forgotten.
(See the <inserted text> above.)
With luck, this will get me unwedged. But if you
really didn't forget anything, try typing `2' now; then
my insertion and my current dilemma will both disappear.


Overfull \hbox (134.85535pt too wide) in paragraph at lines 16--18
[] 
 []


./dir_5650da9bf976a4f687abf4b09e81cf55.tex:18: LaTeX Error: Lonely \item--perhaps a missing list environment.

See the LaTeX manual or LaTeX Companion for explanation.
Type  H <return>  for immediate help.
 ...                                              
                                                  
l.18 f
      ile \mbox{\hyperlink{conditional__data__observer_8hpp}{conditional\+\_...
Try typing  <return>  to proceed.
If that doesn't work, type  X <return>  to quit.

Missing character: There is no f in font nullfont!
Missing character: There is no i in font nullfont!
Missing character: There is no l in font nullfont!
Missing character: There is no e in font nullfont!
./dir_5650da9bf976a4f687abf4b09e81cf55.tex:18: Undefined control sequence.
<argument> \hyperlink 
                      {conditional__data__observer_8hpp}{conditional\+\_\+da...
l.18 ...onditional\+\_\+data\+\_\+observer.\+hpp}}
                                                  
The control sequence at the end of the top line
of your error message was never \def'ed. If you have
misspelled it (e.g., `\hobx'), type `I' and the correct
spelling (e.g., `I\hbox'). Otherwise just continue,
and I'll forget about whatever was undefined.

Missing character: There is no c in font nullfont!
Missing character: There is no o in font nullfont!
Missing character: There is no n in font nullfont!
Missing character: There is no d in font nullfont!
Missing character: There is no i in font nullfont!
Missing character: There is no t in font nullfont!
Missing character: There is no i in font nullfont!
Missing character: There is no o in font nullfont!
Missing character: There is no n in font nullfont!
Missing character: There is no a in font nullfont!
Missing character: There is no l in font nullfont!
./dir_5650da9bf976a4f687abf4b09e81cf55.tex:18: Missing $ inserted.
<inserted text> 
                $
l.18 ...onditional\+\_\+data\+\_\+observer.\+hpp}}
                                                  
I've inserted a begin-math/end-math symbol since I think
you left one out. Proceed, with fingers crossed.

./dir_5650da9bf976a4f687abf4b09e81cf55.tex:18: Missing { inserted.
<to be read again> 
                   _
l.18 ...onditional\+\_\+data\+\_\+observer.\+hpp}}
                                                  
A left brace was mandatory here, so I've put one in.
You might want to delete and/or insert some corrections
so that I will find a matching right brace soon.
(If you're confused by all this, try typing `I}' now.)

./dir_5650da9bf976a4f687abf4b09e81cf55.tex:18: Missing { inserted.
<to be read again> 
                   _
l.18 ...onditional\+\_\+data\+\_\+observer.\+hpp}}
                                                  
A left brace was mandatory here, so I've put one in.
You might want to delete and/or insert some corrections
so that I will find a matching right brace soon.
(If you're confused by all this, try typing `I}' now.)

./dir_5650da9bf976a4f687abf4b09e81cf55.tex:18: Undefined control sequence.
<argument> ...__data__observer_8hpp}{conditional\+
                                                  \_\+data\+\_\+observer.\+hpp}
l.18 ...onditional\+\_\+data\+\_\+observer.\+hpp}}
                                                  
The control sequence at the end of the top line
of your error message was never \def'ed. If you have
misspelled it (e.g., `\hobx'), type `I' and the correct
spelling (e.g., `I\hbox'). Otherwise just continue,
and I'll forget about whatever was undefined.

./dir_5650da9bf976a4f687abf4b09e81cf55.tex:18: Undefined control sequence.
<argument> ...ta__observer_8hpp}{conditional\+\_\+
                                                  data\+\_\+observer.\+hpp}
l.18 ...onditional\+\_\+data\+\_\+observer.\+hpp}}
                                                  
The control sequence at the end of the top line
of your error message was never \def'ed. If you have
misspelled it (e.g., `\hobx'), type `I' and the correct
spelling (e.g., `I\hbox'). Otherwise just continue,
and I'll forget about whatever was undefined.

./dir_5650da9bf976a4f687abf4b09e81cf55.tex:18: Undefined control sequence.
<argument> ...server_8hpp}{conditional\+\_\+data\+
                                                  \_\+observer.\+hpp}
l.18 ...onditional\+\_\+data\+\_\+observer.\+hpp}}
                                                  
The control sequence at the end of the top line
of your error message was never \def'ed. If you have
misspelled it (e.g., `\hobx'), type `I' and the correct
spelling (e.g., `I\hbox'). Otherwise just continue,
and I'll forget about whatever was undefined.

./dir_5650da9bf976a4f687abf4b09e81cf55.tex:18: Undefined control sequence.
<argument> ...er_8hpp}{conditional\+\_\+data\+\_\+
                                                  observer.\+hpp}
l.18 ...onditional\+\_\+data\+\_\+observer.\+hpp}}
                                                  
The control sequence at the end of the top line
of your error message was never \def'ed. If you have
misspelled it (e.g., `\hobx'), type `I' and the correct
spelling (e.g., `I\hbox'). Otherwise just continue,
and I'll forget about whatever was undefined.

./dir_5650da9bf976a4f687abf4b09e81cf55.tex:18: Undefined control sequence.
<argument> ...nditional\+\_\+data\+\_\+observer.\+
                                                  hpp}
l.18 ...onditional\+\_\+data\+\_\+observer.\+hpp}}
                                                  
The control sequence at the end of the top line
of your error message was never \def'ed. If you have
misspelled it (e.g., `\hobx'), type `I' and the correct
spelling (e.g., `I\hbox'). Otherwise just continue,
and I'll forget about whatever was undefined.


./dir_5650da9bf976a4f687abf4b09e81cf55.tex:19: LaTeX Error: Command \item invalid in math mode.

See the LaTeX manual or LaTeX Companion for explanation.
Type  H <return>  for immediate help.
 ...                                              
                                                  
l.19 \item
          
Try typing  <return>  to proceed.
If that doesn't work, type  X <return>  to quit.

./dir_5650da9bf976a4f687abf4b09e81cf55.tex:20: Missing $ inserted.
<inserted text> 
                $
l.20 f
      ile \mbox{\hyperlink{conditionally__data__observed_8h}{conditionally\+...
I've inserted a begin-math/end-math symbol since I think
you left one out. Proceed, with fingers crossed.

./dir_5650da9bf976a4f687abf4b09e81cf55.tex:20: Missing } inserted.
<inserted text> 
                }
l.20 f
      ile \mbox{\hyperlink{conditionally__data__observed_8h}{conditionally\+...
I've inserted something that you may have forgotten.
(See the <inserted text> above.)
With luck, this will get me unwedged. But if you
really didn't forget anything, try typing `2' now; then
my insertion and my current dilemma will both disappear.

./dir_5650da9bf976a4f687abf4b09e81cf55.tex:20: Missing } inserted.
<inserted text> 
                }
l.20 f
      ile \mbox{\hyperlink{conditionally__data__observed_8h}{conditionally\+...
I've inserted something that you may have forgotten.
(See the <inserted text> above.)
With luck, this will get me unwedged. But if you
really didn't forget anything, try typing `2' now; then
my insertion and my current dilemma will both disappear.


Overfull \hbox (163.07928pt too wide) in paragraph at lines 18--20
[] 
 []


./dir_5650da9bf976a4f687abf4b09e81cf55.tex:20: LaTeX Error: Lonely \item--perhaps a missing list environment.

See the LaTeX manual or LaTeX Companion for explanation.
Type  H <return>  for immediate help.
 ...                                              
                                                  
l.20 f
      ile \mbox{\hyperlink{conditionally__data__observed_8h}{conditionally\+...
Try typing  <return>  to proceed.
If that doesn't work, type  X <return>  to quit.

Missing character: There is no f in font nullfont!
Missing character: There is no i in font nullfont!
Missing character: There is no l in font nullfont!
Missing character: There is no e in font nullfont!
./dir_5650da9bf976a4f687abf4b09e81cf55.tex:20: Undefined control sequence.
<argument> \hyperlink 
                      {conditionally__data__observed_8h}{conditionally\+\_\+...
l.20 ...onditionally\+\_\+data\+\_\+observed.\+h}}
                                                  
The control sequence at the end of the top line
of your error message was never \def'ed. If you have
misspelled it (e.g., `\hobx'), type `I' and the correct
spelling (e.g., `I\hbox'). Otherwise just continue,
and I'll forget about whatever was undefined.

Missing character: There is no c in font nullfont!
Missing character: There is no o in font nullfont!
Missing character: There is no n in font nullfont!
Missing character: There is no d in font nullfont!
Missing character: There is no i in font nullfont!
Missing character: There is no t in font nullfont!
Missing character: There is no i in font nullfont!
Missing character: There is no o in font nullfont!
Missing character: There is no n in font nullfont!
Missing character: There is no a in font nullfont!
Missing character: There is no l in font nullfont!
Missing character: There is no l in font nullfont!
Missing character: There is no y in font nullfont!
./dir_5650da9bf976a4f687abf4b09e81cf55.tex:20: Missing $ inserted.
<inserted text> 
                $
l.20 ...onditionally\+\_\+data\+\_\+observed.\+h}}
                                                  
I've inserted a begin-math/end-math symbol since I think
you left one out. Proceed, with fingers crossed.

./dir_5650da9bf976a4f687abf4b09e81cf55.tex:20: Missing { inserted.
<to be read again> 
                   _
l.20 ...onditionally\+\_\+data\+\_\+observed.\+h}}
                                                  
A left brace was mandatory here, so I've put one in.
You might want to delete and/or insert some corrections
so that I will find a matching right brace soon.
(If you're confused by all this, try typing `I}' now.)

./dir_5650da9bf976a4f687abf4b09e81cf55.tex:20: Missing { inserted.
<to be read again> 
                   _
l.20 ...onditionally\+\_\+data\+\_\+observed.\+h}}
                                                  
A left brace was mandatory here, so I've put one in.
You might want to delete and/or insert some corrections
so that I will find a matching right brace soon.
(If you're confused by all this, try typing `I}' now.)

./dir_5650da9bf976a4f687abf4b09e81cf55.tex:20: Undefined control sequence.
<argument> ...__data__observed_8h}{conditionally\+
                                                  \_\+data\+\_\+observed.\+h}
l.20 ...onditionally\+\_\+data\+\_\+observed.\+h}}
                                                  
The control sequence at the end of the top line
of your error message was never \def'ed. If you have
misspelled it (e.g., `\hobx'), type `I' and the correct
spelling (e.g., `I\hbox'). Otherwise just continue,
and I'll forget about whatever was undefined.

./dir_5650da9bf976a4f687abf4b09e81cf55.tex:20: Undefined control sequence.
<argument> ...ta__observed_8h}{conditionally\+\_\+
                                                  data\+\_\+observed.\+h}
l.20 ...onditionally\+\_\+data\+\_\+observed.\+h}}
                                                  
The control sequence at the end of the top line
of your error message was never \def'ed. If you have
misspelled it (e.g., `\hobx'), type `I' and the correct
spelling (e.g., `I\hbox'). Otherwise just continue,
and I'll forget about whatever was undefined.

./dir_5650da9bf976a4f687abf4b09e81cf55.tex:20: Undefined control sequence.
<argument> ...served_8h}{conditionally\+\_\+data\+
                                                  \_\+observed.\+h}
l.20 ...onditionally\+\_\+data\+\_\+observed.\+h}}
                                                  
The control sequence at the end of the top line
of your error message was never \def'ed. If you have
misspelled it (e.g., `\hobx'), type `I' and the correct
spelling (e.g., `I\hbox'). Otherwise just continue,
and I'll forget about whatever was undefined.

./dir_5650da9bf976a4f687abf4b09e81cf55.tex:20: Undefined control sequence.
<argument> ...ed_8h}{conditionally\+\_\+data\+\_\+
                                                  observed.\+h}
l.20 ...onditionally\+\_\+data\+\_\+observed.\+h}}
                                                  
The control sequence at the end of the top line
of your error message was never \def'ed. If you have
misspelled it (e.g., `\hobx'), type `I' and the correct
spelling (e.g., `I\hbox'). Otherwise just continue,
and I'll forget about whatever was undefined.

./dir_5650da9bf976a4f687abf4b09e81cf55.tex:20: Undefined control sequence.
<argument> ...itionally\+\_\+data\+\_\+observed.\+
                                                  h}
l.20 ...onditionally\+\_\+data\+\_\+observed.\+h}}
                                                  
The control sequence at the end of the top line
of your error message was never \def'ed. If you have
misspelled it (e.g., `\hobx'), type `I' and the correct
spelling (e.g., `I\hbox'). Otherwise just continue,
and I'll forget about whatever was undefined.


./dir_5650da9bf976a4f687abf4b09e81cf55.tex:21: LaTeX Error: Command \item invalid in math mode.

See the LaTeX manual or LaTeX Companion for explanation.
Type  H <return>  for immediate help.
 ...                                              
                                                  
l.21 \item
          
Try typing  <return>  to proceed.
If that doesn't work, type  X <return>  to quit.

./dir_5650da9bf976a4f687abf4b09e81cf55.tex:22: Missing $ inserted.
<inserted text> 
                $
l.22 f
      ile \mbox{\hyperlink{semaphore_8hpp}{semaphore.\+hpp}}
I've inserted a begin-math/end-math symbol since I think
you left one out. Proceed, with fingers crossed.

./dir_5650da9bf976a4f687abf4b09e81cf55.tex:22: Missing } inserted.
<inserted text> 
                }
l.22 f
      ile \mbox{\hyperlink{semaphore_8hpp}{semaphore.\+hpp}}
I've inserted something that you may have forgotten.
(See the <inserted text> above.)
With luck, this will get me unwedged. But if you
really didn't forget anything, try typing `2' now; then
my insertion and my current dilemma will both disappear.

./dir_5650da9bf976a4f687abf4b09e81cf55.tex:22: Missing } inserted.
<inserted text> 
                }
l.22 f
      ile \mbox{\hyperlink{semaphore_8hpp}{semaphore.\+hpp}}
I've inserted something that you may have forgotten.
(See the <inserted text> above.)
With luck, this will get me unwedged. But if you
really didn't forget anything, try typing `2' now; then
my insertion and my current dilemma will both disappear.


Overfull \hbox (155.32088pt too wide) in paragraph at lines 20--22
[] 
 []


./dir_5650da9bf976a4f687abf4b09e81cf55.tex:22: LaTeX Error: Lonely \item--perhaps a missing list environment.

See the LaTeX manual or LaTeX Companion for explanation.
Type  H <return>  for immediate help.
 ...                                              
                                                  
l.22 f
      ile \mbox{\hyperlink{semaphore_8hpp}{semaphore.\+hpp}}
Try typing  <return>  to proceed.
If that doesn't work, type  X <return>  to quit.

Missing character: There is no f in font nullfont!
Missing character: There is no i in font nullfont!
Missing character: There is no l in font nullfont!
Missing character: There is no e in font nullfont!
./dir_5650da9bf976a4f687abf4b09e81cf55.tex:22: Undefined control sequence.
<argument> \hyperlink 
                      {semaphore_8hpp}{semaphore.\+hpp}
l.22 ...yperlink{semaphore_8hpp}{semaphore.\+hpp}}
                                                  
The control sequence at the end of the top line
of your error message was never \def'ed. If you have
misspelled it (e.g., `\hobx'), type `I' and the correct
spelling (e.g., `I\hbox'). Otherwise just continue,
and I'll forget about whatever was undefined.

Missing character: There is no s in font nullfont!
Missing character: There is no e in font nullfont!
Missing character: There is no m in font nullfont!
Missing character: There is no a in font nullfont!
Missing character: There is no p in font nullfont!
Missing character: There is no h in font nullfont!
Missing character: There is no o in font nullfont!
Missing character: There is no r in font nullfont!
Missing character: There is no e in font nullfont!
./dir_5650da9bf976a4f687abf4b09e81cf55.tex:22: Missing $ inserted.
<inserted text> 
                $
l.22 ...yperlink{semaphore_8hpp}{semaphore.\+hpp}}
                                                  
I've inserted a begin-math/end-math symbol since I think
you left one out. Proceed, with fingers crossed.

./dir_5650da9bf976a4f687abf4b09e81cf55.tex:22: Extra }, or forgotten $.
<argument> \hyperlink {semaphore_8hpp}
                                      {semaphore.\+hpp}
l.22 ...yperlink{semaphore_8hpp}{semaphore.\+hpp}}
                                                  
I've deleted a group-closing symbol because it seems to be
spurious, as in `$x}$'. But perhaps the } is legitimate and
you forgot something else, as in `\hbox{$x}'. In such cases
the way to recover is to insert both the forgotten and the
deleted material, e.g., by typing `I$}'.

./dir_5650da9bf976a4f687abf4b09e81cf55.tex:22: Undefined control sequence.
<argument> ...erlink {semaphore_8hpp}{semaphore.\+
                                                  hpp}
l.22 ...yperlink{semaphore_8hpp}{semaphore.\+hpp}}
                                                  
The control sequence at the end of the top line
of your error message was never \def'ed. If you have
misspelled it (e.g., `\hobx'), type `I' and the correct
spelling (e.g., `I\hbox'). Otherwise just continue,
and I'll forget about whatever was undefined.

./dir_5650da9bf976a4f687abf4b09e81cf55.tex:22: Extra }, or forgotten $.
\mbox  #1->\leavevmode \hbox {#1}
                                 
l.22 ...yperlink{semaphore_8hpp}{semaphore.\+hpp}}
                                                  
I've deleted a group-closing symbol because it seems to be
spurious, as in `$x}$'. But perhaps the } is legitimate and
you forgot something else, as in `\hbox{$x}'. In such cases
the way to recover is to insert both the forgotten and the
deleted material, e.g., by typing `I$}'.


./dir_5650da9bf976a4f687abf4b09e81cf55.tex:23: LaTeX Error: \begin{document} ended by \end{DoxyCompactItemize}.

See the LaTeX manual or LaTeX Companion for explanation.
Type  H <return>  for immediate help.
 ...                                              
                                                  
l.23 \end{DoxyCompactItemize}
                             
Your command was ignored.
Type  I <command> <return>  to replace it with another command,
or  <return>  to continue without it.

./dir_5650da9bf976a4f687abf4b09e81cf55.tex:23: Missing $ inserted.
<inserted text> 
                $
l.23 \end{DoxyCompactItemize}
                             
I've inserted something that you may have forgotten.
(See the <inserted text> above.)
With luck, this will get me unwedged. But if you
really didn't forget anything, try typing `2' now; then
my insertion and my current dilemma will both disappear.

./dir_5650da9bf976a4f687abf4b09e81cf55.tex:23: Missing } inserted.
<inserted text> 
                }
l.23 \end{DoxyCompactItemize}
                             
I've inserted something that you may have forgotten.
(See the <inserted text> above.)
With luck, this will get me unwedged. But if you
really didn't forget anything, try typing `2' now; then
my insertion and my current dilemma will both disappear.

./dir_5650da9bf976a4f687abf4b09e81cf55.tex:23: Missing } inserted.
<inserted text> 
                }
l.23 \end{DoxyCompactItemize}
                             
I've inserted something that you may have forgotten.
(See the <inserted text> above.)
With luck, this will get me unwedged. But if you
really didn't forget anything, try typing `2' now; then
my insertion and my current dilemma will both disappear.

)
! Emergency stop.
<*> dir_5650da9bf976a4f687abf4b09e81cf55.tex
                                            
*** (job aborted, no legal \end found)

 
Here is how much of TeX's memory you used:
 26 strings out of 469269
 734 string characters out of 5467112
 431984 words of memory out of 5000000
 28558 multiletter control sequences out of 15000+600000
 626825 words of font info for 40 fonts, out of 8000000 for 9000
 319 hyphenation exceptions out of 8191
 22i,7n,23p,255b,76s stack positions out of 10000i,1000n,20000p,200000b,200000s
!  ==> Fatal error occurred, no output PDF file produced!
