This is pdfTeX, Version 3.141592653-2.6-1.40.28 (TeX Live 2025) (preloaded format=pdflatex 2025.9.24)  27 SEP 2025 18:54
entering extended mode
 \write18 enabled.
 file:line:error style messages enabled.
 %&-line parsing enabled.
**dir_f3ae95234a0f414a8329ae3b17d9eaa2.tex
(./dir_f3ae95234a0f414a8329ae3b17d9eaa2.tex
LaTeX2e <2025-06-01> patch level 1
L3 programming layer <2025-09-02>
./dir_f3ae95234a0f414a8329ae3b17d9eaa2.tex:1: Undefined control sequence.
l.1 \doxysection
                {source/api/api\+\_\+utils Directory Reference}
The control sequence at the end of the top line
of your error message was never \def'ed. If you have
misspelled it (e.g., `\hobx'), type `I' and the correct
spelling (e.g., `I\hbox'). Otherwise just continue,
and I'll forget about whatever was undefined.


./dir_f3ae95234a0f414a8329ae3b17d9eaa2.tex:1: LaTeX Error: Missing \begin{document}.

See the LaTeX manual or LaTeX Companion for explanation.
Type  H <return>  for immediate help.
 ...                                              
                                                  
l.1 \doxysection{s
                  ource/api/api\+\_\+utils Directory Reference}
You're in trouble here.  Try typing  <return>  to proceed.
If that doesn't work, type  X <return>  to quit.

Missing character: There is no s in font nullfont!
Missing character: There is no o in font nullfont!
Missing character: There is no u in font nullfont!
Missing character: There is no r in font nullfont!
Missing character: There is no c in font nullfont!
Missing character: There is no e in font nullfont!
Missing character: There is no / in font nullfont!
Missing character: There is no a in font nullfont!
Missing character: There is no p in font nullfont!
Missing character: There is no i in font nullfont!
Missing character: There is no / in font nullfont!
Missing character: There is no a in font nullfont!
Missing character: There is no p in font nullfont!
Missing character: There is no i in font nullfont!
./dir_f3ae95234a0f414a8329ae3b17d9eaa2.tex:1: Undefined control sequence.
l.1 \doxysection{source/api/api\+
                                 \_\+utils Directory Reference}
The control sequence at the end of the top line
of your error message was never \def'ed. If you have
misspelled it (e.g., `\hobx'), type `I' and the correct
spelling (e.g., `I\hbox'). Otherwise just continue,
and I'll forget about whatever was undefined.

./dir_f3ae95234a0f414a8329ae3b17d9eaa2.tex:1: Undefined control sequence.
l.1 \doxysection{source/api/api\+\_\+
                                     utils Directory Reference}
The control sequence at the end of the top line
of your error message was never \def'ed. If you have
misspelled it (e.g., `\hobx'), type `I' and the correct
spelling (e.g., `I\hbox'). Otherwise just continue,
and I'll forget about whatever was undefined.

Missing character: There is no u in font nullfont!
Missing character: There is no t in font nullfont!
Missing character: There is no i in font nullfont!
Missing character: There is no l in font nullfont!
Missing character: There is no s in font nullfont!
Missing character: There is no D in font nullfont!
Missing character: There is no i in font nullfont!
Missing character: There is no r in font nullfont!
Missing character: There is no e in font nullfont!
Missing character: There is no c in font nullfont!
Missing character: There is no t in font nullfont!
Missing character: There is no o in font nullfont!
Missing character: There is no r in font nullfont!
Missing character: There is no y in font nullfont!
Missing character: There is no R in font nullfont!
Missing character: There is no e in font nullfont!
Missing character: There is no f in font nullfont!
Missing character: There is no e in font nullfont!
Missing character: There is no r in font nullfont!
Missing character: There is no e in font nullfont!
Missing character: There is no n in font nullfont!
Missing character: There is no c in font nullfont!
Missing character: There is no e in font nullfont!
./dir_f3ae95234a0f414a8329ae3b17d9eaa2.tex:2: Undefined control sequence.
l.2 \hypertarget
                {dir_f3ae95234a0f414a8329ae3b17d9eaa2}{}\label{dir_f3ae95234...
The control sequence at the end of the top line
of your error message was never \def'ed. If you have
misspelled it (e.g., `\hobx'), type `I' and the correct
spelling (e.g., `I\hbox'). Otherwise just continue,
and I'll forget about whatever was undefined.

Missing character: There is no d in font nullfont!
Missing character: There is no i in font nullfont!
Missing character: There is no r in font nullfont!
./dir_f3ae95234a0f414a8329ae3b17d9eaa2.tex:2: Missing $ inserted.
<inserted text> 
                $
l.2 \hypertarget{dir_
                     f3ae95234a0f414a8329ae3b17d9eaa2}{}\label{dir_f3ae95234...
I've inserted a begin-math/end-math symbol since I think
you left one out. Proceed, with fingers crossed.

LaTeX Font Info:    External font `cmex10' loaded for size
(Font)              <7> on input line 2.
LaTeX Font Info:    External font `cmex10' loaded for size
(Font)              <5> on input line 2.
./dir_f3ae95234a0f414a8329ae3b17d9eaa2.tex:2: Extra }, or forgotten $.
l.2 ...arget{dir_f3ae95234a0f414a8329ae3b17d9eaa2}
                                                  {}\label{dir_f3ae95234a0f4...
I've deleted a group-closing symbol because it seems to be
spurious, as in `$x}$'. But perhaps the } is legitimate and
you forgot something else, as in `\hbox{$x}'. In such cases
the way to recover is to insert both the forgotten and the
deleted material, e.g., by typing `I$}'.

./dir_f3ae95234a0f414a8329ae3b17d9eaa2.tex:3: Undefined control sequence.
l.3 Directory dependency graph for api\+
                                        \_\+utils\+:
The control sequence at the end of the top line
of your error message was never \def'ed. If you have
misspelled it (e.g., `\hobx'), type `I' and the correct
spelling (e.g., `I\hbox'). Otherwise just continue,
and I'll forget about whatever was undefined.

./dir_f3ae95234a0f414a8329ae3b17d9eaa2.tex:3: Undefined control sequence.
l.3 Directory dependency graph for api\+\_\+
                                            utils\+:
The control sequence at the end of the top line
of your error message was never \def'ed. If you have
misspelled it (e.g., `\hobx'), type `I' and the correct
spelling (e.g., `I\hbox'). Otherwise just continue,
and I'll forget about whatever was undefined.

./dir_f3ae95234a0f414a8329ae3b17d9eaa2.tex:3: Undefined control sequence.
l.3 ...ctory dependency graph for api\+\_\+utils\+
                                                  :
The control sequence at the end of the top line
of your error message was never \def'ed. If you have
misspelled it (e.g., `\hobx'), type `I' and the correct
spelling (e.g., `I\hbox'). Otherwise just continue,
and I'll forget about whatever was undefined.


./dir_f3ae95234a0f414a8329ae3b17d9eaa2.tex:5: LaTeX Error: Environment figure undefined.

See the LaTeX manual or LaTeX Companion for explanation.
Type  H <return>  for immediate help.
 ...                                              
                                                  
l.5 \begin{figure}
                  [H]
Your command was ignored.
Type  I <command> <return>  to replace it with another command,
or  <return>  to continue without it.

./dir_f3ae95234a0f414a8329ae3b17d9eaa2.tex:6: Missing $ inserted.
<inserted text> 
                $
l.6 \begin{center}
                  
I've inserted a begin-math/end-math symbol since I think
you left one out. Proceed, with fingers crossed.

./dir_f3ae95234a0f414a8329ae3b17d9eaa2.tex:6: Missing \endgroup inserted.
<inserted text> 
                \endgroup 
l.6 \begin{center}
                  
I've inserted something that you may have forgotten.
(See the <inserted text> above.)
With luck, this will get me unwedged. But if you
really didn't forget anything, try typing `2' now; then
my insertion and my current dilemma will both disappear.

./dir_f3ae95234a0f414a8329ae3b17d9eaa2.tex:6: Missing \endgroup inserted.
<inserted text> 
                \endgroup 
l.6 \begin{center}
                  
I've inserted something that you may have forgotten.
(See the <inserted text> above.)
With luck, this will get me unwedged. But if you
really didn't forget anything, try typing `2' now; then
my insertion and my current dilemma will both disappear.


Overfull \hbox (20.0pt too wide) in paragraph at lines 1--6
[][]
 []


Overfull \hbox (338.19756pt too wide) in paragraph at lines 1--6
[]\OT1/cmr/m/n/10 3\OML/cmm/m/it/10 ae\OT1/cmr/m/n/10 95234\OML/cmm/m/it/10 a\OT1/cmr/m/n/10 0\OML/cmm/m/it/10 f\OT1/cmr/m/n/10 414\OML/cmm/m/it/10 a\OT1/cmr/m/n/10 8329\OML/cmm/m/it/10 ae\OT1/cmr/m/n/10 3\OML/cmm/m/it/10 b\OT1/cmr/m/n/10 17\OML/cmm/m/it/10 d\OT1/cmr/m/n/10 9\OML/cmm/m/it/10 eaa\OT1/cmr/m/n/10 2[][]\OML/cmm/m/it/10 Directorydependencygraphforapi[]utils \OT1/cmr/m/n/10 :
 []


Overfull \hbox (17.45825pt too wide) in paragraph at lines 1--6
 \OT1/cmr/m/n/10 [\OML/cmm/m/it/10 H\OT1/cmr/m/n/10 ]$ 
 []

./dir_f3ae95234a0f414a8329ae3b17d9eaa2.tex:8: Undefined control sequence.
l.8 \includegraphics
                    [width=164pt]{dir_f3ae95234a0f414a8329ae3b17d9eaa2_dep}
The control sequence at the end of the top line
of your error message was never \def'ed. If you have
misspelled it (e.g., `\hobx'), type `I' and the correct
spelling (e.g., `I\hbox'). Otherwise just continue,
and I'll forget about whatever was undefined.

Missing character: There is no [ in font nullfont!
Missing character: There is no w in font nullfont!
Missing character: There is no i in font nullfont!
Missing character: There is no d in font nullfont!
Missing character: There is no t in font nullfont!
Missing character: There is no h in font nullfont!
Missing character: There is no = in font nullfont!
Missing character: There is no 1 in font nullfont!
Missing character: There is no 6 in font nullfont!
Missing character: There is no 4 in font nullfont!
Missing character: There is no p in font nullfont!
Missing character: There is no t in font nullfont!
Missing character: There is no ] in font nullfont!
Missing character: There is no d in font nullfont!
Missing character: There is no i in font nullfont!
Missing character: There is no r in font nullfont!
./dir_f3ae95234a0f414a8329ae3b17d9eaa2.tex:8: Missing $ inserted.
<inserted text> 
                $
l.8 \includegraphics[width=164pt]{dir_
                                      f3ae95234a0f414a8329ae3b17d9eaa2_dep}
I've inserted a begin-math/end-math symbol since I think
you left one out. Proceed, with fingers crossed.

./dir_f3ae95234a0f414a8329ae3b17d9eaa2.tex:8: Extra }, or forgotten $.
l.8 ...]{dir_f3ae95234a0f414a8329ae3b17d9eaa2_dep}
                                                  
I've deleted a group-closing symbol because it seems to be
spurious, as in `$x}$'. But perhaps the } is legitimate and
you forgot something else, as in `\hbox{$x}'. In such cases
the way to recover is to insert both the forgotten and the
deleted material, e.g., by typing `I$}'.


./dir_f3ae95234a0f414a8329ae3b17d9eaa2.tex:9: LaTeX Error: Command \end{document} invalid in math mode.

See the LaTeX manual or LaTeX Companion for explanation.
Type  H <return>  for immediate help.
 ...                                              
                                                  
l.9 \end{center}
                
Try typing  <return>  to proceed.
If that doesn't work, type  X <return>  to quit.

./dir_f3ae95234a0f414a8329ae3b17d9eaa2.tex:9: Missing $ inserted.
<inserted text> 
                $
l.9 \end{center}
                
I've inserted a begin-math/end-math symbol since I think
you left one out. Proceed, with fingers crossed.


Overfull \hbox (175.68767pt too wide) in paragraph at lines 7--9
 []\OT1/cmr/m/n/10 3\OML/cmm/m/it/10 ae\OT1/cmr/m/n/10 95234\OML/cmm/m/it/10 a\OT1/cmr/m/n/10 0\OML/cmm/m/it/10 f\OT1/cmr/m/n/10 414\OML/cmm/m/it/10 a\OT1/cmr/m/n/10 8329\OML/cmm/m/it/10 ae\OT1/cmr/m/n/10 3\OML/cmm/m/it/10 b\OT1/cmr/m/n/10 17\OML/cmm/m/it/10 d\OT1/cmr/m/n/10 9\OML/cmm/m/it/10 eaa\OT1/cmr/m/n/10 2[]\OML/cmm/m/it/10 ep 
 []


./dir_f3ae95234a0f414a8329ae3b17d9eaa2.tex:9: LaTeX Error: \begin{document} ended by \end{center}.

See the LaTeX manual or LaTeX Companion for explanation.
Type  H <return>  for immediate help.
 ...                                              
                                                  
l.9 \end{center}
                
Your command was ignored.
Type  I <command> <return>  to replace it with another command,
or  <return>  to continue without it.

./dir_f3ae95234a0f414a8329ae3b17d9eaa2.tex:9: Missing } inserted.
<inserted text> 
                }
l.9 \end{center}
                
I've inserted something that you may have forgotten.
(See the <inserted text> above.)
With luck, this will get me unwedged. But if you
really didn't forget anything, try typing `2' now; then
my insertion and my current dilemma will both disappear.

./dir_f3ae95234a0f414a8329ae3b17d9eaa2.tex:9: Missing } inserted.
<inserted text> 
                }
l.9 \end{center}
                
I've inserted something that you may have forgotten.
(See the <inserted text> above.)
With luck, this will get me unwedged. But if you
really didn't forget anything, try typing `2' now; then
my insertion and my current dilemma will both disappear.

./dir_f3ae95234a0f414a8329ae3b17d9eaa2.tex:9: Extra \endgroup.
<recently read> \endgroup 
                          
l.9 \end{center}
                
Things are pretty mixed up, but I think the worst is over.


./dir_f3ae95234a0f414a8329ae3b17d9eaa2.tex:10: LaTeX Error: \begin{document} ended by \end{figure}.

See the LaTeX manual or LaTeX Companion for explanation.
Type  H <return>  for immediate help.
 ...                                              
                                                  
l.10 \end{figure}
                 
Your command was ignored.
Type  I <command> <return>  to replace it with another command,
or  <return>  to continue without it.

./dir_f3ae95234a0f414a8329ae3b17d9eaa2.tex:10: Extra \endgroup.
\end  ...end#1\endcsname \@checkend {#1}\endgroup 
                                                  \UseHook {env/#1/after}\if...
l.10 \end{figure}
                 
Things are pretty mixed up, but I think the worst is over.

./dir_f3ae95234a0f414a8329ae3b17d9eaa2.tex:11: Undefined control sequence.
l.11 \doxysubsubsection
                       *{Files}
The control sequence at the end of the top line
of your error message was never \def'ed. If you have
misspelled it (e.g., `\hobx'), type `I' and the correct
spelling (e.g., `I\hbox'). Otherwise just continue,
and I'll forget about whatever was undefined.

Missing character: There is no * in font nullfont!
Missing character: There is no F in font nullfont!
Missing character: There is no i in font nullfont!
Missing character: There is no l in font nullfont!
Missing character: There is no e in font nullfont!
Missing character: There is no s in font nullfont!

./dir_f3ae95234a0f414a8329ae3b17d9eaa2.tex:12: LaTeX Error: Environment DoxyCompactItemize undefined.

See the LaTeX manual or LaTeX Companion for explanation.
Type  H <return>  for immediate help.
 ...                                              
                                                  
l.12 \begin{DoxyCompactItemize}
                               
Your command was ignored.
Type  I <command> <return>  to replace it with another command,
or  <return>  to continue without it.


./dir_f3ae95234a0f414a8329ae3b17d9eaa2.tex:14: LaTeX Error: Lonely \item--perhaps a missing list environment.

See the LaTeX manual or LaTeX Companion for explanation.
Type  H <return>  for immediate help.
 ...                                              
                                                  
l.14 f
      ile \mbox{\hyperlink{protocol__utils_8cpp}{protocol\+\_\+utils.\+cpp}}
Try typing  <return>  to proceed.
If that doesn't work, type  X <return>  to quit.

Missing character: There is no f in font nullfont!
Missing character: There is no i in font nullfont!
Missing character: There is no l in font nullfont!
Missing character: There is no e in font nullfont!
./dir_f3ae95234a0f414a8329ae3b17d9eaa2.tex:14: Undefined control sequence.
<argument> \hyperlink 
                      {protocol__utils_8cpp}{protocol\+\_\+utils.\+cpp}
l.14 ...l__utils_8cpp}{protocol\+\_\+utils.\+cpp}}
                                                  
The control sequence at the end of the top line
of your error message was never \def'ed. If you have
misspelled it (e.g., `\hobx'), type `I' and the correct
spelling (e.g., `I\hbox'). Otherwise just continue,
and I'll forget about whatever was undefined.

Missing character: There is no p in font nullfont!
Missing character: There is no r in font nullfont!
Missing character: There is no o in font nullfont!
Missing character: There is no t in font nullfont!
Missing character: There is no o in font nullfont!
Missing character: There is no c in font nullfont!
Missing character: There is no o in font nullfont!
Missing character: There is no l in font nullfont!
./dir_f3ae95234a0f414a8329ae3b17d9eaa2.tex:14: Missing $ inserted.
<inserted text> 
                $
l.14 ...l__utils_8cpp}{protocol\+\_\+utils.\+cpp}}
                                                  
I've inserted a begin-math/end-math symbol since I think
you left one out. Proceed, with fingers crossed.

./dir_f3ae95234a0f414a8329ae3b17d9eaa2.tex:14: Missing { inserted.
<to be read again> 
                   _
l.14 ...l__utils_8cpp}{protocol\+\_\+utils.\+cpp}}
                                                  
A left brace was mandatory here, so I've put one in.
You might want to delete and/or insert some corrections
so that I will find a matching right brace soon.
(If you're confused by all this, try typing `I}' now.)

./dir_f3ae95234a0f414a8329ae3b17d9eaa2.tex:14: Undefined control sequence.
<argument> ...nk {protocol__utils_8cpp}{protocol\+
                                                  \_\+utils.\+cpp}
l.14 ...l__utils_8cpp}{protocol\+\_\+utils.\+cpp}}
                                                  
The control sequence at the end of the top line
of your error message was never \def'ed. If you have
misspelled it (e.g., `\hobx'), type `I' and the correct
spelling (e.g., `I\hbox'). Otherwise just continue,
and I'll forget about whatever was undefined.

./dir_f3ae95234a0f414a8329ae3b17d9eaa2.tex:14: Undefined control sequence.
<argument> ...protocol__utils_8cpp}{protocol\+\_\+
                                                  utils.\+cpp}
l.14 ...l__utils_8cpp}{protocol\+\_\+utils.\+cpp}}
                                                  
The control sequence at the end of the top line
of your error message was never \def'ed. If you have
misspelled it (e.g., `\hobx'), type `I' and the correct
spelling (e.g., `I\hbox'). Otherwise just continue,
and I'll forget about whatever was undefined.

./dir_f3ae95234a0f414a8329ae3b17d9eaa2.tex:14: Undefined control sequence.
<argument> ...__utils_8cpp}{protocol\+\_\+utils.\+
                                                  cpp}
l.14 ...l__utils_8cpp}{protocol\+\_\+utils.\+cpp}}
                                                  
The control sequence at the end of the top line
of your error message was never \def'ed. If you have
misspelled it (e.g., `\hobx'), type `I' and the correct
spelling (e.g., `I\hbox'). Otherwise just continue,
and I'll forget about whatever was undefined.

./dir_f3ae95234a0f414a8329ae3b17d9eaa2.tex:14: Extra }, or forgotten $.
\mbox  #1->\leavevmode \hbox {#1}
                                 
l.14 ...l__utils_8cpp}{protocol\+\_\+utils.\+cpp}}
                                                  
I've deleted a group-closing symbol because it seems to be
spurious, as in `$x}$'. But perhaps the } is legitimate and
you forgot something else, as in `\hbox{$x}'. In such cases
the way to recover is to insert both the forgotten and the
deleted material, e.g., by typing `I$}'.


./dir_f3ae95234a0f414a8329ae3b17d9eaa2.tex:15: LaTeX Error: Command \item invalid in math mode.

See the LaTeX manual or LaTeX Companion for explanation.
Type  H <return>  for immediate help.
 ...                                              
                                                  
l.15 \item
          
Try typing  <return>  to proceed.
If that doesn't work, type  X <return>  to quit.

./dir_f3ae95234a0f414a8329ae3b17d9eaa2.tex:16: Missing $ inserted.
<inserted text> 
                $
l.16 f
      ile \mbox{\hyperlink{protocol__utils_8hpp}{protocol\+\_\+utils.\+hpp}}
I've inserted a begin-math/end-math symbol since I think
you left one out. Proceed, with fingers crossed.

./dir_f3ae95234a0f414a8329ae3b17d9eaa2.tex:16: Missing } inserted.
<inserted text> 
                }
l.16 f
      ile \mbox{\hyperlink{protocol__utils_8hpp}{protocol\+\_\+utils.\+hpp}}
I've inserted something that you may have forgotten.
(See the <inserted text> above.)
With luck, this will get me unwedged. But if you
really didn't forget anything, try typing `2' now; then
my insertion and my current dilemma will both disappear.

./dir_f3ae95234a0f414a8329ae3b17d9eaa2.tex:16: Missing } inserted.
<inserted text> 
                }
l.16 f
      ile \mbox{\hyperlink{protocol__utils_8hpp}{protocol\+\_\+utils.\+hpp}}
I've inserted something that you may have forgotten.
(See the <inserted text> above.)
With luck, this will get me unwedged. But if you
really didn't forget anything, try typing `2' now; then
my insertion and my current dilemma will both disappear.


Overfull \hbox (106.44386pt too wide) in paragraph at lines 14--16
[] 
 []


./dir_f3ae95234a0f414a8329ae3b17d9eaa2.tex:16: LaTeX Error: Lonely \item--perhaps a missing list environment.

See the LaTeX manual or LaTeX Companion for explanation.
Type  H <return>  for immediate help.
 ...                                              
                                                  
l.16 f
      ile \mbox{\hyperlink{protocol__utils_8hpp}{protocol\+\_\+utils.\+hpp}}
Try typing  <return>  to proceed.
If that doesn't work, type  X <return>  to quit.

Missing character: There is no f in font nullfont!
Missing character: There is no i in font nullfont!
Missing character: There is no l in font nullfont!
Missing character: There is no e in font nullfont!
./dir_f3ae95234a0f414a8329ae3b17d9eaa2.tex:16: Undefined control sequence.
<argument> \hyperlink 
                      {protocol__utils_8hpp}{protocol\+\_\+utils.\+hpp}
l.16 ...l__utils_8hpp}{protocol\+\_\+utils.\+hpp}}
                                                  
The control sequence at the end of the top line
of your error message was never \def'ed. If you have
misspelled it (e.g., `\hobx'), type `I' and the correct
spelling (e.g., `I\hbox'). Otherwise just continue,
and I'll forget about whatever was undefined.

Missing character: There is no p in font nullfont!
Missing character: There is no r in font nullfont!
Missing character: There is no o in font nullfont!
Missing character: There is no t in font nullfont!
Missing character: There is no o in font nullfont!
Missing character: There is no c in font nullfont!
Missing character: There is no o in font nullfont!
Missing character: There is no l in font nullfont!
./dir_f3ae95234a0f414a8329ae3b17d9eaa2.tex:16: Missing $ inserted.
<inserted text> 
                $
l.16 ...l__utils_8hpp}{protocol\+\_\+utils.\+hpp}}
                                                  
I've inserted a begin-math/end-math symbol since I think
you left one out. Proceed, with fingers crossed.

./dir_f3ae95234a0f414a8329ae3b17d9eaa2.tex:16: Missing { inserted.
<to be read again> 
                   _
l.16 ...l__utils_8hpp}{protocol\+\_\+utils.\+hpp}}
                                                  
A left brace was mandatory here, so I've put one in.
You might want to delete and/or insert some corrections
so that I will find a matching right brace soon.
(If you're confused by all this, try typing `I}' now.)

./dir_f3ae95234a0f414a8329ae3b17d9eaa2.tex:16: Undefined control sequence.
<argument> ...nk {protocol__utils_8hpp}{protocol\+
                                                  \_\+utils.\+hpp}
l.16 ...l__utils_8hpp}{protocol\+\_\+utils.\+hpp}}
                                                  
The control sequence at the end of the top line
of your error message was never \def'ed. If you have
misspelled it (e.g., `\hobx'), type `I' and the correct
spelling (e.g., `I\hbox'). Otherwise just continue,
and I'll forget about whatever was undefined.

./dir_f3ae95234a0f414a8329ae3b17d9eaa2.tex:16: Undefined control sequence.
<argument> ...protocol__utils_8hpp}{protocol\+\_\+
                                                  utils.\+hpp}
l.16 ...l__utils_8hpp}{protocol\+\_\+utils.\+hpp}}
                                                  
The control sequence at the end of the top line
of your error message was never \def'ed. If you have
misspelled it (e.g., `\hobx'), type `I' and the correct
spelling (e.g., `I\hbox'). Otherwise just continue,
and I'll forget about whatever was undefined.

./dir_f3ae95234a0f414a8329ae3b17d9eaa2.tex:16: Undefined control sequence.
<argument> ...__utils_8hpp}{protocol\+\_\+utils.\+
                                                  hpp}
l.16 ...l__utils_8hpp}{protocol\+\_\+utils.\+hpp}}
                                                  
The control sequence at the end of the top line
of your error message was never \def'ed. If you have
misspelled it (e.g., `\hobx'), type `I' and the correct
spelling (e.g., `I\hbox'). Otherwise just continue,
and I'll forget about whatever was undefined.

./dir_f3ae95234a0f414a8329ae3b17d9eaa2.tex:16: Extra }, or forgotten $.
\mbox  #1->\leavevmode \hbox {#1}
                                 
l.16 ...l__utils_8hpp}{protocol\+\_\+utils.\+hpp}}
                                                  
I've deleted a group-closing symbol because it seems to be
spurious, as in `$x}$'. But perhaps the } is legitimate and
you forgot something else, as in `\hbox{$x}'. In such cases
the way to recover is to insert both the forgotten and the
deleted material, e.g., by typing `I$}'.


./dir_f3ae95234a0f414a8329ae3b17d9eaa2.tex:17: LaTeX Error: \begin{document} ended by \end{DoxyCompactItemize}.

See the LaTeX manual or LaTeX Companion for explanation.
Type  H <return>  for immediate help.
 ...                                              
                                                  
l.17 \end{DoxyCompactItemize}
                             
Your command was ignored.
Type  I <command> <return>  to replace it with another command,
or  <return>  to continue without it.

./dir_f3ae95234a0f414a8329ae3b17d9eaa2.tex:17: Missing $ inserted.
<inserted text> 
                $
l.17 \end{DoxyCompactItemize}
                             
I've inserted something that you may have forgotten.
(See the <inserted text> above.)
With luck, this will get me unwedged. But if you
really didn't forget anything, try typing `2' now; then
my insertion and my current dilemma will both disappear.

./dir_f3ae95234a0f414a8329ae3b17d9eaa2.tex:17: Missing } inserted.
<inserted text> 
                }
l.17 \end{DoxyCompactItemize}
                             
I've inserted something that you may have forgotten.
(See the <inserted text> above.)
With luck, this will get me unwedged. But if you
really didn't forget anything, try typing `2' now; then
my insertion and my current dilemma will both disappear.

./dir_f3ae95234a0f414a8329ae3b17d9eaa2.tex:17: Missing } inserted.
<inserted text> 
                }
l.17 \end{DoxyCompactItemize}
                             
I've inserted something that you may have forgotten.
(See the <inserted text> above.)
With luck, this will get me unwedged. But if you
really didn't forget anything, try typing `2' now; then
my insertion and my current dilemma will both disappear.

)
! Emergency stop.
<*> dir_f3ae95234a0f414a8329ae3b17d9eaa2.tex
                                            
*** (job aborted, no legal \end found)

 
Here is how much of TeX's memory you used:
 26 strings out of 469269
 734 string characters out of 5467112
 431984 words of memory out of 5000000
 28558 multiletter control sequences out of 15000+600000
 626825 words of font info for 40 fonts, out of 8000000 for 9000
 319 hyphenation exceptions out of 8191
 22i,6n,23p,259b,76s stack positions out of 10000i,1000n,20000p,200000b,200000s
!  ==> Fatal error occurred, no output PDF file produced!
