This is pdfTeX, Version 3.141592653-2.6-1.40.28 (TeX Live 2025) (preloaded format=pdflatex 2025.9.24)  27 SEP 2025 21:22
entering extended mode
 \write18 enabled.
 file:line:error style messages enabled.
 %&-line parsing enabled.
**gateway_8hpp_source.tex
(./gateway_8hpp_source.tex
LaTeX2e <2025-06-01> patch level 1
L3 programming layer <2025-09-02>
./gateway_8hpp_source.tex:1: Undefined control sequence.
l.1 \doxysection
                {gateway.\+hpp}
The control sequence at the end of the top line
of your error message was never \def'ed. If you have
misspelled it (e.g., `\hobx'), type `I' and the correct
spelling (e.g., `I\hbox'). Otherwise just continue,
and I'll forget about whatever was undefined.


./gateway_8hpp_source.tex:1: LaTeX Error: Missing \begin{document}.

See the LaTeX manual or LaTeX Companion for explanation.
Type  H <return>  for immediate help.
 ...                                              
                                                  
l.1 \doxysection{g
                  ateway.\+hpp}
You're in trouble here.  Try typing  <return>  to proceed.
If that doesn't work, type  X <return>  to quit.

Missing character: There is no g in font nullfont!
Missing character: There is no a in font nullfont!
Missing character: There is no t in font nullfont!
Missing character: There is no e in font nullfont!
Missing character: There is no w in font nullfont!
Missing character: There is no a in font nullfont!
Missing character: There is no y in font nullfont!
Missing character: There is no . in font nullfont!
./gateway_8hpp_source.tex:1: Undefined control sequence.
l.1 \doxysection{gateway.\+
                           hpp}
The control sequence at the end of the top line
of your error message was never \def'ed. If you have
misspelled it (e.g., `\hobx'), type `I' and the correct
spelling (e.g., `I\hbox'). Otherwise just continue,
and I'll forget about whatever was undefined.

Missing character: There is no h in font nullfont!
Missing character: There is no p in font nullfont!
Missing character: There is no p in font nullfont!
./gateway_8hpp_source.tex:2: Undefined control sequence.
l.2 \hypertarget
                {gateway_8hpp_source}{}\label{gateway_8hpp_source}\index{sou...
The control sequence at the end of the top line
of your error message was never \def'ed. If you have
misspelled it (e.g., `\hobx'), type `I' and the correct
spelling (e.g., `I\hbox'). Otherwise just continue,
and I'll forget about whatever was undefined.

Missing character: There is no g in font nullfont!
Missing character: There is no a in font nullfont!
Missing character: There is no t in font nullfont!
Missing character: There is no e in font nullfont!
Missing character: There is no w in font nullfont!
Missing character: There is no a in font nullfont!
Missing character: There is no y in font nullfont!
./gateway_8hpp_source.tex:2: Missing $ inserted.
<inserted text> 
                $
l.2 \hypertarget{gateway_
                         8hpp_source}{}\label{gateway_8hpp_source}\index{sou...
I've inserted a begin-math/end-math symbol since I think
you left one out. Proceed, with fingers crossed.

LaTeX Font Info:    External font `cmex10' loaded for size
(Font)              <7> on input line 2.
LaTeX Font Info:    External font `cmex10' loaded for size
(Font)              <5> on input line 2.
./gateway_8hpp_source.tex:2: Extra }, or forgotten $.
l.2 \hypertarget{gateway_8hpp_source}
                                     {}\label{gateway_8hpp_source}\index{sou...
I've deleted a group-closing symbol because it seems to be
spurious, as in `$x}$'. But perhaps the } is legitimate and
you forgot something else, as in `\hbox{$x}'. In such cases
the way to recover is to insert both the forgotten and the
deleted material, e.g., by typing `I$}'.

./gateway_8hpp_source.tex:3: Undefined control sequence.
<argument> \hyperlink 
                      {gateway_8hpp}{Go to the documentation of this file.}
l.3 ...pp}{Go to the documentation of this file.}}
                                                  
The control sequence at the end of the top line
of your error message was never \def'ed. If you have
misspelled it (e.g., `\hobx'), type `I' and the correct
spelling (e.g., `I\hbox'). Otherwise just continue,
and I'll forget about whatever was undefined.

Missing character: There is no g in font nullfont!
Missing character: There is no a in font nullfont!
Missing character: There is no t in font nullfont!
Missing character: There is no e in font nullfont!
Missing character: There is no w in font nullfont!
Missing character: There is no a in font nullfont!
Missing character: There is no y in font nullfont!
./gateway_8hpp_source.tex:3: Missing $ inserted.
<inserted text> 
                $
l.3 ...pp}{Go to the documentation of this file.}}
                                                  
I've inserted a begin-math/end-math symbol since I think
you left one out. Proceed, with fingers crossed.

./gateway_8hpp_source.tex:3: Extra }, or forgotten $.
<argument> \hyperlink {gateway_8hpp}
                                    {Go to the documentation of this file.}
l.3 ...pp}{Go to the documentation of this file.}}
                                                  
I've deleted a group-closing symbol because it seems to be
spurious, as in `$x}$'. But perhaps the } is legitimate and
you forgot something else, as in `\hbox{$x}'. In such cases
the way to recover is to insert both the forgotten and the
deleted material, e.g., by typing `I$}'.

./gateway_8hpp_source.tex:3: Extra }, or forgotten $.
\mbox  #1->\leavevmode \hbox {#1}
                                 
l.3 ...pp}{Go to the documentation of this file.}}
                                                  
I've deleted a group-closing symbol because it seems to be
spurious, as in `$x}$'. But perhaps the } is legitimate and
you forgot something else, as in `\hbox{$x}'. In such cases
the way to recover is to insert both the forgotten and the
deleted material, e.g., by typing `I$}'.


./gateway_8hpp_source.tex:4: LaTeX Error: Environment DoxyCode undefined.

See the LaTeX manual or LaTeX Companion for explanation.
Type  H <return>  for immediate help.
 ...                                              
                                                  
l.4 \begin{DoxyCode}
                    {0}
Your command was ignored.
Type  I <command> <return>  to replace it with another command,
or  <return>  to continue without it.

./gateway_8hpp_source.tex:5: Undefined control sequence.
l.5 \DoxyCodeLine
                 {00001\ \textcolor{preprocessor}{\#ifndef\ GATEWAY\_HPP}}
The control sequence at the end of the top line
of your error message was never \def'ed. If you have
misspelled it (e.g., `\hobx'), type `I' and the correct
spelling (e.g., `I\hbox'). Otherwise just continue,
and I'll forget about whatever was undefined.

./gateway_8hpp_source.tex:5: Undefined control sequence.
l.5 \DoxyCodeLine{00001\ \textcolor
                                   {preprocessor}{\#ifndef\ GATEWAY\_HPP}}
The control sequence at the end of the top line
of your error message was never \def'ed. If you have
misspelled it (e.g., `\hobx'), type `I' and the correct
spelling (e.g., `I\hbox'). Otherwise just continue,
and I'll forget about whatever was undefined.

./gateway_8hpp_source.tex:6: Undefined control sequence.
l.6 \DoxyCodeLine
                 {00002\ \textcolor{preprocessor}{\#define\ GATEWAY\_HPP}}
The control sequence at the end of the top line
of your error message was never \def'ed. If you have
misspelled it (e.g., `\hobx'), type `I' and the correct
spelling (e.g., `I\hbox'). Otherwise just continue,
and I'll forget about whatever was undefined.

./gateway_8hpp_source.tex:6: Undefined control sequence.
l.6 \DoxyCodeLine{00002\ \textcolor
                                   {preprocessor}{\#define\ GATEWAY\_HPP}}
The control sequence at the end of the top line
of your error message was never \def'ed. If you have
misspelled it (e.g., `\hobx'), type `I' and the correct
spelling (e.g., `I\hbox'). Otherwise just continue,
and I'll forget about whatever was undefined.

./gateway_8hpp_source.tex:7: Undefined control sequence.
l.7 \DoxyCodeLine
                 {00003\ }
The control sequence at the end of the top line
of your error message was never \def'ed. If you have
misspelled it (e.g., `\hobx'), type `I' and the correct
spelling (e.g., `I\hbox'). Otherwise just continue,
and I'll forget about whatever was undefined.

./gateway_8hpp_source.tex:8: Undefined control sequence.
l.8 \DoxyCodeLine
                 {00004\ \textcolor{preprocessor}{\#include\ <iostream>}}
The control sequence at the end of the top line
of your error message was never \def'ed. If you have
misspelled it (e.g., `\hobx'), type `I' and the correct
spelling (e.g., `I\hbox'). Otherwise just continue,
and I'll forget about whatever was undefined.

./gateway_8hpp_source.tex:8: Undefined control sequence.
l.8 \DoxyCodeLine{00004\ \textcolor
                                   {preprocessor}{\#include\ <iostream>}}
The control sequence at the end of the top line
of your error message was never \def'ed. If you have
misspelled it (e.g., `\hobx'), type `I' and the correct
spelling (e.g., `I\hbox'). Otherwise just continue,
and I'll forget about whatever was undefined.

./gateway_8hpp_source.tex:9: Undefined control sequence.
l.9 \DoxyCodeLine
                 {00005\ \textcolor{preprocessor}{\#include\ <thread>}}
The control sequence at the end of the top line
of your error message was never \def'ed. If you have
misspelled it (e.g., `\hobx'), type `I' and the correct
spelling (e.g., `I\hbox'). Otherwise just continue,
and I'll forget about whatever was undefined.

./gateway_8hpp_source.tex:9: Undefined control sequence.
l.9 \DoxyCodeLine{00005\ \textcolor
                                   {preprocessor}{\#include\ <thread>}}
The control sequence at the end of the top line
of your error message was never \def'ed. If you have
misspelled it (e.g., `\hobx'), type `I' and the correct
spelling (e.g., `I\hbox'). Otherwise just continue,
and I'll forget about whatever was undefined.

./gateway_8hpp_source.tex:10: Undefined control sequence.
l.10 \DoxyCodeLine
                  {00006\ \textcolor{preprocessor}{\#include\ <chrono>}}
The control sequence at the end of the top line
of your error message was never \def'ed. If you have
misspelled it (e.g., `\hobx'), type `I' and the correct
spelling (e.g., `I\hbox'). Otherwise just continue,
and I'll forget about whatever was undefined.

./gateway_8hpp_source.tex:10: Undefined control sequence.
l.10 \DoxyCodeLine{00006\ \textcolor
                                    {preprocessor}{\#include\ <chrono>}}
The control sequence at the end of the top line
of your error message was never \def'ed. If you have
misspelled it (e.g., `\hobx'), type `I' and the correct
spelling (e.g., `I\hbox'). Otherwise just continue,
and I'll forget about whatever was undefined.

./gateway_8hpp_source.tex:11: Undefined control sequence.
l.11 \DoxyCodeLine
                  {00007\ }
The control sequence at the end of the top line
of your error message was never \def'ed. If you have
misspelled it (e.g., `\hobx'), type `I' and the correct
spelling (e.g., `I\hbox'). Otherwise just continue,
and I'll forget about whatever was undefined.

./gateway_8hpp_source.tex:12: Undefined control sequence.
l.12 \DoxyCodeLine
                  {00008\ \textcolor{preprocessor}{\#include\ "{}\mbox{\hype...
The control sequence at the end of the top line
of your error message was never \def'ed. If you have
misspelled it (e.g., `\hobx'), type `I' and the correct
spelling (e.g., `I\hbox'). Otherwise just continue,
and I'll forget about whatever was undefined.

./gateway_8hpp_source.tex:12: Undefined control sequence.
l.12 \DoxyCodeLine{00008\ \textcolor
                                    {preprocessor}{\#include\ "{}\mbox{\hype...
The control sequence at the end of the top line
of your error message was never \def'ed. If you have
misspelled it (e.g., `\hobx'), type `I' and the correct
spelling (e.g., `I\hbox'). Otherwise just continue,
and I'll forget about whatever was undefined.

./gateway_8hpp_source.tex:12: Undefined control sequence.
<argument> \hyperlink 
                      {raw__socket__engine_8hpp}{api/network/engines/raw\_so...
l.12 .../network/engines/raw\_socket\_engine.hpp}}
                                                  "{}}}
The control sequence at the end of the top line
of your error message was never \def'ed. If you have
misspelled it (e.g., `\hobx'), type `I' and the correct
spelling (e.g., `I\hbox'). Otherwise just continue,
and I'll forget about whatever was undefined.

Missing character: There is no r in font nullfont!
Missing character: There is no a in font nullfont!
Missing character: There is no w in font nullfont!
./gateway_8hpp_source.tex:12: Missing $ inserted.
<inserted text> 
                $
l.12 .../network/engines/raw\_socket\_engine.hpp}}
                                                  "{}}}
I've inserted a begin-math/end-math symbol since I think
you left one out. Proceed, with fingers crossed.

./gateway_8hpp_source.tex:12: Missing { inserted.
<to be read again> 
                   _
l.12 .../network/engines/raw\_socket\_engine.hpp}}
                                                  "{}}}
A left brace was mandatory here, so I've put one in.
You might want to delete and/or insert some corrections
so that I will find a matching right brace soon.
(If you're confused by all this, try typing `I}' now.)

./gateway_8hpp_source.tex:12: Missing { inserted.
<to be read again> 
                   _
l.12 .../network/engines/raw\_socket\_engine.hpp}}
                                                  "{}}}
A left brace was mandatory here, so I've put one in.
You might want to delete and/or insert some corrections
so that I will find a matching right brace soon.
(If you're confused by all this, try typing `I}' now.)

./gateway_8hpp_source.tex:12: Extra }, or forgotten $.
l.12 ...work/engines/raw\_socket\_engine.hpp}}"{}}
                                                  }
I've deleted a group-closing symbol because it seems to be
spurious, as in `$x}$'. But perhaps the } is legitimate and
you forgot something else, as in `\hbox{$x}'. In such cases
the way to recover is to insert both the forgotten and the
deleted material, e.g., by typing `I$}'.

./gateway_8hpp_source.tex:12: Extra }, or forgotten $.
l.12 ...ork/engines/raw\_socket\_engine.hpp}}"{}}}
                                                  
I've deleted a group-closing symbol because it seems to be
spurious, as in `$x}$'. But perhaps the } is legitimate and
you forgot something else, as in `\hbox{$x}'. In such cases
the way to recover is to insert both the forgotten and the
deleted material, e.g., by typing `I$}'.

./gateway_8hpp_source.tex:13: Undefined control sequence.
l.13 \DoxyCodeLine
                  {00009\ \textcolor{preprocessor}{\#include\ "{}\mbox{\hype...
The control sequence at the end of the top line
of your error message was never \def'ed. If you have
misspelled it (e.g., `\hobx'), type `I' and the correct
spelling (e.g., `I\hbox'). Otherwise just continue,
and I'll forget about whatever was undefined.

./gateway_8hpp_source.tex:13: Undefined control sequence.
l.13 \DoxyCodeLine{00009\ \textcolor
                                    {preprocessor}{\#include\ "{}\mbox{\hype...
The control sequence at the end of the top line
of your error message was never \def'ed. If you have
misspelled it (e.g., `\hobx'), type `I' and the correct
spelling (e.g., `I\hbox'). Otherwise just continue,
and I'll forget about whatever was undefined.

./gateway_8hpp_source.tex:13: Undefined control sequence.
<argument> \hyperlink 
                      {smh__engine_8hpp}{api/network/engines/smh\_engine.hpp}
l.13 ...hpp}{api/network/engines/smh\_engine.hpp}}
                                                  "{}}}
The control sequence at the end of the top line
of your error message was never \def'ed. If you have
misspelled it (e.g., `\hobx'), type `I' and the correct
spelling (e.g., `I\hbox'). Otherwise just continue,
and I'll forget about whatever was undefined.

Missing character: There is no s in font nullfont!
Missing character: There is no m in font nullfont!
Missing character: There is no h in font nullfont!
./gateway_8hpp_source.tex:13: Missing $ inserted.
<inserted text> 
                $
l.13 ...hpp}{api/network/engines/smh\_engine.hpp}}
                                                  "{}}}
I've inserted a begin-math/end-math symbol since I think
you left one out. Proceed, with fingers crossed.

./gateway_8hpp_source.tex:13: Missing { inserted.
<to be read again> 
                   _
l.13 ...hpp}{api/network/engines/smh\_engine.hpp}}
                                                  "{}}}
A left brace was mandatory here, so I've put one in.
You might want to delete and/or insert some corrections
so that I will find a matching right brace soon.
(If you're confused by all this, try typing `I}' now.)

./gateway_8hpp_source.tex:13: Extra }, or forgotten $.
\mbox  #1->\leavevmode \hbox {#1}
                                 
l.13 ...hpp}{api/network/engines/smh\_engine.hpp}}
                                                  "{}}}
I've deleted a group-closing symbol because it seems to be
spurious, as in `$x}$'. But perhaps the } is legitimate and
you forgot something else, as in `\hbox{$x}'. In such cases
the way to recover is to insert both the forgotten and the
deleted material, e.g., by typing `I$}'.

./gateway_8hpp_source.tex:13: Extra }, or forgotten $.
l.13 ...{api/network/engines/smh\_engine.hpp}}"{}}
                                                  }
I've deleted a group-closing symbol because it seems to be
spurious, as in `$x}$'. But perhaps the } is legitimate and
you forgot something else, as in `\hbox{$x}'. In such cases
the way to recover is to insert both the forgotten and the
deleted material, e.g., by typing `I$}'.

./gateway_8hpp_source.tex:13: Extra }, or forgotten $.
l.13 ...api/network/engines/smh\_engine.hpp}}"{}}}
                                                  
I've deleted a group-closing symbol because it seems to be
spurious, as in `$x}$'. But perhaps the } is legitimate and
you forgot something else, as in `\hbox{$x}'. In such cases
the way to recover is to insert both the forgotten and the
deleted material, e.g., by typing `I$}'.

./gateway_8hpp_source.tex:14: Undefined control sequence.
l.14 \DoxyCodeLine
                  {00010\ \textcolor{preprocessor}{\#include\ "{}\mbox{\hype...
The control sequence at the end of the top line
of your error message was never \def'ed. If you have
misspelled it (e.g., `\hobx'), type `I' and the correct
spelling (e.g., `I\hbox'). Otherwise just continue,
and I'll forget about whatever was undefined.

./gateway_8hpp_source.tex:14: Undefined control sequence.
l.14 \DoxyCodeLine{00010\ \textcolor
                                    {preprocessor}{\#include\ "{}\mbox{\hype...
The control sequence at the end of the top line
of your error message was never \def'ed. If you have
misspelled it (e.g., `\hobx'), type `I' and the correct
spelling (e.g., `I\hbox'). Otherwise just continue,
and I'll forget about whatever was undefined.

./gateway_8hpp_source.tex:14: Undefined control sequence.
<argument> \hyperlink 
                      {nic_8hpp}{api/network/nic.hpp}
l.14 ...\hyperlink{nic_8hpp}{api/network/nic.hpp}}
                                                  "{}}}
The control sequence at the end of the top line
of your error message was never \def'ed. If you have
misspelled it (e.g., `\hobx'), type `I' and the correct
spelling (e.g., `I\hbox'). Otherwise just continue,
and I'll forget about whatever was undefined.

Missing character: There is no n in font nullfont!
Missing character: There is no i in font nullfont!
Missing character: There is no c in font nullfont!
./gateway_8hpp_source.tex:14: Missing $ inserted.
<inserted text> 
                $
l.14 ...\hyperlink{nic_8hpp}{api/network/nic.hpp}}
                                                  "{}}}
I've inserted a begin-math/end-math symbol since I think
you left one out. Proceed, with fingers crossed.

./gateway_8hpp_source.tex:14: Extra }, or forgotten $.
<argument> \hyperlink {nic_8hpp}
                                {api/network/nic.hpp}
l.14 ...\hyperlink{nic_8hpp}{api/network/nic.hpp}}
                                                  "{}}}
I've deleted a group-closing symbol because it seems to be
spurious, as in `$x}$'. But perhaps the } is legitimate and
you forgot something else, as in `\hbox{$x}'. In such cases
the way to recover is to insert both the forgotten and the
deleted material, e.g., by typing `I$}'.

./gateway_8hpp_source.tex:14: Extra }, or forgotten $.
\mbox  #1->\leavevmode \hbox {#1}
                                 
l.14 ...\hyperlink{nic_8hpp}{api/network/nic.hpp}}
                                                  "{}}}
I've deleted a group-closing symbol because it seems to be
spurious, as in `$x}$'. But perhaps the } is legitimate and
you forgot something else, as in `\hbox{$x}'. In such cases
the way to recover is to insert both the forgotten and the
deleted material, e.g., by typing `I$}'.

./gateway_8hpp_source.tex:14: Extra }, or forgotten $.
l.14 ...erlink{nic_8hpp}{api/network/nic.hpp}}"{}}
                                                  }
I've deleted a group-closing symbol because it seems to be
spurious, as in `$x}$'. But perhaps the } is legitimate and
you forgot something else, as in `\hbox{$x}'. In such cases
the way to recover is to insert both the forgotten and the
deleted material, e.g., by typing `I$}'.

./gateway_8hpp_source.tex:14: Extra }, or forgotten $.
l.14 ...rlink{nic_8hpp}{api/network/nic.hpp}}"{}}}
                                                  
I've deleted a group-closing symbol because it seems to be
spurious, as in `$x}$'. But perhaps the } is legitimate and
you forgot something else, as in `\hbox{$x}'. In such cases
the way to recover is to insert both the forgotten and the
deleted material, e.g., by typing `I$}'.

./gateway_8hpp_source.tex:15: Undefined control sequence.
l.15 \DoxyCodeLine
                  {00011\ \textcolor{preprocessor}{\#include\ "{}\mbox{\hype...
The control sequence at the end of the top line
of your error message was never \def'ed. If you have
misspelled it (e.g., `\hobx'), type `I' and the correct
spelling (e.g., `I\hbox'). Otherwise just continue,
and I'll forget about whatever was undefined.

./gateway_8hpp_source.tex:15: Undefined control sequence.
l.15 \DoxyCodeLine{00011\ \textcolor
                                    {preprocessor}{\#include\ "{}\mbox{\hype...
The control sequence at the end of the top line
of your error message was never \def'ed. If you have
misspelled it (e.g., `\hobx'), type `I' and the correct
spelling (e.g., `I\hbox'). Otherwise just continue,
and I'll forget about whatever was undefined.

./gateway_8hpp_source.tex:15: Undefined control sequence.
<argument> \hyperlink 
                      {protocol_8hpp}{api/network/protocol.hpp}
l.15 ...{protocol_8hpp}{api/network/protocol.hpp}}
                                                  "{}}}
The control sequence at the end of the top line
of your error message was never \def'ed. If you have
misspelled it (e.g., `\hobx'), type `I' and the correct
spelling (e.g., `I\hbox'). Otherwise just continue,
and I'll forget about whatever was undefined.

Missing character: There is no p in font nullfont!
Missing character: There is no r in font nullfont!
Missing character: There is no o in font nullfont!
Missing character: There is no t in font nullfont!
Missing character: There is no o in font nullfont!
Missing character: There is no c in font nullfont!
Missing character: There is no o in font nullfont!
Missing character: There is no l in font nullfont!
./gateway_8hpp_source.tex:15: Missing $ inserted.
<inserted text> 
                $
l.15 ...{protocol_8hpp}{api/network/protocol.hpp}}
                                                  "{}}}
I've inserted a begin-math/end-math symbol since I think
you left one out. Proceed, with fingers crossed.

./gateway_8hpp_source.tex:15: Extra }, or forgotten $.
<argument> \hyperlink {protocol_8hpp}
                                     {api/network/protocol.hpp}
l.15 ...{protocol_8hpp}{api/network/protocol.hpp}}
                                                  "{}}}
I've deleted a group-closing symbol because it seems to be
spurious, as in `$x}$'. But perhaps the } is legitimate and
you forgot something else, as in `\hbox{$x}'. In such cases
the way to recover is to insert both the forgotten and the
deleted material, e.g., by typing `I$}'.

./gateway_8hpp_source.tex:15: Extra }, or forgotten $.
\mbox  #1->\leavevmode \hbox {#1}
                                 
l.15 ...{protocol_8hpp}{api/network/protocol.hpp}}
                                                  "{}}}
I've deleted a group-closing symbol because it seems to be
spurious, as in `$x}$'. But perhaps the } is legitimate and
you forgot something else, as in `\hbox{$x}'. In such cases
the way to recover is to insert both the forgotten and the
deleted material, e.g., by typing `I$}'.

./gateway_8hpp_source.tex:15: Extra }, or forgotten $.
l.15 ...tocol_8hpp}{api/network/protocol.hpp}}"{}}
                                                  }
I've deleted a group-closing symbol because it seems to be
spurious, as in `$x}$'. But perhaps the } is legitimate and
you forgot something else, as in `\hbox{$x}'. In such cases
the way to recover is to insert both the forgotten and the
deleted material, e.g., by typing `I$}'.

./gateway_8hpp_source.tex:15: Extra }, or forgotten $.
l.15 ...ocol_8hpp}{api/network/protocol.hpp}}"{}}}
                                                  
I've deleted a group-closing symbol because it seems to be
spurious, as in `$x}$'. But perhaps the } is legitimate and
you forgot something else, as in `\hbox{$x}'. In such cases
the way to recover is to insert both the forgotten and the
deleted material, e.g., by typing `I$}'.

./gateway_8hpp_source.tex:16: Undefined control sequence.
l.16 \DoxyCodeLine
                  {00012\ }
The control sequence at the end of the top line
of your error message was never \def'ed. If you have
misspelled it (e.g., `\hobx'), type `I' and the correct
spelling (e.g., `I\hbox'). Otherwise just continue,
and I'll forget about whatever was undefined.

./gateway_8hpp_source.tex:17: Undefined control sequence.
l.17 \DoxyCodeLine
                  {00013\ \textcolor{comment}{//\ The\ NIC\ for\ internal\ c...
The control sequence at the end of the top line
of your error message was never \def'ed. If you have
misspelled it (e.g., `\hobx'), type `I' and the correct
spelling (e.g., `I\hbox'). Otherwise just continue,
and I'll forget about whatever was undefined.

./gateway_8hpp_source.tex:17: Undefined control sequence.
l.17 \DoxyCodeLine{00013\ \textcolor
                                    {comment}{//\ The\ NIC\ for\ internal\ c...
The control sequence at the end of the top line
of your error message was never \def'ed. If you have
misspelled it (e.g., `\hobx'), type `I' and the correct
spelling (e.g., `I\hbox'). Otherwise just continue,
and I'll forget about whatever was undefined.

./gateway_8hpp_source.tex:18: Undefined control sequence.
l.18 \DoxyCodeLine
                  {00014\ \textcolor{keyword}{using\ }\mbox{\hyperlink{gatew...
The control sequence at the end of the top line
of your error message was never \def'ed. If you have
misspelled it (e.g., `\hobx'), type `I' and the correct
spelling (e.g., `I\hbox'). Otherwise just continue,
and I'll forget about whatever was undefined.

./gateway_8hpp_source.tex:18: Undefined control sequence.
l.18 \DoxyCodeLine{00014\ \textcolor
                                    {keyword}{using\ }\mbox{\hyperlink{gatew...
The control sequence at the end of the top line
of your error message was never \def'ed. If you have
misspelled it (e.g., `\hobx'), type `I' and the correct
spelling (e.g., `I\hbox'). Otherwise just continue,
and I'll forget about whatever was undefined.

./gateway_8hpp_source.tex:18: Undefined control sequence.
<argument> \hyperlink 
                      {gateway_8hpp_a516faad1747cca3d94eb719827bd9f2b}{Inter...
l.18 ...ad1747cca3d94eb719827bd9f2b}{InternalNIC}}
                                                  \ =\ \mbox{\hyperlink{clas...
The control sequence at the end of the top line
of your error message was never \def'ed. If you have
misspelled it (e.g., `\hobx'), type `I' and the correct
spelling (e.g., `I\hbox'). Otherwise just continue,
and I'll forget about whatever was undefined.

Missing character: There is no g in font nullfont!
Missing character: There is no a in font nullfont!
Missing character: There is no t in font nullfont!
Missing character: There is no e in font nullfont!
Missing character: There is no w in font nullfont!
Missing character: There is no a in font nullfont!
Missing character: There is no y in font nullfont!
./gateway_8hpp_source.tex:18: Missing $ inserted.
<inserted text> 
                $
l.18 ...ad1747cca3d94eb719827bd9f2b}{InternalNIC}}
                                                  \ =\ \mbox{\hyperlink{clas...
I've inserted a begin-math/end-math symbol since I think
you left one out. Proceed, with fingers crossed.

./gateway_8hpp_source.tex:18: Extra }, or forgotten $.
<argument> ...p_a516faad1747cca3d94eb719827bd9f2b}
                                                  {InternalNIC}
l.18 ...ad1747cca3d94eb719827bd9f2b}{InternalNIC}}
                                                  \ =\ \mbox{\hyperlink{clas...
I've deleted a group-closing symbol because it seems to be
spurious, as in `$x}$'. But perhaps the } is legitimate and
you forgot something else, as in `\hbox{$x}'. In such cases
the way to recover is to insert both the forgotten and the
deleted material, e.g., by typing `I$}'.

./gateway_8hpp_source.tex:18: Extra }, or forgotten $.
\mbox  #1->\leavevmode \hbox {#1}
                                 
l.18 ...ad1747cca3d94eb719827bd9f2b}{InternalNIC}}
                                                  \ =\ \mbox{\hyperlink{clas...
I've deleted a group-closing symbol because it seems to be
spurious, as in `$x}$'. But perhaps the } is legitimate and
you forgot something else, as in `\hbox{$x}'. In such cases
the way to recover is to insert both the forgotten and the
deleted material, e.g., by typing `I$}'.

./gateway_8hpp_source.tex:18: Undefined control sequence.
<argument> \hyperlink 
                      {class_n_i_c}{NIC<ShmEngine>}
l.18 ...x{\hyperlink{class_n_i_c}{NIC<ShmEngine>}}
                                                  ;}
The control sequence at the end of the top line
of your error message was never \def'ed. If you have
misspelled it (e.g., `\hobx'), type `I' and the correct
spelling (e.g., `I\hbox'). Otherwise just continue,
and I'll forget about whatever was undefined.

Missing character: There is no c in font nullfont!
Missing character: There is no l in font nullfont!
Missing character: There is no a in font nullfont!
Missing character: There is no s in font nullfont!
Missing character: There is no s in font nullfont!
./gateway_8hpp_source.tex:18: Missing $ inserted.
<inserted text> 
                $
l.18 ...x{\hyperlink{class_n_i_c}{NIC<ShmEngine>}}
                                                  ;}
I've inserted a begin-math/end-math symbol since I think
you left one out. Proceed, with fingers crossed.

./gateway_8hpp_source.tex:18: Double subscript.
<argument> \hyperlink {class_n_
                               i_c}{NIC<ShmEngine>}
l.18 ...x{\hyperlink{class_n_i_c}{NIC<ShmEngine>}}
                                                  ;}
I treat `x_1_2' essentially like `x_1{}_2'.

./gateway_8hpp_source.tex:18: Double subscript.
<argument> \hyperlink {class_n_i_
                                 c}{NIC<ShmEngine>}
l.18 ...x{\hyperlink{class_n_i_c}{NIC<ShmEngine>}}
                                                  ;}
I treat `x_1_2' essentially like `x_1{}_2'.

./gateway_8hpp_source.tex:18: Extra }, or forgotten $.
<argument> \hyperlink {class_n_i_c}
                                   {NIC<ShmEngine>}
l.18 ...x{\hyperlink{class_n_i_c}{NIC<ShmEngine>}}
                                                  ;}
I've deleted a group-closing symbol because it seems to be
spurious, as in `$x}$'. But perhaps the } is legitimate and
you forgot something else, as in `\hbox{$x}'. In such cases
the way to recover is to insert both the forgotten and the
deleted material, e.g., by typing `I$}'.

./gateway_8hpp_source.tex:18: Extra }, or forgotten $.
\mbox  #1->\leavevmode \hbox {#1}
                                 
l.18 ...x{\hyperlink{class_n_i_c}{NIC<ShmEngine>}}
                                                  ;}
I've deleted a group-closing symbol because it seems to be
spurious, as in `$x}$'. But perhaps the } is legitimate and
you forgot something else, as in `\hbox{$x}'. In such cases
the way to recover is to insert both the forgotten and the
deleted material, e.g., by typing `I$}'.

./gateway_8hpp_source.tex:18: Extra }, or forgotten $.
l.18 ...\hyperlink{class_n_i_c}{NIC<ShmEngine>}};}
                                                  
I've deleted a group-closing symbol because it seems to be
spurious, as in `$x}$'. But perhaps the } is legitimate and
you forgot something else, as in `\hbox{$x}'. In such cases
the way to recover is to insert both the forgotten and the
deleted material, e.g., by typing `I$}'.

./gateway_8hpp_source.tex:19: Undefined control sequence.
l.19 \DoxyCodeLine
                  {00015\ }
The control sequence at the end of the top line
of your error message was never \def'ed. If you have
misspelled it (e.g., `\hobx'), type `I' and the correct
spelling (e.g., `I\hbox'). Otherwise just continue,
and I'll forget about whatever was undefined.

./gateway_8hpp_source.tex:20: Undefined control sequence.
l.20 \DoxyCodeLine
                  {00016\ \textcolor{comment}{//\ The\ NIC\ for\ external\ c...
The control sequence at the end of the top line
of your error message was never \def'ed. If you have
misspelled it (e.g., `\hobx'), type `I' and the correct
spelling (e.g., `I\hbox'). Otherwise just continue,
and I'll forget about whatever was undefined.

./gateway_8hpp_source.tex:20: Undefined control sequence.
l.20 \DoxyCodeLine{00016\ \textcolor
                                    {comment}{//\ The\ NIC\ for\ external\ c...
The control sequence at the end of the top line
of your error message was never \def'ed. If you have
misspelled it (e.g., `\hobx'), type `I' and the correct
spelling (e.g., `I\hbox'). Otherwise just continue,
and I'll forget about whatever was undefined.

./gateway_8hpp_source.tex:21: Undefined control sequence.
l.21 \DoxyCodeLine
                  {00017\ \textcolor{keyword}{using\ }\mbox{\hyperlink{gatew...
The control sequence at the end of the top line
of your error message was never \def'ed. If you have
misspelled it (e.g., `\hobx'), type `I' and the correct
spelling (e.g., `I\hbox'). Otherwise just continue,
and I'll forget about whatever was undefined.

./gateway_8hpp_source.tex:21: Undefined control sequence.
l.21 \DoxyCodeLine{00017\ \textcolor
                                    {keyword}{using\ }\mbox{\hyperlink{gatew...
The control sequence at the end of the top line
of your error message was never \def'ed. If you have
misspelled it (e.g., `\hobx'), type `I' and the correct
spelling (e.g., `I\hbox'). Otherwise just continue,
and I'll forget about whatever was undefined.

./gateway_8hpp_source.tex:21: Undefined control sequence.
<argument> \hyperlink 
                      {gateway_8hpp_acab094a2d5d5121c8bf41b6fd95c3621}{Exter...
l.21 ...4a2d5d5121c8bf41b6fd95c3621}{ExternalNIC}}
                                                  \ =\ \mbox{\hyperlink{clas...
The control sequence at the end of the top line
of your error message was never \def'ed. If you have
misspelled it (e.g., `\hobx'), type `I' and the correct
spelling (e.g., `I\hbox'). Otherwise just continue,
and I'll forget about whatever was undefined.

Missing character: There is no g in font nullfont!
Missing character: There is no a in font nullfont!
Missing character: There is no t in font nullfont!
Missing character: There is no e in font nullfont!
Missing character: There is no w in font nullfont!
Missing character: There is no a in font nullfont!
Missing character: There is no y in font nullfont!
./gateway_8hpp_source.tex:21: Missing $ inserted.
<inserted text> 
                $
l.21 ...4a2d5d5121c8bf41b6fd95c3621}{ExternalNIC}}
                                                  \ =\ \mbox{\hyperlink{clas...
I've inserted a begin-math/end-math symbol since I think
you left one out. Proceed, with fingers crossed.

./gateway_8hpp_source.tex:21: Extra }, or forgotten $.
<argument> ...p_acab094a2d5d5121c8bf41b6fd95c3621}
                                                  {ExternalNIC}
l.21 ...4a2d5d5121c8bf41b6fd95c3621}{ExternalNIC}}
                                                  \ =\ \mbox{\hyperlink{clas...
I've deleted a group-closing symbol because it seems to be
spurious, as in `$x}$'. But perhaps the } is legitimate and
you forgot something else, as in `\hbox{$x}'. In such cases
the way to recover is to insert both the forgotten and the
deleted material, e.g., by typing `I$}'.

./gateway_8hpp_source.tex:21: Extra }, or forgotten $.
\mbox  #1->\leavevmode \hbox {#1}
                                 
l.21 ...4a2d5d5121c8bf41b6fd95c3621}{ExternalNIC}}
                                                  \ =\ \mbox{\hyperlink{clas...
I've deleted a group-closing symbol because it seems to be
spurious, as in `$x}$'. But perhaps the } is legitimate and
you forgot something else, as in `\hbox{$x}'. In such cases
the way to recover is to insert both the forgotten and the
deleted material, e.g., by typing `I$}'.

./gateway_8hpp_source.tex:21: Undefined control sequence.
<argument> \hyperlink 
                      {class_n_i_c}{NIC<RawSocketEngine>}
l.21 ...erlink{class_n_i_c}{NIC<RawSocketEngine>}}
                                                  ;}
The control sequence at the end of the top line
of your error message was never \def'ed. If you have
misspelled it (e.g., `\hobx'), type `I' and the correct
spelling (e.g., `I\hbox'). Otherwise just continue,
and I'll forget about whatever was undefined.

Missing character: There is no c in font nullfont!
Missing character: There is no l in font nullfont!
Missing character: There is no a in font nullfont!
Missing character: There is no s in font nullfont!
Missing character: There is no s in font nullfont!
./gateway_8hpp_source.tex:21: Missing $ inserted.
<inserted text> 
                $
l.21 ...erlink{class_n_i_c}{NIC<RawSocketEngine>}}
                                                  ;}
I've inserted a begin-math/end-math symbol since I think
you left one out. Proceed, with fingers crossed.

./gateway_8hpp_source.tex:21: Double subscript.
<argument> \hyperlink {class_n_
                               i_c}{NIC<RawSocketEngine>}
l.21 ...erlink{class_n_i_c}{NIC<RawSocketEngine>}}
                                                  ;}
I treat `x_1_2' essentially like `x_1{}_2'.

./gateway_8hpp_source.tex:21: Double subscript.
<argument> \hyperlink {class_n_i_
                                 c}{NIC<RawSocketEngine>}
l.21 ...erlink{class_n_i_c}{NIC<RawSocketEngine>}}
                                                  ;}
I treat `x_1_2' essentially like `x_1{}_2'.

./gateway_8hpp_source.tex:21: Extra }, or forgotten $.
<argument> \hyperlink {class_n_i_c}
                                   {NIC<RawSocketEngine>}
l.21 ...erlink{class_n_i_c}{NIC<RawSocketEngine>}}
                                                  ;}
I've deleted a group-closing symbol because it seems to be
spurious, as in `$x}$'. But perhaps the } is legitimate and
you forgot something else, as in `\hbox{$x}'. In such cases
the way to recover is to insert both the forgotten and the
deleted material, e.g., by typing `I$}'.

./gateway_8hpp_source.tex:21: Extra }, or forgotten $.
\mbox  #1->\leavevmode \hbox {#1}
                                 
l.21 ...erlink{class_n_i_c}{NIC<RawSocketEngine>}}
                                                  ;}
I've deleted a group-closing symbol because it seems to be
spurious, as in `$x}$'. But perhaps the } is legitimate and
you forgot something else, as in `\hbox{$x}'. In such cases
the way to recover is to insert both the forgotten and the
deleted material, e.g., by typing `I$}'.

./gateway_8hpp_source.tex:21: Extra }, or forgotten $.
l.21 ...link{class_n_i_c}{NIC<RawSocketEngine>}};}
                                                  
I've deleted a group-closing symbol because it seems to be
spurious, as in `$x}$'. But perhaps the } is legitimate and
you forgot something else, as in `\hbox{$x}'. In such cases
the way to recover is to insert both the forgotten and the
deleted material, e.g., by typing `I$}'.

./gateway_8hpp_source.tex:22: Undefined control sequence.
l.22 \DoxyCodeLine
                  {00018\ }
The control sequence at the end of the top line
of your error message was never \def'ed. If you have
misspelled it (e.g., `\hobx'), type `I' and the correct
spelling (e.g., `I\hbox'). Otherwise just continue,
and I'll forget about whatever was undefined.

./gateway_8hpp_source.tex:23: Undefined control sequence.
l.23 \DoxyCodeLine
                  {00019\ \textcolor{comment}{//\ The\ special\ protocol\ th...
The control sequence at the end of the top line
of your error message was never \def'ed. If you have
misspelled it (e.g., `\hobx'), type `I' and the correct
spelling (e.g., `I\hbox'). Otherwise just continue,
and I'll forget about whatever was undefined.

./gateway_8hpp_source.tex:23: Undefined control sequence.
l.23 \DoxyCodeLine{00019\ \textcolor
                                    {comment}{//\ The\ special\ protocol\ th...
The control sequence at the end of the top line
of your error message was never \def'ed. If you have
misspelled it (e.g., `\hobx'), type `I' and the correct
spelling (e.g., `I\hbox'). Otherwise just continue,
and I'll forget about whatever was undefined.

./gateway_8hpp_source.tex:24: Undefined control sequence.
l.24 \DoxyCodeLine
                  {00020\ \textcolor{keyword}{using\ }\mbox{\hyperlink{gatew...
The control sequence at the end of the top line
of your error message was never \def'ed. If you have
misspelled it (e.g., `\hobx'), type `I' and the correct
spelling (e.g., `I\hbox'). Otherwise just continue,
and I'll forget about whatever was undefined.

./gateway_8hpp_source.tex:24: Undefined control sequence.
l.24 \DoxyCodeLine{00020\ \textcolor
                                    {keyword}{using\ }\mbox{\hyperlink{gatew...
The control sequence at the end of the top line
of your error message was never \def'ed. If you have
misspelled it (e.g., `\hobx'), type `I' and the correct
spelling (e.g., `I\hbox'). Otherwise just continue,
and I'll forget about whatever was undefined.

./gateway_8hpp_source.tex:24: Undefined control sequence.
<argument> \hyperlink 
                      {gateway_8hpp_ae475640a7bfa718db7362cdeead15370}{Gatew...
l.24 ...bfa718db7362cdeead15370}{GatewayProtocol}}
                                                  \ =\ \mbox{\hyperlink{clas...
The control sequence at the end of the top line
of your error message was never \def'ed. If you have
misspelled it (e.g., `\hobx'), type `I' and the correct
spelling (e.g., `I\hbox'). Otherwise just continue,
and I'll forget about whatever was undefined.

Missing character: There is no g in font nullfont!
Missing character: There is no a in font nullfont!
Missing character: There is no t in font nullfont!
Missing character: There is no e in font nullfont!
Missing character: There is no w in font nullfont!
Missing character: There is no a in font nullfont!
Missing character: There is no y in font nullfont!
./gateway_8hpp_source.tex:24: Missing $ inserted.
<inserted text> 
                $
l.24 ...bfa718db7362cdeead15370}{GatewayProtocol}}
                                                  \ =\ \mbox{\hyperlink{clas...
I've inserted a begin-math/end-math symbol since I think
you left one out. Proceed, with fingers crossed.

./gateway_8hpp_source.tex:24: Extra }, or forgotten $.
<argument> ...p_ae475640a7bfa718db7362cdeead15370}
                                                  {GatewayProtocol}
l.24 ...bfa718db7362cdeead15370}{GatewayProtocol}}
                                                  \ =\ \mbox{\hyperlink{clas...
I've deleted a group-closing symbol because it seems to be
spurious, as in `$x}$'. But perhaps the } is legitimate and
you forgot something else, as in `\hbox{$x}'. In such cases
the way to recover is to insert both the forgotten and the
deleted material, e.g., by typing `I$}'.

./gateway_8hpp_source.tex:24: Extra }, or forgotten $.
\mbox  #1->\leavevmode \hbox {#1}
                                 
l.24 ...bfa718db7362cdeead15370}{GatewayProtocol}}
                                                  \ =\ \mbox{\hyperlink{clas...
I've deleted a group-closing symbol because it seems to be
spurious, as in `$x}$'. But perhaps the } is legitimate and
you forgot something else, as in `\hbox{$x}'. In such cases
the way to recover is to insert both the forgotten and the
deleted material, e.g., by typing `I$}'.

./gateway_8hpp_source.tex:24: Undefined control sequence.
<argument> \hyperlink 
                      {class_protocol}{Protocol<InternalNIC,\ ExternalNIC>}
l.24 ...col}{Protocol<InternalNIC,\ ExternalNIC>}}
                                                  ;}
The control sequence at the end of the top line
of your error message was never \def'ed. If you have
misspelled it (e.g., `\hobx'), type `I' and the correct
spelling (e.g., `I\hbox'). Otherwise just continue,
and I'll forget about whatever was undefined.

Missing character: There is no c in font nullfont!
Missing character: There is no l in font nullfont!
Missing character: There is no a in font nullfont!
Missing character: There is no s in font nullfont!
Missing character: There is no s in font nullfont!
./gateway_8hpp_source.tex:24: Missing $ inserted.
<inserted text> 
                $
l.24 ...col}{Protocol<InternalNIC,\ ExternalNIC>}}
                                                  ;}
I've inserted a begin-math/end-math symbol since I think
you left one out. Proceed, with fingers crossed.

./gateway_8hpp_source.tex:24: Extra }, or forgotten $.
<argument> \hyperlink {class_protocol}
                                      {Protocol<InternalNIC,\ ExternalNIC>}
l.24 ...col}{Protocol<InternalNIC,\ ExternalNIC>}}
                                                  ;}
I've deleted a group-closing symbol because it seems to be
spurious, as in `$x}$'. But perhaps the } is legitimate and
you forgot something else, as in `\hbox{$x}'. In such cases
the way to recover is to insert both the forgotten and the
deleted material, e.g., by typing `I$}'.

./gateway_8hpp_source.tex:24: Extra }, or forgotten $.
\mbox  #1->\leavevmode \hbox {#1}
                                 
l.24 ...col}{Protocol<InternalNIC,\ ExternalNIC>}}
                                                  ;}
I've deleted a group-closing symbol because it seems to be
spurious, as in `$x}$'. But perhaps the } is legitimate and
you forgot something else, as in `\hbox{$x}'. In such cases
the way to recover is to insert both the forgotten and the
deleted material, e.g., by typing `I$}'.

./gateway_8hpp_source.tex:24: Extra }, or forgotten $.
l.24 ...l}{Protocol<InternalNIC,\ ExternalNIC>}};}
                                                  
(That makes 100 errors; please try again.) 
Here is how much of TeX's memory you used:
 18 strings out of 469269
 444 string characters out of 5467112
 434984 words of memory out of 5000000
 28550 multiletter control sequences out of 15000+600000
 626825 words of font info for 40 fonts, out of 8000000 for 9000
 319 hyphenation exceptions out of 8191
 18i,35n,19p,234b,235s stack positions out of 10000i,1000n,20000p,200000b,200000s

./gateway_8hpp_source.tex:24:  ==> Fatal error occurred, no output PDF file produced!
