This is pdfTeX, Version 3.141592653-2.6-1.40.28 (TeX Live 2025) (preloaded format=pdflatex 2025.9.24)  27 SEP 2025 21:22
entering extended mode
 \write18 enabled.
 file:line:error style messages enabled.
 %&-line parsing enabled.
**protocol_8hpp_source.tex
(./protocol_8hpp_source.tex
LaTeX2e <2025-06-01> patch level 1
L3 programming layer <2025-09-02>
./protocol_8hpp_source.tex:1: Undefined control sequence.
l.1 \doxysection
                {protocol.\+hpp}
The control sequence at the end of the top line
of your error message was never \def'ed. If you have
misspelled it (e.g., `\hobx'), type `I' and the correct
spelling (e.g., `I\hbox'). Otherwise just continue,
and I'll forget about whatever was undefined.


./protocol_8hpp_source.tex:1: LaTeX Error: Missing \begin{document}.

See the LaTeX manual or LaTeX Companion for explanation.
Type  H <return>  for immediate help.
 ...                                              
                                                  
l.1 \doxysection{p
                  rotocol.\+hpp}
You're in trouble here.  Try typing  <return>  to proceed.
If that doesn't work, type  X <return>  to quit.

Missing character: There is no p in font nullfont!
Missing character: There is no r in font nullfont!
Missing character: There is no o in font nullfont!
Missing character: There is no t in font nullfont!
Missing character: There is no o in font nullfont!
Missing character: There is no c in font nullfont!
Missing character: There is no o in font nullfont!
Missing character: There is no l in font nullfont!
Missing character: There is no . in font nullfont!
./protocol_8hpp_source.tex:1: Undefined control sequence.
l.1 \doxysection{protocol.\+
                            hpp}
The control sequence at the end of the top line
of your error message was never \def'ed. If you have
misspelled it (e.g., `\hobx'), type `I' and the correct
spelling (e.g., `I\hbox'). Otherwise just continue,
and I'll forget about whatever was undefined.

Missing character: There is no h in font nullfont!
Missing character: There is no p in font nullfont!
Missing character: There is no p in font nullfont!
./protocol_8hpp_source.tex:2: Undefined control sequence.
l.2 \hypertarget
                {protocol_8hpp_source}{}\label{protocol_8hpp_source}\index{s...
The control sequence at the end of the top line
of your error message was never \def'ed. If you have
misspelled it (e.g., `\hobx'), type `I' and the correct
spelling (e.g., `I\hbox'). Otherwise just continue,
and I'll forget about whatever was undefined.

Missing character: There is no p in font nullfont!
Missing character: There is no r in font nullfont!
Missing character: There is no o in font nullfont!
Missing character: There is no t in font nullfont!
Missing character: There is no o in font nullfont!
Missing character: There is no c in font nullfont!
Missing character: There is no o in font nullfont!
Missing character: There is no l in font nullfont!
./protocol_8hpp_source.tex:2: Missing $ inserted.
<inserted text> 
                $
l.2 \hypertarget{protocol_
                          8hpp_source}{}\label{protocol_8hpp_source}\index{s...
I've inserted a begin-math/end-math symbol since I think
you left one out. Proceed, with fingers crossed.

LaTeX Font Info:    External font `cmex10' loaded for size
(Font)              <7> on input line 2.
LaTeX Font Info:    External font `cmex10' loaded for size
(Font)              <5> on input line 2.
./protocol_8hpp_source.tex:2: Extra }, or forgotten $.
l.2 \hypertarget{protocol_8hpp_source}
                                      {}\label{protocol_8hpp_source}\index{s...
I've deleted a group-closing symbol because it seems to be
spurious, as in `$x}$'. But perhaps the } is legitimate and
you forgot something else, as in `\hbox{$x}'. In such cases
the way to recover is to insert both the forgotten and the
deleted material, e.g., by typing `I$}'.

./protocol_8hpp_source.tex:3: Undefined control sequence.
<argument> \hyperlink 
                      {protocol_8hpp}{Go to the documentation of this file.}
l.3 ...pp}{Go to the documentation of this file.}}
                                                  
The control sequence at the end of the top line
of your error message was never \def'ed. If you have
misspelled it (e.g., `\hobx'), type `I' and the correct
spelling (e.g., `I\hbox'). Otherwise just continue,
and I'll forget about whatever was undefined.

Missing character: There is no p in font nullfont!
Missing character: There is no r in font nullfont!
Missing character: There is no o in font nullfont!
Missing character: There is no t in font nullfont!
Missing character: There is no o in font nullfont!
Missing character: There is no c in font nullfont!
Missing character: There is no o in font nullfont!
Missing character: There is no l in font nullfont!
./protocol_8hpp_source.tex:3: Missing $ inserted.
<inserted text> 
                $
l.3 ...pp}{Go to the documentation of this file.}}
                                                  
I've inserted a begin-math/end-math symbol since I think
you left one out. Proceed, with fingers crossed.

./protocol_8hpp_source.tex:3: Extra }, or forgotten $.
<argument> \hyperlink {protocol_8hpp}
                                     {Go to the documentation of this file.}
l.3 ...pp}{Go to the documentation of this file.}}
                                                  
I've deleted a group-closing symbol because it seems to be
spurious, as in `$x}$'. But perhaps the } is legitimate and
you forgot something else, as in `\hbox{$x}'. In such cases
the way to recover is to insert both the forgotten and the
deleted material, e.g., by typing `I$}'.

./protocol_8hpp_source.tex:3: Extra }, or forgotten $.
\mbox  #1->\leavevmode \hbox {#1}
                                 
l.3 ...pp}{Go to the documentation of this file.}}
                                                  
I've deleted a group-closing symbol because it seems to be
spurious, as in `$x}$'. But perhaps the } is legitimate and
you forgot something else, as in `\hbox{$x}'. In such cases
the way to recover is to insert both the forgotten and the
deleted material, e.g., by typing `I$}'.


./protocol_8hpp_source.tex:4: LaTeX Error: Environment DoxyCode undefined.

See the LaTeX manual or LaTeX Companion for explanation.
Type  H <return>  for immediate help.
 ...                                              
                                                  
l.4 \begin{DoxyCode}
                    {0}
Your command was ignored.
Type  I <command> <return>  to replace it with another command,
or  <return>  to continue without it.

./protocol_8hpp_source.tex:5: Undefined control sequence.
l.5 \DoxyCodeLine
                 {00001\ \textcolor{preprocessor}{\#ifndef\ PROTOCOL\_HPP}}
The control sequence at the end of the top line
of your error message was never \def'ed. If you have
misspelled it (e.g., `\hobx'), type `I' and the correct
spelling (e.g., `I\hbox'). Otherwise just continue,
and I'll forget about whatever was undefined.

./protocol_8hpp_source.tex:5: Undefined control sequence.
l.5 \DoxyCodeLine{00001\ \textcolor
                                   {preprocessor}{\#ifndef\ PROTOCOL\_HPP}}
The control sequence at the end of the top line
of your error message was never \def'ed. If you have
misspelled it (e.g., `\hobx'), type `I' and the correct
spelling (e.g., `I\hbox'). Otherwise just continue,
and I'll forget about whatever was undefined.

./protocol_8hpp_source.tex:6: Undefined control sequence.
l.6 \DoxyCodeLine
                 {00002\ \textcolor{preprocessor}{\#define\ PROTOCOL\_HPP}}
The control sequence at the end of the top line
of your error message was never \def'ed. If you have
misspelled it (e.g., `\hobx'), type `I' and the correct
spelling (e.g., `I\hbox'). Otherwise just continue,
and I'll forget about whatever was undefined.

./protocol_8hpp_source.tex:6: Undefined control sequence.
l.6 \DoxyCodeLine{00002\ \textcolor
                                   {preprocessor}{\#define\ PROTOCOL\_HPP}}
The control sequence at the end of the top line
of your error message was never \def'ed. If you have
misspelled it (e.g., `\hobx'), type `I' and the correct
spelling (e.g., `I\hbox'). Otherwise just continue,
and I'll forget about whatever was undefined.

./protocol_8hpp_source.tex:7: Undefined control sequence.
l.7 \DoxyCodeLine
                 {00003\ }
The control sequence at the end of the top line
of your error message was never \def'ed. If you have
misspelled it (e.g., `\hobx'), type `I' and the correct
spelling (e.g., `I\hbox'). Otherwise just continue,
and I'll forget about whatever was undefined.

./protocol_8hpp_source.tex:8: Undefined control sequence.
l.8 \DoxyCodeLine
                 {00004\ \textcolor{preprocessor}{\#include\ "{}\mbox{\hyper...
The control sequence at the end of the top line
of your error message was never \def'ed. If you have
misspelled it (e.g., `\hobx'), type `I' and the correct
spelling (e.g., `I\hbox'). Otherwise just continue,
and I'll forget about whatever was undefined.

./protocol_8hpp_source.tex:8: Undefined control sequence.
l.8 \DoxyCodeLine{00004\ \textcolor
                                   {preprocessor}{\#include\ "{}\mbox{\hyper...
The control sequence at the end of the top line
of your error message was never \def'ed. If you have
misspelled it (e.g., `\hobx'), type `I' and the correct
spelling (e.g., `I\hbox'). Otherwise just continue,
and I'll forget about whatever was undefined.

./protocol_8hpp_source.tex:8: Undefined control sequence.
<argument> \hyperlink 
                      {address_8hpp}{api/network/definitions/address.hpp}
l.8 ...8hpp}{api/network/definitions/address.hpp}}
                                                  "{}}}
The control sequence at the end of the top line
of your error message was never \def'ed. If you have
misspelled it (e.g., `\hobx'), type `I' and the correct
spelling (e.g., `I\hbox'). Otherwise just continue,
and I'll forget about whatever was undefined.

Missing character: There is no a in font nullfont!
Missing character: There is no d in font nullfont!
Missing character: There is no d in font nullfont!
Missing character: There is no r in font nullfont!
Missing character: There is no e in font nullfont!
Missing character: There is no s in font nullfont!
Missing character: There is no s in font nullfont!
./protocol_8hpp_source.tex:8: Missing $ inserted.
<inserted text> 
                $
l.8 ...8hpp}{api/network/definitions/address.hpp}}
                                                  "{}}}
I've inserted a begin-math/end-math symbol since I think
you left one out. Proceed, with fingers crossed.

./protocol_8hpp_source.tex:8: Extra }, or forgotten $.
<argument> \hyperlink {address_8hpp}
                                    {api/network/definitions/address.hpp}
l.8 ...8hpp}{api/network/definitions/address.hpp}}
                                                  "{}}}
I've deleted a group-closing symbol because it seems to be
spurious, as in `$x}$'. But perhaps the } is legitimate and
you forgot something else, as in `\hbox{$x}'. In such cases
the way to recover is to insert both the forgotten and the
deleted material, e.g., by typing `I$}'.

./protocol_8hpp_source.tex:8: Extra }, or forgotten $.
\mbox  #1->\leavevmode \hbox {#1}
                                 
l.8 ...8hpp}{api/network/definitions/address.hpp}}
                                                  "{}}}
I've deleted a group-closing symbol because it seems to be
spurious, as in `$x}$'. But perhaps the } is legitimate and
you forgot something else, as in `\hbox{$x}'. In such cases
the way to recover is to insert both the forgotten and the
deleted material, e.g., by typing `I$}'.

./protocol_8hpp_source.tex:8: Extra }, or forgotten $.
l.8 ...}{api/network/definitions/address.hpp}}"{}}
                                                  }
I've deleted a group-closing symbol because it seems to be
spurious, as in `$x}$'. But perhaps the } is legitimate and
you forgot something else, as in `\hbox{$x}'. In such cases
the way to recover is to insert both the forgotten and the
deleted material, e.g., by typing `I$}'.

./protocol_8hpp_source.tex:8: Extra }, or forgotten $.
l.8 ...{api/network/definitions/address.hpp}}"{}}}
                                                  
I've deleted a group-closing symbol because it seems to be
spurious, as in `$x}$'. But perhaps the } is legitimate and
you forgot something else, as in `\hbox{$x}'. In such cases
the way to recover is to insert both the forgotten and the
deleted material, e.g., by typing `I$}'.

./protocol_8hpp_source.tex:9: Undefined control sequence.
l.9 \DoxyCodeLine
                 {00005\ \textcolor{preprocessor}{\#include\ "{}\mbox{\hyper...
The control sequence at the end of the top line
of your error message was never \def'ed. If you have
misspelled it (e.g., `\hobx'), type `I' and the correct
spelling (e.g., `I\hbox'). Otherwise just continue,
and I'll forget about whatever was undefined.

./protocol_8hpp_source.tex:9: Undefined control sequence.
l.9 \DoxyCodeLine{00005\ \textcolor
                                   {preprocessor}{\#include\ "{}\mbox{\hyper...
The control sequence at the end of the top line
of your error message was never \def'ed. If you have
misspelled it (e.g., `\hobx'), type `I' and the correct
spelling (e.g., `I\hbox'). Otherwise just continue,
and I'll forget about whatever was undefined.

./protocol_8hpp_source.tex:9: Undefined control sequence.
<argument> \hyperlink 
                      {traits_8hpp}{api/network/definitions/traits.hpp}
l.9 ..._8hpp}{api/network/definitions/traits.hpp}}
                                                  "{}}}
The control sequence at the end of the top line
of your error message was never \def'ed. If you have
misspelled it (e.g., `\hobx'), type `I' and the correct
spelling (e.g., `I\hbox'). Otherwise just continue,
and I'll forget about whatever was undefined.

Missing character: There is no t in font nullfont!
Missing character: There is no r in font nullfont!
Missing character: There is no a in font nullfont!
Missing character: There is no i in font nullfont!
Missing character: There is no t in font nullfont!
Missing character: There is no s in font nullfont!
./protocol_8hpp_source.tex:9: Missing $ inserted.
<inserted text> 
                $
l.9 ..._8hpp}{api/network/definitions/traits.hpp}}
                                                  "{}}}
I've inserted a begin-math/end-math symbol since I think
you left one out. Proceed, with fingers crossed.

./protocol_8hpp_source.tex:9: Extra }, or forgotten $.
<argument> \hyperlink {traits_8hpp}
                                   {api/network/definitions/traits.hpp}
l.9 ..._8hpp}{api/network/definitions/traits.hpp}}
                                                  "{}}}
I've deleted a group-closing symbol because it seems to be
spurious, as in `$x}$'. But perhaps the } is legitimate and
you forgot something else, as in `\hbox{$x}'. In such cases
the way to recover is to insert both the forgotten and the
deleted material, e.g., by typing `I$}'.

./protocol_8hpp_source.tex:9: Extra }, or forgotten $.
\mbox  #1->\leavevmode \hbox {#1}
                                 
l.9 ..._8hpp}{api/network/definitions/traits.hpp}}
                                                  "{}}}
I've deleted a group-closing symbol because it seems to be
spurious, as in `$x}$'. But perhaps the } is legitimate and
you forgot something else, as in `\hbox{$x}'. In such cases
the way to recover is to insert both the forgotten and the
deleted material, e.g., by typing `I$}'.

./protocol_8hpp_source.tex:9: Extra }, or forgotten $.
l.9 ...p}{api/network/definitions/traits.hpp}}"{}}
                                                  }
I've deleted a group-closing symbol because it seems to be
spurious, as in `$x}$'. But perhaps the } is legitimate and
you forgot something else, as in `\hbox{$x}'. In such cases
the way to recover is to insert both the forgotten and the
deleted material, e.g., by typing `I$}'.

./protocol_8hpp_source.tex:9: Extra }, or forgotten $.
l.9 ...}{api/network/definitions/traits.hpp}}"{}}}
                                                  
I've deleted a group-closing symbol because it seems to be
spurious, as in `$x}$'. But perhaps the } is legitimate and
you forgot something else, as in `\hbox{$x}'. In such cases
the way to recover is to insert both the forgotten and the
deleted material, e.g., by typing `I$}'.

./protocol_8hpp_source.tex:10: Undefined control sequence.
l.10 \DoxyCodeLine
                  {00006\ \textcolor{preprocessor}{\#include\ "{}\mbox{\hype...
The control sequence at the end of the top line
of your error message was never \def'ed. If you have
misspelled it (e.g., `\hobx'), type `I' and the correct
spelling (e.g., `I\hbox'). Otherwise just continue,
and I'll forget about whatever was undefined.

./protocol_8hpp_source.tex:10: Undefined control sequence.
l.10 \DoxyCodeLine{00006\ \textcolor
                                    {preprocessor}{\#include\ "{}\mbox{\hype...
The control sequence at the end of the top line
of your error message was never \def'ed. If you have
misspelled it (e.g., `\hobx'), type `I' and the correct
spelling (e.g., `I\hbox'). Otherwise just continue,
and I'll forget about whatever was undefined.

./protocol_8hpp_source.tex:10: Undefined control sequence.
<argument> \hyperlink 
                      {nic_8hpp}{api/network/nic.hpp}
l.10 ...\hyperlink{nic_8hpp}{api/network/nic.hpp}}
                                                  "{}}}
The control sequence at the end of the top line
of your error message was never \def'ed. If you have
misspelled it (e.g., `\hobx'), type `I' and the correct
spelling (e.g., `I\hbox'). Otherwise just continue,
and I'll forget about whatever was undefined.

Missing character: There is no n in font nullfont!
Missing character: There is no i in font nullfont!
Missing character: There is no c in font nullfont!
./protocol_8hpp_source.tex:10: Missing $ inserted.
<inserted text> 
                $
l.10 ...\hyperlink{nic_8hpp}{api/network/nic.hpp}}
                                                  "{}}}
I've inserted a begin-math/end-math symbol since I think
you left one out. Proceed, with fingers crossed.

./protocol_8hpp_source.tex:10: Extra }, or forgotten $.
<argument> \hyperlink {nic_8hpp}
                                {api/network/nic.hpp}
l.10 ...\hyperlink{nic_8hpp}{api/network/nic.hpp}}
                                                  "{}}}
I've deleted a group-closing symbol because it seems to be
spurious, as in `$x}$'. But perhaps the } is legitimate and
you forgot something else, as in `\hbox{$x}'. In such cases
the way to recover is to insert both the forgotten and the
deleted material, e.g., by typing `I$}'.

./protocol_8hpp_source.tex:10: Extra }, or forgotten $.
\mbox  #1->\leavevmode \hbox {#1}
                                 
l.10 ...\hyperlink{nic_8hpp}{api/network/nic.hpp}}
                                                  "{}}}
I've deleted a group-closing symbol because it seems to be
spurious, as in `$x}$'. But perhaps the } is legitimate and
you forgot something else, as in `\hbox{$x}'. In such cases
the way to recover is to insert both the forgotten and the
deleted material, e.g., by typing `I$}'.

./protocol_8hpp_source.tex:10: Extra }, or forgotten $.
l.10 ...erlink{nic_8hpp}{api/network/nic.hpp}}"{}}
                                                  }
I've deleted a group-closing symbol because it seems to be
spurious, as in `$x}$'. But perhaps the } is legitimate and
you forgot something else, as in `\hbox{$x}'. In such cases
the way to recover is to insert both the forgotten and the
deleted material, e.g., by typing `I$}'.

./protocol_8hpp_source.tex:10: Extra }, or forgotten $.
l.10 ...rlink{nic_8hpp}{api/network/nic.hpp}}"{}}}
                                                  
I've deleted a group-closing symbol because it seems to be
spurious, as in `$x}$'. But perhaps the } is legitimate and
you forgot something else, as in `\hbox{$x}'. In such cases
the way to recover is to insert both the forgotten and the
deleted material, e.g., by typing `I$}'.

./protocol_8hpp_source.tex:11: Undefined control sequence.
l.11 \DoxyCodeLine
                  {00007\ \textcolor{preprocessor}{\#include\ "{}\mbox{\hype...
The control sequence at the end of the top line
of your error message was never \def'ed. If you have
misspelled it (e.g., `\hobx'), type `I' and the correct
spelling (e.g., `I\hbox'). Otherwise just continue,
and I'll forget about whatever was undefined.

./protocol_8hpp_source.tex:11: Undefined control sequence.
l.11 \DoxyCodeLine{00007\ \textcolor
                                    {preprocessor}{\#include\ "{}\mbox{\hype...
The control sequence at the end of the top line
of your error message was never \def'ed. If you have
misspelled it (e.g., `\hobx'), type `I' and the correct
spelling (e.g., `I\hbox'). Otherwise just continue,
and I'll forget about whatever was undefined.

./protocol_8hpp_source.tex:11: Undefined control sequence.
<argument> \hyperlink 
                      {buffer_8hpp}{api/network/definitions/buffer.hpp}
l.11 ...8hpp}{api/network/definitions/buffer.hpp}}
                                                  "{}}}
The control sequence at the end of the top line
of your error message was never \def'ed. If you have
misspelled it (e.g., `\hobx'), type `I' and the correct
spelling (e.g., `I\hbox'). Otherwise just continue,
and I'll forget about whatever was undefined.

Missing character: There is no b in font nullfont!
Missing character: There is no u in font nullfont!
Missing character: There is no f in font nullfont!
Missing character: There is no f in font nullfont!
Missing character: There is no e in font nullfont!
Missing character: There is no r in font nullfont!
./protocol_8hpp_source.tex:11: Missing $ inserted.
<inserted text> 
                $
l.11 ...8hpp}{api/network/definitions/buffer.hpp}}
                                                  "{}}}
I've inserted a begin-math/end-math symbol since I think
you left one out. Proceed, with fingers crossed.

./protocol_8hpp_source.tex:11: Extra }, or forgotten $.
<argument> \hyperlink {buffer_8hpp}
                                   {api/network/definitions/buffer.hpp}
l.11 ...8hpp}{api/network/definitions/buffer.hpp}}
                                                  "{}}}
I've deleted a group-closing symbol because it seems to be
spurious, as in `$x}$'. But perhaps the } is legitimate and
you forgot something else, as in `\hbox{$x}'. In such cases
the way to recover is to insert both the forgotten and the
deleted material, e.g., by typing `I$}'.

./protocol_8hpp_source.tex:11: Extra }, or forgotten $.
\mbox  #1->\leavevmode \hbox {#1}
                                 
l.11 ...8hpp}{api/network/definitions/buffer.hpp}}
                                                  "{}}}
I've deleted a group-closing symbol because it seems to be
spurious, as in `$x}$'. But perhaps the } is legitimate and
you forgot something else, as in `\hbox{$x}'. In such cases
the way to recover is to insert both the forgotten and the
deleted material, e.g., by typing `I$}'.

./protocol_8hpp_source.tex:11: Extra }, or forgotten $.
l.11 ...}{api/network/definitions/buffer.hpp}}"{}}
                                                  }
I've deleted a group-closing symbol because it seems to be
spurious, as in `$x}$'. But perhaps the } is legitimate and
you forgot something else, as in `\hbox{$x}'. In such cases
the way to recover is to insert both the forgotten and the
deleted material, e.g., by typing `I$}'.

./protocol_8hpp_source.tex:11: Extra }, or forgotten $.
l.11 ...{api/network/definitions/buffer.hpp}}"{}}}
                                                  
I've deleted a group-closing symbol because it seems to be
spurious, as in `$x}$'. But perhaps the } is legitimate and
you forgot something else, as in `\hbox{$x}'. In such cases
the way to recover is to insert both the forgotten and the
deleted material, e.g., by typing `I$}'.

./protocol_8hpp_source.tex:12: Undefined control sequence.
l.12 \DoxyCodeLine
                  {00008\ \textcolor{preprocessor}{\#include\ "{}\mbox{\hype...
The control sequence at the end of the top line
of your error message was never \def'ed. If you have
misspelled it (e.g., `\hobx'), type `I' and the correct
spelling (e.g., `I\hbox'). Otherwise just continue,
and I'll forget about whatever was undefined.

./protocol_8hpp_source.tex:12: Undefined control sequence.
l.12 \DoxyCodeLine{00008\ \textcolor
                                    {preprocessor}{\#include\ "{}\mbox{\hype...
The control sequence at the end of the top line
of your error message was never \def'ed. If you have
misspelled it (e.g., `\hobx'), type `I' and the correct
spelling (e.g., `I\hbox'). Otherwise just continue,
and I'll forget about whatever was undefined.

./protocol_8hpp_source.tex:12: Undefined control sequence.
<argument> \hyperlink 
                      {conditionally__data__observed_8h}{api/observer/condit...
l.12 ...observer/conditionally\_data\_observed.h}}
                                                  "{}}}
The control sequence at the end of the top line
of your error message was never \def'ed. If you have
misspelled it (e.g., `\hobx'), type `I' and the correct
spelling (e.g., `I\hbox'). Otherwise just continue,
and I'll forget about whatever was undefined.

Missing character: There is no c in font nullfont!
Missing character: There is no o in font nullfont!
Missing character: There is no n in font nullfont!
Missing character: There is no d in font nullfont!
Missing character: There is no i in font nullfont!
Missing character: There is no t in font nullfont!
Missing character: There is no i in font nullfont!
Missing character: There is no o in font nullfont!
Missing character: There is no n in font nullfont!
Missing character: There is no a in font nullfont!
Missing character: There is no l in font nullfont!
Missing character: There is no l in font nullfont!
Missing character: There is no y in font nullfont!
./protocol_8hpp_source.tex:12: Missing $ inserted.
<inserted text> 
                $
l.12 ...observer/conditionally\_data\_observed.h}}
                                                  "{}}}
I've inserted a begin-math/end-math symbol since I think
you left one out. Proceed, with fingers crossed.

./protocol_8hpp_source.tex:12: Missing { inserted.
<to be read again> 
                   _
l.12 ...observer/conditionally\_data\_observed.h}}
                                                  "{}}}
A left brace was mandatory here, so I've put one in.
You might want to delete and/or insert some corrections
so that I will find a matching right brace soon.
(If you're confused by all this, try typing `I}' now.)

./protocol_8hpp_source.tex:12: Missing { inserted.
<to be read again> 
                   _
l.12 ...observer/conditionally\_data\_observed.h}}
                                                  "{}}}
A left brace was mandatory here, so I've put one in.
You might want to delete and/or insert some corrections
so that I will find a matching right brace soon.
(If you're confused by all this, try typing `I}' now.)

./protocol_8hpp_source.tex:12: Extra }, or forgotten $.
l.12 ...rver/conditionally\_data\_observed.h}}"{}}
                                                  }
I've deleted a group-closing symbol because it seems to be
spurious, as in `$x}$'. But perhaps the } is legitimate and
you forgot something else, as in `\hbox{$x}'. In such cases
the way to recover is to insert both the forgotten and the
deleted material, e.g., by typing `I$}'.

./protocol_8hpp_source.tex:12: Extra }, or forgotten $.
l.12 ...ver/conditionally\_data\_observed.h}}"{}}}
                                                  
I've deleted a group-closing symbol because it seems to be
spurious, as in `$x}$'. But perhaps the } is legitimate and
you forgot something else, as in `\hbox{$x}'. In such cases
the way to recover is to insert both the forgotten and the
deleted material, e.g., by typing `I$}'.

./protocol_8hpp_source.tex:13: Undefined control sequence.
l.13 \DoxyCodeLine
                  {00009\ \textcolor{preprocessor}{\#include\ "{}\mbox{\hype...
The control sequence at the end of the top line
of your error message was never \def'ed. If you have
misspelled it (e.g., `\hobx'), type `I' and the correct
spelling (e.g., `I\hbox'). Otherwise just continue,
and I'll forget about whatever was undefined.

./protocol_8hpp_source.tex:13: Undefined control sequence.
l.13 \DoxyCodeLine{00009\ \textcolor
                                    {preprocessor}{\#include\ "{}\mbox{\hype...
The control sequence at the end of the top line
of your error message was never \def'ed. If you have
misspelled it (e.g., `\hobx'), type `I' and the correct
spelling (e.g., `I\hbox'). Otherwise just continue,
and I'll forget about whatever was undefined.

./protocol_8hpp_source.tex:13: Undefined control sequence.
<argument> \hyperlink 
                      {conditional__data__observer_8hpp}{api/observer/condit...
l.13 ...observer/conditional\_data\_observer.hpp}}
                                                  "{}}}
The control sequence at the end of the top line
of your error message was never \def'ed. If you have
misspelled it (e.g., `\hobx'), type `I' and the correct
spelling (e.g., `I\hbox'). Otherwise just continue,
and I'll forget about whatever was undefined.

Missing character: There is no c in font nullfont!
Missing character: There is no o in font nullfont!
Missing character: There is no n in font nullfont!
Missing character: There is no d in font nullfont!
Missing character: There is no i in font nullfont!
Missing character: There is no t in font nullfont!
Missing character: There is no i in font nullfont!
Missing character: There is no o in font nullfont!
Missing character: There is no n in font nullfont!
Missing character: There is no a in font nullfont!
Missing character: There is no l in font nullfont!
./protocol_8hpp_source.tex:13: Missing $ inserted.
<inserted text> 
                $
l.13 ...observer/conditional\_data\_observer.hpp}}
                                                  "{}}}
I've inserted a begin-math/end-math symbol since I think
you left one out. Proceed, with fingers crossed.

./protocol_8hpp_source.tex:13: Missing { inserted.
<to be read again> 
                   _
l.13 ...observer/conditional\_data\_observer.hpp}}
                                                  "{}}}
A left brace was mandatory here, so I've put one in.
You might want to delete and/or insert some corrections
so that I will find a matching right brace soon.
(If you're confused by all this, try typing `I}' now.)

./protocol_8hpp_source.tex:13: Missing { inserted.
<to be read again> 
                   _
l.13 ...observer/conditional\_data\_observer.hpp}}
                                                  "{}}}
A left brace was mandatory here, so I've put one in.
You might want to delete and/or insert some corrections
so that I will find a matching right brace soon.
(If you're confused by all this, try typing `I}' now.)

./protocol_8hpp_source.tex:13: Extra }, or forgotten $.
l.13 ...rver/conditional\_data\_observer.hpp}}"{}}
                                                  }
I've deleted a group-closing symbol because it seems to be
spurious, as in `$x}$'. But perhaps the } is legitimate and
you forgot something else, as in `\hbox{$x}'. In such cases
the way to recover is to insert both the forgotten and the
deleted material, e.g., by typing `I$}'.

./protocol_8hpp_source.tex:13: Extra }, or forgotten $.
l.13 ...ver/conditional\_data\_observer.hpp}}"{}}}
                                                  
I've deleted a group-closing symbol because it seems to be
spurious, as in `$x}$'. But perhaps the } is legitimate and
you forgot something else, as in `\hbox{$x}'. In such cases
the way to recover is to insert both the forgotten and the
deleted material, e.g., by typing `I$}'.

./protocol_8hpp_source.tex:14: Undefined control sequence.
l.14 \DoxyCodeLine
                  {00010\ }
The control sequence at the end of the top line
of your error message was never \def'ed. If you have
misspelled it (e.g., `\hobx'), type `I' and the correct
spelling (e.g., `I\hbox'). Otherwise just continue,
and I'll forget about whatever was undefined.

./protocol_8hpp_source.tex:15: Undefined control sequence.
l.15 \DoxyCodeLine
                  {00011\ }
The control sequence at the end of the top line
of your error message was never \def'ed. If you have
misspelled it (e.g., `\hobx'), type `I' and the correct
spelling (e.g., `I\hbox'). Otherwise just continue,
and I'll forget about whatever was undefined.

./protocol_8hpp_source.tex:16: Undefined control sequence.
l.16 \DoxyCodeLine
                  {00012\ \textcolor{keyword}{template}<\textcolor{keyword}{...
The control sequence at the end of the top line
of your error message was never \def'ed. If you have
misspelled it (e.g., `\hobx'), type `I' and the correct
spelling (e.g., `I\hbox'). Otherwise just continue,
and I'll forget about whatever was undefined.

./protocol_8hpp_source.tex:16: Undefined control sequence.
l.16 \DoxyCodeLine{00012\ \textcolor
                                    {keyword}{template}<\textcolor{keyword}{...
The control sequence at the end of the top line
of your error message was never \def'ed. If you have
misspelled it (e.g., `\hobx'), type `I' and the correct
spelling (e.g., `I\hbox'). Otherwise just continue,
and I'll forget about whatever was undefined.

./protocol_8hpp_source.tex:16: Undefined control sequence.
l.16 ...\ \textcolor{keyword}{template}<\textcolor
                                                  {keyword}{typename}\ Engin...
The control sequence at the end of the top line
of your error message was never \def'ed. If you have
misspelled it (e.g., `\hobx'), type `I' and the correct
spelling (e.g., `I\hbox'). Otherwise just continue,
and I'll forget about whatever was undefined.

./protocol_8hpp_source.tex:16: Undefined control sequence.
l.16 ...or{keyword}{typename}\ Engine>\ \textcolor
                                                  {keyword}{class\ }\mbox{\h...
The control sequence at the end of the top line
of your error message was never \def'ed. If you have
misspelled it (e.g., `\hobx'), type `I' and the correct
spelling (e.g., `I\hbox'). Otherwise just continue,
and I'll forget about whatever was undefined.

./protocol_8hpp_source.tex:16: Undefined control sequence.
<argument> \hyperlink 
                      {class_n_i_c}{NIC}
l.16 ...lass\ }\mbox{\hyperlink{class_n_i_c}{NIC}}
                                                  ;}
The control sequence at the end of the top line
of your error message was never \def'ed. If you have
misspelled it (e.g., `\hobx'), type `I' and the correct
spelling (e.g., `I\hbox'). Otherwise just continue,
and I'll forget about whatever was undefined.

Missing character: There is no c in font nullfont!
Missing character: There is no l in font nullfont!
Missing character: There is no a in font nullfont!
Missing character: There is no s in font nullfont!
Missing character: There is no s in font nullfont!
./protocol_8hpp_source.tex:16: Missing $ inserted.
<inserted text> 
                $
l.16 ...lass\ }\mbox{\hyperlink{class_n_i_c}{NIC}}
                                                  ;}
I've inserted a begin-math/end-math symbol since I think
you left one out. Proceed, with fingers crossed.

./protocol_8hpp_source.tex:16: Double subscript.
<argument> \hyperlink {class_n_
                               i_c}{NIC}
l.16 ...lass\ }\mbox{\hyperlink{class_n_i_c}{NIC}}
                                                  ;}
I treat `x_1_2' essentially like `x_1{}_2'.

./protocol_8hpp_source.tex:16: Double subscript.
<argument> \hyperlink {class_n_i_
                                 c}{NIC}
l.16 ...lass\ }\mbox{\hyperlink{class_n_i_c}{NIC}}
                                                  ;}
I treat `x_1_2' essentially like `x_1{}_2'.

./protocol_8hpp_source.tex:16: Extra }, or forgotten $.
<argument> \hyperlink {class_n_i_c}
                                   {NIC}
l.16 ...lass\ }\mbox{\hyperlink{class_n_i_c}{NIC}}
                                                  ;}
I've deleted a group-closing symbol because it seems to be
spurious, as in `$x}$'. But perhaps the } is legitimate and
you forgot something else, as in `\hbox{$x}'. In such cases
the way to recover is to insert both the forgotten and the
deleted material, e.g., by typing `I$}'.

./protocol_8hpp_source.tex:16: Extra }, or forgotten $.
\mbox  #1->\leavevmode \hbox {#1}
                                 
l.16 ...lass\ }\mbox{\hyperlink{class_n_i_c}{NIC}}
                                                  ;}
I've deleted a group-closing symbol because it seems to be
spurious, as in `$x}$'. But perhaps the } is legitimate and
you forgot something else, as in `\hbox{$x}'. In such cases
the way to recover is to insert both the forgotten and the
deleted material, e.g., by typing `I$}'.

./protocol_8hpp_source.tex:16: Extra }, or forgotten $.
l.16 ...ss\ }\mbox{\hyperlink{class_n_i_c}{NIC}};}
                                                  
I've deleted a group-closing symbol because it seems to be
spurious, as in `$x}$'. But perhaps the } is legitimate and
you forgot something else, as in `\hbox{$x}'. In such cases
the way to recover is to insert both the forgotten and the
deleted material, e.g., by typing `I$}'.

./protocol_8hpp_source.tex:17: Undefined control sequence.
l.17 \DoxyCodeLine
                  {00013\ }
The control sequence at the end of the top line
of your error message was never \def'ed. If you have
misspelled it (e.g., `\hobx'), type `I' and the correct
spelling (e.g., `I\hbox'). Otherwise just continue,
and I'll forget about whatever was undefined.

./protocol_8hpp_source.tex:18: Undefined control sequence.
l.18 \DoxyCodeLine
                  {00021\ \textcolor{keyword}{template}\ <\textcolor{keyword...
The control sequence at the end of the top line
of your error message was never \def'ed. If you have
misspelled it (e.g., `\hobx'), type `I' and the correct
spelling (e.g., `I\hbox'). Otherwise just continue,
and I'll forget about whatever was undefined.

./protocol_8hpp_source.tex:18: Undefined control sequence.
l.18 \DoxyCodeLine{00021\ \textcolor
                                    {keyword}{template}\ <\textcolor{keyword...
The control sequence at the end of the top line
of your error message was never \def'ed. If you have
misspelled it (e.g., `\hobx'), type `I' and the correct
spelling (e.g., `I\hbox'). Otherwise just continue,
and I'll forget about whatever was undefined.

./protocol_8hpp_source.tex:18: Undefined control sequence.
l.18 ...\textcolor{keyword}{template}\ <\textcolor
                                                  {keyword}{typename}\ Local...
The control sequence at the end of the top line
of your error message was never \def'ed. If you have
misspelled it (e.g., `\hobx'), type `I' and the correct
spelling (e.g., `I\hbox'). Otherwise just continue,
and I'll forget about whatever was undefined.

./protocol_8hpp_source.tex:18: Undefined control sequence.
l.18 ...{keyword}{typename}\ LocalNIC,\ \textcolor
                                                  {keyword}{typename}\ Exter...
The control sequence at the end of the top line
of your error message was never \def'ed. If you have
misspelled it (e.g., `\hobx'), type `I' and the correct
spelling (e.g., `I\hbox'). Otherwise just continue,
and I'll forget about whatever was undefined.

./protocol_8hpp_source.tex:18: Undefined control sequence.
l.18 ...ord}{typename}\ ExternalNIC\ =\ \textcolor
                                                  {keywordtype}{void}>}
The control sequence at the end of the top line
of your error message was never \def'ed. If you have
misspelled it (e.g., `\hobx'), type `I' and the correct
spelling (e.g., `I\hbox'). Otherwise just continue,
and I'll forget about whatever was undefined.

./protocol_8hpp_source.tex:19: Undefined control sequence.
l.19 \DoxyCodeLine
                  {00022\ \textcolor{keyword}{class\ }\mbox{\hyperlink{class...
The control sequence at the end of the top line
of your error message was never \def'ed. If you have
misspelled it (e.g., `\hobx'), type `I' and the correct
spelling (e.g., `I\hbox'). Otherwise just continue,
and I'll forget about whatever was undefined.

./protocol_8hpp_source.tex:19: Undefined control sequence.
l.19 \DoxyCodeLine{00022\ \textcolor
                                    {keyword}{class\ }\mbox{\hyperlink{class...
The control sequence at the end of the top line
of your error message was never \def'ed. If you have
misspelled it (e.g., `\hobx'), type `I' and the correct
spelling (e.g., `I\hbox'). Otherwise just continue,
and I'll forget about whatever was undefined.

./protocol_8hpp_source.tex:19: Undefined control sequence.
<argument> \hyperlink 
                      {class_protocol_a6c3db7f7e51fe1b3349ffd4679239772}{Pro...
l.19 ...3db7f7e51fe1b3349ffd4679239772}{Protocol}}
                                                  \ :\ \textcolor{keyword}{p...
The control sequence at the end of the top line
of your error message was never \def'ed. If you have
misspelled it (e.g., `\hobx'), type `I' and the correct
spelling (e.g., `I\hbox'). Otherwise just continue,
and I'll forget about whatever was undefined.

Missing character: There is no c in font nullfont!
Missing character: There is no l in font nullfont!
Missing character: There is no a in font nullfont!
Missing character: There is no s in font nullfont!
Missing character: There is no s in font nullfont!
./protocol_8hpp_source.tex:19: Missing $ inserted.
<inserted text> 
                $
l.19 ...3db7f7e51fe1b3349ffd4679239772}{Protocol}}
                                                  \ :\ \textcolor{keyword}{p...
I've inserted a begin-math/end-math symbol since I think
you left one out. Proceed, with fingers crossed.

./protocol_8hpp_source.tex:19: Extra }, or forgotten $.
<argument> ...l_a6c3db7f7e51fe1b3349ffd4679239772}
                                                  {Protocol}
l.19 ...3db7f7e51fe1b3349ffd4679239772}{Protocol}}
                                                  \ :\ \textcolor{keyword}{p...
I've deleted a group-closing symbol because it seems to be
spurious, as in `$x}$'. But perhaps the } is legitimate and
you forgot something else, as in `\hbox{$x}'. In such cases
the way to recover is to insert both the forgotten and the
deleted material, e.g., by typing `I$}'.

./protocol_8hpp_source.tex:19: Extra }, or forgotten $.
\mbox  #1->\leavevmode \hbox {#1}
                                 
l.19 ...3db7f7e51fe1b3349ffd4679239772}{Protocol}}
                                                  \ :\ \textcolor{keyword}{p...
I've deleted a group-closing symbol because it seems to be
spurious, as in `$x}$'. But perhaps the } is legitimate and
you forgot something else, as in `\hbox{$x}'. In such cases
the way to recover is to insert both the forgotten and the
deleted material, e.g., by typing `I$}'.

./protocol_8hpp_source.tex:19: Undefined control sequence.
l.19 ...49ffd4679239772}{Protocol}}\ :\ \textcolor
                                                  {keyword}{private}\ \mbox{...
The control sequence at the end of the top line
of your error message was never \def'ed. If you have
misspelled it (e.g., `\hobx'), type `I' and the correct
spelling (e.g., `I\hbox'). Otherwise just continue,
and I'll forget about whatever was undefined.

./protocol_8hpp_source.tex:19: Undefined control sequence.
<argument> \hyperlink 
                      {class_n_i_c_a1823f093f4b382763e5216d818a1ecab}{LocalN...
l.19 ...82763e5216d818a1ecab}{LocalNIC::Observer}}
                                                  }
The control sequence at the end of the top line
of your error message was never \def'ed. If you have
misspelled it (e.g., `\hobx'), type `I' and the correct
spelling (e.g., `I\hbox'). Otherwise just continue,
and I'll forget about whatever was undefined.

Missing character: There is no c in font nullfont!
Missing character: There is no l in font nullfont!
Missing character: There is no a in font nullfont!
Missing character: There is no s in font nullfont!
Missing character: There is no s in font nullfont!
./protocol_8hpp_source.tex:19: Missing $ inserted.
<inserted text> 
                $
l.19 ...82763e5216d818a1ecab}{LocalNIC::Observer}}
                                                  }
I've inserted a begin-math/end-math symbol since I think
you left one out. Proceed, with fingers crossed.

./protocol_8hpp_source.tex:19: Double subscript.
<argument> \hyperlink {class_n_
                               i_c_a1823f093f4b382763e5216d818a1ecab}{LocalN...
l.19 ...82763e5216d818a1ecab}{LocalNIC::Observer}}
                                                  }
I treat `x_1_2' essentially like `x_1{}_2'.

./protocol_8hpp_source.tex:19: Double subscript.
<argument> \hyperlink {class_n_i_
                                 c_a1823f093f4b382763e5216d818a1ecab}{LocalN...
l.19 ...82763e5216d818a1ecab}{LocalNIC::Observer}}
                                                  }
I treat `x_1_2' essentially like `x_1{}_2'.

./protocol_8hpp_source.tex:19: Double subscript.
<argument> \hyperlink {class_n_i_c_
                                   a1823f093f4b382763e5216d818a1ecab}{LocalN...
l.19 ...82763e5216d818a1ecab}{LocalNIC::Observer}}
                                                  }
I treat `x_1_2' essentially like `x_1{}_2'.

./protocol_8hpp_source.tex:19: Extra }, or forgotten $.
<argument> ...c_a1823f093f4b382763e5216d818a1ecab}
                                                  {LocalNIC::Observer}
l.19 ...82763e5216d818a1ecab}{LocalNIC::Observer}}
                                                  }
I've deleted a group-closing symbol because it seems to be
spurious, as in `$x}$'. But perhaps the } is legitimate and
you forgot something else, as in `\hbox{$x}'. In such cases
the way to recover is to insert both the forgotten and the
deleted material, e.g., by typing `I$}'.

./protocol_8hpp_source.tex:19: Extra }, or forgotten $.
\mbox  #1->\leavevmode \hbox {#1}
                                 
l.19 ...82763e5216d818a1ecab}{LocalNIC::Observer}}
                                                  }
I've deleted a group-closing symbol because it seems to be
spurious, as in `$x}$'. But perhaps the } is legitimate and
you forgot something else, as in `\hbox{$x}'. In such cases
the way to recover is to insert both the forgotten and the
deleted material, e.g., by typing `I$}'.

./protocol_8hpp_source.tex:19: Extra }, or forgotten $.
l.19 ...2763e5216d818a1ecab}{LocalNIC::Observer}}}
                                                  
I've deleted a group-closing symbol because it seems to be
spurious, as in `$x}$'. But perhaps the } is legitimate and
you forgot something else, as in `\hbox{$x}'. In such cases
the way to recover is to insert both the forgotten and the
deleted material, e.g., by typing `I$}'.

./protocol_8hpp_source.tex:20: Undefined control sequence.
l.20 \DoxyCodeLine
                  {00023\ \{}
The control sequence at the end of the top line
of your error message was never \def'ed. If you have
misspelled it (e.g., `\hobx'), type `I' and the correct
spelling (e.g., `I\hbox'). Otherwise just continue,
and I'll forget about whatever was undefined.

./protocol_8hpp_source.tex:21: Undefined control sequence.
l.21 \DoxyCodeLine
                  {00024\ \textcolor{keyword}{public}:}
The control sequence at the end of the top line
of your error message was never \def'ed. If you have
misspelled it (e.g., `\hobx'), type `I' and the correct
spelling (e.g., `I\hbox'). Otherwise just continue,
and I'll forget about whatever was undefined.

./protocol_8hpp_source.tex:21: Undefined control sequence.
l.21 \DoxyCodeLine{00024\ \textcolor
                                    {keyword}{public}:}
(That makes 100 errors; please try again.) 
Here is how much of TeX's memory you used:
 18 strings out of 469269
 448 string characters out of 5467112
 434984 words of memory out of 5000000
 28550 multiletter control sequences out of 15000+600000
 626825 words of font info for 40 fonts, out of 8000000 for 9000
 319 hyphenation exceptions out of 8191
 18i,36n,19p,273b,228s stack positions out of 10000i,1000n,20000p,200000b,200000s

./protocol_8hpp_source.tex:21:  ==> Fatal error occurred, no output PDF file produced!
