This is pdfTeX, Version 3.141592653-2.6-1.40.28 (TeX Live 2025) (preloaded format=pdflatex 2025.9.24)  27 SEP 2025 18:54
entering extended mode
 \write18 enabled.
 file:line:error style messages enabled.
 %&-line parsing enabled.
**random_8cpp.tex
(./random_8cpp.tex
LaTeX2e <2025-06-01> patch level 1
L3 programming layer <2025-09-02>
./random_8cpp.tex:1: Undefined control sequence.
l.1 \doxysection
                {source/utils/random.cpp File Reference}
The control sequence at the end of the top line
of your error message was never \def'ed. If you have
misspelled it (e.g., `\hobx'), type `I' and the correct
spelling (e.g., `I\hbox'). Otherwise just continue,
and I'll forget about whatever was undefined.


./random_8cpp.tex:1: LaTeX Error: Missing \begin{document}.

See the LaTeX manual or LaTeX Companion for explanation.
Type  H <return>  for immediate help.
 ...                                              
                                                  
l.1 \doxysection{s
                  ource/utils/random.cpp File Reference}
You're in trouble here.  Try typing  <return>  to proceed.
If that doesn't work, type  X <return>  to quit.

Missing character: There is no s in font nullfont!
Missing character: There is no o in font nullfont!
Missing character: There is no u in font nullfont!
Missing character: There is no r in font nullfont!
Missing character: There is no c in font nullfont!
Missing character: There is no e in font nullfont!
Missing character: There is no / in font nullfont!
Missing character: There is no u in font nullfont!
Missing character: There is no t in font nullfont!
Missing character: There is no i in font nullfont!
Missing character: There is no l in font nullfont!
Missing character: There is no s in font nullfont!
Missing character: There is no / in font nullfont!
Missing character: There is no r in font nullfont!
Missing character: There is no a in font nullfont!
Missing character: There is no n in font nullfont!
Missing character: There is no d in font nullfont!
Missing character: There is no o in font nullfont!
Missing character: There is no m in font nullfont!
Missing character: There is no . in font nullfont!
Missing character: There is no c in font nullfont!
Missing character: There is no p in font nullfont!
Missing character: There is no p in font nullfont!
Missing character: There is no F in font nullfont!
Missing character: There is no i in font nullfont!
Missing character: There is no l in font nullfont!
Missing character: There is no e in font nullfont!
Missing character: There is no R in font nullfont!
Missing character: There is no e in font nullfont!
Missing character: There is no f in font nullfont!
Missing character: There is no e in font nullfont!
Missing character: There is no r in font nullfont!
Missing character: There is no e in font nullfont!
Missing character: There is no n in font nullfont!
Missing character: There is no c in font nullfont!
Missing character: There is no e in font nullfont!
./random_8cpp.tex:2: Undefined control sequence.
l.2 \hypertarget
                {random_8cpp}{}\label{random_8cpp}\index{source/utils/random...
The control sequence at the end of the top line
of your error message was never \def'ed. If you have
misspelled it (e.g., `\hobx'), type `I' and the correct
spelling (e.g., `I\hbox'). Otherwise just continue,
and I'll forget about whatever was undefined.

Missing character: There is no r in font nullfont!
Missing character: There is no a in font nullfont!
Missing character: There is no n in font nullfont!
Missing character: There is no d in font nullfont!
Missing character: There is no o in font nullfont!
Missing character: There is no m in font nullfont!
./random_8cpp.tex:2: Missing $ inserted.
<inserted text> 
                $
l.2 \hypertarget{random_
                        8cpp}{}\label{random_8cpp}\index{source/utils/random...
I've inserted a begin-math/end-math symbol since I think
you left one out. Proceed, with fingers crossed.

LaTeX Font Info:    External font `cmex10' loaded for size
(Font)              <7> on input line 2.
LaTeX Font Info:    External font `cmex10' loaded for size
(Font)              <5> on input line 2.
./random_8cpp.tex:2: Extra }, or forgotten $.
l.2 \hypertarget{random_8cpp}
                             {}\label{random_8cpp}\index{source/utils/random...
I've deleted a group-closing symbol because it seems to be
spurious, as in `$x}$'. But perhaps the } is legitimate and
you forgot something else, as in `\hbox{$x}'. In such cases
the way to recover is to insert both the forgotten and the
deleted material, e.g., by typing `I$}'.


./random_8cpp.tex:3: LaTeX Error: Command \ttfamily invalid in math mode.

See the LaTeX manual or LaTeX Companion for explanation.
Type  H <return>  for immediate help.
 ...                                              
                                                  
l.3 {\ttfamily
               \#include $<$random$>$}\newline
Please use the math alphabet \mathtt instead of the \ttfamily command. 

./random_8cpp.tex:3: Missing } inserted.
<inserted text> 
                }
l.3 {\ttfamily \#include $
                          <$random$>$}\newline
I've inserted something that you may have forgotten.
(See the <inserted text> above.)
With luck, this will get me unwedged. But if you
really didn't forget anything, try typing `2' now; then
my insertion and my current dilemma will both disappear.

Missing character: There is no < in font nullfont!
Missing character: There is no > in font nullfont!
./random_8cpp.tex:3: Extra }, or forgotten $.
<recently read> }
                 
l.3 {\ttfamily \#include $<$random$>$}
                                      \newline
I've deleted a group-closing symbol because it seems to be
spurious, as in `$x}$'. But perhaps the } is legitimate and
you forgot something else, as in `\hbox{$x}'. In such cases
the way to recover is to insert both the forgotten and the
deleted material, e.g., by typing `I$}'.


./random_8cpp.tex:4: LaTeX Error: Command \ttfamily invalid in math mode.

See the LaTeX manual or LaTeX Companion for explanation.
Type  H <return>  for immediate help.
 ...                                              
                                                  
l.4 {\ttfamily
               \#include $<$chrono$>$}\newline
Please use the math alphabet \mathtt instead of the \ttfamily command. 

./random_8cpp.tex:4: Missing } inserted.
<inserted text> 
                }
l.4 {\ttfamily \#include $
                          <$chrono$>$}\newline
I've inserted something that you may have forgotten.
(See the <inserted text> above.)
With luck, this will get me unwedged. But if you
really didn't forget anything, try typing `2' now; then
my insertion and my current dilemma will both disappear.

Missing character: There is no < in font nullfont!
Missing character: There is no > in font nullfont!
./random_8cpp.tex:4: Extra }, or forgotten $.
<recently read> }
                 
l.4 {\ttfamily \#include $<$chrono$>$}
                                      \newline
I've deleted a group-closing symbol because it seems to be
spurious, as in `$x}$'. But perhaps the } is legitimate and
you forgot something else, as in `\hbox{$x}'. In such cases
the way to recover is to insert both the forgotten and the
deleted material, e.g., by typing `I$}'.

./random_8cpp.tex:5: Undefined control sequence.
l.5 Include dependency graph for random.\+
                                          cpp\+:
The control sequence at the end of the top line
of your error message was never \def'ed. If you have
misspelled it (e.g., `\hobx'), type `I' and the correct
spelling (e.g., `I\hbox'). Otherwise just continue,
and I'll forget about whatever was undefined.

./random_8cpp.tex:5: Undefined control sequence.
l.5 Include dependency graph for random.\+cpp\+
                                               :
The control sequence at the end of the top line
of your error message was never \def'ed. If you have
misspelled it (e.g., `\hobx'), type `I' and the correct
spelling (e.g., `I\hbox'). Otherwise just continue,
and I'll forget about whatever was undefined.


./random_8cpp.tex:7: LaTeX Error: Environment figure undefined.

See the LaTeX manual or LaTeX Companion for explanation.
Type  H <return>  for immediate help.
 ...                                              
                                                  
l.7 \begin{figure}
                  [H]
Your command was ignored.
Type  I <command> <return>  to replace it with another command,
or  <return>  to continue without it.

./random_8cpp.tex:8: Missing $ inserted.
<inserted text> 
                $
l.8 \begin{center}
                  
I've inserted a begin-math/end-math symbol since I think
you left one out. Proceed, with fingers crossed.

./random_8cpp.tex:8: Missing \endgroup inserted.
<inserted text> 
                \endgroup 
l.8 \begin{center}
                  
I've inserted something that you may have forgotten.
(See the <inserted text> above.)
With luck, this will get me unwedged. But if you
really didn't forget anything, try typing `2' now; then
my insertion and my current dilemma will both disappear.

./random_8cpp.tex:8: Missing \endgroup inserted.
<inserted text> 
                \endgroup 
l.8 \begin{center}
                  
I've inserted something that you may have forgotten.
(See the <inserted text> above.)
With luck, this will get me unwedged. But if you
really didn't forget anything, try typing `2' now; then
my insertion and my current dilemma will both disappear.


Overfull \hbox (20.0pt too wide) in paragraph at lines 1--8
[]
 []


Overfull \hbox (94.6607pt too wide) in paragraph at lines 1--8
[]\OML/cmm/m/it/10 cpp[][][]$$random$$[] 
 []


Overfull \hbox (71.45pt too wide) in paragraph at lines 1--8
[]$$\OML/cmm/m/it/10 chrono$$[] 
 []


Overfull \hbox (184.51895pt too wide) in paragraph at lines 1--8
\OML/cmm/m/it/10 Includedependencygraphforrandom:cpp \OT1/cmr/m/n/10 :
 []


Overfull \hbox (17.45825pt too wide) in paragraph at lines 1--8
 \OT1/cmr/m/n/10 [\OML/cmm/m/it/10 H\OT1/cmr/m/n/10 ]$ 
 []

./random_8cpp.tex:10: Undefined control sequence.
l.10 \includegraphics
                     [width=200pt]{random_8cpp__incl}
The control sequence at the end of the top line
of your error message was never \def'ed. If you have
misspelled it (e.g., `\hobx'), type `I' and the correct
spelling (e.g., `I\hbox'). Otherwise just continue,
and I'll forget about whatever was undefined.

Missing character: There is no [ in font nullfont!
Missing character: There is no w in font nullfont!
Missing character: There is no i in font nullfont!
Missing character: There is no d in font nullfont!
Missing character: There is no t in font nullfont!
Missing character: There is no h in font nullfont!
Missing character: There is no = in font nullfont!
Missing character: There is no 2 in font nullfont!
Missing character: There is no 0 in font nullfont!
Missing character: There is no 0 in font nullfont!
Missing character: There is no p in font nullfont!
Missing character: There is no t in font nullfont!
Missing character: There is no ] in font nullfont!
Missing character: There is no r in font nullfont!
Missing character: There is no a in font nullfont!
Missing character: There is no n in font nullfont!
Missing character: There is no d in font nullfont!
Missing character: There is no o in font nullfont!
Missing character: There is no m in font nullfont!
./random_8cpp.tex:10: Missing $ inserted.
<inserted text> 
                $
l.10 \includegraphics[width=200pt]{random_
                                          8cpp__incl}
I've inserted a begin-math/end-math symbol since I think
you left one out. Proceed, with fingers crossed.

./random_8cpp.tex:10: Missing { inserted.
<to be read again> 
                   _
l.10 \includegraphics[width=200pt]{random_8cpp__
                                                incl}
A left brace was mandatory here, so I've put one in.
You might want to delete and/or insert some corrections
so that I will find a matching right brace soon.
(If you're confused by all this, try typing `I}' now.)


./random_8cpp.tex:11: LaTeX Error: Command \end{document} invalid in math mode.

See the LaTeX manual or LaTeX Companion for explanation.
Type  H <return>  for immediate help.
 ...                                              
                                                  
l.11 \end{center}
                 
Try typing  <return>  to proceed.
If that doesn't work, type  X <return>  to quit.

./random_8cpp.tex:11: Missing $ inserted.
<inserted text> 
                $
l.11 \end{center}
                 
I've inserted a begin-math/end-math symbol since I think
you left one out. Proceed, with fingers crossed.


Overfull \hbox (33.63057pt too wide) in paragraph at lines 9--11
 []\OML/cmm/m/it/10 cpp[] 
 []


./random_8cpp.tex:11: LaTeX Error: \begin{document} ended by \end{center}.

See the LaTeX manual or LaTeX Companion for explanation.
Type  H <return>  for immediate help.
 ...                                              
                                                  
l.11 \end{center}
                 
Your command was ignored.
Type  I <command> <return>  to replace it with another command,
or  <return>  to continue without it.

./random_8cpp.tex:11: Missing } inserted.
<inserted text> 
                }
l.11 \end{center}
                 
I've inserted something that you may have forgotten.
(See the <inserted text> above.)
With luck, this will get me unwedged. But if you
really didn't forget anything, try typing `2' now; then
my insertion and my current dilemma will both disappear.

./random_8cpp.tex:11: Missing } inserted.
<inserted text> 
                }
l.11 \end{center}
                 
I've inserted something that you may have forgotten.
(See the <inserted text> above.)
With luck, this will get me unwedged. But if you
really didn't forget anything, try typing `2' now; then
my insertion and my current dilemma will both disappear.

./random_8cpp.tex:11: Extra \endgroup.
<recently read> \endgroup 
                          
l.11 \end{center}
                 
Things are pretty mixed up, but I think the worst is over.


./random_8cpp.tex:12: LaTeX Error: \begin{document} ended by \end{figure}.

See the LaTeX manual or LaTeX Companion for explanation.
Type  H <return>  for immediate help.
 ...                                              
                                                  
l.12 \end{figure}
                 
Your command was ignored.
Type  I <command> <return>  to replace it with another command,
or  <return>  to continue without it.

./random_8cpp.tex:12: Extra \endgroup.
\end  ...end#1\endcsname \@checkend {#1}\endgroup 
                                                  \UseHook {env/#1/after}\if...
l.12 \end{figure}
                 
Things are pretty mixed up, but I think the worst is over.

Missing character: There is no T in font nullfont!
Missing character: There is no h in font nullfont!
Missing character: There is no i in font nullfont!
Missing character: There is no s in font nullfont!
Missing character: There is no g in font nullfont!
Missing character: There is no r in font nullfont!
Missing character: There is no a in font nullfont!
Missing character: There is no p in font nullfont!
Missing character: There is no h in font nullfont!
Missing character: There is no s in font nullfont!
Missing character: There is no h in font nullfont!
Missing character: There is no o in font nullfont!
Missing character: There is no w in font nullfont!
Missing character: There is no s in font nullfont!
Missing character: There is no w in font nullfont!
Missing character: There is no h in font nullfont!
Missing character: There is no i in font nullfont!
Missing character: There is no c in font nullfont!
Missing character: There is no h in font nullfont!
Missing character: There is no f in font nullfont!
Missing character: There is no i in font nullfont!
Missing character: There is no l in font nullfont!
Missing character: There is no e in font nullfont!
Missing character: There is no s in font nullfont!
Missing character: There is no d in font nullfont!
Missing character: There is no i in font nullfont!
Missing character: There is no r in font nullfont!
Missing character: There is no e in font nullfont!
Missing character: There is no c in font nullfont!
Missing character: There is no t in font nullfont!
Missing character: There is no l in font nullfont!
Missing character: There is no y in font nullfont!
Missing character: There is no o in font nullfont!
Missing character: There is no r in font nullfont!
Missing character: There is no i in font nullfont!
Missing character: There is no n in font nullfont!
Missing character: There is no d in font nullfont!
Missing character: There is no i in font nullfont!
Missing character: There is no r in font nullfont!
Missing character: There is no e in font nullfont!
Missing character: There is no c in font nullfont!
Missing character: There is no t in font nullfont!
Missing character: There is no l in font nullfont!
Missing character: There is no y in font nullfont!
Missing character: There is no i in font nullfont!
Missing character: There is no n in font nullfont!
Missing character: There is no c in font nullfont!
Missing character: There is no l in font nullfont!
Missing character: There is no u in font nullfont!
Missing character: There is no d in font nullfont!
Missing character: There is no e in font nullfont!
Missing character: There is no t in font nullfont!
Missing character: There is no h in font nullfont!
Missing character: There is no i in font nullfont!
Missing character: There is no s in font nullfont!
Missing character: There is no f in font nullfont!
Missing character: There is no i in font nullfont!
Missing character: There is no l in font nullfont!
Missing character: There is no e in font nullfont!
./random_8cpp.tex:13: Undefined control sequence.
l.13 ...directly or indirectly include this file\+
                                                  :
The control sequence at the end of the top line
of your error message was never \def'ed. If you have
misspelled it (e.g., `\hobx'), type `I' and the correct
spelling (e.g., `I\hbox'). Otherwise just continue,
and I'll forget about whatever was undefined.

Missing character: There is no : in font nullfont!

./random_8cpp.tex:15: LaTeX Error: Environment figure undefined.

See the LaTeX manual or LaTeX Companion for explanation.
Type  H <return>  for immediate help.
 ...                                              
                                                  
l.15 \begin{figure}
                   [H]
Your command was ignored.
Type  I <command> <return>  to replace it with another command,
or  <return>  to continue without it.

Missing character: There is no [ in font nullfont!
Missing character: There is no H in font nullfont!
Missing character: There is no ] in font nullfont!
./random_8cpp.tex:18: Undefined control sequence.
l.18 \includegraphics
                     [width=206pt]{random_8cpp__dep__incl}
The control sequence at the end of the top line
of your error message was never \def'ed. If you have
misspelled it (e.g., `\hobx'), type `I' and the correct
spelling (e.g., `I\hbox'). Otherwise just continue,
and I'll forget about whatever was undefined.

Missing character: There is no [ in font nullfont!
Missing character: There is no w in font nullfont!
Missing character: There is no i in font nullfont!
Missing character: There is no d in font nullfont!
Missing character: There is no t in font nullfont!
Missing character: There is no h in font nullfont!
Missing character: There is no = in font nullfont!
Missing character: There is no 2 in font nullfont!
Missing character: There is no 0 in font nullfont!
Missing character: There is no 6 in font nullfont!
Missing character: There is no p in font nullfont!
Missing character: There is no t in font nullfont!
Missing character: There is no ] in font nullfont!
Missing character: There is no r in font nullfont!
Missing character: There is no a in font nullfont!
Missing character: There is no n in font nullfont!
Missing character: There is no d in font nullfont!
Missing character: There is no o in font nullfont!
Missing character: There is no m in font nullfont!
./random_8cpp.tex:18: Missing $ inserted.
<inserted text> 
                $
l.18 \includegraphics[width=206pt]{random_
                                          8cpp__dep__incl}
I've inserted a begin-math/end-math symbol since I think
you left one out. Proceed, with fingers crossed.

./random_8cpp.tex:18: Missing { inserted.
<to be read again> 
                   _
l.18 \includegraphics[width=206pt]{random_8cpp__
                                                dep__incl}
A left brace was mandatory here, so I've put one in.
You might want to delete and/or insert some corrections
so that I will find a matching right brace soon.
(If you're confused by all this, try typing `I}' now.)

./random_8cpp.tex:18: Missing { inserted.
<to be read again> 
                   _
l.18 ...degraphics[width=206pt]{random_8cpp__dep__
                                                  incl}
A left brace was mandatory here, so I've put one in.
You might want to delete and/or insert some corrections
so that I will find a matching right brace soon.
(If you're confused by all this, try typing `I}' now.)


./random_8cpp.tex:19: LaTeX Error: Command \end{center} invalid in math mode.

See the LaTeX manual or LaTeX Companion for explanation.
Type  H <return>  for immediate help.
 ...                                              
                                                  
l.19 \end{center}
                 
Try typing  <return>  to proceed.
If that doesn't work, type  X <return>  to quit.

./random_8cpp.tex:19: Missing $ inserted.
<inserted text> 
                $
l.19 \end{center}
                 
I've inserted a begin-math/end-math symbol since I think
you left one out. Proceed, with fingers crossed.

./random_8cpp.tex:19: Missing } inserted.
<inserted text> 
                }
l.19 \end{center}
                 
I've inserted something that you may have forgotten.
(See the <inserted text> above.)
With luck, this will get me unwedged. But if you
really didn't forget anything, try typing `2' now; then
my insertion and my current dilemma will both disappear.


Overfull \hbox (45.21178pt too wide) in paragraph at lines 17--19
 []\OML/cmm/m/it/10 cpp[]$ 
 []

./random_8cpp.tex:19: Missing } inserted.
<inserted text> 
                }
l.19 \end{center}
                 
I've inserted something that you may have forgotten.
(See the <inserted text> above.)
With luck, this will get me unwedged. But if you
really didn't forget anything, try typing `2' now; then
my insertion and my current dilemma will both disappear.


./random_8cpp.tex:20: LaTeX Error: \begin{document} ended by \end{figure}.

See the LaTeX manual or LaTeX Companion for explanation.
Type  H <return>  for immediate help.
 ...                                              
                                                  
l.20 \end{figure}
                 
Your command was ignored.
Type  I <command> <return>  to replace it with another command,
or  <return>  to continue without it.

./random_8cpp.tex:21: Undefined control sequence.
l.21 \doxysubsubsection
                       *{Functions}
The control sequence at the end of the top line
of your error message was never \def'ed. If you have
misspelled it (e.g., `\hobx'), type `I' and the correct
spelling (e.g., `I\hbox'). Otherwise just continue,
and I'll forget about whatever was undefined.

Missing character: There is no * in font nullfont!
Missing character: There is no F in font nullfont!
Missing character: There is no u in font nullfont!
Missing character: There is no n in font nullfont!
Missing character: There is no c in font nullfont!
Missing character: There is no t in font nullfont!
Missing character: There is no i in font nullfont!
Missing character: There is no o in font nullfont!
Missing character: There is no n in font nullfont!
Missing character: There is no s in font nullfont!

./random_8cpp.tex:22: LaTeX Error: Environment DoxyCompactItemize undefined.

See the LaTeX manual or LaTeX Companion for explanation.
Type  H <return>  for immediate help.
 ...                                              
                                                  
l.22 \begin{DoxyCompactItemize}
                               
Your command was ignored.
Type  I <command> <return>  to replace it with another command,
or  <return>  to continue without it.


./random_8cpp.tex:24: LaTeX Error: Lonely \item--perhaps a missing list environment.

See the LaTeX manual or LaTeX Companion for explanation.
Type  H <return>  for immediate help.
 ...                                              
                                                  
l.24 i
      nt \mbox{\hyperlink{random_8cpp_abf149eca79102ed82dcf8ff17cc5033b}{ran...
Try typing  <return>  to proceed.
If that doesn't work, type  X <return>  to quit.

Missing character: There is no i in font nullfont!
Missing character: There is no n in font nullfont!
Missing character: There is no t in font nullfont!
./random_8cpp.tex:24: Undefined control sequence.
<argument> \hyperlink 
                      {random_8cpp_abf149eca79102ed82dcf8ff17cc5033b}{random...
l.24 ...ed82dcf8ff17cc5033b}{random\+\_\+between}}
                                                   (int min, int max)
The control sequence at the end of the top line
of your error message was never \def'ed. If you have
misspelled it (e.g., `\hobx'), type `I' and the correct
spelling (e.g., `I\hbox'). Otherwise just continue,
and I'll forget about whatever was undefined.

Missing character: There is no r in font nullfont!
Missing character: There is no a in font nullfont!
Missing character: There is no n in font nullfont!
Missing character: There is no d in font nullfont!
Missing character: There is no o in font nullfont!
Missing character: There is no m in font nullfont!
./random_8cpp.tex:24: Missing $ inserted.
<inserted text> 
                $
l.24 ...ed82dcf8ff17cc5033b}{random\+\_\+between}}
                                                   (int min, int max)
I've inserted a begin-math/end-math symbol since I think
you left one out. Proceed, with fingers crossed.

./random_8cpp.tex:24: Extra }, or forgotten $.
<argument> ...p_abf149eca79102ed82dcf8ff17cc5033b}
                                                  {random\+\_\+between}
l.24 ...ed82dcf8ff17cc5033b}{random\+\_\+between}}
                                                   (int min, int max)
I've deleted a group-closing symbol because it seems to be
spurious, as in `$x}$'. But perhaps the } is legitimate and
you forgot something else, as in `\hbox{$x}'. In such cases
the way to recover is to insert both the forgotten and the
deleted material, e.g., by typing `I$}'.

./random_8cpp.tex:24: Undefined control sequence.
<argument> ...ca79102ed82dcf8ff17cc5033b}{random\+
                                                  \_\+between}
l.24 ...ed82dcf8ff17cc5033b}{random\+\_\+between}}
                                                   (int min, int max)
The control sequence at the end of the top line
of your error message was never \def'ed. If you have
misspelled it (e.g., `\hobx'), type `I' and the correct
spelling (e.g., `I\hbox'). Otherwise just continue,
and I'll forget about whatever was undefined.

./random_8cpp.tex:24: Undefined control sequence.
<argument> ...102ed82dcf8ff17cc5033b}{random\+\_\+
                                                  between}
l.24 ...ed82dcf8ff17cc5033b}{random\+\_\+between}}
                                                   (int min, int max)
The control sequence at the end of the top line
of your error message was never \def'ed. If you have
misspelled it (e.g., `\hobx'), type `I' and the correct
spelling (e.g., `I\hbox'). Otherwise just continue,
and I'll forget about whatever was undefined.

./random_8cpp.tex:24: Extra }, or forgotten $.
\mbox  #1->\leavevmode \hbox {#1}
                                 
l.24 ...ed82dcf8ff17cc5033b}{random\+\_\+between}}
                                                   (int min, int max)
I've deleted a group-closing symbol because it seems to be
spurious, as in `$x}$'. But perhaps the } is legitimate and
you forgot something else, as in `\hbox{$x}'. In such cases
the way to recover is to insert both the forgotten and the
deleted material, e.g., by typing `I$}'.


./random_8cpp.tex:25: LaTeX Error: Environment DoxyCompactList undefined.

See the LaTeX manual or LaTeX Companion for explanation.
Type  H <return>  for immediate help.
 ...                                              
                                                  
l.25 \begin{DoxyCompactList}
                            \small\item\em returns a random value between mi...
Your command was ignored.
Type  I <command> <return>  to replace it with another command,
or  <return>  to continue without it.

./random_8cpp.tex:25: Undefined control sequence.
l.25 \begin{DoxyCompactList}\small
                                  \item\em returns a random value between mi...
The control sequence at the end of the top line
of your error message was never \def'ed. If you have
misspelled it (e.g., `\hobx'), type `I' and the correct
spelling (e.g., `I\hbox'). Otherwise just continue,
and I'll forget about whatever was undefined.


./random_8cpp.tex:25: LaTeX Error: Command \item invalid in math mode.

See the LaTeX manual or LaTeX Companion for explanation.
Type  H <return>  for immediate help.
 ...                                              
                                                  
l.25 \begin{DoxyCompactList}\small\item
                                       \em returns a random value between mi...
Try typing  <return>  to proceed.
If that doesn't work, type  X <return>  to quit.

./random_8cpp.tex:25: Missing $ inserted.
<inserted text> 
                $
l.25 \begin{DoxyCompactList}\small\item\em
                                           returns a random value between mi...
I've inserted a begin-math/end-math symbol since I think
you left one out. Proceed, with fingers crossed.

./random_8cpp.tex:25: Missing \endgroup inserted.
<inserted text> 
                \endgroup 
l.25 \begin{DoxyCompactList}\small\item\em
                                           returns a random value between mi...
I've inserted something that you may have forgotten.
(See the <inserted text> above.)
With luck, this will get me unwedged. But if you
really didn't forget anything, try typing `2' now; then
my insertion and my current dilemma will both disappear.

./random_8cpp.tex:25: Missing } inserted.
<inserted text> 
                }
l.25 \begin{DoxyCompactList}\small\item\em
                                           returns a random value between mi...
I've inserted something that you may have forgotten.
(See the <inserted text> above.)
With luck, this will get me unwedged. But if you
really didn't forget anything, try typing `2' now; then
my insertion and my current dilemma will both disappear.

./random_8cpp.tex:25: Missing } inserted.
<inserted text> 
                }
l.25 \begin{DoxyCompactList}\small\item\em
                                           returns a random value between mi...
I've inserted something that you may have forgotten.
(See the <inserted text> above.)
With luck, this will get me unwedged. But if you
really didn't forget anything, try typing `2' now; then
my insertion and my current dilemma will both disappear.


Overfull \hbox (330.06516pt too wide) in paragraph at lines 24--25
[] 
 []


./random_8cpp.tex:25: LaTeX Error: Lonely \item--perhaps a missing list environment.

See the LaTeX manual or LaTeX Companion for explanation.
Type  H <return>  for immediate help.
 ...                                              
                                                  
l.25 \begin{DoxyCompactList}\small\item\em
                                           returns a random value between mi...
Try typing  <return>  to proceed.
If that doesn't work, type  X <return>  to quit.


./random_8cpp.tex:25: LaTeX Error: \begin{document} ended by \end{DoxyCompactList}.

See the LaTeX manual or LaTeX Companion for explanation.
Type  H <return>  for immediate help.
 ...                                              
                                                  
l.25 ... between min and max \end{DoxyCompactList}
                                                  \end{DoxyCompactItemize}
Your command was ignored.
Type  I <command> <return>  to replace it with another command,
or  <return>  to continue without it.


./random_8cpp.tex:25: LaTeX Error: \begin{document} ended by \end{DoxyCompactItemize}.

See the LaTeX manual or LaTeX Companion for explanation.
Type  H <return>  for immediate help.
 ...                                              
                                                  
l.25 ...d{DoxyCompactList}\end{DoxyCompactItemize}
                                                  
Your command was ignored.
Type  I <command> <return>  to replace it with another command,
or  <return>  to continue without it.

./random_8cpp.tex:25: Extra \endgroup.
\end  ...end#1\endcsname \@checkend {#1}\endgroup 
                                                  \UseHook {env/#1/after}\if...
l.25 ...d{DoxyCompactList}\end{DoxyCompactItemize}
                                                  
Things are pretty mixed up, but I think the worst is over.


Overfull \hbox (30.92198pt too wide) in paragraph at lines 25--26
\OT1/cmr/m/it/10 returns
 []


Overfull \hbox (5.11108pt too wide) in paragraph at lines 25--26
\OT1/cmr/m/it/10 a
 []


Overfull \hbox (18.01653pt too wide) in paragraph at lines 25--26
\OT1/cmr/m/it/10 ran-
 []


Overfull \hbox (18.3999pt too wide) in paragraph at lines 25--26
\OT1/cmr/m/it/10 dom
 []


Overfull \hbox (22.23318pt too wide) in paragraph at lines 25--26
\OT1/cmr/m/it/10 value
 []


Overfull \hbox (12.26654pt too wide) in paragraph at lines 25--26
\OT1/cmr/m/it/10 be-
 []


Overfull \hbox (24.27759pt too wide) in paragraph at lines 25--26
\OT1/cmr/m/it/10 tween
 []


Overfull \hbox (16.86658pt too wide) in paragraph at lines 25--26
\OT1/cmr/m/it/10 min
 []


Overfull \hbox (15.84436pt too wide) in paragraph at lines 25--26
\OT1/cmr/m/it/10 and
 []


Overfull \hbox (17.92769pt too wide) in paragraph at lines 25--26
\OT1/cmr/m/it/10 max
 []

./random_8cpp.tex:29: Undefined control sequence.
l.29 \Hypertarget
                 {random_8cpp_doc-func-members}
The control sequence at the end of the top line
of your error message was never \def'ed. If you have
misspelled it (e.g., `\hobx'), type `I' and the correct
spelling (e.g., `I\hbox'). Otherwise just continue,
and I'll forget about whatever was undefined.

Missing character: There is no r in font nullfont!
Missing character: There is no a in font nullfont!
Missing character: There is no n in font nullfont!
Missing character: There is no d in font nullfont!
Missing character: There is no o in font nullfont!
Missing character: There is no m in font nullfont!
./random_8cpp.tex:29: Missing $ inserted.
<inserted text> 
                $
l.29 \Hypertarget{random_
                         8cpp_doc-func-members}
I've inserted a begin-math/end-math symbol since I think
you left one out. Proceed, with fingers crossed.

./random_8cpp.tex:29: Extra }, or forgotten $.
l.29 \Hypertarget{random_8cpp_doc-func-members}
                                               
I've deleted a group-closing symbol because it seems to be
spurious, as in `$x}$'. But perhaps the } is legitimate and
you forgot something else, as in `\hbox{$x}'. In such cases
the way to recover is to insert both the forgotten and the
deleted material, e.g., by typing `I$}'.

./random_8cpp.tex:30: Undefined control sequence.
l.30 \doxysubsection
                    {Function Documentation}
The control sequence at the end of the top line
of your error message was never \def'ed. If you have
misspelled it (e.g., `\hobx'), type `I' and the correct
spelling (e.g., `I\hbox'). Otherwise just continue,
and I'll forget about whatever was undefined.

./random_8cpp.tex:31: Undefined control sequence.
l.31 \Hypertarget
                 {random_8cpp_abf149eca79102ed82dcf8ff17cc5033b}\index{rando...
The control sequence at the end of the top line
of your error message was never \def'ed. If you have
misspelled it (e.g., `\hobx'), type `I' and the correct
spelling (e.g., `I\hbox'). Otherwise just continue,
and I'll forget about whatever was undefined.

./random_8cpp.tex:33: Undefined control sequence.
l.33 \doxysubsubsection
                       {\texorpdfstring{random\_between()}{random\_between()}}
The control sequence at the end of the top line
of your error message was never \def'ed. If you have
misspelled it (e.g., `\hobx'), type `I' and the correct
spelling (e.g., `I\hbox'). Otherwise just continue,
and I'll forget about whatever was undefined.

./random_8cpp.tex:33: Undefined control sequence.
l.33 \doxysubsubsection{\texorpdfstring
                                       {random\_between()}{random\_between()}}
The control sequence at the end of the top line
of your error message was never \def'ed. If you have
misspelled it (e.g., `\hobx'), type `I' and the correct
spelling (e.g., `I\hbox'). Otherwise just continue,
and I'll forget about whatever was undefined.

./random_8cpp.tex:34: Undefined control sequence.
l.34 {\footnotesize
                   \ttfamily \label{random_8cpp_abf149eca79102ed82dcf8ff17cc...
The control sequence at the end of the top line
of your error message was never \def'ed. If you have
misspelled it (e.g., `\hobx'), type `I' and the correct
spelling (e.g., `I\hbox'). Otherwise just continue,
and I'll forget about whatever was undefined.


./random_8cpp.tex:34: LaTeX Error: Command \ttfamily invalid in math mode.

See the LaTeX manual or LaTeX Companion for explanation.
Type  H <return>  for immediate help.
 ...                                              
                                                  
l.34 {\footnotesize\ttfamily
                             \label{random_8cpp_abf149eca79102ed82dcf8ff17cc...
Please use the math alphabet \mathtt instead of the \ttfamily command. 

./random_8cpp.tex:35: Undefined control sequence.
l.35 int random\+
                 \_\+between (\begin{DoxyParamCaption}\item[{int}]{min}{, }\...
The control sequence at the end of the top line
of your error message was never \def'ed. If you have
misspelled it (e.g., `\hobx'), type `I' and the correct
spelling (e.g., `I\hbox'). Otherwise just continue,
and I'll forget about whatever was undefined.

./random_8cpp.tex:35: Undefined control sequence.
l.35 int random\+\_\+
                     between (\begin{DoxyParamCaption}\item[{int}]{min}{, }\...
The control sequence at the end of the top line
of your error message was never \def'ed. If you have
misspelled it (e.g., `\hobx'), type `I' and the correct
spelling (e.g., `I\hbox'). Otherwise just continue,
and I'll forget about whatever was undefined.


./random_8cpp.tex:35: LaTeX Error: Environment DoxyParamCaption undefined.

See the LaTeX manual or LaTeX Companion for explanation.
Type  H <return>  for immediate help.
 ...                                              
                                                  
l.35 ...dom\+\_\+between (\begin{DoxyParamCaption}
                                                  \item[{int}]{min}{, }\item...
Your command was ignored.
Type  I <command> <return>  to replace it with another command,
or  <return>  to continue without it.


./random_8cpp.tex:35: LaTeX Error: Command \item invalid in math mode.

See the LaTeX manual or LaTeX Companion for explanation.
Type  H <return>  for immediate help.
 ...                                              
                                                  
l.35 ...\_\+between (\begin{DoxyParamCaption}\item
                                                  [{int}]{min}{, }\item[{int...
Try typing  <return>  to proceed.
If that doesn't work, type  X <return>  to quit.

./random_8cpp.tex:35: Missing $ inserted.
<inserted text> 
                $
l.35 ...ween (\begin{DoxyParamCaption}\item[{int}]
                                                  {min}{, }\item[{int}]{max}...
I've inserted a begin-math/end-math symbol since I think
you left one out. Proceed, with fingers crossed.

./random_8cpp.tex:35: Missing \endgroup inserted.
<inserted text> 
                \endgroup 
l.35 ...ween (\begin{DoxyParamCaption}\item[{int}]
                                                  {min}{, }\item[{int}]{max}...
I've inserted something that you may have forgotten.
(See the <inserted text> above.)
With luck, this will get me unwedged. But if you
really didn't forget anything, try typing `2' now; then
my insertion and my current dilemma will both disappear.

./random_8cpp.tex:35: Missing } inserted.
<inserted text> 
                }
l.35 ...ween (\begin{DoxyParamCaption}\item[{int}]
                                                  {min}{, }\item[{int}]{max}...
I've inserted something that you may have forgotten.
(See the <inserted text> above.)
With luck, this will get me unwedged. But if you
really didn't forget anything, try typing `2' now; then
my insertion and my current dilemma will both disappear.


Overfull \hbox (60.49165pt too wide) in paragraph at lines 29--35
[]$[]\OML/cmm/m/it/10 cpp[]oc \OMS/cmsy/m/n/10 ^^@
 []


Overfull \hbox (29.80455pt too wide) in paragraph at lines 29--35
\OML/cmm/m/it/10 func \OMS/cmsy/m/n/10 ^^@
 []


Overfull \hbox (617.45273pt too wide) in paragraph at lines 29--35
\OML/cmm/m/it/10 members[][][][]$ 
 []


./random_8cpp.tex:35: LaTeX Error: Lonely \item--perhaps a missing list environment.

See the LaTeX manual or LaTeX Companion for explanation.
Type  H <return>  for immediate help.
 ...                                              
                                                  
l.35 ...ween (\begin{DoxyParamCaption}\item[{int}]
                                                  {min}{, }\item[{int}]{max}...
Try typing  <return>  to proceed.
If that doesn't work, type  X <return>  to quit.

Missing character: There is no m in font nullfont!
Missing character: There is no i in font nullfont!
Missing character: There is no n in font nullfont!
Missing character: There is no , in font nullfont!

./random_8cpp.tex:35: LaTeX Error: Lonely \item--perhaps a missing list environment.

See the LaTeX manual or LaTeX Companion for explanation.
Type  H <return>  for immediate help.
 ...                                              
                                                  
l.35 ...mCaption}\item[{int}]{min}{, }\item[{int}]
                                                  {max}{}\end{DoxyParamCapti...
Try typing  <return>  to proceed.
If that doesn't work, type  X <return>  to quit.

Missing character: There is no m in font nullfont!
Missing character: There is no a in font nullfont!
Missing character: There is no x in font nullfont!

./random_8cpp.tex:35: LaTeX Error: \begin{document} ended by \end{DoxyParamCaption}.

See the LaTeX manual or LaTeX Companion for explanation.
Type  H <return>  for immediate help.
 ...                                              
                                                  
l.35 ...}\item[{int}]{max}{}\end{DoxyParamCaption}
                                                  )\hspace{0.3cm}{\ttfamily ...
Your command was ignored.
Type  I <command> <return>  to replace it with another command,
or  <return>  to continue without it.

./random_8cpp.tex:35: Missing } inserted.
<inserted text> 
                }
l.35 ...}\item[{int}]{max}{}\end{DoxyParamCaption}
                                                  )\hspace{0.3cm}{\ttfamily ...
I've inserted something that you may have forgotten.
(See the <inserted text> above.)
With luck, this will get me unwedged. But if you
really didn't forget anything, try typing `2' now; then
my insertion and my current dilemma will both disappear.

./random_8cpp.tex:35: Extra \endgroup.
<recently read> \endgroup 
                          
l.35 ...}\item[{int}]{max}{}\end{DoxyParamCaption}
                                                  )\hspace{0.3cm}{\ttfamily ...
Things are pretty mixed up, but I think the worst is over.

Missing character: There is no ) in font nullfont!
./random_8cpp.tex:35: Too many }'s.
l.35 ...ption})\hspace{0.3cm}{\ttfamily [inline]}}
                                                  
You've closed more groups than you opened.
Such booboos are generally harmless, so keep going.


Overfull \hbox (41.99963pt too wide) in paragraph at lines 35--36
\OT1/cmtt/m/n/10 [inline] 
 []

Missing character: There is no r in font nullfont!
Missing character: There is no e in font nullfont!
Missing character: There is no t in font nullfont!
Missing character: There is no u in font nullfont!
Missing character: There is no r in font nullfont!
Missing character: There is no n in font nullfont!
Missing character: There is no s in font nullfont!
Missing character: There is no a in font nullfont!
Missing character: There is no r in font nullfont!
Missing character: There is no a in font nullfont!
Missing character: There is no n in font nullfont!
Missing character: There is no d in font nullfont!
Missing character: There is no o in font nullfont!
Missing character: There is no m in font nullfont!
Missing character: There is no v in font nullfont!
Missing character: There is no a in font nullfont!
Missing character: There is no l in font nullfont!
Missing character: There is no u in font nullfont!
Missing character: There is no e in font nullfont!
Missing character: There is no b in font nullfont!
Missing character: There is no e in font nullfont!
Missing character: There is no t in font nullfont!
Missing character: There is no w in font nullfont!
Missing character: There is no e in font nullfont!
Missing character: There is no e in font nullfont!
Missing character: There is no n in font nullfont!
Missing character: There is no m in font nullfont!
Missing character: There is no i in font nullfont!
Missing character: There is no n in font nullfont!
Missing character: There is no a in font nullfont!
Missing character: There is no n in font nullfont!
Missing character: There is no d in font nullfont!
Missing character: There is no m in font nullfont!
Missing character: There is no a in font nullfont!
Missing character: There is no x in font nullfont!

Overfull \hbox (20.0pt too wide) in paragraph at lines 39--40
[]
 []

Missing character: There is no H in font nullfont!
Missing character: There is no e in font nullfont!
Missing character: There is no r in font nullfont!
Missing character: There is no e in font nullfont!
Missing character: There is no i in font nullfont!
Missing character: There is no s in font nullfont!
Missing character: There is no t in font nullfont!
Missing character: There is no h in font nullfont!
Missing character: There is no e in font nullfont!
Missing character: There is no c in font nullfont!
Missing character: There is no a in font nullfont!
Missing character: There is no l in font nullfont!
Missing character: There is no l in font nullfont!
Missing character: There is no e in font nullfont!
Missing character: There is no r in font nullfont!
Missing character: There is no g in font nullfont!
Missing character: There is no r in font nullfont!
Missing character: There is no a in font nullfont!
Missing character: There is no p in font nullfont!
Missing character: There is no h in font nullfont!
Missing character: There is no f in font nullfont!
Missing character: There is no o in font nullfont!
Missing character: There is no r in font nullfont!
Missing character: There is no t in font nullfont!
Missing character: There is no h in font nullfont!
Missing character: There is no i in font nullfont!
Missing character: There is no s in font nullfont!
Missing character: There is no f in font nullfont!
Missing character: There is no u in font nullfont!
Missing character: There is no n in font nullfont!
Missing character: There is no c in font nullfont!
Missing character: There is no t in font nullfont!
Missing character: There is no i in font nullfont!
Missing character: There is no o in font nullfont!
Missing character: There is no n in font nullfont!
./random_8cpp.tex:41: Undefined control sequence.
l.41 Here is the caller graph for this function\+
                                                 :
The control sequence at the end of the top line
of your error message was never \def'ed. If you have
misspelled it (e.g., `\hobx'), type `I' and the correct
spelling (e.g., `I\hbox'). Otherwise just continue,
and I'll forget about whatever was undefined.

Missing character: There is no : in font nullfont!

./random_8cpp.tex:43: LaTeX Error: Environment figure undefined.

See the LaTeX manual or LaTeX Companion for explanation.
Type  H <return>  for immediate help.
 ...                                              
                                                  
l.43 \begin{figure}
                   [H]
Your command was ignored.
Type  I <command> <return>  to replace it with another command,
or  <return>  to continue without it.

Missing character: There is no [ in font nullfont!
Missing character: There is no H in font nullfont!
Missing character: There is no ] in font nullfont!

Overfull \hbox (20.0pt too wide) in paragraph at lines 41--44
[]
 []

./random_8cpp.tex:46: Undefined control sequence.
l.46 \includegraphics
                     [width=350pt]{random_8cpp_abf149eca79102ed82dcf8ff17cc5...
The control sequence at the end of the top line
of your error message was never \def'ed. If you have
misspelled it (e.g., `\hobx'), type `I' and the correct
spelling (e.g., `I\hbox'). Otherwise just continue,
and I'll forget about whatever was undefined.

Missing character: There is no [ in font nullfont!
Missing character: There is no w in font nullfont!
Missing character: There is no i in font nullfont!
Missing character: There is no d in font nullfont!
Missing character: There is no t in font nullfont!
Missing character: There is no h in font nullfont!
Missing character: There is no = in font nullfont!
Missing character: There is no 3 in font nullfont!
Missing character: There is no 5 in font nullfont!
Missing character: There is no 0 in font nullfont!
Missing character: There is no p in font nullfont!
Missing character: There is no t in font nullfont!
Missing character: There is no ] in font nullfont!
Missing character: There is no r in font nullfont!
Missing character: There is no a in font nullfont!
Missing character: There is no n in font nullfont!
Missing character: There is no d in font nullfont!
Missing character: There is no o in font nullfont!
Missing character: There is no m in font nullfont!
./random_8cpp.tex:46: Missing $ inserted.
<inserted text> 
                $
l.46 \includegraphics[width=350pt]{random_
                                          8cpp_abf149eca79102ed82dcf8ff17cc5...
I've inserted a begin-math/end-math symbol since I think
you left one out. Proceed, with fingers crossed.

./random_8cpp.tex:46: Extra }, or forgotten $.
l.46 ...abf149eca79102ed82dcf8ff17cc5033b_icgraph}
                                                  
I've deleted a group-closing symbol because it seems to be
spurious, as in `$x}$'. But perhaps the } is legitimate and
you forgot something else, as in `\hbox{$x}'. In such cases
the way to recover is to insert both the forgotten and the
deleted material, e.g., by typing `I$}'.


./random_8cpp.tex:47: LaTeX Error: Command \end{center} invalid in math mode.

See the LaTeX manual or LaTeX Companion for explanation.
Type  H <return>  for immediate help.
 ...                                              
                                                  
l.47 \end{center}
                 
Try typing  <return>  to proceed.
If that doesn't work, type  X <return>  to quit.

./random_8cpp.tex:47: Missing $ inserted.
<inserted text> 
                $
l.47 \end{center}
                 
I've inserted a begin-math/end-math symbol since I think
you left one out. Proceed, with fingers crossed.


Overfull \hbox (217.15823pt too wide) in paragraph at lines 45--47
 []\OML/cmm/m/it/10 cpp[]bf\OT1/cmr/m/n/10 149\OML/cmm/m/it/10 eca\OT1/cmr/m/n/10 79102\OML/cmm/m/it/10 ed\OT1/cmr/m/n/10 82\OML/cmm/m/it/10 dcf\OT1/cmr/m/n/10 8\OML/cmm/m/it/10 ff\OT1/cmr/m/n/10 17\OML/cmm/m/it/10 cc\OT1/cmr/m/n/10 5033\OML/cmm/m/it/10 b[]cgraph 
 []

./random_8cpp.tex:47: Missing } inserted.
<inserted text> 
                }
l.47 \end{center}
                 
I've inserted something that you may have forgotten.
(See the <inserted text> above.)
With luck, this will get me unwedged. But if you
really didn't forget anything, try typing `2' now; then
my insertion and my current dilemma will both disappear.


./random_8cpp.tex:48: LaTeX Error: \begin{document} ended by \end{figure}.

See the LaTeX manual or LaTeX Companion for explanation.
Type  H <return>  for immediate help.
 ...                                              
                                                  
l.48 \end{figure}
                 
Your command was ignored.
Type  I <command> <return>  to replace it with another command,
or  <return>  to continue without it.

)
! Emergency stop.
<*> random_8cpp.tex
                   
*** (job aborted, no legal \end found)

 
Here is how much of TeX's memory you used:
 40 strings out of 469269
 899 string characters out of 5467112
 432984 words of memory out of 5000000
 28570 multiletter control sequences out of 15000+600000
 627339 words of font info for 42 fonts, out of 8000000 for 9000
 319 hyphenation exceptions out of 8191
 22i,6n,23p,208b,87s stack positions out of 10000i,1000n,20000p,200000b,200000s
!  ==> Fatal error occurred, no output PDF file produced!
