This is pdfTeX, Version 3.141592653-2.6-1.40.28 (TeX Live 2025) (preloaded format=pdflatex 2025.9.24)  27 SEP 2025 21:22
entering extended mode
 \write18 enabled.
 file:line:error style messages enabled.
 %&-line parsing enabled.
**raw__socket__engine_8hpp_source.tex
(./raw__socket__engine_8hpp_source.tex
LaTeX2e <2025-06-01> patch level 1
L3 programming layer <2025-09-02>
./raw__socket__engine_8hpp_source.tex:1: Undefined control sequence.
l.1 \doxysection
                {raw\+\_\+socket\+\_\+engine.\+hpp}
The control sequence at the end of the top line
of your error message was never \def'ed. If you have
misspelled it (e.g., `\hobx'), type `I' and the correct
spelling (e.g., `I\hbox'). Otherwise just continue,
and I'll forget about whatever was undefined.


./raw__socket__engine_8hpp_source.tex:1: LaTeX Error: Missing \begin{document}.

See the LaTeX manual or LaTeX Companion for explanation.
Type  H <return>  for immediate help.
 ...                                              
                                                  
l.1 \doxysection{r
                  aw\+\_\+socket\+\_\+engine.\+hpp}
You're in trouble here.  Try typing  <return>  to proceed.
If that doesn't work, type  X <return>  to quit.

Missing character: There is no r in font nullfont!
Missing character: There is no a in font nullfont!
Missing character: There is no w in font nullfont!
./raw__socket__engine_8hpp_source.tex:1: Undefined control sequence.
l.1 \doxysection{raw\+
                      \_\+socket\+\_\+engine.\+hpp}
The control sequence at the end of the top line
of your error message was never \def'ed. If you have
misspelled it (e.g., `\hobx'), type `I' and the correct
spelling (e.g., `I\hbox'). Otherwise just continue,
and I'll forget about whatever was undefined.

./raw__socket__engine_8hpp_source.tex:1: Undefined control sequence.
l.1 \doxysection{raw\+\_\+
                          socket\+\_\+engine.\+hpp}
The control sequence at the end of the top line
of your error message was never \def'ed. If you have
misspelled it (e.g., `\hobx'), type `I' and the correct
spelling (e.g., `I\hbox'). Otherwise just continue,
and I'll forget about whatever was undefined.

Missing character: There is no s in font nullfont!
Missing character: There is no o in font nullfont!
Missing character: There is no c in font nullfont!
Missing character: There is no k in font nullfont!
Missing character: There is no e in font nullfont!
Missing character: There is no t in font nullfont!
./raw__socket__engine_8hpp_source.tex:1: Undefined control sequence.
l.1 \doxysection{raw\+\_\+socket\+
                                  \_\+engine.\+hpp}
The control sequence at the end of the top line
of your error message was never \def'ed. If you have
misspelled it (e.g., `\hobx'), type `I' and the correct
spelling (e.g., `I\hbox'). Otherwise just continue,
and I'll forget about whatever was undefined.

./raw__socket__engine_8hpp_source.tex:1: Undefined control sequence.
l.1 \doxysection{raw\+\_\+socket\+\_\+
                                      engine.\+hpp}
The control sequence at the end of the top line
of your error message was never \def'ed. If you have
misspelled it (e.g., `\hobx'), type `I' and the correct
spelling (e.g., `I\hbox'). Otherwise just continue,
and I'll forget about whatever was undefined.

Missing character: There is no e in font nullfont!
Missing character: There is no n in font nullfont!
Missing character: There is no g in font nullfont!
Missing character: There is no i in font nullfont!
Missing character: There is no n in font nullfont!
Missing character: There is no e in font nullfont!
Missing character: There is no . in font nullfont!
./raw__socket__engine_8hpp_source.tex:1: Undefined control sequence.
l.1 \doxysection{raw\+\_\+socket\+\_\+engine.\+
                                               hpp}
The control sequence at the end of the top line
of your error message was never \def'ed. If you have
misspelled it (e.g., `\hobx'), type `I' and the correct
spelling (e.g., `I\hbox'). Otherwise just continue,
and I'll forget about whatever was undefined.

Missing character: There is no h in font nullfont!
Missing character: There is no p in font nullfont!
Missing character: There is no p in font nullfont!
./raw__socket__engine_8hpp_source.tex:2: Undefined control sequence.
l.2 \hypertarget
                {raw__socket__engine_8hpp_source}{}\label{raw__socket__engin...
The control sequence at the end of the top line
of your error message was never \def'ed. If you have
misspelled it (e.g., `\hobx'), type `I' and the correct
spelling (e.g., `I\hbox'). Otherwise just continue,
and I'll forget about whatever was undefined.

Missing character: There is no r in font nullfont!
Missing character: There is no a in font nullfont!
Missing character: There is no w in font nullfont!
./raw__socket__engine_8hpp_source.tex:2: Missing $ inserted.
<inserted text> 
                $
l.2 \hypertarget{raw_
                     _socket__engine_8hpp_source}{}\label{raw__socket__engin...
I've inserted a begin-math/end-math symbol since I think
you left one out. Proceed, with fingers crossed.

LaTeX Font Info:    External font `cmex10' loaded for size
(Font)              <7> on input line 2.
LaTeX Font Info:    External font `cmex10' loaded for size
(Font)              <5> on input line 2.
./raw__socket__engine_8hpp_source.tex:2: Missing { inserted.
<to be read again> 
                   _
l.2 \hypertarget{raw__
                      socket__engine_8hpp_source}{}\label{raw__socket__engin...
A left brace was mandatory here, so I've put one in.
You might want to delete and/or insert some corrections
so that I will find a matching right brace soon.
(If you're confused by all this, try typing `I}' now.)

./raw__socket__engine_8hpp_source.tex:2: Missing { inserted.
<to be read again> 
                   _
l.2 \hypertarget{raw__socket__
                              engine_8hpp_source}{}\label{raw__socket__engin...
A left brace was mandatory here, so I've put one in.
You might want to delete and/or insert some corrections
so that I will find a matching right brace soon.
(If you're confused by all this, try typing `I}' now.)

./raw__socket__engine_8hpp_source.tex:3: Undefined control sequence.
<argument> \hyperlink 
                      {raw__socket__engine_8hpp}{Go to the documentation of ...
l.3 ...pp}{Go to the documentation of this file.}}
                                                  
The control sequence at the end of the top line
of your error message was never \def'ed. If you have
misspelled it (e.g., `\hobx'), type `I' and the correct
spelling (e.g., `I\hbox'). Otherwise just continue,
and I'll forget about whatever was undefined.

Missing character: There is no r in font nullfont!
Missing character: There is no a in font nullfont!
Missing character: There is no w in font nullfont!
./raw__socket__engine_8hpp_source.tex:3: Missing $ inserted.
<inserted text> 
                $
l.3 ...pp}{Go to the documentation of this file.}}
                                                  
I've inserted a begin-math/end-math symbol since I think
you left one out. Proceed, with fingers crossed.

./raw__socket__engine_8hpp_source.tex:3: Missing { inserted.
<to be read again> 
                   _
l.3 ...pp}{Go to the documentation of this file.}}
                                                  
A left brace was mandatory here, so I've put one in.
You might want to delete and/or insert some corrections
so that I will find a matching right brace soon.
(If you're confused by all this, try typing `I}' now.)

./raw__socket__engine_8hpp_source.tex:3: Missing { inserted.
<to be read again> 
                   _
l.3 ...pp}{Go to the documentation of this file.}}
                                                  
A left brace was mandatory here, so I've put one in.
You might want to delete and/or insert some corrections
so that I will find a matching right brace soon.
(If you're confused by all this, try typing `I}' now.)


./raw__socket__engine_8hpp_source.tex:4: LaTeX Error: Environment DoxyCode undefined.

See the LaTeX manual or LaTeX Companion for explanation.
Type  H <return>  for immediate help.
 ...                                              
                                                  
l.4 \begin{DoxyCode}
                    {0}
Your command was ignored.
Type  I <command> <return>  to replace it with another command,
or  <return>  to continue without it.

./raw__socket__engine_8hpp_source.tex:5: Undefined control sequence.
l.5 \DoxyCodeLine
                 {00001\ \textcolor{preprocessor}{\#ifndef\ RAW\_SOCKET\_ENG...
The control sequence at the end of the top line
of your error message was never \def'ed. If you have
misspelled it (e.g., `\hobx'), type `I' and the correct
spelling (e.g., `I\hbox'). Otherwise just continue,
and I'll forget about whatever was undefined.

./raw__socket__engine_8hpp_source.tex:5: Undefined control sequence.
l.5 \DoxyCodeLine{00001\ \textcolor
                                   {preprocessor}{\#ifndef\ RAW\_SOCKET\_ENG...
The control sequence at the end of the top line
of your error message was never \def'ed. If you have
misspelled it (e.g., `\hobx'), type `I' and the correct
spelling (e.g., `I\hbox'). Otherwise just continue,
and I'll forget about whatever was undefined.

./raw__socket__engine_8hpp_source.tex:6: Undefined control sequence.
l.6 \DoxyCodeLine
                 {00002\ \textcolor{preprocessor}{\#define\ RAW\_SOCKET\_ENG...
The control sequence at the end of the top line
of your error message was never \def'ed. If you have
misspelled it (e.g., `\hobx'), type `I' and the correct
spelling (e.g., `I\hbox'). Otherwise just continue,
and I'll forget about whatever was undefined.

./raw__socket__engine_8hpp_source.tex:6: Undefined control sequence.
l.6 \DoxyCodeLine{00002\ \textcolor
                                   {preprocessor}{\#define\ RAW\_SOCKET\_ENG...
The control sequence at the end of the top line
of your error message was never \def'ed. If you have
misspelled it (e.g., `\hobx'), type `I' and the correct
spelling (e.g., `I\hbox'). Otherwise just continue,
and I'll forget about whatever was undefined.

./raw__socket__engine_8hpp_source.tex:7: Undefined control sequence.
l.7 \DoxyCodeLine
                 {00003\ }
The control sequence at the end of the top line
of your error message was never \def'ed. If you have
misspelled it (e.g., `\hobx'), type `I' and the correct
spelling (e.g., `I\hbox'). Otherwise just continue,
and I'll forget about whatever was undefined.

./raw__socket__engine_8hpp_source.tex:8: Undefined control sequence.
l.8 \DoxyCodeLine
                 {00004\ \textcolor{preprocessor}{\#include\ <sys/socket.h>}}
The control sequence at the end of the top line
of your error message was never \def'ed. If you have
misspelled it (e.g., `\hobx'), type `I' and the correct
spelling (e.g., `I\hbox'). Otherwise just continue,
and I'll forget about whatever was undefined.

./raw__socket__engine_8hpp_source.tex:8: Undefined control sequence.
l.8 \DoxyCodeLine{00004\ \textcolor
                                   {preprocessor}{\#include\ <sys/socket.h>}}
The control sequence at the end of the top line
of your error message was never \def'ed. If you have
misspelled it (e.g., `\hobx'), type `I' and the correct
spelling (e.g., `I\hbox'). Otherwise just continue,
and I'll forget about whatever was undefined.

./raw__socket__engine_8hpp_source.tex:9: Undefined control sequence.
l.9 \DoxyCodeLine
                 {00005\ \textcolor{preprocessor}{\#include\ <net/ethernet.h>}}
The control sequence at the end of the top line
of your error message was never \def'ed. If you have
misspelled it (e.g., `\hobx'), type `I' and the correct
spelling (e.g., `I\hbox'). Otherwise just continue,
and I'll forget about whatever was undefined.

./raw__socket__engine_8hpp_source.tex:9: Undefined control sequence.
l.9 \DoxyCodeLine{00005\ \textcolor
                                   {preprocessor}{\#include\ <net/ethernet.h>}}
The control sequence at the end of the top line
of your error message was never \def'ed. If you have
misspelled it (e.g., `\hobx'), type `I' and the correct
spelling (e.g., `I\hbox'). Otherwise just continue,
and I'll forget about whatever was undefined.

./raw__socket__engine_8hpp_source.tex:10: Undefined control sequence.
l.10 \DoxyCodeLine
                  {00006\ \textcolor{preprocessor}{\#include\ <netpacket/pac...
The control sequence at the end of the top line
of your error message was never \def'ed. If you have
misspelled it (e.g., `\hobx'), type `I' and the correct
spelling (e.g., `I\hbox'). Otherwise just continue,
and I'll forget about whatever was undefined.

./raw__socket__engine_8hpp_source.tex:10: Undefined control sequence.
l.10 \DoxyCodeLine{00006\ \textcolor
                                    {preprocessor}{\#include\ <netpacket/pac...
The control sequence at the end of the top line
of your error message was never \def'ed. If you have
misspelled it (e.g., `\hobx'), type `I' and the correct
spelling (e.g., `I\hbox'). Otherwise just continue,
and I'll forget about whatever was undefined.

./raw__socket__engine_8hpp_source.tex:11: Undefined control sequence.
l.11 \DoxyCodeLine
                  {00007\ \textcolor{preprocessor}{\#include\ <arpa/inet.h>}}
The control sequence at the end of the top line
of your error message was never \def'ed. If you have
misspelled it (e.g., `\hobx'), type `I' and the correct
spelling (e.g., `I\hbox'). Otherwise just continue,
and I'll forget about whatever was undefined.

./raw__socket__engine_8hpp_source.tex:11: Undefined control sequence.
l.11 \DoxyCodeLine{00007\ \textcolor
                                    {preprocessor}{\#include\ <arpa/inet.h>}}
The control sequence at the end of the top line
of your error message was never \def'ed. If you have
misspelled it (e.g., `\hobx'), type `I' and the correct
spelling (e.g., `I\hbox'). Otherwise just continue,
and I'll forget about whatever was undefined.

./raw__socket__engine_8hpp_source.tex:12: Undefined control sequence.
l.12 \DoxyCodeLine
                  {00008\ \textcolor{preprocessor}{\#include\ <unistd.h>}}
The control sequence at the end of the top line
of your error message was never \def'ed. If you have
misspelled it (e.g., `\hobx'), type `I' and the correct
spelling (e.g., `I\hbox'). Otherwise just continue,
and I'll forget about whatever was undefined.

./raw__socket__engine_8hpp_source.tex:12: Undefined control sequence.
l.12 \DoxyCodeLine{00008\ \textcolor
                                    {preprocessor}{\#include\ <unistd.h>}}
The control sequence at the end of the top line
of your error message was never \def'ed. If you have
misspelled it (e.g., `\hobx'), type `I' and the correct
spelling (e.g., `I\hbox'). Otherwise just continue,
and I'll forget about whatever was undefined.

./raw__socket__engine_8hpp_source.tex:13: Undefined control sequence.
l.13 \DoxyCodeLine
                  {00009\ \textcolor{preprocessor}{\#include\ <cstring>}}
The control sequence at the end of the top line
of your error message was never \def'ed. If you have
misspelled it (e.g., `\hobx'), type `I' and the correct
spelling (e.g., `I\hbox'). Otherwise just continue,
and I'll forget about whatever was undefined.

./raw__socket__engine_8hpp_source.tex:13: Undefined control sequence.
l.13 \DoxyCodeLine{00009\ \textcolor
                                    {preprocessor}{\#include\ <cstring>}}
The control sequence at the end of the top line
of your error message was never \def'ed. If you have
misspelled it (e.g., `\hobx'), type `I' and the correct
spelling (e.g., `I\hbox'). Otherwise just continue,
and I'll forget about whatever was undefined.

./raw__socket__engine_8hpp_source.tex:14: Undefined control sequence.
l.14 \DoxyCodeLine
                  {00010\ \textcolor{preprocessor}{\#include\ <net/if.h>}}
The control sequence at the end of the top line
of your error message was never \def'ed. If you have
misspelled it (e.g., `\hobx'), type `I' and the correct
spelling (e.g., `I\hbox'). Otherwise just continue,
and I'll forget about whatever was undefined.

./raw__socket__engine_8hpp_source.tex:14: Undefined control sequence.
l.14 \DoxyCodeLine{00010\ \textcolor
                                    {preprocessor}{\#include\ <net/if.h>}}
The control sequence at the end of the top line
of your error message was never \def'ed. If you have
misspelled it (e.g., `\hobx'), type `I' and the correct
spelling (e.g., `I\hbox'). Otherwise just continue,
and I'll forget about whatever was undefined.

./raw__socket__engine_8hpp_source.tex:15: Undefined control sequence.
l.15 \DoxyCodeLine
                  {00011\ \textcolor{preprocessor}{\#include\ <sys/ioctl.h>}}
The control sequence at the end of the top line
of your error message was never \def'ed. If you have
misspelled it (e.g., `\hobx'), type `I' and the correct
spelling (e.g., `I\hbox'). Otherwise just continue,
and I'll forget about whatever was undefined.

./raw__socket__engine_8hpp_source.tex:15: Undefined control sequence.
l.15 \DoxyCodeLine{00011\ \textcolor
                                    {preprocessor}{\#include\ <sys/ioctl.h>}}
The control sequence at the end of the top line
of your error message was never \def'ed. If you have
misspelled it (e.g., `\hobx'), type `I' and the correct
spelling (e.g., `I\hbox'). Otherwise just continue,
and I'll forget about whatever was undefined.

./raw__socket__engine_8hpp_source.tex:16: Undefined control sequence.
l.16 \DoxyCodeLine
                  {00012\ \textcolor{preprocessor}{\#include\ <stdexcept>}}
The control sequence at the end of the top line
of your error message was never \def'ed. If you have
misspelled it (e.g., `\hobx'), type `I' and the correct
spelling (e.g., `I\hbox'). Otherwise just continue,
and I'll forget about whatever was undefined.

./raw__socket__engine_8hpp_source.tex:16: Undefined control sequence.
l.16 \DoxyCodeLine{00012\ \textcolor
                                    {preprocessor}{\#include\ <stdexcept>}}
The control sequence at the end of the top line
of your error message was never \def'ed. If you have
misspelled it (e.g., `\hobx'), type `I' and the correct
spelling (e.g., `I\hbox'). Otherwise just continue,
and I'll forget about whatever was undefined.

./raw__socket__engine_8hpp_source.tex:17: Undefined control sequence.
l.17 \DoxyCodeLine
                  {00013\ \textcolor{preprocessor}{\#include\ <iostream>}}
The control sequence at the end of the top line
of your error message was never \def'ed. If you have
misspelled it (e.g., `\hobx'), type `I' and the correct
spelling (e.g., `I\hbox'). Otherwise just continue,
and I'll forget about whatever was undefined.

./raw__socket__engine_8hpp_source.tex:17: Undefined control sequence.
l.17 \DoxyCodeLine{00013\ \textcolor
                                    {preprocessor}{\#include\ <iostream>}}
The control sequence at the end of the top line
of your error message was never \def'ed. If you have
misspelled it (e.g., `\hobx'), type `I' and the correct
spelling (e.g., `I\hbox'). Otherwise just continue,
and I'll forget about whatever was undefined.

./raw__socket__engine_8hpp_source.tex:18: Undefined control sequence.
l.18 \DoxyCodeLine
                  {00014\ \textcolor{preprocessor}{\#include\ <vector>}}
The control sequence at the end of the top line
of your error message was never \def'ed. If you have
misspelled it (e.g., `\hobx'), type `I' and the correct
spelling (e.g., `I\hbox'). Otherwise just continue,
and I'll forget about whatever was undefined.

./raw__socket__engine_8hpp_source.tex:18: Undefined control sequence.
l.18 \DoxyCodeLine{00014\ \textcolor
                                    {preprocessor}{\#include\ <vector>}}
The control sequence at the end of the top line
of your error message was never \def'ed. If you have
misspelled it (e.g., `\hobx'), type `I' and the correct
spelling (e.g., `I\hbox'). Otherwise just continue,
and I'll forget about whatever was undefined.

./raw__socket__engine_8hpp_source.tex:19: Undefined control sequence.
l.19 \DoxyCodeLine
                  {00015\ }
The control sequence at the end of the top line
of your error message was never \def'ed. If you have
misspelled it (e.g., `\hobx'), type `I' and the correct
spelling (e.g., `I\hbox'). Otherwise just continue,
and I'll forget about whatever was undefined.

./raw__socket__engine_8hpp_source.tex:20: Undefined control sequence.
l.20 \DoxyCodeLine
                  {00016\ \textcolor{preprocessor}{\#include\ "{}\mbox{\hype...
The control sequence at the end of the top line
of your error message was never \def'ed. If you have
misspelled it (e.g., `\hobx'), type `I' and the correct
spelling (e.g., `I\hbox'). Otherwise just continue,
and I'll forget about whatever was undefined.

./raw__socket__engine_8hpp_source.tex:20: Undefined control sequence.
l.20 \DoxyCodeLine{00016\ \textcolor
                                    {preprocessor}{\#include\ "{}\mbox{\hype...
The control sequence at the end of the top line
of your error message was never \def'ed. If you have
misspelled it (e.g., `\hobx'), type `I' and the correct
spelling (e.g., `I\hbox'). Otherwise just continue,
and I'll forget about whatever was undefined.

./raw__socket__engine_8hpp_source.tex:20: Undefined control sequence.
<argument> \hyperlink 
                      {ethernet_8hpp}{api/network/definitions/ethernet.hpp}
l.20 ...pp}{api/network/definitions/ethernet.hpp}}
                                                  "{}}}
The control sequence at the end of the top line
of your error message was never \def'ed. If you have
misspelled it (e.g., `\hobx'), type `I' and the correct
spelling (e.g., `I\hbox'). Otherwise just continue,
and I'll forget about whatever was undefined.

Missing character: There is no e in font nullfont!
Missing character: There is no t in font nullfont!
Missing character: There is no h in font nullfont!
Missing character: There is no e in font nullfont!
Missing character: There is no r in font nullfont!
Missing character: There is no n in font nullfont!
Missing character: There is no e in font nullfont!
Missing character: There is no t in font nullfont!
./raw__socket__engine_8hpp_source.tex:20: Missing $ inserted.
<inserted text> 
                $
l.20 ...pp}{api/network/definitions/ethernet.hpp}}
                                                  "{}}}
I've inserted a begin-math/end-math symbol since I think
you left one out. Proceed, with fingers crossed.

./raw__socket__engine_8hpp_source.tex:20: Extra }, or forgotten $.
<argument> \hyperlink {ethernet_8hpp}
                                     {api/network/definitions/ethernet.hpp}
l.20 ...pp}{api/network/definitions/ethernet.hpp}}
                                                  "{}}}
I've deleted a group-closing symbol because it seems to be
spurious, as in `$x}$'. But perhaps the } is legitimate and
you forgot something else, as in `\hbox{$x}'. In such cases
the way to recover is to insert both the forgotten and the
deleted material, e.g., by typing `I$}'.

./raw__socket__engine_8hpp_source.tex:20: Extra }, or forgotten $.
\mbox  #1->\leavevmode \hbox {#1}
                                 
l.20 ...pp}{api/network/definitions/ethernet.hpp}}
                                                  "{}}}
I've deleted a group-closing symbol because it seems to be
spurious, as in `$x}$'. But perhaps the } is legitimate and
you forgot something else, as in `\hbox{$x}'. In such cases
the way to recover is to insert both the forgotten and the
deleted material, e.g., by typing `I$}'.

./raw__socket__engine_8hpp_source.tex:20: Extra }, or forgotten $.
l.20 ...api/network/definitions/ethernet.hpp}}"{}}
                                                  }
I've deleted a group-closing symbol because it seems to be
spurious, as in `$x}$'. But perhaps the } is legitimate and
you forgot something else, as in `\hbox{$x}'. In such cases
the way to recover is to insert both the forgotten and the
deleted material, e.g., by typing `I$}'.

./raw__socket__engine_8hpp_source.tex:20: Extra }, or forgotten $.
l.20 ...pi/network/definitions/ethernet.hpp}}"{}}}
                                                  
I've deleted a group-closing symbol because it seems to be
spurious, as in `$x}$'. But perhaps the } is legitimate and
you forgot something else, as in `\hbox{$x}'. In such cases
the way to recover is to insert both the forgotten and the
deleted material, e.g., by typing `I$}'.

./raw__socket__engine_8hpp_source.tex:21: Undefined control sequence.
l.21 \DoxyCodeLine
                  {00017\ }
The control sequence at the end of the top line
of your error message was never \def'ed. If you have
misspelled it (e.g., `\hobx'), type `I' and the correct
spelling (e.g., `I\hbox'). Otherwise just continue,
and I'll forget about whatever was undefined.

./raw__socket__engine_8hpp_source.tex:22: Undefined control sequence.
l.22 \DoxyCodeLine
                  {00018\ }
The control sequence at the end of the top line
of your error message was never \def'ed. If you have
misspelled it (e.g., `\hobx'), type `I' and the correct
spelling (e.g., `I\hbox'). Otherwise just continue,
and I'll forget about whatever was undefined.

./raw__socket__engine_8hpp_source.tex:23: Undefined control sequence.
l.23 \DoxyCodeLine
                  {00019\ \textcolor{preprocessor}{\#include\ "{}\mbox{\hype...
The control sequence at the end of the top line
of your error message was never \def'ed. If you have
misspelled it (e.g., `\hobx'), type `I' and the correct
spelling (e.g., `I\hbox'). Otherwise just continue,
and I'll forget about whatever was undefined.

./raw__socket__engine_8hpp_source.tex:23: Undefined control sequence.
l.23 \DoxyCodeLine{00019\ \textcolor
                                    {preprocessor}{\#include\ "{}\mbox{\hype...
The control sequence at the end of the top line
of your error message was never \def'ed. If you have
misspelled it (e.g., `\hobx'), type `I' and the correct
spelling (e.g., `I\hbox'). Otherwise just continue,
and I'll forget about whatever was undefined.

./raw__socket__engine_8hpp_source.tex:23: Undefined control sequence.
<argument> \hyperlink 
                      {ethernet_8hpp}{api/network/definitions/ethernet.hpp}
l.23 ...pp}{api/network/definitions/ethernet.hpp}}
                                                  "{}}}
The control sequence at the end of the top line
of your error message was never \def'ed. If you have
misspelled it (e.g., `\hobx'), type `I' and the correct
spelling (e.g., `I\hbox'). Otherwise just continue,
and I'll forget about whatever was undefined.

Missing character: There is no e in font nullfont!
Missing character: There is no t in font nullfont!
Missing character: There is no h in font nullfont!
Missing character: There is no e in font nullfont!
Missing character: There is no r in font nullfont!
Missing character: There is no n in font nullfont!
Missing character: There is no e in font nullfont!
Missing character: There is no t in font nullfont!
./raw__socket__engine_8hpp_source.tex:23: Missing $ inserted.
<inserted text> 
                $
l.23 ...pp}{api/network/definitions/ethernet.hpp}}
                                                  "{}}}
I've inserted a begin-math/end-math symbol since I think
you left one out. Proceed, with fingers crossed.

./raw__socket__engine_8hpp_source.tex:23: Extra }, or forgotten $.
<argument> \hyperlink {ethernet_8hpp}
                                     {api/network/definitions/ethernet.hpp}
l.23 ...pp}{api/network/definitions/ethernet.hpp}}
                                                  "{}}}
I've deleted a group-closing symbol because it seems to be
spurious, as in `$x}$'. But perhaps the } is legitimate and
you forgot something else, as in `\hbox{$x}'. In such cases
the way to recover is to insert both the forgotten and the
deleted material, e.g., by typing `I$}'.

./raw__socket__engine_8hpp_source.tex:23: Extra }, or forgotten $.
\mbox  #1->\leavevmode \hbox {#1}
                                 
l.23 ...pp}{api/network/definitions/ethernet.hpp}}
                                                  "{}}}
I've deleted a group-closing symbol because it seems to be
spurious, as in `$x}$'. But perhaps the } is legitimate and
you forgot something else, as in `\hbox{$x}'. In such cases
the way to recover is to insert both the forgotten and the
deleted material, e.g., by typing `I$}'.

./raw__socket__engine_8hpp_source.tex:23: Extra }, or forgotten $.
l.23 ...api/network/definitions/ethernet.hpp}}"{}}
                                                  }
I've deleted a group-closing symbol because it seems to be
spurious, as in `$x}$'. But perhaps the } is legitimate and
you forgot something else, as in `\hbox{$x}'. In such cases
the way to recover is to insert both the forgotten and the
deleted material, e.g., by typing `I$}'.

./raw__socket__engine_8hpp_source.tex:23: Extra }, or forgotten $.
l.23 ...pi/network/definitions/ethernet.hpp}}"{}}}
                                                  
I've deleted a group-closing symbol because it seems to be
spurious, as in `$x}$'. But perhaps the } is legitimate and
you forgot something else, as in `\hbox{$x}'. In such cases
the way to recover is to insert both the forgotten and the
deleted material, e.g., by typing `I$}'.

./raw__socket__engine_8hpp_source.tex:24: Undefined control sequence.
l.24 \DoxyCodeLine
                  {00020\ }
The control sequence at the end of the top line
of your error message was never \def'ed. If you have
misspelled it (e.g., `\hobx'), type `I' and the correct
spelling (e.g., `I\hbox'). Otherwise just continue,
and I'll forget about whatever was undefined.

./raw__socket__engine_8hpp_source.tex:25: Undefined control sequence.
l.25 \DoxyCodeLine
                  {00021\ \textcolor{keyword}{class\ }\mbox{\hyperlink{class...
The control sequence at the end of the top line
of your error message was never \def'ed. If you have
misspelled it (e.g., `\hobx'), type `I' and the correct
spelling (e.g., `I\hbox'). Otherwise just continue,
and I'll forget about whatever was undefined.

./raw__socket__engine_8hpp_source.tex:25: Undefined control sequence.
l.25 \DoxyCodeLine{00021\ \textcolor
                                    {keyword}{class\ }\mbox{\hyperlink{class...
The control sequence at the end of the top line
of your error message was never \def'ed. If you have
misspelled it (e.g., `\hobx'), type `I' and the correct
spelling (e.g., `I\hbox'). Otherwise just continue,
and I'll forget about whatever was undefined.

./raw__socket__engine_8hpp_source.tex:25: Undefined control sequence.
<argument> \hyperlink 
                      {class_raw_socket_engine_a992be0005ab66d1e6e54e6f139d4...
l.25 ...ab66d1e6e54e6f139d4da6d}{RawSocketEngine}}
                                                  \ }
The control sequence at the end of the top line
of your error message was never \def'ed. If you have
misspelled it (e.g., `\hobx'), type `I' and the correct
spelling (e.g., `I\hbox'). Otherwise just continue,
and I'll forget about whatever was undefined.

Missing character: There is no c in font nullfont!
Missing character: There is no l in font nullfont!
Missing character: There is no a in font nullfont!
Missing character: There is no s in font nullfont!
Missing character: There is no s in font nullfont!
./raw__socket__engine_8hpp_source.tex:25: Missing $ inserted.
<inserted text> 
                $
l.25 ...ab66d1e6e54e6f139d4da6d}{RawSocketEngine}}
                                                  \ }
I've inserted a begin-math/end-math symbol since I think
you left one out. Proceed, with fingers crossed.

./raw__socket__engine_8hpp_source.tex:25: Extra }, or forgotten $.
<argument> ...e_a992be0005ab66d1e6e54e6f139d4da6d}
                                                  {RawSocketEngine}
l.25 ...ab66d1e6e54e6f139d4da6d}{RawSocketEngine}}
                                                  \ }
I've deleted a group-closing symbol because it seems to be
spurious, as in `$x}$'. But perhaps the } is legitimate and
you forgot something else, as in `\hbox{$x}'. In such cases
the way to recover is to insert both the forgotten and the
deleted material, e.g., by typing `I$}'.

./raw__socket__engine_8hpp_source.tex:25: Extra }, or forgotten $.
\mbox  #1->\leavevmode \hbox {#1}
                                 
l.25 ...ab66d1e6e54e6f139d4da6d}{RawSocketEngine}}
                                                  \ }
I've deleted a group-closing symbol because it seems to be
spurious, as in `$x}$'. But perhaps the } is legitimate and
you forgot something else, as in `\hbox{$x}'. In such cases
the way to recover is to insert both the forgotten and the
deleted material, e.g., by typing `I$}'.

./raw__socket__engine_8hpp_source.tex:25: Extra }, or forgotten $.
l.25 ...6d1e6e54e6f139d4da6d}{RawSocketEngine}}\ }
                                                  
I've deleted a group-closing symbol because it seems to be
spurious, as in `$x}$'. But perhaps the } is legitimate and
you forgot something else, as in `\hbox{$x}'. In such cases
the way to recover is to insert both the forgotten and the
deleted material, e.g., by typing `I$}'.

./raw__socket__engine_8hpp_source.tex:26: Undefined control sequence.
l.26 \DoxyCodeLine
                  {00022\ \{}
The control sequence at the end of the top line
of your error message was never \def'ed. If you have
misspelled it (e.g., `\hobx'), type `I' and the correct
spelling (e.g., `I\hbox'). Otherwise just continue,
and I'll forget about whatever was undefined.

./raw__socket__engine_8hpp_source.tex:27: Undefined control sequence.
l.27 \DoxyCodeLine
                  {00023\ \textcolor{keyword}{private}:}
The control sequence at the end of the top line
of your error message was never \def'ed. If you have
misspelled it (e.g., `\hobx'), type `I' and the correct
spelling (e.g., `I\hbox'). Otherwise just continue,
and I'll forget about whatever was undefined.

./raw__socket__engine_8hpp_source.tex:27: Undefined control sequence.
l.27 \DoxyCodeLine{00023\ \textcolor
                                    {keyword}{private}:}
The control sequence at the end of the top line
of your error message was never \def'ed. If you have
misspelled it (e.g., `\hobx'), type `I' and the correct
spelling (e.g., `I\hbox'). Otherwise just continue,
and I'll forget about whatever was undefined.

./raw__socket__engine_8hpp_source.tex:28: Undefined control sequence.
l.28 \DoxyCodeLine
                  {00024\ \ \ \ \ \textcolor{keywordtype}{int}\ \mbox{\hyper...
The control sequence at the end of the top line
of your error message was never \def'ed. If you have
misspelled it (e.g., `\hobx'), type `I' and the correct
spelling (e.g., `I\hbox'). Otherwise just continue,
and I'll forget about whatever was undefined.

./raw__socket__engine_8hpp_source.tex:28: Undefined control sequence.
l.28 \DoxyCodeLine{00024\ \ \ \ \ \textcolor
                                            {keywordtype}{int}\ \mbox{\hyper...
The control sequence at the end of the top line
of your error message was never \def'ed. If you have
misspelled it (e.g., `\hobx'), type `I' and the correct
spelling (e.g., `I\hbox'). Otherwise just continue,
and I'll forget about whatever was undefined.

./raw__socket__engine_8hpp_source.tex:28: Undefined control sequence.
<argument> \hyperlink 
                      {class_raw_socket_engine_a29d8f168439688fcb8168f1d3874...
l.28 ...29d8f168439688fcb8168f1d38745fb5}{\_sock}}
                                                  ;}
The control sequence at the end of the top line
of your error message was never \def'ed. If you have
misspelled it (e.g., `\hobx'), type `I' and the correct
spelling (e.g., `I\hbox'). Otherwise just continue,
and I'll forget about whatever was undefined.

Missing character: There is no c in font nullfont!
Missing character: There is no l in font nullfont!
Missing character: There is no a in font nullfont!
Missing character: There is no s in font nullfont!
Missing character: There is no s in font nullfont!
./raw__socket__engine_8hpp_source.tex:28: Missing $ inserted.
<inserted text> 
                $
l.28 ...29d8f168439688fcb8168f1d38745fb5}{\_sock}}
                                                  ;}
I've inserted a begin-math/end-math symbol since I think
you left one out. Proceed, with fingers crossed.

./raw__socket__engine_8hpp_source.tex:28: Extra }, or forgotten $.
<argument> ...e_a29d8f168439688fcb8168f1d38745fb5}
                                                  {\_sock}
l.28 ...29d8f168439688fcb8168f1d38745fb5}{\_sock}}
                                                  ;}
I've deleted a group-closing symbol because it seems to be
spurious, as in `$x}$'. But perhaps the } is legitimate and
you forgot something else, as in `\hbox{$x}'. In such cases
the way to recover is to insert both the forgotten and the
deleted material, e.g., by typing `I$}'.

./raw__socket__engine_8hpp_source.tex:28: Extra }, or forgotten $.
\mbox  #1->\leavevmode \hbox {#1}
                                 
l.28 ...29d8f168439688fcb8168f1d38745fb5}{\_sock}}
                                                  ;}
I've deleted a group-closing symbol because it seems to be
spurious, as in `$x}$'. But perhaps the } is legitimate and
you forgot something else, as in `\hbox{$x}'. In such cases
the way to recover is to insert both the forgotten and the
deleted material, e.g., by typing `I$}'.

./raw__socket__engine_8hpp_source.tex:28: Extra }, or forgotten $.
l.28 ...d8f168439688fcb8168f1d38745fb5}{\_sock}};}
                                                  
I've deleted a group-closing symbol because it seems to be
spurious, as in `$x}$'. But perhaps the } is legitimate and
you forgot something else, as in `\hbox{$x}'. In such cases
the way to recover is to insert both the forgotten and the
deleted material, e.g., by typing `I$}'.

./raw__socket__engine_8hpp_source.tex:29: Undefined control sequence.
l.29 \DoxyCodeLine
                  {00025\ \ \ \ \ \textcolor{keyword}{struct\ }sockaddr\_ll\...
The control sequence at the end of the top line
of your error message was never \def'ed. If you have
misspelled it (e.g., `\hobx'), type `I' and the correct
spelling (e.g., `I\hbox'). Otherwise just continue,
and I'll forget about whatever was undefined.

./raw__socket__engine_8hpp_source.tex:29: Undefined control sequence.
l.29 \DoxyCodeLine{00025\ \ \ \ \ \textcolor
                                            {keyword}{struct\ }sockaddr\_ll\...
The control sequence at the end of the top line
of your error message was never \def'ed. If you have
misspelled it (e.g., `\hobx'), type `I' and the correct
spelling (e.g., `I\hbox'). Otherwise just continue,
and I'll forget about whatever was undefined.

./raw__socket__engine_8hpp_source.tex:29: Undefined control sequence.
<argument> \hyperlink 
                      {class_raw_socket_engine_af4ced1754ca2bb45275112b21a7e...
l.29 ...d1754ca2bb45275112b21a7edc5b}{\_sockaddr}}
                                                  ;}
The control sequence at the end of the top line
of your error message was never \def'ed. If you have
misspelled it (e.g., `\hobx'), type `I' and the correct
spelling (e.g., `I\hbox'). Otherwise just continue,
and I'll forget about whatever was undefined.

Missing character: There is no c in font nullfont!
Missing character: There is no l in font nullfont!
Missing character: There is no a in font nullfont!
Missing character: There is no s in font nullfont!
Missing character: There is no s in font nullfont!
./raw__socket__engine_8hpp_source.tex:29: Missing $ inserted.
<inserted text> 
                $
l.29 ...d1754ca2bb45275112b21a7edc5b}{\_sockaddr}}
                                                  ;}
I've inserted a begin-math/end-math symbol since I think
you left one out. Proceed, with fingers crossed.

./raw__socket__engine_8hpp_source.tex:29: Extra }, or forgotten $.
<argument> ...e_af4ced1754ca2bb45275112b21a7edc5b}
                                                  {\_sockaddr}
l.29 ...d1754ca2bb45275112b21a7edc5b}{\_sockaddr}}
                                                  ;}
I've deleted a group-closing symbol because it seems to be
spurious, as in `$x}$'. But perhaps the } is legitimate and
you forgot something else, as in `\hbox{$x}'. In such cases
the way to recover is to insert both the forgotten and the
deleted material, e.g., by typing `I$}'.

./raw__socket__engine_8hpp_source.tex:29: Extra }, or forgotten $.
\mbox  #1->\leavevmode \hbox {#1}
                                 
l.29 ...d1754ca2bb45275112b21a7edc5b}{\_sockaddr}}
                                                  ;}
I've deleted a group-closing symbol because it seems to be
spurious, as in `$x}$'. But perhaps the } is legitimate and
you forgot something else, as in `\hbox{$x}'. In such cases
the way to recover is to insert both the forgotten and the
deleted material, e.g., by typing `I$}'.

./raw__socket__engine_8hpp_source.tex:29: Extra }, or forgotten $.
l.29 ...754ca2bb45275112b21a7edc5b}{\_sockaddr}};}
                                                  
I've deleted a group-closing symbol because it seems to be
spurious, as in `$x}$'. But perhaps the } is legitimate and
you forgot something else, as in `\hbox{$x}'. In such cases
the way to recover is to insert both the forgotten and the
deleted material, e.g., by typing `I$}'.

./raw__socket__engine_8hpp_source.tex:30: Undefined control sequence.
l.30 \DoxyCodeLine
                  {00026\ \ \ \ \ \textcolor{keyword}{struct\ }ifreq\ \_ifr,...
The control sequence at the end of the top line
of your error message was never \def'ed. If you have
misspelled it (e.g., `\hobx'), type `I' and the correct
spelling (e.g., `I\hbox'). Otherwise just continue,
and I'll forget about whatever was undefined.

./raw__socket__engine_8hpp_source.tex:30: Undefined control sequence.
l.30 \DoxyCodeLine{00026\ \ \ \ \ \textcolor
                                            {keyword}{struct\ }ifreq\ \_ifr,...
The control sequence at the end of the top line
of your error message was never \def'ed. If you have
misspelled it (e.g., `\hobx'), type `I' and the correct
spelling (e.g., `I\hbox'). Otherwise just continue,
and I'll forget about whatever was undefined.

./raw__socket__engine_8hpp_source.tex:30: Undefined control sequence.
<argument> \hyperlink 
                      {class_raw_socket_engine_ab7277c58760f0e34e16731a72b6a...
l.30 ...7277c58760f0e34e16731a72b6a1ebb}{if\_mac}}
                                                  ;}
The control sequence at the end of the top line
of your error message was never \def'ed. If you have
misspelled it (e.g., `\hobx'), type `I' and the correct
spelling (e.g., `I\hbox'). Otherwise just continue,
and I'll forget about whatever was undefined.

Missing character: There is no c in font nullfont!
Missing character: There is no l in font nullfont!
Missing character: There is no a in font nullfont!
Missing character: There is no s in font nullfont!
Missing character: There is no s in font nullfont!
./raw__socket__engine_8hpp_source.tex:30: Missing $ inserted.
<inserted text> 
                $
l.30 ...7277c58760f0e34e16731a72b6a1ebb}{if\_mac}}
                                                  ;}
I've inserted a begin-math/end-math symbol since I think
you left one out. Proceed, with fingers crossed.

./raw__socket__engine_8hpp_source.tex:30: Extra }, or forgotten $.
<argument> ...e_ab7277c58760f0e34e16731a72b6a1ebb}
                                                  {if\_mac}
l.30 ...7277c58760f0e34e16731a72b6a1ebb}{if\_mac}}
                                                  ;}
I've deleted a group-closing symbol because it seems to be
spurious, as in `$x}$'. But perhaps the } is legitimate and
you forgot something else, as in `\hbox{$x}'. In such cases
the way to recover is to insert both the forgotten and the
deleted material, e.g., by typing `I$}'.

./raw__socket__engine_8hpp_source.tex:30: Extra }, or forgotten $.
\mbox  #1->\leavevmode \hbox {#1}
                                 
l.30 ...7277c58760f0e34e16731a72b6a1ebb}{if\_mac}}
                                                  ;}
I've deleted a group-closing symbol because it seems to be
spurious, as in `$x}$'. But perhaps the } is legitimate and
you forgot something else, as in `\hbox{$x}'. In such cases
the way to recover is to insert both the forgotten and the
deleted material, e.g., by typing `I$}'.

./raw__socket__engine_8hpp_source.tex:30: Extra }, or forgotten $.
l.30 ...77c58760f0e34e16731a72b6a1ebb}{if\_mac}};}
                                                  
I've deleted a group-closing symbol because it seems to be
spurious, as in `$x}$'. But perhaps the } is legitimate and
you forgot something else, as in `\hbox{$x}'. In such cases
the way to recover is to insert both the forgotten and the
deleted material, e.g., by typing `I$}'.

./raw__socket__engine_8hpp_source.tex:31: Undefined control sequence.
l.31 \DoxyCodeLine
                  {00027\ \ \ \ \ \textcolor{keywordtype}{unsigned}\ \textco...
The control sequence at the end of the top line
of your error message was never \def'ed. If you have
misspelled it (e.g., `\hobx'), type `I' and the correct
spelling (e.g., `I\hbox'). Otherwise just continue,
and I'll forget about whatever was undefined.

./raw__socket__engine_8hpp_source.tex:31: Undefined control sequence.
l.31 \DoxyCodeLine{00027\ \ \ \ \ \textcolor
                                            {keywordtype}{unsigned}\ \textco...
The control sequence at the end of the top line
of your error message was never \def'ed. If you have
misspelled it (e.g., `\hobx'), type `I' and the correct
spelling (e.g., `I\hbox'). Otherwise just continue,
and I'll forget about whatever was undefined.

./raw__socket__engine_8hpp_source.tex:31: Undefined control sequence.
l.31 ...xtcolor{keywordtype}{unsigned}\ \textcolor
                                                  {keywordtype}{char}\ \mbox...
The control sequence at the end of the top line
of your error message was never \def'ed. If you have
misspelled it (e.g., `\hobx'), type `I' and the correct
spelling (e.g., `I\hbox'). Otherwise just continue,
and I'll forget about whatever was undefined.

./raw__socket__engine_8hpp_source.tex:31: Undefined control sequence.
<argument> \hyperlink 
                      {class_raw_socket_engine_a901eb00e5790b74051988fe13cda...
l.31 ...eb00e5790b74051988fe13cdae476}{\_my\_mac}}
                                                  [ETH\_ALEN];}
The control sequence at the end of the top line
of your error message was never \def'ed. If you have
misspelled it (e.g., `\hobx'), type `I' and the correct
spelling (e.g., `I\hbox'). Otherwise just continue,
and I'll forget about whatever was undefined.

Missing character: There is no c in font nullfont!
Missing character: There is no l in font nullfont!
Missing character: There is no a in font nullfont!
Missing character: There is no s in font nullfont!
Missing character: There is no s in font nullfont!
./raw__socket__engine_8hpp_source.tex:31: Missing $ inserted.
<inserted text> 
                $
l.31 ...eb00e5790b74051988fe13cdae476}{\_my\_mac}}
                                                  [ETH\_ALEN];}
I've inserted a begin-math/end-math symbol since I think
you left one out. Proceed, with fingers crossed.

./raw__socket__engine_8hpp_source.tex:31: Extra }, or forgotten $.
<argument> ...e_a901eb00e5790b74051988fe13cdae476}
                                                  {\_my\_mac}
l.31 ...eb00e5790b74051988fe13cdae476}{\_my\_mac}}
                                                  [ETH\_ALEN];}
I've deleted a group-closing symbol because it seems to be
spurious, as in `$x}$'. But perhaps the } is legitimate and
you forgot something else, as in `\hbox{$x}'. In such cases
the way to recover is to insert both the forgotten and the
deleted material, e.g., by typing `I$}'.

./raw__socket__engine_8hpp_source.tex:31: Extra }, or forgotten $.
\mbox  #1->\leavevmode \hbox {#1}
                                 
l.31 ...eb00e5790b74051988fe13cdae476}{\_my\_mac}}
                                                  [ETH\_ALEN];}
(That makes 100 errors; please try again.) 
Here is how much of TeX's memory you used:
 18 strings out of 469269
 492 string characters out of 5467112
 435984 words of memory out of 5000000
 28550 multiletter control sequences out of 15000+600000
 626825 words of font info for 40 fonts, out of 8000000 for 9000
 319 hyphenation exceptions out of 8191
 18i,31n,19p,262b,197s stack positions out of 10000i,1000n,20000p,200000b,200000s

./raw__socket__engine_8hpp_source.tex:31:  ==> Fatal error occurred, no output PDF file produced!
