This is pdfTeX, Version 3.141592653-2.6-1.40.28 (TeX Live 2025) (preloaded format=pdflatex 2025.9.24)  27 SEP 2025 18:54
entering extended mode
 \write18 enabled.
 file:line:error style messages enabled.
 %&-line parsing enabled.
**raw__socket__engine_8hpp.tex
(./raw__socket__engine_8hpp.tex
LaTeX2e <2025-06-01> patch level 1
L3 programming layer <2025-09-02>
./raw__socket__engine_8hpp.tex:1: Undefined control sequence.
l.1 \doxysection
                {source/api/network/engines/raw\+\_\+socket\+\_\+engine.hpp ...
The control sequence at the end of the top line
of your error message was never \def'ed. If you have
misspelled it (e.g., `\hobx'), type `I' and the correct
spelling (e.g., `I\hbox'). Otherwise just continue,
and I'll forget about whatever was undefined.


./raw__socket__engine_8hpp.tex:1: LaTeX Error: Missing \begin{document}.

See the LaTeX manual or LaTeX Companion for explanation.
Type  H <return>  for immediate help.
 ...                                              
                                                  
l.1 \doxysection{s
                  ource/api/network/engines/raw\+\_\+socket\+\_\+engine.hpp ...
You're in trouble here.  Try typing  <return>  to proceed.
If that doesn't work, type  X <return>  to quit.

Missing character: There is no s in font nullfont!
Missing character: There is no o in font nullfont!
Missing character: There is no u in font nullfont!
Missing character: There is no r in font nullfont!
Missing character: There is no c in font nullfont!
Missing character: There is no e in font nullfont!
Missing character: There is no / in font nullfont!
Missing character: There is no a in font nullfont!
Missing character: There is no p in font nullfont!
Missing character: There is no i in font nullfont!
Missing character: There is no / in font nullfont!
Missing character: There is no n in font nullfont!
Missing character: There is no e in font nullfont!
Missing character: There is no t in font nullfont!
Missing character: There is no w in font nullfont!
Missing character: There is no o in font nullfont!
Missing character: There is no r in font nullfont!
Missing character: There is no k in font nullfont!
Missing character: There is no / in font nullfont!
Missing character: There is no e in font nullfont!
Missing character: There is no n in font nullfont!
Missing character: There is no g in font nullfont!
Missing character: There is no i in font nullfont!
Missing character: There is no n in font nullfont!
Missing character: There is no e in font nullfont!
Missing character: There is no s in font nullfont!
Missing character: There is no / in font nullfont!
Missing character: There is no r in font nullfont!
Missing character: There is no a in font nullfont!
Missing character: There is no w in font nullfont!
./raw__socket__engine_8hpp.tex:1: Undefined control sequence.
l.1 \doxysection{source/api/network/engines/raw\+
                                                 \_\+socket\+\_\+engine.hpp ...
The control sequence at the end of the top line
of your error message was never \def'ed. If you have
misspelled it (e.g., `\hobx'), type `I' and the correct
spelling (e.g., `I\hbox'). Otherwise just continue,
and I'll forget about whatever was undefined.

./raw__socket__engine_8hpp.tex:1: Undefined control sequence.
l.1 ...ection{source/api/network/engines/raw\+\_\+
                                                  socket\+\_\+engine.hpp Fil...
The control sequence at the end of the top line
of your error message was never \def'ed. If you have
misspelled it (e.g., `\hobx'), type `I' and the correct
spelling (e.g., `I\hbox'). Otherwise just continue,
and I'll forget about whatever was undefined.

Missing character: There is no s in font nullfont!
Missing character: There is no o in font nullfont!
Missing character: There is no c in font nullfont!
Missing character: There is no k in font nullfont!
Missing character: There is no e in font nullfont!
Missing character: There is no t in font nullfont!
./raw__socket__engine_8hpp.tex:1: Undefined control sequence.
l.1 ...ource/api/network/engines/raw\+\_\+socket\+
                                                  \_\+engine.hpp File Refere...
The control sequence at the end of the top line
of your error message was never \def'ed. If you have
misspelled it (e.g., `\hobx'), type `I' and the correct
spelling (e.g., `I\hbox'). Otherwise just continue,
and I'll forget about whatever was undefined.

./raw__socket__engine_8hpp.tex:1: Undefined control sequence.
l.1 ...e/api/network/engines/raw\+\_\+socket\+\_\+
                                                  engine.hpp File Reference}
The control sequence at the end of the top line
of your error message was never \def'ed. If you have
misspelled it (e.g., `\hobx'), type `I' and the correct
spelling (e.g., `I\hbox'). Otherwise just continue,
and I'll forget about whatever was undefined.

Missing character: There is no e in font nullfont!
Missing character: There is no n in font nullfont!
Missing character: There is no g in font nullfont!
Missing character: There is no i in font nullfont!
Missing character: There is no n in font nullfont!
Missing character: There is no e in font nullfont!
Missing character: There is no . in font nullfont!
Missing character: There is no h in font nullfont!
Missing character: There is no p in font nullfont!
Missing character: There is no p in font nullfont!
Missing character: There is no F in font nullfont!
Missing character: There is no i in font nullfont!
Missing character: There is no l in font nullfont!
Missing character: There is no e in font nullfont!
Missing character: There is no R in font nullfont!
Missing character: There is no e in font nullfont!
Missing character: There is no f in font nullfont!
Missing character: There is no e in font nullfont!
Missing character: There is no r in font nullfont!
Missing character: There is no e in font nullfont!
Missing character: There is no n in font nullfont!
Missing character: There is no c in font nullfont!
Missing character: There is no e in font nullfont!
./raw__socket__engine_8hpp.tex:2: Undefined control sequence.
l.2 \hypertarget
                {raw__socket__engine_8hpp}{}\label{raw__socket__engine_8hpp}...
The control sequence at the end of the top line
of your error message was never \def'ed. If you have
misspelled it (e.g., `\hobx'), type `I' and the correct
spelling (e.g., `I\hbox'). Otherwise just continue,
and I'll forget about whatever was undefined.

Missing character: There is no r in font nullfont!
Missing character: There is no a in font nullfont!
Missing character: There is no w in font nullfont!
./raw__socket__engine_8hpp.tex:2: Missing $ inserted.
<inserted text> 
                $
l.2 \hypertarget{raw_
                     _socket__engine_8hpp}{}\label{raw__socket__engine_8hpp}...
I've inserted a begin-math/end-math symbol since I think
you left one out. Proceed, with fingers crossed.

LaTeX Font Info:    External font `cmex10' loaded for size
(Font)              <7> on input line 2.
LaTeX Font Info:    External font `cmex10' loaded for size
(Font)              <5> on input line 2.
./raw__socket__engine_8hpp.tex:2: Missing { inserted.
<to be read again> 
                   _
l.2 \hypertarget{raw__
                      socket__engine_8hpp}{}\label{raw__socket__engine_8hpp}...
A left brace was mandatory here, so I've put one in.
You might want to delete and/or insert some corrections
so that I will find a matching right brace soon.
(If you're confused by all this, try typing `I}' now.)

./raw__socket__engine_8hpp.tex:2: Missing { inserted.
<to be read again> 
                   _
l.2 \hypertarget{raw__socket__
                              engine_8hpp}{}\label{raw__socket__engine_8hpp}...
A left brace was mandatory here, so I've put one in.
You might want to delete and/or insert some corrections
so that I will find a matching right brace soon.
(If you're confused by all this, try typing `I}' now.)


./raw__socket__engine_8hpp.tex:3: LaTeX Error: Command \ttfamily invalid in math mode.

See the LaTeX manual or LaTeX Companion for explanation.
Type  H <return>  for immediate help.
 ...                                              
                                                  
l.3 {\ttfamily
               \#include $<$sys/socket.\+h$>$}\newline
Please use the math alphabet \mathtt instead of the \ttfamily command. 

./raw__socket__engine_8hpp.tex:3: Missing } inserted.
<inserted text> 
                }
l.3 {\ttfamily \#include $
                          <$sys/socket.\+h$>$}\newline
I've inserted something that you may have forgotten.
(See the <inserted text> above.)
With luck, this will get me unwedged. But if you
really didn't forget anything, try typing `2' now; then
my insertion and my current dilemma will both disappear.

./raw__socket__engine_8hpp.tex:3: Missing } inserted.
<inserted text> 
                }
l.3 {\ttfamily \#include $
                          <$sys/socket.\+h$>$}\newline
I've inserted something that you may have forgotten.
(See the <inserted text> above.)
With luck, this will get me unwedged. But if you
really didn't forget anything, try typing `2' now; then
my insertion and my current dilemma will both disappear.

Missing character: There is no < in font nullfont!
./raw__socket__engine_8hpp.tex:3: Undefined control sequence.
l.3 {\ttfamily \#include $<$sys/socket.\+
                                         h$>$}\newline
The control sequence at the end of the top line
of your error message was never \def'ed. If you have
misspelled it (e.g., `\hobx'), type `I' and the correct
spelling (e.g., `I\hbox'). Otherwise just continue,
and I'll forget about whatever was undefined.

Missing character: There is no > in font nullfont!
./raw__socket__engine_8hpp.tex:3: Extra }, or forgotten $.
<recently read> }
                 
l.3 {\ttfamily \#include $<$sys/socket.\+h$>$}
                                              \newline
I've deleted a group-closing symbol because it seems to be
spurious, as in `$x}$'. But perhaps the } is legitimate and
you forgot something else, as in `\hbox{$x}'. In such cases
the way to recover is to insert both the forgotten and the
deleted material, e.g., by typing `I$}'.


./raw__socket__engine_8hpp.tex:4: LaTeX Error: Command \ttfamily invalid in math mode.

See the LaTeX manual or LaTeX Companion for explanation.
Type  H <return>  for immediate help.
 ...                                              
                                                  
l.4 {\ttfamily
               \#include $<$net/ethernet.\+h$>$}\newline
Please use the math alphabet \mathtt instead of the \ttfamily command. 

./raw__socket__engine_8hpp.tex:4: Missing } inserted.
<inserted text> 
                }
l.4 {\ttfamily \#include $
                          <$net/ethernet.\+h$>$}\newline
I've inserted something that you may have forgotten.
(See the <inserted text> above.)
With luck, this will get me unwedged. But if you
really didn't forget anything, try typing `2' now; then
my insertion and my current dilemma will both disappear.

Missing character: There is no < in font nullfont!
./raw__socket__engine_8hpp.tex:4: Undefined control sequence.
l.4 {\ttfamily \#include $<$net/ethernet.\+
                                           h$>$}\newline
The control sequence at the end of the top line
of your error message was never \def'ed. If you have
misspelled it (e.g., `\hobx'), type `I' and the correct
spelling (e.g., `I\hbox'). Otherwise just continue,
and I'll forget about whatever was undefined.

Missing character: There is no > in font nullfont!
./raw__socket__engine_8hpp.tex:4: Extra }, or forgotten $.
<recently read> }
                 
l.4 {\ttfamily \#include $<$net/ethernet.\+h$>$}
                                                \newline
I've deleted a group-closing symbol because it seems to be
spurious, as in `$x}$'. But perhaps the } is legitimate and
you forgot something else, as in `\hbox{$x}'. In such cases
the way to recover is to insert both the forgotten and the
deleted material, e.g., by typing `I$}'.


./raw__socket__engine_8hpp.tex:5: LaTeX Error: Command \ttfamily invalid in math mode.

See the LaTeX manual or LaTeX Companion for explanation.
Type  H <return>  for immediate help.
 ...                                              
                                                  
l.5 {\ttfamily
               \#include $<$netpacket/packet.\+h$>$}\newline
Please use the math alphabet \mathtt instead of the \ttfamily command. 

./raw__socket__engine_8hpp.tex:5: Missing } inserted.
<inserted text> 
                }
l.5 {\ttfamily \#include $
                          <$netpacket/packet.\+h$>$}\newline
I've inserted something that you may have forgotten.
(See the <inserted text> above.)
With luck, this will get me unwedged. But if you
really didn't forget anything, try typing `2' now; then
my insertion and my current dilemma will both disappear.

Missing character: There is no < in font nullfont!
./raw__socket__engine_8hpp.tex:5: Undefined control sequence.
l.5 {\ttfamily \#include $<$netpacket/packet.\+
                                               h$>$}\newline
The control sequence at the end of the top line
of your error message was never \def'ed. If you have
misspelled it (e.g., `\hobx'), type `I' and the correct
spelling (e.g., `I\hbox'). Otherwise just continue,
and I'll forget about whatever was undefined.

Missing character: There is no > in font nullfont!
./raw__socket__engine_8hpp.tex:5: Extra }, or forgotten $.
<recently read> }
                 
l.5 ...amily \#include $<$netpacket/packet.\+h$>$}
                                                  \newline
I've deleted a group-closing symbol because it seems to be
spurious, as in `$x}$'. But perhaps the } is legitimate and
you forgot something else, as in `\hbox{$x}'. In such cases
the way to recover is to insert both the forgotten and the
deleted material, e.g., by typing `I$}'.


./raw__socket__engine_8hpp.tex:6: LaTeX Error: Command \ttfamily invalid in math mode.

See the LaTeX manual or LaTeX Companion for explanation.
Type  H <return>  for immediate help.
 ...                                              
                                                  
l.6 {\ttfamily
               \#include $<$arpa/inet.\+h$>$}\newline
Please use the math alphabet \mathtt instead of the \ttfamily command. 

./raw__socket__engine_8hpp.tex:6: Missing } inserted.
<inserted text> 
                }
l.6 {\ttfamily \#include $
                          <$arpa/inet.\+h$>$}\newline
I've inserted something that you may have forgotten.
(See the <inserted text> above.)
With luck, this will get me unwedged. But if you
really didn't forget anything, try typing `2' now; then
my insertion and my current dilemma will both disappear.

Missing character: There is no < in font nullfont!
./raw__socket__engine_8hpp.tex:6: Undefined control sequence.
l.6 {\ttfamily \#include $<$arpa/inet.\+
                                        h$>$}\newline
The control sequence at the end of the top line
of your error message was never \def'ed. If you have
misspelled it (e.g., `\hobx'), type `I' and the correct
spelling (e.g., `I\hbox'). Otherwise just continue,
and I'll forget about whatever was undefined.

Missing character: There is no > in font nullfont!
./raw__socket__engine_8hpp.tex:6: Extra }, or forgotten $.
<recently read> }
                 
l.6 {\ttfamily \#include $<$arpa/inet.\+h$>$}
                                             \newline
I've deleted a group-closing symbol because it seems to be
spurious, as in `$x}$'. But perhaps the } is legitimate and
you forgot something else, as in `\hbox{$x}'. In such cases
the way to recover is to insert both the forgotten and the
deleted material, e.g., by typing `I$}'.


./raw__socket__engine_8hpp.tex:7: LaTeX Error: Command \ttfamily invalid in math mode.

See the LaTeX manual or LaTeX Companion for explanation.
Type  H <return>  for immediate help.
 ...                                              
                                                  
l.7 {\ttfamily
               \#include $<$unistd.\+h$>$}\newline
Please use the math alphabet \mathtt instead of the \ttfamily command. 

./raw__socket__engine_8hpp.tex:7: Missing } inserted.
<inserted text> 
                }
l.7 {\ttfamily \#include $
                          <$unistd.\+h$>$}\newline
I've inserted something that you may have forgotten.
(See the <inserted text> above.)
With luck, this will get me unwedged. But if you
really didn't forget anything, try typing `2' now; then
my insertion and my current dilemma will both disappear.

Missing character: There is no < in font nullfont!
./raw__socket__engine_8hpp.tex:7: Undefined control sequence.
l.7 {\ttfamily \#include $<$unistd.\+
                                     h$>$}\newline
The control sequence at the end of the top line
of your error message was never \def'ed. If you have
misspelled it (e.g., `\hobx'), type `I' and the correct
spelling (e.g., `I\hbox'). Otherwise just continue,
and I'll forget about whatever was undefined.

Missing character: There is no > in font nullfont!
./raw__socket__engine_8hpp.tex:7: Extra }, or forgotten $.
<recently read> }
                 
l.7 {\ttfamily \#include $<$unistd.\+h$>$}
                                          \newline
I've deleted a group-closing symbol because it seems to be
spurious, as in `$x}$'. But perhaps the } is legitimate and
you forgot something else, as in `\hbox{$x}'. In such cases
the way to recover is to insert both the forgotten and the
deleted material, e.g., by typing `I$}'.


./raw__socket__engine_8hpp.tex:8: LaTeX Error: Command \ttfamily invalid in math mode.

See the LaTeX manual or LaTeX Companion for explanation.
Type  H <return>  for immediate help.
 ...                                              
                                                  
l.8 {\ttfamily
               \#include $<$cstring$>$}\newline
Please use the math alphabet \mathtt instead of the \ttfamily command. 

./raw__socket__engine_8hpp.tex:8: Missing } inserted.
<inserted text> 
                }
l.8 {\ttfamily \#include $
                          <$cstring$>$}\newline
I've inserted something that you may have forgotten.
(See the <inserted text> above.)
With luck, this will get me unwedged. But if you
really didn't forget anything, try typing `2' now; then
my insertion and my current dilemma will both disappear.

Missing character: There is no < in font nullfont!
Missing character: There is no > in font nullfont!
./raw__socket__engine_8hpp.tex:8: Extra }, or forgotten $.
<recently read> }
                 
l.8 {\ttfamily \#include $<$cstring$>$}
                                       \newline
I've deleted a group-closing symbol because it seems to be
spurious, as in `$x}$'. But perhaps the } is legitimate and
you forgot something else, as in `\hbox{$x}'. In such cases
the way to recover is to insert both the forgotten and the
deleted material, e.g., by typing `I$}'.


./raw__socket__engine_8hpp.tex:9: LaTeX Error: Command \ttfamily invalid in math mode.

See the LaTeX manual or LaTeX Companion for explanation.
Type  H <return>  for immediate help.
 ...                                              
                                                  
l.9 {\ttfamily
               \#include $<$net/if.\+h$>$}\newline
Please use the math alphabet \mathtt instead of the \ttfamily command. 

./raw__socket__engine_8hpp.tex:9: Missing } inserted.
<inserted text> 
                }
l.9 {\ttfamily \#include $
                          <$net/if.\+h$>$}\newline
I've inserted something that you may have forgotten.
(See the <inserted text> above.)
With luck, this will get me unwedged. But if you
really didn't forget anything, try typing `2' now; then
my insertion and my current dilemma will both disappear.

Missing character: There is no < in font nullfont!
./raw__socket__engine_8hpp.tex:9: Undefined control sequence.
l.9 {\ttfamily \#include $<$net/if.\+
                                     h$>$}\newline
The control sequence at the end of the top line
of your error message was never \def'ed. If you have
misspelled it (e.g., `\hobx'), type `I' and the correct
spelling (e.g., `I\hbox'). Otherwise just continue,
and I'll forget about whatever was undefined.

Missing character: There is no > in font nullfont!
./raw__socket__engine_8hpp.tex:9: Extra }, or forgotten $.
<recently read> }
                 
l.9 {\ttfamily \#include $<$net/if.\+h$>$}
                                          \newline
I've deleted a group-closing symbol because it seems to be
spurious, as in `$x}$'. But perhaps the } is legitimate and
you forgot something else, as in `\hbox{$x}'. In such cases
the way to recover is to insert both the forgotten and the
deleted material, e.g., by typing `I$}'.


./raw__socket__engine_8hpp.tex:10: LaTeX Error: Command \ttfamily invalid in math mode.

See the LaTeX manual or LaTeX Companion for explanation.
Type  H <return>  for immediate help.
 ...                                              
                                                  
l.10 {\ttfamily
                \#include $<$sys/ioctl.\+h$>$}\newline
Please use the math alphabet \mathtt instead of the \ttfamily command. 

./raw__socket__engine_8hpp.tex:10: Missing } inserted.
<inserted text> 
                }
l.10 {\ttfamily \#include $
                           <$sys/ioctl.\+h$>$}\newline
I've inserted something that you may have forgotten.
(See the <inserted text> above.)
With luck, this will get me unwedged. But if you
really didn't forget anything, try typing `2' now; then
my insertion and my current dilemma will both disappear.

Missing character: There is no < in font nullfont!
./raw__socket__engine_8hpp.tex:10: Undefined control sequence.
l.10 {\ttfamily \#include $<$sys/ioctl.\+
                                         h$>$}\newline
The control sequence at the end of the top line
of your error message was never \def'ed. If you have
misspelled it (e.g., `\hobx'), type `I' and the correct
spelling (e.g., `I\hbox'). Otherwise just continue,
and I'll forget about whatever was undefined.

Missing character: There is no > in font nullfont!
./raw__socket__engine_8hpp.tex:10: Extra }, or forgotten $.
<recently read> }
                 
l.10 {\ttfamily \#include $<$sys/ioctl.\+h$>$}
                                              \newline
I've deleted a group-closing symbol because it seems to be
spurious, as in `$x}$'. But perhaps the } is legitimate and
you forgot something else, as in `\hbox{$x}'. In such cases
the way to recover is to insert both the forgotten and the
deleted material, e.g., by typing `I$}'.


./raw__socket__engine_8hpp.tex:11: LaTeX Error: Command \ttfamily invalid in math mode.

See the LaTeX manual or LaTeX Companion for explanation.
Type  H <return>  for immediate help.
 ...                                              
                                                  
l.11 {\ttfamily
                \#include $<$stdexcept$>$}\newline
Please use the math alphabet \mathtt instead of the \ttfamily command. 

./raw__socket__engine_8hpp.tex:11: Missing } inserted.
<inserted text> 
                }
l.11 {\ttfamily \#include $
                           <$stdexcept$>$}\newline
I've inserted something that you may have forgotten.
(See the <inserted text> above.)
With luck, this will get me unwedged. But if you
really didn't forget anything, try typing `2' now; then
my insertion and my current dilemma will both disappear.

Missing character: There is no < in font nullfont!
Missing character: There is no > in font nullfont!
./raw__socket__engine_8hpp.tex:11: Extra }, or forgotten $.
<recently read> }
                 
l.11 {\ttfamily \#include $<$stdexcept$>$}
                                          \newline
I've deleted a group-closing symbol because it seems to be
spurious, as in `$x}$'. But perhaps the } is legitimate and
you forgot something else, as in `\hbox{$x}'. In such cases
the way to recover is to insert both the forgotten and the
deleted material, e.g., by typing `I$}'.


./raw__socket__engine_8hpp.tex:12: LaTeX Error: Command \ttfamily invalid in math mode.

See the LaTeX manual or LaTeX Companion for explanation.
Type  H <return>  for immediate help.
 ...                                              
                                                  
l.12 {\ttfamily
                \#include $<$iostream$>$}\newline
Please use the math alphabet \mathtt instead of the \ttfamily command. 

./raw__socket__engine_8hpp.tex:12: Missing } inserted.
<inserted text> 
                }
l.12 {\ttfamily \#include $
                           <$iostream$>$}\newline
I've inserted something that you may have forgotten.
(See the <inserted text> above.)
With luck, this will get me unwedged. But if you
really didn't forget anything, try typing `2' now; then
my insertion and my current dilemma will both disappear.

Missing character: There is no < in font nullfont!
Missing character: There is no > in font nullfont!
./raw__socket__engine_8hpp.tex:12: Extra }, or forgotten $.
<recently read> }
                 
l.12 {\ttfamily \#include $<$iostream$>$}
                                         \newline
I've deleted a group-closing symbol because it seems to be
spurious, as in `$x}$'. But perhaps the } is legitimate and
you forgot something else, as in `\hbox{$x}'. In such cases
the way to recover is to insert both the forgotten and the
deleted material, e.g., by typing `I$}'.


./raw__socket__engine_8hpp.tex:13: LaTeX Error: Command \ttfamily invalid in math mode.

See the LaTeX manual or LaTeX Companion for explanation.
Type  H <return>  for immediate help.
 ...                                              
                                                  
l.13 {\ttfamily
                \#include $<$vector$>$}\newline
Please use the math alphabet \mathtt instead of the \ttfamily command. 

./raw__socket__engine_8hpp.tex:13: Missing } inserted.
<inserted text> 
                }
l.13 {\ttfamily \#include $
                           <$vector$>$}\newline
I've inserted something that you may have forgotten.
(See the <inserted text> above.)
With luck, this will get me unwedged. But if you
really didn't forget anything, try typing `2' now; then
my insertion and my current dilemma will both disappear.

Missing character: There is no < in font nullfont!
Missing character: There is no > in font nullfont!
./raw__socket__engine_8hpp.tex:13: Extra }, or forgotten $.
<recently read> }
                 
l.13 {\ttfamily \#include $<$vector$>$}
                                       \newline
I've deleted a group-closing symbol because it seems to be
spurious, as in `$x}$'. But perhaps the } is legitimate and
you forgot something else, as in `\hbox{$x}'. In such cases
the way to recover is to insert both the forgotten and the
deleted material, e.g., by typing `I$}'.


./raw__socket__engine_8hpp.tex:14: LaTeX Error: Command \ttfamily invalid in math mode.

See the LaTeX manual or LaTeX Companion for explanation.
Type  H <return>  for immediate help.
 ...                                              
                                                  
l.14 {\ttfamily
                \#include "{}api/network/definitions/ethernet.\+hpp"{}}\newline
Please use the math alphabet \mathtt instead of the \ttfamily command. 

./raw__socket__engine_8hpp.tex:14: Undefined control sequence.
l.14 ...ude "{}api/network/definitions/ethernet.\+
                                                  hpp"{}}\newline
The control sequence at the end of the top line
of your error message was never \def'ed. If you have
misspelled it (e.g., `\hobx'), type `I' and the correct
spelling (e.g., `I\hbox'). Otherwise just continue,
and I'll forget about whatever was undefined.

./raw__socket__engine_8hpp.tex:15: Undefined control sequence.
l.15 Include dependency graph for raw\+
                                       \_\+socket\+\_\+engine.\+hpp\+:
The control sequence at the end of the top line
of your error message was never \def'ed. If you have
misspelled it (e.g., `\hobx'), type `I' and the correct
spelling (e.g., `I\hbox'). Otherwise just continue,
and I'll forget about whatever was undefined.

./raw__socket__engine_8hpp.tex:15: Undefined control sequence.
l.15 Include dependency graph for raw\+\_\+
                                           socket\+\_\+engine.\+hpp\+:
The control sequence at the end of the top line
of your error message was never \def'ed. If you have
misspelled it (e.g., `\hobx'), type `I' and the correct
spelling (e.g., `I\hbox'). Otherwise just continue,
and I'll forget about whatever was undefined.

./raw__socket__engine_8hpp.tex:15: Undefined control sequence.
l.15 ...ude dependency graph for raw\+\_\+socket\+
                                                  \_\+engine.\+hpp\+:
The control sequence at the end of the top line
of your error message was never \def'ed. If you have
misspelled it (e.g., `\hobx'), type `I' and the correct
spelling (e.g., `I\hbox'). Otherwise just continue,
and I'll forget about whatever was undefined.

./raw__socket__engine_8hpp.tex:15: Undefined control sequence.
l.15 ...dependency graph for raw\+\_\+socket\+\_\+
                                                  engine.\+hpp\+:
The control sequence at the end of the top line
of your error message was never \def'ed. If you have
misspelled it (e.g., `\hobx'), type `I' and the correct
spelling (e.g., `I\hbox'). Otherwise just continue,
and I'll forget about whatever was undefined.

./raw__socket__engine_8hpp.tex:15: Undefined control sequence.
l.15 ...y graph for raw\+\_\+socket\+\_\+engine.\+
                                                  hpp\+:
The control sequence at the end of the top line
of your error message was never \def'ed. If you have
misspelled it (e.g., `\hobx'), type `I' and the correct
spelling (e.g., `I\hbox'). Otherwise just continue,
and I'll forget about whatever was undefined.

./raw__socket__engine_8hpp.tex:15: Undefined control sequence.
l.15 ...ph for raw\+\_\+socket\+\_\+engine.\+hpp\+
                                                  :
The control sequence at the end of the top line
of your error message was never \def'ed. If you have
misspelled it (e.g., `\hobx'), type `I' and the correct
spelling (e.g., `I\hbox'). Otherwise just continue,
and I'll forget about whatever was undefined.


./raw__socket__engine_8hpp.tex:17: LaTeX Error: Environment figure undefined.

See the LaTeX manual or LaTeX Companion for explanation.
Type  H <return>  for immediate help.
 ...                                              
                                                  
l.17 \begin{figure}
                   [H]
Your command was ignored.
Type  I <command> <return>  to replace it with another command,
or  <return>  to continue without it.

./raw__socket__engine_8hpp.tex:18: Missing $ inserted.
<inserted text> 
                $
l.18 \begin{center}
                   
I've inserted a begin-math/end-math symbol since I think
you left one out. Proceed, with fingers crossed.

./raw__socket__engine_8hpp.tex:18: Missing \endgroup inserted.
<inserted text> 
                \endgroup 
l.18 \begin{center}
                   
I've inserted something that you may have forgotten.
(See the <inserted text> above.)
With luck, this will get me unwedged. But if you
really didn't forget anything, try typing `2' now; then
my insertion and my current dilemma will both disappear.

./raw__socket__engine_8hpp.tex:18: Missing \endgroup inserted.
<inserted text> 
                \endgroup 
l.18 \begin{center}
                   
I've inserted something that you may have forgotten.
(See the <inserted text> above.)
With luck, this will get me unwedged. But if you
really didn't forget anything, try typing `2' now; then
my insertion and my current dilemma will both disappear.


Overfull \hbox (20.0pt too wide) in paragraph at lines 1--18
[][][]
 []


Overfull \hbox (150.46967pt too wide) in paragraph at lines 1--18
[]$$\OML/cmm/m/it/10 sys=socket:h$$[] 
 []


Overfull \hbox (106.42812pt too wide) in paragraph at lines 1--18
[]$$\OML/cmm/m/it/10 net=ethernet:h$$[] 
 []


Overfull \hbox (125.54964pt too wide) in paragraph at lines 1--18
[]$$\OML/cmm/m/it/10 netpacket=packet:h$$[] 
 []


Overfull \hbox (92.52132pt too wide) in paragraph at lines 1--18
[]$$\OML/cmm/m/it/10 arpa=inet:h$$[] 
 []


Overfull \hbox (78.08958pt too wide) in paragraph at lines 1--18
[]$$\OML/cmm/m/it/10 unistd:h$$[] 
 []


Overfull \hbox (72.86617pt too wide) in paragraph at lines 1--18
[]$$\OML/cmm/m/it/10 cstring$$[] 
 []


Overfull \hbox (77.54562pt too wide) in paragraph at lines 1--18
[]$$\OML/cmm/m/it/10 net=if:h$$[] 
 []


Overfull \hbox (88.46227pt too wide) in paragraph at lines 1--18
[]$$\OML/cmm/m/it/10 sys=ioctl:h$$[] 
 []


Overfull \hbox (82.37589pt too wide) in paragraph at lines 1--18
[]$$\OML/cmm/m/it/10 stdexcept$$[] 
 []


Overfull \hbox (80.97731pt too wide) in paragraph at lines 1--18
[]$$\OML/cmm/m/it/10 iostream$$[] 
 []


Overfull \hbox (68.31223pt too wide) in paragraph at lines 1--18
[]$$\OML/cmm/m/it/10 vector$$[] 
 []


Overfull \hbox (224.15796pt too wide) in paragraph at lines 1--18
[][] 
 []


Overfull \hbox (226.08798pt too wide) in paragraph at lines 1--18
\OML/cmm/m/it/10 Includedependencygraphforraw[]socket[]engine:hpp \OT1/cmr/m/n/10 :
 []


Overfull \hbox (17.45825pt too wide) in paragraph at lines 1--18
 \OT1/cmr/m/n/10 [\OML/cmm/m/it/10 H\OT1/cmr/m/n/10 ]$ 
 []

./raw__socket__engine_8hpp.tex:20: Undefined control sequence.
l.20 \includegraphics
                     [width=350pt]{raw__socket__engine_8hpp__incl}
The control sequence at the end of the top line
of your error message was never \def'ed. If you have
misspelled it (e.g., `\hobx'), type `I' and the correct
spelling (e.g., `I\hbox'). Otherwise just continue,
and I'll forget about whatever was undefined.

Missing character: There is no [ in font nullfont!
Missing character: There is no w in font nullfont!
Missing character: There is no i in font nullfont!
Missing character: There is no d in font nullfont!
Missing character: There is no t in font nullfont!
Missing character: There is no h in font nullfont!
Missing character: There is no = in font nullfont!
Missing character: There is no 3 in font nullfont!
Missing character: There is no 5 in font nullfont!
Missing character: There is no 0 in font nullfont!
Missing character: There is no p in font nullfont!
Missing character: There is no t in font nullfont!
Missing character: There is no ] in font nullfont!
Missing character: There is no r in font nullfont!
Missing character: There is no a in font nullfont!
Missing character: There is no w in font nullfont!
./raw__socket__engine_8hpp.tex:20: Missing $ inserted.
<inserted text> 
                $
l.20 \includegraphics[width=350pt]{raw_
                                       _socket__engine_8hpp__incl}
I've inserted a begin-math/end-math symbol since I think
you left one out. Proceed, with fingers crossed.

./raw__socket__engine_8hpp.tex:20: Missing { inserted.
<to be read again> 
                   _
l.20 \includegraphics[width=350pt]{raw__
                                        socket__engine_8hpp__incl}
A left brace was mandatory here, so I've put one in.
You might want to delete and/or insert some corrections
so that I will find a matching right brace soon.
(If you're confused by all this, try typing `I}' now.)

./raw__socket__engine_8hpp.tex:20: Missing { inserted.
<to be read again> 
                   _
l.20 \includegraphics[width=350pt]{raw__socket__
                                                engine_8hpp__incl}
A left brace was mandatory here, so I've put one in.
You might want to delete and/or insert some corrections
so that I will find a matching right brace soon.
(If you're confused by all this, try typing `I}' now.)

./raw__socket__engine_8hpp.tex:20: Missing { inserted.
<to be read again> 
                   _
l.20 ...cs[width=350pt]{raw__socket__engine_8hpp__
                                                  incl}
A left brace was mandatory here, so I've put one in.
You might want to delete and/or insert some corrections
so that I will find a matching right brace soon.
(If you're confused by all this, try typing `I}' now.)


./raw__socket__engine_8hpp.tex:21: LaTeX Error: Command \end{document} invalid in math mode.

See the LaTeX manual or LaTeX Companion for explanation.
Type  H <return>  for immediate help.
 ...                                              
                                                  
l.21 \end{center}
                 
Try typing  <return>  to proceed.
If that doesn't work, type  X <return>  to quit.

./raw__socket__engine_8hpp.tex:21: Missing $ inserted.
<inserted text> 
                $
l.21 \end{center}
                 
I've inserted a begin-math/end-math symbol since I think
you left one out. Proceed, with fingers crossed.

./raw__socket__engine_8hpp.tex:21: Missing } inserted.
<inserted text> 
                }
l.21 \end{center}
                 
I've inserted something that you may have forgotten.
(See the <inserted text> above.)
With luck, this will get me unwedged. But if you
really didn't forget anything, try typing `2' now; then
my insertion and my current dilemma will both disappear.

./raw__socket__engine_8hpp.tex:21: Missing } inserted.
<inserted text> 
                }
l.21 \end{center}
                 
I've inserted something that you may have forgotten.
(See the <inserted text> above.)
With luck, this will get me unwedged. But if you
really didn't forget anything, try typing `2' now; then
my insertion and my current dilemma will both disappear.


Overfull \hbox (75.19345pt too wide) in paragraph at lines 19--21
 []$ 
 []


./raw__socket__engine_8hpp.tex:21: LaTeX Error: \begin{document} ended by \end{center}.

See the LaTeX manual or LaTeX Companion for explanation.
Type  H <return>  for immediate help.
 ...                                              
                                                  
l.21 \end{center}
                 
Your command was ignored.
Type  I <command> <return>  to replace it with another command,
or  <return>  to continue without it.

./raw__socket__engine_8hpp.tex:21: Missing } inserted.
<inserted text> 
                }
l.21 \end{center}
                 
I've inserted something that you may have forgotten.
(See the <inserted text> above.)
With luck, this will get me unwedged. But if you
really didn't forget anything, try typing `2' now; then
my insertion and my current dilemma will both disappear.

./raw__socket__engine_8hpp.tex:21: Missing } inserted.
<inserted text> 
                }
l.21 \end{center}
                 
I've inserted something that you may have forgotten.
(See the <inserted text> above.)
With luck, this will get me unwedged. But if you
really didn't forget anything, try typing `2' now; then
my insertion and my current dilemma will both disappear.

./raw__socket__engine_8hpp.tex:21: Extra \endgroup.
<recently read> \endgroup 
                          
l.21 \end{center}
                 
Things are pretty mixed up, but I think the worst is over.


./raw__socket__engine_8hpp.tex:22: LaTeX Error: \begin{document} ended by \end{figure}.

See the LaTeX manual or LaTeX Companion for explanation.
Type  H <return>  for immediate help.
 ...                                              
                                                  
l.22 \end{figure}
                 
Your command was ignored.
Type  I <command> <return>  to replace it with another command,
or  <return>  to continue without it.

./raw__socket__engine_8hpp.tex:22: Extra \endgroup.
\end  ...end#1\endcsname \@checkend {#1}\endgroup 
                                                  \UseHook {env/#1/after}\if...
l.22 \end{figure}
                 
Things are pretty mixed up, but I think the worst is over.

Missing character: There is no T in font nullfont!
Missing character: There is no h in font nullfont!
Missing character: There is no i in font nullfont!
Missing character: There is no s in font nullfont!
Missing character: There is no g in font nullfont!
Missing character: There is no r in font nullfont!
Missing character: There is no a in font nullfont!
Missing character: There is no p in font nullfont!
Missing character: There is no h in font nullfont!
Missing character: There is no s in font nullfont!
Missing character: There is no h in font nullfont!
Missing character: There is no o in font nullfont!
Missing character: There is no w in font nullfont!
Missing character: There is no s in font nullfont!
Missing character: There is no w in font nullfont!
Missing character: There is no h in font nullfont!
Missing character: There is no i in font nullfont!
Missing character: There is no c in font nullfont!
Missing character: There is no h in font nullfont!
Missing character: There is no f in font nullfont!
Missing character: There is no i in font nullfont!
Missing character: There is no l in font nullfont!
Missing character: There is no e in font nullfont!
Missing character: There is no s in font nullfont!
Missing character: There is no d in font nullfont!
Missing character: There is no i in font nullfont!
Missing character: There is no r in font nullfont!
Missing character: There is no e in font nullfont!
Missing character: There is no c in font nullfont!
Missing character: There is no t in font nullfont!
Missing character: There is no l in font nullfont!
Missing character: There is no y in font nullfont!
Missing character: There is no o in font nullfont!
Missing character: There is no r in font nullfont!
Missing character: There is no i in font nullfont!
Missing character: There is no n in font nullfont!
Missing character: There is no d in font nullfont!
Missing character: There is no i in font nullfont!
Missing character: There is no r in font nullfont!
Missing character: There is no e in font nullfont!
Missing character: There is no c in font nullfont!
Missing character: There is no t in font nullfont!
Missing character: There is no l in font nullfont!
Missing character: There is no y in font nullfont!
Missing character: There is no i in font nullfont!
Missing character: There is no n in font nullfont!
Missing character: There is no c in font nullfont!
Missing character: There is no l in font nullfont!
Missing character: There is no u in font nullfont!
Missing character: There is no d in font nullfont!
Missing character: There is no e in font nullfont!
Missing character: There is no t in font nullfont!
Missing character: There is no h in font nullfont!
Missing character: There is no i in font nullfont!
Missing character: There is no s in font nullfont!
Missing character: There is no f in font nullfont!
Missing character: There is no i in font nullfont!
Missing character: There is no l in font nullfont!
Missing character: There is no e in font nullfont!
./raw__socket__engine_8hpp.tex:23: Undefined control sequence.
l.23 ...directly or indirectly include this file\+
                                                  :
The control sequence at the end of the top line
of your error message was never \def'ed. If you have
misspelled it (e.g., `\hobx'), type `I' and the correct
spelling (e.g., `I\hbox'). Otherwise just continue,
and I'll forget about whatever was undefined.

Missing character: There is no : in font nullfont!

./raw__socket__engine_8hpp.tex:25: LaTeX Error: Environment figure undefined.

See the LaTeX manual or LaTeX Companion for explanation.
Type  H <return>  for immediate help.
 ...                                              
                                                  
l.25 \begin{figure}
                   [H]
Your command was ignored.
Type  I <command> <return>  to replace it with another command,
or  <return>  to continue without it.

Missing character: There is no [ in font nullfont!
Missing character: There is no H in font nullfont!
Missing character: There is no ] in font nullfont!
./raw__socket__engine_8hpp.tex:28: Undefined control sequence.
l.28 \includegraphics
                     [width=350pt]{raw__socket__engine_8hpp__dep__incl}
The control sequence at the end of the top line
of your error message was never \def'ed. If you have
misspelled it (e.g., `\hobx'), type `I' and the correct
spelling (e.g., `I\hbox'). Otherwise just continue,
and I'll forget about whatever was undefined.

Missing character: There is no [ in font nullfont!
Missing character: There is no w in font nullfont!
Missing character: There is no i in font nullfont!
Missing character: There is no d in font nullfont!
Missing character: There is no t in font nullfont!
Missing character: There is no h in font nullfont!
Missing character: There is no = in font nullfont!
Missing character: There is no 3 in font nullfont!
Missing character: There is no 5 in font nullfont!
Missing character: There is no 0 in font nullfont!
Missing character: There is no p in font nullfont!
Missing character: There is no t in font nullfont!
Missing character: There is no ] in font nullfont!
Missing character: There is no r in font nullfont!
Missing character: There is no a in font nullfont!
Missing character: There is no w in font nullfont!
./raw__socket__engine_8hpp.tex:28: Missing $ inserted.
<inserted text> 
                $
l.28 \includegraphics[width=350pt]{raw_
                                       _socket__engine_8hpp__dep__incl}
I've inserted a begin-math/end-math symbol since I think
you left one out. Proceed, with fingers crossed.

./raw__socket__engine_8hpp.tex:28: Missing { inserted.
<to be read again> 
                   _
l.28 \includegraphics[width=350pt]{raw__
                                        socket__engine_8hpp__dep__incl}
A left brace was mandatory here, so I've put one in.
You might want to delete and/or insert some corrections
so that I will find a matching right brace soon.
(If you're confused by all this, try typing `I}' now.)

./raw__socket__engine_8hpp.tex:28: Missing { inserted.
<to be read again> 
                   _
l.28 \includegraphics[width=350pt]{raw__socket__
                                                engine_8hpp__dep__incl}
A left brace was mandatory here, so I've put one in.
You might want to delete and/or insert some corrections
so that I will find a matching right brace soon.
(If you're confused by all this, try typing `I}' now.)

./raw__socket__engine_8hpp.tex:28: Missing { inserted.
<to be read again> 
                   _
l.28 ...cs[width=350pt]{raw__socket__engine_8hpp__
                                                  dep__incl}
A left brace was mandatory here, so I've put one in.
You might want to delete and/or insert some corrections
so that I will find a matching right brace soon.
(If you're confused by all this, try typing `I}' now.)

./raw__socket__engine_8hpp.tex:28: Missing { inserted.
<to be read again> 
                   _
l.28 ...dth=350pt]{raw__socket__engine_8hpp__dep__
                                                  incl}
A left brace was mandatory here, so I've put one in.
You might want to delete and/or insert some corrections
so that I will find a matching right brace soon.
(If you're confused by all this, try typing `I}' now.)


./raw__socket__engine_8hpp.tex:29: LaTeX Error: Command \end{center} invalid in math mode.

See the LaTeX manual or LaTeX Companion for explanation.
Type  H <return>  for immediate help.
 ...                                              
                                                  
l.29 \end{center}
                 
Try typing  <return>  to proceed.
If that doesn't work, type  X <return>  to quit.

./raw__socket__engine_8hpp.tex:29: Missing $ inserted.
<inserted text> 
                $
l.29 \end{center}
                 
I've inserted a begin-math/end-math symbol since I think
you left one out. Proceed, with fingers crossed.

./raw__socket__engine_8hpp.tex:29: Missing } inserted.
<inserted text> 
                }
l.29 \end{center}
                 
I've inserted something that you may have forgotten.
(See the <inserted text> above.)
With luck, this will get me unwedged. But if you
really didn't forget anything, try typing `2' now; then
my insertion and my current dilemma will both disappear.

./raw__socket__engine_8hpp.tex:29: Missing } inserted.
<inserted text> 
                }
l.29 \end{center}
                 
I've inserted something that you may have forgotten.
(See the <inserted text> above.)
With luck, this will get me unwedged. But if you
really didn't forget anything, try typing `2' now; then
my insertion and my current dilemma will both disappear.

./raw__socket__engine_8hpp.tex:29: Missing } inserted.
<inserted text> 
                }
l.29 \end{center}
                 
I've inserted something that you may have forgotten.
(See the <inserted text> above.)
With luck, this will get me unwedged. But if you
really didn't forget anything, try typing `2' now; then
my insertion and my current dilemma will both disappear.


Overfull \hbox (86.9756pt too wide) in paragraph at lines 27--29
 []$ 
 []

./raw__socket__engine_8hpp.tex:29: Missing } inserted.
<inserted text> 
                }
l.29 \end{center}
                 
I've inserted something that you may have forgotten.
(See the <inserted text> above.)
With luck, this will get me unwedged. But if you
really didn't forget anything, try typing `2' now; then
my insertion and my current dilemma will both disappear.


./raw__socket__engine_8hpp.tex:30: LaTeX Error: \begin{document} ended by \end{figure}.

See the LaTeX manual or LaTeX Companion for explanation.
Type  H <return>  for immediate help.
 ...                                              
                                                  
l.30 \end{figure}
                 
Your command was ignored.
Type  I <command> <return>  to replace it with another command,
or  <return>  to continue without it.

./raw__socket__engine_8hpp.tex:31: Undefined control sequence.
l.31 \doxysubsubsection
                       *{Classes}
The control sequence at the end of the top line
of your error message was never \def'ed. If you have
misspelled it (e.g., `\hobx'), type `I' and the correct
spelling (e.g., `I\hbox'). Otherwise just continue,
and I'll forget about whatever was undefined.

Missing character: There is no * in font nullfont!
Missing character: There is no C in font nullfont!
Missing character: There is no l in font nullfont!
Missing character: There is no a in font nullfont!
Missing character: There is no s in font nullfont!
Missing character: There is no s in font nullfont!
Missing character: There is no e in font nullfont!
Missing character: There is no s in font nullfont!

./raw__socket__engine_8hpp.tex:32: LaTeX Error: Environment DoxyCompactItemize undefined.

See the LaTeX manual or LaTeX Companion for explanation.
Type  H <return>  for immediate help.
 ...                                              
                                                  
l.32 \begin{DoxyCompactItemize}
                               
Your command was ignored.
Type  I <command> <return>  to replace it with another command,
or  <return>  to continue without it.


./raw__socket__engine_8hpp.tex:34: LaTeX Error: Lonely \item--perhaps a missing list environment.

See the LaTeX manual or LaTeX Companion for explanation.
Type  H <return>  for immediate help.
 ...                                              
                                                  
l.34 c
      lass \mbox{\hyperlink{class_raw_socket_engine}{Raw\+Socket\+Engine}}
Try typing  <return>  to proceed.
If that doesn't work, type  X <return>  to quit.

Missing character: There is no c in font nullfont!
Missing character: There is no l in font nullfont!
Missing character: There is no a in font nullfont!
Missing character: There is no s in font nullfont!
Missing character: There is no s in font nullfont!
./raw__socket__engine_8hpp.tex:34: Undefined control sequence.
<argument> \hyperlink 
                      {class_raw_socket_engine}{Raw\+Socket\+Engine}
l.34 ...s_raw_socket_engine}{Raw\+Socket\+Engine}}
                                                  
The control sequence at the end of the top line
of your error message was never \def'ed. If you have
misspelled it (e.g., `\hobx'), type `I' and the correct
spelling (e.g., `I\hbox'). Otherwise just continue,
and I'll forget about whatever was undefined.

Missing character: There is no c in font nullfont!
Missing character: There is no l in font nullfont!
Missing character: There is no a in font nullfont!
Missing character: There is no s in font nullfont!
Missing character: There is no s in font nullfont!
./raw__socket__engine_8hpp.tex:34: Missing $ inserted.
<inserted text> 
                $
l.34 ...s_raw_socket_engine}{Raw\+Socket\+Engine}}
                                                  
I've inserted a begin-math/end-math symbol since I think
you left one out. Proceed, with fingers crossed.

./raw__socket__engine_8hpp.tex:34: Extra }, or forgotten $.
<argument> \hyperlink {class_raw_socket_engine}
                                               {Raw\+Socket\+Engine}
l.34 ...s_raw_socket_engine}{Raw\+Socket\+Engine}}
                                                  
I've deleted a group-closing symbol because it seems to be
spurious, as in `$x}$'. But perhaps the } is legitimate and
you forgot something else, as in `\hbox{$x}'. In such cases
the way to recover is to insert both the forgotten and the
deleted material, e.g., by typing `I$}'.

./raw__socket__engine_8hpp.tex:34: Undefined control sequence.
<argument> ...link {class_raw_socket_engine}{Raw\+
                                                  Socket\+Engine}
l.34 ...s_raw_socket_engine}{Raw\+Socket\+Engine}}
                                                  
The control sequence at the end of the top line
of your error message was never \def'ed. If you have
misspelled it (e.g., `\hobx'), type `I' and the correct
spelling (e.g., `I\hbox'). Otherwise just continue,
and I'll forget about whatever was undefined.

./raw__socket__engine_8hpp.tex:34: Undefined control sequence.
<argument> ...ass_raw_socket_engine}{Raw\+Socket\+
                                                  Engine}
l.34 ...s_raw_socket_engine}{Raw\+Socket\+Engine}}
                                                  
The control sequence at the end of the top line
of your error message was never \def'ed. If you have
misspelled it (e.g., `\hobx'), type `I' and the correct
spelling (e.g., `I\hbox'). Otherwise just continue,
and I'll forget about whatever was undefined.

./raw__socket__engine_8hpp.tex:34: Extra }, or forgotten $.
\mbox  #1->\leavevmode \hbox {#1}
                                 
l.34 ...s_raw_socket_engine}{Raw\+Socket\+Engine}}
                                                  
I've deleted a group-closing symbol because it seems to be
spurious, as in `$x}$'. But perhaps the } is legitimate and
you forgot something else, as in `\hbox{$x}'. In such cases
the way to recover is to insert both the forgotten and the
deleted material, e.g., by typing `I$}'.


./raw__socket__engine_8hpp.tex:35: LaTeX Error: \begin{document} ended by \end{DoxyCompactItemize}.

See the LaTeX manual or LaTeX Companion for explanation.
Type  H <return>  for immediate help.
 ...                                              
                                                  
l.35 \end{DoxyCompactItemize}
                             
Your command was ignored.
Type  I <command> <return>  to replace it with another command,
or  <return>  to continue without it.

./raw__socket__engine_8hpp.tex:35: Missing $ inserted.
<inserted text> 
                $
l.35 \end{DoxyCompactItemize}
                             
I've inserted something that you may have forgotten.
(See the <inserted text> above.)
With luck, this will get me unwedged. But if you
really didn't forget anything, try typing `2' now; then
my insertion and my current dilemma will both disappear.

./raw__socket__engine_8hpp.tex:35: Missing } inserted.
<inserted text> 
                }
l.35 \end{DoxyCompactItemize}
                             
I've inserted something that you may have forgotten.
(See the <inserted text> above.)
With luck, this will get me unwedged. But if you
really didn't forget anything, try typing `2' now; then
my insertion and my current dilemma will both disappear.

./raw__socket__engine_8hpp.tex:35: Missing } inserted.
<inserted text> 
                }
l.35 \end{DoxyCompactItemize}
                             
I've inserted something that you may have forgotten.
(See the <inserted text> above.)
With luck, this will get me unwedged. But if you
really didn't forget anything, try typing `2' now; then
my insertion and my current dilemma will both disappear.

)
! Emergency stop.
<*> raw__socket__engine_8hpp.tex
                                
*** (job aborted, no legal \end found)

 
Here is how much of TeX's memory you used:
 31 strings out of 469269
 725 string characters out of 5467112
 432984 words of memory out of 5000000
 28562 multiletter control sequences out of 15000+600000
 626993 words of font info for 41 fonts, out of 8000000 for 9000
 319 hyphenation exceptions out of 8191
 22i,5n,23p,241b,93s stack positions out of 10000i,1000n,20000p,200000b,200000s
!  ==> Fatal error occurred, no output PDF file produced!
