This is pdfTeX, Version 3.141592653-2.6-1.40.28 (TeX Live 2025) (preloaded format=pdflatex 2025.9.24)  27 SEP 2025 18:54
entering extended mode
 \write18 enabled.
 file:line:error style messages enabled.
 %&-line parsing enabled.
**semaphore_8hpp_source.tex
(./semaphore_8hpp_source.tex
LaTeX2e <2025-06-01> patch level 1
L3 programming layer <2025-09-02>
./semaphore_8hpp_source.tex:1: Undefined control sequence.
l.1 \doxysection
                {semaphore.\+hpp}
The control sequence at the end of the top line
of your error message was never \def'ed. If you have
misspelled it (e.g., `\hobx'), type `I' and the correct
spelling (e.g., `I\hbox'). Otherwise just continue,
and I'll forget about whatever was undefined.


./semaphore_8hpp_source.tex:1: LaTeX Error: Missing \begin{document}.

See the LaTeX manual or LaTeX Companion for explanation.
Type  H <return>  for immediate help.
 ...                                              
                                                  
l.1 \doxysection{s
                  emaphore.\+hpp}
You're in trouble here.  Try typing  <return>  to proceed.
If that doesn't work, type  X <return>  to quit.

Missing character: There is no s in font nullfont!
Missing character: There is no e in font nullfont!
Missing character: There is no m in font nullfont!
Missing character: There is no a in font nullfont!
Missing character: There is no p in font nullfont!
Missing character: There is no h in font nullfont!
Missing character: There is no o in font nullfont!
Missing character: There is no r in font nullfont!
Missing character: There is no e in font nullfont!
Missing character: There is no . in font nullfont!
./semaphore_8hpp_source.tex:1: Undefined control sequence.
l.1 \doxysection{semaphore.\+
                             hpp}
The control sequence at the end of the top line
of your error message was never \def'ed. If you have
misspelled it (e.g., `\hobx'), type `I' and the correct
spelling (e.g., `I\hbox'). Otherwise just continue,
and I'll forget about whatever was undefined.

Missing character: There is no h in font nullfont!
Missing character: There is no p in font nullfont!
Missing character: There is no p in font nullfont!
./semaphore_8hpp_source.tex:2: Undefined control sequence.
l.2 \hypertarget
                {semaphore_8hpp_source}{}\label{semaphore_8hpp_source}\index...
The control sequence at the end of the top line
of your error message was never \def'ed. If you have
misspelled it (e.g., `\hobx'), type `I' and the correct
spelling (e.g., `I\hbox'). Otherwise just continue,
and I'll forget about whatever was undefined.

Missing character: There is no s in font nullfont!
Missing character: There is no e in font nullfont!
Missing character: There is no m in font nullfont!
Missing character: There is no a in font nullfont!
Missing character: There is no p in font nullfont!
Missing character: There is no h in font nullfont!
Missing character: There is no o in font nullfont!
Missing character: There is no r in font nullfont!
Missing character: There is no e in font nullfont!
./semaphore_8hpp_source.tex:2: Missing $ inserted.
<inserted text> 
                $
l.2 \hypertarget{semaphore_
                           8hpp_source}{}\label{semaphore_8hpp_source}\index...
I've inserted a begin-math/end-math symbol since I think
you left one out. Proceed, with fingers crossed.

LaTeX Font Info:    External font `cmex10' loaded for size
(Font)              <7> on input line 2.
LaTeX Font Info:    External font `cmex10' loaded for size
(Font)              <5> on input line 2.
./semaphore_8hpp_source.tex:2: Extra }, or forgotten $.
l.2 \hypertarget{semaphore_8hpp_source}
                                       {}\label{semaphore_8hpp_source}\index...
I've deleted a group-closing symbol because it seems to be
spurious, as in `$x}$'. But perhaps the } is legitimate and
you forgot something else, as in `\hbox{$x}'. In such cases
the way to recover is to insert both the forgotten and the
deleted material, e.g., by typing `I$}'.

./semaphore_8hpp_source.tex:3: Undefined control sequence.
<argument> \hyperlink 
                      {semaphore_8hpp}{Go to the documentation of this file.}
l.3 ...pp}{Go to the documentation of this file.}}
                                                  
The control sequence at the end of the top line
of your error message was never \def'ed. If you have
misspelled it (e.g., `\hobx'), type `I' and the correct
spelling (e.g., `I\hbox'). Otherwise just continue,
and I'll forget about whatever was undefined.

Missing character: There is no s in font nullfont!
Missing character: There is no e in font nullfont!
Missing character: There is no m in font nullfont!
Missing character: There is no a in font nullfont!
Missing character: There is no p in font nullfont!
Missing character: There is no h in font nullfont!
Missing character: There is no o in font nullfont!
Missing character: There is no r in font nullfont!
Missing character: There is no e in font nullfont!
./semaphore_8hpp_source.tex:3: Missing $ inserted.
<inserted text> 
                $
l.3 ...pp}{Go to the documentation of this file.}}
                                                  
I've inserted a begin-math/end-math symbol since I think
you left one out. Proceed, with fingers crossed.

./semaphore_8hpp_source.tex:3: Extra }, or forgotten $.
<argument> \hyperlink {semaphore_8hpp}
                                      {Go to the documentation of this file.}
l.3 ...pp}{Go to the documentation of this file.}}
                                                  
I've deleted a group-closing symbol because it seems to be
spurious, as in `$x}$'. But perhaps the } is legitimate and
you forgot something else, as in `\hbox{$x}'. In such cases
the way to recover is to insert both the forgotten and the
deleted material, e.g., by typing `I$}'.

./semaphore_8hpp_source.tex:3: Extra }, or forgotten $.
\mbox  #1->\leavevmode \hbox {#1}
                                 
l.3 ...pp}{Go to the documentation of this file.}}
                                                  
I've deleted a group-closing symbol because it seems to be
spurious, as in `$x}$'. But perhaps the } is legitimate and
you forgot something else, as in `\hbox{$x}'. In such cases
the way to recover is to insert both the forgotten and the
deleted material, e.g., by typing `I$}'.


./semaphore_8hpp_source.tex:4: LaTeX Error: Environment DoxyCode undefined.

See the LaTeX manual or LaTeX Companion for explanation.
Type  H <return>  for immediate help.
 ...                                              
                                                  
l.4 \begin{DoxyCode}
                    {0}
Your command was ignored.
Type  I <command> <return>  to replace it with another command,
or  <return>  to continue without it.

./semaphore_8hpp_source.tex:5: Undefined control sequence.
l.5 \DoxyCodeLine
                 {00001\ \textcolor{comment}{//\ in\ source/api/observer/sem...
The control sequence at the end of the top line
of your error message was never \def'ed. If you have
misspelled it (e.g., `\hobx'), type `I' and the correct
spelling (e.g., `I\hbox'). Otherwise just continue,
and I'll forget about whatever was undefined.

./semaphore_8hpp_source.tex:5: Undefined control sequence.
l.5 \DoxyCodeLine{00001\ \textcolor
                                   {comment}{//\ in\ source/api/observer/sem...
The control sequence at the end of the top line
of your error message was never \def'ed. If you have
misspelled it (e.g., `\hobx'), type `I' and the correct
spelling (e.g., `I\hbox'). Otherwise just continue,
and I'll forget about whatever was undefined.

./semaphore_8hpp_source.tex:6: Undefined control sequence.
l.6 \DoxyCodeLine
                 {00002\ }
The control sequence at the end of the top line
of your error message was never \def'ed. If you have
misspelled it (e.g., `\hobx'), type `I' and the correct
spelling (e.g., `I\hbox'). Otherwise just continue,
and I'll forget about whatever was undefined.

./semaphore_8hpp_source.tex:7: Undefined control sequence.
l.7 \DoxyCodeLine
                 {00003\ \textcolor{preprocessor}{\#ifndef\ SEMAPHORE\_HPP}}
The control sequence at the end of the top line
of your error message was never \def'ed. If you have
misspelled it (e.g., `\hobx'), type `I' and the correct
spelling (e.g., `I\hbox'). Otherwise just continue,
and I'll forget about whatever was undefined.

./semaphore_8hpp_source.tex:7: Undefined control sequence.
l.7 \DoxyCodeLine{00003\ \textcolor
                                   {preprocessor}{\#ifndef\ SEMAPHORE\_HPP}}
The control sequence at the end of the top line
of your error message was never \def'ed. If you have
misspelled it (e.g., `\hobx'), type `I' and the correct
spelling (e.g., `I\hbox'). Otherwise just continue,
and I'll forget about whatever was undefined.

./semaphore_8hpp_source.tex:8: Undefined control sequence.
l.8 \DoxyCodeLine
                 {00004\ \textcolor{preprocessor}{\#define\ SEMAPHORE\_HPP}}
The control sequence at the end of the top line
of your error message was never \def'ed. If you have
misspelled it (e.g., `\hobx'), type `I' and the correct
spelling (e.g., `I\hbox'). Otherwise just continue,
and I'll forget about whatever was undefined.

./semaphore_8hpp_source.tex:8: Undefined control sequence.
l.8 \DoxyCodeLine{00004\ \textcolor
                                   {preprocessor}{\#define\ SEMAPHORE\_HPP}}
The control sequence at the end of the top line
of your error message was never \def'ed. If you have
misspelled it (e.g., `\hobx'), type `I' and the correct
spelling (e.g., `I\hbox'). Otherwise just continue,
and I'll forget about whatever was undefined.

./semaphore_8hpp_source.tex:9: Undefined control sequence.
l.9 \DoxyCodeLine
                 {00005\ }
The control sequence at the end of the top line
of your error message was never \def'ed. If you have
misspelled it (e.g., `\hobx'), type `I' and the correct
spelling (e.g., `I\hbox'). Otherwise just continue,
and I'll forget about whatever was undefined.

./semaphore_8hpp_source.tex:10: Undefined control sequence.
l.10 \DoxyCodeLine
                  {00006\ \textcolor{preprocessor}{\#include\ <mutex>}}
The control sequence at the end of the top line
of your error message was never \def'ed. If you have
misspelled it (e.g., `\hobx'), type `I' and the correct
spelling (e.g., `I\hbox'). Otherwise just continue,
and I'll forget about whatever was undefined.

./semaphore_8hpp_source.tex:10: Undefined control sequence.
l.10 \DoxyCodeLine{00006\ \textcolor
                                    {preprocessor}{\#include\ <mutex>}}
The control sequence at the end of the top line
of your error message was never \def'ed. If you have
misspelled it (e.g., `\hobx'), type `I' and the correct
spelling (e.g., `I\hbox'). Otherwise just continue,
and I'll forget about whatever was undefined.

./semaphore_8hpp_source.tex:11: Undefined control sequence.
l.11 \DoxyCodeLine
                  {00007\ \textcolor{preprocessor}{\#include\ <condition\_va...
The control sequence at the end of the top line
of your error message was never \def'ed. If you have
misspelled it (e.g., `\hobx'), type `I' and the correct
spelling (e.g., `I\hbox'). Otherwise just continue,
and I'll forget about whatever was undefined.

./semaphore_8hpp_source.tex:11: Undefined control sequence.
l.11 \DoxyCodeLine{00007\ \textcolor
                                    {preprocessor}{\#include\ <condition\_va...
The control sequence at the end of the top line
of your error message was never \def'ed. If you have
misspelled it (e.g., `\hobx'), type `I' and the correct
spelling (e.g., `I\hbox'). Otherwise just continue,
and I'll forget about whatever was undefined.

./semaphore_8hpp_source.tex:12: Undefined control sequence.
l.12 \DoxyCodeLine
                  {00008\ }
The control sequence at the end of the top line
of your error message was never \def'ed. If you have
misspelled it (e.g., `\hobx'), type `I' and the correct
spelling (e.g., `I\hbox'). Otherwise just continue,
and I'll forget about whatever was undefined.

./semaphore_8hpp_source.tex:13: Undefined control sequence.
l.13 \DoxyCodeLine
                  {00009\ \textcolor{keyword}{class\ }\mbox{\hyperlink{class...
The control sequence at the end of the top line
of your error message was never \def'ed. If you have
misspelled it (e.g., `\hobx'), type `I' and the correct
spelling (e.g., `I\hbox'). Otherwise just continue,
and I'll forget about whatever was undefined.

./semaphore_8hpp_source.tex:13: Undefined control sequence.
l.13 \DoxyCodeLine{00009\ \textcolor
                                    {keyword}{class\ }\mbox{\hyperlink{class...
The control sequence at the end of the top line
of your error message was never \def'ed. If you have
misspelled it (e.g., `\hobx'), type `I' and the correct
spelling (e.g., `I\hbox'). Otherwise just continue,
and I'll forget about whatever was undefined.

./semaphore_8hpp_source.tex:13: Undefined control sequence.
<argument> \hyperlink 
                      {class_semaphore_afda7fc576c5ffc1919d46fb1ee835a62}{Se...
l.13 ...7fc576c5ffc1919d46fb1ee835a62}{Semaphore}}
                                                  \ \{}
The control sequence at the end of the top line
of your error message was never \def'ed. If you have
misspelled it (e.g., `\hobx'), type `I' and the correct
spelling (e.g., `I\hbox'). Otherwise just continue,
and I'll forget about whatever was undefined.

Missing character: There is no c in font nullfont!
Missing character: There is no l in font nullfont!
Missing character: There is no a in font nullfont!
Missing character: There is no s in font nullfont!
Missing character: There is no s in font nullfont!
./semaphore_8hpp_source.tex:13: Missing $ inserted.
<inserted text> 
                $
l.13 ...7fc576c5ffc1919d46fb1ee835a62}{Semaphore}}
                                                  \ \{}
I've inserted a begin-math/end-math symbol since I think
you left one out. Proceed, with fingers crossed.

./semaphore_8hpp_source.tex:13: Extra }, or forgotten $.
<argument> ...e_afda7fc576c5ffc1919d46fb1ee835a62}
                                                  {Semaphore}
l.13 ...7fc576c5ffc1919d46fb1ee835a62}{Semaphore}}
                                                  \ \{}
I've deleted a group-closing symbol because it seems to be
spurious, as in `$x}$'. But perhaps the } is legitimate and
you forgot something else, as in `\hbox{$x}'. In such cases
the way to recover is to insert both the forgotten and the
deleted material, e.g., by typing `I$}'.

./semaphore_8hpp_source.tex:13: Extra }, or forgotten $.
\mbox  #1->\leavevmode \hbox {#1}
                                 
l.13 ...7fc576c5ffc1919d46fb1ee835a62}{Semaphore}}
                                                  \ \{}
I've deleted a group-closing symbol because it seems to be
spurious, as in `$x}$'. But perhaps the } is legitimate and
you forgot something else, as in `\hbox{$x}'. In such cases
the way to recover is to insert both the forgotten and the
deleted material, e.g., by typing `I$}'.

./semaphore_8hpp_source.tex:13: Extra }, or forgotten $.
l.13 ...6c5ffc1919d46fb1ee835a62}{Semaphore}}\ \{}
                                                  
I've deleted a group-closing symbol because it seems to be
spurious, as in `$x}$'. But perhaps the } is legitimate and
you forgot something else, as in `\hbox{$x}'. In such cases
the way to recover is to insert both the forgotten and the
deleted material, e.g., by typing `I$}'.

./semaphore_8hpp_source.tex:14: Undefined control sequence.
l.14 \DoxyCodeLine
                  {00010\ \textcolor{keyword}{public}:}
The control sequence at the end of the top line
of your error message was never \def'ed. If you have
misspelled it (e.g., `\hobx'), type `I' and the correct
spelling (e.g., `I\hbox'). Otherwise just continue,
and I'll forget about whatever was undefined.

./semaphore_8hpp_source.tex:14: Undefined control sequence.
l.14 \DoxyCodeLine{00010\ \textcolor
                                    {keyword}{public}:}
The control sequence at the end of the top line
of your error message was never \def'ed. If you have
misspelled it (e.g., `\hobx'), type `I' and the correct
spelling (e.g., `I\hbox'). Otherwise just continue,
and I'll forget about whatever was undefined.

./semaphore_8hpp_source.tex:15: Undefined control sequence.
l.15 \DoxyCodeLine
                  {00011\ \ \ \ \ \textcolor{keyword}{explicit}\ \mbox{\hype...
The control sequence at the end of the top line
of your error message was never \def'ed. If you have
misspelled it (e.g., `\hobx'), type `I' and the correct
spelling (e.g., `I\hbox'). Otherwise just continue,
and I'll forget about whatever was undefined.

./semaphore_8hpp_source.tex:15: Undefined control sequence.
l.15 \DoxyCodeLine{00011\ \ \ \ \ \textcolor
                                            {keyword}{explicit}\ \mbox{\hype...
The control sequence at the end of the top line
of your error message was never \def'ed. If you have
misspelled it (e.g., `\hobx'), type `I' and the correct
spelling (e.g., `I\hbox'). Otherwise just continue,
and I'll forget about whatever was undefined.

./semaphore_8hpp_source.tex:15: Undefined control sequence.
<argument> \hyperlink 
                      {class_semaphore_afda7fc576c5ffc1919d46fb1ee835a62}{Se...
l.15 ...7fc576c5ffc1919d46fb1ee835a62}{Semaphore}}
                                                  (\textcolor{keywordtype}{i...
The control sequence at the end of the top line
of your error message was never \def'ed. If you have
misspelled it (e.g., `\hobx'), type `I' and the correct
spelling (e.g., `I\hbox'). Otherwise just continue,
and I'll forget about whatever was undefined.

Missing character: There is no c in font nullfont!
Missing character: There is no l in font nullfont!
Missing character: There is no a in font nullfont!
Missing character: There is no s in font nullfont!
Missing character: There is no s in font nullfont!
./semaphore_8hpp_source.tex:15: Missing $ inserted.
<inserted text> 
                $
l.15 ...7fc576c5ffc1919d46fb1ee835a62}{Semaphore}}
                                                  (\textcolor{keywordtype}{i...
I've inserted a begin-math/end-math symbol since I think
you left one out. Proceed, with fingers crossed.

./semaphore_8hpp_source.tex:15: Extra }, or forgotten $.
<argument> ...e_afda7fc576c5ffc1919d46fb1ee835a62}
                                                  {Semaphore}
l.15 ...7fc576c5ffc1919d46fb1ee835a62}{Semaphore}}
                                                  (\textcolor{keywordtype}{i...
I've deleted a group-closing symbol because it seems to be
spurious, as in `$x}$'. But perhaps the } is legitimate and
you forgot something else, as in `\hbox{$x}'. In such cases
the way to recover is to insert both the forgotten and the
deleted material, e.g., by typing `I$}'.

./semaphore_8hpp_source.tex:15: Extra }, or forgotten $.
\mbox  #1->\leavevmode \hbox {#1}
                                 
l.15 ...7fc576c5ffc1919d46fb1ee835a62}{Semaphore}}
                                                  (\textcolor{keywordtype}{i...
I've deleted a group-closing symbol because it seems to be
spurious, as in `$x}$'. But perhaps the } is legitimate and
you forgot something else, as in `\hbox{$x}'. In such cases
the way to recover is to insert both the forgotten and the
deleted material, e.g., by typing `I$}'.

./semaphore_8hpp_source.tex:15: Undefined control sequence.
l.15 ...1919d46fb1ee835a62}{Semaphore}}(\textcolor
                                                  {keywordtype}{int}\ initia...
The control sequence at the end of the top line
of your error message was never \def'ed. If you have
misspelled it (e.g., `\hobx'), type `I' and the correct
spelling (e.g., `I\hbox'). Otherwise just continue,
and I'll forget about whatever was undefined.

./semaphore_8hpp_source.tex:15: Undefined control sequence.
<argument> \hyperlink 
                      {class_semaphore_a9829c4e5212965a33ed643aa750fbd47}{\_...
l.15 ...829c4e5212965a33ed643aa750fbd47}{\_count}}
                                                  (initial\_count)\ \{\}}
The control sequence at the end of the top line
of your error message was never \def'ed. If you have
misspelled it (e.g., `\hobx'), type `I' and the correct
spelling (e.g., `I\hbox'). Otherwise just continue,
and I'll forget about whatever was undefined.

Missing character: There is no c in font nullfont!
Missing character: There is no l in font nullfont!
Missing character: There is no a in font nullfont!
Missing character: There is no s in font nullfont!
Missing character: There is no s in font nullfont!
./semaphore_8hpp_source.tex:15: Missing $ inserted.
<inserted text> 
                $
l.15 ...829c4e5212965a33ed643aa750fbd47}{\_count}}
                                                  (initial\_count)\ \{\}}
I've inserted a begin-math/end-math symbol since I think
you left one out. Proceed, with fingers crossed.

./semaphore_8hpp_source.tex:15: Extra }, or forgotten $.
<argument> ...e_a9829c4e5212965a33ed643aa750fbd47}
                                                  {\_count}
l.15 ...829c4e5212965a33ed643aa750fbd47}{\_count}}
                                                  (initial\_count)\ \{\}}
I've deleted a group-closing symbol because it seems to be
spurious, as in `$x}$'. But perhaps the } is legitimate and
you forgot something else, as in `\hbox{$x}'. In such cases
the way to recover is to insert both the forgotten and the
deleted material, e.g., by typing `I$}'.

./semaphore_8hpp_source.tex:15: Extra }, or forgotten $.
\mbox  #1->\leavevmode \hbox {#1}
                                 
l.15 ...829c4e5212965a33ed643aa750fbd47}{\_count}}
                                                  (initial\_count)\ \{\}}
I've deleted a group-closing symbol because it seems to be
spurious, as in `$x}$'. But perhaps the } is legitimate and
you forgot something else, as in `\hbox{$x}'. In such cases
the way to recover is to insert both the forgotten and the
deleted material, e.g., by typing `I$}'.

./semaphore_8hpp_source.tex:15: Extra }, or forgotten $.
l.15 ...750fbd47}{\_count}}(initial\_count)\ \{\}}
                                                  
I've deleted a group-closing symbol because it seems to be
spurious, as in `$x}$'. But perhaps the } is legitimate and
you forgot something else, as in `\hbox{$x}'. In such cases
the way to recover is to insert both the forgotten and the
deleted material, e.g., by typing `I$}'.

./semaphore_8hpp_source.tex:16: Undefined control sequence.
l.16 \DoxyCodeLine
                  {00012\ }
The control sequence at the end of the top line
of your error message was never \def'ed. If you have
misspelled it (e.g., `\hobx'), type `I' and the correct
spelling (e.g., `I\hbox'). Otherwise just continue,
and I'll forget about whatever was undefined.

./semaphore_8hpp_source.tex:17: Undefined control sequence.
l.17 \DoxyCodeLine
                  {00013\ \ \ \ \ \textcolor{comment}{//\ 'v()'\ -\/\ Signal...
The control sequence at the end of the top line
of your error message was never \def'ed. If you have
misspelled it (e.g., `\hobx'), type `I' and the correct
spelling (e.g., `I\hbox'). Otherwise just continue,
and I'll forget about whatever was undefined.

./semaphore_8hpp_source.tex:17: Undefined control sequence.
l.17 \DoxyCodeLine{00013\ \ \ \ \ \textcolor
                                            {comment}{//\ 'v()'\ -\/\ Signal...
The control sequence at the end of the top line
of your error message was never \def'ed. If you have
misspelled it (e.g., `\hobx'), type `I' and the correct
spelling (e.g., `I\hbox'). Otherwise just continue,
and I'll forget about whatever was undefined.

./semaphore_8hpp_source.tex:18: Undefined control sequence.
l.18 \DoxyCodeLine
                  {00014\ \ \ \ \ \textcolor{keywordtype}{void}\ \mbox{\hype...
The control sequence at the end of the top line
of your error message was never \def'ed. If you have
misspelled it (e.g., `\hobx'), type `I' and the correct
spelling (e.g., `I\hbox'). Otherwise just continue,
and I'll forget about whatever was undefined.

./semaphore_8hpp_source.tex:18: Undefined control sequence.
l.18 \DoxyCodeLine{00014\ \ \ \ \ \textcolor
                                            {keywordtype}{void}\ \mbox{\hype...
The control sequence at the end of the top line
of your error message was never \def'ed. If you have
misspelled it (e.g., `\hobx'), type `I' and the correct
spelling (e.g., `I\hbox'). Otherwise just continue,
and I'll forget about whatever was undefined.

./semaphore_8hpp_source.tex:18: Undefined control sequence.
<argument> \hyperlink 
                      {class_semaphore_af241cab5feb1a86bba81a1d6a424aac7}{v}
l.18 ...ore_af241cab5feb1a86bba81a1d6a424aac7}{v}}
                                                  ()\ \{}
The control sequence at the end of the top line
of your error message was never \def'ed. If you have
misspelled it (e.g., `\hobx'), type `I' and the correct
spelling (e.g., `I\hbox'). Otherwise just continue,
and I'll forget about whatever was undefined.

Missing character: There is no c in font nullfont!
Missing character: There is no l in font nullfont!
Missing character: There is no a in font nullfont!
Missing character: There is no s in font nullfont!
Missing character: There is no s in font nullfont!
./semaphore_8hpp_source.tex:18: Missing $ inserted.
<inserted text> 
                $
l.18 ...ore_af241cab5feb1a86bba81a1d6a424aac7}{v}}
                                                  ()\ \{}
I've inserted a begin-math/end-math symbol since I think
you left one out. Proceed, with fingers crossed.

./semaphore_8hpp_source.tex:18: Extra }, or forgotten $.
<argument> ...e_af241cab5feb1a86bba81a1d6a424aac7}
                                                  {v}
l.18 ...ore_af241cab5feb1a86bba81a1d6a424aac7}{v}}
                                                  ()\ \{}
I've deleted a group-closing symbol because it seems to be
spurious, as in `$x}$'. But perhaps the } is legitimate and
you forgot something else, as in `\hbox{$x}'. In such cases
the way to recover is to insert both the forgotten and the
deleted material, e.g., by typing `I$}'.

./semaphore_8hpp_source.tex:18: Extra }, or forgotten $.
\mbox  #1->\leavevmode \hbox {#1}
                                 
l.18 ...ore_af241cab5feb1a86bba81a1d6a424aac7}{v}}
                                                  ()\ \{}
I've deleted a group-closing symbol because it seems to be
spurious, as in `$x}$'. But perhaps the } is legitimate and
you forgot something else, as in `\hbox{$x}'. In such cases
the way to recover is to insert both the forgotten and the
deleted material, e.g., by typing `I$}'.

./semaphore_8hpp_source.tex:18: Extra }, or forgotten $.
l.18 ...41cab5feb1a86bba81a1d6a424aac7}{v}}()\ \{}
                                                  
I've deleted a group-closing symbol because it seems to be
spurious, as in `$x}$'. But perhaps the } is legitimate and
you forgot something else, as in `\hbox{$x}'. In such cases
the way to recover is to insert both the forgotten and the
deleted material, e.g., by typing `I$}'.

./semaphore_8hpp_source.tex:19: Undefined control sequence.
l.19 \DoxyCodeLine
                  {00015\ \ \ \ \ \ \ \ \ std::lock\_guard<std::mutex>\ lock...
The control sequence at the end of the top line
of your error message was never \def'ed. If you have
misspelled it (e.g., `\hobx'), type `I' and the correct
spelling (e.g., `I\hbox'). Otherwise just continue,
and I'll forget about whatever was undefined.

./semaphore_8hpp_source.tex:19: Undefined control sequence.
<argument> \hyperlink 
                      {class_semaphore_a38d7f27b3b18b13785ce2b620d864355}{\_...
l.19 ...8d7f27b3b18b13785ce2b620d864355}{\_mutex}}
                                                  );}
The control sequence at the end of the top line
of your error message was never \def'ed. If you have
misspelled it (e.g., `\hobx'), type `I' and the correct
spelling (e.g., `I\hbox'). Otherwise just continue,
and I'll forget about whatever was undefined.

Missing character: There is no c in font nullfont!
Missing character: There is no l in font nullfont!
Missing character: There is no a in font nullfont!
Missing character: There is no s in font nullfont!
Missing character: There is no s in font nullfont!
./semaphore_8hpp_source.tex:19: Missing $ inserted.
<inserted text> 
                $
l.19 ...8d7f27b3b18b13785ce2b620d864355}{\_mutex}}
                                                  );}
I've inserted a begin-math/end-math symbol since I think
you left one out. Proceed, with fingers crossed.

./semaphore_8hpp_source.tex:19: Extra }, or forgotten $.
<argument> ...e_a38d7f27b3b18b13785ce2b620d864355}
                                                  {\_mutex}
l.19 ...8d7f27b3b18b13785ce2b620d864355}{\_mutex}}
                                                  );}
I've deleted a group-closing symbol because it seems to be
spurious, as in `$x}$'. But perhaps the } is legitimate and
you forgot something else, as in `\hbox{$x}'. In such cases
the way to recover is to insert both the forgotten and the
deleted material, e.g., by typing `I$}'.

./semaphore_8hpp_source.tex:19: Extra }, or forgotten $.
\mbox  #1->\leavevmode \hbox {#1}
                                 
l.19 ...8d7f27b3b18b13785ce2b620d864355}{\_mutex}}
                                                  );}
I've deleted a group-closing symbol because it seems to be
spurious, as in `$x}$'. But perhaps the } is legitimate and
you forgot something else, as in `\hbox{$x}'. In such cases
the way to recover is to insert both the forgotten and the
deleted material, e.g., by typing `I$}'.

./semaphore_8hpp_source.tex:19: Extra }, or forgotten $.
l.19 ...f27b3b18b13785ce2b620d864355}{\_mutex}});}
                                                  
I've deleted a group-closing symbol because it seems to be
spurious, as in `$x}$'. But perhaps the } is legitimate and
you forgot something else, as in `\hbox{$x}'. In such cases
the way to recover is to insert both the forgotten and the
deleted material, e.g., by typing `I$}'.

./semaphore_8hpp_source.tex:20: Undefined control sequence.
l.20 \DoxyCodeLine
                  {00016\ \ \ \ \ \ \ \ \ \mbox{\hyperlink{class_semaphore_a...
The control sequence at the end of the top line
of your error message was never \def'ed. If you have
misspelled it (e.g., `\hobx'), type `I' and the correct
spelling (e.g., `I\hbox'). Otherwise just continue,
and I'll forget about whatever was undefined.

./semaphore_8hpp_source.tex:20: Undefined control sequence.
<argument> \hyperlink 
                      {class_semaphore_a9829c4e5212965a33ed643aa750fbd47}{\_...
l.20 ...829c4e5212965a33ed643aa750fbd47}{\_count}}
                                                  ++;}
The control sequence at the end of the top line
of your error message was never \def'ed. If you have
misspelled it (e.g., `\hobx'), type `I' and the correct
spelling (e.g., `I\hbox'). Otherwise just continue,
and I'll forget about whatever was undefined.

Missing character: There is no c in font nullfont!
Missing character: There is no l in font nullfont!
Missing character: There is no a in font nullfont!
Missing character: There is no s in font nullfont!
Missing character: There is no s in font nullfont!
./semaphore_8hpp_source.tex:20: Missing $ inserted.
<inserted text> 
                $
l.20 ...829c4e5212965a33ed643aa750fbd47}{\_count}}
                                                  ++;}
I've inserted a begin-math/end-math symbol since I think
you left one out. Proceed, with fingers crossed.

./semaphore_8hpp_source.tex:20: Extra }, or forgotten $.
<argument> ...e_a9829c4e5212965a33ed643aa750fbd47}
                                                  {\_count}
l.20 ...829c4e5212965a33ed643aa750fbd47}{\_count}}
                                                  ++;}
I've deleted a group-closing symbol because it seems to be
spurious, as in `$x}$'. But perhaps the } is legitimate and
you forgot something else, as in `\hbox{$x}'. In such cases
the way to recover is to insert both the forgotten and the
deleted material, e.g., by typing `I$}'.

./semaphore_8hpp_source.tex:20: Extra }, or forgotten $.
\mbox  #1->\leavevmode \hbox {#1}
                                 
l.20 ...829c4e5212965a33ed643aa750fbd47}{\_count}}
                                                  ++;}
I've deleted a group-closing symbol because it seems to be
spurious, as in `$x}$'. But perhaps the } is legitimate and
you forgot something else, as in `\hbox{$x}'. In such cases
the way to recover is to insert both the forgotten and the
deleted material, e.g., by typing `I$}'.

./semaphore_8hpp_source.tex:20: Extra }, or forgotten $.
l.20 ...4e5212965a33ed643aa750fbd47}{\_count}}++;}
                                                  
I've deleted a group-closing symbol because it seems to be
spurious, as in `$x}$'. But perhaps the } is legitimate and
you forgot something else, as in `\hbox{$x}'. In such cases
the way to recover is to insert both the forgotten and the
deleted material, e.g., by typing `I$}'.

./semaphore_8hpp_source.tex:21: Undefined control sequence.
l.21 \DoxyCodeLine
                  {00017\ \ \ \ \ \ \ \ \ \mbox{\hyperlink{class_semaphore_a...
The control sequence at the end of the top line
of your error message was never \def'ed. If you have
misspelled it (e.g., `\hobx'), type `I' and the correct
spelling (e.g., `I\hbox'). Otherwise just continue,
and I'll forget about whatever was undefined.

./semaphore_8hpp_source.tex:21: Undefined control sequence.
<argument> \hyperlink 
                      {class_semaphore_aaef36b708ecbf3982c24826f7be844bb}{\_cv}
l.21 ..._aaef36b708ecbf3982c24826f7be844bb}{\_cv}}
                                                  .notify\_one();}
The control sequence at the end of the top line
of your error message was never \def'ed. If you have
misspelled it (e.g., `\hobx'), type `I' and the correct
spelling (e.g., `I\hbox'). Otherwise just continue,
and I'll forget about whatever was undefined.

Missing character: There is no c in font nullfont!
Missing character: There is no l in font nullfont!
Missing character: There is no a in font nullfont!
Missing character: There is no s in font nullfont!
Missing character: There is no s in font nullfont!
./semaphore_8hpp_source.tex:21: Missing $ inserted.
<inserted text> 
                $
l.21 ..._aaef36b708ecbf3982c24826f7be844bb}{\_cv}}
                                                  .notify\_one();}
I've inserted a begin-math/end-math symbol since I think
you left one out. Proceed, with fingers crossed.

./semaphore_8hpp_source.tex:21: Extra }, or forgotten $.
<argument> ...e_aaef36b708ecbf3982c24826f7be844bb}
                                                  {\_cv}
l.21 ..._aaef36b708ecbf3982c24826f7be844bb}{\_cv}}
                                                  .notify\_one();}
I've deleted a group-closing symbol because it seems to be
spurious, as in `$x}$'. But perhaps the } is legitimate and
you forgot something else, as in `\hbox{$x}'. In such cases
the way to recover is to insert both the forgotten and the
deleted material, e.g., by typing `I$}'.

./semaphore_8hpp_source.tex:21: Extra }, or forgotten $.
\mbox  #1->\leavevmode \hbox {#1}
                                 
l.21 ..._aaef36b708ecbf3982c24826f7be844bb}{\_cv}}
                                                  .notify\_one();}
I've deleted a group-closing symbol because it seems to be
spurious, as in `$x}$'. But perhaps the } is legitimate and
you forgot something else, as in `\hbox{$x}'. In such cases
the way to recover is to insert both the forgotten and the
deleted material, e.g., by typing `I$}'.

./semaphore_8hpp_source.tex:21: Extra }, or forgotten $.
l.21 ...982c24826f7be844bb}{\_cv}}.notify\_one();}
                                                  
I've deleted a group-closing symbol because it seems to be
spurious, as in `$x}$'. But perhaps the } is legitimate and
you forgot something else, as in `\hbox{$x}'. In such cases
the way to recover is to insert both the forgotten and the
deleted material, e.g., by typing `I$}'.

./semaphore_8hpp_source.tex:22: Undefined control sequence.
l.22 \DoxyCodeLine
                  {00018\ \ \ \ \ \}}
The control sequence at the end of the top line
of your error message was never \def'ed. If you have
misspelled it (e.g., `\hobx'), type `I' and the correct
spelling (e.g., `I\hbox'). Otherwise just continue,
and I'll forget about whatever was undefined.

./semaphore_8hpp_source.tex:23: Undefined control sequence.
l.23 \DoxyCodeLine
                  {00019\ }
The control sequence at the end of the top line
of your error message was never \def'ed. If you have
misspelled it (e.g., `\hobx'), type `I' and the correct
spelling (e.g., `I\hbox'). Otherwise just continue,
and I'll forget about whatever was undefined.

./semaphore_8hpp_source.tex:24: Undefined control sequence.
l.24 \DoxyCodeLine
                  {00020\ \ \ \ \ \textcolor{comment}{//\ 'p()'\ -\/\ Wait/D...
The control sequence at the end of the top line
of your error message was never \def'ed. If you have
misspelled it (e.g., `\hobx'), type `I' and the correct
spelling (e.g., `I\hbox'). Otherwise just continue,
and I'll forget about whatever was undefined.

./semaphore_8hpp_source.tex:24: Undefined control sequence.
l.24 \DoxyCodeLine{00020\ \ \ \ \ \textcolor
                                            {comment}{//\ 'p()'\ -\/\ Wait/D...
The control sequence at the end of the top line
of your error message was never \def'ed. If you have
misspelled it (e.g., `\hobx'), type `I' and the correct
spelling (e.g., `I\hbox'). Otherwise just continue,
and I'll forget about whatever was undefined.

./semaphore_8hpp_source.tex:25: Undefined control sequence.
l.25 \DoxyCodeLine
                  {00021\ \ \ \ \ \textcolor{keywordtype}{void}\ \mbox{\hype...
The control sequence at the end of the top line
of your error message was never \def'ed. If you have
misspelled it (e.g., `\hobx'), type `I' and the correct
spelling (e.g., `I\hbox'). Otherwise just continue,
and I'll forget about whatever was undefined.

./semaphore_8hpp_source.tex:25: Undefined control sequence.
l.25 \DoxyCodeLine{00021\ \ \ \ \ \textcolor
                                            {keywordtype}{void}\ \mbox{\hype...
The control sequence at the end of the top line
of your error message was never \def'ed. If you have
misspelled it (e.g., `\hobx'), type `I' and the correct
spelling (e.g., `I\hbox'). Otherwise just continue,
and I'll forget about whatever was undefined.

./semaphore_8hpp_source.tex:25: Undefined control sequence.
<argument> \hyperlink 
                      {class_semaphore_a3ece53ecda8bbf021a3584b5f8154438}{p}
l.25 ...ore_a3ece53ecda8bbf021a3584b5f8154438}{p}}
                                                  ()\ \{}
The control sequence at the end of the top line
of your error message was never \def'ed. If you have
misspelled it (e.g., `\hobx'), type `I' and the correct
spelling (e.g., `I\hbox'). Otherwise just continue,
and I'll forget about whatever was undefined.

Missing character: There is no c in font nullfont!
Missing character: There is no l in font nullfont!
Missing character: There is no a in font nullfont!
Missing character: There is no s in font nullfont!
Missing character: There is no s in font nullfont!
./semaphore_8hpp_source.tex:25: Missing $ inserted.
<inserted text> 
                $
l.25 ...ore_a3ece53ecda8bbf021a3584b5f8154438}{p}}
                                                  ()\ \{}
I've inserted a begin-math/end-math symbol since I think
you left one out. Proceed, with fingers crossed.

./semaphore_8hpp_source.tex:25: Extra }, or forgotten $.
<argument> ...e_a3ece53ecda8bbf021a3584b5f8154438}
                                                  {p}
l.25 ...ore_a3ece53ecda8bbf021a3584b5f8154438}{p}}
                                                  ()\ \{}
I've deleted a group-closing symbol because it seems to be
spurious, as in `$x}$'. But perhaps the } is legitimate and
you forgot something else, as in `\hbox{$x}'. In such cases
the way to recover is to insert both the forgotten and the
deleted material, e.g., by typing `I$}'.

./semaphore_8hpp_source.tex:25: Extra }, or forgotten $.
\mbox  #1->\leavevmode \hbox {#1}
                                 
l.25 ...ore_a3ece53ecda8bbf021a3584b5f8154438}{p}}
                                                  ()\ \{}
I've deleted a group-closing symbol because it seems to be
spurious, as in `$x}$'. But perhaps the } is legitimate and
you forgot something else, as in `\hbox{$x}'. In such cases
the way to recover is to insert both the forgotten and the
deleted material, e.g., by typing `I$}'.

./semaphore_8hpp_source.tex:25: Extra }, or forgotten $.
l.25 ...ce53ecda8bbf021a3584b5f8154438}{p}}()\ \{}
                                                  
I've deleted a group-closing symbol because it seems to be
spurious, as in `$x}$'. But perhaps the } is legitimate and
you forgot something else, as in `\hbox{$x}'. In such cases
the way to recover is to insert both the forgotten and the
deleted material, e.g., by typing `I$}'.

./semaphore_8hpp_source.tex:26: Undefined control sequence.
l.26 \DoxyCodeLine
                  {00022\ \ \ \ \ \ \ \ \ std::unique\_lock<std::mutex>\ loc...
The control sequence at the end of the top line
of your error message was never \def'ed. If you have
misspelled it (e.g., `\hobx'), type `I' and the correct
spelling (e.g., `I\hbox'). Otherwise just continue,
and I'll forget about whatever was undefined.

./semaphore_8hpp_source.tex:26: Undefined control sequence.
<argument> \hyperlink 
                      {class_semaphore_a38d7f27b3b18b13785ce2b620d864355}{\_...
l.26 ...8d7f27b3b18b13785ce2b620d864355}{\_mutex}}
                                                  );}
The control sequence at the end of the top line
of your error message was never \def'ed. If you have
misspelled it (e.g., `\hobx'), type `I' and the correct
spelling (e.g., `I\hbox'). Otherwise just continue,
and I'll forget about whatever was undefined.

Missing character: There is no c in font nullfont!
Missing character: There is no l in font nullfont!
Missing character: There is no a in font nullfont!
Missing character: There is no s in font nullfont!
Missing character: There is no s in font nullfont!
./semaphore_8hpp_source.tex:26: Missing $ inserted.
<inserted text> 
                $
l.26 ...8d7f27b3b18b13785ce2b620d864355}{\_mutex}}
                                                  );}
I've inserted a begin-math/end-math symbol since I think
you left one out. Proceed, with fingers crossed.

./semaphore_8hpp_source.tex:26: Extra }, or forgotten $.
<argument> ...e_a38d7f27b3b18b13785ce2b620d864355}
                                                  {\_mutex}
l.26 ...8d7f27b3b18b13785ce2b620d864355}{\_mutex}}
                                                  );}
I've deleted a group-closing symbol because it seems to be
spurious, as in `$x}$'. But perhaps the } is legitimate and
you forgot something else, as in `\hbox{$x}'. In such cases
the way to recover is to insert both the forgotten and the
deleted material, e.g., by typing `I$}'.

./semaphore_8hpp_source.tex:26: Extra }, or forgotten $.
\mbox  #1->\leavevmode \hbox {#1}
                                 
l.26 ...8d7f27b3b18b13785ce2b620d864355}{\_mutex}}
                                                  );}
I've deleted a group-closing symbol because it seems to be
spurious, as in `$x}$'. But perhaps the } is legitimate and
you forgot something else, as in `\hbox{$x}'. In such cases
the way to recover is to insert both the forgotten and the
deleted material, e.g., by typing `I$}'.

./semaphore_8hpp_source.tex:26: Extra }, or forgotten $.
l.26 ...f27b3b18b13785ce2b620d864355}{\_mutex}});}
                                                  
I've deleted a group-closing symbol because it seems to be
spurious, as in `$x}$'. But perhaps the } is legitimate and
you forgot something else, as in `\hbox{$x}'. In such cases
the way to recover is to insert both the forgotten and the
deleted material, e.g., by typing `I$}'.

./semaphore_8hpp_source.tex:27: Undefined control sequence.
l.27 \DoxyCodeLine
                  {00023\ \ \ \ \ \ \ \ \ \textcolor{comment}{//\ Wait\ unti...
The control sequence at the end of the top line
of your error message was never \def'ed. If you have
misspelled it (e.g., `\hobx'), type `I' and the correct
spelling (e.g., `I\hbox'). Otherwise just continue,
and I'll forget about whatever was undefined.

./semaphore_8hpp_source.tex:27: Undefined control sequence.
l.27 ...CodeLine{00023\ \ \ \ \ \ \ \ \ \textcolor
                                                  {comment}{//\ Wait\ until\...
The control sequence at the end of the top line
of your error message was never \def'ed. If you have
misspelled it (e.g., `\hobx'), type `I' and the correct
spelling (e.g., `I\hbox'). Otherwise just continue,
and I'll forget about whatever was undefined.

./semaphore_8hpp_source.tex:28: Undefined control sequence.
l.28 \DoxyCodeLine
                  {00024\ \ \ \ \ \ \ \ \ \textcolor{comment}{//\ The\ lambd...
The control sequence at the end of the top line
of your error message was never \def'ed. If you have
misspelled it (e.g., `\hobx'), type `I' and the correct
spelling (e.g., `I\hbox'). Otherwise just continue,
and I'll forget about whatever was undefined.

./semaphore_8hpp_source.tex:28: Undefined control sequence.
l.28 ...CodeLine{00024\ \ \ \ \ \ \ \ \ \textcolor
                                                  {comment}{//\ The\ lambda\...
The control sequence at the end of the top line
of your error message was never \def'ed. If you have
misspelled it (e.g., `\hobx'), type `I' and the correct
spelling (e.g., `I\hbox'). Otherwise just continue,
and I'll forget about whatever was undefined.

./semaphore_8hpp_source.tex:29: Undefined control sequence.
l.29 \DoxyCodeLine
                  {00025\ \ \ \ \ \ \ \ \ \mbox{\hyperlink{class_semaphore_a...
The control sequence at the end of the top line
of your error message was never \def'ed. If you have
misspelled it (e.g., `\hobx'), type `I' and the correct
spelling (e.g., `I\hbox'). Otherwise just continue,
and I'll forget about whatever was undefined.

./semaphore_8hpp_source.tex:29: Undefined control sequence.
<argument> \hyperlink 
                      {class_semaphore_aaef36b708ecbf3982c24826f7be844bb}{\_cv}
l.29 ..._aaef36b708ecbf3982c24826f7be844bb}{\_cv}}
                                                  .wait(lock,\ [\&]\{\ \text...
The control sequence at the end of the top line
of your error message was never \def'ed. If you have
misspelled it (e.g., `\hobx'), type `I' and the correct
spelling (e.g., `I\hbox'). Otherwise just continue,
and I'll forget about whatever was undefined.

Missing character: There is no c in font nullfont!
Missing character: There is no l in font nullfont!
Missing character: There is no a in font nullfont!
Missing character: There is no s in font nullfont!
Missing character: There is no s in font nullfont!
./semaphore_8hpp_source.tex:29: Missing $ inserted.
<inserted text> 
                $
l.29 ..._aaef36b708ecbf3982c24826f7be844bb}{\_cv}}
                                                  .wait(lock,\ [\&]\{\ \text...
I've inserted a begin-math/end-math symbol since I think
you left one out. Proceed, with fingers crossed.

./semaphore_8hpp_source.tex:29: Extra }, or forgotten $.
<argument> ...e_aaef36b708ecbf3982c24826f7be844bb}
                                                  {\_cv}
l.29 ..._aaef36b708ecbf3982c24826f7be844bb}{\_cv}}
                                                  .wait(lock,\ [\&]\{\ \text...
I've deleted a group-closing symbol because it seems to be
spurious, as in `$x}$'. But perhaps the } is legitimate and
you forgot something else, as in `\hbox{$x}'. In such cases
the way to recover is to insert both the forgotten and the
deleted material, e.g., by typing `I$}'.

./semaphore_8hpp_source.tex:29: Extra }, or forgotten $.
\mbox  #1->\leavevmode \hbox {#1}
                                 
l.29 ..._aaef36b708ecbf3982c24826f7be844bb}{\_cv}}
                                                  .wait(lock,\ [\&]\{\ \text...
I've deleted a group-closing symbol because it seems to be
spurious, as in `$x}$'. But perhaps the } is legitimate and
you forgot something else, as in `\hbox{$x}'. In such cases
the way to recover is to insert both the forgotten and the
deleted material, e.g., by typing `I$}'.

./semaphore_8hpp_source.tex:29: Undefined control sequence.
l.29 ...4bb}{\_cv}}.wait(lock,\ [\&]\{\ \textcolor
                                                  {keywordflow}{return}\ \mb...
The control sequence at the end of the top line
of your error message was never \def'ed. If you have
misspelled it (e.g., `\hobx'), type `I' and the correct
spelling (e.g., `I\hbox'). Otherwise just continue,
and I'll forget about whatever was undefined.

./semaphore_8hpp_source.tex:29: Undefined control sequence.
<argument> \hyperlink 
                      {class_semaphore_a9829c4e5212965a33ed643aa750fbd47}{\_...
l.29 ...829c4e5212965a33ed643aa750fbd47}{\_count}}
                                                  \ >\ 0;\ \});}
(That makes 100 errors; please try again.) 
Here is how much of TeX's memory you used:
 18 strings out of 469269
 452 string characters out of 5467112
 436984 words of memory out of 5000000
 28550 multiletter control sequences out of 15000+600000
 626825 words of font info for 40 fonts, out of 8000000 for 9000
 319 hyphenation exceptions out of 8191
 18i,36n,19p,340b,242s stack positions out of 10000i,1000n,20000p,200000b,200000s

./semaphore_8hpp_source.tex:29:  ==> Fatal error occurred, no output PDF file produced!
