This is pdfTeX, Version 3.141592653-2.6-1.40.28 (TeX Live 2025) (preloaded format=pdflatex 2025.9.24)  27 SEP 2025 18:54
entering extended mode
 \write18 enabled.
 file:line:error style messages enabled.
 %&-line parsing enabled.
**smart__data_8hpp_source.tex
(./smart__data_8hpp_source.tex
LaTeX2e <2025-06-01> patch level 1
L3 programming layer <2025-09-02>
./smart__data_8hpp_source.tex:1: Undefined control sequence.
l.1 \doxysection
                {smart\+\_\+data.\+hpp}
The control sequence at the end of the top line
of your error message was never \def'ed. If you have
misspelled it (e.g., `\hobx'), type `I' and the correct
spelling (e.g., `I\hbox'). Otherwise just continue,
and I'll forget about whatever was undefined.


./smart__data_8hpp_source.tex:1: LaTeX Error: Missing \begin{document}.

See the LaTeX manual or LaTeX Companion for explanation.
Type  H <return>  for immediate help.
 ...                                              
                                                  
l.1 \doxysection{s
                  mart\+\_\+data.\+hpp}
You're in trouble here.  Try typing  <return>  to proceed.
If that doesn't work, type  X <return>  to quit.

Missing character: There is no s in font nullfont!
Missing character: There is no m in font nullfont!
Missing character: There is no a in font nullfont!
Missing character: There is no r in font nullfont!
Missing character: There is no t in font nullfont!
./smart__data_8hpp_source.tex:1: Undefined control sequence.
l.1 \doxysection{smart\+
                        \_\+data.\+hpp}
The control sequence at the end of the top line
of your error message was never \def'ed. If you have
misspelled it (e.g., `\hobx'), type `I' and the correct
spelling (e.g., `I\hbox'). Otherwise just continue,
and I'll forget about whatever was undefined.

./smart__data_8hpp_source.tex:1: Undefined control sequence.
l.1 \doxysection{smart\+\_\+
                            data.\+hpp}
The control sequence at the end of the top line
of your error message was never \def'ed. If you have
misspelled it (e.g., `\hobx'), type `I' and the correct
spelling (e.g., `I\hbox'). Otherwise just continue,
and I'll forget about whatever was undefined.

Missing character: There is no d in font nullfont!
Missing character: There is no a in font nullfont!
Missing character: There is no t in font nullfont!
Missing character: There is no a in font nullfont!
Missing character: There is no . in font nullfont!
./smart__data_8hpp_source.tex:1: Undefined control sequence.
l.1 \doxysection{smart\+\_\+data.\+
                                   hpp}
The control sequence at the end of the top line
of your error message was never \def'ed. If you have
misspelled it (e.g., `\hobx'), type `I' and the correct
spelling (e.g., `I\hbox'). Otherwise just continue,
and I'll forget about whatever was undefined.

Missing character: There is no h in font nullfont!
Missing character: There is no p in font nullfont!
Missing character: There is no p in font nullfont!
./smart__data_8hpp_source.tex:2: Undefined control sequence.
l.2 \hypertarget
                {smart__data_8hpp_source}{}\label{smart__data_8hpp_source}\i...
The control sequence at the end of the top line
of your error message was never \def'ed. If you have
misspelled it (e.g., `\hobx'), type `I' and the correct
spelling (e.g., `I\hbox'). Otherwise just continue,
and I'll forget about whatever was undefined.

Missing character: There is no s in font nullfont!
Missing character: There is no m in font nullfont!
Missing character: There is no a in font nullfont!
Missing character: There is no r in font nullfont!
Missing character: There is no t in font nullfont!
./smart__data_8hpp_source.tex:2: Missing $ inserted.
<inserted text> 
                $
l.2 \hypertarget{smart_
                       _data_8hpp_source}{}\label{smart__data_8hpp_source}\i...
I've inserted a begin-math/end-math symbol since I think
you left one out. Proceed, with fingers crossed.

LaTeX Font Info:    External font `cmex10' loaded for size
(Font)              <7> on input line 2.
LaTeX Font Info:    External font `cmex10' loaded for size
(Font)              <5> on input line 2.
./smart__data_8hpp_source.tex:2: Missing { inserted.
<to be read again> 
                   _
l.2 \hypertarget{smart__
                        data_8hpp_source}{}\label{smart__data_8hpp_source}\i...
A left brace was mandatory here, so I've put one in.
You might want to delete and/or insert some corrections
so that I will find a matching right brace soon.
(If you're confused by all this, try typing `I}' now.)

./smart__data_8hpp_source.tex:3: Undefined control sequence.
<argument> \hyperlink 
                      {smart__data_8hpp}{Go to the documentation of this file.}
l.3 ...pp}{Go to the documentation of this file.}}
                                                  
The control sequence at the end of the top line
of your error message was never \def'ed. If you have
misspelled it (e.g., `\hobx'), type `I' and the correct
spelling (e.g., `I\hbox'). Otherwise just continue,
and I'll forget about whatever was undefined.

Missing character: There is no s in font nullfont!
Missing character: There is no m in font nullfont!
Missing character: There is no a in font nullfont!
Missing character: There is no r in font nullfont!
Missing character: There is no t in font nullfont!
./smart__data_8hpp_source.tex:3: Missing $ inserted.
<inserted text> 
                $
l.3 ...pp}{Go to the documentation of this file.}}
                                                  
I've inserted a begin-math/end-math symbol since I think
you left one out. Proceed, with fingers crossed.

./smart__data_8hpp_source.tex:3: Missing { inserted.
<to be read again> 
                   _
l.3 ...pp}{Go to the documentation of this file.}}
                                                  
A left brace was mandatory here, so I've put one in.
You might want to delete and/or insert some corrections
so that I will find a matching right brace soon.
(If you're confused by all this, try typing `I}' now.)

./smart__data_8hpp_source.tex:3: Extra }, or forgotten $.
\mbox  #1->\leavevmode \hbox {#1}
                                 
l.3 ...pp}{Go to the documentation of this file.}}
                                                  
I've deleted a group-closing symbol because it seems to be
spurious, as in `$x}$'. But perhaps the } is legitimate and
you forgot something else, as in `\hbox{$x}'. In such cases
the way to recover is to insert both the forgotten and the
deleted material, e.g., by typing `I$}'.


./smart__data_8hpp_source.tex:4: LaTeX Error: Environment DoxyCode undefined.

See the LaTeX manual or LaTeX Companion for explanation.
Type  H <return>  for immediate help.
 ...                                              
                                                  
l.4 \begin{DoxyCode}
                    {0}
Your command was ignored.
Type  I <command> <return>  to replace it with another command,
or  <return>  to continue without it.

./smart__data_8hpp_source.tex:5: Undefined control sequence.
l.5 \DoxyCodeLine
                 {00001\ \textcolor{preprocessor}{\#ifndef\ SMART\_DATA\_HPP}}
The control sequence at the end of the top line
of your error message was never \def'ed. If you have
misspelled it (e.g., `\hobx'), type `I' and the correct
spelling (e.g., `I\hbox'). Otherwise just continue,
and I'll forget about whatever was undefined.

./smart__data_8hpp_source.tex:5: Undefined control sequence.
l.5 \DoxyCodeLine{00001\ \textcolor
                                   {preprocessor}{\#ifndef\ SMART\_DATA\_HPP}}
The control sequence at the end of the top line
of your error message was never \def'ed. If you have
misspelled it (e.g., `\hobx'), type `I' and the correct
spelling (e.g., `I\hbox'). Otherwise just continue,
and I'll forget about whatever was undefined.

./smart__data_8hpp_source.tex:6: Undefined control sequence.
l.6 \DoxyCodeLine
                 {00002\ \textcolor{preprocessor}{\#define\ SMART\_DATA\_HPP}}
The control sequence at the end of the top line
of your error message was never \def'ed. If you have
misspelled it (e.g., `\hobx'), type `I' and the correct
spelling (e.g., `I\hbox'). Otherwise just continue,
and I'll forget about whatever was undefined.

./smart__data_8hpp_source.tex:6: Undefined control sequence.
l.6 \DoxyCodeLine{00002\ \textcolor
                                   {preprocessor}{\#define\ SMART\_DATA\_HPP}}
The control sequence at the end of the top line
of your error message was never \def'ed. If you have
misspelled it (e.g., `\hobx'), type `I' and the correct
spelling (e.g., `I\hbox'). Otherwise just continue,
and I'll forget about whatever was undefined.

./smart__data_8hpp_source.tex:7: Undefined control sequence.
l.7 \DoxyCodeLine
                 {00003\ }
The control sequence at the end of the top line
of your error message was never \def'ed. If you have
misspelled it (e.g., `\hobx'), type `I' and the correct
spelling (e.g., `I\hbox'). Otherwise just continue,
and I'll forget about whatever was undefined.

./smart__data_8hpp_source.tex:8: Undefined control sequence.
l.8 \DoxyCodeLine
                 {00004\ \textcolor{preprocessor}{\#include\ <iostream>}}
The control sequence at the end of the top line
of your error message was never \def'ed. If you have
misspelled it (e.g., `\hobx'), type `I' and the correct
spelling (e.g., `I\hbox'). Otherwise just continue,
and I'll forget about whatever was undefined.

./smart__data_8hpp_source.tex:8: Undefined control sequence.
l.8 \DoxyCodeLine{00004\ \textcolor
                                   {preprocessor}{\#include\ <iostream>}}
The control sequence at the end of the top line
of your error message was never \def'ed. If you have
misspelled it (e.g., `\hobx'), type `I' and the correct
spelling (e.g., `I\hbox'). Otherwise just continue,
and I'll forget about whatever was undefined.

./smart__data_8hpp_source.tex:9: Undefined control sequence.
l.9 \DoxyCodeLine
                 {00005\ \textcolor{preprocessor}{\#include\ <string>}}
The control sequence at the end of the top line
of your error message was never \def'ed. If you have
misspelled it (e.g., `\hobx'), type `I' and the correct
spelling (e.g., `I\hbox'). Otherwise just continue,
and I'll forget about whatever was undefined.

./smart__data_8hpp_source.tex:9: Undefined control sequence.
l.9 \DoxyCodeLine{00005\ \textcolor
                                   {preprocessor}{\#include\ <string>}}
The control sequence at the end of the top line
of your error message was never \def'ed. If you have
misspelled it (e.g., `\hobx'), type `I' and the correct
spelling (e.g., `I\hbox'). Otherwise just continue,
and I'll forget about whatever was undefined.

./smart__data_8hpp_source.tex:10: Undefined control sequence.
l.10 \DoxyCodeLine
                  {00006\ }
The control sequence at the end of the top line
of your error message was never \def'ed. If you have
misspelled it (e.g., `\hobx'), type `I' and the correct
spelling (e.g., `I\hbox'). Otherwise just continue,
and I'll forget about whatever was undefined.

./smart__data_8hpp_source.tex:11: Undefined control sequence.
l.11 \DoxyCodeLine
                  {00007\ \textcolor{comment}{//\ attributes\ lenght\ defini...
The control sequence at the end of the top line
of your error message was never \def'ed. If you have
misspelled it (e.g., `\hobx'), type `I' and the correct
spelling (e.g., `I\hbox'). Otherwise just continue,
and I'll forget about whatever was undefined.

./smart__data_8hpp_source.tex:11: Undefined control sequence.
l.11 \DoxyCodeLine{00007\ \textcolor
                                    {comment}{//\ attributes\ lenght\ defini...
The control sequence at the end of the top line
of your error message was never \def'ed. If you have
misspelled it (e.g., `\hobx'), type `I' and the correct
spelling (e.g., `I\hbox'). Otherwise just continue,
and I'll forget about whatever was undefined.

./smart__data_8hpp_source.tex:12: Undefined control sequence.
l.12 \DoxyCodeLine
                  {00008\ \textcolor{keyword}{constexpr}\ \textcolor{keyword...
The control sequence at the end of the top line
of your error message was never \def'ed. If you have
misspelled it (e.g., `\hobx'), type `I' and the correct
spelling (e.g., `I\hbox'). Otherwise just continue,
and I'll forget about whatever was undefined.

./smart__data_8hpp_source.tex:12: Undefined control sequence.
l.12 \DoxyCodeLine{00008\ \textcolor
                                    {keyword}{constexpr}\ \textcolor{keyword...
The control sequence at the end of the top line
of your error message was never \def'ed. If you have
misspelled it (e.g., `\hobx'), type `I' and the correct
spelling (e.g., `I\hbox'). Otherwise just continue,
and I'll forget about whatever was undefined.

./smart__data_8hpp_source.tex:12: Undefined control sequence.
l.12 ...\textcolor{keyword}{constexpr}\ \textcolor
                                                  {keywordtype}{unsigned}\ \...
The control sequence at the end of the top line
of your error message was never \def'ed. If you have
misspelled it (e.g., `\hobx'), type `I' and the correct
spelling (e.g., `I\hbox'). Otherwise just continue,
and I'll forget about whatever was undefined.

./smart__data_8hpp_source.tex:12: Undefined control sequence.
l.12 ...xtcolor{keywordtype}{unsigned}\ \textcolor
                                                  {keywordtype}{int}\ \mbox{...
The control sequence at the end of the top line
of your error message was never \def'ed. If you have
misspelled it (e.g., `\hobx'), type `I' and the correct
spelling (e.g., `I\hbox'). Otherwise just continue,
and I'll forget about whatever was undefined.

./smart__data_8hpp_source.tex:12: Undefined control sequence.
<argument> \hyperlink 
                      {smart__data_8hpp_a960bd9edea833cf7949969b6fbc28c9c}{M...
l.12 ...ea833cf7949969b6fbc28c9c}{MAX\_DEV\_NAME}}
                                                  \ =\ 32;}
The control sequence at the end of the top line
of your error message was never \def'ed. If you have
misspelled it (e.g., `\hobx'), type `I' and the correct
spelling (e.g., `I\hbox'). Otherwise just continue,
and I'll forget about whatever was undefined.

Missing character: There is no s in font nullfont!
Missing character: There is no m in font nullfont!
Missing character: There is no a in font nullfont!
Missing character: There is no r in font nullfont!
Missing character: There is no t in font nullfont!
./smart__data_8hpp_source.tex:12: Missing $ inserted.
<inserted text> 
                $
l.12 ...ea833cf7949969b6fbc28c9c}{MAX\_DEV\_NAME}}
                                                  \ =\ 32;}
I've inserted a begin-math/end-math symbol since I think
you left one out. Proceed, with fingers crossed.

./smart__data_8hpp_source.tex:12: Missing { inserted.
<to be read again> 
                   _
l.12 ...ea833cf7949969b6fbc28c9c}{MAX\_DEV\_NAME}}
                                                  \ =\ 32;}
A left brace was mandatory here, so I've put one in.
You might want to delete and/or insert some corrections
so that I will find a matching right brace soon.
(If you're confused by all this, try typing `I}' now.)

./smart__data_8hpp_source.tex:12: Extra }, or forgotten $.
\mbox  #1->\leavevmode \hbox {#1}
                                 
l.12 ...ea833cf7949969b6fbc28c9c}{MAX\_DEV\_NAME}}
                                                  \ =\ 32;}
I've deleted a group-closing symbol because it seems to be
spurious, as in `$x}$'. But perhaps the } is legitimate and
you forgot something else, as in `\hbox{$x}'. In such cases
the way to recover is to insert both the forgotten and the
deleted material, e.g., by typing `I$}'.

./smart__data_8hpp_source.tex:12: Extra }, or forgotten $.
l.12 ...49969b6fbc28c9c}{MAX\_DEV\_NAME}}\ =\ 32;}
                                                  
I've deleted a group-closing symbol because it seems to be
spurious, as in `$x}$'. But perhaps the } is legitimate and
you forgot something else, as in `\hbox{$x}'. In such cases
the way to recover is to insert both the forgotten and the
deleted material, e.g., by typing `I$}'.

./smart__data_8hpp_source.tex:13: Undefined control sequence.
l.13 \DoxyCodeLine
                  {00009\ \textcolor{keyword}{constexpr}\ \textcolor{keyword...
The control sequence at the end of the top line
of your error message was never \def'ed. If you have
misspelled it (e.g., `\hobx'), type `I' and the correct
spelling (e.g., `I\hbox'). Otherwise just continue,
and I'll forget about whatever was undefined.

./smart__data_8hpp_source.tex:13: Undefined control sequence.
l.13 \DoxyCodeLine{00009\ \textcolor
                                    {keyword}{constexpr}\ \textcolor{keyword...
The control sequence at the end of the top line
of your error message was never \def'ed. If you have
misspelled it (e.g., `\hobx'), type `I' and the correct
spelling (e.g., `I\hbox'). Otherwise just continue,
and I'll forget about whatever was undefined.

./smart__data_8hpp_source.tex:13: Undefined control sequence.
l.13 ...\textcolor{keyword}{constexpr}\ \textcolor
                                                  {keywordtype}{unsigned}\ \...
The control sequence at the end of the top line
of your error message was never \def'ed. If you have
misspelled it (e.g., `\hobx'), type `I' and the correct
spelling (e.g., `I\hbox'). Otherwise just continue,
and I'll forget about whatever was undefined.

./smart__data_8hpp_source.tex:13: Undefined control sequence.
l.13 ...xtcolor{keywordtype}{unsigned}\ \textcolor
                                                  {keywordtype}{int}\ \mbox{...
The control sequence at the end of the top line
of your error message was never \def'ed. If you have
misspelled it (e.g., `\hobx'), type `I' and the correct
spelling (e.g., `I\hbox'). Otherwise just continue,
and I'll forget about whatever was undefined.

./smart__data_8hpp_source.tex:13: Undefined control sequence.
<argument> \hyperlink 
                      {smart__data_8hpp_ab21e91f14d4a7dec92421e014faeb225}{M...
l.13 ...d4a7dec92421e014faeb225}{MAX\_DATA\_TYPE}}
                                                  \ =\ 16;}
The control sequence at the end of the top line
of your error message was never \def'ed. If you have
misspelled it (e.g., `\hobx'), type `I' and the correct
spelling (e.g., `I\hbox'). Otherwise just continue,
and I'll forget about whatever was undefined.

Missing character: There is no s in font nullfont!
Missing character: There is no m in font nullfont!
Missing character: There is no a in font nullfont!
Missing character: There is no r in font nullfont!
Missing character: There is no t in font nullfont!
./smart__data_8hpp_source.tex:13: Missing $ inserted.
<inserted text> 
                $
l.13 ...d4a7dec92421e014faeb225}{MAX\_DATA\_TYPE}}
                                                  \ =\ 16;}
I've inserted a begin-math/end-math symbol since I think
you left one out. Proceed, with fingers crossed.

./smart__data_8hpp_source.tex:13: Missing { inserted.
<to be read again> 
                   _
l.13 ...d4a7dec92421e014faeb225}{MAX\_DATA\_TYPE}}
                                                  \ =\ 16;}
A left brace was mandatory here, so I've put one in.
You might want to delete and/or insert some corrections
so that I will find a matching right brace soon.
(If you're confused by all this, try typing `I}' now.)

./smart__data_8hpp_source.tex:13: Extra }, or forgotten $.
\mbox  #1->\leavevmode \hbox {#1}
                                 
l.13 ...d4a7dec92421e014faeb225}{MAX\_DATA\_TYPE}}
                                                  \ =\ 16;}
I've deleted a group-closing symbol because it seems to be
spurious, as in `$x}$'. But perhaps the } is legitimate and
you forgot something else, as in `\hbox{$x}'. In such cases
the way to recover is to insert both the forgotten and the
deleted material, e.g., by typing `I$}'.

./smart__data_8hpp_source.tex:13: Extra }, or forgotten $.
l.13 ...421e014faeb225}{MAX\_DATA\_TYPE}}\ =\ 16;}
                                                  
I've deleted a group-closing symbol because it seems to be
spurious, as in `$x}$'. But perhaps the } is legitimate and
you forgot something else, as in `\hbox{$x}'. In such cases
the way to recover is to insert both the forgotten and the
deleted material, e.g., by typing `I$}'.

./smart__data_8hpp_source.tex:14: Undefined control sequence.
l.14 \DoxyCodeLine
                  {00010\ }
The control sequence at the end of the top line
of your error message was never \def'ed. If you have
misspelled it (e.g., `\hobx'), type `I' and the correct
spelling (e.g., `I\hbox'). Otherwise just continue,
and I'll forget about whatever was undefined.

./smart__data_8hpp_source.tex:15: Undefined control sequence.
l.15 \DoxyCodeLine
                  {00011\ }
The control sequence at the end of the top line
of your error message was never \def'ed. If you have
misspelled it (e.g., `\hobx'), type `I' and the correct
spelling (e.g., `I\hbox'). Otherwise just continue,
and I'll forget about whatever was undefined.

./smart__data_8hpp_source.tex:16: Undefined control sequence.
l.16 \DoxyCodeLine
                  {00020\ \textcolor{keyword}{class\ }\mbox{\hyperlink{class...
The control sequence at the end of the top line
of your error message was never \def'ed. If you have
misspelled it (e.g., `\hobx'), type `I' and the correct
spelling (e.g., `I\hbox'). Otherwise just continue,
and I'll forget about whatever was undefined.

./smart__data_8hpp_source.tex:16: Undefined control sequence.
l.16 \DoxyCodeLine{00020\ \textcolor
                                    {keyword}{class\ }\mbox{\hyperlink{class...
The control sequence at the end of the top line
of your error message was never \def'ed. If you have
misspelled it (e.g., `\hobx'), type `I' and the correct
spelling (e.g., `I\hbox'). Otherwise just continue,
and I'll forget about whatever was undefined.

./smart__data_8hpp_source.tex:16: Undefined control sequence.
<argument> \hyperlink 
                      {class_smart_data}{SmartData}
l.16 ...x{\hyperlink{class_smart_data}{SmartData}}
                                                  }
The control sequence at the end of the top line
of your error message was never \def'ed. If you have
misspelled it (e.g., `\hobx'), type `I' and the correct
spelling (e.g., `I\hbox'). Otherwise just continue,
and I'll forget about whatever was undefined.

Missing character: There is no c in font nullfont!
Missing character: There is no l in font nullfont!
Missing character: There is no a in font nullfont!
Missing character: There is no s in font nullfont!
Missing character: There is no s in font nullfont!
./smart__data_8hpp_source.tex:16: Missing $ inserted.
<inserted text> 
                $
l.16 ...x{\hyperlink{class_smart_data}{SmartData}}
                                                  }
I've inserted a begin-math/end-math symbol since I think
you left one out. Proceed, with fingers crossed.

./smart__data_8hpp_source.tex:16: Extra }, or forgotten $.
<argument> \hyperlink {class_smart_data}
                                        {SmartData}
l.16 ...x{\hyperlink{class_smart_data}{SmartData}}
                                                  }
I've deleted a group-closing symbol because it seems to be
spurious, as in `$x}$'. But perhaps the } is legitimate and
you forgot something else, as in `\hbox{$x}'. In such cases
the way to recover is to insert both the forgotten and the
deleted material, e.g., by typing `I$}'.

./smart__data_8hpp_source.tex:16: Extra }, or forgotten $.
\mbox  #1->\leavevmode \hbox {#1}
                                 
l.16 ...x{\hyperlink{class_smart_data}{SmartData}}
                                                  }
I've deleted a group-closing symbol because it seems to be
spurious, as in `$x}$'. But perhaps the } is legitimate and
you forgot something else, as in `\hbox{$x}'. In such cases
the way to recover is to insert both the forgotten and the
deleted material, e.g., by typing `I$}'.

./smart__data_8hpp_source.tex:16: Extra }, or forgotten $.
l.16 ...{\hyperlink{class_smart_data}{SmartData}}}
                                                  
I've deleted a group-closing symbol because it seems to be
spurious, as in `$x}$'. But perhaps the } is legitimate and
you forgot something else, as in `\hbox{$x}'. In such cases
the way to recover is to insert both the forgotten and the
deleted material, e.g., by typing `I$}'.

./smart__data_8hpp_source.tex:17: Undefined control sequence.
l.17 \DoxyCodeLine
                  {00021\ \{}
The control sequence at the end of the top line
of your error message was never \def'ed. If you have
misspelled it (e.g., `\hobx'), type `I' and the correct
spelling (e.g., `I\hbox'). Otherwise just continue,
and I'll forget about whatever was undefined.

./smart__data_8hpp_source.tex:18: Undefined control sequence.
l.18 \DoxyCodeLine
                  {00022\ \textcolor{keyword}{public}:}
The control sequence at the end of the top line
of your error message was never \def'ed. If you have
misspelled it (e.g., `\hobx'), type `I' and the correct
spelling (e.g., `I\hbox'). Otherwise just continue,
and I'll forget about whatever was undefined.

./smart__data_8hpp_source.tex:18: Undefined control sequence.
l.18 \DoxyCodeLine{00022\ \textcolor
                                    {keyword}{public}:}
The control sequence at the end of the top line
of your error message was never \def'ed. If you have
misspelled it (e.g., `\hobx'), type `I' and the correct
spelling (e.g., `I\hbox'). Otherwise just continue,
and I'll forget about whatever was undefined.

./smart__data_8hpp_source.tex:19: Undefined control sequence.
l.19 \DoxyCodeLine
                  {00023\ \ \ \ \ \textcolor{comment}{//\ Some\ temporary\ i...
The control sequence at the end of the top line
of your error message was never \def'ed. If you have
misspelled it (e.g., `\hobx'), type `I' and the correct
spelling (e.g., `I\hbox'). Otherwise just continue,
and I'll forget about whatever was undefined.

./smart__data_8hpp_source.tex:19: Undefined control sequence.
l.19 \DoxyCodeLine{00023\ \ \ \ \ \textcolor
                                            {comment}{//\ Some\ temporary\ i...
The control sequence at the end of the top line
of your error message was never \def'ed. If you have
misspelled it (e.g., `\hobx'), type `I' and the correct
spelling (e.g., `I\hbox'). Otherwise just continue,
and I'll forget about whatever was undefined.

./smart__data_8hpp_source.tex:20: Undefined control sequence.
l.20 \DoxyCodeLine
                  {00024\ \ \ \ \ \textcolor{keyword}{typedef}\ std::string\...
The control sequence at the end of the top line
of your error message was never \def'ed. If you have
misspelled it (e.g., `\hobx'), type `I' and the correct
spelling (e.g., `I\hbox'). Otherwise just continue,
and I'll forget about whatever was undefined.

./smart__data_8hpp_source.tex:20: Undefined control sequence.
l.20 \DoxyCodeLine{00024\ \ \ \ \ \textcolor
                                            {keyword}{typedef}\ std::string\...
The control sequence at the end of the top line
of your error message was never \def'ed. If you have
misspelled it (e.g., `\hobx'), type `I' and the correct
spelling (e.g., `I\hbox'). Otherwise just continue,
and I'll forget about whatever was undefined.

./smart__data_8hpp_source.tex:20: Undefined control sequence.
<argument> \hyperlink 
                      {class_smart_data_a31fbca124f01fcb64713edab097bfe9f}{D...
l.20 ...ca124f01fcb64713edab097bfe9f}{DeviceName}}
                                                  ;}
The control sequence at the end of the top line
of your error message was never \def'ed. If you have
misspelled it (e.g., `\hobx'), type `I' and the correct
spelling (e.g., `I\hbox'). Otherwise just continue,
and I'll forget about whatever was undefined.

Missing character: There is no c in font nullfont!
Missing character: There is no l in font nullfont!
Missing character: There is no a in font nullfont!
Missing character: There is no s in font nullfont!
Missing character: There is no s in font nullfont!
./smart__data_8hpp_source.tex:20: Missing $ inserted.
<inserted text> 
                $
l.20 ...ca124f01fcb64713edab097bfe9f}{DeviceName}}
                                                  ;}
I've inserted a begin-math/end-math symbol since I think
you left one out. Proceed, with fingers crossed.

./smart__data_8hpp_source.tex:20: Extra }, or forgotten $.
<argument> ...a_a31fbca124f01fcb64713edab097bfe9f}
                                                  {DeviceName}
l.20 ...ca124f01fcb64713edab097bfe9f}{DeviceName}}
                                                  ;}
I've deleted a group-closing symbol because it seems to be
spurious, as in `$x}$'. But perhaps the } is legitimate and
you forgot something else, as in `\hbox{$x}'. In such cases
the way to recover is to insert both the forgotten and the
deleted material, e.g., by typing `I$}'.

./smart__data_8hpp_source.tex:20: Extra }, or forgotten $.
\mbox  #1->\leavevmode \hbox {#1}
                                 
l.20 ...ca124f01fcb64713edab097bfe9f}{DeviceName}}
                                                  ;}
I've deleted a group-closing symbol because it seems to be
spurious, as in `$x}$'. But perhaps the } is legitimate and
you forgot something else, as in `\hbox{$x}'. In such cases
the way to recover is to insert both the forgotten and the
deleted material, e.g., by typing `I$}'.

./smart__data_8hpp_source.tex:20: Extra }, or forgotten $.
l.20 ...124f01fcb64713edab097bfe9f}{DeviceName}};}
                                                  
I've deleted a group-closing symbol because it seems to be
spurious, as in `$x}$'. But perhaps the } is legitimate and
you forgot something else, as in `\hbox{$x}'. In such cases
the way to recover is to insert both the forgotten and the
deleted material, e.g., by typing `I$}'.

./smart__data_8hpp_source.tex:21: Undefined control sequence.
l.21 \DoxyCodeLine
                  {00025\ \ \ \ \ \textcolor{keyword}{typedef}\ std::string\...
The control sequence at the end of the top line
of your error message was never \def'ed. If you have
misspelled it (e.g., `\hobx'), type `I' and the correct
spelling (e.g., `I\hbox'). Otherwise just continue,
and I'll forget about whatever was undefined.

./smart__data_8hpp_source.tex:21: Undefined control sequence.
l.21 \DoxyCodeLine{00025\ \ \ \ \ \textcolor
                                            {keyword}{typedef}\ std::string\...
The control sequence at the end of the top line
of your error message was never \def'ed. If you have
misspelled it (e.g., `\hobx'), type `I' and the correct
spelling (e.g., `I\hbox'). Otherwise just continue,
and I'll forget about whatever was undefined.

./smart__data_8hpp_source.tex:21: Undefined control sequence.
<argument> \hyperlink 
                      {class_smart_data_a375ce780cbc4b5bdfe2623f65914b1ea}{D...
l.21 ...5ce780cbc4b5bdfe2623f65914b1ea}{DataType}}
                                                  ;}
The control sequence at the end of the top line
of your error message was never \def'ed. If you have
misspelled it (e.g., `\hobx'), type `I' and the correct
spelling (e.g., `I\hbox'). Otherwise just continue,
and I'll forget about whatever was undefined.

Missing character: There is no c in font nullfont!
Missing character: There is no l in font nullfont!
Missing character: There is no a in font nullfont!
Missing character: There is no s in font nullfont!
Missing character: There is no s in font nullfont!
./smart__data_8hpp_source.tex:21: Missing $ inserted.
<inserted text> 
                $
l.21 ...5ce780cbc4b5bdfe2623f65914b1ea}{DataType}}
                                                  ;}
I've inserted a begin-math/end-math symbol since I think
you left one out. Proceed, with fingers crossed.

./smart__data_8hpp_source.tex:21: Extra }, or forgotten $.
<argument> ...a_a375ce780cbc4b5bdfe2623f65914b1ea}
                                                  {DataType}
l.21 ...5ce780cbc4b5bdfe2623f65914b1ea}{DataType}}
                                                  ;}
I've deleted a group-closing symbol because it seems to be
spurious, as in `$x}$'. But perhaps the } is legitimate and
you forgot something else, as in `\hbox{$x}'. In such cases
the way to recover is to insert both the forgotten and the
deleted material, e.g., by typing `I$}'.

./smart__data_8hpp_source.tex:21: Extra }, or forgotten $.
\mbox  #1->\leavevmode \hbox {#1}
                                 
l.21 ...5ce780cbc4b5bdfe2623f65914b1ea}{DataType}}
                                                  ;}
I've deleted a group-closing symbol because it seems to be
spurious, as in `$x}$'. But perhaps the } is legitimate and
you forgot something else, as in `\hbox{$x}'. In such cases
the way to recover is to insert both the forgotten and the
deleted material, e.g., by typing `I$}'.

./smart__data_8hpp_source.tex:21: Extra }, or forgotten $.
l.21 ...e780cbc4b5bdfe2623f65914b1ea}{DataType}};}
                                                  
I've deleted a group-closing symbol because it seems to be
spurious, as in `$x}$'. But perhaps the } is legitimate and
you forgot something else, as in `\hbox{$x}'. In such cases
the way to recover is to insert both the forgotten and the
deleted material, e.g., by typing `I$}'.

./smart__data_8hpp_source.tex:22: Undefined control sequence.
l.22 \DoxyCodeLine
                  {00026\ \ \ \ \ \textcolor{keyword}{typedef}\ \textcolor{k...
The control sequence at the end of the top line
of your error message was never \def'ed. If you have
misspelled it (e.g., `\hobx'), type `I' and the correct
spelling (e.g., `I\hbox'). Otherwise just continue,
and I'll forget about whatever was undefined.

./smart__data_8hpp_source.tex:22: Undefined control sequence.
l.22 \DoxyCodeLine{00026\ \ \ \ \ \textcolor
                                            {keyword}{typedef}\ \textcolor{k...
The control sequence at the end of the top line
of your error message was never \def'ed. If you have
misspelled it (e.g., `\hobx'), type `I' and the correct
spelling (e.g., `I\hbox'). Otherwise just continue,
and I'll forget about whatever was undefined.

./smart__data_8hpp_source.tex:22: Undefined control sequence.
l.22 ...\ \textcolor{keyword}{typedef}\ \textcolor
                                                  {keywordtype}{int}\ \mbox{...
The control sequence at the end of the top line
of your error message was never \def'ed. If you have
misspelled it (e.g., `\hobx'), type `I' and the correct
spelling (e.g., `I\hbox'). Otherwise just continue,
and I'll forget about whatever was undefined.

./smart__data_8hpp_source.tex:22: Undefined control sequence.
<argument> \hyperlink 
                      {class_smart_data_ab9bb366e93b7310a7a28b0fd142991c9}{D...
l.22 ..._ab9bb366e93b7310a7a28b0fd142991c9}{Data}}
                                                  ;\ \ \textcolor{comment}{/...
The control sequence at the end of the top line
of your error message was never \def'ed. If you have
misspelled it (e.g., `\hobx'), type `I' and the correct
spelling (e.g., `I\hbox'). Otherwise just continue,
and I'll forget about whatever was undefined.

Missing character: There is no c in font nullfont!
Missing character: There is no l in font nullfont!
Missing character: There is no a in font nullfont!
Missing character: There is no s in font nullfont!
Missing character: There is no s in font nullfont!
./smart__data_8hpp_source.tex:22: Missing $ inserted.
<inserted text> 
                $
l.22 ..._ab9bb366e93b7310a7a28b0fd142991c9}{Data}}
                                                  ;\ \ \textcolor{comment}{/...
I've inserted a begin-math/end-math symbol since I think
you left one out. Proceed, with fingers crossed.

./smart__data_8hpp_source.tex:22: Extra }, or forgotten $.
<argument> ...a_ab9bb366e93b7310a7a28b0fd142991c9}
                                                  {Data}
l.22 ..._ab9bb366e93b7310a7a28b0fd142991c9}{Data}}
                                                  ;\ \ \textcolor{comment}{/...
I've deleted a group-closing symbol because it seems to be
spurious, as in `$x}$'. But perhaps the } is legitimate and
you forgot something else, as in `\hbox{$x}'. In such cases
the way to recover is to insert both the forgotten and the
deleted material, e.g., by typing `I$}'.

./smart__data_8hpp_source.tex:22: Extra }, or forgotten $.
\mbox  #1->\leavevmode \hbox {#1}
                                 
l.22 ..._ab9bb366e93b7310a7a28b0fd142991c9}{Data}}
                                                  ;\ \ \textcolor{comment}{/...
I've deleted a group-closing symbol because it seems to be
spurious, as in `$x}$'. But perhaps the } is legitimate and
you forgot something else, as in `\hbox{$x}'. In such cases
the way to recover is to insert both the forgotten and the
deleted material, e.g., by typing `I$}'.

./smart__data_8hpp_source.tex:22: Undefined control sequence.
l.22 ...10a7a28b0fd142991c9}{Data}};\ \ \textcolor
                                                  {comment}{//\ To\ use\ Uni...
The control sequence at the end of the top line
of your error message was never \def'ed. If you have
misspelled it (e.g., `\hobx'), type `I' and the correct
spelling (e.g., `I\hbox'). Otherwise just continue,
and I'll forget about whatever was undefined.

./smart__data_8hpp_source.tex:22: Extra }, or forgotten $.
l.22 ...\ use\ Unit\ and\ better\ specify\ later}}
                                                  
I've deleted a group-closing symbol because it seems to be
spurious, as in `$x}$'. But perhaps the } is legitimate and
you forgot something else, as in `\hbox{$x}'. In such cases
the way to recover is to insert both the forgotten and the
deleted material, e.g., by typing `I$}'.

./smart__data_8hpp_source.tex:23: Undefined control sequence.
l.23 \DoxyCodeLine
                  {00027\ }
The control sequence at the end of the top line
of your error message was never \def'ed. If you have
misspelled it (e.g., `\hobx'), type `I' and the correct
spelling (e.g., `I\hbox'). Otherwise just continue,
and I'll forget about whatever was undefined.

./smart__data_8hpp_source.tex:24: Undefined control sequence.
l.24 \DoxyCodeLine
                  {00028\ \textcolor{keyword}{public}:}
The control sequence at the end of the top line
of your error message was never \def'ed. If you have
misspelled it (e.g., `\hobx'), type `I' and the correct
spelling (e.g., `I\hbox'). Otherwise just continue,
and I'll forget about whatever was undefined.

./smart__data_8hpp_source.tex:24: Undefined control sequence.
l.24 \DoxyCodeLine{00028\ \textcolor
                                    {keyword}{public}:}
The control sequence at the end of the top line
of your error message was never \def'ed. If you have
misspelled it (e.g., `\hobx'), type `I' and the correct
spelling (e.g., `I\hbox'). Otherwise just continue,
and I'll forget about whatever was undefined.

./smart__data_8hpp_source.tex:25: Undefined control sequence.
l.25 \DoxyCodeLine
                  {00032\ }
The control sequence at the end of the top line
of your error message was never \def'ed. If you have
misspelled it (e.g., `\hobx'), type `I' and the correct
spelling (e.g., `I\hbox'). Otherwise just continue,
and I'll forget about whatever was undefined.

./smart__data_8hpp_source.tex:26: Undefined control sequence.
l.26 \DoxyCodeLine
                  {00033\ \ \ \ \ \textcolor{comment}{//\ Dummy\ units.\ ONL...
The control sequence at the end of the top line
of your error message was never \def'ed. If you have
misspelled it (e.g., `\hobx'), type `I' and the correct
spelling (e.g., `I\hbox'). Otherwise just continue,
and I'll forget about whatever was undefined.

./smart__data_8hpp_source.tex:26: Undefined control sequence.
l.26 \DoxyCodeLine{00033\ \ \ \ \ \textcolor
                                            {comment}{//\ Dummy\ units.\ ONL...
The control sequence at the end of the top line
of your error message was never \def'ed. If you have
misspelled it (e.g., `\hobx'), type `I' and the correct
spelling (e.g., `I\hbox'). Otherwise just continue,
and I'll forget about whatever was undefined.

./smart__data_8hpp_source.tex:27: Undefined control sequence.
l.27 \DoxyCodeLine
                  {00034\ \ \ \ \ \textcolor{keyword}{struct\ }\mbox{\hyperl...
The control sequence at the end of the top line
of your error message was never \def'ed. If you have
misspelled it (e.g., `\hobx'), type `I' and the correct
spelling (e.g., `I\hbox'). Otherwise just continue,
and I'll forget about whatever was undefined.

./smart__data_8hpp_source.tex:27: Undefined control sequence.
l.27 \DoxyCodeLine{00034\ \ \ \ \ \textcolor
                                            {keyword}{struct\ }\mbox{\hyperl...
The control sequence at the end of the top line
of your error message was never \def'ed. If you have
misspelled it (e.g., `\hobx'), type `I' and the correct
spelling (e.g., `I\hbox'). Otherwise just continue,
and I'll forget about whatever was undefined.

./smart__data_8hpp_source.tex:27: Undefined control sequence.
<argument> \hyperlink 
                      {struct_smart_data_1_1_units}{Units}
l.27 ...rlink{struct_smart_data_1_1_units}{Units}}
                                                  \ \{}
The control sequence at the end of the top line
of your error message was never \def'ed. If you have
misspelled it (e.g., `\hobx'), type `I' and the correct
spelling (e.g., `I\hbox'). Otherwise just continue,
and I'll forget about whatever was undefined.

Missing character: There is no s in font nullfont!
Missing character: There is no t in font nullfont!
Missing character: There is no r in font nullfont!
Missing character: There is no u in font nullfont!
Missing character: There is no c in font nullfont!
Missing character: There is no t in font nullfont!
./smart__data_8hpp_source.tex:27: Missing $ inserted.
<inserted text> 
                $
l.27 ...rlink{struct_smart_data_1_1_units}{Units}}
                                                  \ \{}
I've inserted a begin-math/end-math symbol since I think
you left one out. Proceed, with fingers crossed.

./smart__data_8hpp_source.tex:27: Double subscript.
<argument> \hyperlink {struct_smart_data_1_
                                           1_units}{Units}
l.27 ...rlink{struct_smart_data_1_1_units}{Units}}
                                                  \ \{}
I treat `x_1_2' essentially like `x_1{}_2'.

./smart__data_8hpp_source.tex:27: Double subscript.
<argument> \hyperlink {struct_smart_data_1_1_
                                             units}{Units}
l.27 ...rlink{struct_smart_data_1_1_units}{Units}}
                                                  \ \{}
I treat `x_1_2' essentially like `x_1{}_2'.

./smart__data_8hpp_source.tex:27: Extra }, or forgotten $.
<argument> ...erlink {struct_smart_data_1_1_units}
                                                  {Units}
l.27 ...rlink{struct_smart_data_1_1_units}{Units}}
                                                  \ \{}
I've deleted a group-closing symbol because it seems to be
spurious, as in `$x}$'. But perhaps the } is legitimate and
you forgot something else, as in `\hbox{$x}'. In such cases
the way to recover is to insert both the forgotten and the
deleted material, e.g., by typing `I$}'.

./smart__data_8hpp_source.tex:27: Extra }, or forgotten $.
\mbox  #1->\leavevmode \hbox {#1}
                                 
l.27 ...rlink{struct_smart_data_1_1_units}{Units}}
                                                  \ \{}
I've deleted a group-closing symbol because it seems to be
spurious, as in `$x}$'. But perhaps the } is legitimate and
you forgot something else, as in `\hbox{$x}'. In such cases
the way to recover is to insert both the forgotten and the
deleted material, e.g., by typing `I$}'.

./smart__data_8hpp_source.tex:27: Extra }, or forgotten $.
l.27 ...{struct_smart_data_1_1_units}{Units}}\ \{}
                                                  
I've deleted a group-closing symbol because it seems to be
spurious, as in `$x}$'. But perhaps the } is legitimate and
you forgot something else, as in `\hbox{$x}'. In such cases
the way to recover is to insert both the forgotten and the
deleted material, e.g., by typing `I$}'.

./smart__data_8hpp_source.tex:28: Undefined control sequence.
l.28 \DoxyCodeLine
                  {00035\ \ \ \ \ \ \ \ \ \textcolor{keyword}{struct\ }\mbox...
The control sequence at the end of the top line
of your error message was never \def'ed. If you have
misspelled it (e.g., `\hobx'), type `I' and the correct
spelling (e.g., `I\hbox'). Otherwise just continue,
and I'll forget about whatever was undefined.

./smart__data_8hpp_source.tex:28: Undefined control sequence.
l.28 ...CodeLine{00035\ \ \ \ \ \ \ \ \ \textcolor
                                                  {keyword}{struct\ }\mbox{\...
The control sequence at the end of the top line
of your error message was never \def'ed. If you have
misspelled it (e.g., `\hobx'), type `I' and the correct
spelling (e.g., `I\hbox'). Otherwise just continue,
and I'll forget about whatever was undefined.

./smart__data_8hpp_source.tex:28: Undefined control sequence.
<argument> \hyperlink 
                      {struct_smart_data_1_1_units_1_1_temperature}{Temperat...
l.28 ...a_1_1_units_1_1_temperature}{Temperature}}
                                                  \ \{}
The control sequence at the end of the top line
of your error message was never \def'ed. If you have
misspelled it (e.g., `\hobx'), type `I' and the correct
spelling (e.g., `I\hbox'). Otherwise just continue,
and I'll forget about whatever was undefined.

Missing character: There is no s in font nullfont!
Missing character: There is no t in font nullfont!
Missing character: There is no r in font nullfont!
Missing character: There is no u in font nullfont!
Missing character: There is no c in font nullfont!
Missing character: There is no t in font nullfont!
./smart__data_8hpp_source.tex:28: Missing $ inserted.
<inserted text> 
                $
l.28 ...a_1_1_units_1_1_temperature}{Temperature}}
                                                  \ \{}
I've inserted a begin-math/end-math symbol since I think
you left one out. Proceed, with fingers crossed.

./smart__data_8hpp_source.tex:28: Double subscript.
<argument> \hyperlink {struct_smart_data_1_
                                           1_units_1_1_temperature}{Temperat...
l.28 ...a_1_1_units_1_1_temperature}{Temperature}}
                                                  \ \{}
I treat `x_1_2' essentially like `x_1{}_2'.

./smart__data_8hpp_source.tex:28: Double subscript.
<argument> \hyperlink {struct_smart_data_1_1_
                                             units_1_1_temperature}{Temperat...
l.28 ...a_1_1_units_1_1_temperature}{Temperature}}
                                                  \ \{}
(That makes 100 errors; please try again.) 
Here is how much of TeX's memory you used:
 18 strings out of 469269
 460 string characters out of 5467112
 435984 words of memory out of 5000000
 28550 multiletter control sequences out of 15000+600000
 626825 words of font info for 40 fonts, out of 8000000 for 9000
 319 hyphenation exceptions out of 8191
 18i,27n,19p,267b,192s stack positions out of 10000i,1000n,20000p,200000b,200000s

./smart__data_8hpp_source.tex:28:  ==> Fatal error occurred, no output PDF file produced!
