This is pdfTeX, Version 3.141592653-2.6-1.40.28 (TeX Live 2025) (preloaded format=pdflatex 2025.9.24)  27 SEP 2025 21:22
entering extended mode
 \write18 enabled.
 file:line:error style messages enabled.
 %&-line parsing enabled.
**smh__engine_8hpp_source.tex
(./smh__engine_8hpp_source.tex
LaTeX2e <2025-06-01> patch level 1
L3 programming layer <2025-09-02>
./smh__engine_8hpp_source.tex:1: Undefined control sequence.
l.1 \doxysection
                {smh\+\_\+engine.\+hpp}
The control sequence at the end of the top line
of your error message was never \def'ed. If you have
misspelled it (e.g., `\hobx'), type `I' and the correct
spelling (e.g., `I\hbox'). Otherwise just continue,
and I'll forget about whatever was undefined.


./smh__engine_8hpp_source.tex:1: LaTeX Error: Missing \begin{document}.

See the LaTeX manual or LaTeX Companion for explanation.
Type  H <return>  for immediate help.
 ...                                              
                                                  
l.1 \doxysection{s
                  mh\+\_\+engine.\+hpp}
You're in trouble here.  Try typing  <return>  to proceed.
If that doesn't work, type  X <return>  to quit.

Missing character: There is no s in font nullfont!
Missing character: There is no m in font nullfont!
Missing character: There is no h in font nullfont!
./smh__engine_8hpp_source.tex:1: Undefined control sequence.
l.1 \doxysection{smh\+
                      \_\+engine.\+hpp}
The control sequence at the end of the top line
of your error message was never \def'ed. If you have
misspelled it (e.g., `\hobx'), type `I' and the correct
spelling (e.g., `I\hbox'). Otherwise just continue,
and I'll forget about whatever was undefined.

./smh__engine_8hpp_source.tex:1: Undefined control sequence.
l.1 \doxysection{smh\+\_\+
                          engine.\+hpp}
The control sequence at the end of the top line
of your error message was never \def'ed. If you have
misspelled it (e.g., `\hobx'), type `I' and the correct
spelling (e.g., `I\hbox'). Otherwise just continue,
and I'll forget about whatever was undefined.

Missing character: There is no e in font nullfont!
Missing character: There is no n in font nullfont!
Missing character: There is no g in font nullfont!
Missing character: There is no i in font nullfont!
Missing character: There is no n in font nullfont!
Missing character: There is no e in font nullfont!
Missing character: There is no . in font nullfont!
./smh__engine_8hpp_source.tex:1: Undefined control sequence.
l.1 \doxysection{smh\+\_\+engine.\+
                                   hpp}
The control sequence at the end of the top line
of your error message was never \def'ed. If you have
misspelled it (e.g., `\hobx'), type `I' and the correct
spelling (e.g., `I\hbox'). Otherwise just continue,
and I'll forget about whatever was undefined.

Missing character: There is no h in font nullfont!
Missing character: There is no p in font nullfont!
Missing character: There is no p in font nullfont!
./smh__engine_8hpp_source.tex:2: Undefined control sequence.
l.2 \hypertarget
                {smh__engine_8hpp_source}{}\label{smh__engine_8hpp_source}\i...
The control sequence at the end of the top line
of your error message was never \def'ed. If you have
misspelled it (e.g., `\hobx'), type `I' and the correct
spelling (e.g., `I\hbox'). Otherwise just continue,
and I'll forget about whatever was undefined.

Missing character: There is no s in font nullfont!
Missing character: There is no m in font nullfont!
Missing character: There is no h in font nullfont!
./smh__engine_8hpp_source.tex:2: Missing $ inserted.
<inserted text> 
                $
l.2 \hypertarget{smh_
                     _engine_8hpp_source}{}\label{smh__engine_8hpp_source}\i...
I've inserted a begin-math/end-math symbol since I think
you left one out. Proceed, with fingers crossed.

LaTeX Font Info:    External font `cmex10' loaded for size
(Font)              <7> on input line 2.
LaTeX Font Info:    External font `cmex10' loaded for size
(Font)              <5> on input line 2.
./smh__engine_8hpp_source.tex:2: Missing { inserted.
<to be read again> 
                   _
l.2 \hypertarget{smh__
                      engine_8hpp_source}{}\label{smh__engine_8hpp_source}\i...
A left brace was mandatory here, so I've put one in.
You might want to delete and/or insert some corrections
so that I will find a matching right brace soon.
(If you're confused by all this, try typing `I}' now.)

./smh__engine_8hpp_source.tex:3: Undefined control sequence.
<argument> \hyperlink 
                      {smh__engine_8hpp}{Go to the documentation of this file.}
l.3 ...pp}{Go to the documentation of this file.}}
                                                  
The control sequence at the end of the top line
of your error message was never \def'ed. If you have
misspelled it (e.g., `\hobx'), type `I' and the correct
spelling (e.g., `I\hbox'). Otherwise just continue,
and I'll forget about whatever was undefined.

Missing character: There is no s in font nullfont!
Missing character: There is no m in font nullfont!
Missing character: There is no h in font nullfont!
./smh__engine_8hpp_source.tex:3: Missing $ inserted.
<inserted text> 
                $
l.3 ...pp}{Go to the documentation of this file.}}
                                                  
I've inserted a begin-math/end-math symbol since I think
you left one out. Proceed, with fingers crossed.

./smh__engine_8hpp_source.tex:3: Missing { inserted.
<to be read again> 
                   _
l.3 ...pp}{Go to the documentation of this file.}}
                                                  
A left brace was mandatory here, so I've put one in.
You might want to delete and/or insert some corrections
so that I will find a matching right brace soon.
(If you're confused by all this, try typing `I}' now.)

./smh__engine_8hpp_source.tex:3: Extra }, or forgotten $.
\mbox  #1->\leavevmode \hbox {#1}
                                 
l.3 ...pp}{Go to the documentation of this file.}}
                                                  
I've deleted a group-closing symbol because it seems to be
spurious, as in `$x}$'. But perhaps the } is legitimate and
you forgot something else, as in `\hbox{$x}'. In such cases
the way to recover is to insert both the forgotten and the
deleted material, e.g., by typing `I$}'.


./smh__engine_8hpp_source.tex:4: LaTeX Error: Environment DoxyCode undefined.

See the LaTeX manual or LaTeX Companion for explanation.
Type  H <return>  for immediate help.
 ...                                              
                                                  
l.4 \begin{DoxyCode}
                    {0}
Your command was ignored.
Type  I <command> <return>  to replace it with another command,
or  <return>  to continue without it.

./smh__engine_8hpp_source.tex:5: Undefined control sequence.
l.5 \DoxyCodeLine
                 {00001\ \textcolor{preprocessor}{\#ifndef\ SHM\_ENGINE\_HPP}}
The control sequence at the end of the top line
of your error message was never \def'ed. If you have
misspelled it (e.g., `\hobx'), type `I' and the correct
spelling (e.g., `I\hbox'). Otherwise just continue,
and I'll forget about whatever was undefined.

./smh__engine_8hpp_source.tex:5: Undefined control sequence.
l.5 \DoxyCodeLine{00001\ \textcolor
                                   {preprocessor}{\#ifndef\ SHM\_ENGINE\_HPP}}
The control sequence at the end of the top line
of your error message was never \def'ed. If you have
misspelled it (e.g., `\hobx'), type `I' and the correct
spelling (e.g., `I\hbox'). Otherwise just continue,
and I'll forget about whatever was undefined.

./smh__engine_8hpp_source.tex:6: Undefined control sequence.
l.6 \DoxyCodeLine
                 {00002\ \textcolor{preprocessor}{\#define\ SHM\_ENGINE\_HPP}}
The control sequence at the end of the top line
of your error message was never \def'ed. If you have
misspelled it (e.g., `\hobx'), type `I' and the correct
spelling (e.g., `I\hbox'). Otherwise just continue,
and I'll forget about whatever was undefined.

./smh__engine_8hpp_source.tex:6: Undefined control sequence.
l.6 \DoxyCodeLine{00002\ \textcolor
                                   {preprocessor}{\#define\ SHM\_ENGINE\_HPP}}
The control sequence at the end of the top line
of your error message was never \def'ed. If you have
misspelled it (e.g., `\hobx'), type `I' and the correct
spelling (e.g., `I\hbox'). Otherwise just continue,
and I'll forget about whatever was undefined.

./smh__engine_8hpp_source.tex:7: Undefined control sequence.
l.7 \DoxyCodeLine
                 {00003\ }
The control sequence at the end of the top line
of your error message was never \def'ed. If you have
misspelled it (e.g., `\hobx'), type `I' and the correct
spelling (e.g., `I\hbox'). Otherwise just continue,
and I'll forget about whatever was undefined.

./smh__engine_8hpp_source.tex:8: Undefined control sequence.
l.8 \DoxyCodeLine
                 {00004\ \textcolor{preprocessor}{\#include\ "{}\mbox{\hyper...
The control sequence at the end of the top line
of your error message was never \def'ed. If you have
misspelled it (e.g., `\hobx'), type `I' and the correct
spelling (e.g., `I\hbox'). Otherwise just continue,
and I'll forget about whatever was undefined.

./smh__engine_8hpp_source.tex:8: Undefined control sequence.
l.8 \DoxyCodeLine{00004\ \textcolor
                                   {preprocessor}{\#include\ "{}\mbox{\hyper...
The control sequence at the end of the top line
of your error message was never \def'ed. If you have
misspelled it (e.g., `\hobx'), type `I' and the correct
spelling (e.g., `I\hbox'). Otherwise just continue,
and I'll forget about whatever was undefined.

./smh__engine_8hpp_source.tex:8: Undefined control sequence.
<argument> \hyperlink 
                      {ethernet_8hpp}{../definitions/ethernet.hpp}
l.8 ...thernet_8hpp}{../definitions/ethernet.hpp}}
                                                  "{}}}
The control sequence at the end of the top line
of your error message was never \def'ed. If you have
misspelled it (e.g., `\hobx'), type `I' and the correct
spelling (e.g., `I\hbox'). Otherwise just continue,
and I'll forget about whatever was undefined.

Missing character: There is no e in font nullfont!
Missing character: There is no t in font nullfont!
Missing character: There is no h in font nullfont!
Missing character: There is no e in font nullfont!
Missing character: There is no r in font nullfont!
Missing character: There is no n in font nullfont!
Missing character: There is no e in font nullfont!
Missing character: There is no t in font nullfont!
./smh__engine_8hpp_source.tex:8: Missing $ inserted.
<inserted text> 
                $
l.8 ...thernet_8hpp}{../definitions/ethernet.hpp}}
                                                  "{}}}
I've inserted a begin-math/end-math symbol since I think
you left one out. Proceed, with fingers crossed.

./smh__engine_8hpp_source.tex:8: Extra }, or forgotten $.
<argument> \hyperlink {ethernet_8hpp}
                                     {../definitions/ethernet.hpp}
l.8 ...thernet_8hpp}{../definitions/ethernet.hpp}}
                                                  "{}}}
I've deleted a group-closing symbol because it seems to be
spurious, as in `$x}$'. But perhaps the } is legitimate and
you forgot something else, as in `\hbox{$x}'. In such cases
the way to recover is to insert both the forgotten and the
deleted material, e.g., by typing `I$}'.

./smh__engine_8hpp_source.tex:8: Extra }, or forgotten $.
\mbox  #1->\leavevmode \hbox {#1}
                                 
l.8 ...thernet_8hpp}{../definitions/ethernet.hpp}}
                                                  "{}}}
I've deleted a group-closing symbol because it seems to be
spurious, as in `$x}$'. But perhaps the } is legitimate and
you forgot something else, as in `\hbox{$x}'. In such cases
the way to recover is to insert both the forgotten and the
deleted material, e.g., by typing `I$}'.

./smh__engine_8hpp_source.tex:8: Extra }, or forgotten $.
l.8 ...net_8hpp}{../definitions/ethernet.hpp}}"{}}
                                                  }
I've deleted a group-closing symbol because it seems to be
spurious, as in `$x}$'. But perhaps the } is legitimate and
you forgot something else, as in `\hbox{$x}'. In such cases
the way to recover is to insert both the forgotten and the
deleted material, e.g., by typing `I$}'.

./smh__engine_8hpp_source.tex:8: Extra }, or forgotten $.
l.8 ...et_8hpp}{../definitions/ethernet.hpp}}"{}}}
                                                  
I've deleted a group-closing symbol because it seems to be
spurious, as in `$x}$'. But perhaps the } is legitimate and
you forgot something else, as in `\hbox{$x}'. In such cases
the way to recover is to insert both the forgotten and the
deleted material, e.g., by typing `I$}'.

./smh__engine_8hpp_source.tex:9: Undefined control sequence.
l.9 \DoxyCodeLine
                 {00005\ }
The control sequence at the end of the top line
of your error message was never \def'ed. If you have
misspelled it (e.g., `\hobx'), type `I' and the correct
spelling (e.g., `I\hbox'). Otherwise just continue,
and I'll forget about whatever was undefined.

./smh__engine_8hpp_source.tex:10: Undefined control sequence.
l.10 \DoxyCodeLine
                  {00006\ \textcolor{preprocessor}{\#include\ <sys/ipc.h>}}
The control sequence at the end of the top line
of your error message was never \def'ed. If you have
misspelled it (e.g., `\hobx'), type `I' and the correct
spelling (e.g., `I\hbox'). Otherwise just continue,
and I'll forget about whatever was undefined.

./smh__engine_8hpp_source.tex:10: Undefined control sequence.
l.10 \DoxyCodeLine{00006\ \textcolor
                                    {preprocessor}{\#include\ <sys/ipc.h>}}
The control sequence at the end of the top line
of your error message was never \def'ed. If you have
misspelled it (e.g., `\hobx'), type `I' and the correct
spelling (e.g., `I\hbox'). Otherwise just continue,
and I'll forget about whatever was undefined.

./smh__engine_8hpp_source.tex:11: Undefined control sequence.
l.11 \DoxyCodeLine
                  {00007\ \textcolor{preprocessor}{\#include\ <sys/shm.h>}}
The control sequence at the end of the top line
of your error message was never \def'ed. If you have
misspelled it (e.g., `\hobx'), type `I' and the correct
spelling (e.g., `I\hbox'). Otherwise just continue,
and I'll forget about whatever was undefined.

./smh__engine_8hpp_source.tex:11: Undefined control sequence.
l.11 \DoxyCodeLine{00007\ \textcolor
                                    {preprocessor}{\#include\ <sys/shm.h>}}
The control sequence at the end of the top line
of your error message was never \def'ed. If you have
misspelled it (e.g., `\hobx'), type `I' and the correct
spelling (e.g., `I\hbox'). Otherwise just continue,
and I'll forget about whatever was undefined.

./smh__engine_8hpp_source.tex:12: Undefined control sequence.
l.12 \DoxyCodeLine
                  {00008\ \textcolor{preprocessor}{\#include\ <sys/sem.h>}}
The control sequence at the end of the top line
of your error message was never \def'ed. If you have
misspelled it (e.g., `\hobx'), type `I' and the correct
spelling (e.g., `I\hbox'). Otherwise just continue,
and I'll forget about whatever was undefined.

./smh__engine_8hpp_source.tex:12: Undefined control sequence.
l.12 \DoxyCodeLine{00008\ \textcolor
                                    {preprocessor}{\#include\ <sys/sem.h>}}
The control sequence at the end of the top line
of your error message was never \def'ed. If you have
misspelled it (e.g., `\hobx'), type `I' and the correct
spelling (e.g., `I\hbox'). Otherwise just continue,
and I'll forget about whatever was undefined.

./smh__engine_8hpp_source.tex:13: Undefined control sequence.
l.13 \DoxyCodeLine
                  {00009\ \textcolor{preprocessor}{\#include\ <cerrno>}}
The control sequence at the end of the top line
of your error message was never \def'ed. If you have
misspelled it (e.g., `\hobx'), type `I' and the correct
spelling (e.g., `I\hbox'). Otherwise just continue,
and I'll forget about whatever was undefined.

./smh__engine_8hpp_source.tex:13: Undefined control sequence.
l.13 \DoxyCodeLine{00009\ \textcolor
                                    {preprocessor}{\#include\ <cerrno>}}
The control sequence at the end of the top line
of your error message was never \def'ed. If you have
misspelled it (e.g., `\hobx'), type `I' and the correct
spelling (e.g., `I\hbox'). Otherwise just continue,
and I'll forget about whatever was undefined.

./smh__engine_8hpp_source.tex:14: Undefined control sequence.
l.14 \DoxyCodeLine
                  {00010\ \textcolor{preprocessor}{\#include\ <iostream>}}
The control sequence at the end of the top line
of your error message was never \def'ed. If you have
misspelled it (e.g., `\hobx'), type `I' and the correct
spelling (e.g., `I\hbox'). Otherwise just continue,
and I'll forget about whatever was undefined.

./smh__engine_8hpp_source.tex:14: Undefined control sequence.
l.14 \DoxyCodeLine{00010\ \textcolor
                                    {preprocessor}{\#include\ <iostream>}}
The control sequence at the end of the top line
of your error message was never \def'ed. If you have
misspelled it (e.g., `\hobx'), type `I' and the correct
spelling (e.g., `I\hbox'). Otherwise just continue,
and I'll forget about whatever was undefined.

./smh__engine_8hpp_source.tex:15: Undefined control sequence.
l.15 \DoxyCodeLine
                  {00011\ \textcolor{preprocessor}{\#include\ <cstring>}}
The control sequence at the end of the top line
of your error message was never \def'ed. If you have
misspelled it (e.g., `\hobx'), type `I' and the correct
spelling (e.g., `I\hbox'). Otherwise just continue,
and I'll forget about whatever was undefined.

./smh__engine_8hpp_source.tex:15: Undefined control sequence.
l.15 \DoxyCodeLine{00011\ \textcolor
                                    {preprocessor}{\#include\ <cstring>}}
The control sequence at the end of the top line
of your error message was never \def'ed. If you have
misspelled it (e.g., `\hobx'), type `I' and the correct
spelling (e.g., `I\hbox'). Otherwise just continue,
and I'll forget about whatever was undefined.

./smh__engine_8hpp_source.tex:16: Undefined control sequence.
l.16 \DoxyCodeLine
                  {00012\ \textcolor{preprocessor}{\#include\ <unistd.h>}}
The control sequence at the end of the top line
of your error message was never \def'ed. If you have
misspelled it (e.g., `\hobx'), type `I' and the correct
spelling (e.g., `I\hbox'). Otherwise just continue,
and I'll forget about whatever was undefined.

./smh__engine_8hpp_source.tex:16: Undefined control sequence.
l.16 \DoxyCodeLine{00012\ \textcolor
                                    {preprocessor}{\#include\ <unistd.h>}}
The control sequence at the end of the top line
of your error message was never \def'ed. If you have
misspelled it (e.g., `\hobx'), type `I' and the correct
spelling (e.g., `I\hbox'). Otherwise just continue,
and I'll forget about whatever was undefined.

./smh__engine_8hpp_source.tex:17: Undefined control sequence.
l.17 \DoxyCodeLine
                  {00013\ \textcolor{preprocessor}{\#include\ <arpa/inet.h>}}
The control sequence at the end of the top line
of your error message was never \def'ed. If you have
misspelled it (e.g., `\hobx'), type `I' and the correct
spelling (e.g., `I\hbox'). Otherwise just continue,
and I'll forget about whatever was undefined.

./smh__engine_8hpp_source.tex:17: Undefined control sequence.
l.17 \DoxyCodeLine{00013\ \textcolor
                                    {preprocessor}{\#include\ <arpa/inet.h>}}
The control sequence at the end of the top line
of your error message was never \def'ed. If you have
misspelled it (e.g., `\hobx'), type `I' and the correct
spelling (e.g., `I\hbox'). Otherwise just continue,
and I'll forget about whatever was undefined.

./smh__engine_8hpp_source.tex:18: Undefined control sequence.
l.18 \DoxyCodeLine
                  {00014\ }
The control sequence at the end of the top line
of your error message was never \def'ed. If you have
misspelled it (e.g., `\hobx'), type `I' and the correct
spelling (e.g., `I\hbox'). Otherwise just continue,
and I'll forget about whatever was undefined.

./smh__engine_8hpp_source.tex:19: Undefined control sequence.
l.19 \DoxyCodeLine
                  {00029\ }
The control sequence at the end of the top line
of your error message was never \def'ed. If you have
misspelled it (e.g., `\hobx'), type `I' and the correct
spelling (e.g., `I\hbox'). Otherwise just continue,
and I'll forget about whatever was undefined.

./smh__engine_8hpp_source.tex:20: Undefined control sequence.
l.20 \DoxyCodeLine
                  {00030\ \textcolor{keyword}{static}\ \textcolor{keyword}{c...
The control sequence at the end of the top line
of your error message was never \def'ed. If you have
misspelled it (e.g., `\hobx'), type `I' and the correct
spelling (e.g., `I\hbox'). Otherwise just continue,
and I'll forget about whatever was undefined.

./smh__engine_8hpp_source.tex:20: Undefined control sequence.
l.20 \DoxyCodeLine{00030\ \textcolor
                                    {keyword}{static}\ \textcolor{keyword}{c...
The control sequence at the end of the top line
of your error message was never \def'ed. If you have
misspelled it (e.g., `\hobx'), type `I' and the correct
spelling (e.g., `I\hbox'). Otherwise just continue,
and I'll forget about whatever was undefined.

./smh__engine_8hpp_source.tex:20: Undefined control sequence.
l.20 ...0\ \textcolor{keyword}{static}\ \textcolor
                                                  {keyword}{const}\ uint8\_t...
The control sequence at the end of the top line
of your error message was never \def'ed. If you have
misspelled it (e.g., `\hobx'), type `I' and the correct
spelling (e.g., `I\hbox'). Otherwise just continue,
and I'll forget about whatever was undefined.

./smh__engine_8hpp_source.tex:20: Undefined control sequence.
<argument> \hyperlink 
                      {smh__engine_8hpp_a7728c9a7df390773a33bf550a86b4886}{D...
l.20 ...90773a33bf550a86b4886}{DUMMY\_MAC\_BYTES}}
                                                  []\ =\ \{0x02,\ 0x00,\ 0x0...
The control sequence at the end of the top line
of your error message was never \def'ed. If you have
misspelled it (e.g., `\hobx'), type `I' and the correct
spelling (e.g., `I\hbox'). Otherwise just continue,
and I'll forget about whatever was undefined.

Missing character: There is no s in font nullfont!
Missing character: There is no m in font nullfont!
Missing character: There is no h in font nullfont!
./smh__engine_8hpp_source.tex:20: Missing $ inserted.
<inserted text> 
                $
l.20 ...90773a33bf550a86b4886}{DUMMY\_MAC\_BYTES}}
                                                  []\ =\ \{0x02,\ 0x00,\ 0x0...
I've inserted a begin-math/end-math symbol since I think
you left one out. Proceed, with fingers crossed.

./smh__engine_8hpp_source.tex:20: Missing { inserted.
<to be read again> 
                   _
l.20 ...90773a33bf550a86b4886}{DUMMY\_MAC\_BYTES}}
                                                  []\ =\ \{0x02,\ 0x00,\ 0x0...
A left brace was mandatory here, so I've put one in.
You might want to delete and/or insert some corrections
so that I will find a matching right brace soon.
(If you're confused by all this, try typing `I}' now.)

./smh__engine_8hpp_source.tex:20: Extra }, or forgotten $.
\mbox  #1->\leavevmode \hbox {#1}
                                 
l.20 ...90773a33bf550a86b4886}{DUMMY\_MAC\_BYTES}}
                                                  []\ =\ \{0x02,\ 0x00,\ 0x0...
I've deleted a group-closing symbol because it seems to be
spurious, as in `$x}$'. But perhaps the } is legitimate and
you forgot something else, as in `\hbox{$x}'. In such cases
the way to recover is to insert both the forgotten and the
deleted material, e.g., by typing `I$}'.

./smh__engine_8hpp_source.tex:20: Extra }, or forgotten $.
l.20 ...x02,\ 0x00,\ 0x00,\ 0x00,\ 0x00,\ 0x01\};}
                                                  
I've deleted a group-closing symbol because it seems to be
spurious, as in `$x}$'. But perhaps the } is legitimate and
you forgot something else, as in `\hbox{$x}'. In such cases
the way to recover is to insert both the forgotten and the
deleted material, e.g., by typing `I$}'.

./smh__engine_8hpp_source.tex:21: Undefined control sequence.
l.21 \DoxyCodeLine
                  {00031\ }
The control sequence at the end of the top line
of your error message was never \def'ed. If you have
misspelled it (e.g., `\hobx'), type `I' and the correct
spelling (e.g., `I\hbox'). Otherwise just continue,
and I'll forget about whatever was undefined.

./smh__engine_8hpp_source.tex:22: Undefined control sequence.
l.22 \DoxyCodeLine
                  {00036\ \textcolor{keyword}{class\ }\mbox{\hyperlink{class...
The control sequence at the end of the top line
of your error message was never \def'ed. If you have
misspelled it (e.g., `\hobx'), type `I' and the correct
spelling (e.g., `I\hbox'). Otherwise just continue,
and I'll forget about whatever was undefined.

./smh__engine_8hpp_source.tex:22: Undefined control sequence.
l.22 \DoxyCodeLine{00036\ \textcolor
                                    {keyword}{class\ }\mbox{\hyperlink{class...
The control sequence at the end of the top line
of your error message was never \def'ed. If you have
misspelled it (e.g., `\hobx'), type `I' and the correct
spelling (e.g., `I\hbox'). Otherwise just continue,
and I'll forget about whatever was undefined.

./smh__engine_8hpp_source.tex:22: Undefined control sequence.
<argument> \hyperlink 
                      {class_shm_engine_a27dbfc40c9ebbd0778eeab3add605da1}{S...
l.22 ...bfc40c9ebbd0778eeab3add605da1}{ShmEngine}}
                                                  \ \{}
The control sequence at the end of the top line
of your error message was never \def'ed. If you have
misspelled it (e.g., `\hobx'), type `I' and the correct
spelling (e.g., `I\hbox'). Otherwise just continue,
and I'll forget about whatever was undefined.

Missing character: There is no c in font nullfont!
Missing character: There is no l in font nullfont!
Missing character: There is no a in font nullfont!
Missing character: There is no s in font nullfont!
Missing character: There is no s in font nullfont!
./smh__engine_8hpp_source.tex:22: Missing $ inserted.
<inserted text> 
                $
l.22 ...bfc40c9ebbd0778eeab3add605da1}{ShmEngine}}
                                                  \ \{}
I've inserted a begin-math/end-math symbol since I think
you left one out. Proceed, with fingers crossed.

./smh__engine_8hpp_source.tex:22: Extra }, or forgotten $.
<argument> ...e_a27dbfc40c9ebbd0778eeab3add605da1}
                                                  {ShmEngine}
l.22 ...bfc40c9ebbd0778eeab3add605da1}{ShmEngine}}
                                                  \ \{}
I've deleted a group-closing symbol because it seems to be
spurious, as in `$x}$'. But perhaps the } is legitimate and
you forgot something else, as in `\hbox{$x}'. In such cases
the way to recover is to insert both the forgotten and the
deleted material, e.g., by typing `I$}'.

./smh__engine_8hpp_source.tex:22: Extra }, or forgotten $.
\mbox  #1->\leavevmode \hbox {#1}
                                 
l.22 ...bfc40c9ebbd0778eeab3add605da1}{ShmEngine}}
                                                  \ \{}
I've deleted a group-closing symbol because it seems to be
spurious, as in `$x}$'. But perhaps the } is legitimate and
you forgot something else, as in `\hbox{$x}'. In such cases
the way to recover is to insert both the forgotten and the
deleted material, e.g., by typing `I$}'.

./smh__engine_8hpp_source.tex:22: Extra }, or forgotten $.
l.22 ...c9ebbd0778eeab3add605da1}{ShmEngine}}\ \{}
                                                  
I've deleted a group-closing symbol because it seems to be
spurious, as in `$x}$'. But perhaps the } is legitimate and
you forgot something else, as in `\hbox{$x}'. In such cases
the way to recover is to insert both the forgotten and the
deleted material, e.g., by typing `I$}'.

./smh__engine_8hpp_source.tex:23: Undefined control sequence.
l.23 \DoxyCodeLine
                  {00037\ }
The control sequence at the end of the top line
of your error message was never \def'ed. If you have
misspelled it (e.g., `\hobx'), type `I' and the correct
spelling (e.g., `I\hbox'). Otherwise just continue,
and I'll forget about whatever was undefined.

./smh__engine_8hpp_source.tex:24: Undefined control sequence.
l.24 \DoxyCodeLine
                  {00038\ \textcolor{comment}{/*}}
The control sequence at the end of the top line
of your error message was never \def'ed. If you have
misspelled it (e.g., `\hobx'), type `I' and the correct
spelling (e.g., `I\hbox'). Otherwise just continue,
and I'll forget about whatever was undefined.

./smh__engine_8hpp_source.tex:24: Undefined control sequence.
l.24 \DoxyCodeLine{00038\ \textcolor
                                    {comment}{/*}}
The control sequence at the end of the top line
of your error message was never \def'ed. If you have
misspelled it (e.g., `\hobx'), type `I' and the correct
spelling (e.g., `I\hbox'). Otherwise just continue,
and I'll forget about whatever was undefined.

./smh__engine_8hpp_source.tex:25: Undefined control sequence.
l.25 \DoxyCodeLine
                  {00039\ \textcolor{comment}{TODO:\ this\ current\ class\ a...
The control sequence at the end of the top line
of your error message was never \def'ed. If you have
misspelled it (e.g., `\hobx'), type `I' and the correct
spelling (e.g., `I\hbox'). Otherwise just continue,
and I'll forget about whatever was undefined.

./smh__engine_8hpp_source.tex:25: Undefined control sequence.
l.25 \DoxyCodeLine{00039\ \textcolor
                                    {comment}{TODO:\ this\ current\ class\ a...
The control sequence at the end of the top line
of your error message was never \def'ed. If you have
misspelled it (e.g., `\hobx'), type `I' and the correct
spelling (e.g., `I\hbox'). Otherwise just continue,
and I'll forget about whatever was undefined.

./smh__engine_8hpp_source.tex:26: Undefined control sequence.
l.26 \DoxyCodeLine
                  {00040\ \textcolor{comment}{to\ read\ it\ will\ remove\ it...
The control sequence at the end of the top line
of your error message was never \def'ed. If you have
misspelled it (e.g., `\hobx'), type `I' and the correct
spelling (e.g., `I\hbox'). Otherwise just continue,
and I'll forget about whatever was undefined.

./smh__engine_8hpp_source.tex:26: Undefined control sequence.
l.26 \DoxyCodeLine{00040\ \textcolor
                                    {comment}{to\ read\ it\ will\ remove\ it...
The control sequence at the end of the top line
of your error message was never \def'ed. If you have
misspelled it (e.g., `\hobx'), type `I' and the correct
spelling (e.g., `I\hbox'). Otherwise just continue,
and I'll forget about whatever was undefined.

./smh__engine_8hpp_source.tex:27: Undefined control sequence.
l.27 \DoxyCodeLine
                  {00041\ \textcolor{comment}{two\ vms,\ but\ we\ must\ rede...
The control sequence at the end of the top line
of your error message was never \def'ed. If you have
misspelled it (e.g., `\hobx'), type `I' and the correct
spelling (e.g., `I\hbox'). Otherwise just continue,
and I'll forget about whatever was undefined.

./smh__engine_8hpp_source.tex:27: Undefined control sequence.
l.27 \DoxyCodeLine{00041\ \textcolor
                                    {comment}{two\ vms,\ but\ we\ must\ rede...
The control sequence at the end of the top line
of your error message was never \def'ed. If you have
misspelled it (e.g., `\hobx'), type `I' and the correct
spelling (e.g., `I\hbox'). Otherwise just continue,
and I'll forget about whatever was undefined.

./smh__engine_8hpp_source.tex:28: Undefined control sequence.
l.28 \DoxyCodeLine
                  {00042\ \textcolor{comment}{}}
The control sequence at the end of the top line
of your error message was never \def'ed. If you have
misspelled it (e.g., `\hobx'), type `I' and the correct
spelling (e.g., `I\hbox'). Otherwise just continue,
and I'll forget about whatever was undefined.

./smh__engine_8hpp_source.tex:28: Undefined control sequence.
l.28 \DoxyCodeLine{00042\ \textcolor
                                    {comment}{}}
The control sequence at the end of the top line
of your error message was never \def'ed. If you have
misspelled it (e.g., `\hobx'), type `I' and the correct
spelling (e.g., `I\hbox'). Otherwise just continue,
and I'll forget about whatever was undefined.

./smh__engine_8hpp_source.tex:29: Undefined control sequence.
l.29 \DoxyCodeLine
                  {00043\ \textcolor{comment}{One\ may\ argue\ that\ i'm\ la...
The control sequence at the end of the top line
of your error message was never \def'ed. If you have
misspelled it (e.g., `\hobx'), type `I' and the correct
spelling (e.g., `I\hbox'). Otherwise just continue,
and I'll forget about whatever was undefined.

./smh__engine_8hpp_source.tex:29: Undefined control sequence.
l.29 \DoxyCodeLine{00043\ \textcolor
                                    {comment}{One\ may\ argue\ that\ i'm\ la...
The control sequence at the end of the top line
of your error message was never \def'ed. If you have
misspelled it (e.g., `\hobx'), type `I' and the correct
spelling (e.g., `I\hbox'). Otherwise just continue,
and I'll forget about whatever was undefined.

./smh__engine_8hpp_source.tex:30: Undefined control sequence.
l.30 \DoxyCodeLine
                  {00044\ \textcolor{comment}{*/}}
The control sequence at the end of the top line
of your error message was never \def'ed. If you have
misspelled it (e.g., `\hobx'), type `I' and the correct
spelling (e.g., `I\hbox'). Otherwise just continue,
and I'll forget about whatever was undefined.

./smh__engine_8hpp_source.tex:30: Undefined control sequence.
l.30 \DoxyCodeLine{00044\ \textcolor
                                    {comment}{*/}}
The control sequence at the end of the top line
of your error message was never \def'ed. If you have
misspelled it (e.g., `\hobx'), type `I' and the correct
spelling (e.g., `I\hbox'). Otherwise just continue,
and I'll forget about whatever was undefined.

./smh__engine_8hpp_source.tex:31: Undefined control sequence.
l.31 \DoxyCodeLine
                  {00045\ }
The control sequence at the end of the top line
of your error message was never \def'ed. If you have
misspelled it (e.g., `\hobx'), type `I' and the correct
spelling (e.g., `I\hbox'). Otherwise just continue,
and I'll forget about whatever was undefined.

./smh__engine_8hpp_source.tex:32: Undefined control sequence.
l.32 \DoxyCodeLine
                  {00046\ \textcolor{keyword}{public}:}
The control sequence at the end of the top line
of your error message was never \def'ed. If you have
misspelled it (e.g., `\hobx'), type `I' and the correct
spelling (e.g., `I\hbox'). Otherwise just continue,
and I'll forget about whatever was undefined.

./smh__engine_8hpp_source.tex:32: Undefined control sequence.
l.32 \DoxyCodeLine{00046\ \textcolor
                                    {keyword}{public}:}
The control sequence at the end of the top line
of your error message was never \def'ed. If you have
misspelled it (e.g., `\hobx'), type `I' and the correct
spelling (e.g., `I\hbox'). Otherwise just continue,
and I'll forget about whatever was undefined.

./smh__engine_8hpp_source.tex:33: Undefined control sequence.
l.33 \DoxyCodeLine
                  {00050\ \ \ \ \ \mbox{\hyperlink{class_shm_engine_a27dbfc4...
The control sequence at the end of the top line
of your error message was never \def'ed. If you have
misspelled it (e.g., `\hobx'), type `I' and the correct
spelling (e.g., `I\hbox'). Otherwise just continue,
and I'll forget about whatever was undefined.

./smh__engine_8hpp_source.tex:33: Undefined control sequence.
<argument> \hyperlink 
                      {class_shm_engine_a27dbfc40c9ebbd0778eeab3add605da1}{S...
l.33 ...bfc40c9ebbd0778eeab3add605da1}{ShmEngine}}
                                                  ()\ \{}
The control sequence at the end of the top line
of your error message was never \def'ed. If you have
misspelled it (e.g., `\hobx'), type `I' and the correct
spelling (e.g., `I\hbox'). Otherwise just continue,
and I'll forget about whatever was undefined.

Missing character: There is no c in font nullfont!
Missing character: There is no l in font nullfont!
Missing character: There is no a in font nullfont!
Missing character: There is no s in font nullfont!
Missing character: There is no s in font nullfont!
./smh__engine_8hpp_source.tex:33: Missing $ inserted.
<inserted text> 
                $
l.33 ...bfc40c9ebbd0778eeab3add605da1}{ShmEngine}}
                                                  ()\ \{}
I've inserted a begin-math/end-math symbol since I think
you left one out. Proceed, with fingers crossed.

./smh__engine_8hpp_source.tex:33: Extra }, or forgotten $.
<argument> ...e_a27dbfc40c9ebbd0778eeab3add605da1}
                                                  {ShmEngine}
l.33 ...bfc40c9ebbd0778eeab3add605da1}{ShmEngine}}
                                                  ()\ \{}
I've deleted a group-closing symbol because it seems to be
spurious, as in `$x}$'. But perhaps the } is legitimate and
you forgot something else, as in `\hbox{$x}'. In such cases
the way to recover is to insert both the forgotten and the
deleted material, e.g., by typing `I$}'.

./smh__engine_8hpp_source.tex:33: Extra }, or forgotten $.
\mbox  #1->\leavevmode \hbox {#1}
                                 
l.33 ...bfc40c9ebbd0778eeab3add605da1}{ShmEngine}}
                                                  ()\ \{}
I've deleted a group-closing symbol because it seems to be
spurious, as in `$x}$'. But perhaps the } is legitimate and
you forgot something else, as in `\hbox{$x}'. In such cases
the way to recover is to insert both the forgotten and the
deleted material, e.g., by typing `I$}'.

./smh__engine_8hpp_source.tex:33: Extra }, or forgotten $.
l.33 ...ebbd0778eeab3add605da1}{ShmEngine}}()\ \{}
                                                  
I've deleted a group-closing symbol because it seems to be
spurious, as in `$x}$'. But perhaps the } is legitimate and
you forgot something else, as in `\hbox{$x}'. In such cases
the way to recover is to insert both the forgotten and the
deleted material, e.g., by typing `I$}'.

./smh__engine_8hpp_source.tex:34: Undefined control sequence.
l.34 \DoxyCodeLine
                  {00051\ }
The control sequence at the end of the top line
of your error message was never \def'ed. If you have
misspelled it (e.g., `\hobx'), type `I' and the correct
spelling (e.g., `I\hbox'). Otherwise just continue,
and I'll forget about whatever was undefined.

./smh__engine_8hpp_source.tex:35: Undefined control sequence.
l.35 \DoxyCodeLine
                  {00052\ \ \ \ \ \ \ \ \ FILE*\ fp\ =\ fopen(\mbox{\hyperli...
The control sequence at the end of the top line
of your error message was never \def'ed. If you have
misspelled it (e.g., `\hobx'), type `I' and the correct
spelling (e.g., `I\hbox'). Otherwise just continue,
and I'll forget about whatever was undefined.

./smh__engine_8hpp_source.tex:35: Undefined control sequence.
<argument> \hyperlink 
                      {class_shm_engine_af7eb93c17b8d6d2d154473a8d93c4ce9}{S...
l.35 ...7b8d6d2d154473a8d93c4ce9}{SHM\_KEY\_FILE}}
                                                  ,\ \textcolor{stringlitera...
The control sequence at the end of the top line
of your error message was never \def'ed. If you have
misspelled it (e.g., `\hobx'), type `I' and the correct
spelling (e.g., `I\hbox'). Otherwise just continue,
and I'll forget about whatever was undefined.

Missing character: There is no c in font nullfont!
Missing character: There is no l in font nullfont!
Missing character: There is no a in font nullfont!
Missing character: There is no s in font nullfont!
Missing character: There is no s in font nullfont!
./smh__engine_8hpp_source.tex:35: Missing $ inserted.
<inserted text> 
                $
l.35 ...7b8d6d2d154473a8d93c4ce9}{SHM\_KEY\_FILE}}
                                                  ,\ \textcolor{stringlitera...
I've inserted a begin-math/end-math symbol since I think
you left one out. Proceed, with fingers crossed.

./smh__engine_8hpp_source.tex:35: Extra }, or forgotten $.
<argument> ...e_af7eb93c17b8d6d2d154473a8d93c4ce9}
                                                  {SHM\_KEY\_FILE}
l.35 ...7b8d6d2d154473a8d93c4ce9}{SHM\_KEY\_FILE}}
                                                  ,\ \textcolor{stringlitera...
I've deleted a group-closing symbol because it seems to be
spurious, as in `$x}$'. But perhaps the } is legitimate and
you forgot something else, as in `\hbox{$x}'. In such cases
the way to recover is to insert both the forgotten and the
deleted material, e.g., by typing `I$}'.

./smh__engine_8hpp_source.tex:35: Extra }, or forgotten $.
\mbox  #1->\leavevmode \hbox {#1}
                                 
l.35 ...7b8d6d2d154473a8d93c4ce9}{SHM\_KEY\_FILE}}
                                                  ,\ \textcolor{stringlitera...
I've deleted a group-closing symbol because it seems to be
spurious, as in `$x}$'. But perhaps the } is legitimate and
you forgot something else, as in `\hbox{$x}'. In such cases
the way to recover is to insert both the forgotten and the
deleted material, e.g., by typing `I$}'.

./smh__engine_8hpp_source.tex:35: Undefined control sequence.
l.35 ...3a8d93c4ce9}{SHM\_KEY\_FILE}},\ \textcolor
                                                  {stringliteral}{"{}a"{}});...
The control sequence at the end of the top line
of your error message was never \def'ed. If you have
misspelled it (e.g., `\hobx'), type `I' and the correct
spelling (e.g., `I\hbox'). Otherwise just continue,
and I'll forget about whatever was undefined.

./smh__engine_8hpp_source.tex:35: Undefined control sequence.
l.35 ...olor{stringliteral}{"{}a"{}});\ \textcolor
                                                  {comment}{//\ creating/tou...
The control sequence at the end of the top line
of your error message was never \def'ed. If you have
misspelled it (e.g., `\hobx'), type `I' and the correct
spelling (e.g., `I\hbox'). Otherwise just continue,
and I'll forget about whatever was undefined.

./smh__engine_8hpp_source.tex:35: Extra }, or forgotten $.
l.35 ...it\ doesn't\ exist\ (required\ by\ ftok)}}
                                                  
I've deleted a group-closing symbol because it seems to be
spurious, as in `$x}$'. But perhaps the } is legitimate and
you forgot something else, as in `\hbox{$x}'. In such cases
the way to recover is to insert both the forgotten and the
deleted material, e.g., by typing `I$}'.

./smh__engine_8hpp_source.tex:36: Undefined control sequence.
l.36 \DoxyCodeLine
                  {00053\ \ \ \ \ \ \ \ \ \textcolor{keywordflow}{if}\ (fp)\...
The control sequence at the end of the top line
of your error message was never \def'ed. If you have
misspelled it (e.g., `\hobx'), type `I' and the correct
spelling (e.g., `I\hbox'). Otherwise just continue,
and I'll forget about whatever was undefined.

./smh__engine_8hpp_source.tex:36: Undefined control sequence.
l.36 ...CodeLine{00053\ \ \ \ \ \ \ \ \ \textcolor
                                                  {keywordflow}{if}\ (fp)\ \{}
The control sequence at the end of the top line
of your error message was never \def'ed. If you have
misspelled it (e.g., `\hobx'), type `I' and the correct
spelling (e.g., `I\hbox'). Otherwise just continue,
and I'll forget about whatever was undefined.

./smh__engine_8hpp_source.tex:37: Undefined control sequence.
l.37 \DoxyCodeLine
                  {00054\ \ \ \ \ \ \ \ \ \ \ \ \ fclose(fp);}
The control sequence at the end of the top line
of your error message was never \def'ed. If you have
misspelled it (e.g., `\hobx'), type `I' and the correct
spelling (e.g., `I\hbox'). Otherwise just continue,
and I'll forget about whatever was undefined.

./smh__engine_8hpp_source.tex:38: Undefined control sequence.
l.38 \DoxyCodeLine
                  {00055\ \ \ \ \ \ \ \ \ \}\ \textcolor{keywordflow}{else}\...
The control sequence at the end of the top line
of your error message was never \def'ed. If you have
misspelled it (e.g., `\hobx'), type `I' and the correct
spelling (e.g., `I\hbox'). Otherwise just continue,
and I'll forget about whatever was undefined.

./smh__engine_8hpp_source.tex:38: Undefined control sequence.
l.38 ...Line{00055\ \ \ \ \ \ \ \ \ \}\ \textcolor
                                                  {keywordflow}{else}\ \{}
The control sequence at the end of the top line
of your error message was never \def'ed. If you have
misspelled it (e.g., `\hobx'), type `I' and the correct
spelling (e.g., `I\hbox'). Otherwise just continue,
and I'll forget about whatever was undefined.

./smh__engine_8hpp_source.tex:39: Undefined control sequence.
l.39 \DoxyCodeLine
                  {00056\ \ \ \ \ \ \ \ \ \ \ \ \ \mbox{\hyperlink{class_shm...
The control sequence at the end of the top line
of your error message was never \def'ed. If you have
misspelled it (e.g., `\hobx'), type `I' and the correct
spelling (e.g., `I\hbox'). Otherwise just continue,
and I'll forget about whatever was undefined.

./smh__engine_8hpp_source.tex:39: Undefined control sequence.
<argument> \hyperlink 
                      {class_shm_engine_adbd730697c5b50eec18bf33d828c676f}{\...
l.39 ...b50eec18bf33d828c676f}{\_cleanupAndThrow}}
                                                  (\textcolor{stringliteral}...
(That makes 100 errors; please try again.) 
Here is how much of TeX's memory you used:
 18 strings out of 469269
 460 string characters out of 5467112
 437984 words of memory out of 5000000
 28550 multiletter control sequences out of 15000+600000
 626825 words of font info for 40 fonts, out of 8000000 for 9000
 319 hyphenation exceptions out of 8191
 18i,23n,19p,329b,153s stack positions out of 10000i,1000n,20000p,200000b,200000s

./smh__engine_8hpp_source.tex:39:  ==> Fatal error occurred, no output PDF file produced!
