This is pdfTeX, Version 3.141592653-2.6-1.40.28 (TeX Live 2025) (preloaded format=pdflatex 2025.9.24)  27 SEP 2025 18:54
entering extended mode
 \write18 enabled.
 file:line:error style messages enabled.
 %&-line parsing enabled.
**start__car_8cpp.tex
(./start__car_8cpp.tex
LaTeX2e <2025-06-01> patch level 1
L3 programming layer <2025-09-02>
./start__car_8cpp.tex:1: Undefined control sequence.
l.1 \doxysection
                {source/start\+\_\+car.cpp File Reference}
The control sequence at the end of the top line
of your error message was never \def'ed. If you have
misspelled it (e.g., `\hobx'), type `I' and the correct
spelling (e.g., `I\hbox'). Otherwise just continue,
and I'll forget about whatever was undefined.


./start__car_8cpp.tex:1: LaTeX Error: Missing \begin{document}.

See the LaTeX manual or LaTeX Companion for explanation.
Type  H <return>  for immediate help.
 ...                                              
                                                  
l.1 \doxysection{s
                  ource/start\+\_\+car.cpp File Reference}
You're in trouble here.  Try typing  <return>  to proceed.
If that doesn't work, type  X <return>  to quit.

Missing character: There is no s in font nullfont!
Missing character: There is no o in font nullfont!
Missing character: There is no u in font nullfont!
Missing character: There is no r in font nullfont!
Missing character: There is no c in font nullfont!
Missing character: There is no e in font nullfont!
Missing character: There is no / in font nullfont!
Missing character: There is no s in font nullfont!
Missing character: There is no t in font nullfont!
Missing character: There is no a in font nullfont!
Missing character: There is no r in font nullfont!
Missing character: There is no t in font nullfont!
./start__car_8cpp.tex:1: Undefined control sequence.
l.1 \doxysection{source/start\+
                               \_\+car.cpp File Reference}
The control sequence at the end of the top line
of your error message was never \def'ed. If you have
misspelled it (e.g., `\hobx'), type `I' and the correct
spelling (e.g., `I\hbox'). Otherwise just continue,
and I'll forget about whatever was undefined.

./start__car_8cpp.tex:1: Undefined control sequence.
l.1 \doxysection{source/start\+\_\+
                                   car.cpp File Reference}
The control sequence at the end of the top line
of your error message was never \def'ed. If you have
misspelled it (e.g., `\hobx'), type `I' and the correct
spelling (e.g., `I\hbox'). Otherwise just continue,
and I'll forget about whatever was undefined.

Missing character: There is no c in font nullfont!
Missing character: There is no a in font nullfont!
Missing character: There is no r in font nullfont!
Missing character: There is no . in font nullfont!
Missing character: There is no c in font nullfont!
Missing character: There is no p in font nullfont!
Missing character: There is no p in font nullfont!
Missing character: There is no F in font nullfont!
Missing character: There is no i in font nullfont!
Missing character: There is no l in font nullfont!
Missing character: There is no e in font nullfont!
Missing character: There is no R in font nullfont!
Missing character: There is no e in font nullfont!
Missing character: There is no f in font nullfont!
Missing character: There is no e in font nullfont!
Missing character: There is no r in font nullfont!
Missing character: There is no e in font nullfont!
Missing character: There is no n in font nullfont!
Missing character: There is no c in font nullfont!
Missing character: There is no e in font nullfont!
./start__car_8cpp.tex:2: Undefined control sequence.
l.2 \hypertarget
                {start__car_8cpp}{}\label{start__car_8cpp}\index{source/star...
The control sequence at the end of the top line
of your error message was never \def'ed. If you have
misspelled it (e.g., `\hobx'), type `I' and the correct
spelling (e.g., `I\hbox'). Otherwise just continue,
and I'll forget about whatever was undefined.

Missing character: There is no s in font nullfont!
Missing character: There is no t in font nullfont!
Missing character: There is no a in font nullfont!
Missing character: There is no r in font nullfont!
Missing character: There is no t in font nullfont!
./start__car_8cpp.tex:2: Missing $ inserted.
<inserted text> 
                $
l.2 \hypertarget{start_
                       _car_8cpp}{}\label{start__car_8cpp}\index{source/star...
I've inserted a begin-math/end-math symbol since I think
you left one out. Proceed, with fingers crossed.

LaTeX Font Info:    External font `cmex10' loaded for size
(Font)              <7> on input line 2.
LaTeX Font Info:    External font `cmex10' loaded for size
(Font)              <5> on input line 2.
./start__car_8cpp.tex:2: Missing { inserted.
<to be read again> 
                   _
l.2 \hypertarget{start__
                        car_8cpp}{}\label{start__car_8cpp}\index{source/star...
A left brace was mandatory here, so I've put one in.
You might want to delete and/or insert some corrections
so that I will find a matching right brace soon.
(If you're confused by all this, try typing `I}' now.)


./start__car_8cpp.tex:3: LaTeX Error: Command \ttfamily invalid in math mode.

See the LaTeX manual or LaTeX Companion for explanation.
Type  H <return>  for immediate help.
 ...                                              
                                                  
l.3 {\ttfamily
               \#include "{}vehicle/smartdata/component.\+hpp"{}}\newline
Please use the math alphabet \mathtt instead of the \ttfamily command. 

./start__car_8cpp.tex:3: Undefined control sequence.
l.3 ...\#include "{}vehicle/smartdata/component.\+
                                                  hpp"{}}\newline
The control sequence at the end of the top line
of your error message was never \def'ed. If you have
misspelled it (e.g., `\hobx'), type `I' and the correct
spelling (e.g., `I\hbox'). Otherwise just continue,
and I'll forget about whatever was undefined.


./start__car_8cpp.tex:4: LaTeX Error: Command \ttfamily invalid in math mode.

See the LaTeX manual or LaTeX Companion for explanation.
Type  H <return>  for immediate help.
 ...                                              
                                                  
l.4 {\ttfamily
               \#include "{}vehicle/smartdata/transducer.\+hpp"{}}\newline
Please use the math alphabet \mathtt instead of the \ttfamily command. 

./start__car_8cpp.tex:4: Undefined control sequence.
l.4 ...#include "{}vehicle/smartdata/transducer.\+
                                                  hpp"{}}\newline
The control sequence at the end of the top line
of your error message was never \def'ed. If you have
misspelled it (e.g., `\hobx'), type `I' and the correct
spelling (e.g., `I\hbox'). Otherwise just continue,
and I'll forget about whatever was undefined.


./start__car_8cpp.tex:5: LaTeX Error: Command \ttfamily invalid in math mode.

See the LaTeX manual or LaTeX Companion for explanation.
Type  H <return>  for immediate help.
 ...                                              
                                                  
l.5 {\ttfamily
               \#include "{}vehicle/smartdata/local\+\_\+smartdata.\+hpp"{}}...
Please use the math alphabet \mathtt instead of the \ttfamily command. 

./start__car_8cpp.tex:5: Undefined control sequence.
l.5 ...mily \#include "{}vehicle/smartdata/local\+
                                                  \_\+smartdata.\+hpp"{}}\ne...
The control sequence at the end of the top line
of your error message was never \def'ed. If you have
misspelled it (e.g., `\hobx'), type `I' and the correct
spelling (e.g., `I\hbox'). Otherwise just continue,
and I'll forget about whatever was undefined.

./start__car_8cpp.tex:5: Undefined control sequence.
l.5 ... \#include "{}vehicle/smartdata/local\+\_\+
                                                  smartdata.\+hpp"{}}\newline
The control sequence at the end of the top line
of your error message was never \def'ed. If you have
misspelled it (e.g., `\hobx'), type `I' and the correct
spelling (e.g., `I\hbox'). Otherwise just continue,
and I'll forget about whatever was undefined.

./start__car_8cpp.tex:5: Undefined control sequence.
l.5 ...{}vehicle/smartdata/local\+\_\+smartdata.\+
                                                  hpp"{}}\newline
The control sequence at the end of the top line
of your error message was never \def'ed. If you have
misspelled it (e.g., `\hobx'), type `I' and the correct
spelling (e.g., `I\hbox'). Otherwise just continue,
and I'll forget about whatever was undefined.


./start__car_8cpp.tex:6: LaTeX Error: Command \ttfamily invalid in math mode.

See the LaTeX manual or LaTeX Companion for explanation.
Type  H <return>  for immediate help.
 ...                                              
                                                  
l.6 {\ttfamily
               \#include "{}vehicle/smartdata/smart\+\_\+data.\+hpp"{}}\newline
Please use the math alphabet \mathtt instead of the \ttfamily command. 

./start__car_8cpp.tex:6: Undefined control sequence.
l.6 ...mily \#include "{}vehicle/smartdata/smart\+
                                                  \_\+data.\+hpp"{}}\newline
The control sequence at the end of the top line
of your error message was never \def'ed. If you have
misspelled it (e.g., `\hobx'), type `I' and the correct
spelling (e.g., `I\hbox'). Otherwise just continue,
and I'll forget about whatever was undefined.

./start__car_8cpp.tex:6: Undefined control sequence.
l.6 ... \#include "{}vehicle/smartdata/smart\+\_\+
                                                  data.\+hpp"{}}\newline
The control sequence at the end of the top line
of your error message was never \def'ed. If you have
misspelled it (e.g., `\hobx'), type `I' and the correct
spelling (e.g., `I\hbox'). Otherwise just continue,
and I'll forget about whatever was undefined.

./start__car_8cpp.tex:6: Undefined control sequence.
l.6 ...ude "{}vehicle/smartdata/smart\+\_\+data.\+
                                                  hpp"{}}\newline
The control sequence at the end of the top line
of your error message was never \def'ed. If you have
misspelled it (e.g., `\hobx'), type `I' and the correct
spelling (e.g., `I\hbox'). Otherwise just continue,
and I'll forget about whatever was undefined.


./start__car_8cpp.tex:7: LaTeX Error: Command \ttfamily invalid in math mode.

See the LaTeX manual or LaTeX Companion for explanation.
Type  H <return>  for immediate help.
 ...                                              
                                                  
l.7 {\ttfamily
               \#include "{}vehicle/gateway.\+hpp"{}}\newline
Please use the math alphabet \mathtt instead of the \ttfamily command. 

./start__car_8cpp.tex:7: Undefined control sequence.
l.7 {\ttfamily \#include "{}vehicle/gateway.\+
                                              hpp"{}}\newline
The control sequence at the end of the top line
of your error message was never \def'ed. If you have
misspelled it (e.g., `\hobx'), type `I' and the correct
spelling (e.g., `I\hbox'). Otherwise just continue,
and I'll forget about whatever was undefined.


./start__car_8cpp.tex:8: LaTeX Error: Command \ttfamily invalid in math mode.

See the LaTeX manual or LaTeX Companion for explanation.
Type  H <return>  for immediate help.
 ...                                              
                                                  
l.8 {\ttfamily
               \#include $<$vector$>$}\newline
Please use the math alphabet \mathtt instead of the \ttfamily command. 

./start__car_8cpp.tex:8: Missing } inserted.
<inserted text> 
                }
l.8 {\ttfamily \#include $
                          <$vector$>$}\newline
I've inserted something that you may have forgotten.
(See the <inserted text> above.)
With luck, this will get me unwedged. But if you
really didn't forget anything, try typing `2' now; then
my insertion and my current dilemma will both disappear.

Missing character: There is no < in font nullfont!
Missing character: There is no > in font nullfont!
./start__car_8cpp.tex:8: Extra }, or forgotten $.
<recently read> }
                 
l.8 {\ttfamily \#include $<$vector$>$}
                                      \newline
I've deleted a group-closing symbol because it seems to be
spurious, as in `$x}$'. But perhaps the } is legitimate and
you forgot something else, as in `\hbox{$x}'. In such cases
the way to recover is to insert both the forgotten and the
deleted material, e.g., by typing `I$}'.


./start__car_8cpp.tex:9: LaTeX Error: Command \ttfamily invalid in math mode.

See the LaTeX manual or LaTeX Companion for explanation.
Type  H <return>  for immediate help.
 ...                                              
                                                  
l.9 {\ttfamily
               \#include $<$memory$>$}\newline
Please use the math alphabet \mathtt instead of the \ttfamily command. 

./start__car_8cpp.tex:9: Missing } inserted.
<inserted text> 
                }
l.9 {\ttfamily \#include $
                          <$memory$>$}\newline
I've inserted something that you may have forgotten.
(See the <inserted text> above.)
With luck, this will get me unwedged. But if you
really didn't forget anything, try typing `2' now; then
my insertion and my current dilemma will both disappear.

Missing character: There is no < in font nullfont!
Missing character: There is no > in font nullfont!
./start__car_8cpp.tex:9: Extra }, or forgotten $.
<recently read> }
                 
l.9 {\ttfamily \#include $<$memory$>$}
                                      \newline
I've deleted a group-closing symbol because it seems to be
spurious, as in `$x}$'. But perhaps the } is legitimate and
you forgot something else, as in `\hbox{$x}'. In such cases
the way to recover is to insert both the forgotten and the
deleted material, e.g., by typing `I$}'.


./start__car_8cpp.tex:10: LaTeX Error: Command \ttfamily invalid in math mode.

See the LaTeX manual or LaTeX Companion for explanation.
Type  H <return>  for immediate help.
 ...                                              
                                                  
l.10 {\ttfamily
                \#include $<$cstdlib$>$}\newline
Please use the math alphabet \mathtt instead of the \ttfamily command. 

./start__car_8cpp.tex:10: Missing } inserted.
<inserted text> 
                }
l.10 {\ttfamily \#include $
                           <$cstdlib$>$}\newline
I've inserted something that you may have forgotten.
(See the <inserted text> above.)
With luck, this will get me unwedged. But if you
really didn't forget anything, try typing `2' now; then
my insertion and my current dilemma will both disappear.

Missing character: There is no < in font nullfont!
Missing character: There is no > in font nullfont!
./start__car_8cpp.tex:10: Extra }, or forgotten $.
<recently read> }
                 
l.10 {\ttfamily \#include $<$cstdlib$>$}
                                        \newline
I've deleted a group-closing symbol because it seems to be
spurious, as in `$x}$'. But perhaps the } is legitimate and
you forgot something else, as in `\hbox{$x}'. In such cases
the way to recover is to insert both the forgotten and the
deleted material, e.g., by typing `I$}'.


./start__car_8cpp.tex:11: LaTeX Error: Command \ttfamily invalid in math mode.

See the LaTeX manual or LaTeX Companion for explanation.
Type  H <return>  for immediate help.
 ...                                              
                                                  
l.11 {\ttfamily
                \#include $<$thread$>$}\newline
Please use the math alphabet \mathtt instead of the \ttfamily command. 

./start__car_8cpp.tex:11: Missing } inserted.
<inserted text> 
                }
l.11 {\ttfamily \#include $
                           <$thread$>$}\newline
I've inserted something that you may have forgotten.
(See the <inserted text> above.)
With luck, this will get me unwedged. But if you
really didn't forget anything, try typing `2' now; then
my insertion and my current dilemma will both disappear.

Missing character: There is no < in font nullfont!
Missing character: There is no > in font nullfont!
./start__car_8cpp.tex:11: Extra }, or forgotten $.
<recently read> }
                 
l.11 {\ttfamily \#include $<$thread$>$}
                                       \newline
I've deleted a group-closing symbol because it seems to be
spurious, as in `$x}$'. But perhaps the } is legitimate and
you forgot something else, as in `\hbox{$x}'. In such cases
the way to recover is to insert both the forgotten and the
deleted material, e.g., by typing `I$}'.


./start__car_8cpp.tex:12: LaTeX Error: Command \ttfamily invalid in math mode.

See the LaTeX manual or LaTeX Companion for explanation.
Type  H <return>  for immediate help.
 ...                                              
                                                  
l.12 {\ttfamily
                \#include $<$chrono$>$}\newline
Please use the math alphabet \mathtt instead of the \ttfamily command. 

./start__car_8cpp.tex:12: Missing } inserted.
<inserted text> 
                }
l.12 {\ttfamily \#include $
                           <$chrono$>$}\newline
I've inserted something that you may have forgotten.
(See the <inserted text> above.)
With luck, this will get me unwedged. But if you
really didn't forget anything, try typing `2' now; then
my insertion and my current dilemma will both disappear.

Missing character: There is no < in font nullfont!
Missing character: There is no > in font nullfont!
./start__car_8cpp.tex:12: Extra }, or forgotten $.
<recently read> }
                 
l.12 {\ttfamily \#include $<$chrono$>$}
                                       \newline
I've deleted a group-closing symbol because it seems to be
spurious, as in `$x}$'. But perhaps the } is legitimate and
you forgot something else, as in `\hbox{$x}'. In such cases
the way to recover is to insert both the forgotten and the
deleted material, e.g., by typing `I$}'.


./start__car_8cpp.tex:13: LaTeX Error: Command \ttfamily invalid in math mode.

See the LaTeX manual or LaTeX Companion for explanation.
Type  H <return>  for immediate help.
 ...                                              
                                                  
l.13 {\ttfamily
                \#include $<$string$>$}\newline
Please use the math alphabet \mathtt instead of the \ttfamily command. 

./start__car_8cpp.tex:13: Missing } inserted.
<inserted text> 
                }
l.13 {\ttfamily \#include $
                           <$string$>$}\newline
I've inserted something that you may have forgotten.
(See the <inserted text> above.)
With luck, this will get me unwedged. But if you
really didn't forget anything, try typing `2' now; then
my insertion and my current dilemma will both disappear.

Missing character: There is no < in font nullfont!
Missing character: There is no > in font nullfont!
./start__car_8cpp.tex:13: Extra }, or forgotten $.
<recently read> }
                 
l.13 {\ttfamily \#include $<$string$>$}
                                       \newline
I've deleted a group-closing symbol because it seems to be
spurious, as in `$x}$'. But perhaps the } is legitimate and
you forgot something else, as in `\hbox{$x}'. In such cases
the way to recover is to insert both the forgotten and the
deleted material, e.g., by typing `I$}'.


./start__car_8cpp.tex:14: LaTeX Error: Command \ttfamily invalid in math mode.

See the LaTeX manual or LaTeX Companion for explanation.
Type  H <return>  for immediate help.
 ...                                              
                                                  
l.14 {\ttfamily
                \#include $<$iostream$>$}\newline
Please use the math alphabet \mathtt instead of the \ttfamily command. 

./start__car_8cpp.tex:14: Missing } inserted.
<inserted text> 
                }
l.14 {\ttfamily \#include $
                           <$iostream$>$}\newline
I've inserted something that you may have forgotten.
(See the <inserted text> above.)
With luck, this will get me unwedged. But if you
really didn't forget anything, try typing `2' now; then
my insertion and my current dilemma will both disappear.

Missing character: There is no < in font nullfont!
Missing character: There is no > in font nullfont!
./start__car_8cpp.tex:14: Extra }, or forgotten $.
<recently read> }
                 
l.14 {\ttfamily \#include $<$iostream$>$}
                                         \newline
I've deleted a group-closing symbol because it seems to be
spurious, as in `$x}$'. But perhaps the } is legitimate and
you forgot something else, as in `\hbox{$x}'. In such cases
the way to recover is to insert both the forgotten and the
deleted material, e.g., by typing `I$}'.


./start__car_8cpp.tex:15: LaTeX Error: Command \ttfamily invalid in math mode.

See the LaTeX manual or LaTeX Companion for explanation.
Type  H <return>  for immediate help.
 ...                                              
                                                  
l.15 {\ttfamily
                \#include $<$unistd.\+h$>$}\newline
Please use the math alphabet \mathtt instead of the \ttfamily command. 

./start__car_8cpp.tex:15: Missing } inserted.
<inserted text> 
                }
l.15 {\ttfamily \#include $
                           <$unistd.\+h$>$}\newline
I've inserted something that you may have forgotten.
(See the <inserted text> above.)
With luck, this will get me unwedged. But if you
really didn't forget anything, try typing `2' now; then
my insertion and my current dilemma will both disappear.

Missing character: There is no < in font nullfont!
./start__car_8cpp.tex:15: Undefined control sequence.
l.15 {\ttfamily \#include $<$unistd.\+
                                      h$>$}\newline
The control sequence at the end of the top line
of your error message was never \def'ed. If you have
misspelled it (e.g., `\hobx'), type `I' and the correct
spelling (e.g., `I\hbox'). Otherwise just continue,
and I'll forget about whatever was undefined.

Missing character: There is no > in font nullfont!
./start__car_8cpp.tex:15: Extra }, or forgotten $.
<recently read> }
                 
l.15 {\ttfamily \#include $<$unistd.\+h$>$}
                                           \newline
I've deleted a group-closing symbol because it seems to be
spurious, as in `$x}$'. But perhaps the } is legitimate and
you forgot something else, as in `\hbox{$x}'. In such cases
the way to recover is to insert both the forgotten and the
deleted material, e.g., by typing `I$}'.


./start__car_8cpp.tex:16: LaTeX Error: Command \ttfamily invalid in math mode.

See the LaTeX manual or LaTeX Companion for explanation.
Type  H <return>  for immediate help.
 ...                                              
                                                  
l.16 {\ttfamily
                \#include $<$sys/wait.\+h$>$}\newline
Please use the math alphabet \mathtt instead of the \ttfamily command. 

./start__car_8cpp.tex:16: Missing } inserted.
<inserted text> 
                }
l.16 {\ttfamily \#include $
                           <$sys/wait.\+h$>$}\newline
I've inserted something that you may have forgotten.
(See the <inserted text> above.)
With luck, this will get me unwedged. But if you
really didn't forget anything, try typing `2' now; then
my insertion and my current dilemma will both disappear.

Missing character: There is no < in font nullfont!
./start__car_8cpp.tex:16: Undefined control sequence.
l.16 {\ttfamily \#include $<$sys/wait.\+
                                        h$>$}\newline
The control sequence at the end of the top line
of your error message was never \def'ed. If you have
misspelled it (e.g., `\hobx'), type `I' and the correct
spelling (e.g., `I\hbox'). Otherwise just continue,
and I'll forget about whatever was undefined.

Missing character: There is no > in font nullfont!
./start__car_8cpp.tex:16: Extra }, or forgotten $.
<recently read> }
                 
l.16 {\ttfamily \#include $<$sys/wait.\+h$>$}
                                             \newline
I've deleted a group-closing symbol because it seems to be
spurious, as in `$x}$'. But perhaps the } is legitimate and
you forgot something else, as in `\hbox{$x}'. In such cases
the way to recover is to insert both the forgotten and the
deleted material, e.g., by typing `I$}'.

./start__car_8cpp.tex:17: Undefined control sequence.
l.17 Include dependency graph for start\+
                                         \_\+car.\+cpp\+:
The control sequence at the end of the top line
of your error message was never \def'ed. If you have
misspelled it (e.g., `\hobx'), type `I' and the correct
spelling (e.g., `I\hbox'). Otherwise just continue,
and I'll forget about whatever was undefined.

./start__car_8cpp.tex:17: Undefined control sequence.
l.17 Include dependency graph for start\+\_\+
                                             car.\+cpp\+:
The control sequence at the end of the top line
of your error message was never \def'ed. If you have
misspelled it (e.g., `\hobx'), type `I' and the correct
spelling (e.g., `I\hbox'). Otherwise just continue,
and I'll forget about whatever was undefined.

./start__car_8cpp.tex:17: Undefined control sequence.
l.17 ...ude dependency graph for start\+\_\+car.\+
                                                  cpp\+:
The control sequence at the end of the top line
of your error message was never \def'ed. If you have
misspelled it (e.g., `\hobx'), type `I' and the correct
spelling (e.g., `I\hbox'). Otherwise just continue,
and I'll forget about whatever was undefined.

./start__car_8cpp.tex:17: Undefined control sequence.
l.17 ...ependency graph for start\+\_\+car.\+cpp\+
                                                  :
The control sequence at the end of the top line
of your error message was never \def'ed. If you have
misspelled it (e.g., `\hobx'), type `I' and the correct
spelling (e.g., `I\hbox'). Otherwise just continue,
and I'll forget about whatever was undefined.


./start__car_8cpp.tex:19: LaTeX Error: Environment figure undefined.

See the LaTeX manual or LaTeX Companion for explanation.
Type  H <return>  for immediate help.
 ...                                              
                                                  
l.19 \begin{figure}
                   [H]
Your command was ignored.
Type  I <command> <return>  to replace it with another command,
or  <return>  to continue without it.

./start__car_8cpp.tex:20: Missing $ inserted.
<inserted text> 
                $
l.20 \begin{center}
                   
I've inserted a begin-math/end-math symbol since I think
you left one out. Proceed, with fingers crossed.

./start__car_8cpp.tex:20: Missing \endgroup inserted.
<inserted text> 
                \endgroup 
l.20 \begin{center}
                   
I've inserted something that you may have forgotten.
(See the <inserted text> above.)
With luck, this will get me unwedged. But if you
really didn't forget anything, try typing `2' now; then
my insertion and my current dilemma will both disappear.

./start__car_8cpp.tex:20: Missing \endgroup inserted.
<inserted text> 
                \endgroup 
l.20 \begin{center}
                   
I've inserted something that you may have forgotten.
(See the <inserted text> above.)
With luck, this will get me unwedged. But if you
really didn't forget anything, try typing `2' now; then
my insertion and my current dilemma will both disappear.


Overfull \hbox (20.0pt too wide) in paragraph at lines 1--20
[][]
 []


Overfull \hbox (233.37627pt too wide) in paragraph at lines 1--20
[][][][][] 
 []


Overfull \hbox (205.77505pt too wide) in paragraph at lines 1--20
[][] 
 []


Overfull \hbox (228.3953pt too wide) in paragraph at lines 1--20
[][] 
 []


Overfull \hbox (207.57347pt too wide) in paragraph at lines 1--20
[][] 
 []


Overfull \hbox (142.36745pt too wide) in paragraph at lines 1--20
[][] 
 []


Overfull \hbox (68.31223pt too wide) in paragraph at lines 1--20
[]$$\OML/cmm/m/it/10 vector$$[] 
 []


Overfull \hbox (77.98941pt too wide) in paragraph at lines 1--20
[]$$\OML/cmm/m/it/10 memory$$[] 
 []


Overfull \hbox (69.62308pt too wide) in paragraph at lines 1--20
[]$$\OML/cmm/m/it/10 cstdlib$$[] 
 []


Overfull \hbox (70.18376pt too wide) in paragraph at lines 1--20
[]$$\OML/cmm/m/it/10 thread$$[] 
 []


Overfull \hbox (71.45pt too wide) in paragraph at lines 1--20
[]$$\OML/cmm/m/it/10 chrono$$[] 
 []


Overfull \hbox (68.5386pt too wide) in paragraph at lines 1--20
[]$$\OML/cmm/m/it/10 string$$[] 
 []


Overfull \hbox (80.97731pt too wide) in paragraph at lines 1--20
[]$$\OML/cmm/m/it/10 iostream$$[] 
 []


Overfull \hbox (78.08958pt too wide) in paragraph at lines 1--20
[]$$\OML/cmm/m/it/10 unistd:h$$[] 
 []


Overfull \hbox (88.82104pt too wide) in paragraph at lines 1--20
[]$$\OML/cmm/m/it/10 sys=wait:h$$[] 
 []


Overfull \hbox (185.44136pt too wide) in paragraph at lines 1--20
\OML/cmm/m/it/10 Includedependencygraphforstart[]car:cpp \OT1/cmr/m/n/10 :
 []


Overfull \hbox (17.45825pt too wide) in paragraph at lines 1--20
 \OT1/cmr/m/n/10 [\OML/cmm/m/it/10 H\OT1/cmr/m/n/10 ]$ 
 []

./start__car_8cpp.tex:22: Undefined control sequence.
l.22 \includegraphics
                     [width=350pt]{start__car_8cpp__incl}
The control sequence at the end of the top line
of your error message was never \def'ed. If you have
misspelled it (e.g., `\hobx'), type `I' and the correct
spelling (e.g., `I\hbox'). Otherwise just continue,
and I'll forget about whatever was undefined.

Missing character: There is no [ in font nullfont!
Missing character: There is no w in font nullfont!
Missing character: There is no i in font nullfont!
Missing character: There is no d in font nullfont!
Missing character: There is no t in font nullfont!
Missing character: There is no h in font nullfont!
Missing character: There is no = in font nullfont!
Missing character: There is no 3 in font nullfont!
Missing character: There is no 5 in font nullfont!
Missing character: There is no 0 in font nullfont!
Missing character: There is no p in font nullfont!
Missing character: There is no t in font nullfont!
Missing character: There is no ] in font nullfont!
Missing character: There is no s in font nullfont!
Missing character: There is no t in font nullfont!
Missing character: There is no a in font nullfont!
Missing character: There is no r in font nullfont!
Missing character: There is no t in font nullfont!
./start__car_8cpp.tex:22: Missing $ inserted.
<inserted text> 
                $
l.22 \includegraphics[width=350pt]{start_
                                         _car_8cpp__incl}
I've inserted a begin-math/end-math symbol since I think
you left one out. Proceed, with fingers crossed.

./start__car_8cpp.tex:22: Missing { inserted.
<to be read again> 
                   _
l.22 \includegraphics[width=350pt]{start__
                                          car_8cpp__incl}
A left brace was mandatory here, so I've put one in.
You might want to delete and/or insert some corrections
so that I will find a matching right brace soon.
(If you're confused by all this, try typing `I}' now.)

./start__car_8cpp.tex:22: Missing { inserted.
<to be read again> 
                   _
l.22 ...udegraphics[width=350pt]{start__car_8cpp__
                                                  incl}
A left brace was mandatory here, so I've put one in.
You might want to delete and/or insert some corrections
so that I will find a matching right brace soon.
(If you're confused by all this, try typing `I}' now.)


./start__car_8cpp.tex:23: LaTeX Error: Command \end{document} invalid in math mode.

See the LaTeX manual or LaTeX Companion for explanation.
Type  H <return>  for immediate help.
 ...                                              
                                                  
l.23 \end{center}
                 
Try typing  <return>  to proceed.
If that doesn't work, type  X <return>  to quit.

./start__car_8cpp.tex:23: Missing $ inserted.
<inserted text> 
                $
l.23 \end{center}
                 
I've inserted a begin-math/end-math symbol since I think
you left one out. Proceed, with fingers crossed.

./start__car_8cpp.tex:23: Missing } inserted.
<inserted text> 
                }
l.23 \end{center}
                 
I've inserted something that you may have forgotten.
(See the <inserted text> above.)
With luck, this will get me unwedged. But if you
really didn't forget anything, try typing `2' now; then
my insertion and my current dilemma will both disappear.


Overfull \hbox (41.73964pt too wide) in paragraph at lines 21--23
 []$ 
 []


./start__car_8cpp.tex:23: LaTeX Error: \begin{document} ended by \end{center}.

See the LaTeX manual or LaTeX Companion for explanation.
Type  H <return>  for immediate help.
 ...                                              
                                                  
l.23 \end{center}
                 
Your command was ignored.
Type  I <command> <return>  to replace it with another command,
or  <return>  to continue without it.

./start__car_8cpp.tex:23: Missing } inserted.
<inserted text> 
                }
l.23 \end{center}
                 
I've inserted something that you may have forgotten.
(See the <inserted text> above.)
With luck, this will get me unwedged. But if you
really didn't forget anything, try typing `2' now; then
my insertion and my current dilemma will both disappear.

./start__car_8cpp.tex:23: Missing } inserted.
<inserted text> 
                }
l.23 \end{center}
                 
I've inserted something that you may have forgotten.
(See the <inserted text> above.)
With luck, this will get me unwedged. But if you
really didn't forget anything, try typing `2' now; then
my insertion and my current dilemma will both disappear.

./start__car_8cpp.tex:23: Extra \endgroup.
<recently read> \endgroup 
                          
l.23 \end{center}
                 
Things are pretty mixed up, but I think the worst is over.


./start__car_8cpp.tex:24: LaTeX Error: \begin{document} ended by \end{figure}.

See the LaTeX manual or LaTeX Companion for explanation.
Type  H <return>  for immediate help.
 ...                                              
                                                  
l.24 \end{figure}
                 
Your command was ignored.
Type  I <command> <return>  to replace it with another command,
or  <return>  to continue without it.

./start__car_8cpp.tex:24: Extra \endgroup.
\end  ...end#1\endcsname \@checkend {#1}\endgroup 
                                                  \UseHook {env/#1/after}\if...
l.24 \end{figure}
                 
Things are pretty mixed up, but I think the worst is over.

./start__car_8cpp.tex:25: Undefined control sequence.
l.25 \doxysubsubsection
                       *{Classes}
The control sequence at the end of the top line
of your error message was never \def'ed. If you have
misspelled it (e.g., `\hobx'), type `I' and the correct
spelling (e.g., `I\hbox'). Otherwise just continue,
and I'll forget about whatever was undefined.

Missing character: There is no * in font nullfont!
Missing character: There is no C in font nullfont!
Missing character: There is no l in font nullfont!
Missing character: There is no a in font nullfont!
Missing character: There is no s in font nullfont!
Missing character: There is no s in font nullfont!
Missing character: There is no e in font nullfont!
Missing character: There is no s in font nullfont!

./start__car_8cpp.tex:26: LaTeX Error: Environment DoxyCompactItemize undefined.

See the LaTeX manual or LaTeX Companion for explanation.
Type  H <return>  for immediate help.
 ...                                              
                                                  
l.26 \begin{DoxyCompactItemize}
                               
Your command was ignored.
Type  I <command> <return>  to replace it with another command,
or  <return>  to continue without it.


./start__car_8cpp.tex:28: LaTeX Error: Lonely \item--perhaps a missing list environment.

See the LaTeX manual or LaTeX Companion for explanation.
Type  H <return>  for immediate help.
 ...                                              
                                                  
l.28 s
      truct \mbox{\hyperlink{struct_component_holder}{Component\+Holder}}
Try typing  <return>  to proceed.
If that doesn't work, type  X <return>  to quit.

Missing character: There is no s in font nullfont!
Missing character: There is no t in font nullfont!
Missing character: There is no r in font nullfont!
Missing character: There is no u in font nullfont!
Missing character: There is no c in font nullfont!
Missing character: There is no t in font nullfont!
./start__car_8cpp.tex:28: Undefined control sequence.
<argument> \hyperlink 
                      {struct_component_holder}{Component\+Holder}
l.28 ...ruct_component_holder}{Component\+Holder}}
                                                  
The control sequence at the end of the top line
of your error message was never \def'ed. If you have
misspelled it (e.g., `\hobx'), type `I' and the correct
spelling (e.g., `I\hbox'). Otherwise just continue,
and I'll forget about whatever was undefined.

Missing character: There is no s in font nullfont!
Missing character: There is no t in font nullfont!
Missing character: There is no r in font nullfont!
Missing character: There is no u in font nullfont!
Missing character: There is no c in font nullfont!
Missing character: There is no t in font nullfont!
./start__car_8cpp.tex:28: Missing $ inserted.
<inserted text> 
                $
l.28 ...ruct_component_holder}{Component\+Holder}}
                                                  
I've inserted a begin-math/end-math symbol since I think
you left one out. Proceed, with fingers crossed.

./start__car_8cpp.tex:28: Extra }, or forgotten $.
<argument> \hyperlink {struct_component_holder}
                                               {Component\+Holder}
l.28 ...ruct_component_holder}{Component\+Holder}}
                                                  
I've deleted a group-closing symbol because it seems to be
spurious, as in `$x}$'. But perhaps the } is legitimate and
you forgot something else, as in `\hbox{$x}'. In such cases
the way to recover is to insert both the forgotten and the
deleted material, e.g., by typing `I$}'.

./start__car_8cpp.tex:28: Undefined control sequence.
<argument> ...struct_component_holder}{Component\+
                                                  Holder}
l.28 ...ruct_component_holder}{Component\+Holder}}
                                                  
The control sequence at the end of the top line
of your error message was never \def'ed. If you have
misspelled it (e.g., `\hobx'), type `I' and the correct
spelling (e.g., `I\hbox'). Otherwise just continue,
and I'll forget about whatever was undefined.

./start__car_8cpp.tex:28: Extra }, or forgotten $.
\mbox  #1->\leavevmode \hbox {#1}
                                 
l.28 ...ruct_component_holder}{Component\+Holder}}
                                                  
I've deleted a group-closing symbol because it seems to be
spurious, as in `$x}$'. But perhaps the } is legitimate and
you forgot something else, as in `\hbox{$x}'. In such cases
the way to recover is to insert both the forgotten and the
deleted material, e.g., by typing `I$}'.


./start__car_8cpp.tex:29: LaTeX Error: Command \item invalid in math mode.

See the LaTeX manual or LaTeX Companion for explanation.
Type  H <return>  for immediate help.
 ...                                              
                                                  
l.29 \item
          
Try typing  <return>  to proceed.
If that doesn't work, type  X <return>  to quit.

./start__car_8cpp.tex:30: Missing $ inserted.
<inserted text> 
                $
l.30 s
      truct \mbox{\hyperlink{struct_concrete_holder}{Concrete\+Holder$<$ T $...
I've inserted a begin-math/end-math symbol since I think
you left one out. Proceed, with fingers crossed.

./start__car_8cpp.tex:30: Missing } inserted.
<inserted text> 
                }
l.30 s
      truct \mbox{\hyperlink{struct_concrete_holder}{Concrete\+Holder$<$ T $...
I've inserted something that you may have forgotten.
(See the <inserted text> above.)
With luck, this will get me unwedged. But if you
really didn't forget anything, try typing `2' now; then
my insertion and my current dilemma will both disappear.

./start__car_8cpp.tex:30: Missing } inserted.
<inserted text> 
                }
l.30 s
      truct \mbox{\hyperlink{struct_concrete_holder}{Concrete\+Holder$<$ T $...
I've inserted something that you may have forgotten.
(See the <inserted text> above.)
With luck, this will get me unwedged. But if you
really didn't forget anything, try typing `2' now; then
my insertion and my current dilemma will both disappear.


Overfull \hbox (159.1554pt too wide) in paragraph at lines 28--30
[] 
 []


./start__car_8cpp.tex:30: LaTeX Error: Lonely \item--perhaps a missing list environment.

See the LaTeX manual or LaTeX Companion for explanation.
Type  H <return>  for immediate help.
 ...                                              
                                                  
l.30 s
      truct \mbox{\hyperlink{struct_concrete_holder}{Concrete\+Holder$<$ T $...
Try typing  <return>  to proceed.
If that doesn't work, type  X <return>  to quit.

Missing character: There is no s in font nullfont!
Missing character: There is no t in font nullfont!
Missing character: There is no r in font nullfont!
Missing character: There is no u in font nullfont!
Missing character: There is no c in font nullfont!
Missing character: There is no t in font nullfont!
./start__car_8cpp.tex:30: Undefined control sequence.
<argument> \hyperlink 
                      {struct_concrete_holder}{Concrete\+Holder$<$ T $>$}
l.30 ...ncrete_holder}{Concrete\+Holder$<$ T $>$}}
                                                  
The control sequence at the end of the top line
of your error message was never \def'ed. If you have
misspelled it (e.g., `\hobx'), type `I' and the correct
spelling (e.g., `I\hbox'). Otherwise just continue,
and I'll forget about whatever was undefined.

Missing character: There is no s in font nullfont!
Missing character: There is no t in font nullfont!
Missing character: There is no r in font nullfont!
Missing character: There is no u in font nullfont!
Missing character: There is no c in font nullfont!
Missing character: There is no t in font nullfont!
./start__car_8cpp.tex:30: Missing $ inserted.
<inserted text> 
                $
l.30 ...ncrete_holder}{Concrete\+Holder$<$ T $>$}}
                                                  
I've inserted a begin-math/end-math symbol since I think
you left one out. Proceed, with fingers crossed.

./start__car_8cpp.tex:30: Extra }, or forgotten $.
<argument> \hyperlink {struct_concrete_holder}
                                              {Concrete\+Holder$<$ T $>$}
l.30 ...ncrete_holder}{Concrete\+Holder$<$ T $>$}}
                                                  
I've deleted a group-closing symbol because it seems to be
spurious, as in `$x}$'. But perhaps the } is legitimate and
you forgot something else, as in `\hbox{$x}'. In such cases
the way to recover is to insert both the forgotten and the
deleted material, e.g., by typing `I$}'.

./start__car_8cpp.tex:30: Undefined control sequence.
<argument> ... {struct_concrete_holder}{Concrete\+
                                                  Holder$<$ T $>$}
l.30 ...ncrete_holder}{Concrete\+Holder$<$ T $>$}}
                                                  
The control sequence at the end of the top line
of your error message was never \def'ed. If you have
misspelled it (e.g., `\hobx'), type `I' and the correct
spelling (e.g., `I\hbox'). Otherwise just continue,
and I'll forget about whatever was undefined.

./start__car_8cpp.tex:30: Missing } inserted.
<inserted text> 
                }
l.30 ...ncrete_holder}{Concrete\+Holder$<$ T $>$}}
                                                  
I've inserted something that you may have forgotten.
(See the <inserted text> above.)
With luck, this will get me unwedged. But if you
really didn't forget anything, try typing `2' now; then
my insertion and my current dilemma will both disappear.

Missing character: There is no < in font nullfont!
Missing character: There is no > in font nullfont!
./start__car_8cpp.tex:30: Extra }, or forgotten $.
<recently read> }
                 
l.30 ...ncrete_holder}{Concrete\+Holder$<$ T $>$}}
                                                  
I've deleted a group-closing symbol because it seems to be
spurious, as in `$x}$'. But perhaps the } is legitimate and
you forgot something else, as in `\hbox{$x}'. In such cases
the way to recover is to insert both the forgotten and the
deleted material, e.g., by typing `I$}'.

./start__car_8cpp.tex:30: Extra }, or forgotten $.
\mbox  #1->\leavevmode \hbox {#1}
                                 
l.30 ...ncrete_holder}{Concrete\+Holder$<$ T $>$}}
                                                  
I've deleted a group-closing symbol because it seems to be
spurious, as in `$x}$'. But perhaps the } is legitimate and
you forgot something else, as in `\hbox{$x}'. In such cases
the way to recover is to insert both the forgotten and the
deleted material, e.g., by typing `I$}'.


./start__car_8cpp.tex:31: LaTeX Error: \begin{document} ended by \end{DoxyCompactItemize}.

See the LaTeX manual or LaTeX Companion for explanation.
Type  H <return>  for immediate help.
 ...                                              
                                                  
l.31 \end{DoxyCompactItemize}
                             
Your command was ignored.
Type  I <command> <return>  to replace it with another command,
or  <return>  to continue without it.

./start__car_8cpp.tex:31: Missing $ inserted.
<inserted text> 
                $
l.31 \end{DoxyCompactItemize}
                             
I've inserted something that you may have forgotten.
(See the <inserted text> above.)
With luck, this will get me unwedged. But if you
really didn't forget anything, try typing `2' now; then
my insertion and my current dilemma will both disappear.

./start__car_8cpp.tex:31: Missing } inserted.
<inserted text> 
                }
l.31 \end{DoxyCompactItemize}
                             
I've inserted something that you may have forgotten.
(See the <inserted text> above.)
With luck, this will get me unwedged. But if you
really didn't forget anything, try typing `2' now; then
my insertion and my current dilemma will both disappear.

./start__car_8cpp.tex:31: Missing } inserted.
<inserted text> 
                }
l.31 \end{DoxyCompactItemize}
                             
I've inserted something that you may have forgotten.
(See the <inserted text> above.)
With luck, this will get me unwedged. But if you
really didn't forget anything, try typing `2' now; then
my insertion and my current dilemma will both disappear.

./start__car_8cpp.tex:32: Undefined control sequence.
l.32 \doxysubsubsection
                       *{Functions}
The control sequence at the end of the top line
of your error message was never \def'ed. If you have
misspelled it (e.g., `\hobx'), type `I' and the correct
spelling (e.g., `I\hbox'). Otherwise just continue,
and I'll forget about whatever was undefined.

Missing character: There is no * in font nullfont!
Missing character: There is no F in font nullfont!
Missing character: There is no u in font nullfont!
Missing character: There is no n in font nullfont!
Missing character: There is no c in font nullfont!
Missing character: There is no t in font nullfont!
Missing character: There is no i in font nullfont!
Missing character: There is no o in font nullfont!
Missing character: There is no n in font nullfont!
Missing character: There is no s in font nullfont!

./start__car_8cpp.tex:33: LaTeX Error: Environment DoxyCompactItemize undefined.

See the LaTeX manual or LaTeX Companion for explanation.
Type  H <return>  for immediate help.
 ...                                              
                                                  
l.33 \begin{DoxyCompactItemize}
                               
Your command was ignored.
Type  I <command> <return>  to replace it with another command,
or  <return>  to continue without it.


Overfull \hbox (144.6125pt too wide) in paragraph at lines 30--35
[] 
 []


./start__car_8cpp.tex:35: LaTeX Error: Lonely \item--perhaps a missing list environment.

See the LaTeX manual or LaTeX Companion for explanation.
Type  H <return>  for immediate help.
 ...                                              
                                                  
l.35 i
      nt \mbox{\hyperlink{start__car_8cpp_a0ddf1224851353fc92bfbff6f499fa97}...
Try typing  <return>  to proceed.
If that doesn't work, type  X <return>  to quit.

Missing character: There is no i in font nullfont!
Missing character: There is no n in font nullfont!
Missing character: There is no t in font nullfont!
./start__car_8cpp.tex:35: Undefined control sequence.
<argument> \hyperlink 
                      {start__car_8cpp_a0ddf1224851353fc92bfbff6f499fa97}{main}
l.35 ..._a0ddf1224851353fc92bfbff6f499fa97}{main}}
                                                   (int argc, char \texorpdf...
The control sequence at the end of the top line
of your error message was never \def'ed. If you have
misspelled it (e.g., `\hobx'), type `I' and the correct
spelling (e.g., `I\hbox'). Otherwise just continue,
and I'll forget about whatever was undefined.

Missing character: There is no s in font nullfont!
Missing character: There is no t in font nullfont!
Missing character: There is no a in font nullfont!
Missing character: There is no r in font nullfont!
Missing character: There is no t in font nullfont!
./start__car_8cpp.tex:35: Missing $ inserted.
<inserted text> 
                $
l.35 ..._a0ddf1224851353fc92bfbff6f499fa97}{main}}
                                                   (int argc, char \texorpdf...
I've inserted a begin-math/end-math symbol since I think
you left one out. Proceed, with fingers crossed.

./start__car_8cpp.tex:35: Missing { inserted.
<to be read again> 
                   _
l.35 ..._a0ddf1224851353fc92bfbff6f499fa97}{main}}
                                                   (int argc, char \texorpdf...
A left brace was mandatory here, so I've put one in.
You might want to delete and/or insert some corrections
so that I will find a matching right brace soon.
(If you're confused by all this, try typing `I}' now.)

./start__car_8cpp.tex:35: Extra }, or forgotten $.
\mbox  #1->\leavevmode \hbox {#1}
                                 
l.35 ..._a0ddf1224851353fc92bfbff6f499fa97}{main}}
                                                   (int argc, char \texorpdf...
I've deleted a group-closing symbol because it seems to be
spurious, as in `$x}$'. But perhaps the } is legitimate and
you forgot something else, as in `\hbox{$x}'. In such cases
the way to recover is to insert both the forgotten and the
deleted material, e.g., by typing `I$}'.

./start__car_8cpp.tex:35: Undefined control sequence.
l.35 ...97}{main}} (int argc, char \texorpdfstring
                                                  {$\ast$}{*}argv\mbox{[}$\,...
The control sequence at the end of the top line
of your error message was never \def'ed. If you have
misspelled it (e.g., `\hobx'), type `I' and the correct
spelling (e.g., `I\hbox'). Otherwise just continue,
and I'll forget about whatever was undefined.

./start__car_8cpp.tex:35: Missing } inserted.
<inserted text> 
                }
l.35 ...}{main}} (int argc, char \texorpdfstring{$
                                                  \ast$}{*}argv\mbox{[}$\,$\...
I've inserted something that you may have forgotten.
(See the <inserted text> above.)
With luck, this will get me unwedged. But if you
really didn't forget anything, try typing `2' now; then
my insertion and my current dilemma will both disappear.

./start__car_8cpp.tex:35: Missing $ inserted.
<inserted text> 
                $
l.35 ...in}} (int argc, char \texorpdfstring{$\ast
                                                  $}{*}argv\mbox{[}$\,$\mbox...
I've inserted a begin-math/end-math symbol since I think
you left one out. Proceed, with fingers crossed.

Missing character: There is no * in font nullfont!
Missing character: There is no a in font nullfont!
Missing character: There is no r in font nullfont!
Missing character: There is no g in font nullfont!
Missing character: There is no v in font nullfont!
Missing character: There is no [ in font nullfont!
Missing character: There is no ] in font nullfont!
Missing character: There is no ) in font nullfont!

./start__car_8cpp.tex:36: LaTeX Error: \begin{document} ended by \end{DoxyCompactItemize}.

See the LaTeX manual or LaTeX Companion for explanation.
Type  H <return>  for immediate help.
 ...                                              
                                                  
l.36 \end{DoxyCompactItemize}
                             
Your command was ignored.
Type  I <command> <return>  to replace it with another command,
or  <return>  to continue without it.

./start__car_8cpp.tex:36: Missing } inserted.
<inserted text> 
                }
l.36 \end{DoxyCompactItemize}
                             
I've inserted something that you may have forgotten.
(See the <inserted text> above.)
With luck, this will get me unwedged. But if you
really didn't forget anything, try typing `2' now; then
my insertion and my current dilemma will both disappear.


Overfull \hbox (254.16273pt too wide) in paragraph at lines 35--37
[] 
 []

./start__car_8cpp.tex:40: Undefined control sequence.
l.40 \Hypertarget
                 {start__car_8cpp_doc-func-members}
The control sequence at the end of the top line
of your error message was never \def'ed. If you have
misspelled it (e.g., `\hobx'), type `I' and the correct
spelling (e.g., `I\hbox'). Otherwise just continue,
and I'll forget about whatever was undefined.

Missing character: There is no s in font nullfont!
Missing character: There is no t in font nullfont!
Missing character: There is no a in font nullfont!
Missing character: There is no r in font nullfont!
Missing character: There is no t in font nullfont!
./start__car_8cpp.tex:40: Missing $ inserted.
<inserted text> 
                $
l.40 \Hypertarget{start_
                        _car_8cpp_doc-func-members}
I've inserted a begin-math/end-math symbol since I think
you left one out. Proceed, with fingers crossed.

./start__car_8cpp.tex:40: Missing { inserted.
<to be read again> 
                   _
l.40 \Hypertarget{start__
                         car_8cpp_doc-func-members}
A left brace was mandatory here, so I've put one in.
You might want to delete and/or insert some corrections
so that I will find a matching right brace soon.
(If you're confused by all this, try typing `I}' now.)

./start__car_8cpp.tex:41: Undefined control sequence.
l.41 \doxysubsection
                    {Function Documentation}
The control sequence at the end of the top line
of your error message was never \def'ed. If you have
misspelled it (e.g., `\hobx'), type `I' and the correct
spelling (e.g., `I\hbox'). Otherwise just continue,
and I'll forget about whatever was undefined.

./start__car_8cpp.tex:42: Undefined control sequence.
l.42 \Hypertarget
                 {start__car_8cpp_a0ddf1224851353fc92bfbff6f499fa97}\index{s...
The control sequence at the end of the top line
of your error message was never \def'ed. If you have
misspelled it (e.g., `\hobx'), type `I' and the correct
spelling (e.g., `I\hbox'). Otherwise just continue,
and I'll forget about whatever was undefined.

./start__car_8cpp.tex:42: Missing { inserted.
<to be read again> 
                   _
l.42 \Hypertarget{start__
                         car_8cpp_a0ddf1224851353fc92bfbff6f499fa97}\index{s...
A left brace was mandatory here, so I've put one in.
You might want to delete and/or insert some corrections
so that I will find a matching right brace soon.
(If you're confused by all this, try typing `I}' now.)

./start__car_8cpp.tex:44: Undefined control sequence.
l.44 \doxysubsubsection
                       {\texorpdfstring{main()}{main()}}
The control sequence at the end of the top line
of your error message was never \def'ed. If you have
misspelled it (e.g., `\hobx'), type `I' and the correct
spelling (e.g., `I\hbox'). Otherwise just continue,
and I'll forget about whatever was undefined.

./start__car_8cpp.tex:44: Undefined control sequence.
l.44 \doxysubsubsection{\texorpdfstring
                                       {main()}{main()}}
The control sequence at the end of the top line
of your error message was never \def'ed. If you have
misspelled it (e.g., `\hobx'), type `I' and the correct
spelling (e.g., `I\hbox'). Otherwise just continue,
and I'll forget about whatever was undefined.

./start__car_8cpp.tex:45: Undefined control sequence.
l.45 {\footnotesize
                   \ttfamily \label{start__car_8cpp_a0ddf1224851353fc92bfbff...
The control sequence at the end of the top line
of your error message was never \def'ed. If you have
misspelled it (e.g., `\hobx'), type `I' and the correct
spelling (e.g., `I\hbox'). Otherwise just continue,
and I'll forget about whatever was undefined.


./start__car_8cpp.tex:45: LaTeX Error: Command \ttfamily invalid in math mode.

See the LaTeX manual or LaTeX Companion for explanation.
Type  H <return>  for immediate help.
 ...                                              
                                                  
l.45 {\footnotesize\ttfamily
                             \label{start__car_8cpp_a0ddf1224851353fc92bfbff...
Please use the math alphabet \mathtt instead of the \ttfamily command. 


./start__car_8cpp.tex:46: LaTeX Error: Environment DoxyParamCaption undefined.

See the LaTeX manual or LaTeX Companion for explanation.
Type  H <return>  for immediate help.
 ...                                              
                                                  
l.46 int main (\begin{DoxyParamCaption}
                                       \item[{int}]{argc}{, }\item[{char \te...
Your command was ignored.
Type  I <command> <return>  to replace it with another command,
or  <return>  to continue without it.


./start__car_8cpp.tex:46: LaTeX Error: Command \item invalid in math mode.

See the LaTeX manual or LaTeX Companion for explanation.
Type  H <return>  for immediate help.
 ...                                              
                                                  
l.46 int main (\begin{DoxyParamCaption}\item
                                            [{int}]{argc}{, }\item[{char \te...
Try typing  <return>  to proceed.
If that doesn't work, type  X <return>  to quit.

./start__car_8cpp.tex:46: Missing $ inserted.
<inserted text> 
                $
l.46 ...main (\begin{DoxyParamCaption}\item[{int}]
                                                  {argc}{, }\item[{char \tex...
I've inserted a begin-math/end-math symbol since I think
you left one out. Proceed, with fingers crossed.

./start__car_8cpp.tex:46: Missing \endgroup inserted.
<inserted text> 
                \endgroup 
l.46 ...main (\begin{DoxyParamCaption}\item[{int}]
                                                  {argc}{, }\item[{char \tex...
I've inserted something that you may have forgotten.
(See the <inserted text> above.)
With luck, this will get me unwedged. But if you
really didn't forget anything, try typing `2' now; then
my insertion and my current dilemma will both disappear.

./start__car_8cpp.tex:46: Missing } inserted.
<inserted text> 
                }
l.46 ...main (\begin{DoxyParamCaption}\item[{int}]
                                                  {argc}{, }\item[{char \tex...
I've inserted something that you may have forgotten.
(See the <inserted text> above.)
With luck, this will get me unwedged. But if you
really didn't forget anything, try typing `2' now; then
my insertion and my current dilemma will both disappear.

./start__car_8cpp.tex:46: Missing } inserted.
<inserted text> 
                }
l.46 ...main (\begin{DoxyParamCaption}\item[{int}]
                                                  {argc}{, }\item[{char \tex...
I've inserted something that you may have forgotten.
(See the <inserted text> above.)
With luck, this will get me unwedged. But if you
really didn't forget anything, try typing `2' now; then
my insertion and my current dilemma will both disappear.


Overfull \hbox (522.56871pt too wide) in paragraph at lines 40--46
[]$[][][]$ 
 []


./start__car_8cpp.tex:46: LaTeX Error: Lonely \item--perhaps a missing list environment.

See the LaTeX manual or LaTeX Companion for explanation.
Type  H <return>  for immediate help.
 ...                                              
                                                  
l.46 ...main (\begin{DoxyParamCaption}\item[{int}]
                                                  {argc}{, }\item[{char \tex...
Try typing  <return>  to proceed.
If that doesn't work, type  X <return>  to quit.

Missing character: There is no a in font nullfont!
Missing character: There is no r in font nullfont!
Missing character: There is no g in font nullfont!
Missing character: There is no c in font nullfont!
Missing character: There is no , in font nullfont!

./start__car_8cpp.tex:46: LaTeX Error: Lonely \item--perhaps a missing list environment.

See the LaTeX manual or LaTeX Companion for explanation.
Type  H <return>  for immediate help.
 ...                                              
                                                  
l.46 ... }\item[{char \texorpdfstring{$\ast$}{*}}]
                                                  {argv}{\mbox{[}$\,$\mbox{]...
Try typing  <return>  to proceed.
If that doesn't work, type  X <return>  to quit.

Missing character: There is no a in font nullfont!
Missing character: There is no r in font nullfont!
Missing character: There is no g in font nullfont!
Missing character: There is no v in font nullfont!
Missing character: There is no [ in font nullfont!
Missing character: There is no ] in font nullfont!

./start__car_8cpp.tex:46: LaTeX Error: \begin{document} ended by \end{DoxyParamCaption}.

See the LaTeX manual or LaTeX Companion for explanation.
Type  H <return>  for immediate help.
 ...                                              
                                                  
l.46 ...mbox{[}$\,$\mbox{]}}\end{DoxyParamCaption}
                                                  )}
Your command was ignored.
Type  I <command> <return>  to replace it with another command,
or  <return>  to continue without it.

./start__car_8cpp.tex:46: Missing } inserted.
<inserted text> 
                }
l.46 ...mbox{[}$\,$\mbox{]}}\end{DoxyParamCaption}
                                                  )}
I've inserted something that you may have forgotten.
(See the <inserted text> above.)
With luck, this will get me unwedged. But if you
really didn't forget anything, try typing `2' now; then
my insertion and my current dilemma will both disappear.

./start__car_8cpp.tex:46: Extra \endgroup.
<recently read> \endgroup 
                          
l.46 ...mbox{[}$\,$\mbox{]}}\end{DoxyParamCaption}
                                                  )}
Things are pretty mixed up, but I think the worst is over.

Missing character: There is no ) in font nullfont!
./start__car_8cpp.tex:46: Too many }'s.
l.46 ...ox{[}$\,$\mbox{]}}\end{DoxyParamCaption})}
                                                  
You've closed more groups than you opened.
Such booboos are generally harmless, so keep going.


Overfull \hbox (1.66663pt too wide) in paragraph at lines 46--47
[]$ $[] 
 []

Missing character: There is no H in font nullfont!
Missing character: There is no e in font nullfont!
Missing character: There is no r in font nullfont!
Missing character: There is no e in font nullfont!
Missing character: There is no i in font nullfont!
Missing character: There is no s in font nullfont!
Missing character: There is no t in font nullfont!
Missing character: There is no h in font nullfont!
Missing character: There is no e in font nullfont!
Missing character: There is no c in font nullfont!
Missing character: There is no a in font nullfont!
Missing character: There is no l in font nullfont!
Missing character: There is no l in font nullfont!
Missing character: There is no g in font nullfont!
Missing character: There is no r in font nullfont!
Missing character: There is no a in font nullfont!
Missing character: There is no p in font nullfont!
Missing character: There is no h in font nullfont!
Missing character: There is no f in font nullfont!
Missing character: There is no o in font nullfont!
Missing character: There is no r in font nullfont!
Missing character: There is no t in font nullfont!
Missing character: There is no h in font nullfont!
Missing character: There is no i in font nullfont!
Missing character: There is no s in font nullfont!
Missing character: There is no f in font nullfont!
Missing character: There is no u in font nullfont!
Missing character: There is no n in font nullfont!
Missing character: There is no c in font nullfont!
Missing character: There is no t in font nullfont!
Missing character: There is no i in font nullfont!
Missing character: There is no o in font nullfont!
Missing character: There is no n in font nullfont!
./start__car_8cpp.tex:48: Undefined control sequence.
l.48 Here is the call graph for this function\+
                                               :
The control sequence at the end of the top line
of your error message was never \def'ed. If you have
misspelled it (e.g., `\hobx'), type `I' and the correct
spelling (e.g., `I\hbox'). Otherwise just continue,
and I'll forget about whatever was undefined.

Missing character: There is no : in font nullfont!

./start__car_8cpp.tex:50: LaTeX Error: Environment figure undefined.

See the LaTeX manual or LaTeX Companion for explanation.
Type  H <return>  for immediate help.
 ...                                              
                                                  
l.50 \begin{figure}
                   [H]
Your command was ignored.
Type  I <command> <return>  to replace it with another command,
or  <return>  to continue without it.

Missing character: There is no [ in font nullfont!
Missing character: There is no H in font nullfont!
Missing character: There is no ] in font nullfont!

Overfull \hbox (20.0pt too wide) in paragraph at lines 48--51
[]
 []

./start__car_8cpp.tex:53: Undefined control sequence.
l.53 \includegraphics
                     [width=228pt]{start__car_8cpp_a0ddf1224851353fc92bfbff6...
The control sequence at the end of the top line
of your error message was never \def'ed. If you have
misspelled it (e.g., `\hobx'), type `I' and the correct
spelling (e.g., `I\hbox'). Otherwise just continue,
and I'll forget about whatever was undefined.

Missing character: There is no [ in font nullfont!
Missing character: There is no w in font nullfont!
Missing character: There is no i in font nullfont!
Missing character: There is no d in font nullfont!
Missing character: There is no t in font nullfont!
Missing character: There is no h in font nullfont!
Missing character: There is no = in font nullfont!
Missing character: There is no 2 in font nullfont!
Missing character: There is no 2 in font nullfont!
Missing character: There is no 8 in font nullfont!
Missing character: There is no p in font nullfont!
Missing character: There is no t in font nullfont!
Missing character: There is no ] in font nullfont!
Missing character: There is no s in font nullfont!
Missing character: There is no t in font nullfont!
Missing character: There is no a in font nullfont!
Missing character: There is no r in font nullfont!
Missing character: There is no t in font nullfont!
./start__car_8cpp.tex:53: Missing $ inserted.
<inserted text> 
                $
l.53 \includegraphics[width=228pt]{start_
                                         _car_8cpp_a0ddf1224851353fc92bfbff6...
I've inserted a begin-math/end-math symbol since I think
you left one out. Proceed, with fingers crossed.

./start__car_8cpp.tex:53: Missing { inserted.
<to be read again> 
                   _
l.53 \includegraphics[width=228pt]{start__
                                          car_8cpp_a0ddf1224851353fc92bfbff6...
A left brace was mandatory here, so I've put one in.
You might want to delete and/or insert some corrections
so that I will find a matching right brace soon.
(If you're confused by all this, try typing `I}' now.)


./start__car_8cpp.tex:54: LaTeX Error: Command \end{center} invalid in math mode.

See the LaTeX manual or LaTeX Companion for explanation.
Type  H <return>  for immediate help.
 ...                                              
                                                  
l.54 \end{center}
                 
Try typing  <return>  to proceed.
If that doesn't work, type  X <return>  to quit.

./start__car_8cpp.tex:54: Missing $ inserted.
<inserted text> 
                $
l.54 \end{center}
                 
I've inserted a begin-math/end-math symbol since I think
you left one out. Proceed, with fingers crossed.


Overfull \hbox (187.86458pt too wide) in paragraph at lines 52--54
 [] 
 []

./start__car_8cpp.tex:54: Missing } inserted.
<inserted text> 
                }
l.54 \end{center}
                 
I've inserted something that you may have forgotten.
(See the <inserted text> above.)
With luck, this will get me unwedged. But if you
really didn't forget anything, try typing `2' now; then
my insertion and my current dilemma will both disappear.


./start__car_8cpp.tex:55: LaTeX Error: \begin{document} ended by \end{figure}.

See the LaTeX manual or LaTeX Companion for explanation.
Type  H <return>  for immediate help.
 ...                                              
                                                  
l.55 \end{figure}
                 
Your command was ignored.
Type  I <command> <return>  to replace it with another command,
or  <return>  to continue without it.

)
! Emergency stop.
<*> start__car_8cpp.tex
                       
*** (job aborted, no legal \end found)

 
Here is how much of TeX's memory you used:
 36 strings out of 469269
 816 string characters out of 5467112
 433984 words of memory out of 5000000
 28567 multiletter control sequences out of 15000+600000
 626993 words of font info for 41 fonts, out of 8000000 for 9000
 319 hyphenation exceptions out of 8191
 22i,5n,23p,213b,88s stack positions out of 10000i,1000n,20000p,200000b,200000s
!  ==> Fatal error occurred, no output PDF file produced!
