This is pdfTeX, Version 3.141592653-2.6-1.40.28 (TeX Live 2025) (preloaded format=pdflatex 2025.9.24)  27 SEP 2025 18:54
entering extended mode
 \write18 enabled.
 file:line:error style messages enabled.
 %&-line parsing enabled.
**start__car__dual__nic_8cpp.tex
(./start__car__dual__nic_8cpp.tex
LaTeX2e <2025-06-01> patch level 1
L3 programming layer <2025-09-02>
./start__car__dual__nic_8cpp.tex:1: Undefined control sequence.
l.1 \doxysection
                {source/start\+\_\+car\+\_\+dual\+\_\+nic.cpp File Reference}
The control sequence at the end of the top line
of your error message was never \def'ed. If you have
misspelled it (e.g., `\hobx'), type `I' and the correct
spelling (e.g., `I\hbox'). Otherwise just continue,
and I'll forget about whatever was undefined.


./start__car__dual__nic_8cpp.tex:1: LaTeX Error: Missing \begin{document}.

See the LaTeX manual or LaTeX Companion for explanation.
Type  H <return>  for immediate help.
 ...                                              
                                                  
l.1 \doxysection{s
                  ource/start\+\_\+car\+\_\+dual\+\_\+nic.cpp File Reference}
You're in trouble here.  Try typing  <return>  to proceed.
If that doesn't work, type  X <return>  to quit.

Missing character: There is no s in font nullfont!
Missing character: There is no o in font nullfont!
Missing character: There is no u in font nullfont!
Missing character: There is no r in font nullfont!
Missing character: There is no c in font nullfont!
Missing character: There is no e in font nullfont!
Missing character: There is no / in font nullfont!
Missing character: There is no s in font nullfont!
Missing character: There is no t in font nullfont!
Missing character: There is no a in font nullfont!
Missing character: There is no r in font nullfont!
Missing character: There is no t in font nullfont!
./start__car__dual__nic_8cpp.tex:1: Undefined control sequence.
l.1 \doxysection{source/start\+
                               \_\+car\+\_\+dual\+\_\+nic.cpp File Reference}
The control sequence at the end of the top line
of your error message was never \def'ed. If you have
misspelled it (e.g., `\hobx'), type `I' and the correct
spelling (e.g., `I\hbox'). Otherwise just continue,
and I'll forget about whatever was undefined.

./start__car__dual__nic_8cpp.tex:1: Undefined control sequence.
l.1 \doxysection{source/start\+\_\+
                                   car\+\_\+dual\+\_\+nic.cpp File Reference}
The control sequence at the end of the top line
of your error message was never \def'ed. If you have
misspelled it (e.g., `\hobx'), type `I' and the correct
spelling (e.g., `I\hbox'). Otherwise just continue,
and I'll forget about whatever was undefined.

Missing character: There is no c in font nullfont!
Missing character: There is no a in font nullfont!
Missing character: There is no r in font nullfont!
./start__car__dual__nic_8cpp.tex:1: Undefined control sequence.
l.1 \doxysection{source/start\+\_\+car\+
                                        \_\+dual\+\_\+nic.cpp File Reference}
The control sequence at the end of the top line
of your error message was never \def'ed. If you have
misspelled it (e.g., `\hobx'), type `I' and the correct
spelling (e.g., `I\hbox'). Otherwise just continue,
and I'll forget about whatever was undefined.

./start__car__dual__nic_8cpp.tex:1: Undefined control sequence.
l.1 \doxysection{source/start\+\_\+car\+\_\+
                                            dual\+\_\+nic.cpp File Reference}
The control sequence at the end of the top line
of your error message was never \def'ed. If you have
misspelled it (e.g., `\hobx'), type `I' and the correct
spelling (e.g., `I\hbox'). Otherwise just continue,
and I'll forget about whatever was undefined.

Missing character: There is no d in font nullfont!
Missing character: There is no u in font nullfont!
Missing character: There is no a in font nullfont!
Missing character: There is no l in font nullfont!
./start__car__dual__nic_8cpp.tex:1: Undefined control sequence.
l.1 \doxysection{source/start\+\_\+car\+\_\+dual\+
                                                  \_\+nic.cpp File Reference}
The control sequence at the end of the top line
of your error message was never \def'ed. If you have
misspelled it (e.g., `\hobx'), type `I' and the correct
spelling (e.g., `I\hbox'). Otherwise just continue,
and I'll forget about whatever was undefined.

./start__car__dual__nic_8cpp.tex:1: Undefined control sequence.
l.1 ...ction{source/start\+\_\+car\+\_\+dual\+\_\+
                                                  nic.cpp File Reference}
The control sequence at the end of the top line
of your error message was never \def'ed. If you have
misspelled it (e.g., `\hobx'), type `I' and the correct
spelling (e.g., `I\hbox'). Otherwise just continue,
and I'll forget about whatever was undefined.

Missing character: There is no n in font nullfont!
Missing character: There is no i in font nullfont!
Missing character: There is no c in font nullfont!
Missing character: There is no . in font nullfont!
Missing character: There is no c in font nullfont!
Missing character: There is no p in font nullfont!
Missing character: There is no p in font nullfont!
Missing character: There is no F in font nullfont!
Missing character: There is no i in font nullfont!
Missing character: There is no l in font nullfont!
Missing character: There is no e in font nullfont!
Missing character: There is no R in font nullfont!
Missing character: There is no e in font nullfont!
Missing character: There is no f in font nullfont!
Missing character: There is no e in font nullfont!
Missing character: There is no r in font nullfont!
Missing character: There is no e in font nullfont!
Missing character: There is no n in font nullfont!
Missing character: There is no c in font nullfont!
Missing character: There is no e in font nullfont!
./start__car__dual__nic_8cpp.tex:2: Undefined control sequence.
l.2 \hypertarget
                {start__car__dual__nic_8cpp}{}\label{start__car__dual__nic_8...
The control sequence at the end of the top line
of your error message was never \def'ed. If you have
misspelled it (e.g., `\hobx'), type `I' and the correct
spelling (e.g., `I\hbox'). Otherwise just continue,
and I'll forget about whatever was undefined.

Missing character: There is no s in font nullfont!
Missing character: There is no t in font nullfont!
Missing character: There is no a in font nullfont!
Missing character: There is no r in font nullfont!
Missing character: There is no t in font nullfont!
./start__car__dual__nic_8cpp.tex:2: Missing $ inserted.
<inserted text> 
                $
l.2 \hypertarget{start_
                       _car__dual__nic_8cpp}{}\label{start__car__dual__nic_8...
I've inserted a begin-math/end-math symbol since I think
you left one out. Proceed, with fingers crossed.

LaTeX Font Info:    External font `cmex10' loaded for size
(Font)              <7> on input line 2.
LaTeX Font Info:    External font `cmex10' loaded for size
(Font)              <5> on input line 2.
./start__car__dual__nic_8cpp.tex:2: Missing { inserted.
<to be read again> 
                   _
l.2 \hypertarget{start__
                        car__dual__nic_8cpp}{}\label{start__car__dual__nic_8...
A left brace was mandatory here, so I've put one in.
You might want to delete and/or insert some corrections
so that I will find a matching right brace soon.
(If you're confused by all this, try typing `I}' now.)

./start__car__dual__nic_8cpp.tex:2: Missing { inserted.
<to be read again> 
                   _
l.2 \hypertarget{start__car__
                             dual__nic_8cpp}{}\label{start__car__dual__nic_8...
A left brace was mandatory here, so I've put one in.
You might want to delete and/or insert some corrections
so that I will find a matching right brace soon.
(If you're confused by all this, try typing `I}' now.)

./start__car__dual__nic_8cpp.tex:2: Missing { inserted.
<to be read again> 
                   _
l.2 \hypertarget{start__car__dual__
                                   nic_8cpp}{}\label{start__car__dual__nic_8...
A left brace was mandatory here, so I've put one in.
You might want to delete and/or insert some corrections
so that I will find a matching right brace soon.
(If you're confused by all this, try typing `I}' now.)

)
! Emergency stop.
<*> start__car__dual__nic_8cpp.tex
                                  
*** (job aborted, no legal \end found)

 
Here is how much of TeX's memory you used:
 17 strings out of 469269
 463 string characters out of 5467112
 430984 words of memory out of 5000000
 28549 multiletter control sequences out of 15000+600000
 626825 words of font info for 40 fonts, out of 8000000 for 9000
 319 hyphenation exceptions out of 8191
 18i,4n,19p,211b,61s stack positions out of 10000i,1000n,20000p,200000b,200000s
!  ==> Fatal error occurred, no output PDF file produced!
