This is pdfTeX, Version 3.141592653-2.6-1.40.28 (TeX Live 2025) (preloaded format=pdflatex 2025.9.24)  27 SEP 2025 18:54
entering extended mode
 \write18 enabled.
 file:line:error style messages enabled.
 %&-line parsing enabled.
**statistics_8hpp_source.tex
(./statistics_8hpp_source.tex
LaTeX2e <2025-06-01> patch level 1
L3 programming layer <2025-09-02>
./statistics_8hpp_source.tex:1: Undefined control sequence.
l.1 \doxysection
                {statistics.\+hpp}
The control sequence at the end of the top line
of your error message was never \def'ed. If you have
misspelled it (e.g., `\hobx'), type `I' and the correct
spelling (e.g., `I\hbox'). Otherwise just continue,
and I'll forget about whatever was undefined.


./statistics_8hpp_source.tex:1: LaTeX Error: Missing \begin{document}.

See the LaTeX manual or LaTeX Companion for explanation.
Type  H <return>  for immediate help.
 ...                                              
                                                  
l.1 \doxysection{s
                  tatistics.\+hpp}
You're in trouble here.  Try typing  <return>  to proceed.
If that doesn't work, type  X <return>  to quit.

Missing character: There is no s in font nullfont!
Missing character: There is no t in font nullfont!
Missing character: There is no a in font nullfont!
Missing character: There is no t in font nullfont!
Missing character: There is no i in font nullfont!
Missing character: There is no s in font nullfont!
Missing character: There is no t in font nullfont!
Missing character: There is no i in font nullfont!
Missing character: There is no c in font nullfont!
Missing character: There is no s in font nullfont!
Missing character: There is no . in font nullfont!
./statistics_8hpp_source.tex:1: Undefined control sequence.
l.1 \doxysection{statistics.\+
                              hpp}
The control sequence at the end of the top line
of your error message was never \def'ed. If you have
misspelled it (e.g., `\hobx'), type `I' and the correct
spelling (e.g., `I\hbox'). Otherwise just continue,
and I'll forget about whatever was undefined.

Missing character: There is no h in font nullfont!
Missing character: There is no p in font nullfont!
Missing character: There is no p in font nullfont!
./statistics_8hpp_source.tex:2: Undefined control sequence.
l.2 \hypertarget
                {statistics_8hpp_source}{}\label{statistics_8hpp_source}\ind...
The control sequence at the end of the top line
of your error message was never \def'ed. If you have
misspelled it (e.g., `\hobx'), type `I' and the correct
spelling (e.g., `I\hbox'). Otherwise just continue,
and I'll forget about whatever was undefined.

Missing character: There is no s in font nullfont!
Missing character: There is no t in font nullfont!
Missing character: There is no a in font nullfont!
Missing character: There is no t in font nullfont!
Missing character: There is no i in font nullfont!
Missing character: There is no s in font nullfont!
Missing character: There is no t in font nullfont!
Missing character: There is no i in font nullfont!
Missing character: There is no c in font nullfont!
Missing character: There is no s in font nullfont!
./statistics_8hpp_source.tex:2: Missing $ inserted.
<inserted text> 
                $
l.2 \hypertarget{statistics_
                            8hpp_source}{}\label{statistics_8hpp_source}\ind...
I've inserted a begin-math/end-math symbol since I think
you left one out. Proceed, with fingers crossed.

LaTeX Font Info:    External font `cmex10' loaded for size
(Font)              <7> on input line 2.
LaTeX Font Info:    External font `cmex10' loaded for size
(Font)              <5> on input line 2.
./statistics_8hpp_source.tex:2: Extra }, or forgotten $.
l.2 \hypertarget{statistics_8hpp_source}
                                        {}\label{statistics_8hpp_source}\ind...
I've deleted a group-closing symbol because it seems to be
spurious, as in `$x}$'. But perhaps the } is legitimate and
you forgot something else, as in `\hbox{$x}'. In such cases
the way to recover is to insert both the forgotten and the
deleted material, e.g., by typing `I$}'.

./statistics_8hpp_source.tex:3: Undefined control sequence.
<argument> \hyperlink 
                      {statistics_8hpp}{Go to the documentation of this file.}
l.3 ...pp}{Go to the documentation of this file.}}
                                                  
The control sequence at the end of the top line
of your error message was never \def'ed. If you have
misspelled it (e.g., `\hobx'), type `I' and the correct
spelling (e.g., `I\hbox'). Otherwise just continue,
and I'll forget about whatever was undefined.

Missing character: There is no s in font nullfont!
Missing character: There is no t in font nullfont!
Missing character: There is no a in font nullfont!
Missing character: There is no t in font nullfont!
Missing character: There is no i in font nullfont!
Missing character: There is no s in font nullfont!
Missing character: There is no t in font nullfont!
Missing character: There is no i in font nullfont!
Missing character: There is no c in font nullfont!
Missing character: There is no s in font nullfont!
./statistics_8hpp_source.tex:3: Missing $ inserted.
<inserted text> 
                $
l.3 ...pp}{Go to the documentation of this file.}}
                                                  
I've inserted a begin-math/end-math symbol since I think
you left one out. Proceed, with fingers crossed.

./statistics_8hpp_source.tex:3: Extra }, or forgotten $.
<argument> \hyperlink {statistics_8hpp}
                                       {Go to the documentation of this file.}
l.3 ...pp}{Go to the documentation of this file.}}
                                                  
I've deleted a group-closing symbol because it seems to be
spurious, as in `$x}$'. But perhaps the } is legitimate and
you forgot something else, as in `\hbox{$x}'. In such cases
the way to recover is to insert both the forgotten and the
deleted material, e.g., by typing `I$}'.

./statistics_8hpp_source.tex:3: Extra }, or forgotten $.
\mbox  #1->\leavevmode \hbox {#1}
                                 
l.3 ...pp}{Go to the documentation of this file.}}
                                                  
I've deleted a group-closing symbol because it seems to be
spurious, as in `$x}$'. But perhaps the } is legitimate and
you forgot something else, as in `\hbox{$x}'. In such cases
the way to recover is to insert both the forgotten and the
deleted material, e.g., by typing `I$}'.


./statistics_8hpp_source.tex:4: LaTeX Error: Environment DoxyCode undefined.

See the LaTeX manual or LaTeX Companion for explanation.
Type  H <return>  for immediate help.
 ...                                              
                                                  
l.4 \begin{DoxyCode}
                    {0}
Your command was ignored.
Type  I <command> <return>  to replace it with another command,
or  <return>  to continue without it.

./statistics_8hpp_source.tex:5: Undefined control sequence.
l.5 \DoxyCodeLine
                 {00001\ \textcolor{preprocessor}{\#ifndef\ STATISTICS\_HPP}}
The control sequence at the end of the top line
of your error message was never \def'ed. If you have
misspelled it (e.g., `\hobx'), type `I' and the correct
spelling (e.g., `I\hbox'). Otherwise just continue,
and I'll forget about whatever was undefined.

./statistics_8hpp_source.tex:5: Undefined control sequence.
l.5 \DoxyCodeLine{00001\ \textcolor
                                   {preprocessor}{\#ifndef\ STATISTICS\_HPP}}
The control sequence at the end of the top line
of your error message was never \def'ed. If you have
misspelled it (e.g., `\hobx'), type `I' and the correct
spelling (e.g., `I\hbox'). Otherwise just continue,
and I'll forget about whatever was undefined.

./statistics_8hpp_source.tex:6: Undefined control sequence.
l.6 \DoxyCodeLine
                 {00002\ \textcolor{preprocessor}{\#define\ STATISTICS\_HPP}}
The control sequence at the end of the top line
of your error message was never \def'ed. If you have
misspelled it (e.g., `\hobx'), type `I' and the correct
spelling (e.g., `I\hbox'). Otherwise just continue,
and I'll forget about whatever was undefined.

./statistics_8hpp_source.tex:6: Undefined control sequence.
l.6 \DoxyCodeLine{00002\ \textcolor
                                   {preprocessor}{\#define\ STATISTICS\_HPP}}
The control sequence at the end of the top line
of your error message was never \def'ed. If you have
misspelled it (e.g., `\hobx'), type `I' and the correct
spelling (e.g., `I\hbox'). Otherwise just continue,
and I'll forget about whatever was undefined.

./statistics_8hpp_source.tex:7: Undefined control sequence.
l.7 \DoxyCodeLine
                 {00003\ }
The control sequence at the end of the top line
of your error message was never \def'ed. If you have
misspelled it (e.g., `\hobx'), type `I' and the correct
spelling (e.g., `I\hbox'). Otherwise just continue,
and I'll forget about whatever was undefined.

./statistics_8hpp_source.tex:8: Undefined control sequence.
l.8 \DoxyCodeLine
                 {00004\ \textcolor{preprocessor}{\#include\ <atomic>}}
The control sequence at the end of the top line
of your error message was never \def'ed. If you have
misspelled it (e.g., `\hobx'), type `I' and the correct
spelling (e.g., `I\hbox'). Otherwise just continue,
and I'll forget about whatever was undefined.

./statistics_8hpp_source.tex:8: Undefined control sequence.
l.8 \DoxyCodeLine{00004\ \textcolor
                                   {preprocessor}{\#include\ <atomic>}}
The control sequence at the end of the top line
of your error message was never \def'ed. If you have
misspelled it (e.g., `\hobx'), type `I' and the correct
spelling (e.g., `I\hbox'). Otherwise just continue,
and I'll forget about whatever was undefined.

./statistics_8hpp_source.tex:9: Undefined control sequence.
l.9 \DoxyCodeLine
                 {00005\ }
The control sequence at the end of the top line
of your error message was never \def'ed. If you have
misspelled it (e.g., `\hobx'), type `I' and the correct
spelling (e.g., `I\hbox'). Otherwise just continue,
and I'll forget about whatever was undefined.

./statistics_8hpp_source.tex:10: Undefined control sequence.
l.10 \DoxyCodeLine
                  {00006\ \textcolor{keyword}{class\ }\mbox{\hyperlink{class...
The control sequence at the end of the top line
of your error message was never \def'ed. If you have
misspelled it (e.g., `\hobx'), type `I' and the correct
spelling (e.g., `I\hbox'). Otherwise just continue,
and I'll forget about whatever was undefined.

./statistics_8hpp_source.tex:10: Undefined control sequence.
l.10 \DoxyCodeLine{00006\ \textcolor
                                    {keyword}{class\ }\mbox{\hyperlink{class...
The control sequence at the end of the top line
of your error message was never \def'ed. If you have
misspelled it (e.g., `\hobx'), type `I' and the correct
spelling (e.g., `I\hbox'). Otherwise just continue,
and I'll forget about whatever was undefined.

./statistics_8hpp_source.tex:10: Undefined control sequence.
<argument> \hyperlink 
                      {class_statistics_a60ddd90a571ed4c3ce8c0f6317a36d63}{S...
l.10 ...d90a571ed4c3ce8c0f6317a36d63}{Statistics}}
                                                  }
The control sequence at the end of the top line
of your error message was never \def'ed. If you have
misspelled it (e.g., `\hobx'), type `I' and the correct
spelling (e.g., `I\hbox'). Otherwise just continue,
and I'll forget about whatever was undefined.

Missing character: There is no c in font nullfont!
Missing character: There is no l in font nullfont!
Missing character: There is no a in font nullfont!
Missing character: There is no s in font nullfont!
Missing character: There is no s in font nullfont!
./statistics_8hpp_source.tex:10: Missing $ inserted.
<inserted text> 
                $
l.10 ...d90a571ed4c3ce8c0f6317a36d63}{Statistics}}
                                                  }
I've inserted a begin-math/end-math symbol since I think
you left one out. Proceed, with fingers crossed.

./statistics_8hpp_source.tex:10: Extra }, or forgotten $.
<argument> ...s_a60ddd90a571ed4c3ce8c0f6317a36d63}
                                                  {Statistics}
l.10 ...d90a571ed4c3ce8c0f6317a36d63}{Statistics}}
                                                  }
I've deleted a group-closing symbol because it seems to be
spurious, as in `$x}$'. But perhaps the } is legitimate and
you forgot something else, as in `\hbox{$x}'. In such cases
the way to recover is to insert both the forgotten and the
deleted material, e.g., by typing `I$}'.

./statistics_8hpp_source.tex:10: Extra }, or forgotten $.
\mbox  #1->\leavevmode \hbox {#1}
                                 
l.10 ...d90a571ed4c3ce8c0f6317a36d63}{Statistics}}
                                                  }
I've deleted a group-closing symbol because it seems to be
spurious, as in `$x}$'. But perhaps the } is legitimate and
you forgot something else, as in `\hbox{$x}'. In such cases
the way to recover is to insert both the forgotten and the
deleted material, e.g., by typing `I$}'.

./statistics_8hpp_source.tex:10: Extra }, or forgotten $.
l.10 ...90a571ed4c3ce8c0f6317a36d63}{Statistics}}}
                                                  
I've deleted a group-closing symbol because it seems to be
spurious, as in `$x}$'. But perhaps the } is legitimate and
you forgot something else, as in `\hbox{$x}'. In such cases
the way to recover is to insert both the forgotten and the
deleted material, e.g., by typing `I$}'.

./statistics_8hpp_source.tex:11: Undefined control sequence.
l.11 \DoxyCodeLine
                  {00007\ \{}
The control sequence at the end of the top line
of your error message was never \def'ed. If you have
misspelled it (e.g., `\hobx'), type `I' and the correct
spelling (e.g., `I\hbox'). Otherwise just continue,
and I'll forget about whatever was undefined.

./statistics_8hpp_source.tex:12: Undefined control sequence.
l.12 \DoxyCodeLine
                  {00008\ \textcolor{keyword}{public}:}
The control sequence at the end of the top line
of your error message was never \def'ed. If you have
misspelled it (e.g., `\hobx'), type `I' and the correct
spelling (e.g., `I\hbox'). Otherwise just continue,
and I'll forget about whatever was undefined.

./statistics_8hpp_source.tex:12: Undefined control sequence.
l.12 \DoxyCodeLine{00008\ \textcolor
                                    {keyword}{public}:}
The control sequence at the end of the top line
of your error message was never \def'ed. If you have
misspelled it (e.g., `\hobx'), type `I' and the correct
spelling (e.g., `I\hbox'). Otherwise just continue,
and I'll forget about whatever was undefined.

./statistics_8hpp_source.tex:13: Undefined control sequence.
l.13 \DoxyCodeLine
                  {00009\ \ \ \ \ \mbox{\hyperlink{class_statistics_a60ddd90...
The control sequence at the end of the top line
of your error message was never \def'ed. If you have
misspelled it (e.g., `\hobx'), type `I' and the correct
spelling (e.g., `I\hbox'). Otherwise just continue,
and I'll forget about whatever was undefined.

./statistics_8hpp_source.tex:13: Undefined control sequence.
<argument> \hyperlink 
                      {class_statistics_a60ddd90a571ed4c3ce8c0f6317a36d63}{S...
l.13 ...d90a571ed4c3ce8c0f6317a36d63}{Statistics}}
                                                  ()\ :}
The control sequence at the end of the top line
of your error message was never \def'ed. If you have
misspelled it (e.g., `\hobx'), type `I' and the correct
spelling (e.g., `I\hbox'). Otherwise just continue,
and I'll forget about whatever was undefined.

Missing character: There is no c in font nullfont!
Missing character: There is no l in font nullfont!
Missing character: There is no a in font nullfont!
Missing character: There is no s in font nullfont!
Missing character: There is no s in font nullfont!
./statistics_8hpp_source.tex:13: Missing $ inserted.
<inserted text> 
                $
l.13 ...d90a571ed4c3ce8c0f6317a36d63}{Statistics}}
                                                  ()\ :}
I've inserted a begin-math/end-math symbol since I think
you left one out. Proceed, with fingers crossed.

./statistics_8hpp_source.tex:13: Extra }, or forgotten $.
<argument> ...s_a60ddd90a571ed4c3ce8c0f6317a36d63}
                                                  {Statistics}
l.13 ...d90a571ed4c3ce8c0f6317a36d63}{Statistics}}
                                                  ()\ :}
I've deleted a group-closing symbol because it seems to be
spurious, as in `$x}$'. But perhaps the } is legitimate and
you forgot something else, as in `\hbox{$x}'. In such cases
the way to recover is to insert both the forgotten and the
deleted material, e.g., by typing `I$}'.

./statistics_8hpp_source.tex:13: Extra }, or forgotten $.
\mbox  #1->\leavevmode \hbox {#1}
                                 
l.13 ...d90a571ed4c3ce8c0f6317a36d63}{Statistics}}
                                                  ()\ :}
I've deleted a group-closing symbol because it seems to be
spurious, as in `$x}$'. But perhaps the } is legitimate and
you forgot something else, as in `\hbox{$x}'. In such cases
the way to recover is to insert both the forgotten and the
deleted material, e.g., by typing `I$}'.

./statistics_8hpp_source.tex:13: Extra }, or forgotten $.
l.13 ...1ed4c3ce8c0f6317a36d63}{Statistics}}()\ :}
                                                  
I've deleted a group-closing symbol because it seems to be
spurious, as in `$x}$'. But perhaps the } is legitimate and
you forgot something else, as in `\hbox{$x}'. In such cases
the way to recover is to insert both the forgotten and the
deleted material, e.g., by typing `I$}'.

./statistics_8hpp_source.tex:14: Undefined control sequence.
l.14 \DoxyCodeLine
                  {00010\ \ \ \ \ \ \ \ \ \mbox{\hyperlink{class_statistics_...
The control sequence at the end of the top line
of your error message was never \def'ed. If you have
misspelled it (e.g., `\hobx'), type `I' and the correct
spelling (e.g., `I\hbox'). Otherwise just continue,
and I'll forget about whatever was undefined.

./statistics_8hpp_source.tex:14: Undefined control sequence.
<argument> \hyperlink 
                      {class_statistics_a3271f5218b0e96249e8827532d67d7d5}{t...
l.14 ...5218b0e96249e8827532d67d7d5}{tx\_packets}}
                                                  (0),}
The control sequence at the end of the top line
of your error message was never \def'ed. If you have
misspelled it (e.g., `\hobx'), type `I' and the correct
spelling (e.g., `I\hbox'). Otherwise just continue,
and I'll forget about whatever was undefined.

Missing character: There is no c in font nullfont!
Missing character: There is no l in font nullfont!
Missing character: There is no a in font nullfont!
Missing character: There is no s in font nullfont!
Missing character: There is no s in font nullfont!
./statistics_8hpp_source.tex:14: Missing $ inserted.
<inserted text> 
                $
l.14 ...5218b0e96249e8827532d67d7d5}{tx\_packets}}
                                                  (0),}
I've inserted a begin-math/end-math symbol since I think
you left one out. Proceed, with fingers crossed.

./statistics_8hpp_source.tex:14: Extra }, or forgotten $.
<argument> ...s_a3271f5218b0e96249e8827532d67d7d5}
                                                  {tx\_packets}
l.14 ...5218b0e96249e8827532d67d7d5}{tx\_packets}}
                                                  (0),}
I've deleted a group-closing symbol because it seems to be
spurious, as in `$x}$'. But perhaps the } is legitimate and
you forgot something else, as in `\hbox{$x}'. In such cases
the way to recover is to insert both the forgotten and the
deleted material, e.g., by typing `I$}'.

./statistics_8hpp_source.tex:14: Extra }, or forgotten $.
\mbox  #1->\leavevmode \hbox {#1}
                                 
l.14 ...5218b0e96249e8827532d67d7d5}{tx\_packets}}
                                                  (0),}
I've deleted a group-closing symbol because it seems to be
spurious, as in `$x}$'. But perhaps the } is legitimate and
you forgot something else, as in `\hbox{$x}'. In such cases
the way to recover is to insert both the forgotten and the
deleted material, e.g., by typing `I$}'.

./statistics_8hpp_source.tex:14: Extra }, or forgotten $.
l.14 ...0e96249e8827532d67d7d5}{tx\_packets}}(0),}
                                                  
I've deleted a group-closing symbol because it seems to be
spurious, as in `$x}$'. But perhaps the } is legitimate and
you forgot something else, as in `\hbox{$x}'. In such cases
the way to recover is to insert both the forgotten and the
deleted material, e.g., by typing `I$}'.

./statistics_8hpp_source.tex:15: Undefined control sequence.
l.15 \DoxyCodeLine
                  {00011\ \ \ \ \ \ \ \ \ \mbox{\hyperlink{class_statistics_...
The control sequence at the end of the top line
of your error message was never \def'ed. If you have
misspelled it (e.g., `\hobx'), type `I' and the correct
spelling (e.g., `I\hbox'). Otherwise just continue,
and I'll forget about whatever was undefined.

./statistics_8hpp_source.tex:15: Undefined control sequence.
<argument> \hyperlink 
                      {class_statistics_afa1de00774da9efb3f8fdce3cc73ff48}{t...
l.15 ...de00774da9efb3f8fdce3cc73ff48}{tx\_bytes}}
                                                  (0),}
The control sequence at the end of the top line
of your error message was never \def'ed. If you have
misspelled it (e.g., `\hobx'), type `I' and the correct
spelling (e.g., `I\hbox'). Otherwise just continue,
and I'll forget about whatever was undefined.

Missing character: There is no c in font nullfont!
Missing character: There is no l in font nullfont!
Missing character: There is no a in font nullfont!
Missing character: There is no s in font nullfont!
Missing character: There is no s in font nullfont!
./statistics_8hpp_source.tex:15: Missing $ inserted.
<inserted text> 
                $
l.15 ...de00774da9efb3f8fdce3cc73ff48}{tx\_bytes}}
                                                  (0),}
I've inserted a begin-math/end-math symbol since I think
you left one out. Proceed, with fingers crossed.

./statistics_8hpp_source.tex:15: Extra }, or forgotten $.
<argument> ...s_afa1de00774da9efb3f8fdce3cc73ff48}
                                                  {tx\_bytes}
l.15 ...de00774da9efb3f8fdce3cc73ff48}{tx\_bytes}}
                                                  (0),}
I've deleted a group-closing symbol because it seems to be
spurious, as in `$x}$'. But perhaps the } is legitimate and
you forgot something else, as in `\hbox{$x}'. In such cases
the way to recover is to insert both the forgotten and the
deleted material, e.g., by typing `I$}'.

./statistics_8hpp_source.tex:15: Extra }, or forgotten $.
\mbox  #1->\leavevmode \hbox {#1}
                                 
l.15 ...de00774da9efb3f8fdce3cc73ff48}{tx\_bytes}}
                                                  (0),}
I've deleted a group-closing symbol because it seems to be
spurious, as in `$x}$'. But perhaps the } is legitimate and
you forgot something else, as in `\hbox{$x}'. In such cases
the way to recover is to insert both the forgotten and the
deleted material, e.g., by typing `I$}'.

./statistics_8hpp_source.tex:15: Extra }, or forgotten $.
l.15 ...74da9efb3f8fdce3cc73ff48}{tx\_bytes}}(0),}
                                                  
I've deleted a group-closing symbol because it seems to be
spurious, as in `$x}$'. But perhaps the } is legitimate and
you forgot something else, as in `\hbox{$x}'. In such cases
the way to recover is to insert both the forgotten and the
deleted material, e.g., by typing `I$}'.

./statistics_8hpp_source.tex:16: Undefined control sequence.
l.16 \DoxyCodeLine
                  {00012\ \ \ \ \ \ \ \ \ \mbox{\hyperlink{class_statistics_...
The control sequence at the end of the top line
of your error message was never \def'ed. If you have
misspelled it (e.g., `\hobx'), type `I' and the correct
spelling (e.g., `I\hbox'). Otherwise just continue,
and I'll forget about whatever was undefined.

./statistics_8hpp_source.tex:16: Undefined control sequence.
<argument> \hyperlink 
                      {class_statistics_a39b6d295a3054fd1615b24a782f8b57e}{r...
l.16 ...295a3054fd1615b24a782f8b57e}{rx\_packets}}
                                                  (0),}
The control sequence at the end of the top line
of your error message was never \def'ed. If you have
misspelled it (e.g., `\hobx'), type `I' and the correct
spelling (e.g., `I\hbox'). Otherwise just continue,
and I'll forget about whatever was undefined.

Missing character: There is no c in font nullfont!
Missing character: There is no l in font nullfont!
Missing character: There is no a in font nullfont!
Missing character: There is no s in font nullfont!
Missing character: There is no s in font nullfont!
./statistics_8hpp_source.tex:16: Missing $ inserted.
<inserted text> 
                $
l.16 ...295a3054fd1615b24a782f8b57e}{rx\_packets}}
                                                  (0),}
I've inserted a begin-math/end-math symbol since I think
you left one out. Proceed, with fingers crossed.

./statistics_8hpp_source.tex:16: Extra }, or forgotten $.
<argument> ...s_a39b6d295a3054fd1615b24a782f8b57e}
                                                  {rx\_packets}
l.16 ...295a3054fd1615b24a782f8b57e}{rx\_packets}}
                                                  (0),}
I've deleted a group-closing symbol because it seems to be
spurious, as in `$x}$'. But perhaps the } is legitimate and
you forgot something else, as in `\hbox{$x}'. In such cases
the way to recover is to insert both the forgotten and the
deleted material, e.g., by typing `I$}'.

./statistics_8hpp_source.tex:16: Extra }, or forgotten $.
\mbox  #1->\leavevmode \hbox {#1}
                                 
l.16 ...295a3054fd1615b24a782f8b57e}{rx\_packets}}
                                                  (0),}
I've deleted a group-closing symbol because it seems to be
spurious, as in `$x}$'. But perhaps the } is legitimate and
you forgot something else, as in `\hbox{$x}'. In such cases
the way to recover is to insert both the forgotten and the
deleted material, e.g., by typing `I$}'.

./statistics_8hpp_source.tex:16: Extra }, or forgotten $.
l.16 ...054fd1615b24a782f8b57e}{rx\_packets}}(0),}
                                                  
I've deleted a group-closing symbol because it seems to be
spurious, as in `$x}$'. But perhaps the } is legitimate and
you forgot something else, as in `\hbox{$x}'. In such cases
the way to recover is to insert both the forgotten and the
deleted material, e.g., by typing `I$}'.

./statistics_8hpp_source.tex:17: Undefined control sequence.
l.17 \DoxyCodeLine
                  {00013\ \ \ \ \ \ \ \ \ \mbox{\hyperlink{class_statistics_...
The control sequence at the end of the top line
of your error message was never \def'ed. If you have
misspelled it (e.g., `\hobx'), type `I' and the correct
spelling (e.g., `I\hbox'). Otherwise just continue,
and I'll forget about whatever was undefined.

./statistics_8hpp_source.tex:17: Undefined control sequence.
<argument> \hyperlink 
                      {class_statistics_abd5af3a41d7d0e801ec792375589ccd4}{r...
l.17 ...af3a41d7d0e801ec792375589ccd4}{rx\_bytes}}
                                                  (0)}
The control sequence at the end of the top line
of your error message was never \def'ed. If you have
misspelled it (e.g., `\hobx'), type `I' and the correct
spelling (e.g., `I\hbox'). Otherwise just continue,
and I'll forget about whatever was undefined.

Missing character: There is no c in font nullfont!
Missing character: There is no l in font nullfont!
Missing character: There is no a in font nullfont!
Missing character: There is no s in font nullfont!
Missing character: There is no s in font nullfont!
./statistics_8hpp_source.tex:17: Missing $ inserted.
<inserted text> 
                $
l.17 ...af3a41d7d0e801ec792375589ccd4}{rx\_bytes}}
                                                  (0)}
I've inserted a begin-math/end-math symbol since I think
you left one out. Proceed, with fingers crossed.

./statistics_8hpp_source.tex:17: Extra }, or forgotten $.
<argument> ...s_abd5af3a41d7d0e801ec792375589ccd4}
                                                  {rx\_bytes}
l.17 ...af3a41d7d0e801ec792375589ccd4}{rx\_bytes}}
                                                  (0)}
I've deleted a group-closing symbol because it seems to be
spurious, as in `$x}$'. But perhaps the } is legitimate and
you forgot something else, as in `\hbox{$x}'. In such cases
the way to recover is to insert both the forgotten and the
deleted material, e.g., by typing `I$}'.

./statistics_8hpp_source.tex:17: Extra }, or forgotten $.
\mbox  #1->\leavevmode \hbox {#1}
                                 
l.17 ...af3a41d7d0e801ec792375589ccd4}{rx\_bytes}}
                                                  (0)}
I've deleted a group-closing symbol because it seems to be
spurious, as in `$x}$'. But perhaps the } is legitimate and
you forgot something else, as in `\hbox{$x}'. In such cases
the way to recover is to insert both the forgotten and the
deleted material, e.g., by typing `I$}'.

./statistics_8hpp_source.tex:17: Extra }, or forgotten $.
l.17 ...41d7d0e801ec792375589ccd4}{rx\_bytes}}(0)}
                                                  
I've deleted a group-closing symbol because it seems to be
spurious, as in `$x}$'. But perhaps the } is legitimate and
you forgot something else, as in `\hbox{$x}'. In such cases
the way to recover is to insert both the forgotten and the
deleted material, e.g., by typing `I$}'.

./statistics_8hpp_source.tex:18: Undefined control sequence.
l.18 \DoxyCodeLine
                  {00014\ \ \ \ \ \{\}}
The control sequence at the end of the top line
of your error message was never \def'ed. If you have
misspelled it (e.g., `\hobx'), type `I' and the correct
spelling (e.g., `I\hbox'). Otherwise just continue,
and I'll forget about whatever was undefined.

./statistics_8hpp_source.tex:19: Undefined control sequence.
l.19 \DoxyCodeLine
                  {00015\ }
The control sequence at the end of the top line
of your error message was never \def'ed. If you have
misspelled it (e.g., `\hobx'), type `I' and the correct
spelling (e.g., `I\hbox'). Otherwise just continue,
and I'll forget about whatever was undefined.

./statistics_8hpp_source.tex:20: Undefined control sequence.
l.20 \DoxyCodeLine
                  {00016\ \ \ \ \ \mbox{\hyperlink{class_statistics_aacba331...
The control sequence at the end of the top line
of your error message was never \def'ed. If you have
misspelled it (e.g., `\hobx'), type `I' and the correct
spelling (e.g., `I\hbox'). Otherwise just continue,
and I'll forget about whatever was undefined.

./statistics_8hpp_source.tex:20: Undefined control sequence.
<argument> \hyperlink 
                      {class_statistics_aacba331fcc5892bf27cddf1552c59c69}{S...
l.20 ...331fcc5892bf27cddf1552c59c69}{Statistics}}
                                                  (\textcolor{keyword}{const...
The control sequence at the end of the top line
of your error message was never \def'ed. If you have
misspelled it (e.g., `\hobx'), type `I' and the correct
spelling (e.g., `I\hbox'). Otherwise just continue,
and I'll forget about whatever was undefined.

Missing character: There is no c in font nullfont!
Missing character: There is no l in font nullfont!
Missing character: There is no a in font nullfont!
Missing character: There is no s in font nullfont!
Missing character: There is no s in font nullfont!
./statistics_8hpp_source.tex:20: Missing $ inserted.
<inserted text> 
                $
l.20 ...331fcc5892bf27cddf1552c59c69}{Statistics}}
                                                  (\textcolor{keyword}{const...
I've inserted a begin-math/end-math symbol since I think
you left one out. Proceed, with fingers crossed.

./statistics_8hpp_source.tex:20: Extra }, or forgotten $.
<argument> ...s_aacba331fcc5892bf27cddf1552c59c69}
                                                  {Statistics}
l.20 ...331fcc5892bf27cddf1552c59c69}{Statistics}}
                                                  (\textcolor{keyword}{const...
I've deleted a group-closing symbol because it seems to be
spurious, as in `$x}$'. But perhaps the } is legitimate and
you forgot something else, as in `\hbox{$x}'. In such cases
the way to recover is to insert both the forgotten and the
deleted material, e.g., by typing `I$}'.

./statistics_8hpp_source.tex:20: Extra }, or forgotten $.
\mbox  #1->\leavevmode \hbox {#1}
                                 
l.20 ...331fcc5892bf27cddf1552c59c69}{Statistics}}
                                                  (\textcolor{keyword}{const...
I've deleted a group-closing symbol because it seems to be
spurious, as in `$x}$'. But perhaps the } is legitimate and
you forgot something else, as in `\hbox{$x}'. In such cases
the way to recover is to insert both the forgotten and the
deleted material, e.g., by typing `I$}'.

./statistics_8hpp_source.tex:20: Undefined control sequence.
l.20 ...f27cddf1552c59c69}{Statistics}}(\textcolor
                                                  {keyword}{const}\ \mbox{\h...
The control sequence at the end of the top line
of your error message was never \def'ed. If you have
misspelled it (e.g., `\hobx'), type `I' and the correct
spelling (e.g., `I\hbox'). Otherwise just continue,
and I'll forget about whatever was undefined.

./statistics_8hpp_source.tex:20: Undefined control sequence.
<argument> \hyperlink 
                      {class_statistics_a60ddd90a571ed4c3ce8c0f6317a36d63}{S...
l.20 ...d90a571ed4c3ce8c0f6317a36d63}{Statistics}}
                                                  \&\ other)\ :}
The control sequence at the end of the top line
of your error message was never \def'ed. If you have
misspelled it (e.g., `\hobx'), type `I' and the correct
spelling (e.g., `I\hbox'). Otherwise just continue,
and I'll forget about whatever was undefined.

Missing character: There is no c in font nullfont!
Missing character: There is no l in font nullfont!
Missing character: There is no a in font nullfont!
Missing character: There is no s in font nullfont!
Missing character: There is no s in font nullfont!
./statistics_8hpp_source.tex:20: Missing $ inserted.
<inserted text> 
                $
l.20 ...d90a571ed4c3ce8c0f6317a36d63}{Statistics}}
                                                  \&\ other)\ :}
I've inserted a begin-math/end-math symbol since I think
you left one out. Proceed, with fingers crossed.

./statistics_8hpp_source.tex:20: Extra }, or forgotten $.
<argument> ...s_a60ddd90a571ed4c3ce8c0f6317a36d63}
                                                  {Statistics}
l.20 ...d90a571ed4c3ce8c0f6317a36d63}{Statistics}}
                                                  \&\ other)\ :}
I've deleted a group-closing symbol because it seems to be
spurious, as in `$x}$'. But perhaps the } is legitimate and
you forgot something else, as in `\hbox{$x}'. In such cases
the way to recover is to insert both the forgotten and the
deleted material, e.g., by typing `I$}'.

./statistics_8hpp_source.tex:20: Extra }, or forgotten $.
\mbox  #1->\leavevmode \hbox {#1}
                                 
l.20 ...d90a571ed4c3ce8c0f6317a36d63}{Statistics}}
                                                  \&\ other)\ :}
I've deleted a group-closing symbol because it seems to be
spurious, as in `$x}$'. But perhaps the } is legitimate and
you forgot something else, as in `\hbox{$x}'. In such cases
the way to recover is to insert both the forgotten and the
deleted material, e.g., by typing `I$}'.

./statistics_8hpp_source.tex:20: Extra }, or forgotten $.
l.20 ...8c0f6317a36d63}{Statistics}}\&\ other)\ :}
                                                  
I've deleted a group-closing symbol because it seems to be
spurious, as in `$x}$'. But perhaps the } is legitimate and
you forgot something else, as in `\hbox{$x}'. In such cases
the way to recover is to insert both the forgotten and the
deleted material, e.g., by typing `I$}'.

./statistics_8hpp_source.tex:21: Undefined control sequence.
l.21 \DoxyCodeLine
                  {00017\ \ \ \ \ \ \ \ \ \mbox{\hyperlink{class_statistics_...
The control sequence at the end of the top line
of your error message was never \def'ed. If you have
misspelled it (e.g., `\hobx'), type `I' and the correct
spelling (e.g., `I\hbox'). Otherwise just continue,
and I'll forget about whatever was undefined.

./statistics_8hpp_source.tex:21: Undefined control sequence.
<argument> \hyperlink 
                      {class_statistics_a3271f5218b0e96249e8827532d67d7d5}{t...
l.21 ...5218b0e96249e8827532d67d7d5}{tx\_packets}}
                                                  (other.\mbox{\hyperlink{cl...
The control sequence at the end of the top line
of your error message was never \def'ed. If you have
misspelled it (e.g., `\hobx'), type `I' and the correct
spelling (e.g., `I\hbox'). Otherwise just continue,
and I'll forget about whatever was undefined.

Missing character: There is no c in font nullfont!
Missing character: There is no l in font nullfont!
Missing character: There is no a in font nullfont!
Missing character: There is no s in font nullfont!
Missing character: There is no s in font nullfont!
./statistics_8hpp_source.tex:21: Missing $ inserted.
<inserted text> 
                $
l.21 ...5218b0e96249e8827532d67d7d5}{tx\_packets}}
                                                  (other.\mbox{\hyperlink{cl...
I've inserted a begin-math/end-math symbol since I think
you left one out. Proceed, with fingers crossed.

./statistics_8hpp_source.tex:21: Extra }, or forgotten $.
<argument> ...s_a3271f5218b0e96249e8827532d67d7d5}
                                                  {tx\_packets}
l.21 ...5218b0e96249e8827532d67d7d5}{tx\_packets}}
                                                  (other.\mbox{\hyperlink{cl...
I've deleted a group-closing symbol because it seems to be
spurious, as in `$x}$'. But perhaps the } is legitimate and
you forgot something else, as in `\hbox{$x}'. In such cases
the way to recover is to insert both the forgotten and the
deleted material, e.g., by typing `I$}'.

./statistics_8hpp_source.tex:21: Extra }, or forgotten $.
\mbox  #1->\leavevmode \hbox {#1}
                                 
l.21 ...5218b0e96249e8827532d67d7d5}{tx\_packets}}
                                                  (other.\mbox{\hyperlink{cl...
I've deleted a group-closing symbol because it seems to be
spurious, as in `$x}$'. But perhaps the } is legitimate and
you forgot something else, as in `\hbox{$x}'. In such cases
the way to recover is to insert both the forgotten and the
deleted material, e.g., by typing `I$}'.

./statistics_8hpp_source.tex:21: Undefined control sequence.
<argument> \hyperlink 
                      {class_statistics_a3271f5218b0e96249e8827532d67d7d5}{t...
l.21 ...5218b0e96249e8827532d67d7d5}{tx\_packets}}
                                                  .load()),}
The control sequence at the end of the top line
of your error message was never \def'ed. If you have
misspelled it (e.g., `\hobx'), type `I' and the correct
spelling (e.g., `I\hbox'). Otherwise just continue,
and I'll forget about whatever was undefined.

Missing character: There is no c in font nullfont!
Missing character: There is no l in font nullfont!
Missing character: There is no a in font nullfont!
Missing character: There is no s in font nullfont!
Missing character: There is no s in font nullfont!
./statistics_8hpp_source.tex:21: Missing $ inserted.
<inserted text> 
                $
l.21 ...5218b0e96249e8827532d67d7d5}{tx\_packets}}
                                                  .load()),}
I've inserted a begin-math/end-math symbol since I think
you left one out. Proceed, with fingers crossed.

./statistics_8hpp_source.tex:21: Extra }, or forgotten $.
<argument> ...s_a3271f5218b0e96249e8827532d67d7d5}
                                                  {tx\_packets}
l.21 ...5218b0e96249e8827532d67d7d5}{tx\_packets}}
                                                  .load()),}
I've deleted a group-closing symbol because it seems to be
spurious, as in `$x}$'. But perhaps the } is legitimate and
you forgot something else, as in `\hbox{$x}'. In such cases
the way to recover is to insert both the forgotten and the
deleted material, e.g., by typing `I$}'.

./statistics_8hpp_source.tex:21: Extra }, or forgotten $.
\mbox  #1->\leavevmode \hbox {#1}
                                 
l.21 ...5218b0e96249e8827532d67d7d5}{tx\_packets}}
                                                  .load()),}
I've deleted a group-closing symbol because it seems to be
spurious, as in `$x}$'. But perhaps the } is legitimate and
you forgot something else, as in `\hbox{$x}'. In such cases
the way to recover is to insert both the forgotten and the
deleted material, e.g., by typing `I$}'.

./statistics_8hpp_source.tex:21: Extra }, or forgotten $.
l.21 ...49e8827532d67d7d5}{tx\_packets}}.load()),}
                                                  
I've deleted a group-closing symbol because it seems to be
spurious, as in `$x}$'. But perhaps the } is legitimate and
you forgot something else, as in `\hbox{$x}'. In such cases
the way to recover is to insert both the forgotten and the
deleted material, e.g., by typing `I$}'.

./statistics_8hpp_source.tex:22: Undefined control sequence.
l.22 \DoxyCodeLine
                  {00018\ \ \ \ \ \ \ \ \ \mbox{\hyperlink{class_statistics_...
The control sequence at the end of the top line
of your error message was never \def'ed. If you have
misspelled it (e.g., `\hobx'), type `I' and the correct
spelling (e.g., `I\hbox'). Otherwise just continue,
and I'll forget about whatever was undefined.

./statistics_8hpp_source.tex:22: Undefined control sequence.
<argument> \hyperlink 
                      {class_statistics_afa1de00774da9efb3f8fdce3cc73ff48}{t...
l.22 ...de00774da9efb3f8fdce3cc73ff48}{tx\_bytes}}
                                                  (other.\mbox{\hyperlink{cl...
The control sequence at the end of the top line
of your error message was never \def'ed. If you have
misspelled it (e.g., `\hobx'), type `I' and the correct
spelling (e.g., `I\hbox'). Otherwise just continue,
and I'll forget about whatever was undefined.

Missing character: There is no c in font nullfont!
Missing character: There is no l in font nullfont!
Missing character: There is no a in font nullfont!
Missing character: There is no s in font nullfont!
Missing character: There is no s in font nullfont!
./statistics_8hpp_source.tex:22: Missing $ inserted.
<inserted text> 
                $
l.22 ...de00774da9efb3f8fdce3cc73ff48}{tx\_bytes}}
                                                  (other.\mbox{\hyperlink{cl...
I've inserted a begin-math/end-math symbol since I think
you left one out. Proceed, with fingers crossed.

./statistics_8hpp_source.tex:22: Extra }, or forgotten $.
<argument> ...s_afa1de00774da9efb3f8fdce3cc73ff48}
                                                  {tx\_bytes}
l.22 ...de00774da9efb3f8fdce3cc73ff48}{tx\_bytes}}
                                                  (other.\mbox{\hyperlink{cl...
I've deleted a group-closing symbol because it seems to be
spurious, as in `$x}$'. But perhaps the } is legitimate and
you forgot something else, as in `\hbox{$x}'. In such cases
the way to recover is to insert both the forgotten and the
deleted material, e.g., by typing `I$}'.

./statistics_8hpp_source.tex:22: Extra }, or forgotten $.
\mbox  #1->\leavevmode \hbox {#1}
                                 
l.22 ...de00774da9efb3f8fdce3cc73ff48}{tx\_bytes}}
                                                  (other.\mbox{\hyperlink{cl...
I've deleted a group-closing symbol because it seems to be
spurious, as in `$x}$'. But perhaps the } is legitimate and
you forgot something else, as in `\hbox{$x}'. In such cases
the way to recover is to insert both the forgotten and the
deleted material, e.g., by typing `I$}'.

./statistics_8hpp_source.tex:22: Undefined control sequence.
<argument> \hyperlink 
                      {class_statistics_afa1de00774da9efb3f8fdce3cc73ff48}{t...
l.22 ...de00774da9efb3f8fdce3cc73ff48}{tx\_bytes}}
                                                  .load()),}
The control sequence at the end of the top line
of your error message was never \def'ed. If you have
misspelled it (e.g., `\hobx'), type `I' and the correct
spelling (e.g., `I\hbox'). Otherwise just continue,
and I'll forget about whatever was undefined.

Missing character: There is no c in font nullfont!
Missing character: There is no l in font nullfont!
Missing character: There is no a in font nullfont!
Missing character: There is no s in font nullfont!
Missing character: There is no s in font nullfont!
./statistics_8hpp_source.tex:22: Missing $ inserted.
<inserted text> 
                $
l.22 ...de00774da9efb3f8fdce3cc73ff48}{tx\_bytes}}
                                                  .load()),}
I've inserted a begin-math/end-math symbol since I think
you left one out. Proceed, with fingers crossed.

./statistics_8hpp_source.tex:22: Extra }, or forgotten $.
<argument> ...s_afa1de00774da9efb3f8fdce3cc73ff48}
                                                  {tx\_bytes}
l.22 ...de00774da9efb3f8fdce3cc73ff48}{tx\_bytes}}
                                                  .load()),}
I've deleted a group-closing symbol because it seems to be
spurious, as in `$x}$'. But perhaps the } is legitimate and
you forgot something else, as in `\hbox{$x}'. In such cases
the way to recover is to insert both the forgotten and the
deleted material, e.g., by typing `I$}'.

./statistics_8hpp_source.tex:22: Extra }, or forgotten $.
\mbox  #1->\leavevmode \hbox {#1}
                                 
l.22 ...de00774da9efb3f8fdce3cc73ff48}{tx\_bytes}}
                                                  .load()),}
I've deleted a group-closing symbol because it seems to be
spurious, as in `$x}$'. But perhaps the } is legitimate and
you forgot something else, as in `\hbox{$x}'. In such cases
the way to recover is to insert both the forgotten and the
deleted material, e.g., by typing `I$}'.

./statistics_8hpp_source.tex:22: Extra }, or forgotten $.
l.22 ...efb3f8fdce3cc73ff48}{tx\_bytes}}.load()),}
                                                  
I've deleted a group-closing symbol because it seems to be
spurious, as in `$x}$'. But perhaps the } is legitimate and
you forgot something else, as in `\hbox{$x}'. In such cases
the way to recover is to insert both the forgotten and the
deleted material, e.g., by typing `I$}'.

./statistics_8hpp_source.tex:23: Undefined control sequence.
l.23 \DoxyCodeLine
                  {00019\ \ \ \ \ \ \ \ \ \mbox{\hyperlink{class_statistics_...
The control sequence at the end of the top line
of your error message was never \def'ed. If you have
misspelled it (e.g., `\hobx'), type `I' and the correct
spelling (e.g., `I\hbox'). Otherwise just continue,
and I'll forget about whatever was undefined.

./statistics_8hpp_source.tex:23: Undefined control sequence.
<argument> \hyperlink 
                      {class_statistics_a39b6d295a3054fd1615b24a782f8b57e}{r...
l.23 ...295a3054fd1615b24a782f8b57e}{rx\_packets}}
                                                  (other.\mbox{\hyperlink{cl...
The control sequence at the end of the top line
of your error message was never \def'ed. If you have
misspelled it (e.g., `\hobx'), type `I' and the correct
spelling (e.g., `I\hbox'). Otherwise just continue,
and I'll forget about whatever was undefined.

Missing character: There is no c in font nullfont!
Missing character: There is no l in font nullfont!
Missing character: There is no a in font nullfont!
Missing character: There is no s in font nullfont!
Missing character: There is no s in font nullfont!
./statistics_8hpp_source.tex:23: Missing $ inserted.
<inserted text> 
                $
l.23 ...295a3054fd1615b24a782f8b57e}{rx\_packets}}
                                                  (other.\mbox{\hyperlink{cl...
I've inserted a begin-math/end-math symbol since I think
you left one out. Proceed, with fingers crossed.

./statistics_8hpp_source.tex:23: Extra }, or forgotten $.
<argument> ...s_a39b6d295a3054fd1615b24a782f8b57e}
                                                  {rx\_packets}
l.23 ...295a3054fd1615b24a782f8b57e}{rx\_packets}}
                                                  (other.\mbox{\hyperlink{cl...
I've deleted a group-closing symbol because it seems to be
spurious, as in `$x}$'. But perhaps the } is legitimate and
you forgot something else, as in `\hbox{$x}'. In such cases
the way to recover is to insert both the forgotten and the
deleted material, e.g., by typing `I$}'.

./statistics_8hpp_source.tex:23: Extra }, or forgotten $.
\mbox  #1->\leavevmode \hbox {#1}
                                 
l.23 ...295a3054fd1615b24a782f8b57e}{rx\_packets}}
                                                  (other.\mbox{\hyperlink{cl...
I've deleted a group-closing symbol because it seems to be
spurious, as in `$x}$'. But perhaps the } is legitimate and
you forgot something else, as in `\hbox{$x}'. In such cases
the way to recover is to insert both the forgotten and the
deleted material, e.g., by typing `I$}'.

./statistics_8hpp_source.tex:23: Undefined control sequence.
<argument> \hyperlink 
                      {class_statistics_a39b6d295a3054fd1615b24a782f8b57e}{r...
l.23 ...295a3054fd1615b24a782f8b57e}{rx\_packets}}
                                                  .load()),}
The control sequence at the end of the top line
of your error message was never \def'ed. If you have
misspelled it (e.g., `\hobx'), type `I' and the correct
spelling (e.g., `I\hbox'). Otherwise just continue,
and I'll forget about whatever was undefined.

Missing character: There is no c in font nullfont!
Missing character: There is no l in font nullfont!
Missing character: There is no a in font nullfont!
Missing character: There is no s in font nullfont!
Missing character: There is no s in font nullfont!
./statistics_8hpp_source.tex:23: Missing $ inserted.
<inserted text> 
                $
l.23 ...295a3054fd1615b24a782f8b57e}{rx\_packets}}
                                                  .load()),}
I've inserted a begin-math/end-math symbol since I think
you left one out. Proceed, with fingers crossed.

./statistics_8hpp_source.tex:23: Extra }, or forgotten $.
<argument> ...s_a39b6d295a3054fd1615b24a782f8b57e}
                                                  {rx\_packets}
l.23 ...295a3054fd1615b24a782f8b57e}{rx\_packets}}
                                                  .load()),}
I've deleted a group-closing symbol because it seems to be
spurious, as in `$x}$'. But perhaps the } is legitimate and
you forgot something else, as in `\hbox{$x}'. In such cases
the way to recover is to insert both the forgotten and the
deleted material, e.g., by typing `I$}'.

./statistics_8hpp_source.tex:23: Extra }, or forgotten $.
\mbox  #1->\leavevmode \hbox {#1}
                                 
l.23 ...295a3054fd1615b24a782f8b57e}{rx\_packets}}
                                                  .load()),}
(That makes 100 errors; please try again.) 
Here is how much of TeX's memory you used:
 18 strings out of 469269
 456 string characters out of 5467112
 435984 words of memory out of 5000000
 28550 multiletter control sequences out of 15000+600000
 626825 words of font info for 40 fonts, out of 8000000 for 9000
 319 hyphenation exceptions out of 8191
 18i,45n,19p,263b,309s stack positions out of 10000i,1000n,20000p,200000b,200000s

./statistics_8hpp_source.tex:23:  ==> Fatal error occurred, no output PDF file produced!
