This is pdfTeX, Version 3.141592653-2.6-1.40.28 (TeX Live 2025) (preloaded format=pdflatex 2025.9.24)  27 SEP 2025 18:54
entering extended mode
 \write18 enabled.
 file:line:error style messages enabled.
 %&-line parsing enabled.
**struct_smart_data_1_1_units_1_1_humidity.tex
(./struct_smart_data_1_1_units_1_1_humidity.tex
LaTeX2e <2025-06-01> patch level 1
L3 programming layer <2025-09-02>
./struct_smart_data_1_1_units_1_1_humidity.tex:1: Undefined control sequence.
l.1 \doxysection
                {Smart\+Data\+::Units\+::Humidity Struct Reference}
The control sequence at the end of the top line
of your error message was never \def'ed. If you have
misspelled it (e.g., `\hobx'), type `I' and the correct
spelling (e.g., `I\hbox'). Otherwise just continue,
and I'll forget about whatever was undefined.


./struct_smart_data_1_1_units_1_1_humidity.tex:1: LaTeX Error: Missing \begin{document}.

See the LaTeX manual or LaTeX Companion for explanation.
Type  H <return>  for immediate help.
 ...                                              
                                                  
l.1 \doxysection{S
                  mart\+Data\+::Units\+::Humidity Struct Reference}
You're in trouble here.  Try typing  <return>  to proceed.
If that doesn't work, type  X <return>  to quit.

Missing character: There is no S in font nullfont!
Missing character: There is no m in font nullfont!
Missing character: There is no a in font nullfont!
Missing character: There is no r in font nullfont!
Missing character: There is no t in font nullfont!
./struct_smart_data_1_1_units_1_1_humidity.tex:1: Undefined control sequence.
l.1 \doxysection{Smart\+
                        Data\+::Units\+::Humidity Struct Reference}
The control sequence at the end of the top line
of your error message was never \def'ed. If you have
misspelled it (e.g., `\hobx'), type `I' and the correct
spelling (e.g., `I\hbox'). Otherwise just continue,
and I'll forget about whatever was undefined.

Missing character: There is no D in font nullfont!
Missing character: There is no a in font nullfont!
Missing character: There is no t in font nullfont!
Missing character: There is no a in font nullfont!
./struct_smart_data_1_1_units_1_1_humidity.tex:1: Undefined control sequence.
l.1 \doxysection{Smart\+Data\+
                              ::Units\+::Humidity Struct Reference}
The control sequence at the end of the top line
of your error message was never \def'ed. If you have
misspelled it (e.g., `\hobx'), type `I' and the correct
spelling (e.g., `I\hbox'). Otherwise just continue,
and I'll forget about whatever was undefined.

Missing character: There is no : in font nullfont!
Missing character: There is no : in font nullfont!
Missing character: There is no U in font nullfont!
Missing character: There is no n in font nullfont!
Missing character: There is no i in font nullfont!
Missing character: There is no t in font nullfont!
Missing character: There is no s in font nullfont!
./struct_smart_data_1_1_units_1_1_humidity.tex:1: Undefined control sequence.
l.1 \doxysection{Smart\+Data\+::Units\+
                                       ::Humidity Struct Reference}
The control sequence at the end of the top line
of your error message was never \def'ed. If you have
misspelled it (e.g., `\hobx'), type `I' and the correct
spelling (e.g., `I\hbox'). Otherwise just continue,
and I'll forget about whatever was undefined.

Missing character: There is no : in font nullfont!
Missing character: There is no : in font nullfont!
Missing character: There is no H in font nullfont!
Missing character: There is no u in font nullfont!
Missing character: There is no m in font nullfont!
Missing character: There is no i in font nullfont!
Missing character: There is no d in font nullfont!
Missing character: There is no i in font nullfont!
Missing character: There is no t in font nullfont!
Missing character: There is no y in font nullfont!
Missing character: There is no S in font nullfont!
Missing character: There is no t in font nullfont!
Missing character: There is no r in font nullfont!
Missing character: There is no u in font nullfont!
Missing character: There is no c in font nullfont!
Missing character: There is no t in font nullfont!
Missing character: There is no R in font nullfont!
Missing character: There is no e in font nullfont!
Missing character: There is no f in font nullfont!
Missing character: There is no e in font nullfont!
Missing character: There is no r in font nullfont!
Missing character: There is no e in font nullfont!
Missing character: There is no n in font nullfont!
Missing character: There is no c in font nullfont!
Missing character: There is no e in font nullfont!
./struct_smart_data_1_1_units_1_1_humidity.tex:2: Undefined control sequence.
l.2 \hypertarget
                {struct_smart_data_1_1_units_1_1_humidity}{}\label{struct_sm...
The control sequence at the end of the top line
of your error message was never \def'ed. If you have
misspelled it (e.g., `\hobx'), type `I' and the correct
spelling (e.g., `I\hbox'). Otherwise just continue,
and I'll forget about whatever was undefined.

Missing character: There is no s in font nullfont!
Missing character: There is no t in font nullfont!
Missing character: There is no r in font nullfont!
Missing character: There is no u in font nullfont!
Missing character: There is no c in font nullfont!
Missing character: There is no t in font nullfont!
./struct_smart_data_1_1_units_1_1_humidity.tex:2: Missing $ inserted.
<inserted text> 
                $
l.2 \hypertarget{struct_
                        smart_data_1_1_units_1_1_humidity}{}\label{struct_sm...
I've inserted a begin-math/end-math symbol since I think
you left one out. Proceed, with fingers crossed.

LaTeX Font Info:    External font `cmex10' loaded for size
(Font)              <7> on input line 2.
LaTeX Font Info:    External font `cmex10' loaded for size
(Font)              <5> on input line 2.
./struct_smart_data_1_1_units_1_1_humidity.tex:2: Double subscript.
l.2 \hypertarget{struct_smart_data_1_
                                     1_units_1_1_humidity}{}\label{struct_sm...
I treat `x_1_2' essentially like `x_1{}_2'.

./struct_smart_data_1_1_units_1_1_humidity.tex:2: Double subscript.
l.2 \hypertarget{struct_smart_data_1_1_
                                       units_1_1_humidity}{}\label{struct_sm...
I treat `x_1_2' essentially like `x_1{}_2'.

./struct_smart_data_1_1_units_1_1_humidity.tex:2: Double subscript.
l.2 \hypertarget{struct_smart_data_1_1_units_1_
                                               1_humidity}{}\label{struct_sm...
I treat `x_1_2' essentially like `x_1{}_2'.

./struct_smart_data_1_1_units_1_1_humidity.tex:2: Double subscript.
l.2 \hypertarget{struct_smart_data_1_1_units_1_1_
                                                 humidity}{}\label{struct_sm...
I treat `x_1_2' essentially like `x_1{}_2'.

./struct_smart_data_1_1_units_1_1_humidity.tex:2: Extra }, or forgotten $.
l.2 ...t{struct_smart_data_1_1_units_1_1_humidity}
                                                  {}\label{struct_smart_data...
I've deleted a group-closing symbol because it seems to be
spurious, as in `$x}$'. But perhaps the } is legitimate and
you forgot something else, as in `\hbox{$x}'. In such cases
the way to recover is to insert both the forgotten and the
deleted material, e.g., by typing `I$}'.

./struct_smart_data_1_1_units_1_1_humidity.tex:3: Missing $ inserted.
<inserted text> 
                $
l.3 
    
I've inserted a begin-math/end-math symbol since I think
you left one out. Proceed, with fingers crossed.


Overfull \hbox (20.0pt too wide) in paragraph at lines 1--3
[]
 []


Overfull \hbox (127.15956pt too wide) in paragraph at lines 1--3
[]\OML/cmm/m/it/10 mart[]ata[][][]nits[][][]umidity[][]$ 
 []


./struct_smart_data_1_1_units_1_1_humidity.tex:5: LaTeX Error: Missing \begin{document}.

See the LaTeX manual or LaTeX Companion for explanation.
Type  H <return>  for immediate help.
 ...                                              
                                                  
l.5 {\ttfamily \#
                 include $<$smart\+\_\+data.\+hpp$>$}
You're in trouble here.  Try typing  <return>  to proceed.
If that doesn't work, type  X <return>  to quit.

./struct_smart_data_1_1_units_1_1_humidity.tex:5: Undefined control sequence.
l.5 {\ttfamily \#include $<$smart\+
                                   \_\+data.\+hpp$>$}
The control sequence at the end of the top line
of your error message was never \def'ed. If you have
misspelled it (e.g., `\hobx'), type `I' and the correct
spelling (e.g., `I\hbox'). Otherwise just continue,
and I'll forget about whatever was undefined.

./struct_smart_data_1_1_units_1_1_humidity.tex:5: Undefined control sequence.
l.5 {\ttfamily \#include $<$smart\+\_\+
                                       data.\+hpp$>$}
The control sequence at the end of the top line
of your error message was never \def'ed. If you have
misspelled it (e.g., `\hobx'), type `I' and the correct
spelling (e.g., `I\hbox'). Otherwise just continue,
and I'll forget about whatever was undefined.

./struct_smart_data_1_1_units_1_1_humidity.tex:5: Undefined control sequence.
l.5 {\ttfamily \#include $<$smart\+\_\+data.\+
                                              hpp$>$}
The control sequence at the end of the top line
of your error message was never \def'ed. If you have
misspelled it (e.g., `\hobx'), type `I' and the correct
spelling (e.g., `I\hbox'). Otherwise just continue,
and I'll forget about whatever was undefined.


Overfull \hbox (61.99963pt too wide) in paragraph at lines 5--6
[]\OT1/cmtt/m/n/10 #include
 []


Overfull \hbox (87.58496pt too wide) in paragraph at lines 5--6
\OML/cmm/m/it/10 <$\OT1/cmtt/m/n/10 smart[]data.hpp$\OML/cmm/m/it/10 >$ 
 []

./struct_smart_data_1_1_units_1_1_humidity.tex:7: Undefined control sequence.
l.7 \doxysubsubsection
                      *{Public Types}
The control sequence at the end of the top line
of your error message was never \def'ed. If you have
misspelled it (e.g., `\hobx'), type `I' and the correct
spelling (e.g., `I\hbox'). Otherwise just continue,
and I'll forget about whatever was undefined.


./struct_smart_data_1_1_units_1_1_humidity.tex:7: LaTeX Error: Missing \begin{document}.

See the LaTeX manual or LaTeX Companion for explanation.
Type  H <return>  for immediate help.
 ...                                              
                                                  
l.7 \doxysubsubsection*
                       {Public Types}
You're in trouble here.  Try typing  <return>  to proceed.
If that doesn't work, type  X <return>  to quit.

Missing character: There is no * in font nullfont!
Missing character: There is no P in font nullfont!
Missing character: There is no u in font nullfont!
Missing character: There is no b in font nullfont!
Missing character: There is no l in font nullfont!
Missing character: There is no i in font nullfont!
Missing character: There is no c in font nullfont!
Missing character: There is no T in font nullfont!
Missing character: There is no y in font nullfont!
Missing character: There is no p in font nullfont!
Missing character: There is no e in font nullfont!
Missing character: There is no s in font nullfont!

./struct_smart_data_1_1_units_1_1_humidity.tex:8: LaTeX Error: Environment DoxyCompactItemize undefined.

See the LaTeX manual or LaTeX Companion for explanation.
Type  H <return>  for immediate help.
 ...                                              
                                                  
l.8 \begin{DoxyCompactItemize}
                              
Your command was ignored.
Type  I <command> <return>  to replace it with another command,
or  <return>  to continue without it.


Overfull \hbox (20.0pt too wide) in paragraph at lines 7--10
[] 
 []


./struct_smart_data_1_1_units_1_1_humidity.tex:10: LaTeX Error: Lonely \item--perhaps a missing list environment.

See the LaTeX manual or LaTeX Companion for explanation.
Type  H <return>  for immediate help.
 ...                                              
                                                  
l.10 t
      ypedef int \mbox{\hyperlink{struct_smart_data_1_1_units_1_1_humidity_a...
Try typing  <return>  to proceed.
If that doesn't work, type  X <return>  to quit.

Missing character: There is no t in font nullfont!
Missing character: There is no y in font nullfont!
Missing character: There is no p in font nullfont!
Missing character: There is no e in font nullfont!
Missing character: There is no d in font nullfont!
Missing character: There is no e in font nullfont!
Missing character: There is no f in font nullfont!
Missing character: There is no i in font nullfont!
Missing character: There is no n in font nullfont!
Missing character: There is no t in font nullfont!
./struct_smart_data_1_1_units_1_1_humidity.tex:10: Undefined control sequence.
<argument> \hyperlink 
                      {struct_smart_data_1_1_units_1_1_humidity_abdf7749ea2c...
l.10 ...49ea2c4299f42d8e83badaeb990}{Value\+Type}}
                                                  
The control sequence at the end of the top line
of your error message was never \def'ed. If you have
misspelled it (e.g., `\hobx'), type `I' and the correct
spelling (e.g., `I\hbox'). Otherwise just continue,
and I'll forget about whatever was undefined.

Missing character: There is no s in font nullfont!
Missing character: There is no t in font nullfont!
Missing character: There is no r in font nullfont!
Missing character: There is no u in font nullfont!
Missing character: There is no c in font nullfont!
Missing character: There is no t in font nullfont!
./struct_smart_data_1_1_units_1_1_humidity.tex:10: Missing $ inserted.
<inserted text> 
                $
l.10 ...49ea2c4299f42d8e83badaeb990}{Value\+Type}}
                                                  
I've inserted a begin-math/end-math symbol since I think
you left one out. Proceed, with fingers crossed.

./struct_smart_data_1_1_units_1_1_humidity.tex:10: Double subscript.
<argument> \hyperlink {struct_smart_data_1_
                                           1_units_1_1_humidity_abdf7749ea2c...
l.10 ...49ea2c4299f42d8e83badaeb990}{Value\+Type}}
                                                  
I treat `x_1_2' essentially like `x_1{}_2'.

./struct_smart_data_1_1_units_1_1_humidity.tex:10: Double subscript.
<argument> \hyperlink {struct_smart_data_1_1_
                                             units_1_1_humidity_abdf7749ea2c...
l.10 ...49ea2c4299f42d8e83badaeb990}{Value\+Type}}
                                                  
I treat `x_1_2' essentially like `x_1{}_2'.

./struct_smart_data_1_1_units_1_1_humidity.tex:10: Double subscript.
<argument> ...link {struct_smart_data_1_1_units_1_
                                                  1_humidity_abdf7749ea2c429...
l.10 ...49ea2c4299f42d8e83badaeb990}{Value\+Type}}
                                                  
I treat `x_1_2' essentially like `x_1{}_2'.

./struct_smart_data_1_1_units_1_1_humidity.tex:10: Double subscript.
<argument> ...nk {struct_smart_data_1_1_units_1_1_
                                                  humidity_abdf7749ea2c4299f...
l.10 ...49ea2c4299f42d8e83badaeb990}{Value\+Type}}
                                                  
I treat `x_1_2' essentially like `x_1{}_2'.

./struct_smart_data_1_1_units_1_1_humidity.tex:10: Extra }, or forgotten $.
<argument> ...y_abdf7749ea2c4299f42d8e83badaeb990}
                                                  {Value\+Type}
l.10 ...49ea2c4299f42d8e83badaeb990}{Value\+Type}}
                                                  
I've deleted a group-closing symbol because it seems to be
spurious, as in `$x}$'. But perhaps the } is legitimate and
you forgot something else, as in `\hbox{$x}'. In such cases
the way to recover is to insert both the forgotten and the
deleted material, e.g., by typing `I$}'.

./struct_smart_data_1_1_units_1_1_humidity.tex:10: Undefined control sequence.
<argument> ...49ea2c4299f42d8e83badaeb990}{Value\+
                                                  Type}
l.10 ...49ea2c4299f42d8e83badaeb990}{Value\+Type}}
                                                  
The control sequence at the end of the top line
of your error message was never \def'ed. If you have
misspelled it (e.g., `\hobx'), type `I' and the correct
spelling (e.g., `I\hbox'). Otherwise just continue,
and I'll forget about whatever was undefined.

./struct_smart_data_1_1_units_1_1_humidity.tex:10: Extra }, or forgotten $.
\mbox  #1->\leavevmode \hbox {#1}
                                 
l.10 ...49ea2c4299f42d8e83badaeb990}{Value\+Type}}
                                                  
I've deleted a group-closing symbol because it seems to be
spurious, as in `$x}$'. But perhaps the } is legitimate and
you forgot something else, as in `\hbox{$x}'. In such cases
the way to recover is to insert both the forgotten and the
deleted material, e.g., by typing `I$}'.


./struct_smart_data_1_1_units_1_1_humidity.tex:11: LaTeX Error: \begin{document} ended by \end{DoxyCompactItemize}.

See the LaTeX manual or LaTeX Companion for explanation.
Type  H <return>  for immediate help.
 ...                                              
                                                  
l.11 \end{DoxyCompactItemize}
                             
Your command was ignored.
Type  I <command> <return>  to replace it with another command,
or  <return>  to continue without it.

./struct_smart_data_1_1_units_1_1_humidity.tex:11: Missing $ inserted.
<inserted text> 
                $
l.11 \end{DoxyCompactItemize}
                             
I've inserted something that you may have forgotten.
(See the <inserted text> above.)
With luck, this will get me unwedged. But if you
really didn't forget anything, try typing `2' now; then
my insertion and my current dilemma will both disappear.

./struct_smart_data_1_1_units_1_1_humidity.tex:11: Missing } inserted.
<inserted text> 
                }
l.11 \end{DoxyCompactItemize}
                             
I've inserted something that you may have forgotten.
(See the <inserted text> above.)
With luck, this will get me unwedged. But if you
really didn't forget anything, try typing `2' now; then
my insertion and my current dilemma will both disappear.

./struct_smart_data_1_1_units_1_1_humidity.tex:11: Missing } inserted.
<inserted text> 
                }
l.11 \end{DoxyCompactItemize}
                             
I've inserted something that you may have forgotten.
(See the <inserted text> above.)
With luck, this will get me unwedged. But if you
really didn't forget anything, try typing `2' now; then
my insertion and my current dilemma will both disappear.

./struct_smart_data_1_1_units_1_1_humidity.tex:12: Undefined control sequence.
l.12 \doxysubsubsection
                       *{Static Public Attributes}
The control sequence at the end of the top line
of your error message was never \def'ed. If you have
misspelled it (e.g., `\hobx'), type `I' and the correct
spelling (e.g., `I\hbox'). Otherwise just continue,
and I'll forget about whatever was undefined.

Missing character: There is no * in font nullfont!
Missing character: There is no S in font nullfont!
Missing character: There is no t in font nullfont!
Missing character: There is no a in font nullfont!
Missing character: There is no t in font nullfont!
Missing character: There is no i in font nullfont!
Missing character: There is no c in font nullfont!
Missing character: There is no P in font nullfont!
Missing character: There is no u in font nullfont!
Missing character: There is no b in font nullfont!
Missing character: There is no l in font nullfont!
Missing character: There is no i in font nullfont!
Missing character: There is no c in font nullfont!
Missing character: There is no A in font nullfont!
Missing character: There is no t in font nullfont!
Missing character: There is no t in font nullfont!
Missing character: There is no r in font nullfont!
Missing character: There is no i in font nullfont!
Missing character: There is no b in font nullfont!
Missing character: There is no u in font nullfont!
Missing character: There is no t in font nullfont!
Missing character: There is no e in font nullfont!
Missing character: There is no s in font nullfont!

./struct_smart_data_1_1_units_1_1_humidity.tex:13: LaTeX Error: Environment DoxyCompactItemize undefined.

See the LaTeX manual or LaTeX Companion for explanation.
Type  H <return>  for immediate help.
 ...                                              
                                                  
l.13 \begin{DoxyCompactItemize}
                               
Your command was ignored.
Type  I <command> <return>  to replace it with another command,
or  <return>  to continue without it.


Overfull \hbox (338.64474pt too wide) in paragraph at lines 10--15
[]
 []


./struct_smart_data_1_1_units_1_1_humidity.tex:15: LaTeX Error: Lonely \item--perhaps a missing list environment.

See the LaTeX manual or LaTeX Companion for explanation.
Type  H <return>  for immediate help.
 ...                                              
                                                  
l.15 s
      tatic constexpr int \mbox{\hyperlink{struct_smart_data_1_1_units_1_1_h...
Try typing  <return>  to proceed.
If that doesn't work, type  X <return>  to quit.

Missing character: There is no s in font nullfont!
Missing character: There is no t in font nullfont!
Missing character: There is no a in font nullfont!
Missing character: There is no t in font nullfont!
Missing character: There is no i in font nullfont!
Missing character: There is no c in font nullfont!
Missing character: There is no c in font nullfont!
Missing character: There is no o in font nullfont!
Missing character: There is no n in font nullfont!
Missing character: There is no s in font nullfont!
Missing character: There is no t in font nullfont!
Missing character: There is no e in font nullfont!
Missing character: There is no x in font nullfont!
Missing character: There is no p in font nullfont!
Missing character: There is no r in font nullfont!
Missing character: There is no i in font nullfont!
Missing character: There is no n in font nullfont!
Missing character: There is no t in font nullfont!
./struct_smart_data_1_1_units_1_1_humidity.tex:15: Undefined control sequence.
<argument> \hyperlink 
                      {struct_smart_data_1_1_units_1_1_humidity_a9a0b764974f...
l.15 ...ty_a9a0b764974fb30cf63a237b10f286199}{id}}
                                                   = 2
The control sequence at the end of the top line
of your error message was never \def'ed. If you have
misspelled it (e.g., `\hobx'), type `I' and the correct
spelling (e.g., `I\hbox'). Otherwise just continue,
and I'll forget about whatever was undefined.

Missing character: There is no s in font nullfont!
Missing character: There is no t in font nullfont!
Missing character: There is no r in font nullfont!
Missing character: There is no u in font nullfont!
Missing character: There is no c in font nullfont!
Missing character: There is no t in font nullfont!
./struct_smart_data_1_1_units_1_1_humidity.tex:15: Missing $ inserted.
<inserted text> 
                $
l.15 ...ty_a9a0b764974fb30cf63a237b10f286199}{id}}
                                                   = 2
I've inserted a begin-math/end-math symbol since I think
you left one out. Proceed, with fingers crossed.

./struct_smart_data_1_1_units_1_1_humidity.tex:15: Double subscript.
<argument> \hyperlink {struct_smart_data_1_
                                           1_units_1_1_humidity_a9a0b764974f...
l.15 ...ty_a9a0b764974fb30cf63a237b10f286199}{id}}
                                                   = 2
I treat `x_1_2' essentially like `x_1{}_2'.

./struct_smart_data_1_1_units_1_1_humidity.tex:15: Double subscript.
<argument> \hyperlink {struct_smart_data_1_1_
                                             units_1_1_humidity_a9a0b764974f...
l.15 ...ty_a9a0b764974fb30cf63a237b10f286199}{id}}
                                                   = 2
I treat `x_1_2' essentially like `x_1{}_2'.

./struct_smart_data_1_1_units_1_1_humidity.tex:15: Double subscript.
<argument> ...link {struct_smart_data_1_1_units_1_
                                                  1_humidity_a9a0b764974fb30...
l.15 ...ty_a9a0b764974fb30cf63a237b10f286199}{id}}
                                                   = 2
I treat `x_1_2' essentially like `x_1{}_2'.

./struct_smart_data_1_1_units_1_1_humidity.tex:15: Double subscript.
<argument> ...nk {struct_smart_data_1_1_units_1_1_
                                                  humidity_a9a0b764974fb30cf...
l.15 ...ty_a9a0b764974fb30cf63a237b10f286199}{id}}
                                                   = 2
I treat `x_1_2' essentially like `x_1{}_2'.

./struct_smart_data_1_1_units_1_1_humidity.tex:15: Extra }, or forgotten $.
<argument> ...y_a9a0b764974fb30cf63a237b10f286199}
                                                  {id}
l.15 ...ty_a9a0b764974fb30cf63a237b10f286199}{id}}
                                                   = 2
I've deleted a group-closing symbol because it seems to be
spurious, as in `$x}$'. But perhaps the } is legitimate and
you forgot something else, as in `\hbox{$x}'. In such cases
the way to recover is to insert both the forgotten and the
deleted material, e.g., by typing `I$}'.

./struct_smart_data_1_1_units_1_1_humidity.tex:15: Extra }, or forgotten $.
\mbox  #1->\leavevmode \hbox {#1}
                                 
l.15 ...ty_a9a0b764974fb30cf63a237b10f286199}{id}}
                                                   = 2
I've deleted a group-closing symbol because it seems to be
spurious, as in `$x}$'. But perhaps the } is legitimate and
you forgot something else, as in `\hbox{$x}'. In such cases
the way to recover is to insert both the forgotten and the
deleted material, e.g., by typing `I$}'.


./struct_smart_data_1_1_units_1_1_humidity.tex:16: LaTeX Error: \begin{document} ended by \end{DoxyCompactItemize}.

See the LaTeX manual or LaTeX Companion for explanation.
Type  H <return>  for immediate help.
 ...                                              
                                                  
l.16 \end{DoxyCompactItemize}
                             
Your command was ignored.
Type  I <command> <return>  to replace it with another command,
or  <return>  to continue without it.

./struct_smart_data_1_1_units_1_1_humidity.tex:16: Missing $ inserted.
<inserted text> 
                $
l.16 \end{DoxyCompactItemize}
                             
I've inserted something that you may have forgotten.
(See the <inserted text> above.)
With luck, this will get me unwedged. But if you
really didn't forget anything, try typing `2' now; then
my insertion and my current dilemma will both disappear.

./struct_smart_data_1_1_units_1_1_humidity.tex:16: Missing } inserted.
<inserted text> 
                }
l.16 \end{DoxyCompactItemize}
                             
I've inserted something that you may have forgotten.
(See the <inserted text> above.)
With luck, this will get me unwedged. But if you
really didn't forget anything, try typing `2' now; then
my insertion and my current dilemma will both disappear.

./struct_smart_data_1_1_units_1_1_humidity.tex:16: Missing } inserted.
<inserted text> 
                }
l.16 \end{DoxyCompactItemize}
                             
I've inserted something that you may have forgotten.
(See the <inserted text> above.)
With luck, this will get me unwedged. But if you
really didn't forget anything, try typing `2' now; then
my insertion and my current dilemma will both disappear.


Overfull \hbox (319.3131pt too wide) in paragraph at lines 15--17
[] 
 []

./struct_smart_data_1_1_units_1_1_humidity.tex:20: Undefined control sequence.
l.20 \Hypertarget
                 {struct_smart_data_1_1_units_1_1_humidity_doc-typedef-members}
The control sequence at the end of the top line
of your error message was never \def'ed. If you have
misspelled it (e.g., `\hobx'), type `I' and the correct
spelling (e.g., `I\hbox'). Otherwise just continue,
and I'll forget about whatever was undefined.


./struct_smart_data_1_1_units_1_1_humidity.tex:20: LaTeX Error: Missing \begin{document}.

See the LaTeX manual or LaTeX Companion for explanation.
Type  H <return>  for immediate help.
 ...                                              
                                                  
l.20 \Hypertarget{s
                   truct_smart_data_1_1_units_1_1_humidity_doc-typedef-members}
You're in trouble here.  Try typing  <return>  to proceed.
If that doesn't work, type  X <return>  to quit.

Missing character: There is no s in font nullfont!
Missing character: There is no t in font nullfont!
Missing character: There is no r in font nullfont!
Missing character: There is no u in font nullfont!
Missing character: There is no c in font nullfont!
Missing character: There is no t in font nullfont!
./struct_smart_data_1_1_units_1_1_humidity.tex:20: Missing $ inserted.
<inserted text> 
                $
l.20 \Hypertarget{struct_
                         smart_data_1_1_units_1_1_humidity_doc-typedef-members}
I've inserted a begin-math/end-math symbol since I think
you left one out. Proceed, with fingers crossed.

./struct_smart_data_1_1_units_1_1_humidity.tex:20: Double subscript.
l.20 \Hypertarget{struct_smart_data_1_
                                      1_units_1_1_humidity_doc-typedef-members}
I treat `x_1_2' essentially like `x_1{}_2'.

./struct_smart_data_1_1_units_1_1_humidity.tex:20: Double subscript.
l.20 \Hypertarget{struct_smart_data_1_1_
                                        units_1_1_humidity_doc-typedef-members}
I treat `x_1_2' essentially like `x_1{}_2'.

./struct_smart_data_1_1_units_1_1_humidity.tex:20: Double subscript.
l.20 \Hypertarget{struct_smart_data_1_1_units_1_
                                                1_humidity_doc-typedef-members}
I treat `x_1_2' essentially like `x_1{}_2'.

./struct_smart_data_1_1_units_1_1_humidity.tex:20: Double subscript.
l.20 \Hypertarget{struct_smart_data_1_1_units_1_1_
                                                  humidity_doc-typedef-members}
I treat `x_1_2' essentially like `x_1{}_2'.

./struct_smart_data_1_1_units_1_1_humidity.tex:20: Extra }, or forgotten $.
l.20 ..._1_units_1_1_humidity_doc-typedef-members}
                                                  
I've deleted a group-closing symbol because it seems to be
spurious, as in `$x}$'. But perhaps the } is legitimate and
you forgot something else, as in `\hbox{$x}'. In such cases
the way to recover is to insert both the forgotten and the
deleted material, e.g., by typing `I$}'.

./struct_smart_data_1_1_units_1_1_humidity.tex:21: Undefined control sequence.
l.21 \doxysubsection
                    {Member Typedef Documentation}
The control sequence at the end of the top line
of your error message was never \def'ed. If you have
misspelled it (e.g., `\hobx'), type `I' and the correct
spelling (e.g., `I\hbox'). Otherwise just continue,
and I'll forget about whatever was undefined.

./struct_smart_data_1_1_units_1_1_humidity.tex:22: Undefined control sequence.
l.22 \Hypertarget
                 {struct_smart_data_1_1_units_1_1_humidity_abdf7749ea2c4299f...
The control sequence at the end of the top line
of your error message was never \def'ed. If you have
misspelled it (e.g., `\hobx'), type `I' and the correct
spelling (e.g., `I\hbox'). Otherwise just continue,
and I'll forget about whatever was undefined.

./struct_smart_data_1_1_units_1_1_humidity.tex:22: Double subscript.
l.22 \Hypertarget{struct_smart_data_1_
                                      1_units_1_1_humidity_abdf7749ea2c4299f...
I treat `x_1_2' essentially like `x_1{}_2'.

./struct_smart_data_1_1_units_1_1_humidity.tex:22: Double subscript.
l.22 \Hypertarget{struct_smart_data_1_1_
                                        units_1_1_humidity_abdf7749ea2c4299f...
I treat `x_1_2' essentially like `x_1{}_2'.

./struct_smart_data_1_1_units_1_1_humidity.tex:22: Double subscript.
l.22 \Hypertarget{struct_smart_data_1_1_units_1_
                                                1_humidity_abdf7749ea2c4299f...
I treat `x_1_2' essentially like `x_1{}_2'.

./struct_smart_data_1_1_units_1_1_humidity.tex:22: Double subscript.
l.22 \Hypertarget{struct_smart_data_1_1_units_1_1_
                                                  humidity_abdf7749ea2c4299f...
I treat `x_1_2' essentially like `x_1{}_2'.

./struct_smart_data_1_1_units_1_1_humidity.tex:24: Undefined control sequence.
l.24 \doxysubsubsection
                       {\texorpdfstring{ValueType}{ValueType}}
The control sequence at the end of the top line
of your error message was never \def'ed. If you have
misspelled it (e.g., `\hobx'), type `I' and the correct
spelling (e.g., `I\hbox'). Otherwise just continue,
and I'll forget about whatever was undefined.

./struct_smart_data_1_1_units_1_1_humidity.tex:24: Undefined control sequence.
l.24 \doxysubsubsection{\texorpdfstring
                                       {ValueType}{ValueType}}
The control sequence at the end of the top line
of your error message was never \def'ed. If you have
misspelled it (e.g., `\hobx'), type `I' and the correct
spelling (e.g., `I\hbox'). Otherwise just continue,
and I'll forget about whatever was undefined.

./struct_smart_data_1_1_units_1_1_humidity.tex:25: Undefined control sequence.
l.25 {\footnotesize
                   \ttfamily \label{struct_smart_data_1_1_units_1_1_humidity...
The control sequence at the end of the top line
of your error message was never \def'ed. If you have
misspelled it (e.g., `\hobx'), type `I' and the correct
spelling (e.g., `I\hbox'). Otherwise just continue,
and I'll forget about whatever was undefined.


./struct_smart_data_1_1_units_1_1_humidity.tex:25: LaTeX Error: Command \ttfamily invalid in math mode.

See the LaTeX manual or LaTeX Companion for explanation.
Type  H <return>  for immediate help.
 ...                                              
                                                  
l.25 {\footnotesize\ttfamily
                             \label{struct_smart_data_1_1_units_1_1_humidity...
Please use the math alphabet \mathtt instead of the \ttfamily command. 

./struct_smart_data_1_1_units_1_1_humidity.tex:26: Undefined control sequence.
<argument> \hyperlink 
                      {struct_smart_data_1_1_units_1_1_humidity_abdf7749ea2c...
l.26 ...::\+Units\+::\+Humidity\+::\+Value\+Type}}
                                                  }
The control sequence at the end of the top line
of your error message was never \def'ed. If you have
misspelled it (e.g., `\hobx'), type `I' and the correct
spelling (e.g., `I\hbox'). Otherwise just continue,
and I'll forget about whatever was undefined.

./struct_smart_data_1_1_units_1_1_humidity.tex:26: Missing $ inserted.
<inserted text> 
                $
l.26 ...::\+Units\+::\+Humidity\+::\+Value\+Type}}
                                                  }
I've inserted a begin-math/end-math symbol since I think
you left one out. Proceed, with fingers crossed.

./struct_smart_data_1_1_units_1_1_humidity.tex:26: Double subscript.
<argument> \hyperlink {struct_smart_data_1_
                                           1_units_1_1_humidity_abdf7749ea2c...
l.26 ...::\+Units\+::\+Humidity\+::\+Value\+Type}}
                                                  }
I treat `x_1_2' essentially like `x_1{}_2'.

./struct_smart_data_1_1_units_1_1_humidity.tex:26: Double subscript.
<argument> \hyperlink {struct_smart_data_1_1_
                                             units_1_1_humidity_abdf7749ea2c...
l.26 ...::\+Units\+::\+Humidity\+::\+Value\+Type}}
                                                  }
I treat `x_1_2' essentially like `x_1{}_2'.

./struct_smart_data_1_1_units_1_1_humidity.tex:26: Double subscript.
<argument> ...link {struct_smart_data_1_1_units_1_
                                                  1_humidity_abdf7749ea2c429...
l.26 ...::\+Units\+::\+Humidity\+::\+Value\+Type}}
                                                  }
I treat `x_1_2' essentially like `x_1{}_2'.

./struct_smart_data_1_1_units_1_1_humidity.tex:26: Double subscript.
<argument> ...nk {struct_smart_data_1_1_units_1_1_
                                                  humidity_abdf7749ea2c4299f...
l.26 ...::\+Units\+::\+Humidity\+::\+Value\+Type}}
                                                  }
I treat `x_1_2' essentially like `x_1{}_2'.

./struct_smart_data_1_1_units_1_1_humidity.tex:26: Extra }, or forgotten $.
<argument> ...y_abdf7749ea2c4299f42d8e83badaeb990}
                                                  {Smart\+Data\+::\+Units\+:...
l.26 ...::\+Units\+::\+Humidity\+::\+Value\+Type}}
                                                  }
I've deleted a group-closing symbol because it seems to be
spurious, as in `$x}$'. But perhaps the } is legitimate and
you forgot something else, as in `\hbox{$x}'. In such cases
the way to recover is to insert both the forgotten and the
deleted material, e.g., by typing `I$}'.

./struct_smart_data_1_1_units_1_1_humidity.tex:26: Undefined control sequence.
<argument> ...49ea2c4299f42d8e83badaeb990}{Smart\+
                                                  Data\+::\+Units\+::\+Humid...
l.26 ...::\+Units\+::\+Humidity\+::\+Value\+Type}}
                                                  }
The control sequence at the end of the top line
of your error message was never \def'ed. If you have
misspelled it (e.g., `\hobx'), type `I' and the correct
spelling (e.g., `I\hbox'). Otherwise just continue,
and I'll forget about whatever was undefined.

./struct_smart_data_1_1_units_1_1_humidity.tex:26: Undefined control sequence.
<argument> ...4299f42d8e83badaeb990}{Smart\+Data\+
                                                  ::\+Units\+::\+Humidity\+:...
l.26 ...::\+Units\+::\+Humidity\+::\+Value\+Type}}
                                                  }
The control sequence at the end of the top line
of your error message was never \def'ed. If you have
misspelled it (e.g., `\hobx'), type `I' and the correct
spelling (e.g., `I\hbox'). Otherwise just continue,
and I'll forget about whatever was undefined.

./struct_smart_data_1_1_units_1_1_humidity.tex:26: Undefined control sequence.
<argument> ...f42d8e83badaeb990}{Smart\+Data\+::\+
                                                  Units\+::\+Humidity\+::\+V...
l.26 ...::\+Units\+::\+Humidity\+::\+Value\+Type}}
                                                  }
The control sequence at the end of the top line
of your error message was never \def'ed. If you have
misspelled it (e.g., `\hobx'), type `I' and the correct
spelling (e.g., `I\hbox'). Otherwise just continue,
and I'll forget about whatever was undefined.

./struct_smart_data_1_1_units_1_1_humidity.tex:26: Undefined control sequence.
<argument> ...3badaeb990}{Smart\+Data\+::\+Units\+
                                                  ::\+Humidity\+::\+Value\+T...
l.26 ...::\+Units\+::\+Humidity\+::\+Value\+Type}}
                                                  }
The control sequence at the end of the top line
of your error message was never \def'ed. If you have
misspelled it (e.g., `\hobx'), type `I' and the correct
spelling (e.g., `I\hbox'). Otherwise just continue,
and I'll forget about whatever was undefined.

./struct_smart_data_1_1_units_1_1_humidity.tex:26: Undefined control sequence.
<argument> ...aeb990}{Smart\+Data\+::\+Units\+::\+
                                                  Humidity\+::\+Value\+Type}
l.26 ...::\+Units\+::\+Humidity\+::\+Value\+Type}}
                                                  }
The control sequence at the end of the top line
of your error message was never \def'ed. If you have
misspelled it (e.g., `\hobx'), type `I' and the correct
spelling (e.g., `I\hbox'). Otherwise just continue,
and I'll forget about whatever was undefined.

./struct_smart_data_1_1_units_1_1_humidity.tex:26: Undefined control sequence.
<argument> ...art\+Data\+::\+Units\+::\+Humidity\+
                                                  ::\+Value\+Type}
l.26 ...::\+Units\+::\+Humidity\+::\+Value\+Type}}
                                                  }
The control sequence at the end of the top line
of your error message was never \def'ed. If you have
misspelled it (e.g., `\hobx'), type `I' and the correct
spelling (e.g., `I\hbox'). Otherwise just continue,
and I'll forget about whatever was undefined.

./struct_smart_data_1_1_units_1_1_humidity.tex:26: Undefined control sequence.
<argument> ...+Data\+::\+Units\+::\+Humidity\+::\+
                                                  Value\+Type}
l.26 ...::\+Units\+::\+Humidity\+::\+Value\+Type}}
                                                  }
The control sequence at the end of the top line
of your error message was never \def'ed. If you have
misspelled it (e.g., `\hobx'), type `I' and the correct
spelling (e.g., `I\hbox'). Otherwise just continue,
and I'll forget about whatever was undefined.

./struct_smart_data_1_1_units_1_1_humidity.tex:26: Undefined control sequence.
<argument> ...::\+Units\+::\+Humidity\+::\+Value\+
                                                  Type}
l.26 ...::\+Units\+::\+Humidity\+::\+Value\+Type}}
                                                  }
The control sequence at the end of the top line
of your error message was never \def'ed. If you have
misspelled it (e.g., `\hobx'), type `I' and the correct
spelling (e.g., `I\hbox'). Otherwise just continue,
and I'll forget about whatever was undefined.

./struct_smart_data_1_1_units_1_1_humidity.tex:26: Extra }, or forgotten $.
\mbox  #1->\leavevmode \hbox {#1}
                                 
l.26 ...::\+Units\+::\+Humidity\+::\+Value\+Type}}
                                                  }
I've deleted a group-closing symbol because it seems to be
spurious, as in `$x}$'. But perhaps the } is legitimate and
you forgot something else, as in `\hbox{$x}'. In such cases
the way to recover is to insert both the forgotten and the
deleted material, e.g., by typing `I$}'.

./struct_smart_data_1_1_units_1_1_humidity.tex:26: Extra }, or forgotten $.
l.26 ...:\+Units\+::\+Humidity\+::\+Value\+Type}}}
                                                  
I've deleted a group-closing symbol because it seems to be
spurious, as in `$x}$'. But perhaps the } is legitimate and
you forgot something else, as in `\hbox{$x}'. In such cases
the way to recover is to insert both the forgotten and the
deleted material, e.g., by typing `I$}'.

./struct_smart_data_1_1_units_1_1_humidity.tex:27: Missing $ inserted.
<inserted text> 
                $
l.27 
     
I've inserted a begin-math/end-math symbol since I think
you left one out. Proceed, with fingers crossed.

./struct_smart_data_1_1_units_1_1_humidity.tex:31: Undefined control sequence.
l.31 \Hypertarget
                 {struct_smart_data_1_1_units_1_1_humidity_doc-variable-memb...
The control sequence at the end of the top line
of your error message was never \def'ed. If you have
misspelled it (e.g., `\hobx'), type `I' and the correct
spelling (e.g., `I\hbox'). Otherwise just continue,
and I'll forget about whatever was undefined.

./struct_smart_data_1_1_units_1_1_humidity.tex:31: Missing $ inserted.
<inserted text> 
                $
l.31 \Hypertarget{struct_
                         smart_data_1_1_units_1_1_humidity_doc-variable-memb...
I've inserted a begin-math/end-math symbol since I think
you left one out. Proceed, with fingers crossed.

./struct_smart_data_1_1_units_1_1_humidity.tex:31: Double subscript.
l.31 \Hypertarget{struct_smart_data_1_
                                      1_units_1_1_humidity_doc-variable-memb...
I treat `x_1_2' essentially like `x_1{}_2'.

./struct_smart_data_1_1_units_1_1_humidity.tex:31: Double subscript.
l.31 \Hypertarget{struct_smart_data_1_1_
                                        units_1_1_humidity_doc-variable-memb...
I treat `x_1_2' essentially like `x_1{}_2'.

./struct_smart_data_1_1_units_1_1_humidity.tex:31: Double subscript.
l.31 \Hypertarget{struct_smart_data_1_1_units_1_
                                                1_humidity_doc-variable-memb...
I treat `x_1_2' essentially like `x_1{}_2'.

./struct_smart_data_1_1_units_1_1_humidity.tex:31: Double subscript.
l.31 \Hypertarget{struct_smart_data_1_1_units_1_1_
                                                  humidity_doc-variable-memb...
I treat `x_1_2' essentially like `x_1{}_2'.

./struct_smart_data_1_1_units_1_1_humidity.tex:31: Extra }, or forgotten $.
l.31 ...1_units_1_1_humidity_doc-variable-members}
                                                  
I've deleted a group-closing symbol because it seems to be
spurious, as in `$x}$'. But perhaps the } is legitimate and
you forgot something else, as in `\hbox{$x}'. In such cases
the way to recover is to insert both the forgotten and the
deleted material, e.g., by typing `I$}'.

./struct_smart_data_1_1_units_1_1_humidity.tex:32: Undefined control sequence.
l.32 \doxysubsection
                    {Member Data Documentation}
The control sequence at the end of the top line
of your error message was never \def'ed. If you have
misspelled it (e.g., `\hobx'), type `I' and the correct
spelling (e.g., `I\hbox'). Otherwise just continue,
and I'll forget about whatever was undefined.

./struct_smart_data_1_1_units_1_1_humidity.tex:33: Undefined control sequence.
l.33 \Hypertarget
                 {struct_smart_data_1_1_units_1_1_humidity_a9a0b764974fb30cf...
The control sequence at the end of the top line
of your error message was never \def'ed. If you have
misspelled it (e.g., `\hobx'), type `I' and the correct
spelling (e.g., `I\hbox'). Otherwise just continue,
and I'll forget about whatever was undefined.

./struct_smart_data_1_1_units_1_1_humidity.tex:33: Double subscript.
l.33 \Hypertarget{struct_smart_data_1_
                                      1_units_1_1_humidity_a9a0b764974fb30cf...
I treat `x_1_2' essentially like `x_1{}_2'.

./struct_smart_data_1_1_units_1_1_humidity.tex:33: Double subscript.
l.33 \Hypertarget{struct_smart_data_1_1_
                                        units_1_1_humidity_a9a0b764974fb30cf...
I treat `x_1_2' essentially like `x_1{}_2'.

./struct_smart_data_1_1_units_1_1_humidity.tex:33: Double subscript.
l.33 \Hypertarget{struct_smart_data_1_1_units_1_
                                                1_humidity_a9a0b764974fb30cf...
I treat `x_1_2' essentially like `x_1{}_2'.

./struct_smart_data_1_1_units_1_1_humidity.tex:33: Double subscript.
l.33 \Hypertarget{struct_smart_data_1_1_units_1_1_
                                                  humidity_a9a0b764974fb30cf...
I treat `x_1_2' essentially like `x_1{}_2'.

./struct_smart_data_1_1_units_1_1_humidity.tex:35: Undefined control sequence.
l.35 \doxysubsubsection
                       {\texorpdfstring{id}{id}}
The control sequence at the end of the top line
of your error message was never \def'ed. If you have
misspelled it (e.g., `\hobx'), type `I' and the correct
spelling (e.g., `I\hbox'). Otherwise just continue,
and I'll forget about whatever was undefined.

./struct_smart_data_1_1_units_1_1_humidity.tex:35: Undefined control sequence.
l.35 \doxysubsubsection{\texorpdfstring
                                       {id}{id}}
The control sequence at the end of the top line
of your error message was never \def'ed. If you have
misspelled it (e.g., `\hobx'), type `I' and the correct
spelling (e.g., `I\hbox'). Otherwise just continue,
and I'll forget about whatever was undefined.

./struct_smart_data_1_1_units_1_1_humidity.tex:36: Undefined control sequence.
l.36 {\footnotesize
                   \ttfamily \label{struct_smart_data_1_1_units_1_1_humidity...
The control sequence at the end of the top line
of your error message was never \def'ed. If you have
misspelled it (e.g., `\hobx'), type `I' and the correct
spelling (e.g., `I\hbox'). Otherwise just continue,
and I'll forget about whatever was undefined.


./struct_smart_data_1_1_units_1_1_humidity.tex:36: LaTeX Error: Command \ttfamily invalid in math mode.

See the LaTeX manual or LaTeX Companion for explanation.
Type  H <return>  for immediate help.
 ...                                              
                                                  
l.36 {\footnotesize\ttfamily
                             \label{struct_smart_data_1_1_units_1_1_humidity...
Please use the math alphabet \mathtt instead of the \ttfamily command. 

./struct_smart_data_1_1_units_1_1_humidity.tex:37: Undefined control sequence.
l.37 int Smart\+
                Data\+::\+Units\+::\+Humidity\+::id = 2\hspace{0.3cm}{\ttfam...
The control sequence at the end of the top line
of your error message was never \def'ed. If you have
misspelled it (e.g., `\hobx'), type `I' and the correct
spelling (e.g., `I\hbox'). Otherwise just continue,
and I'll forget about whatever was undefined.

./struct_smart_data_1_1_units_1_1_humidity.tex:37: Undefined control sequence.
l.37 int Smart\+Data\+
                      ::\+Units\+::\+Humidity\+::id = 2\hspace{0.3cm}{\ttfam...
The control sequence at the end of the top line
of your error message was never \def'ed. If you have
misspelled it (e.g., `\hobx'), type `I' and the correct
spelling (e.g., `I\hbox'). Otherwise just continue,
and I'll forget about whatever was undefined.

./struct_smart_data_1_1_units_1_1_humidity.tex:37: Undefined control sequence.
l.37 int Smart\+Data\+::\+
                          Units\+::\+Humidity\+::id = 2\hspace{0.3cm}{\ttfam...
The control sequence at the end of the top line
of your error message was never \def'ed. If you have
misspelled it (e.g., `\hobx'), type `I' and the correct
spelling (e.g., `I\hbox'). Otherwise just continue,
and I'll forget about whatever was undefined.

./struct_smart_data_1_1_units_1_1_humidity.tex:37: Undefined control sequence.
l.37 int Smart\+Data\+::\+Units\+
                                 ::\+Humidity\+::id = 2\hspace{0.3cm}{\ttfam...
The control sequence at the end of the top line
of your error message was never \def'ed. If you have
misspelled it (e.g., `\hobx'), type `I' and the correct
spelling (e.g., `I\hbox'). Otherwise just continue,
and I'll forget about whatever was undefined.

./struct_smart_data_1_1_units_1_1_humidity.tex:37: Undefined control sequence.
l.37 int Smart\+Data\+::\+Units\+::\+
                                     Humidity\+::id = 2\hspace{0.3cm}{\ttfam...
The control sequence at the end of the top line
of your error message was never \def'ed. If you have
misspelled it (e.g., `\hobx'), type `I' and the correct
spelling (e.g., `I\hbox'). Otherwise just continue,
and I'll forget about whatever was undefined.

./struct_smart_data_1_1_units_1_1_humidity.tex:37: Undefined control sequence.
l.37 int Smart\+Data\+::\+Units\+::\+Humidity\+
                                               ::id = 2\hspace{0.3cm}{\ttfam...
The control sequence at the end of the top line
of your error message was never \def'ed. If you have
misspelled it (e.g., `\hobx'), type `I' and the correct
spelling (e.g., `I\hbox'). Otherwise just continue,
and I'll forget about whatever was undefined.


./struct_smart_data_1_1_units_1_1_humidity.tex:37: LaTeX Error: Command \ttfamily invalid in math mode.

See the LaTeX manual or LaTeX Companion for explanation.
Type  H <return>  for immediate help.
 ...                                              
                                                  
l.37 ...Humidity\+::id = 2\hspace{0.3cm}{\ttfamily
                                                   [static]}, {\ttfamily [co...
Please use the math alphabet \mathtt instead of the \ttfamily command. 


./struct_smart_data_1_1_units_1_1_humidity.tex:37: LaTeX Error: Command \ttfamily invalid in math mode.

See the LaTeX manual or LaTeX Companion for explanation.
Type  H <return>  for immediate help.
 ...                                              
                                                  
l.37 ...ace{0.3cm}{\ttfamily [static]}, {\ttfamily
                                                   [constexpr]}}
Please use the math alphabet \mathtt instead of the \ttfamily command. 

./struct_smart_data_1_1_units_1_1_humidity.tex:38: Missing $ inserted.
<inserted text> 
                $
l.38 
     
I've inserted a begin-math/end-math symbol since I think
you left one out. Proceed, with fingers crossed.

./struct_smart_data_1_1_units_1_1_humidity.tex:41: Undefined control sequence.
l.41 ...ct was generated from the following file\+
                                                  :\begin{DoxyCompactItemize}
The control sequence at the end of the top line
of your error message was never \def'ed. If you have
misspelled it (e.g., `\hobx'), type `I' and the correct
spelling (e.g., `I\hbox'). Otherwise just continue,
and I'll forget about whatever was undefined.


./struct_smart_data_1_1_units_1_1_humidity.tex:41: LaTeX Error: Environment DoxyCompactItemize undefined.

See the LaTeX manual or LaTeX Companion for explanation.
Type  H <return>  for immediate help.
 ...                                              
                                                  
l.41 ...ollowing file\+:\begin{DoxyCompactItemize}
                                                  
Your command was ignored.
Type  I <command> <return>  to replace it with another command,
or  <return>  to continue without it.


./struct_smart_data_1_1_units_1_1_humidity.tex:43: LaTeX Error: Not allowed in LR mode.

See the LaTeX manual or LaTeX Companion for explanation.
Type  H <return>  for immediate help.
 ...                                              
                                                  
l.43 s
      ource/vehicle/smartdata/\mbox{\hyperlink{smart__data_8hpp}{smart\+\_\+...
You've lost some text.  Try typing  <return>  to proceed.
If that doesn't work, type  X <return>  to quit.


./struct_smart_data_1_1_units_1_1_humidity.tex:43: LaTeX Error: Not allowed in LR mode.

See the LaTeX manual or LaTeX Companion for explanation.
Type  H <return>  for immediate help.
 ...                                              
                                                  
l.43 s
      ource/vehicle/smartdata/\mbox{\hyperlink{smart__data_8hpp}{smart\+\_\+...
You've lost some text.  Try typing  <return>  to proceed.
If that doesn't work, type  X <return>  to quit.

./struct_smart_data_1_1_units_1_1_humidity.tex:43: Missing \endgroup inserted.
<inserted text> 
                \endgroup 
l.43 s
      ource/vehicle/smartdata/\mbox{\hyperlink{smart__data_8hpp}{smart\+\_\+...
I've inserted something that you may have forgotten.
(See the <inserted text> above.)
With luck, this will get me unwedged. But if you
really didn't forget anything, try typing `2' now; then
my insertion and my current dilemma will both disappear.

./struct_smart_data_1_1_units_1_1_humidity.tex:43: Missing } inserted.
<inserted text> 
                }
l.43 s
      ource/vehicle/smartdata/\mbox{\hyperlink{smart__data_8hpp}{smart\+\_\+...
I've inserted something that you may have forgotten.
(See the <inserted text> above.)
With luck, this will get me unwedged. But if you
really didn't forget anything, try typing `2' now; then
my insertion and my current dilemma will both disappear.

./struct_smart_data_1_1_units_1_1_humidity.tex:43: Missing } inserted.
<inserted text> 
                }
l.43 s
      ource/vehicle/smartdata/\mbox{\hyperlink{smart__data_8hpp}{smart\+\_\+...
I've inserted something that you may have forgotten.
(See the <inserted text> above.)
With luck, this will get me unwedged. But if you
really didn't forget anything, try typing `2' now; then
my insertion and my current dilemma will both disappear.

./struct_smart_data_1_1_units_1_1_humidity.tex:43: Missing } inserted.
<inserted text> 
                }
l.43 s
      ource/vehicle/smartdata/\mbox{\hyperlink{smart__data_8hpp}{smart\+\_\+...
I've inserted something that you may have forgotten.
(See the <inserted text> above.)
With luck, this will get me unwedged. But if you
really didn't forget anything, try typing `2' now; then
my insertion and my current dilemma will both disappear.

./struct_smart_data_1_1_units_1_1_humidity.tex:43: Missing $ inserted.
<inserted text> 
                $
l.43 s
      ource/vehicle/smartdata/\mbox{\hyperlink{smart__data_8hpp}{smart\+\_\+...
I've inserted a begin-math/end-math symbol since I think
you left one out. Proceed, with fingers crossed.

./struct_smart_data_1_1_units_1_1_humidity.tex:43: Missing } inserted.
<inserted text> 
                }
l.43 s
      ource/vehicle/smartdata/\mbox{\hyperlink{smart__data_8hpp}{smart\+\_\+...
I've inserted something that you may have forgotten.
(See the <inserted text> above.)
With luck, this will get me unwedged. But if you
really didn't forget anything, try typing `2' now; then
my insertion and my current dilemma will both disappear.


Overfull \hbox (168.41624pt too wide) in paragraph at lines 20--43
[]$[]\OML/cmm/m/it/10 mart[]ata[][][]nits[][][]umidity[]oc \OMS/cmsy/m/n/10 ^^@
 []


Overfull \hbox (42.17142pt too wide) in paragraph at lines 20--43
\OML/cmm/m/it/10 typedef \OMS/cmsy/m/n/10 ^^@
 []


Overfull \hbox (2585.58043pt too wide) in paragraph at lines 20--43
\OML/cmm/m/it/10 members[][][][]$ 
 []


./struct_smart_data_1_1_units_1_1_humidity.tex:43: LaTeX Error: Lonely \item--perhaps a missing list environment.

See the LaTeX manual or LaTeX Companion for explanation.
Type  H <return>  for immediate help.
 ...                                              
                                                  
l.43 s
      ource/vehicle/smartdata/\mbox{\hyperlink{smart__data_8hpp}{smart\+\_\+...
Try typing  <return>  to proceed.
If that doesn't work, type  X <return>  to quit.

Missing character: There is no s in font nullfont!
Missing character: There is no o in font nullfont!
Missing character: There is no u in font nullfont!
Missing character: There is no r in font nullfont!
Missing character: There is no c in font nullfont!
Missing character: There is no e in font nullfont!
Missing character: There is no / in font nullfont!
Missing character: There is no v in font nullfont!
Missing character: There is no e in font nullfont!
Missing character: There is no h in font nullfont!
Missing character: There is no i in font nullfont!
Missing character: There is no c in font nullfont!
Missing character: There is no l in font nullfont!
Missing character: There is no e in font nullfont!
Missing character: There is no / in font nullfont!
Missing character: There is no s in font nullfont!
Missing character: There is no m in font nullfont!
Missing character: There is no a in font nullfont!
Missing character: There is no r in font nullfont!
Missing character: There is no t in font nullfont!
Missing character: There is no d in font nullfont!
Missing character: There is no a in font nullfont!
Missing character: There is no t in font nullfont!
Missing character: There is no a in font nullfont!
Missing character: There is no / in font nullfont!
./struct_smart_data_1_1_units_1_1_humidity.tex:43: Undefined control sequence.
<argument> \hyperlink 
                      {smart__data_8hpp}{smart\+\_\+data.\+hpp}
l.43 ...{smart__data_8hpp}{smart\+\_\+data.\+hpp}}
                                                  \end{DoxyCompactItemize}
The control sequence at the end of the top line
of your error message was never \def'ed. If you have
misspelled it (e.g., `\hobx'), type `I' and the correct
spelling (e.g., `I\hbox'). Otherwise just continue,
and I'll forget about whatever was undefined.

Missing character: There is no s in font nullfont!
Missing character: There is no m in font nullfont!
Missing character: There is no a in font nullfont!
Missing character: There is no r in font nullfont!
Missing character: There is no t in font nullfont!
./struct_smart_data_1_1_units_1_1_humidity.tex:43: Missing $ inserted.
<inserted text> 
                $
l.43 ...{smart__data_8hpp}{smart\+\_\+data.\+hpp}}
                                                  \end{DoxyCompactItemize}
I've inserted a begin-math/end-math symbol since I think
you left one out. Proceed, with fingers crossed.

./struct_smart_data_1_1_units_1_1_humidity.tex:43: Missing { inserted.
<to be read again> 
                   _
l.43 ...{smart__data_8hpp}{smart\+\_\+data.\+hpp}}
                                                  \end{DoxyCompactItemize}
A left brace was mandatory here, so I've put one in.
You might want to delete and/or insert some corrections
so that I will find a matching right brace soon.
(If you're confused by all this, try typing `I}' now.)

./struct_smart_data_1_1_units_1_1_humidity.tex:43: Undefined control sequence.
<argument> \hyperlink {smart__data_8hpp}{smart\+
                                                \_\+data.\+hpp}
l.43 ...{smart__data_8hpp}{smart\+\_\+data.\+hpp}}
                                                  \end{DoxyCompactItemize}
The control sequence at the end of the top line
of your error message was never \def'ed. If you have
misspelled it (e.g., `\hobx'), type `I' and the correct
spelling (e.g., `I\hbox'). Otherwise just continue,
and I'll forget about whatever was undefined.

./struct_smart_data_1_1_units_1_1_humidity.tex:43: Undefined control sequence.
<argument> ...rlink {smart__data_8hpp}{smart\+\_\+
                                                  data.\+hpp}
l.43 ...{smart__data_8hpp}{smart\+\_\+data.\+hpp}}
                                                  \end{DoxyCompactItemize}
The control sequence at the end of the top line
of your error message was never \def'ed. If you have
misspelled it (e.g., `\hobx'), type `I' and the correct
spelling (e.g., `I\hbox'). Otherwise just continue,
and I'll forget about whatever was undefined.

./struct_smart_data_1_1_units_1_1_humidity.tex:43: Undefined control sequence.
<argument> ...smart__data_8hpp}{smart\+\_\+data.\+
                                                  hpp}
l.43 ...{smart__data_8hpp}{smart\+\_\+data.\+hpp}}
                                                  \end{DoxyCompactItemize}
The control sequence at the end of the top line
of your error message was never \def'ed. If you have
misspelled it (e.g., `\hobx'), type `I' and the correct
spelling (e.g., `I\hbox'). Otherwise just continue,
and I'll forget about whatever was undefined.

./struct_smart_data_1_1_units_1_1_humidity.tex:43: Extra }, or forgotten $.
\mbox  #1->\leavevmode \hbox {#1}
                                 
l.43 ...{smart__data_8hpp}{smart\+\_\+data.\+hpp}}
                                                  \end{DoxyCompactItemize}
I've deleted a group-closing symbol because it seems to be
spurious, as in `$x}$'. But perhaps the } is legitimate and
you forgot something else, as in `\hbox{$x}'. In such cases
the way to recover is to insert both the forgotten and the
deleted material, e.g., by typing `I$}'.


./struct_smart_data_1_1_units_1_1_humidity.tex:43: LaTeX Error: \begin{document} ended by \end{DoxyCompactItemize}.

See the LaTeX manual or LaTeX Companion for explanation.
Type  H <return>  for immediate help.
 ...                                              
                                                  
l.43 ...\+\_\+data.\+hpp}}\end{DoxyCompactItemize}
                                                  
Your command was ignored.
Type  I <command> <return>  to replace it with another command,
or  <return>  to continue without it.

./struct_smart_data_1_1_units_1_1_humidity.tex:43: Missing $ inserted.
<inserted text> 
                $
l.43 ...\+\_\+data.\+hpp}}\end{DoxyCompactItemize}
                                                  
I've inserted something that you may have forgotten.
(See the <inserted text> above.)
With luck, this will get me unwedged. But if you
really didn't forget anything, try typing `2' now; then
my insertion and my current dilemma will both disappear.

./struct_smart_data_1_1_units_1_1_humidity.tex:43: Missing } inserted.
<inserted text> 
                }
l.43 ...\+\_\+data.\+hpp}}\end{DoxyCompactItemize}
                                                  
I've inserted something that you may have forgotten.
(See the <inserted text> above.)
With luck, this will get me unwedged. But if you
really didn't forget anything, try typing `2' now; then
my insertion and my current dilemma will both disappear.

./struct_smart_data_1_1_units_1_1_humidity.tex:43: Missing } inserted.
<inserted text> 
                }
l.43 ...\+\_\+data.\+hpp}}\end{DoxyCompactItemize}
                                                  
I've inserted something that you may have forgotten.
(See the <inserted text> above.)
With luck, this will get me unwedged. But if you
really didn't forget anything, try typing `2' now; then
my insertion and my current dilemma will both disappear.

./struct_smart_data_1_1_units_1_1_humidity.tex:43: Missing } inserted.
<inserted text> 
                }
l.43 ...\+\_\+data.\+hpp}}\end{DoxyCompactItemize}
                                                  
I've inserted something that you may have forgotten.
(See the <inserted text> above.)
With luck, this will get me unwedged. But if you
really didn't forget anything, try typing `2' now; then
my insertion and my current dilemma will both disappear.

./struct_smart_data_1_1_units_1_1_humidity.tex:43: Missing } inserted.
<inserted text> 
                }
l.43 ...\+\_\+data.\+hpp}}\end{DoxyCompactItemize}
                                                  
I've inserted something that you may have forgotten.
(See the <inserted text> above.)
With luck, this will get me unwedged. But if you
really didn't forget anything, try typing `2' now; then
my insertion and my current dilemma will both disappear.

./struct_smart_data_1_1_units_1_1_humidity.tex:43: Extra \endgroup.
<recently read> \endgroup 
                          
l.43 ...\+\_\+data.\+hpp}}\end{DoxyCompactItemize}
                                                  
Things are pretty mixed up, but I think the worst is over.

)
! Emergency stop.
<*> struct_smart_data_1_1_units_1_1_humidity.tex
                                                
*** (job aborted, no legal \end found)

 
Here is how much of TeX's memory you used:
 29 strings out of 469269
 708 string characters out of 5467112
 432984 words of memory out of 5000000
 28560 multiletter control sequences out of 15000+600000
 626993 words of font info for 41 fonts, out of 8000000 for 9000
 319 hyphenation exceptions out of 8191
 20i,6n,23p,241b,160s stack positions out of 10000i,1000n,20000p,200000b,200000s
!  ==> Fatal error occurred, no output PDF file produced!
