This is pdfTeX, Version 3.141592653-2.6-1.40.28 (TeX Live 2025) (preloaded format=pdflatex 2025.9.24)  27 SEP 2025 18:54
entering extended mode
 \write18 enabled.
 file:line:error style messages enabled.
 %&-line parsing enabled.
**struct_ethernet_1_1_header.tex
(./struct_ethernet_1_1_header.tex
LaTeX2e <2025-06-01> patch level 1
L3 programming layer <2025-09-02>
./struct_ethernet_1_1_header.tex:1: Undefined control sequence.
l.1 \doxysection
                {Ethernet\+::Header Struct Reference}
The control sequence at the end of the top line
of your error message was never \def'ed. If you have
misspelled it (e.g., `\hobx'), type `I' and the correct
spelling (e.g., `I\hbox'). Otherwise just continue,
and I'll forget about whatever was undefined.


./struct_ethernet_1_1_header.tex:1: LaTeX Error: Missing \begin{document}.

See the LaTeX manual or LaTeX Companion for explanation.
Type  H <return>  for immediate help.
 ...                                              
                                                  
l.1 \doxysection{E
                  thernet\+::Header Struct Reference}
You're in trouble here.  Try typing  <return>  to proceed.
If that doesn't work, type  X <return>  to quit.

Missing character: There is no E in font nullfont!
Missing character: There is no t in font nullfont!
Missing character: There is no h in font nullfont!
Missing character: There is no e in font nullfont!
Missing character: There is no r in font nullfont!
Missing character: There is no n in font nullfont!
Missing character: There is no e in font nullfont!
Missing character: There is no t in font nullfont!
./struct_ethernet_1_1_header.tex:1: Undefined control sequence.
l.1 \doxysection{Ethernet\+
                           ::Header Struct Reference}
The control sequence at the end of the top line
of your error message was never \def'ed. If you have
misspelled it (e.g., `\hobx'), type `I' and the correct
spelling (e.g., `I\hbox'). Otherwise just continue,
and I'll forget about whatever was undefined.

Missing character: There is no : in font nullfont!
Missing character: There is no : in font nullfont!
Missing character: There is no H in font nullfont!
Missing character: There is no e in font nullfont!
Missing character: There is no a in font nullfont!
Missing character: There is no d in font nullfont!
Missing character: There is no e in font nullfont!
Missing character: There is no r in font nullfont!
Missing character: There is no S in font nullfont!
Missing character: There is no t in font nullfont!
Missing character: There is no r in font nullfont!
Missing character: There is no u in font nullfont!
Missing character: There is no c in font nullfont!
Missing character: There is no t in font nullfont!
Missing character: There is no R in font nullfont!
Missing character: There is no e in font nullfont!
Missing character: There is no f in font nullfont!
Missing character: There is no e in font nullfont!
Missing character: There is no r in font nullfont!
Missing character: There is no e in font nullfont!
Missing character: There is no n in font nullfont!
Missing character: There is no c in font nullfont!
Missing character: There is no e in font nullfont!
./struct_ethernet_1_1_header.tex:2: Undefined control sequence.
l.2 \hypertarget
                {struct_ethernet_1_1_header}{}\label{struct_ethernet_1_1_hea...
The control sequence at the end of the top line
of your error message was never \def'ed. If you have
misspelled it (e.g., `\hobx'), type `I' and the correct
spelling (e.g., `I\hbox'). Otherwise just continue,
and I'll forget about whatever was undefined.

Missing character: There is no s in font nullfont!
Missing character: There is no t in font nullfont!
Missing character: There is no r in font nullfont!
Missing character: There is no u in font nullfont!
Missing character: There is no c in font nullfont!
Missing character: There is no t in font nullfont!
./struct_ethernet_1_1_header.tex:2: Missing $ inserted.
<inserted text> 
                $
l.2 \hypertarget{struct_
                        ethernet_1_1_header}{}\label{struct_ethernet_1_1_hea...
I've inserted a begin-math/end-math symbol since I think
you left one out. Proceed, with fingers crossed.

LaTeX Font Info:    External font `cmex10' loaded for size
(Font)              <7> on input line 2.
LaTeX Font Info:    External font `cmex10' loaded for size
(Font)              <5> on input line 2.
./struct_ethernet_1_1_header.tex:2: Double subscript.
l.2 \hypertarget{struct_ethernet_1_
                                   1_header}{}\label{struct_ethernet_1_1_hea...
I treat `x_1_2' essentially like `x_1{}_2'.

./struct_ethernet_1_1_header.tex:2: Double subscript.
l.2 \hypertarget{struct_ethernet_1_1_
                                     header}{}\label{struct_ethernet_1_1_hea...
I treat `x_1_2' essentially like `x_1{}_2'.

./struct_ethernet_1_1_header.tex:2: Extra }, or forgotten $.
l.2 \hypertarget{struct_ethernet_1_1_header}
                                            {}\label{struct_ethernet_1_1_hea...
I've deleted a group-closing symbol because it seems to be
spurious, as in `$x}$'. But perhaps the } is legitimate and
you forgot something else, as in `\hbox{$x}'. In such cases
the way to recover is to insert both the forgotten and the
deleted material, e.g., by typing `I$}'.

./struct_ethernet_1_1_header.tex:3: Missing $ inserted.
<inserted text> 
                $
l.3 
    
I've inserted a begin-math/end-math symbol since I think
you left one out. Proceed, with fingers crossed.


Overfull \hbox (20.0pt too wide) in paragraph at lines 1--3
[]
 []


Overfull \hbox (76.12883pt too wide) in paragraph at lines 1--3
[]\OML/cmm/m/it/10 thernet[][][]eader[][]$ 
 []


./struct_ethernet_1_1_header.tex:5: LaTeX Error: Missing \begin{document}.

See the LaTeX manual or LaTeX Companion for explanation.
Type  H <return>  for immediate help.
 ...                                              
                                                  
l.5 R
     epresents the 14-\/byte \doxylink{class_ethernet}{Ethernet} header.
You're in trouble here.  Try typing  <return>  to proceed.
If that doesn't work, type  X <return>  to quit.

Missing character: There is no R in font nullfont!
Missing character: There is no e in font nullfont!
Missing character: There is no p in font nullfont!
Missing character: There is no r in font nullfont!
Missing character: There is no e in font nullfont!
Missing character: There is no s in font nullfont!
Missing character: There is no e in font nullfont!
Missing character: There is no n in font nullfont!
Missing character: There is no t in font nullfont!
Missing character: There is no s in font nullfont!
Missing character: There is no t in font nullfont!
Missing character: There is no h in font nullfont!
Missing character: There is no e in font nullfont!
Missing character: There is no 1 in font nullfont!
Missing character: There is no 4 in font nullfont!
Missing character: There is no - in font nullfont!
Missing character: There is no b in font nullfont!
Missing character: There is no y in font nullfont!
Missing character: There is no t in font nullfont!
Missing character: There is no e in font nullfont!
./struct_ethernet_1_1_header.tex:5: Undefined control sequence.
l.5 Represents the 14-\/byte \doxylink
                                      {class_ethernet}{Ethernet} header.
The control sequence at the end of the top line
of your error message was never \def'ed. If you have
misspelled it (e.g., `\hobx'), type `I' and the correct
spelling (e.g., `I\hbox'). Otherwise just continue,
and I'll forget about whatever was undefined.

Missing character: There is no c in font nullfont!
Missing character: There is no l in font nullfont!
Missing character: There is no a in font nullfont!
Missing character: There is no s in font nullfont!
Missing character: There is no s in font nullfont!
./struct_ethernet_1_1_header.tex:5: Missing $ inserted.
<inserted text> 
                $
l.5 Represents the 14-\/byte \doxylink{class_
                                             ethernet}{Ethernet} header.
I've inserted a begin-math/end-math symbol since I think
you left one out. Proceed, with fingers crossed.

./struct_ethernet_1_1_header.tex:5: Extra }, or forgotten $.
l.5 ...nts the 14-\/byte \doxylink{class_ethernet}
                                                  {Ethernet} header.
I've deleted a group-closing symbol because it seems to be
spurious, as in `$x}$'. But perhaps the } is legitimate and
you forgot something else, as in `\hbox{$x}'. In such cases
the way to recover is to insert both the forgotten and the
deleted material, e.g., by typing `I$}'.

./struct_ethernet_1_1_header.tex:6: Missing $ inserted.
<inserted text> 
                $
l.6 
    
I've inserted a begin-math/end-math symbol since I think
you left one out. Proceed, with fingers crossed.


Overfull \hbox (20.0pt too wide) in paragraph at lines 5--6
[]
 []


Overfull \hbox (111.005pt too wide) in paragraph at lines 5--6
[]\OML/cmm/m/it/10 thernet[]header:$ 
 []


./struct_ethernet_1_1_header.tex:10: LaTeX Error: Missing \begin{document}.

See the LaTeX manual or LaTeX Companion for explanation.
Type  H <return>  for immediate help.
 ...                                              
                                                  
l.10 {\ttfamily \#
                  include $<$ethernet.\+hpp$>$}
You're in trouble here.  Try typing  <return>  to proceed.
If that doesn't work, type  X <return>  to quit.

./struct_ethernet_1_1_header.tex:10: Undefined control sequence.
l.10 {\ttfamily \#include $<$ethernet.\+
                                        hpp$>$}
The control sequence at the end of the top line
of your error message was never \def'ed. If you have
misspelled it (e.g., `\hobx'), type `I' and the correct
spelling (e.g., `I\hbox'). Otherwise just continue,
and I'll forget about whatever was undefined.


Overfull \hbox (61.99963pt too wide) in paragraph at lines 10--11
[]\OT1/cmtt/m/n/10 #include
 []


Overfull \hbox (78.55505pt too wide) in paragraph at lines 10--11
\OML/cmm/m/it/10 <$\OT1/cmtt/m/n/10 ethernet.hpp$\OML/cmm/m/it/10 >$ 
 []


./struct_ethernet_1_1_header.tex:14: LaTeX Error: Missing \begin{document}.

See the LaTeX manual or LaTeX Companion for explanation.
Type  H <return>  for immediate help.
 ...                                              
                                                  
l.14 C
      ollaboration diagram for Ethernet\+::Header\+:
You're in trouble here.  Try typing  <return>  to proceed.
If that doesn't work, type  X <return>  to quit.

Missing character: There is no C in font nullfont!
Missing character: There is no o in font nullfont!
Missing character: There is no l in font nullfont!
Missing character: There is no l in font nullfont!
Missing character: There is no a in font nullfont!
Missing character: There is no b in font nullfont!
Missing character: There is no o in font nullfont!
Missing character: There is no r in font nullfont!
Missing character: There is no a in font nullfont!
Missing character: There is no t in font nullfont!
Missing character: There is no i in font nullfont!
Missing character: There is no o in font nullfont!
Missing character: There is no n in font nullfont!
Missing character: There is no d in font nullfont!
Missing character: There is no i in font nullfont!
Missing character: There is no a in font nullfont!
Missing character: There is no g in font nullfont!
Missing character: There is no r in font nullfont!
Missing character: There is no a in font nullfont!
Missing character: There is no m in font nullfont!
Missing character: There is no f in font nullfont!
Missing character: There is no o in font nullfont!
Missing character: There is no r in font nullfont!
Missing character: There is no E in font nullfont!
Missing character: There is no t in font nullfont!
Missing character: There is no h in font nullfont!
Missing character: There is no e in font nullfont!
Missing character: There is no r in font nullfont!
Missing character: There is no n in font nullfont!
Missing character: There is no e in font nullfont!
Missing character: There is no t in font nullfont!
./struct_ethernet_1_1_header.tex:14: Undefined control sequence.
l.14 Collaboration diagram for Ethernet\+
                                         ::Header\+:
The control sequence at the end of the top line
of your error message was never \def'ed. If you have
misspelled it (e.g., `\hobx'), type `I' and the correct
spelling (e.g., `I\hbox'). Otherwise just continue,
and I'll forget about whatever was undefined.

Missing character: There is no : in font nullfont!
Missing character: There is no : in font nullfont!
Missing character: There is no H in font nullfont!
Missing character: There is no e in font nullfont!
Missing character: There is no a in font nullfont!
Missing character: There is no d in font nullfont!
Missing character: There is no e in font nullfont!
Missing character: There is no r in font nullfont!
./struct_ethernet_1_1_header.tex:14: Undefined control sequence.
l.14 ...aboration diagram for Ethernet\+::Header\+
                                                  :
The control sequence at the end of the top line
of your error message was never \def'ed. If you have
misspelled it (e.g., `\hobx'), type `I' and the correct
spelling (e.g., `I\hbox'). Otherwise just continue,
and I'll forget about whatever was undefined.

Missing character: There is no : in font nullfont!

./struct_ethernet_1_1_header.tex:16: LaTeX Error: Environment figure undefined.

See the LaTeX manual or LaTeX Companion for explanation.
Type  H <return>  for immediate help.
 ...                                              
                                                  
l.16 \begin{figure}
                   [H]
Your command was ignored.
Type  I <command> <return>  to replace it with another command,
or  <return>  to continue without it.

Missing character: There is no [ in font nullfont!
Missing character: There is no H in font nullfont!
Missing character: There is no ] in font nullfont!

Overfull \hbox (20.0pt too wide) in paragraph at lines 14--17
[]
 []

./struct_ethernet_1_1_header.tex:19: Undefined control sequence.
l.19 \includegraphics
                     [width=170pt]{struct_ethernet_1_1_header__coll__graph}
The control sequence at the end of the top line
of your error message was never \def'ed. If you have
misspelled it (e.g., `\hobx'), type `I' and the correct
spelling (e.g., `I\hbox'). Otherwise just continue,
and I'll forget about whatever was undefined.

Missing character: There is no [ in font nullfont!
Missing character: There is no w in font nullfont!
Missing character: There is no i in font nullfont!
Missing character: There is no d in font nullfont!
Missing character: There is no t in font nullfont!
Missing character: There is no h in font nullfont!
Missing character: There is no = in font nullfont!
Missing character: There is no 1 in font nullfont!
Missing character: There is no 7 in font nullfont!
Missing character: There is no 0 in font nullfont!
Missing character: There is no p in font nullfont!
Missing character: There is no t in font nullfont!
Missing character: There is no ] in font nullfont!
Missing character: There is no s in font nullfont!
Missing character: There is no t in font nullfont!
Missing character: There is no r in font nullfont!
Missing character: There is no u in font nullfont!
Missing character: There is no c in font nullfont!
Missing character: There is no t in font nullfont!
./struct_ethernet_1_1_header.tex:19: Missing $ inserted.
<inserted text> 
                $
l.19 \includegraphics[width=170pt]{struct_
                                          ethernet_1_1_header__coll__graph}
I've inserted a begin-math/end-math symbol since I think
you left one out. Proceed, with fingers crossed.

./struct_ethernet_1_1_header.tex:19: Double subscript.
l.19 ...degraphics[width=170pt]{struct_ethernet_1_
                                                  1_header__coll__graph}
I treat `x_1_2' essentially like `x_1{}_2'.

./struct_ethernet_1_1_header.tex:19: Double subscript.
l.19 ...graphics[width=170pt]{struct_ethernet_1_1_
                                                  header__coll__graph}
I treat `x_1_2' essentially like `x_1{}_2'.

./struct_ethernet_1_1_header.tex:19: Missing { inserted.
<to be read again> 
                   _
l.19 ...[width=170pt]{struct_ethernet_1_1_header__
                                                  coll__graph}
A left brace was mandatory here, so I've put one in.
You might want to delete and/or insert some corrections
so that I will find a matching right brace soon.
(If you're confused by all this, try typing `I}' now.)

./struct_ethernet_1_1_header.tex:19: Missing { inserted.
<to be read again> 
                   _
l.19 ...=170pt]{struct_ethernet_1_1_header__coll__
                                                  graph}
A left brace was mandatory here, so I've put one in.
You might want to delete and/or insert some corrections
so that I will find a matching right brace soon.
(If you're confused by all this, try typing `I}' now.)


./struct_ethernet_1_1_header.tex:20: LaTeX Error: Command \end{center} invalid in math mode.

See the LaTeX manual or LaTeX Companion for explanation.
Type  H <return>  for immediate help.
 ...                                              
                                                  
l.20 \end{center}
                 
Try typing  <return>  to proceed.
If that doesn't work, type  X <return>  to quit.

./struct_ethernet_1_1_header.tex:20: Missing $ inserted.
<inserted text> 
                $
l.20 \end{center}
                 
I've inserted a begin-math/end-math symbol since I think
you left one out. Proceed, with fingers crossed.

./struct_ethernet_1_1_header.tex:20: Missing } inserted.
<inserted text> 
                }
l.20 \end{center}
                 
I've inserted something that you may have forgotten.
(See the <inserted text> above.)
With luck, this will get me unwedged. But if you
really didn't forget anything, try typing `2' now; then
my insertion and my current dilemma will both disappear.


Overfull \hbox (109.06471pt too wide) in paragraph at lines 18--20
 []\OML/cmm/m/it/10 thernet[][][]eader[]$ 
 []

./struct_ethernet_1_1_header.tex:20: Missing } inserted.
<inserted text> 
                }
l.20 \end{center}
                 
I've inserted something that you may have forgotten.
(See the <inserted text> above.)
With luck, this will get me unwedged. But if you
really didn't forget anything, try typing `2' now; then
my insertion and my current dilemma will both disappear.


./struct_ethernet_1_1_header.tex:21: LaTeX Error: \begin{document} ended by \end{figure}.

See the LaTeX manual or LaTeX Companion for explanation.
Type  H <return>  for immediate help.
 ...                                              
                                                  
l.21 \end{figure}
                 
Your command was ignored.
Type  I <command> <return>  to replace it with another command,
or  <return>  to continue without it.

./struct_ethernet_1_1_header.tex:22: Undefined control sequence.
l.22 \doxysubsubsection
                       *{Public Attributes}
The control sequence at the end of the top line
of your error message was never \def'ed. If you have
misspelled it (e.g., `\hobx'), type `I' and the correct
spelling (e.g., `I\hbox'). Otherwise just continue,
and I'll forget about whatever was undefined.

Missing character: There is no * in font nullfont!
Missing character: There is no P in font nullfont!
Missing character: There is no u in font nullfont!
Missing character: There is no b in font nullfont!
Missing character: There is no l in font nullfont!
Missing character: There is no i in font nullfont!
Missing character: There is no c in font nullfont!
Missing character: There is no A in font nullfont!
Missing character: There is no t in font nullfont!
Missing character: There is no t in font nullfont!
Missing character: There is no r in font nullfont!
Missing character: There is no i in font nullfont!
Missing character: There is no b in font nullfont!
Missing character: There is no u in font nullfont!
Missing character: There is no t in font nullfont!
Missing character: There is no e in font nullfont!
Missing character: There is no s in font nullfont!

./struct_ethernet_1_1_header.tex:23: LaTeX Error: Environment DoxyCompactItemize undefined.

See the LaTeX manual or LaTeX Companion for explanation.
Type  H <return>  for immediate help.
 ...                                              
                                                  
l.23 \begin{DoxyCompactItemize}
                               
Your command was ignored.
Type  I <command> <return>  to replace it with another command,
or  <return>  to continue without it.


./struct_ethernet_1_1_header.tex:25: LaTeX Error: Lonely \item--perhaps a missing list environment.

See the LaTeX manual or LaTeX Companion for explanation.
Type  H <return>  for immediate help.
 ...                                              
                                                  
l.25 \mbox
          {\hyperlink{struct_ethernet_1_1_m_a_c}{MAC}} \mbox{\hyperlink{stru...
Try typing  <return>  to proceed.
If that doesn't work, type  X <return>  to quit.

./struct_ethernet_1_1_header.tex:25: Undefined control sequence.
<argument> \hyperlink 
                      {struct_ethernet_1_1_m_a_c}{MAC}
l.25 ...hyperlink{struct_ethernet_1_1_m_a_c}{MAC}}
                                                   \mbox{\hyperlink{struct_e...
The control sequence at the end of the top line
of your error message was never \def'ed. If you have
misspelled it (e.g., `\hobx'), type `I' and the correct
spelling (e.g., `I\hbox'). Otherwise just continue,
and I'll forget about whatever was undefined.

Missing character: There is no s in font nullfont!
Missing character: There is no t in font nullfont!
Missing character: There is no r in font nullfont!
Missing character: There is no u in font nullfont!
Missing character: There is no c in font nullfont!
Missing character: There is no t in font nullfont!
./struct_ethernet_1_1_header.tex:25: Missing $ inserted.
<inserted text> 
                $
l.25 ...hyperlink{struct_ethernet_1_1_m_a_c}{MAC}}
                                                   \mbox{\hyperlink{struct_e...
I've inserted a begin-math/end-math symbol since I think
you left one out. Proceed, with fingers crossed.

./struct_ethernet_1_1_header.tex:25: Double subscript.
<argument> \hyperlink {struct_ethernet_1_
                                         1_m_a_c}{MAC}
l.25 ...hyperlink{struct_ethernet_1_1_m_a_c}{MAC}}
                                                   \mbox{\hyperlink{struct_e...
I treat `x_1_2' essentially like `x_1{}_2'.

./struct_ethernet_1_1_header.tex:25: Double subscript.
<argument> \hyperlink {struct_ethernet_1_1_
                                           m_a_c}{MAC}
l.25 ...hyperlink{struct_ethernet_1_1_m_a_c}{MAC}}
                                                   \mbox{\hyperlink{struct_e...
I treat `x_1_2' essentially like `x_1{}_2'.

./struct_ethernet_1_1_header.tex:25: Double subscript.
<argument> \hyperlink {struct_ethernet_1_1_m_
                                             a_c}{MAC}
l.25 ...hyperlink{struct_ethernet_1_1_m_a_c}{MAC}}
                                                   \mbox{\hyperlink{struct_e...
I treat `x_1_2' essentially like `x_1{}_2'.

./struct_ethernet_1_1_header.tex:25: Double subscript.
<argument> \hyperlink {struct_ethernet_1_1_m_a_
                                               c}{MAC}
l.25 ...hyperlink{struct_ethernet_1_1_m_a_c}{MAC}}
                                                   \mbox{\hyperlink{struct_e...
I treat `x_1_2' essentially like `x_1{}_2'.

./struct_ethernet_1_1_header.tex:25: Extra }, or forgotten $.
<argument> \hyperlink {struct_ethernet_1_1_m_a_c}
                                                 {MAC}
l.25 ...hyperlink{struct_ethernet_1_1_m_a_c}{MAC}}
                                                   \mbox{\hyperlink{struct_e...
I've deleted a group-closing symbol because it seems to be
spurious, as in `$x}$'. But perhaps the } is legitimate and
you forgot something else, as in `\hbox{$x}'. In such cases
the way to recover is to insert both the forgotten and the
deleted material, e.g., by typing `I$}'.

./struct_ethernet_1_1_header.tex:25: Extra }, or forgotten $.
\mbox  #1->\leavevmode \hbox {#1}
                                 
l.25 ...hyperlink{struct_ethernet_1_1_m_a_c}{MAC}}
                                                   \mbox{\hyperlink{struct_e...
I've deleted a group-closing symbol because it seems to be
spurious, as in `$x}$'. But perhaps the } is legitimate and
you forgot something else, as in `\hbox{$x}'. In such cases
the way to recover is to insert both the forgotten and the
deleted material, e.g., by typing `I$}'.

./struct_ethernet_1_1_header.tex:25: Undefined control sequence.
<argument> \hyperlink 
                      {struct_ethernet_1_1_header_a3a885171af8d5aa156691e516...
l.25 ...a3a885171af8d5aa156691e516a0f4661}{dhost}}
                                                  
The control sequence at the end of the top line
of your error message was never \def'ed. If you have
misspelled it (e.g., `\hobx'), type `I' and the correct
spelling (e.g., `I\hbox'). Otherwise just continue,
and I'll forget about whatever was undefined.

Missing character: There is no s in font nullfont!
Missing character: There is no t in font nullfont!
Missing character: There is no r in font nullfont!
Missing character: There is no u in font nullfont!
Missing character: There is no c in font nullfont!
Missing character: There is no t in font nullfont!
./struct_ethernet_1_1_header.tex:25: Missing $ inserted.
<inserted text> 
                $
l.25 ...a3a885171af8d5aa156691e516a0f4661}{dhost}}
                                                  
I've inserted a begin-math/end-math symbol since I think
you left one out. Proceed, with fingers crossed.

./struct_ethernet_1_1_header.tex:25: Double subscript.
<argument> \hyperlink {struct_ethernet_1_
                                         1_header_a3a885171af8d5aa156691e516...
l.25 ...a3a885171af8d5aa156691e516a0f4661}{dhost}}
                                                  
I treat `x_1_2' essentially like `x_1{}_2'.

./struct_ethernet_1_1_header.tex:25: Double subscript.
<argument> \hyperlink {struct_ethernet_1_1_
                                           header_a3a885171af8d5aa156691e516...
l.25 ...a3a885171af8d5aa156691e516a0f4661}{dhost}}
                                                  
I treat `x_1_2' essentially like `x_1{}_2'.

./struct_ethernet_1_1_header.tex:25: Extra }, or forgotten $.
<argument> ...r_a3a885171af8d5aa156691e516a0f4661}
                                                  {dhost}
l.25 ...a3a885171af8d5aa156691e516a0f4661}{dhost}}
                                                  
I've deleted a group-closing symbol because it seems to be
spurious, as in `$x}$'. But perhaps the } is legitimate and
you forgot something else, as in `\hbox{$x}'. In such cases
the way to recover is to insert both the forgotten and the
deleted material, e.g., by typing `I$}'.

./struct_ethernet_1_1_header.tex:25: Extra }, or forgotten $.
\mbox  #1->\leavevmode \hbox {#1}
                                 
l.25 ...a3a885171af8d5aa156691e516a0f4661}{dhost}}
                                                  
I've deleted a group-closing symbol because it seems to be
spurious, as in `$x}$'. But perhaps the } is legitimate and
you forgot something else, as in `\hbox{$x}'. In such cases
the way to recover is to insert both the forgotten and the
deleted material, e.g., by typing `I$}'.


./struct_ethernet_1_1_header.tex:26: LaTeX Error: Command \item invalid in math mode.

See the LaTeX manual or LaTeX Companion for explanation.
Type  H <return>  for immediate help.
 ...                                              
                                                  
l.26 \item
          
Try typing  <return>  to proceed.
If that doesn't work, type  X <return>  to quit.

./struct_ethernet_1_1_header.tex:27: Missing $ inserted.
<inserted text> 
                $
l.27 \mbox
          {\hyperlink{struct_ethernet_1_1_m_a_c}{MAC}} \mbox{\hyperlink{stru...
I've inserted a begin-math/end-math symbol since I think
you left one out. Proceed, with fingers crossed.

./struct_ethernet_1_1_header.tex:27: Missing } inserted.
<inserted text> 
                }
l.27 \mbox
          {\hyperlink{struct_ethernet_1_1_m_a_c}{MAC}} \mbox{\hyperlink{stru...
I've inserted something that you may have forgotten.
(See the <inserted text> above.)
With luck, this will get me unwedged. But if you
really didn't forget anything, try typing `2' now; then
my insertion and my current dilemma will both disappear.

./struct_ethernet_1_1_header.tex:27: Missing } inserted.
<inserted text> 
                }
l.27 \mbox
          {\hyperlink{struct_ethernet_1_1_m_a_c}{MAC}} \mbox{\hyperlink{stru...
I've inserted something that you may have forgotten.
(See the <inserted text> above.)
With luck, this will get me unwedged. But if you
really didn't forget anything, try typing `2' now; then
my insertion and my current dilemma will both disappear.

./struct_ethernet_1_1_header.tex:27: Missing $ inserted.
<inserted text> 
                $
l.27 \mbox
          {\hyperlink{struct_ethernet_1_1_m_a_c}{MAC}} \mbox{\hyperlink{stru...
I've inserted a begin-math/end-math symbol since I think
you left one out. Proceed, with fingers crossed.

./struct_ethernet_1_1_header.tex:27: Missing } inserted.
<inserted text> 
                }
l.27 \mbox
          {\hyperlink{struct_ethernet_1_1_m_a_c}{MAC}} \mbox{\hyperlink{stru...
I've inserted something that you may have forgotten.
(See the <inserted text> above.)
With luck, this will get me unwedged. But if you
really didn't forget anything, try typing `2' now; then
my insertion and my current dilemma will both disappear.

./struct_ethernet_1_1_header.tex:27: Missing } inserted.
<inserted text> 
                }
l.27 \mbox
          {\hyperlink{struct_ethernet_1_1_m_a_c}{MAC}} \mbox{\hyperlink{stru...
I've inserted something that you may have forgotten.
(See the <inserted text> above.)
With luck, this will get me unwedged. But if you
really didn't forget anything, try typing `2' now; then
my insertion and my current dilemma will both disappear.


Overfull \hbox (357.05252pt too wide) in paragraph at lines 25--27
[] 
 []


./struct_ethernet_1_1_header.tex:27: LaTeX Error: Lonely \item--perhaps a missing list environment.

See the LaTeX manual or LaTeX Companion for explanation.
Type  H <return>  for immediate help.
 ...                                              
                                                  
l.27 \mbox
          {\hyperlink{struct_ethernet_1_1_m_a_c}{MAC}} \mbox{\hyperlink{stru...
Try typing  <return>  to proceed.
If that doesn't work, type  X <return>  to quit.

./struct_ethernet_1_1_header.tex:27: Undefined control sequence.
<argument> \hyperlink 
                      {struct_ethernet_1_1_m_a_c}{MAC}
l.27 ...hyperlink{struct_ethernet_1_1_m_a_c}{MAC}}
                                                   \mbox{\hyperlink{struct_e...
The control sequence at the end of the top line
of your error message was never \def'ed. If you have
misspelled it (e.g., `\hobx'), type `I' and the correct
spelling (e.g., `I\hbox'). Otherwise just continue,
and I'll forget about whatever was undefined.

Missing character: There is no s in font nullfont!
Missing character: There is no t in font nullfont!
Missing character: There is no r in font nullfont!
Missing character: There is no u in font nullfont!
Missing character: There is no c in font nullfont!
Missing character: There is no t in font nullfont!
./struct_ethernet_1_1_header.tex:27: Missing $ inserted.
<inserted text> 
                $
l.27 ...hyperlink{struct_ethernet_1_1_m_a_c}{MAC}}
                                                   \mbox{\hyperlink{struct_e...
I've inserted a begin-math/end-math symbol since I think
you left one out. Proceed, with fingers crossed.

./struct_ethernet_1_1_header.tex:27: Double subscript.
<argument> \hyperlink {struct_ethernet_1_
                                         1_m_a_c}{MAC}
l.27 ...hyperlink{struct_ethernet_1_1_m_a_c}{MAC}}
                                                   \mbox{\hyperlink{struct_e...
I treat `x_1_2' essentially like `x_1{}_2'.

./struct_ethernet_1_1_header.tex:27: Double subscript.
<argument> \hyperlink {struct_ethernet_1_1_
                                           m_a_c}{MAC}
l.27 ...hyperlink{struct_ethernet_1_1_m_a_c}{MAC}}
                                                   \mbox{\hyperlink{struct_e...
I treat `x_1_2' essentially like `x_1{}_2'.

./struct_ethernet_1_1_header.tex:27: Double subscript.
<argument> \hyperlink {struct_ethernet_1_1_m_
                                             a_c}{MAC}
l.27 ...hyperlink{struct_ethernet_1_1_m_a_c}{MAC}}
                                                   \mbox{\hyperlink{struct_e...
I treat `x_1_2' essentially like `x_1{}_2'.

./struct_ethernet_1_1_header.tex:27: Double subscript.
<argument> \hyperlink {struct_ethernet_1_1_m_a_
                                               c}{MAC}
l.27 ...hyperlink{struct_ethernet_1_1_m_a_c}{MAC}}
                                                   \mbox{\hyperlink{struct_e...
I treat `x_1_2' essentially like `x_1{}_2'.

./struct_ethernet_1_1_header.tex:27: Extra }, or forgotten $.
<argument> \hyperlink {struct_ethernet_1_1_m_a_c}
                                                 {MAC}
l.27 ...hyperlink{struct_ethernet_1_1_m_a_c}{MAC}}
                                                   \mbox{\hyperlink{struct_e...
I've deleted a group-closing symbol because it seems to be
spurious, as in `$x}$'. But perhaps the } is legitimate and
you forgot something else, as in `\hbox{$x}'. In such cases
the way to recover is to insert both the forgotten and the
deleted material, e.g., by typing `I$}'.

./struct_ethernet_1_1_header.tex:27: Extra }, or forgotten $.
\mbox  #1->\leavevmode \hbox {#1}
                                 
l.27 ...hyperlink{struct_ethernet_1_1_m_a_c}{MAC}}
                                                   \mbox{\hyperlink{struct_e...
I've deleted a group-closing symbol because it seems to be
spurious, as in `$x}$'. But perhaps the } is legitimate and
you forgot something else, as in `\hbox{$x}'. In such cases
the way to recover is to insert both the forgotten and the
deleted material, e.g., by typing `I$}'.

./struct_ethernet_1_1_header.tex:27: Undefined control sequence.
<argument> \hyperlink 
                      {struct_ethernet_1_1_header_a253a7513fd38c42e2c7ca5a15...
l.27 ...a253a7513fd38c42e2c7ca5a158ee15bf}{shost}}
                                                  
The control sequence at the end of the top line
of your error message was never \def'ed. If you have
misspelled it (e.g., `\hobx'), type `I' and the correct
spelling (e.g., `I\hbox'). Otherwise just continue,
and I'll forget about whatever was undefined.

Missing character: There is no s in font nullfont!
Missing character: There is no t in font nullfont!
Missing character: There is no r in font nullfont!
Missing character: There is no u in font nullfont!
Missing character: There is no c in font nullfont!
Missing character: There is no t in font nullfont!
./struct_ethernet_1_1_header.tex:27: Missing $ inserted.
<inserted text> 
                $
l.27 ...a253a7513fd38c42e2c7ca5a158ee15bf}{shost}}
                                                  
I've inserted a begin-math/end-math symbol since I think
you left one out. Proceed, with fingers crossed.

./struct_ethernet_1_1_header.tex:27: Double subscript.
<argument> \hyperlink {struct_ethernet_1_
                                         1_header_a253a7513fd38c42e2c7ca5a15...
l.27 ...a253a7513fd38c42e2c7ca5a158ee15bf}{shost}}
                                                  
I treat `x_1_2' essentially like `x_1{}_2'.

./struct_ethernet_1_1_header.tex:27: Double subscript.
<argument> \hyperlink {struct_ethernet_1_1_
                                           header_a253a7513fd38c42e2c7ca5a15...
l.27 ...a253a7513fd38c42e2c7ca5a158ee15bf}{shost}}
                                                  
I treat `x_1_2' essentially like `x_1{}_2'.

./struct_ethernet_1_1_header.tex:27: Extra }, or forgotten $.
<argument> ...r_a253a7513fd38c42e2c7ca5a158ee15bf}
                                                  {shost}
l.27 ...a253a7513fd38c42e2c7ca5a158ee15bf}{shost}}
                                                  
I've deleted a group-closing symbol because it seems to be
spurious, as in `$x}$'. But perhaps the } is legitimate and
you forgot something else, as in `\hbox{$x}'. In such cases
the way to recover is to insert both the forgotten and the
deleted material, e.g., by typing `I$}'.

./struct_ethernet_1_1_header.tex:27: Extra }, or forgotten $.
\mbox  #1->\leavevmode \hbox {#1}
                                 
l.27 ...a253a7513fd38c42e2c7ca5a158ee15bf}{shost}}
                                                  
I've deleted a group-closing symbol because it seems to be
spurious, as in `$x}$'. But perhaps the } is legitimate and
you forgot something else, as in `\hbox{$x}'. In such cases
the way to recover is to insert both the forgotten and the
deleted material, e.g., by typing `I$}'.


./struct_ethernet_1_1_header.tex:28: LaTeX Error: Command \item invalid in math mode.

See the LaTeX manual or LaTeX Companion for explanation.
Type  H <return>  for immediate help.
 ...                                              
                                                  
l.28 \item
          
Try typing  <return>  to proceed.
If that doesn't work, type  X <return>  to quit.

./struct_ethernet_1_1_header.tex:29: Missing $ inserted.
<inserted text> 
                $
l.29 \mbox
          {\hyperlink{class_ethernet_a02735b7ba51716771bef61248247e9ea}{Prot...
I've inserted a begin-math/end-math symbol since I think
you left one out. Proceed, with fingers crossed.

./struct_ethernet_1_1_header.tex:29: Missing } inserted.
<inserted text> 
                }
l.29 \mbox
          {\hyperlink{class_ethernet_a02735b7ba51716771bef61248247e9ea}{Prot...
I've inserted something that you may have forgotten.
(See the <inserted text> above.)
With luck, this will get me unwedged. But if you
really didn't forget anything, try typing `2' now; then
my insertion and my current dilemma will both disappear.

./struct_ethernet_1_1_header.tex:29: Missing } inserted.
<inserted text> 
                }
l.29 \mbox
          {\hyperlink{class_ethernet_a02735b7ba51716771bef61248247e9ea}{Prot...
I've inserted something that you may have forgotten.
(See the <inserted text> above.)
With luck, this will get me unwedged. But if you
really didn't forget anything, try typing `2' now; then
my insertion and my current dilemma will both disappear.

./struct_ethernet_1_1_header.tex:29: Missing $ inserted.
<inserted text> 
                $
l.29 \mbox
          {\hyperlink{class_ethernet_a02735b7ba51716771bef61248247e9ea}{Prot...
I've inserted a begin-math/end-math symbol since I think
you left one out. Proceed, with fingers crossed.

./struct_ethernet_1_1_header.tex:29: Missing } inserted.
<inserted text> 
                }
l.29 \mbox
          {\hyperlink{class_ethernet_a02735b7ba51716771bef61248247e9ea}{Prot...
I've inserted something that you may have forgotten.
(See the <inserted text> above.)
With luck, this will get me unwedged. But if you
really didn't forget anything, try typing `2' now; then
my insertion and my current dilemma will both disappear.

./struct_ethernet_1_1_header.tex:29: Missing } inserted.
<inserted text> 
                }
l.29 \mbox
          {\hyperlink{class_ethernet_a02735b7ba51716771bef61248247e9ea}{Prot...
I've inserted something that you may have forgotten.
(See the <inserted text> above.)
With luck, this will get me unwedged. But if you
really didn't forget anything, try typing `2' now; then
my insertion and my current dilemma will both disappear.


Overfull \hbox (352.55019pt too wide) in paragraph at lines 27--29
[] 
 []


./struct_ethernet_1_1_header.tex:29: LaTeX Error: Lonely \item--perhaps a missing list environment.

See the LaTeX manual or LaTeX Companion for explanation.
Type  H <return>  for immediate help.
 ...                                              
                                                  
l.29 \mbox
          {\hyperlink{class_ethernet_a02735b7ba51716771bef61248247e9ea}{Prot...
Try typing  <return>  to proceed.
If that doesn't work, type  X <return>  to quit.

./struct_ethernet_1_1_header.tex:29: Undefined control sequence.
<argument> \hyperlink 
                      {class_ethernet_a02735b7ba51716771bef61248247e9ea}{Pro...
l.29 ...735b7ba51716771bef61248247e9ea}{Protocol}}
                                                   \mbox{\hyperlink{struct_e...
The control sequence at the end of the top line
of your error message was never \def'ed. If you have
misspelled it (e.g., `\hobx'), type `I' and the correct
spelling (e.g., `I\hbox'). Otherwise just continue,
and I'll forget about whatever was undefined.

Missing character: There is no c in font nullfont!
Missing character: There is no l in font nullfont!
Missing character: There is no a in font nullfont!
Missing character: There is no s in font nullfont!
Missing character: There is no s in font nullfont!
./struct_ethernet_1_1_header.tex:29: Missing $ inserted.
<inserted text> 
                $
l.29 ...735b7ba51716771bef61248247e9ea}{Protocol}}
                                                   \mbox{\hyperlink{struct_e...
I've inserted a begin-math/end-math symbol since I think
you left one out. Proceed, with fingers crossed.

./struct_ethernet_1_1_header.tex:29: Extra }, or forgotten $.
<argument> ...t_a02735b7ba51716771bef61248247e9ea}
                                                  {Protocol}
l.29 ...735b7ba51716771bef61248247e9ea}{Protocol}}
                                                   \mbox{\hyperlink{struct_e...
I've deleted a group-closing symbol because it seems to be
spurious, as in `$x}$'. But perhaps the } is legitimate and
you forgot something else, as in `\hbox{$x}'. In such cases
the way to recover is to insert both the forgotten and the
deleted material, e.g., by typing `I$}'.

./struct_ethernet_1_1_header.tex:29: Extra }, or forgotten $.
\mbox  #1->\leavevmode \hbox {#1}
                                 
l.29 ...735b7ba51716771bef61248247e9ea}{Protocol}}
                                                   \mbox{\hyperlink{struct_e...
I've deleted a group-closing symbol because it seems to be
spurious, as in `$x}$'. But perhaps the } is legitimate and
you forgot something else, as in `\hbox{$x}'. In such cases
the way to recover is to insert both the forgotten and the
deleted material, e.g., by typing `I$}'.

./struct_ethernet_1_1_header.tex:29: Undefined control sequence.
<argument> \hyperlink 
                      {struct_ethernet_1_1_header_a80a35383800b65a0b204526d5...
l.29 ..._a80a35383800b65a0b204526d5e252aff}{type}}
                                                  
The control sequence at the end of the top line
of your error message was never \def'ed. If you have
misspelled it (e.g., `\hobx'), type `I' and the correct
spelling (e.g., `I\hbox'). Otherwise just continue,
and I'll forget about whatever was undefined.

Missing character: There is no s in font nullfont!
Missing character: There is no t in font nullfont!
Missing character: There is no r in font nullfont!
Missing character: There is no u in font nullfont!
Missing character: There is no c in font nullfont!
Missing character: There is no t in font nullfont!
./struct_ethernet_1_1_header.tex:29: Missing $ inserted.
<inserted text> 
                $
l.29 ..._a80a35383800b65a0b204526d5e252aff}{type}}
                                                  
I've inserted a begin-math/end-math symbol since I think
you left one out. Proceed, with fingers crossed.

./struct_ethernet_1_1_header.tex:29: Double subscript.
<argument> \hyperlink {struct_ethernet_1_
                                         1_header_a80a35383800b65a0b204526d5...
l.29 ..._a80a35383800b65a0b204526d5e252aff}{type}}
                                                  
I treat `x_1_2' essentially like `x_1{}_2'.

./struct_ethernet_1_1_header.tex:29: Double subscript.
<argument> \hyperlink {struct_ethernet_1_1_
                                           header_a80a35383800b65a0b204526d5...
l.29 ..._a80a35383800b65a0b204526d5e252aff}{type}}
                                                  
I treat `x_1_2' essentially like `x_1{}_2'.

./struct_ethernet_1_1_header.tex:29: Extra }, or forgotten $.
<argument> ...r_a80a35383800b65a0b204526d5e252aff}
                                                  {type}
l.29 ..._a80a35383800b65a0b204526d5e252aff}{type}}
                                                  
I've deleted a group-closing symbol because it seems to be
spurious, as in `$x}$'. But perhaps the } is legitimate and
you forgot something else, as in `\hbox{$x}'. In such cases
the way to recover is to insert both the forgotten and the
deleted material, e.g., by typing `I$}'.

./struct_ethernet_1_1_header.tex:29: Extra }, or forgotten $.
\mbox  #1->\leavevmode \hbox {#1}
                                 
l.29 ..._a80a35383800b65a0b204526d5e252aff}{type}}
                                                  
I've deleted a group-closing symbol because it seems to be
spurious, as in `$x}$'. But perhaps the } is legitimate and
you forgot something else, as in `\hbox{$x}'. In such cases
the way to recover is to insert both the forgotten and the
deleted material, e.g., by typing `I$}'.


./struct_ethernet_1_1_header.tex:30: LaTeX Error: \begin{document} ended by \end{DoxyCompactItemize}.

See the LaTeX manual or LaTeX Companion for explanation.
Type  H <return>  for immediate help.
 ...                                              
                                                  
l.30 \end{DoxyCompactItemize}
                             
Your command was ignored.
Type  I <command> <return>  to replace it with another command,
or  <return>  to continue without it.

./struct_ethernet_1_1_header.tex:30: Missing $ inserted.
<inserted text> 
                $
l.30 \end{DoxyCompactItemize}
                             
I've inserted something that you may have forgotten.
(See the <inserted text> above.)
With luck, this will get me unwedged. But if you
really didn't forget anything, try typing `2' now; then
my insertion and my current dilemma will both disappear.

./struct_ethernet_1_1_header.tex:30: Missing } inserted.
<inserted text> 
                }
l.30 \end{DoxyCompactItemize}
                             
I've inserted something that you may have forgotten.
(See the <inserted text> above.)
With luck, this will get me unwedged. But if you
really didn't forget anything, try typing `2' now; then
my insertion and my current dilemma will both disappear.

./struct_ethernet_1_1_header.tex:30: Missing } inserted.
<inserted text> 
                }
l.30 \end{DoxyCompactItemize}
                             
I've inserted something that you may have forgotten.
(See the <inserted text> above.)
With luck, this will get me unwedged. But if you
really didn't forget anything, try typing `2' now; then
my insertion and my current dilemma will both disappear.

./struct_ethernet_1_1_header.tex:30: Missing $ inserted.
<inserted text> 
                $
l.30 \end{DoxyCompactItemize}
                             
I've inserted something that you may have forgotten.
(See the <inserted text> above.)
With luck, this will get me unwedged. But if you
really didn't forget anything, try typing `2' now; then
my insertion and my current dilemma will both disappear.

./struct_ethernet_1_1_header.tex:30: Missing } inserted.
<inserted text> 
                }
l.30 \end{DoxyCompactItemize}
                             
I've inserted something that you may have forgotten.
(See the <inserted text> above.)
With luck, this will get me unwedged. But if you
really didn't forget anything, try typing `2' now; then
my insertion and my current dilemma will both disappear.

./struct_ethernet_1_1_header.tex:30: Missing } inserted.
<inserted text> 
                }
l.30 \end{DoxyCompactItemize}
                             
I've inserted something that you may have forgotten.
(See the <inserted text> above.)
With luck, this will get me unwedged. But if you
really didn't forget anything, try typing `2' now; then
my insertion and my current dilemma will both disappear.


Overfull \hbox (499.3632pt too wide) in paragraph at lines 29--31
[] 
 []

./struct_ethernet_1_1_header.tex:33: Undefined control sequence.
l.33 \doxysubsection
                    {Detailed Description}
The control sequence at the end of the top line
of your error message was never \def'ed. If you have
misspelled it (e.g., `\hobx'), type `I' and the correct
spelling (e.g., `I\hbox'). Otherwise just continue,
and I'll forget about whatever was undefined.

Missing character: There is no D in font nullfont!
Missing character: There is no e in font nullfont!
Missing character: There is no t in font nullfont!
Missing character: There is no a in font nullfont!
Missing character: There is no i in font nullfont!
Missing character: There is no l in font nullfont!
Missing character: There is no e in font nullfont!
Missing character: There is no d in font nullfont!
Missing character: There is no D in font nullfont!
Missing character: There is no e in font nullfont!
Missing character: There is no s in font nullfont!
Missing character: There is no c in font nullfont!
Missing character: There is no r in font nullfont!
Missing character: There is no i in font nullfont!
Missing character: There is no p in font nullfont!
Missing character: There is no t in font nullfont!
Missing character: There is no i in font nullfont!
Missing character: There is no o in font nullfont!
Missing character: There is no n in font nullfont!
Missing character: There is no R in font nullfont!
Missing character: There is no e in font nullfont!
Missing character: There is no p in font nullfont!
Missing character: There is no r in font nullfont!
Missing character: There is no e in font nullfont!
Missing character: There is no s in font nullfont!
Missing character: There is no e in font nullfont!
Missing character: There is no n in font nullfont!
Missing character: There is no t in font nullfont!
Missing character: There is no s in font nullfont!
Missing character: There is no t in font nullfont!
Missing character: There is no h in font nullfont!
Missing character: There is no e in font nullfont!
Missing character: There is no 1 in font nullfont!
Missing character: There is no 4 in font nullfont!
Missing character: There is no - in font nullfont!
Missing character: There is no b in font nullfont!
Missing character: There is no y in font nullfont!
Missing character: There is no t in font nullfont!
Missing character: There is no e in font nullfont!
./struct_ethernet_1_1_header.tex:34: Undefined control sequence.
l.34 Represents the 14-\/byte \doxylink
                                       {class_ethernet}{Ethernet} header.
The control sequence at the end of the top line
of your error message was never \def'ed. If you have
misspelled it (e.g., `\hobx'), type `I' and the correct
spelling (e.g., `I\hbox'). Otherwise just continue,
and I'll forget about whatever was undefined.

Missing character: There is no c in font nullfont!
Missing character: There is no l in font nullfont!
Missing character: There is no a in font nullfont!
Missing character: There is no s in font nullfont!
Missing character: There is no s in font nullfont!
./struct_ethernet_1_1_header.tex:34: Missing $ inserted.
<inserted text> 
                $
l.34 Represents the 14-\/byte \doxylink{class_
                                              ethernet}{Ethernet} header.
I've inserted a begin-math/end-math symbol since I think
you left one out. Proceed, with fingers crossed.

./struct_ethernet_1_1_header.tex:34: Extra }, or forgotten $.
l.34 ...ts the 14-\/byte \doxylink{class_ethernet}
                                                  {Ethernet} header.
I've deleted a group-closing symbol because it seems to be
spurious, as in `$x}$'. But perhaps the } is legitimate and
you forgot something else, as in `\hbox{$x}'. In such cases
the way to recover is to insert both the forgotten and the
deleted material, e.g., by typing `I$}'.

./struct_ethernet_1_1_header.tex:35: Missing $ inserted.
<inserted text> 
                $
l.35 
     
I've inserted a begin-math/end-math symbol since I think
you left one out. Proceed, with fingers crossed.


Overfull \hbox (20.0pt too wide) in paragraph at lines 33--35
[]
 []


Overfull \hbox (111.005pt too wide) in paragraph at lines 33--35
[]\OML/cmm/m/it/10 thernet[]header:$ 
 []

./struct_ethernet_1_1_header.tex:37: Undefined control sequence.
l.37 \Hypertarget
                 {struct_ethernet_1_1_header_doc-variable-members}
The control sequence at the end of the top line
of your error message was never \def'ed. If you have
misspelled it (e.g., `\hobx'), type `I' and the correct
spelling (e.g., `I\hbox'). Otherwise just continue,
and I'll forget about whatever was undefined.

Missing character: There is no s in font nullfont!
Missing character: There is no t in font nullfont!
Missing character: There is no r in font nullfont!
Missing character: There is no u in font nullfont!
Missing character: There is no c in font nullfont!
Missing character: There is no t in font nullfont!
./struct_ethernet_1_1_header.tex:37: Missing $ inserted.
<inserted text> 
                $
l.37 \Hypertarget{struct_
                         ethernet_1_1_header_doc-variable-members}
I've inserted a begin-math/end-math symbol since I think
you left one out. Proceed, with fingers crossed.

./struct_ethernet_1_1_header.tex:37: Double subscript.
l.37 \Hypertarget{struct_ethernet_1_
                                    1_header_doc-variable-members}
I treat `x_1_2' essentially like `x_1{}_2'.

./struct_ethernet_1_1_header.tex:37: Double subscript.
l.37 \Hypertarget{struct_ethernet_1_1_
                                      header_doc-variable-members}
I treat `x_1_2' essentially like `x_1{}_2'.

./struct_ethernet_1_1_header.tex:37: Extra }, or forgotten $.
l.37 ..._ethernet_1_1_header_doc-variable-members}
                                                  
I've deleted a group-closing symbol because it seems to be
spurious, as in `$x}$'. But perhaps the } is legitimate and
you forgot something else, as in `\hbox{$x}'. In such cases
the way to recover is to insert both the forgotten and the
deleted material, e.g., by typing `I$}'.

./struct_ethernet_1_1_header.tex:38: Undefined control sequence.
l.38 \doxysubsection
                    {Member Data Documentation}
The control sequence at the end of the top line
of your error message was never \def'ed. If you have
misspelled it (e.g., `\hobx'), type `I' and the correct
spelling (e.g., `I\hbox'). Otherwise just continue,
and I'll forget about whatever was undefined.

./struct_ethernet_1_1_header.tex:39: Undefined control sequence.
l.39 \Hypertarget
                 {struct_ethernet_1_1_header_a3a885171af8d5aa156691e516a0f46...
The control sequence at the end of the top line
of your error message was never \def'ed. If you have
misspelled it (e.g., `\hobx'), type `I' and the correct
spelling (e.g., `I\hbox'). Otherwise just continue,
and I'll forget about whatever was undefined.

./struct_ethernet_1_1_header.tex:39: Double subscript.
l.39 \Hypertarget{struct_ethernet_1_
                                    1_header_a3a885171af8d5aa156691e516a0f46...
I treat `x_1_2' essentially like `x_1{}_2'.

./struct_ethernet_1_1_header.tex:39: Double subscript.
l.39 \Hypertarget{struct_ethernet_1_1_
                                      header_a3a885171af8d5aa156691e516a0f46...
I treat `x_1_2' essentially like `x_1{}_2'.

./struct_ethernet_1_1_header.tex:41: Undefined control sequence.
l.41 \doxysubsubsection
                       {\texorpdfstring{dhost}{dhost}}
The control sequence at the end of the top line
of your error message was never \def'ed. If you have
misspelled it (e.g., `\hobx'), type `I' and the correct
spelling (e.g., `I\hbox'). Otherwise just continue,
and I'll forget about whatever was undefined.

./struct_ethernet_1_1_header.tex:41: Undefined control sequence.
l.41 \doxysubsubsection{\texorpdfstring
                                       {dhost}{dhost}}
The control sequence at the end of the top line
of your error message was never \def'ed. If you have
misspelled it (e.g., `\hobx'), type `I' and the correct
spelling (e.g., `I\hbox'). Otherwise just continue,
and I'll forget about whatever was undefined.

./struct_ethernet_1_1_header.tex:42: Undefined control sequence.
l.42 {\footnotesize
                   \ttfamily \label{struct_ethernet_1_1_header_a3a885171af8d...
The control sequence at the end of the top line
of your error message was never \def'ed. If you have
misspelled it (e.g., `\hobx'), type `I' and the correct
spelling (e.g., `I\hbox'). Otherwise just continue,
and I'll forget about whatever was undefined.


./struct_ethernet_1_1_header.tex:42: LaTeX Error: Command \ttfamily invalid in math mode.

See the LaTeX manual or LaTeX Companion for explanation.
Type  H <return>  for immediate help.
 ...                                              
                                                  
l.42 {\footnotesize\ttfamily
                             \label{struct_ethernet_1_1_header_a3a885171af8d...
Please use the math alphabet \mathtt instead of the \ttfamily command. 

./struct_ethernet_1_1_header.tex:43: Undefined control sequence.
<argument> \hyperlink 
                      {struct_ethernet_1_1_m_a_c}{MAC}
l.43 ...hyperlink{struct_ethernet_1_1_m_a_c}{MAC}}
                                                   Ethernet\+::\+Header\+::d...
The control sequence at the end of the top line
of your error message was never \def'ed. If you have
misspelled it (e.g., `\hobx'), type `I' and the correct
spelling (e.g., `I\hbox'). Otherwise just continue,
and I'll forget about whatever was undefined.

./struct_ethernet_1_1_header.tex:43: Missing $ inserted.
<inserted text> 
                $
l.43 ...hyperlink{struct_ethernet_1_1_m_a_c}{MAC}}
                                                   Ethernet\+::\+Header\+::d...
I've inserted a begin-math/end-math symbol since I think
you left one out. Proceed, with fingers crossed.

./struct_ethernet_1_1_header.tex:43: Double subscript.
<argument> \hyperlink {struct_ethernet_1_
                                         1_m_a_c}{MAC}
l.43 ...hyperlink{struct_ethernet_1_1_m_a_c}{MAC}}
                                                   Ethernet\+::\+Header\+::d...
I treat `x_1_2' essentially like `x_1{}_2'.

./struct_ethernet_1_1_header.tex:43: Double subscript.
<argument> \hyperlink {struct_ethernet_1_1_
                                           m_a_c}{MAC}
l.43 ...hyperlink{struct_ethernet_1_1_m_a_c}{MAC}}
                                                   Ethernet\+::\+Header\+::d...
I treat `x_1_2' essentially like `x_1{}_2'.

./struct_ethernet_1_1_header.tex:43: Double subscript.
<argument> \hyperlink {struct_ethernet_1_1_m_
                                             a_c}{MAC}
l.43 ...hyperlink{struct_ethernet_1_1_m_a_c}{MAC}}
                                                   Ethernet\+::\+Header\+::d...
I treat `x_1_2' essentially like `x_1{}_2'.

./struct_ethernet_1_1_header.tex:43: Double subscript.
<argument> \hyperlink {struct_ethernet_1_1_m_a_
                                               c}{MAC}
l.43 ...hyperlink{struct_ethernet_1_1_m_a_c}{MAC}}
                                                   Ethernet\+::\+Header\+::d...
I treat `x_1_2' essentially like `x_1{}_2'.

./struct_ethernet_1_1_header.tex:43: Extra }, or forgotten $.
<argument> \hyperlink {struct_ethernet_1_1_m_a_c}
                                                 {MAC}
l.43 ...hyperlink{struct_ethernet_1_1_m_a_c}{MAC}}
                                                   Ethernet\+::\+Header\+::d...
I've deleted a group-closing symbol because it seems to be
spurious, as in `$x}$'. But perhaps the } is legitimate and
you forgot something else, as in `\hbox{$x}'. In such cases
the way to recover is to insert both the forgotten and the
deleted material, e.g., by typing `I$}'.

./struct_ethernet_1_1_header.tex:43: Extra }, or forgotten $.
\mbox  #1->\leavevmode \hbox {#1}
                                 
l.43 ...hyperlink{struct_ethernet_1_1_m_a_c}{MAC}}
                                                   Ethernet\+::\+Header\+::d...
I've deleted a group-closing symbol because it seems to be
spurious, as in `$x}$'. But perhaps the } is legitimate and
you forgot something else, as in `\hbox{$x}'. In such cases
the way to recover is to insert both the forgotten and the
deleted material, e.g., by typing `I$}'.

./struct_ethernet_1_1_header.tex:43: Undefined control sequence.
l.43 ...truct_ethernet_1_1_m_a_c}{MAC}} Ethernet\+
                                                  ::\+Header\+::dhost}
The control sequence at the end of the top line
of your error message was never \def'ed. If you have
misspelled it (e.g., `\hobx'), type `I' and the correct
spelling (e.g., `I\hbox'). Otherwise just continue,
and I'll forget about whatever was undefined.

./struct_ethernet_1_1_header.tex:43: Undefined control sequence.
l.43 ...t_ethernet_1_1_m_a_c}{MAC}} Ethernet\+::\+
                                                  Header\+::dhost}
The control sequence at the end of the top line
of your error message was never \def'ed. If you have
misspelled it (e.g., `\hobx'), type `I' and the correct
spelling (e.g., `I\hbox'). Otherwise just continue,
and I'll forget about whatever was undefined.

./struct_ethernet_1_1_header.tex:43: Undefined control sequence.
l.43 ...et_1_1_m_a_c}{MAC}} Ethernet\+::\+Header\+
                                                  ::dhost}
The control sequence at the end of the top line
of your error message was never \def'ed. If you have
misspelled it (e.g., `\hobx'), type `I' and the correct
spelling (e.g., `I\hbox'). Otherwise just continue,
and I'll forget about whatever was undefined.

./struct_ethernet_1_1_header.tex:43: Extra }, or forgotten $.
l.43 ..._a_c}{MAC}} Ethernet\+::\+Header\+::dhost}
                                                  
I've deleted a group-closing symbol because it seems to be
spurious, as in `$x}$'. But perhaps the } is legitimate and
you forgot something else, as in `\hbox{$x}'. In such cases
the way to recover is to insert both the forgotten and the
deleted material, e.g., by typing `I$}'.

./struct_ethernet_1_1_header.tex:44: Missing $ inserted.
<inserted text> 
                $
l.44 
     
I've inserted a begin-math/end-math symbol since I think
you left one out. Proceed, with fingers crossed.

./struct_ethernet_1_1_header.tex:45: Undefined control sequence.
l.45 \Hypertarget
                 {struct_ethernet_1_1_header_a253a7513fd38c42e2c7ca5a158ee15...
The control sequence at the end of the top line
of your error message was never \def'ed. If you have
misspelled it (e.g., `\hobx'), type `I' and the correct
spelling (e.g., `I\hbox'). Otherwise just continue,
and I'll forget about whatever was undefined.

./struct_ethernet_1_1_header.tex:45: Missing $ inserted.
<inserted text> 
                $
l.45 \Hypertarget{struct_
                         ethernet_1_1_header_a253a7513fd38c42e2c7ca5a158ee15...
I've inserted a begin-math/end-math symbol since I think
you left one out. Proceed, with fingers crossed.

./struct_ethernet_1_1_header.tex:45: Double subscript.
l.45 \Hypertarget{struct_ethernet_1_
                                    1_header_a253a7513fd38c42e2c7ca5a158ee15...
I treat `x_1_2' essentially like `x_1{}_2'.

./struct_ethernet_1_1_header.tex:45: Double subscript.
l.45 \Hypertarget{struct_ethernet_1_1_
                                      header_a253a7513fd38c42e2c7ca5a158ee15...
I treat `x_1_2' essentially like `x_1{}_2'.

./struct_ethernet_1_1_header.tex:45: Extra }, or forgotten $.
l.45 ..._header_a253a7513fd38c42e2c7ca5a158ee15bf}
                                                  \index{Ethernet::Header@{E...
I've deleted a group-closing symbol because it seems to be
spurious, as in `$x}$'. But perhaps the } is legitimate and
you forgot something else, as in `\hbox{$x}'. In such cases
the way to recover is to insert both the forgotten and the
deleted material, e.g., by typing `I$}'.

./struct_ethernet_1_1_header.tex:47: Undefined control sequence.
l.47 \doxysubsubsection
                       {\texorpdfstring{shost}{shost}}
The control sequence at the end of the top line
of your error message was never \def'ed. If you have
misspelled it (e.g., `\hobx'), type `I' and the correct
spelling (e.g., `I\hbox'). Otherwise just continue,
and I'll forget about whatever was undefined.

./struct_ethernet_1_1_header.tex:47: Undefined control sequence.
l.47 \doxysubsubsection{\texorpdfstring
                                       {shost}{shost}}
The control sequence at the end of the top line
of your error message was never \def'ed. If you have
misspelled it (e.g., `\hobx'), type `I' and the correct
spelling (e.g., `I\hbox'). Otherwise just continue,
and I'll forget about whatever was undefined.

./struct_ethernet_1_1_header.tex:48: Undefined control sequence.
l.48 {\footnotesize
                   \ttfamily \label{struct_ethernet_1_1_header_a253a7513fd38...
The control sequence at the end of the top line
of your error message was never \def'ed. If you have
misspelled it (e.g., `\hobx'), type `I' and the correct
spelling (e.g., `I\hbox'). Otherwise just continue,
and I'll forget about whatever was undefined.


./struct_ethernet_1_1_header.tex:48: LaTeX Error: Command \ttfamily invalid in math mode.

See the LaTeX manual or LaTeX Companion for explanation.
Type  H <return>  for immediate help.
 ...                                              
                                                  
l.48 {\footnotesize\ttfamily
                             \label{struct_ethernet_1_1_header_a253a7513fd38...
Please use the math alphabet \mathtt instead of the \ttfamily command. 

./struct_ethernet_1_1_header.tex:49: Undefined control sequence.
<argument> \hyperlink 
                      {struct_ethernet_1_1_m_a_c}{MAC}
l.49 ...hyperlink{struct_ethernet_1_1_m_a_c}{MAC}}
                                                   Ethernet\+::\+Header\+::s...
The control sequence at the end of the top line
of your error message was never \def'ed. If you have
misspelled it (e.g., `\hobx'), type `I' and the correct
spelling (e.g., `I\hbox'). Otherwise just continue,
and I'll forget about whatever was undefined.

./struct_ethernet_1_1_header.tex:49: Missing $ inserted.
<inserted text> 
                $
l.49 ...hyperlink{struct_ethernet_1_1_m_a_c}{MAC}}
                                                   Ethernet\+::\+Header\+::s...
I've inserted a begin-math/end-math symbol since I think
you left one out. Proceed, with fingers crossed.

./struct_ethernet_1_1_header.tex:49: Double subscript.
<argument> \hyperlink {struct_ethernet_1_
                                         1_m_a_c}{MAC}
l.49 ...hyperlink{struct_ethernet_1_1_m_a_c}{MAC}}
                                                   Ethernet\+::\+Header\+::s...
I treat `x_1_2' essentially like `x_1{}_2'.

./struct_ethernet_1_1_header.tex:49: Double subscript.
<argument> \hyperlink {struct_ethernet_1_1_
                                           m_a_c}{MAC}
l.49 ...hyperlink{struct_ethernet_1_1_m_a_c}{MAC}}
                                                   Ethernet\+::\+Header\+::s...
I treat `x_1_2' essentially like `x_1{}_2'.

./struct_ethernet_1_1_header.tex:49: Double subscript.
<argument> \hyperlink {struct_ethernet_1_1_m_
                                             a_c}{MAC}
l.49 ...hyperlink{struct_ethernet_1_1_m_a_c}{MAC}}
                                                   Ethernet\+::\+Header\+::s...
I treat `x_1_2' essentially like `x_1{}_2'.

./struct_ethernet_1_1_header.tex:49: Double subscript.
<argument> \hyperlink {struct_ethernet_1_1_m_a_
                                               c}{MAC}
l.49 ...hyperlink{struct_ethernet_1_1_m_a_c}{MAC}}
                                                   Ethernet\+::\+Header\+::s...
I treat `x_1_2' essentially like `x_1{}_2'.

./struct_ethernet_1_1_header.tex:49: Extra }, or forgotten $.
<argument> \hyperlink {struct_ethernet_1_1_m_a_c}
                                                 {MAC}
l.49 ...hyperlink{struct_ethernet_1_1_m_a_c}{MAC}}
                                                   Ethernet\+::\+Header\+::s...
I've deleted a group-closing symbol because it seems to be
spurious, as in `$x}$'. But perhaps the } is legitimate and
you forgot something else, as in `\hbox{$x}'. In such cases
the way to recover is to insert both the forgotten and the
deleted material, e.g., by typing `I$}'.

./struct_ethernet_1_1_header.tex:49: Extra }, or forgotten $.
\mbox  #1->\leavevmode \hbox {#1}
                                 
l.49 ...hyperlink{struct_ethernet_1_1_m_a_c}{MAC}}
                                                   Ethernet\+::\+Header\+::s...
I've deleted a group-closing symbol because it seems to be
spurious, as in `$x}$'. But perhaps the } is legitimate and
you forgot something else, as in `\hbox{$x}'. In such cases
the way to recover is to insert both the forgotten and the
deleted material, e.g., by typing `I$}'.

./struct_ethernet_1_1_header.tex:49: Undefined control sequence.
l.49 ...truct_ethernet_1_1_m_a_c}{MAC}} Ethernet\+
                                                  ::\+Header\+::shost}
The control sequence at the end of the top line
of your error message was never \def'ed. If you have
misspelled it (e.g., `\hobx'), type `I' and the correct
spelling (e.g., `I\hbox'). Otherwise just continue,
and I'll forget about whatever was undefined.

./struct_ethernet_1_1_header.tex:49: Undefined control sequence.
l.49 ...t_ethernet_1_1_m_a_c}{MAC}} Ethernet\+::\+
                                                  Header\+::shost}
The control sequence at the end of the top line
of your error message was never \def'ed. If you have
misspelled it (e.g., `\hobx'), type `I' and the correct
spelling (e.g., `I\hbox'). Otherwise just continue,
and I'll forget about whatever was undefined.

./struct_ethernet_1_1_header.tex:49: Undefined control sequence.
l.49 ...et_1_1_m_a_c}{MAC}} Ethernet\+::\+Header\+
                                                  ::shost}
The control sequence at the end of the top line
of your error message was never \def'ed. If you have
misspelled it (e.g., `\hobx'), type `I' and the correct
spelling (e.g., `I\hbox'). Otherwise just continue,
and I'll forget about whatever was undefined.

./struct_ethernet_1_1_header.tex:49: Extra }, or forgotten $.
l.49 ..._a_c}{MAC}} Ethernet\+::\+Header\+::shost}
                                                  
I've deleted a group-closing symbol because it seems to be
spurious, as in `$x}$'. But perhaps the } is legitimate and
you forgot something else, as in `\hbox{$x}'. In such cases
the way to recover is to insert both the forgotten and the
deleted material, e.g., by typing `I$}'.

./struct_ethernet_1_1_header.tex:50: Missing $ inserted.
<inserted text> 
                $
l.50 
     
I've inserted a begin-math/end-math symbol since I think
you left one out. Proceed, with fingers crossed.

./struct_ethernet_1_1_header.tex:51: Undefined control sequence.
l.51 \Hypertarget
                 {struct_ethernet_1_1_header_a80a35383800b65a0b204526d5e252a...
The control sequence at the end of the top line
of your error message was never \def'ed. If you have
misspelled it (e.g., `\hobx'), type `I' and the correct
spelling (e.g., `I\hbox'). Otherwise just continue,
and I'll forget about whatever was undefined.

./struct_ethernet_1_1_header.tex:51: Missing $ inserted.
<inserted text> 
                $
l.51 \Hypertarget{struct_
                         ethernet_1_1_header_a80a35383800b65a0b204526d5e252a...
I've inserted a begin-math/end-math symbol since I think
you left one out. Proceed, with fingers crossed.

./struct_ethernet_1_1_header.tex:51: Double subscript.
l.51 \Hypertarget{struct_ethernet_1_
                                    1_header_a80a35383800b65a0b204526d5e252a...
I treat `x_1_2' essentially like `x_1{}_2'.

./struct_ethernet_1_1_header.tex:51: Double subscript.
l.51 \Hypertarget{struct_ethernet_1_1_
                                      header_a80a35383800b65a0b204526d5e252a...
I treat `x_1_2' essentially like `x_1{}_2'.

./struct_ethernet_1_1_header.tex:51: Extra }, or forgotten $.
l.51 ..._header_a80a35383800b65a0b204526d5e252aff}
                                                  \index{Ethernet::Header@{E...
I've deleted a group-closing symbol because it seems to be
spurious, as in `$x}$'. But perhaps the } is legitimate and
you forgot something else, as in `\hbox{$x}'. In such cases
the way to recover is to insert both the forgotten and the
deleted material, e.g., by typing `I$}'.

./struct_ethernet_1_1_header.tex:53: Undefined control sequence.
l.53 \doxysubsubsection
                       {\texorpdfstring{type}{type}}
The control sequence at the end of the top line
of your error message was never \def'ed. If you have
misspelled it (e.g., `\hobx'), type `I' and the correct
spelling (e.g., `I\hbox'). Otherwise just continue,
and I'll forget about whatever was undefined.

./struct_ethernet_1_1_header.tex:53: Undefined control sequence.
l.53 \doxysubsubsection{\texorpdfstring
                                       {type}{type}}
The control sequence at the end of the top line
of your error message was never \def'ed. If you have
misspelled it (e.g., `\hobx'), type `I' and the correct
spelling (e.g., `I\hbox'). Otherwise just continue,
and I'll forget about whatever was undefined.

./struct_ethernet_1_1_header.tex:54: Undefined control sequence.
l.54 {\footnotesize
                   \ttfamily \label{struct_ethernet_1_1_header_a80a35383800b...
The control sequence at the end of the top line
of your error message was never \def'ed. If you have
misspelled it (e.g., `\hobx'), type `I' and the correct
spelling (e.g., `I\hbox'). Otherwise just continue,
and I'll forget about whatever was undefined.


./struct_ethernet_1_1_header.tex:54: LaTeX Error: Command \ttfamily invalid in math mode.

See the LaTeX manual or LaTeX Companion for explanation.
Type  H <return>  for immediate help.
 ...                                              
                                                  
l.54 {\footnotesize\ttfamily
                             \label{struct_ethernet_1_1_header_a80a35383800b...
Please use the math alphabet \mathtt instead of the \ttfamily command. 

./struct_ethernet_1_1_header.tex:55: Undefined control sequence.
<argument> \hyperlink 
                      {class_ethernet_a02735b7ba51716771bef61248247e9ea}{Pro...
l.55 ...735b7ba51716771bef61248247e9ea}{Protocol}}
                                                   Ethernet\+::\+Header\+::t...
The control sequence at the end of the top line
of your error message was never \def'ed. If you have
misspelled it (e.g., `\hobx'), type `I' and the correct
spelling (e.g., `I\hbox'). Otherwise just continue,
and I'll forget about whatever was undefined.

./struct_ethernet_1_1_header.tex:55: Missing $ inserted.
<inserted text> 
                $
l.55 ...735b7ba51716771bef61248247e9ea}{Protocol}}
                                                   Ethernet\+::\+Header\+::t...
I've inserted a begin-math/end-math symbol since I think
you left one out. Proceed, with fingers crossed.

./struct_ethernet_1_1_header.tex:55: Extra }, or forgotten $.
<argument> ...t_a02735b7ba51716771bef61248247e9ea}
                                                  {Protocol}
l.55 ...735b7ba51716771bef61248247e9ea}{Protocol}}
                                                   Ethernet\+::\+Header\+::t...
I've deleted a group-closing symbol because it seems to be
spurious, as in `$x}$'. But perhaps the } is legitimate and
you forgot something else, as in `\hbox{$x}'. In such cases
the way to recover is to insert both the forgotten and the
deleted material, e.g., by typing `I$}'.

./struct_ethernet_1_1_header.tex:55: Extra }, or forgotten $.
\mbox  #1->\leavevmode \hbox {#1}
                                 
l.55 ...735b7ba51716771bef61248247e9ea}{Protocol}}
                                                   Ethernet\+::\+Header\+::t...
I've deleted a group-closing symbol because it seems to be
spurious, as in `$x}$'. But perhaps the } is legitimate and
you forgot something else, as in `\hbox{$x}'. In such cases
the way to recover is to insert both the forgotten and the
deleted material, e.g., by typing `I$}'.

./struct_ethernet_1_1_header.tex:55: Undefined control sequence.
l.55 ...6771bef61248247e9ea}{Protocol}} Ethernet\+
                                                  ::\+Header\+::type}
The control sequence at the end of the top line
of your error message was never \def'ed. If you have
misspelled it (e.g., `\hobx'), type `I' and the correct
spelling (e.g., `I\hbox'). Otherwise just continue,
and I'll forget about whatever was undefined.

./struct_ethernet_1_1_header.tex:55: Undefined control sequence.
l.55 ...bef61248247e9ea}{Protocol}} Ethernet\+::\+
                                                  Header\+::type}
The control sequence at the end of the top line
of your error message was never \def'ed. If you have
misspelled it (e.g., `\hobx'), type `I' and the correct
spelling (e.g., `I\hbox'). Otherwise just continue,
and I'll forget about whatever was undefined.

./struct_ethernet_1_1_header.tex:55: Undefined control sequence.
l.55 ...247e9ea}{Protocol}} Ethernet\+::\+Header\+
                                                  ::type}
The control sequence at the end of the top line
of your error message was never \def'ed. If you have
misspelled it (e.g., `\hobx'), type `I' and the correct
spelling (e.g., `I\hbox'). Otherwise just continue,
and I'll forget about whatever was undefined.

./struct_ethernet_1_1_header.tex:55: Extra }, or forgotten $.
l.55 ...}{Protocol}} Ethernet\+::\+Header\+::type}
                                                  
I've deleted a group-closing symbol because it seems to be
spurious, as in `$x}$'. But perhaps the } is legitimate and
you forgot something else, as in `\hbox{$x}'. In such cases
the way to recover is to insert both the forgotten and the
deleted material, e.g., by typing `I$}'.

./struct_ethernet_1_1_header.tex:56: Missing $ inserted.
<inserted text> 
                $
l.56 
     
I've inserted a begin-math/end-math symbol since I think
you left one out. Proceed, with fingers crossed.

./struct_ethernet_1_1_header.tex:59: Undefined control sequence.
l.59 ...ct was generated from the following file\+
                                                  :\begin{DoxyCompactItemize}
The control sequence at the end of the top line
of your error message was never \def'ed. If you have
misspelled it (e.g., `\hobx'), type `I' and the correct
spelling (e.g., `I\hbox'). Otherwise just continue,
and I'll forget about whatever was undefined.


./struct_ethernet_1_1_header.tex:59: LaTeX Error: Environment DoxyCompactItemize undefined.

See the LaTeX manual or LaTeX Companion for explanation.
Type  H <return>  for immediate help.
 ...                                              
                                                  
l.59 ...ollowing file\+:\begin{DoxyCompactItemize}
                                                  
Your command was ignored.
Type  I <command> <return>  to replace it with another command,
or  <return>  to continue without it.


./struct_ethernet_1_1_header.tex:61: LaTeX Error: Not allowed in LR mode.

See the LaTeX manual or LaTeX Companion for explanation.
Type  H <return>  for immediate help.
 ...                                              
                                                  
l.61 s
      ource/api/network/definitions/\mbox{\hyperlink{ethernet_8hpp}{ethernet...
You've lost some text.  Try typing  <return>  to proceed.
If that doesn't work, type  X <return>  to quit.


./struct_ethernet_1_1_header.tex:61: LaTeX Error: Not allowed in LR mode.

See the LaTeX manual or LaTeX Companion for explanation.
Type  H <return>  for immediate help.
 ...                                              
                                                  
l.61 s
      ource/api/network/definitions/\mbox{\hyperlink{ethernet_8hpp}{ethernet...
You've lost some text.  Try typing  <return>  to proceed.
If that doesn't work, type  X <return>  to quit.

./struct_ethernet_1_1_header.tex:61: Missing \endgroup inserted.
<inserted text> 
                \endgroup 
l.61 s
      ource/api/network/definitions/\mbox{\hyperlink{ethernet_8hpp}{ethernet...
I've inserted something that you may have forgotten.
(See the <inserted text> above.)
With luck, this will get me unwedged. But if you
really didn't forget anything, try typing `2' now; then
my insertion and my current dilemma will both disappear.

./struct_ethernet_1_1_header.tex:61: Missing } inserted.
<inserted text> 
                }
l.61 s
      ource/api/network/definitions/\mbox{\hyperlink{ethernet_8hpp}{ethernet...
I've inserted something that you may have forgotten.
(See the <inserted text> above.)
With luck, this will get me unwedged. But if you
really didn't forget anything, try typing `2' now; then
my insertion and my current dilemma will both disappear.

./struct_ethernet_1_1_header.tex:61: Missing } inserted.
<inserted text> 
                }
l.61 s
      ource/api/network/definitions/\mbox{\hyperlink{ethernet_8hpp}{ethernet...
I've inserted something that you may have forgotten.
(See the <inserted text> above.)
With luck, this will get me unwedged. But if you
really didn't forget anything, try typing `2' now; then
my insertion and my current dilemma will both disappear.

./struct_ethernet_1_1_header.tex:61: Missing $ inserted.
<inserted text> 
                $
l.61 s
      ource/api/network/definitions/\mbox{\hyperlink{ethernet_8hpp}{ethernet...
I've inserted a begin-math/end-math symbol since I think
you left one out. Proceed, with fingers crossed.

./struct_ethernet_1_1_header.tex:61: Missing } inserted.
<inserted text> 
                }
l.61 s
      ource/api/network/definitions/\mbox{\hyperlink{ethernet_8hpp}{ethernet...
I've inserted something that you may have forgotten.
(See the <inserted text> above.)
With luck, this will get me unwedged. But if you
really didn't forget anything, try typing `2' now; then
my insertion and my current dilemma will both disappear.

./struct_ethernet_1_1_header.tex:61: Missing } inserted.
<inserted text> 
                }
l.61 s
      ource/api/network/definitions/\mbox{\hyperlink{ethernet_8hpp}{ethernet...
I've inserted something that you may have forgotten.
(See the <inserted text> above.)
With luck, this will get me unwedged. But if you
really didn't forget anything, try typing `2' now; then
my insertion and my current dilemma will both disappear.

./struct_ethernet_1_1_header.tex:61: Missing } inserted.
<inserted text> 
                }
l.61 s
      ource/api/network/definitions/\mbox{\hyperlink{ethernet_8hpp}{ethernet...
I've inserted something that you may have forgotten.
(See the <inserted text> above.)
With luck, this will get me unwedged. But if you
really didn't forget anything, try typing `2' now; then
my insertion and my current dilemma will both disappear.

./struct_ethernet_1_1_header.tex:61: Missing } inserted.
<inserted text> 
                }
l.61 s
      ource/api/network/definitions/\mbox{\hyperlink{ethernet_8hpp}{ethernet...
I've inserted something that you may have forgotten.
(See the <inserted text> above.)
With luck, this will get me unwedged. But if you
really didn't forget anything, try typing `2' now; then
my insertion and my current dilemma will both disappear.

./struct_ethernet_1_1_header.tex:61: Missing $ inserted.
<inserted text> 
                $
l.61 s
      ource/api/network/definitions/\mbox{\hyperlink{ethernet_8hpp}{ethernet...
I've inserted a begin-math/end-math symbol since I think
you left one out. Proceed, with fingers crossed.

./struct_ethernet_1_1_header.tex:61: Missing } inserted.
<inserted text> 
                }
l.61 s
      ource/api/network/definitions/\mbox{\hyperlink{ethernet_8hpp}{ethernet...
I've inserted something that you may have forgotten.
(See the <inserted text> above.)
With luck, this will get me unwedged. But if you
really didn't forget anything, try typing `2' now; then
my insertion and my current dilemma will both disappear.

./struct_ethernet_1_1_header.tex:61: Missing } inserted.
<inserted text> 
                }
l.61 s
      ource/api/network/definitions/\mbox{\hyperlink{ethernet_8hpp}{ethernet...
I've inserted something that you may have forgotten.
(See the <inserted text> above.)
With luck, this will get me unwedged. But if you
really didn't forget anything, try typing `2' now; then
my insertion and my current dilemma will both disappear.

./struct_ethernet_1_1_header.tex:61: Missing } inserted.
<inserted text> 
                }
l.61 s
      ource/api/network/definitions/\mbox{\hyperlink{ethernet_8hpp}{ethernet...
I've inserted something that you may have forgotten.
(See the <inserted text> above.)
With luck, this will get me unwedged. But if you
really didn't forget anything, try typing `2' now; then
my insertion and my current dilemma will both disappear.

./struct_ethernet_1_1_header.tex:61: Missing } inserted.
<inserted text> 
                }
l.61 s
      ource/api/network/definitions/\mbox{\hyperlink{ethernet_8hpp}{ethernet...
I've inserted something that you may have forgotten.
(See the <inserted text> above.)
With luck, this will get me unwedged. But if you
really didn't forget anything, try typing `2' now; then
my insertion and my current dilemma will both disappear.

./struct_ethernet_1_1_header.tex:61: Missing $ inserted.
<inserted text> 
                $
l.61 s
      ource/api/network/definitions/\mbox{\hyperlink{ethernet_8hpp}{ethernet...
I've inserted a begin-math/end-math symbol since I think
you left one out. Proceed, with fingers crossed.

./struct_ethernet_1_1_header.tex:61: Missing } inserted.
<inserted text> 
                }
l.61 s
      ource/api/network/definitions/\mbox{\hyperlink{ethernet_8hpp}{ethernet...
I've inserted something that you may have forgotten.
(See the <inserted text> above.)
With luck, this will get me unwedged. But if you
really didn't forget anything, try typing `2' now; then
my insertion and my current dilemma will both disappear.


Overfull \hbox (117.4665pt too wide) in paragraph at lines 37--61
[]$[]\OML/cmm/m/it/10 thernet[][][]eader[]oc \OMS/cmsy/m/n/10 ^^@
 []


Overfull \hbox (43.91858pt too wide) in paragraph at lines 37--61
\OML/cmm/m/it/10 variable \OMS/cmsy/m/n/10 ^^@
 []


Overfull \hbox (2360.49974pt too wide) in paragraph at lines 37--61
\OML/cmm/m/it/10 members[][][][]$ 
 []


./struct_ethernet_1_1_header.tex:61: LaTeX Error: Lonely \item--perhaps a missing list environment.

See the LaTeX manual or LaTeX Companion for explanation.
Type  H <return>  for immediate help.
 ...                                              
                                                  
l.61 s
      ource/api/network/definitions/\mbox{\hyperlink{ethernet_8hpp}{ethernet...
Try typing  <return>  to proceed.
If that doesn't work, type  X <return>  to quit.

Missing character: There is no s in font nullfont!
Missing character: There is no o in font nullfont!
Missing character: There is no u in font nullfont!
Missing character: There is no r in font nullfont!
Missing character: There is no c in font nullfont!
Missing character: There is no e in font nullfont!
Missing character: There is no / in font nullfont!
Missing character: There is no a in font nullfont!
Missing character: There is no p in font nullfont!
Missing character: There is no i in font nullfont!
Missing character: There is no / in font nullfont!
Missing character: There is no n in font nullfont!
Missing character: There is no e in font nullfont!
Missing character: There is no t in font nullfont!
Missing character: There is no w in font nullfont!
Missing character: There is no o in font nullfont!
Missing character: There is no r in font nullfont!
Missing character: There is no k in font nullfont!
Missing character: There is no / in font nullfont!
Missing character: There is no d in font nullfont!
Missing character: There is no e in font nullfont!
Missing character: There is no f in font nullfont!
Missing character: There is no i in font nullfont!
Missing character: There is no n in font nullfont!
Missing character: There is no i in font nullfont!
Missing character: There is no t in font nullfont!
Missing character: There is no i in font nullfont!
Missing character: There is no o in font nullfont!
Missing character: There is no n in font nullfont!
Missing character: There is no s in font nullfont!
Missing character: There is no / in font nullfont!
./struct_ethernet_1_1_header.tex:61: Undefined control sequence.
<argument> \hyperlink 
                      {ethernet_8hpp}{ethernet.\+hpp}
l.61 ...\hyperlink{ethernet_8hpp}{ethernet.\+hpp}}
                                                  \end{DoxyCompactItemize}
The control sequence at the end of the top line
of your error message was never \def'ed. If you have
misspelled it (e.g., `\hobx'), type `I' and the correct
spelling (e.g., `I\hbox'). Otherwise just continue,
and I'll forget about whatever was undefined.

Missing character: There is no e in font nullfont!
Missing character: There is no t in font nullfont!
Missing character: There is no h in font nullfont!
Missing character: There is no e in font nullfont!
Missing character: There is no r in font nullfont!
Missing character: There is no n in font nullfont!
Missing character: There is no e in font nullfont!
Missing character: There is no t in font nullfont!
./struct_ethernet_1_1_header.tex:61: Missing $ inserted.
<inserted text> 
                $
l.61 ...\hyperlink{ethernet_8hpp}{ethernet.\+hpp}}
                                                  \end{DoxyCompactItemize}
I've inserted a begin-math/end-math symbol since I think
you left one out. Proceed, with fingers crossed.

./struct_ethernet_1_1_header.tex:61: Extra }, or forgotten $.
<argument> \hyperlink {ethernet_8hpp}
                                     {ethernet.\+hpp}
l.61 ...\hyperlink{ethernet_8hpp}{ethernet.\+hpp}}
                                                  \end{DoxyCompactItemize}
I've deleted a group-closing symbol because it seems to be
spurious, as in `$x}$'. But perhaps the } is legitimate and
you forgot something else, as in `\hbox{$x}'. In such cases
the way to recover is to insert both the forgotten and the
deleted material, e.g., by typing `I$}'.

./struct_ethernet_1_1_header.tex:61: Undefined control sequence.
<argument> \hyperlink {ethernet_8hpp}{ethernet.\+
                                                 hpp}
l.61 ...\hyperlink{ethernet_8hpp}{ethernet.\+hpp}}
                                                  \end{DoxyCompactItemize}
The control sequence at the end of the top line
of your error message was never \def'ed. If you have
misspelled it (e.g., `\hobx'), type `I' and the correct
spelling (e.g., `I\hbox'). Otherwise just continue,
and I'll forget about whatever was undefined.

./struct_ethernet_1_1_header.tex:61: Extra }, or forgotten $.
\mbox  #1->\leavevmode \hbox {#1}
                                 
l.61 ...\hyperlink{ethernet_8hpp}{ethernet.\+hpp}}
                                                  \end{DoxyCompactItemize}
I've deleted a group-closing symbol because it seems to be
spurious, as in `$x}$'. But perhaps the } is legitimate and
you forgot something else, as in `\hbox{$x}'. In such cases
the way to recover is to insert both the forgotten and the
deleted material, e.g., by typing `I$}'.


./struct_ethernet_1_1_header.tex:61: LaTeX Error: \begin{document} ended by \end{DoxyCompactItemize}.

See the LaTeX manual or LaTeX Companion for explanation.
Type  H <return>  for immediate help.
 ...                                              
                                                  
l.61 ...}{ethernet.\+hpp}}\end{DoxyCompactItemize}
                                                  
Your command was ignored.
Type  I <command> <return>  to replace it with another command,
or  <return>  to continue without it.

./struct_ethernet_1_1_header.tex:61: Missing $ inserted.
<inserted text> 
                $
l.61 ...}{ethernet.\+hpp}}\end{DoxyCompactItemize}
                                                  
I've inserted something that you may have forgotten.
(See the <inserted text> above.)
With luck, this will get me unwedged. But if you
really didn't forget anything, try typing `2' now; then
my insertion and my current dilemma will both disappear.

./struct_ethernet_1_1_header.tex:61: Missing } inserted.
<inserted text> 
                }
l.61 ...}{ethernet.\+hpp}}\end{DoxyCompactItemize}
                                                  
I've inserted something that you may have forgotten.
(See the <inserted text> above.)
With luck, this will get me unwedged. But if you
really didn't forget anything, try typing `2' now; then
my insertion and my current dilemma will both disappear.

./struct_ethernet_1_1_header.tex:61: Missing } inserted.
<inserted text> 
                }
l.61 ...}{ethernet.\+hpp}}\end{DoxyCompactItemize}
                                                  
I've inserted something that you may have forgotten.
(See the <inserted text> above.)
With luck, this will get me unwedged. But if you
really didn't forget anything, try typing `2' now; then
my insertion and my current dilemma will both disappear.

./struct_ethernet_1_1_header.tex:61: Missing } inserted.
<inserted text> 
                }
l.61 ...}{ethernet.\+hpp}}\end{DoxyCompactItemize}
                                                  
I've inserted something that you may have forgotten.
(See the <inserted text> above.)
With luck, this will get me unwedged. But if you
really didn't forget anything, try typing `2' now; then
my insertion and my current dilemma will both disappear.

./struct_ethernet_1_1_header.tex:61: Missing } inserted.
<inserted text> 
                }
l.61 ...}{ethernet.\+hpp}}\end{DoxyCompactItemize}
                                                  
I've inserted something that you may have forgotten.
(See the <inserted text> above.)
With luck, this will get me unwedged. But if you
really didn't forget anything, try typing `2' now; then
my insertion and my current dilemma will both disappear.

./struct_ethernet_1_1_header.tex:61: Missing } inserted.
<inserted text> 
                }
l.61 ...}{ethernet.\+hpp}}\end{DoxyCompactItemize}
                                                  
I've inserted something that you may have forgotten.
(See the <inserted text> above.)
With luck, this will get me unwedged. But if you
really didn't forget anything, try typing `2' now; then
my insertion and my current dilemma will both disappear.

./struct_ethernet_1_1_header.tex:61: Missing } inserted.
<inserted text> 
                }
l.61 ...}{ethernet.\+hpp}}\end{DoxyCompactItemize}
                                                  
I've inserted something that you may have forgotten.
(See the <inserted text> above.)
With luck, this will get me unwedged. But if you
really didn't forget anything, try typing `2' now; then
my insertion and my current dilemma will both disappear.

./struct_ethernet_1_1_header.tex:61: Extra \endgroup.
<recently read> \endgroup 
                          
l.61 ...}{ethernet.\+hpp}}\end{DoxyCompactItemize}
                                                  
Things are pretty mixed up, but I think the worst is over.

)
! Emergency stop.
<*> struct_ethernet_1_1_header.tex
                                  
*** (job aborted, no legal \end found)

 
Here is how much of TeX's memory you used:
 32 strings out of 469269
 740 string characters out of 5467112
 433984 words of memory out of 5000000
 28563 multiletter control sequences out of 15000+600000
 626993 words of font info for 41 fonts, out of 8000000 for 9000
 319 hyphenation exceptions out of 8191
 22i,11n,23p,229b,220s stack positions out of 10000i,1000n,20000p,200000b,200000s
!  ==> Fatal error occurred, no output PDF file produced!
