This is pdfTeX, Version 3.141592653-2.6-1.40.28 (TeX Live 2025) (preloaded format=pdflatex 2025.9.24)  27 SEP 2025 18:54
entering extended mode
 \write18 enabled.
 file:line:error style messages enabled.
 %&-line parsing enabled.
**struct_traits_3_01_protocol_3_01_n_i_c_00_01_n_i_c2_01_4_01_4.tex
(./struct_traits_3_01_protocol_3_01_n_i_c_00_01_n_i_c2_01_4_01_4.tex
LaTeX2e <2025-06-01> patch level 1
L3 programming layer <2025-09-02>
./struct_traits_3_01_protocol_3_01_n_i_c_00_01_n_i_c2_01_4_01_4.tex:1: Undefined control sequence.
l.1 \doxysection
                {Traits\texorpdfstring{$<$}{<} Protocol\texorpdfstring{$<$}{...
The control sequence at the end of the top line
of your error message was never \def'ed. If you have
misspelled it (e.g., `\hobx'), type `I' and the correct
spelling (e.g., `I\hbox'). Otherwise just continue,
and I'll forget about whatever was undefined.


./struct_traits_3_01_protocol_3_01_n_i_c_00_01_n_i_c2_01_4_01_4.tex:1: LaTeX Error: Missing \begin{document}.

See the LaTeX manual or LaTeX Companion for explanation.
Type  H <return>  for immediate help.
 ...                                              
                                                  
l.1 \doxysection{T
                  raits\texorpdfstring{$<$}{<} Protocol\texorpdfstring{$<$}{...
You're in trouble here.  Try typing  <return>  to proceed.
If that doesn't work, type  X <return>  to quit.

Missing character: There is no T in font nullfont!
Missing character: There is no r in font nullfont!
Missing character: There is no a in font nullfont!
Missing character: There is no i in font nullfont!
Missing character: There is no t in font nullfont!
Missing character: There is no s in font nullfont!
./struct_traits_3_01_protocol_3_01_n_i_c_00_01_n_i_c2_01_4_01_4.tex:1: Undefined control sequence.
l.1 \doxysection{Traits\texorpdfstring
                                      {$<$}{<} Protocol\texorpdfstring{$<$}{...
The control sequence at the end of the top line
of your error message was never \def'ed. If you have
misspelled it (e.g., `\hobx'), type `I' and the correct
spelling (e.g., `I\hbox'). Otherwise just continue,
and I'll forget about whatever was undefined.

LaTeX Font Info:    External font `cmex10' loaded for size
(Font)              <7> on input line 1.
LaTeX Font Info:    External font `cmex10' loaded for size
(Font)              <5> on input line 1.
Missing character: There is no < in font nullfont!
Missing character: There is no P in font nullfont!
Missing character: There is no r in font nullfont!
Missing character: There is no o in font nullfont!
Missing character: There is no t in font nullfont!
Missing character: There is no o in font nullfont!
Missing character: There is no c in font nullfont!
Missing character: There is no o in font nullfont!
Missing character: There is no l in font nullfont!
./struct_traits_3_01_protocol_3_01_n_i_c_00_01_n_i_c2_01_4_01_4.tex:1: Undefined control sequence.
l.1 ...orpdfstring{$<$}{<} Protocol\texorpdfstring
                                                  {$<$}{<} NIC, NIC2 \texorp...
The control sequence at the end of the top line
of your error message was never \def'ed. If you have
misspelled it (e.g., `\hobx'), type `I' and the correct
spelling (e.g., `I\hbox'). Otherwise just continue,
and I'll forget about whatever was undefined.

Missing character: There is no < in font nullfont!
Missing character: There is no N in font nullfont!
Missing character: There is no I in font nullfont!
Missing character: There is no C in font nullfont!
Missing character: There is no , in font nullfont!
Missing character: There is no N in font nullfont!
Missing character: There is no I in font nullfont!
Missing character: There is no C in font nullfont!
Missing character: There is no 2 in font nullfont!
./struct_traits_3_01_protocol_3_01_n_i_c_00_01_n_i_c2_01_4_01_4.tex:1: Undefined control sequence.
l.1 ...pdfstring{$<$}{<} NIC, NIC2 \texorpdfstring
                                                  {$>$}{>} \texorpdfstring{$...
The control sequence at the end of the top line
of your error message was never \def'ed. If you have
misspelled it (e.g., `\hobx'), type `I' and the correct
spelling (e.g., `I\hbox'). Otherwise just continue,
and I'll forget about whatever was undefined.

Missing character: There is no > in font nullfont!
./struct_traits_3_01_protocol_3_01_n_i_c_00_01_n_i_c2_01_4_01_4.tex:1: Undefined control sequence.
l.1 ...IC2 \texorpdfstring{$>$}{>} \texorpdfstring
                                                  {$>$}{>} Struct Template R...
The control sequence at the end of the top line
of your error message was never \def'ed. If you have
misspelled it (e.g., `\hobx'), type `I' and the correct
spelling (e.g., `I\hbox'). Otherwise just continue,
and I'll forget about whatever was undefined.

Missing character: There is no > in font nullfont!
Missing character: There is no S in font nullfont!
Missing character: There is no t in font nullfont!
Missing character: There is no r in font nullfont!
Missing character: There is no u in font nullfont!
Missing character: There is no c in font nullfont!
Missing character: There is no t in font nullfont!
Missing character: There is no T in font nullfont!
Missing character: There is no e in font nullfont!
Missing character: There is no m in font nullfont!
Missing character: There is no p in font nullfont!
Missing character: There is no l in font nullfont!
Missing character: There is no a in font nullfont!
Missing character: There is no t in font nullfont!
Missing character: There is no e in font nullfont!
Missing character: There is no R in font nullfont!
Missing character: There is no e in font nullfont!
Missing character: There is no f in font nullfont!
Missing character: There is no e in font nullfont!
Missing character: There is no r in font nullfont!
Missing character: There is no e in font nullfont!
Missing character: There is no n in font nullfont!
Missing character: There is no c in font nullfont!
Missing character: There is no e in font nullfont!
./struct_traits_3_01_protocol_3_01_n_i_c_00_01_n_i_c2_01_4_01_4.tex:2: Undefined control sequence.
l.2 \hypertarget
                {struct_traits_3_01_protocol_3_01_n_i_c_00_01_n_i_c2_01_4_01...
The control sequence at the end of the top line
of your error message was never \def'ed. If you have
misspelled it (e.g., `\hobx'), type `I' and the correct
spelling (e.g., `I\hbox'). Otherwise just continue,
and I'll forget about whatever was undefined.

Missing character: There is no s in font nullfont!
Missing character: There is no t in font nullfont!
Missing character: There is no r in font nullfont!
Missing character: There is no u in font nullfont!
Missing character: There is no c in font nullfont!
Missing character: There is no t in font nullfont!
./struct_traits_3_01_protocol_3_01_n_i_c_00_01_n_i_c2_01_4_01_4.tex:2: Missing $ inserted.
<inserted text> 
                $
l.2 \hypertarget{struct_
                        traits_3_01_protocol_3_01_n_i_c_00_01_n_i_c2_01_4_01...
I've inserted a begin-math/end-math symbol since I think
you left one out. Proceed, with fingers crossed.

./struct_traits_3_01_protocol_3_01_n_i_c_00_01_n_i_c2_01_4_01_4.tex:2: Double subscript.
l.2 \hypertarget{struct_traits_3_
                                 01_protocol_3_01_n_i_c_00_01_n_i_c2_01_4_01...
I treat `x_1_2' essentially like `x_1{}_2'.

./struct_traits_3_01_protocol_3_01_n_i_c_00_01_n_i_c2_01_4_01_4.tex:2: Double subscript.
l.2 \hypertarget{struct_traits_3_01_protocol_3_
                                               01_n_i_c_00_01_n_i_c2_01_4_01...
I treat `x_1_2' essentially like `x_1{}_2'.

./struct_traits_3_01_protocol_3_01_n_i_c_00_01_n_i_c2_01_4_01_4.tex:2: Double subscript.
l.2 ...rtarget{struct_traits_3_01_protocol_3_01_n_
                                                  i_c_00_01_n_i_c2_01_4_01_4...
I treat `x_1_2' essentially like `x_1{}_2'.

./struct_traits_3_01_protocol_3_01_n_i_c_00_01_n_i_c2_01_4_01_4.tex:2: Double subscript.
l.2 ...arget{struct_traits_3_01_protocol_3_01_n_i_
                                                  c_00_01_n_i_c2_01_4_01_4}{...
I treat `x_1_2' essentially like `x_1{}_2'.

./struct_traits_3_01_protocol_3_01_n_i_c_00_01_n_i_c2_01_4_01_4.tex:2: Double subscript.
l.2 ...get{struct_traits_3_01_protocol_3_01_n_i_c_
                                                  00_01_n_i_c2_01_4_01_4}{}\...
I treat `x_1_2' essentially like `x_1{}_2'.

./struct_traits_3_01_protocol_3_01_n_i_c_00_01_n_i_c2_01_4_01_4.tex:2: Double subscript.
l.2 ...ct_traits_3_01_protocol_3_01_n_i_c_00_01_n_
                                                  i_c2_01_4_01_4}{}\label{st...
I treat `x_1_2' essentially like `x_1{}_2'.

./struct_traits_3_01_protocol_3_01_n_i_c_00_01_n_i_c2_01_4_01_4.tex:2: Double subscript.
l.2 ..._traits_3_01_protocol_3_01_n_i_c_00_01_n_i_
                                                  c2_01_4_01_4}{}\label{stru...
I treat `x_1_2' essentially like `x_1{}_2'.

./struct_traits_3_01_protocol_3_01_n_i_c_00_01_n_i_c2_01_4_01_4.tex:2: Double subscript.
l.2 ...3_01_protocol_3_01_n_i_c_00_01_n_i_c2_01_4_
                                                  01_4}{}\label{struct_trait...
I treat `x_1_2' essentially like `x_1{}_2'.

./struct_traits_3_01_protocol_3_01_n_i_c_00_01_n_i_c2_01_4_01_4.tex:2: Extra }, or forgotten $.
l.2 ...protocol_3_01_n_i_c_00_01_n_i_c2_01_4_01_4}
                                                  {}\label{struct_traits_3_0...
I've deleted a group-closing symbol because it seems to be
spurious, as in `$x}$'. But perhaps the } is legitimate and
you forgot something else, as in `\hbox{$x}'. In such cases
the way to recover is to insert both the forgotten and the
deleted material, e.g., by typing `I$}'.

./struct_traits_3_01_protocol_3_01_n_i_c_00_01_n_i_c2_01_4_01_4.tex:3: Missing $ inserted.
<inserted text> 
                $
l.3 
    
I've inserted a begin-math/end-math symbol since I think
you left one out. Proceed, with fingers crossed.


Overfull \hbox (27.7778pt too wide) in paragraph at lines 1--3
[]$\OML/cmm/m/it/10 <$
 []


Overfull \hbox (7.7778pt too wide) in paragraph at lines 1--3
\OML/cmm/m/it/10 <$
 []


Overfull \hbox (7.7778pt too wide) in paragraph at lines 1--3
\OML/cmm/m/it/10 >$
 []


Overfull \hbox (7.7778pt too wide) in paragraph at lines 1--3
\OML/cmm/m/it/10 >$
 []


Overfull \hbox (165.76984pt too wide) in paragraph at lines 1--3
[]\OML/cmm/m/it/10 raits[][]\OT1/cmr/m/n/10 1[]\OML/cmm/m/it/10 rotocol[][]\OT1/cmr/m/n/10 1[][][][]0[]1[][][]2[]1[][]1[][][]$ 
 []


./struct_traits_3_01_protocol_3_01_n_i_c_00_01_n_i_c2_01_4_01_4.tex:5: LaTeX Error: Missing \begin{document}.

See the LaTeX manual or LaTeX Companion for explanation.
Type  H <return>  for immediate help.
 ...                                              
                                                  
l.5 {\ttfamily \#
                 include $<$traits.\+hpp$>$}
You're in trouble here.  Try typing  <return>  to proceed.
If that doesn't work, type  X <return>  to quit.

./struct_traits_3_01_protocol_3_01_n_i_c_00_01_n_i_c2_01_4_01_4.tex:5: Undefined control sequence.
l.5 {\ttfamily \#include $<$traits.\+
                                     hpp$>$}
The control sequence at the end of the top line
of your error message was never \def'ed. If you have
misspelled it (e.g., `\hobx'), type `I' and the correct
spelling (e.g., `I\hbox'). Otherwise just continue,
and I'll forget about whatever was undefined.


Overfull \hbox (61.99963pt too wide) in paragraph at lines 5--6
[]\OT1/cmtt/m/n/10 #include
 []


Overfull \hbox (68.05515pt too wide) in paragraph at lines 5--6
\OML/cmm/m/it/10 <$\OT1/cmtt/m/n/10 traits.hpp$\OML/cmm/m/it/10 >$ 
 []

./struct_traits_3_01_protocol_3_01_n_i_c_00_01_n_i_c2_01_4_01_4.tex:7: Undefined control sequence.
l.7 \doxysubsubsection
                      *{Static Public Attributes}
The control sequence at the end of the top line
of your error message was never \def'ed. If you have
misspelled it (e.g., `\hobx'), type `I' and the correct
spelling (e.g., `I\hbox'). Otherwise just continue,
and I'll forget about whatever was undefined.


./struct_traits_3_01_protocol_3_01_n_i_c_00_01_n_i_c2_01_4_01_4.tex:7: LaTeX Error: Missing \begin{document}.

See the LaTeX manual or LaTeX Companion for explanation.
Type  H <return>  for immediate help.
 ...                                              
                                                  
l.7 \doxysubsubsection*
                       {Static Public Attributes}
You're in trouble here.  Try typing  <return>  to proceed.
If that doesn't work, type  X <return>  to quit.

Missing character: There is no * in font nullfont!
Missing character: There is no S in font nullfont!
Missing character: There is no t in font nullfont!
Missing character: There is no a in font nullfont!
Missing character: There is no t in font nullfont!
Missing character: There is no i in font nullfont!
Missing character: There is no c in font nullfont!
Missing character: There is no P in font nullfont!
Missing character: There is no u in font nullfont!
Missing character: There is no b in font nullfont!
Missing character: There is no l in font nullfont!
Missing character: There is no i in font nullfont!
Missing character: There is no c in font nullfont!
Missing character: There is no A in font nullfont!
Missing character: There is no t in font nullfont!
Missing character: There is no t in font nullfont!
Missing character: There is no r in font nullfont!
Missing character: There is no i in font nullfont!
Missing character: There is no b in font nullfont!
Missing character: There is no u in font nullfont!
Missing character: There is no t in font nullfont!
Missing character: There is no e in font nullfont!
Missing character: There is no s in font nullfont!

./struct_traits_3_01_protocol_3_01_n_i_c_00_01_n_i_c2_01_4_01_4.tex:8: LaTeX Error: Environment DoxyCompactItemize undefined.

See the LaTeX manual or LaTeX Companion for explanation.
Type  H <return>  for immediate help.
 ...                                              
                                                  
l.8 \begin{DoxyCompactItemize}
                              
Your command was ignored.
Type  I <command> <return>  to replace it with another command,
or  <return>  to continue without it.


Overfull \hbox (20.0pt too wide) in paragraph at lines 7--10
[]
 []


./struct_traits_3_01_protocol_3_01_n_i_c_00_01_n_i_c2_01_4_01_4.tex:10: LaTeX Error: Lonely \item--perhaps a missing list environment.

See the LaTeX manual or LaTeX Companion for explanation.
Type  H <return>  for immediate help.
 ...                                              
                                                  
l.10 s
      tatic const \mbox{\hyperlink{class_ethernet_a02735b7ba51716771bef61248...
Try typing  <return>  to proceed.
If that doesn't work, type  X <return>  to quit.

Missing character: There is no s in font nullfont!
Missing character: There is no t in font nullfont!
Missing character: There is no a in font nullfont!
Missing character: There is no t in font nullfont!
Missing character: There is no i in font nullfont!
Missing character: There is no c in font nullfont!
Missing character: There is no c in font nullfont!
Missing character: There is no o in font nullfont!
Missing character: There is no n in font nullfont!
Missing character: There is no s in font nullfont!
Missing character: There is no t in font nullfont!
./struct_traits_3_01_protocol_3_01_n_i_c_00_01_n_i_c2_01_4_01_4.tex:10: Undefined control sequence.
<argument> \hyperlink 
                      {class_ethernet_a02735b7ba51716771bef61248247e9ea}{Eth...
l.10 ...1bef61248247e9ea}{Ethernet\+::\+Protocol}}
                                                   \mbox{\hyperlink{struct_t...
The control sequence at the end of the top line
of your error message was never \def'ed. If you have
misspelled it (e.g., `\hobx'), type `I' and the correct
spelling (e.g., `I\hbox'). Otherwise just continue,
and I'll forget about whatever was undefined.

Missing character: There is no c in font nullfont!
Missing character: There is no l in font nullfont!
Missing character: There is no a in font nullfont!
Missing character: There is no s in font nullfont!
Missing character: There is no s in font nullfont!
./struct_traits_3_01_protocol_3_01_n_i_c_00_01_n_i_c2_01_4_01_4.tex:10: Missing $ inserted.
<inserted text> 
                $
l.10 ...1bef61248247e9ea}{Ethernet\+::\+Protocol}}
                                                   \mbox{\hyperlink{struct_t...
I've inserted a begin-math/end-math symbol since I think
you left one out. Proceed, with fingers crossed.

./struct_traits_3_01_protocol_3_01_n_i_c_00_01_n_i_c2_01_4_01_4.tex:10: Extra }, or forgotten $.
<argument> ...t_a02735b7ba51716771bef61248247e9ea}
                                                  {Ethernet\+::\+Protocol}
l.10 ...1bef61248247e9ea}{Ethernet\+::\+Protocol}}
                                                   \mbox{\hyperlink{struct_t...
I've deleted a group-closing symbol because it seems to be
spurious, as in `$x}$'. But perhaps the } is legitimate and
you forgot something else, as in `\hbox{$x}'. In such cases
the way to recover is to insert both the forgotten and the
deleted material, e.g., by typing `I$}'.

./struct_traits_3_01_protocol_3_01_n_i_c_00_01_n_i_c2_01_4_01_4.tex:10: Undefined control sequence.
<argument> ...a51716771bef61248247e9ea}{Ethernet\+
                                                  ::\+Protocol}
l.10 ...1bef61248247e9ea}{Ethernet\+::\+Protocol}}
                                                   \mbox{\hyperlink{struct_t...
The control sequence at the end of the top line
of your error message was never \def'ed. If you have
misspelled it (e.g., `\hobx'), type `I' and the correct
spelling (e.g., `I\hbox'). Otherwise just continue,
and I'll forget about whatever was undefined.

./struct_traits_3_01_protocol_3_01_n_i_c_00_01_n_i_c2_01_4_01_4.tex:10: Undefined control sequence.
<argument> ...16771bef61248247e9ea}{Ethernet\+::\+
                                                  Protocol}
l.10 ...1bef61248247e9ea}{Ethernet\+::\+Protocol}}
                                                   \mbox{\hyperlink{struct_t...
The control sequence at the end of the top line
of your error message was never \def'ed. If you have
misspelled it (e.g., `\hobx'), type `I' and the correct
spelling (e.g., `I\hbox'). Otherwise just continue,
and I'll forget about whatever was undefined.

./struct_traits_3_01_protocol_3_01_n_i_c_00_01_n_i_c2_01_4_01_4.tex:10: Extra }, or forgotten $.
\mbox  #1->\leavevmode \hbox {#1}
                                 
l.10 ...1bef61248247e9ea}{Ethernet\+::\+Protocol}}
                                                   \mbox{\hyperlink{struct_t...
I've deleted a group-closing symbol because it seems to be
spurious, as in `$x}$'. But perhaps the } is legitimate and
you forgot something else, as in `\hbox{$x}'. In such cases
the way to recover is to insert both the forgotten and the
deleted material, e.g., by typing `I$}'.

./struct_traits_3_01_protocol_3_01_n_i_c_00_01_n_i_c2_01_4_01_4.tex:10: Undefined control sequence.
<argument> \hyperlink 
                      {struct_traits_3_01_protocol_3_01_n_i_c_00_01_n_i_c2_0...
l.10 ...}{ETHERNET\+\_\+\+PROTOCOL\+\_\+\+NUMBER}}
                                                   = 0x88\+B5
The control sequence at the end of the top line
of your error message was never \def'ed. If you have
misspelled it (e.g., `\hobx'), type `I' and the correct
spelling (e.g., `I\hbox'). Otherwise just continue,
and I'll forget about whatever was undefined.

Missing character: There is no s in font nullfont!
Missing character: There is no t in font nullfont!
Missing character: There is no r in font nullfont!
Missing character: There is no u in font nullfont!
Missing character: There is no c in font nullfont!
Missing character: There is no t in font nullfont!
./struct_traits_3_01_protocol_3_01_n_i_c_00_01_n_i_c2_01_4_01_4.tex:10: Missing $ inserted.
<inserted text> 
                $
l.10 ...}{ETHERNET\+\_\+\+PROTOCOL\+\_\+\+NUMBER}}
                                                   = 0x88\+B5
I've inserted a begin-math/end-math symbol since I think
you left one out. Proceed, with fingers crossed.

./struct_traits_3_01_protocol_3_01_n_i_c_00_01_n_i_c2_01_4_01_4.tex:10: Double subscript.
<argument> \hyperlink {struct_traits_3_
                                       01_protocol_3_01_n_i_c_00_01_n_i_c2_0...
l.10 ...}{ETHERNET\+\_\+\+PROTOCOL\+\_\+\+NUMBER}}
                                                   = 0x88\+B5
I treat `x_1_2' essentially like `x_1{}_2'.

./struct_traits_3_01_protocol_3_01_n_i_c_00_01_n_i_c2_01_4_01_4.tex:10: Double subscript.
<argument> ...link {struct_traits_3_01_protocol_3_
                                                  01_n_i_c_00_01_n_i_c2_01_4...
l.10 ...}{ETHERNET\+\_\+\+PROTOCOL\+\_\+\+NUMBER}}
                                                   = 0x88\+B5
I treat `x_1_2' essentially like `x_1{}_2'.

./struct_traits_3_01_protocol_3_01_n_i_c_00_01_n_i_c2_01_4_01_4.tex:10: Double subscript.
<argument> ...{struct_traits_3_01_protocol_3_01_n_
                                                  i_c_00_01_n_i_c2_01_4_01_4...
l.10 ...}{ETHERNET\+\_\+\+PROTOCOL\+\_\+\+NUMBER}}
                                                   = 0x88\+B5
I treat `x_1_2' essentially like `x_1{}_2'.

./struct_traits_3_01_protocol_3_01_n_i_c_00_01_n_i_c2_01_4_01_4.tex:10: Double subscript.
<argument> ...truct_traits_3_01_protocol_3_01_n_i_
                                                  c_00_01_n_i_c2_01_4_01_4_a...
l.10 ...}{ETHERNET\+\_\+\+PROTOCOL\+\_\+\+NUMBER}}
                                                   = 0x88\+B5
I treat `x_1_2' essentially like `x_1{}_2'.

./struct_traits_3_01_protocol_3_01_n_i_c_00_01_n_i_c2_01_4_01_4.tex:10: Double subscript.
<argument> ...uct_traits_3_01_protocol_3_01_n_i_c_
                                                  00_01_n_i_c2_01_4_01_4_aa4...
l.10 ...}{ETHERNET\+\_\+\+PROTOCOL\+\_\+\+NUMBER}}
                                                   = 0x88\+B5
I treat `x_1_2' essentially like `x_1{}_2'.

./struct_traits_3_01_protocol_3_01_n_i_c_00_01_n_i_c2_01_4_01_4.tex:10: Double subscript.
<argument> ...ts_3_01_protocol_3_01_n_i_c_00_01_n_
                                                  i_c2_01_4_01_4_aa41adaf65f...
l.10 ...}{ETHERNET\+\_\+\+PROTOCOL\+\_\+\+NUMBER}}
                                                   = 0x88\+B5
I treat `x_1_2' essentially like `x_1{}_2'.

./struct_traits_3_01_protocol_3_01_n_i_c_00_01_n_i_c2_01_4_01_4.tex:10: Double subscript.
<argument> ..._3_01_protocol_3_01_n_i_c_00_01_n_i_
                                                  c2_01_4_01_4_aa41adaf65f54...
l.10 ...}{ETHERNET\+\_\+\+PROTOCOL\+\_\+\+NUMBER}}
                                                   = 0x88\+B5
I treat `x_1_2' essentially like `x_1{}_2'.

./struct_traits_3_01_protocol_3_01_n_i_c_00_01_n_i_c2_01_4_01_4.tex:10: Double subscript.
<argument> ...otocol_3_01_n_i_c_00_01_n_i_c2_01_4_
                                                  01_4_aa41adaf65f5409a35368...
l.10 ...}{ETHERNET\+\_\+\+PROTOCOL\+\_\+\+NUMBER}}
                                                   = 0x88\+B5
I treat `x_1_2' essentially like `x_1{}_2'.

./struct_traits_3_01_protocol_3_01_n_i_c_00_01_n_i_c2_01_4_01_4.tex:10: Double subscript.
<argument> ...l_3_01_n_i_c_00_01_n_i_c2_01_4_01_4_
                                                  aa41adaf65f5409a353686559d...
l.10 ...}{ETHERNET\+\_\+\+PROTOCOL\+\_\+\+NUMBER}}
                                                   = 0x88\+B5
I treat `x_1_2' essentially like `x_1{}_2'.

./struct_traits_3_01_protocol_3_01_n_i_c_00_01_n_i_c2_01_4_01_4.tex:10: Extra }, or forgotten $.
<argument> ...4_aa41adaf65f5409a353686559dbbadecf}
                                                  {ETHERNET\+\_\+\+PROTOCOL\...
l.10 ...}{ETHERNET\+\_\+\+PROTOCOL\+\_\+\+NUMBER}}
                                                   = 0x88\+B5
I've deleted a group-closing symbol because it seems to be
spurious, as in `$x}$'. But perhaps the } is legitimate and
you forgot something else, as in `\hbox{$x}'. In such cases
the way to recover is to insert both the forgotten and the
deleted material, e.g., by typing `I$}'.

./struct_traits_3_01_protocol_3_01_n_i_c_00_01_n_i_c2_01_4_01_4.tex:10: Undefined control sequence.
<argument> ...5f5409a353686559dbbadecf}{ETHERNET\+
                                                  \_\+\+PROTOCOL\+\_\+\+NUMBER}
l.10 ...}{ETHERNET\+\_\+\+PROTOCOL\+\_\+\+NUMBER}}
                                                   = 0x88\+B5
The control sequence at the end of the top line
of your error message was never \def'ed. If you have
misspelled it (e.g., `\hobx'), type `I' and the correct
spelling (e.g., `I\hbox'). Otherwise just continue,
and I'll forget about whatever was undefined.

./struct_traits_3_01_protocol_3_01_n_i_c_00_01_n_i_c2_01_4_01_4.tex:10: Undefined control sequence.
<argument> ...09a353686559dbbadecf}{ETHERNET\+\_\+
                                                  \+PROTOCOL\+\_\+\+NUMBER}
l.10 ...}{ETHERNET\+\_\+\+PROTOCOL\+\_\+\+NUMBER}}
                                                   = 0x88\+B5
The control sequence at the end of the top line
of your error message was never \def'ed. If you have
misspelled it (e.g., `\hobx'), type `I' and the correct
spelling (e.g., `I\hbox'). Otherwise just continue,
and I'll forget about whatever was undefined.

./struct_traits_3_01_protocol_3_01_n_i_c_00_01_n_i_c2_01_4_01_4.tex:10: Undefined control sequence.
<argument> ...a353686559dbbadecf}{ETHERNET\+\_\+\+
                                                  PROTOCOL\+\_\+\+NUMBER}
l.10 ...}{ETHERNET\+\_\+\+PROTOCOL\+\_\+\+NUMBER}}
                                                   = 0x88\+B5
The control sequence at the end of the top line
of your error message was never \def'ed. If you have
misspelled it (e.g., `\hobx'), type `I' and the correct
spelling (e.g., `I\hbox'). Otherwise just continue,
and I'll forget about whatever was undefined.

./struct_traits_3_01_protocol_3_01_n_i_c_00_01_n_i_c2_01_4_01_4.tex:10: Undefined control sequence.
<argument> ...dbbadecf}{ETHERNET\+\_\+\+PROTOCOL\+
                                                  \_\+\+NUMBER}
l.10 ...}{ETHERNET\+\_\+\+PROTOCOL\+\_\+\+NUMBER}}
                                                   = 0x88\+B5
The control sequence at the end of the top line
of your error message was never \def'ed. If you have
misspelled it (e.g., `\hobx'), type `I' and the correct
spelling (e.g., `I\hbox'). Otherwise just continue,
and I'll forget about whatever was undefined.

./struct_traits_3_01_protocol_3_01_n_i_c_00_01_n_i_c2_01_4_01_4.tex:10: Undefined control sequence.
<argument> ...decf}{ETHERNET\+\_\+\+PROTOCOL\+\_\+
                                                  \+NUMBER}
l.10 ...}{ETHERNET\+\_\+\+PROTOCOL\+\_\+\+NUMBER}}
                                                   = 0x88\+B5
The control sequence at the end of the top line
of your error message was never \def'ed. If you have
misspelled it (e.g., `\hobx'), type `I' and the correct
spelling (e.g., `I\hbox'). Otherwise just continue,
and I'll forget about whatever was undefined.

./struct_traits_3_01_protocol_3_01_n_i_c_00_01_n_i_c2_01_4_01_4.tex:10: Undefined control sequence.
<argument> ...cf}{ETHERNET\+\_\+\+PROTOCOL\+\_\+\+
                                                  NUMBER}
l.10 ...}{ETHERNET\+\_\+\+PROTOCOL\+\_\+\+NUMBER}}
                                                   = 0x88\+B5
The control sequence at the end of the top line
of your error message was never \def'ed. If you have
misspelled it (e.g., `\hobx'), type `I' and the correct
spelling (e.g., `I\hbox'). Otherwise just continue,
and I'll forget about whatever was undefined.

./struct_traits_3_01_protocol_3_01_n_i_c_00_01_n_i_c2_01_4_01_4.tex:10: Extra }, or forgotten $.
\mbox  #1->\leavevmode \hbox {#1}
                                 
l.10 ...}{ETHERNET\+\_\+\+PROTOCOL\+\_\+\+NUMBER}}
                                                   = 0x88\+B5
I've deleted a group-closing symbol because it seems to be
spurious, as in `$x}$'. But perhaps the } is legitimate and
you forgot something else, as in `\hbox{$x}'. In such cases
the way to recover is to insert both the forgotten and the
deleted material, e.g., by typing `I$}'.

./struct_traits_3_01_protocol_3_01_n_i_c_00_01_n_i_c2_01_4_01_4.tex:10: Undefined control sequence.
l.10 ...T\+\_\+\+PROTOCOL\+\_\+\+NUMBER}} = 0x88\+
                                                  B5
The control sequence at the end of the top line
of your error message was never \def'ed. If you have
misspelled it (e.g., `\hobx'), type `I' and the correct
spelling (e.g., `I\hbox'). Otherwise just continue,
and I'll forget about whatever was undefined.


./struct_traits_3_01_protocol_3_01_n_i_c_00_01_n_i_c2_01_4_01_4.tex:11: LaTeX Error: \begin{document} ended by \end{DoxyCompactItemize}.

See the LaTeX manual or LaTeX Companion for explanation.
Type  H <return>  for immediate help.
 ...                                              
                                                  
l.11 \end{DoxyCompactItemize}
                             
Your command was ignored.
Type  I <command> <return>  to replace it with another command,
or  <return>  to continue without it.

./struct_traits_3_01_protocol_3_01_n_i_c_00_01_n_i_c2_01_4_01_4.tex:11: Missing $ inserted.
<inserted text> 
                $
l.11 \end{DoxyCompactItemize}
                             
I've inserted something that you may have forgotten.
(See the <inserted text> above.)
With luck, this will get me unwedged. But if you
really didn't forget anything, try typing `2' now; then
my insertion and my current dilemma will both disappear.

./struct_traits_3_01_protocol_3_01_n_i_c_00_01_n_i_c2_01_4_01_4.tex:11: Missing } inserted.
<inserted text> 
                }
l.11 \end{DoxyCompactItemize}
                             
I've inserted something that you may have forgotten.
(See the <inserted text> above.)
With luck, this will get me unwedged. But if you
really didn't forget anything, try typing `2' now; then
my insertion and my current dilemma will both disappear.

./struct_traits_3_01_protocol_3_01_n_i_c_00_01_n_i_c2_01_4_01_4.tex:11: Missing } inserted.
<inserted text> 
                }
l.11 \end{DoxyCompactItemize}
                             
I've inserted something that you may have forgotten.
(See the <inserted text> above.)
With luck, this will get me unwedged. But if you
really didn't forget anything, try typing `2' now; then
my insertion and my current dilemma will both disappear.

./struct_traits_3_01_protocol_3_01_n_i_c_00_01_n_i_c2_01_4_01_4.tex:11: Missing $ inserted.
<inserted text> 
                $
l.11 \end{DoxyCompactItemize}
                             
I've inserted something that you may have forgotten.
(See the <inserted text> above.)
With luck, this will get me unwedged. But if you
really didn't forget anything, try typing `2' now; then
my insertion and my current dilemma will both disappear.

./struct_traits_3_01_protocol_3_01_n_i_c_00_01_n_i_c2_01_4_01_4.tex:11: Missing } inserted.
<inserted text> 
                }
l.11 \end{DoxyCompactItemize}
                             
I've inserted something that you may have forgotten.
(See the <inserted text> above.)
With luck, this will get me unwedged. But if you
really didn't forget anything, try typing `2' now; then
my insertion and my current dilemma will both disappear.

./struct_traits_3_01_protocol_3_01_n_i_c_00_01_n_i_c2_01_4_01_4.tex:11: Missing } inserted.
<inserted text> 
                }
l.11 \end{DoxyCompactItemize}
                             
I've inserted something that you may have forgotten.
(See the <inserted text> above.)
With luck, this will get me unwedged. But if you
really didn't forget anything, try typing `2' now; then
my insertion and my current dilemma will both disappear.


Overfull \hbox (848.20253pt too wide) in paragraph at lines 10--12
[] 
 []

./struct_traits_3_01_protocol_3_01_n_i_c_00_01_n_i_c2_01_4_01_4.tex:15: Undefined control sequence.
l.15 \Hypertarget
                 {struct_traits_3_01_protocol_3_01_n_i_c_00_01_n_i_c2_01_4_0...
The control sequence at the end of the top line
of your error message was never \def'ed. If you have
misspelled it (e.g., `\hobx'), type `I' and the correct
spelling (e.g., `I\hbox'). Otherwise just continue,
and I'll forget about whatever was undefined.


./struct_traits_3_01_protocol_3_01_n_i_c_00_01_n_i_c2_01_4_01_4.tex:15: LaTeX Error: Missing \begin{document}.

See the LaTeX manual or LaTeX Companion for explanation.
Type  H <return>  for immediate help.
 ...                                              
                                                  
l.15 \Hypertarget{s
                   truct_traits_3_01_protocol_3_01_n_i_c_00_01_n_i_c2_01_4_0...
You're in trouble here.  Try typing  <return>  to proceed.
If that doesn't work, type  X <return>  to quit.

Missing character: There is no s in font nullfont!
Missing character: There is no t in font nullfont!
Missing character: There is no r in font nullfont!
Missing character: There is no u in font nullfont!
Missing character: There is no c in font nullfont!
Missing character: There is no t in font nullfont!
./struct_traits_3_01_protocol_3_01_n_i_c_00_01_n_i_c2_01_4_01_4.tex:15: Missing $ inserted.
<inserted text> 
                $
l.15 \Hypertarget{struct_
                         traits_3_01_protocol_3_01_n_i_c_00_01_n_i_c2_01_4_0...
I've inserted a begin-math/end-math symbol since I think
you left one out. Proceed, with fingers crossed.

./struct_traits_3_01_protocol_3_01_n_i_c_00_01_n_i_c2_01_4_01_4.tex:15: Double subscript.
l.15 \Hypertarget{struct_traits_3_
                                  01_protocol_3_01_n_i_c_00_01_n_i_c2_01_4_0...
I treat `x_1_2' essentially like `x_1{}_2'.

./struct_traits_3_01_protocol_3_01_n_i_c_00_01_n_i_c2_01_4_01_4.tex:15: Double subscript.
l.15 \Hypertarget{struct_traits_3_01_protocol_3_
                                                01_n_i_c_00_01_n_i_c2_01_4_0...
I treat `x_1_2' essentially like `x_1{}_2'.

./struct_traits_3_01_protocol_3_01_n_i_c_00_01_n_i_c2_01_4_01_4.tex:15: Double subscript.
l.15 ...target{struct_traits_3_01_protocol_3_01_n_
                                                  i_c_00_01_n_i_c2_01_4_01_4...
I treat `x_1_2' essentially like `x_1{}_2'.

./struct_traits_3_01_protocol_3_01_n_i_c_00_01_n_i_c2_01_4_01_4.tex:15: Double subscript.
l.15 ...rget{struct_traits_3_01_protocol_3_01_n_i_
                                                  c_00_01_n_i_c2_01_4_01_4_d...
I treat `x_1_2' essentially like `x_1{}_2'.

./struct_traits_3_01_protocol_3_01_n_i_c_00_01_n_i_c2_01_4_01_4.tex:15: Double subscript.
l.15 ...et{struct_traits_3_01_protocol_3_01_n_i_c_
                                                  00_01_n_i_c2_01_4_01_4_doc...
I treat `x_1_2' essentially like `x_1{}_2'.

./struct_traits_3_01_protocol_3_01_n_i_c_00_01_n_i_c2_01_4_01_4.tex:15: Double subscript.
l.15 ...t_traits_3_01_protocol_3_01_n_i_c_00_01_n_
                                                  i_c2_01_4_01_4_doc-variabl...
I treat `x_1_2' essentially like `x_1{}_2'.

./struct_traits_3_01_protocol_3_01_n_i_c_00_01_n_i_c2_01_4_01_4.tex:15: Double subscript.
l.15 ...traits_3_01_protocol_3_01_n_i_c_00_01_n_i_
                                                  c2_01_4_01_4_doc-variable-...
I treat `x_1_2' essentially like `x_1{}_2'.

./struct_traits_3_01_protocol_3_01_n_i_c_00_01_n_i_c2_01_4_01_4.tex:15: Double subscript.
l.15 ..._01_protocol_3_01_n_i_c_00_01_n_i_c2_01_4_
                                                  01_4_doc-variable-members}
I treat `x_1_2' essentially like `x_1{}_2'.

./struct_traits_3_01_protocol_3_01_n_i_c_00_01_n_i_c2_01_4_01_4.tex:15: Double subscript.
l.15 ...rotocol_3_01_n_i_c_00_01_n_i_c2_01_4_01_4_
                                                  doc-variable-members}
I treat `x_1_2' essentially like `x_1{}_2'.

./struct_traits_3_01_protocol_3_01_n_i_c_00_01_n_i_c2_01_4_01_4.tex:15: Extra }, or forgotten $.
l.15 ..._01_n_i_c2_01_4_01_4_doc-variable-members}
                                                  
I've deleted a group-closing symbol because it seems to be
spurious, as in `$x}$'. But perhaps the } is legitimate and
you forgot something else, as in `\hbox{$x}'. In such cases
the way to recover is to insert both the forgotten and the
deleted material, e.g., by typing `I$}'.

./struct_traits_3_01_protocol_3_01_n_i_c_00_01_n_i_c2_01_4_01_4.tex:16: Undefined control sequence.
l.16 \doxysubsection
                    {Member Data Documentation}
The control sequence at the end of the top line
of your error message was never \def'ed. If you have
misspelled it (e.g., `\hobx'), type `I' and the correct
spelling (e.g., `I\hbox'). Otherwise just continue,
and I'll forget about whatever was undefined.

./struct_traits_3_01_protocol_3_01_n_i_c_00_01_n_i_c2_01_4_01_4.tex:17: Undefined control sequence.
l.17 \Hypertarget
                 {struct_traits_3_01_protocol_3_01_n_i_c_00_01_n_i_c2_01_4_0...
The control sequence at the end of the top line
of your error message was never \def'ed. If you have
misspelled it (e.g., `\hobx'), type `I' and the correct
spelling (e.g., `I\hbox'). Otherwise just continue,
and I'll forget about whatever was undefined.

./struct_traits_3_01_protocol_3_01_n_i_c_00_01_n_i_c2_01_4_01_4.tex:17: Double subscript.
l.17 \Hypertarget{struct_traits_3_
                                  01_protocol_3_01_n_i_c_00_01_n_i_c2_01_4_0...
I treat `x_1_2' essentially like `x_1{}_2'.

./struct_traits_3_01_protocol_3_01_n_i_c_00_01_n_i_c2_01_4_01_4.tex:17: Double subscript.
l.17 \Hypertarget{struct_traits_3_01_protocol_3_
                                                01_n_i_c_00_01_n_i_c2_01_4_0...
I treat `x_1_2' essentially like `x_1{}_2'.

./struct_traits_3_01_protocol_3_01_n_i_c_00_01_n_i_c2_01_4_01_4.tex:17: Double subscript.
l.17 ...target{struct_traits_3_01_protocol_3_01_n_
                                                  i_c_00_01_n_i_c2_01_4_01_4...
I treat `x_1_2' essentially like `x_1{}_2'.

./struct_traits_3_01_protocol_3_01_n_i_c_00_01_n_i_c2_01_4_01_4.tex:17: Double subscript.
l.17 ...rget{struct_traits_3_01_protocol_3_01_n_i_
                                                  c_00_01_n_i_c2_01_4_01_4_a...
I treat `x_1_2' essentially like `x_1{}_2'.

./struct_traits_3_01_protocol_3_01_n_i_c_00_01_n_i_c2_01_4_01_4.tex:17: Double subscript.
l.17 ...et{struct_traits_3_01_protocol_3_01_n_i_c_
                                                  00_01_n_i_c2_01_4_01_4_aa4...
I treat `x_1_2' essentially like `x_1{}_2'.

./struct_traits_3_01_protocol_3_01_n_i_c_00_01_n_i_c2_01_4_01_4.tex:17: Double subscript.
l.17 ...t_traits_3_01_protocol_3_01_n_i_c_00_01_n_
                                                  i_c2_01_4_01_4_aa41adaf65f...
I treat `x_1_2' essentially like `x_1{}_2'.

./struct_traits_3_01_protocol_3_01_n_i_c_00_01_n_i_c2_01_4_01_4.tex:17: Double subscript.
l.17 ...traits_3_01_protocol_3_01_n_i_c_00_01_n_i_
                                                  c2_01_4_01_4_aa41adaf65f54...
I treat `x_1_2' essentially like `x_1{}_2'.

./struct_traits_3_01_protocol_3_01_n_i_c_00_01_n_i_c2_01_4_01_4.tex:17: Double subscript.
l.17 ..._01_protocol_3_01_n_i_c_00_01_n_i_c2_01_4_
                                                  01_4_aa41adaf65f5409a35368...
I treat `x_1_2' essentially like `x_1{}_2'.

./struct_traits_3_01_protocol_3_01_n_i_c_00_01_n_i_c2_01_4_01_4.tex:17: Double subscript.
l.17 ...rotocol_3_01_n_i_c_00_01_n_i_c2_01_4_01_4_
                                                  aa41adaf65f5409a353686559d...
I treat `x_1_2' essentially like `x_1{}_2'.

./struct_traits_3_01_protocol_3_01_n_i_c_00_01_n_i_c2_01_4_01_4.tex:19: Undefined control sequence.
l.19 \doxysubsubsection
                       {\texorpdfstring{ETHERNET\_PROTOCOL\_NUMBER}{ETHERNET...
The control sequence at the end of the top line
of your error message was never \def'ed. If you have
misspelled it (e.g., `\hobx'), type `I' and the correct
spelling (e.g., `I\hbox'). Otherwise just continue,
and I'll forget about whatever was undefined.

./struct_traits_3_01_protocol_3_01_n_i_c_00_01_n_i_c2_01_4_01_4.tex:19: Undefined control sequence.
l.19 \doxysubsubsection{\texorpdfstring
                                       {ETHERNET\_PROTOCOL\_NUMBER}{ETHERNET...
The control sequence at the end of the top line
of your error message was never \def'ed. If you have
misspelled it (e.g., `\hobx'), type `I' and the correct
spelling (e.g., `I\hbox'). Otherwise just continue,
and I'll forget about whatever was undefined.

./struct_traits_3_01_protocol_3_01_n_i_c_00_01_n_i_c2_01_4_01_4.tex:20: Undefined control sequence.
l.20 {\footnotesize
                   \ttfamily \label{struct_traits_3_01_protocol_3_01_n_i_c_0...
The control sequence at the end of the top line
of your error message was never \def'ed. If you have
misspelled it (e.g., `\hobx'), type `I' and the correct
spelling (e.g., `I\hbox'). Otherwise just continue,
and I'll forget about whatever was undefined.


./struct_traits_3_01_protocol_3_01_n_i_c_00_01_n_i_c2_01_4_01_4.tex:20: LaTeX Error: Command \ttfamily invalid in math mode.

See the LaTeX manual or LaTeX Companion for explanation.
Type  H <return>  for immediate help.
 ...                                              
                                                  
l.20 {\footnotesize\ttfamily
                             \label{struct_traits_3_01_protocol_3_01_n_i_c_0...
Please use the math alphabet \mathtt instead of the \ttfamily command. 

./struct_traits_3_01_protocol_3_01_n_i_c_00_01_n_i_c2_01_4_01_4.tex:21: Missing } inserted.
<inserted text> 
                }
l.21 template$
              <$typename \mbox{\hyperlink{class_n_i_c}{NIC}}, typename NIC2$...
I've inserted something that you may have forgotten.
(See the <inserted text> above.)
With luck, this will get me unwedged. But if you
really didn't forget anything, try typing `2' now; then
my insertion and my current dilemma will both disappear.

Missing character: There is no < in font nullfont!
./struct_traits_3_01_protocol_3_01_n_i_c_00_01_n_i_c2_01_4_01_4.tex:21: Undefined control sequence.
<argument> \hyperlink 
                      {class_n_i_c}{NIC}
l.21 ...pename \mbox{\hyperlink{class_n_i_c}{NIC}}
                                                  , typename NIC2$>$ \\
The control sequence at the end of the top line
of your error message was never \def'ed. If you have
misspelled it (e.g., `\hobx'), type `I' and the correct
spelling (e.g., `I\hbox'). Otherwise just continue,
and I'll forget about whatever was undefined.

Missing character: There is no c in font nullfont!
Missing character: There is no l in font nullfont!
Missing character: There is no a in font nullfont!
Missing character: There is no s in font nullfont!
Missing character: There is no s in font nullfont!
./struct_traits_3_01_protocol_3_01_n_i_c_00_01_n_i_c2_01_4_01_4.tex:21: Missing $ inserted.
<inserted text> 
                $
l.21 ...pename \mbox{\hyperlink{class_n_i_c}{NIC}}
                                                  , typename NIC2$>$ \\
I've inserted a begin-math/end-math symbol since I think
you left one out. Proceed, with fingers crossed.

./struct_traits_3_01_protocol_3_01_n_i_c_00_01_n_i_c2_01_4_01_4.tex:21: Double subscript.
<argument> \hyperlink {class_n_
                               i_c}{NIC}
l.21 ...pename \mbox{\hyperlink{class_n_i_c}{NIC}}
                                                  , typename NIC2$>$ \\
I treat `x_1_2' essentially like `x_1{}_2'.

./struct_traits_3_01_protocol_3_01_n_i_c_00_01_n_i_c2_01_4_01_4.tex:21: Double subscript.
<argument> \hyperlink {class_n_i_
                                 c}{NIC}
l.21 ...pename \mbox{\hyperlink{class_n_i_c}{NIC}}
                                                  , typename NIC2$>$ \\
I treat `x_1_2' essentially like `x_1{}_2'.

./struct_traits_3_01_protocol_3_01_n_i_c_00_01_n_i_c2_01_4_01_4.tex:21: Extra }, or forgotten $.
<argument> \hyperlink {class_n_i_c}
                                   {NIC}
l.21 ...pename \mbox{\hyperlink{class_n_i_c}{NIC}}
                                                  , typename NIC2$>$ \\
I've deleted a group-closing symbol because it seems to be
spurious, as in `$x}$'. But perhaps the } is legitimate and
you forgot something else, as in `\hbox{$x}'. In such cases
the way to recover is to insert both the forgotten and the
deleted material, e.g., by typing `I$}'.

./struct_traits_3_01_protocol_3_01_n_i_c_00_01_n_i_c2_01_4_01_4.tex:21: Extra }, or forgotten $.
\mbox  #1->\leavevmode \hbox {#1}
                                 
l.21 ...pename \mbox{\hyperlink{class_n_i_c}{NIC}}
                                                  , typename NIC2$>$ \\
I've deleted a group-closing symbol because it seems to be
spurious, as in `$x}$'. But perhaps the } is legitimate and
you forgot something else, as in `\hbox{$x}'. In such cases
the way to recover is to insert both the forgotten and the
deleted material, e.g., by typing `I$}'.

Missing character: There is no > in font nullfont!
./struct_traits_3_01_protocol_3_01_n_i_c_00_01_n_i_c2_01_4_01_4.tex:22: Undefined control sequence.
<argument> \hyperlink 
                      {class_ethernet_a02735b7ba51716771bef61248247e9ea}{Eth...
l.22 ...1bef61248247e9ea}{Ethernet\+::\+Protocol}}
                                                   \mbox{\hyperlink{struct_t...
The control sequence at the end of the top line
of your error message was never \def'ed. If you have
misspelled it (e.g., `\hobx'), type `I' and the correct
spelling (e.g., `I\hbox'). Otherwise just continue,
and I'll forget about whatever was undefined.

Missing character: There is no c in font nullfont!
Missing character: There is no l in font nullfont!
Missing character: There is no a in font nullfont!
Missing character: There is no s in font nullfont!
Missing character: There is no s in font nullfont!
./struct_traits_3_01_protocol_3_01_n_i_c_00_01_n_i_c2_01_4_01_4.tex:22: Missing $ inserted.
<inserted text> 
                $
l.22 ...1bef61248247e9ea}{Ethernet\+::\+Protocol}}
                                                   \mbox{\hyperlink{struct_t...
I've inserted a begin-math/end-math symbol since I think
you left one out. Proceed, with fingers crossed.

./struct_traits_3_01_protocol_3_01_n_i_c_00_01_n_i_c2_01_4_01_4.tex:22: Extra }, or forgotten $.
<argument> ...t_a02735b7ba51716771bef61248247e9ea}
                                                  {Ethernet\+::\+Protocol}
l.22 ...1bef61248247e9ea}{Ethernet\+::\+Protocol}}
                                                   \mbox{\hyperlink{struct_t...
I've deleted a group-closing symbol because it seems to be
spurious, as in `$x}$'. But perhaps the } is legitimate and
you forgot something else, as in `\hbox{$x}'. In such cases
the way to recover is to insert both the forgotten and the
deleted material, e.g., by typing `I$}'.

./struct_traits_3_01_protocol_3_01_n_i_c_00_01_n_i_c2_01_4_01_4.tex:22: Undefined control sequence.
<argument> ...a51716771bef61248247e9ea}{Ethernet\+
                                                  ::\+Protocol}
l.22 ...1bef61248247e9ea}{Ethernet\+::\+Protocol}}
                                                   \mbox{\hyperlink{struct_t...
The control sequence at the end of the top line
of your error message was never \def'ed. If you have
misspelled it (e.g., `\hobx'), type `I' and the correct
spelling (e.g., `I\hbox'). Otherwise just continue,
and I'll forget about whatever was undefined.

./struct_traits_3_01_protocol_3_01_n_i_c_00_01_n_i_c2_01_4_01_4.tex:22: Undefined control sequence.
<argument> ...16771bef61248247e9ea}{Ethernet\+::\+
                                                  Protocol}
l.22 ...1bef61248247e9ea}{Ethernet\+::\+Protocol}}
                                                   \mbox{\hyperlink{struct_t...
The control sequence at the end of the top line
of your error message was never \def'ed. If you have
misspelled it (e.g., `\hobx'), type `I' and the correct
spelling (e.g., `I\hbox'). Otherwise just continue,
and I'll forget about whatever was undefined.

./struct_traits_3_01_protocol_3_01_n_i_c_00_01_n_i_c2_01_4_01_4.tex:22: Extra }, or forgotten $.
\mbox  #1->\leavevmode \hbox {#1}
                                 
l.22 ...1bef61248247e9ea}{Ethernet\+::\+Protocol}}
                                                   \mbox{\hyperlink{struct_t...
I've deleted a group-closing symbol because it seems to be
spurious, as in `$x}$'. But perhaps the } is legitimate and
you forgot something else, as in `\hbox{$x}'. In such cases
the way to recover is to insert both the forgotten and the
deleted material, e.g., by typing `I$}'.

./struct_traits_3_01_protocol_3_01_n_i_c_00_01_n_i_c2_01_4_01_4.tex:22: Undefined control sequence.
<argument> \hyperlink 
                      {struct_traits}{Traits}
l.22 ...} \mbox{\hyperlink{struct_traits}{Traits}}
                                                  $<$ \mbox{\hyperlink{class...
The control sequence at the end of the top line
of your error message was never \def'ed. If you have
misspelled it (e.g., `\hobx'), type `I' and the correct
spelling (e.g., `I\hbox'). Otherwise just continue,
and I'll forget about whatever was undefined.

Missing character: There is no s in font nullfont!
Missing character: There is no t in font nullfont!
Missing character: There is no r in font nullfont!
Missing character: There is no u in font nullfont!
Missing character: There is no c in font nullfont!
Missing character: There is no t in font nullfont!
./struct_traits_3_01_protocol_3_01_n_i_c_00_01_n_i_c2_01_4_01_4.tex:22: Missing $ inserted.
<inserted text> 
                $
l.22 ...} \mbox{\hyperlink{struct_traits}{Traits}}
                                                  $<$ \mbox{\hyperlink{class...
I've inserted a begin-math/end-math symbol since I think
you left one out. Proceed, with fingers crossed.

./struct_traits_3_01_protocol_3_01_n_i_c_00_01_n_i_c2_01_4_01_4.tex:22: Extra }, or forgotten $.
<argument> \hyperlink {struct_traits}
                                     {Traits}
l.22 ...} \mbox{\hyperlink{struct_traits}{Traits}}
                                                  $<$ \mbox{\hyperlink{class...
I've deleted a group-closing symbol because it seems to be
spurious, as in `$x}$'. But perhaps the } is legitimate and
you forgot something else, as in `\hbox{$x}'. In such cases
the way to recover is to insert both the forgotten and the
deleted material, e.g., by typing `I$}'.

./struct_traits_3_01_protocol_3_01_n_i_c_00_01_n_i_c2_01_4_01_4.tex:22: Extra }, or forgotten $.
\mbox  #1->\leavevmode \hbox {#1}
                                 
l.22 ...} \mbox{\hyperlink{struct_traits}{Traits}}
                                                  $<$ \mbox{\hyperlink{class...
I've deleted a group-closing symbol because it seems to be
spurious, as in `$x}$'. But perhaps the } is legitimate and
you forgot something else, as in `\hbox{$x}'. In such cases
the way to recover is to insert both the forgotten and the
deleted material, e.g., by typing `I$}'.

Missing character: There is no < in font nullfont!
./struct_traits_3_01_protocol_3_01_n_i_c_00_01_n_i_c2_01_4_01_4.tex:22: Undefined control sequence.
<argument> \hyperlink 
                      {class_protocol}{Protocol}
l.22 ...mbox{\hyperlink{class_protocol}{Protocol}}
                                                  $<$ \mbox{\hyperlink{class...
The control sequence at the end of the top line
of your error message was never \def'ed. If you have
misspelled it (e.g., `\hobx'), type `I' and the correct
spelling (e.g., `I\hbox'). Otherwise just continue,
and I'll forget about whatever was undefined.

Missing character: There is no c in font nullfont!
Missing character: There is no l in font nullfont!
Missing character: There is no a in font nullfont!
Missing character: There is no s in font nullfont!
Missing character: There is no s in font nullfont!
./struct_traits_3_01_protocol_3_01_n_i_c_00_01_n_i_c2_01_4_01_4.tex:22: Missing $ inserted.
<inserted text> 
                $
l.22 ...mbox{\hyperlink{class_protocol}{Protocol}}
                                                  $<$ \mbox{\hyperlink{class...
I've inserted a begin-math/end-math symbol since I think
you left one out. Proceed, with fingers crossed.

./struct_traits_3_01_protocol_3_01_n_i_c_00_01_n_i_c2_01_4_01_4.tex:22: Extra }, or forgotten $.
<argument> \hyperlink {class_protocol}
                                      {Protocol}
l.22 ...mbox{\hyperlink{class_protocol}{Protocol}}
                                                  $<$ \mbox{\hyperlink{class...
I've deleted a group-closing symbol because it seems to be
spurious, as in `$x}$'. But perhaps the } is legitimate and
you forgot something else, as in `\hbox{$x}'. In such cases
the way to recover is to insert both the forgotten and the
deleted material, e.g., by typing `I$}'.

./struct_traits_3_01_protocol_3_01_n_i_c_00_01_n_i_c2_01_4_01_4.tex:22: Extra }, or forgotten $.
\mbox  #1->\leavevmode \hbox {#1}
                                 
l.22 ...mbox{\hyperlink{class_protocol}{Protocol}}
                                                  $<$ \mbox{\hyperlink{class...
I've deleted a group-closing symbol because it seems to be
spurious, as in `$x}$'. But perhaps the } is legitimate and
you forgot something else, as in `\hbox{$x}'. In such cases
the way to recover is to insert both the forgotten and the
deleted material, e.g., by typing `I$}'.

Missing character: There is no < in font nullfont!
./struct_traits_3_01_protocol_3_01_n_i_c_00_01_n_i_c2_01_4_01_4.tex:22: Undefined control sequence.
<argument> \hyperlink 
                      {class_n_i_c}{NIC}
l.22 ...l}}$<$ \mbox{\hyperlink{class_n_i_c}{NIC}}
                                                  , NIC2 $>$ $>$\+::\+ETHERN...
The control sequence at the end of the top line
of your error message was never \def'ed. If you have
misspelled it (e.g., `\hobx'), type `I' and the correct
spelling (e.g., `I\hbox'). Otherwise just continue,
and I'll forget about whatever was undefined.

Missing character: There is no c in font nullfont!
Missing character: There is no l in font nullfont!
Missing character: There is no a in font nullfont!
Missing character: There is no s in font nullfont!
Missing character: There is no s in font nullfont!
./struct_traits_3_01_protocol_3_01_n_i_c_00_01_n_i_c2_01_4_01_4.tex:22: Missing $ inserted.
<inserted text> 
                $
l.22 ...l}}$<$ \mbox{\hyperlink{class_n_i_c}{NIC}}
                                                  , NIC2 $>$ $>$\+::\+ETHERN...
I've inserted a begin-math/end-math symbol since I think
you left one out. Proceed, with fingers crossed.

./struct_traits_3_01_protocol_3_01_n_i_c_00_01_n_i_c2_01_4_01_4.tex:22: Double subscript.
<argument> \hyperlink {class_n_
                               i_c}{NIC}
l.22 ...l}}$<$ \mbox{\hyperlink{class_n_i_c}{NIC}}
                                                  , NIC2 $>$ $>$\+::\+ETHERN...
I treat `x_1_2' essentially like `x_1{}_2'.

./struct_traits_3_01_protocol_3_01_n_i_c_00_01_n_i_c2_01_4_01_4.tex:22: Double subscript.
<argument> \hyperlink {class_n_i_
                                 c}{NIC}
l.22 ...l}}$<$ \mbox{\hyperlink{class_n_i_c}{NIC}}
                                                  , NIC2 $>$ $>$\+::\+ETHERN...
I treat `x_1_2' essentially like `x_1{}_2'.

./struct_traits_3_01_protocol_3_01_n_i_c_00_01_n_i_c2_01_4_01_4.tex:22: Extra }, or forgotten $.
<argument> \hyperlink {class_n_i_c}
                                   {NIC}
l.22 ...l}}$<$ \mbox{\hyperlink{class_n_i_c}{NIC}}
                                                  , NIC2 $>$ $>$\+::\+ETHERN...
I've deleted a group-closing symbol because it seems to be
spurious, as in `$x}$'. But perhaps the } is legitimate and
you forgot something else, as in `\hbox{$x}'. In such cases
the way to recover is to insert both the forgotten and the
deleted material, e.g., by typing `I$}'.

./struct_traits_3_01_protocol_3_01_n_i_c_00_01_n_i_c2_01_4_01_4.tex:22: Extra }, or forgotten $.
\mbox  #1->\leavevmode \hbox {#1}
                                 
l.22 ...l}}$<$ \mbox{\hyperlink{class_n_i_c}{NIC}}
                                                  , NIC2 $>$ $>$\+::\+ETHERN...
I've deleted a group-closing symbol because it seems to be
spurious, as in `$x}$'. But perhaps the } is legitimate and
you forgot something else, as in `\hbox{$x}'. In such cases
the way to recover is to insert both the forgotten and the
deleted material, e.g., by typing `I$}'.

Missing character: There is no > in font nullfont!
Missing character: There is no > in font nullfont!
./struct_traits_3_01_protocol_3_01_n_i_c_00_01_n_i_c2_01_4_01_4.tex:22: Undefined control sequence.
<recently read> \+
                  
l.22 ...perlink{class_n_i_c}{NIC}}, NIC2 $>$ $>$\+
                                                  ::\+ETHERNET\+\_\+\+PROTOC...
The control sequence at the end of the top line
of your error message was never \def'ed. If you have
misspelled it (e.g., `\hobx'), type `I' and the correct
spelling (e.g., `I\hbox'). Otherwise just continue,
and I'll forget about whatever was undefined.

./struct_traits_3_01_protocol_3_01_n_i_c_00_01_n_i_c2_01_4_01_4.tex:22: Undefined control sequence.
l.22 ...ink{class_n_i_c}{NIC}}, NIC2 $>$ $>$\+::\+
                                                  ETHERNET\+\_\+\+PROTOCOL\+...
The control sequence at the end of the top line
of your error message was never \def'ed. If you have
misspelled it (e.g., `\hobx'), type `I' and the correct
spelling (e.g., `I\hbox'). Otherwise just continue,
and I'll forget about whatever was undefined.

./struct_traits_3_01_protocol_3_01_n_i_c_00_01_n_i_c2_01_4_01_4.tex:22: Undefined control sequence.
l.22 ...n_i_c}{NIC}}, NIC2 $>$ $>$\+::\+ETHERNET\+
                                                  \_\+\+PROTOCOL\+\_\+\+NUMB...
The control sequence at the end of the top line
of your error message was never \def'ed. If you have
misspelled it (e.g., `\hobx'), type `I' and the correct
spelling (e.g., `I\hbox'). Otherwise just continue,
and I'll forget about whatever was undefined.

./struct_traits_3_01_protocol_3_01_n_i_c_00_01_n_i_c2_01_4_01_4.tex:22: Undefined control sequence.
l.22 ...c}{NIC}}, NIC2 $>$ $>$\+::\+ETHERNET\+\_\+
                                                  \+PROTOCOL\+\_\+\+NUMBER =...
The control sequence at the end of the top line
of your error message was never \def'ed. If you have
misspelled it (e.g., `\hobx'), type `I' and the correct
spelling (e.g., `I\hbox'). Otherwise just continue,
and I'll forget about whatever was undefined.

./struct_traits_3_01_protocol_3_01_n_i_c_00_01_n_i_c2_01_4_01_4.tex:22: Undefined control sequence.
l.22 ...{NIC}}, NIC2 $>$ $>$\+::\+ETHERNET\+\_\+\+
                                                  PROTOCOL\+\_\+\+NUMBER = 0...
The control sequence at the end of the top line
of your error message was never \def'ed. If you have
misspelled it (e.g., `\hobx'), type `I' and the correct
spelling (e.g., `I\hbox'). Otherwise just continue,
and I'll forget about whatever was undefined.

./struct_traits_3_01_protocol_3_01_n_i_c_00_01_n_i_c2_01_4_01_4.tex:22: Undefined control sequence.
l.22 ...C2 $>$ $>$\+::\+ETHERNET\+\_\+\+PROTOCOL\+
                                                  \_\+\+NUMBER = 0x88\+B5\hs...
The control sequence at the end of the top line
of your error message was never \def'ed. If you have
misspelled it (e.g., `\hobx'), type `I' and the correct
spelling (e.g., `I\hbox'). Otherwise just continue,
and I'll forget about whatever was undefined.

./struct_traits_3_01_protocol_3_01_n_i_c_00_01_n_i_c2_01_4_01_4.tex:22: Undefined control sequence.
l.22 ...>$ $>$\+::\+ETHERNET\+\_\+\+PROTOCOL\+\_\+
                                                  \+NUMBER = 0x88\+B5\hspace...
The control sequence at the end of the top line
of your error message was never \def'ed. If you have
misspelled it (e.g., `\hobx'), type `I' and the correct
spelling (e.g., `I\hbox'). Otherwise just continue,
and I'll forget about whatever was undefined.

./struct_traits_3_01_protocol_3_01_n_i_c_00_01_n_i_c2_01_4_01_4.tex:22: Undefined control sequence.
l.22 ... $>$\+::\+ETHERNET\+\_\+\+PROTOCOL\+\_\+\+
                                                  NUMBER = 0x88\+B5\hspace{0...
The control sequence at the end of the top line
of your error message was never \def'ed. If you have
misspelled it (e.g., `\hobx'), type `I' and the correct
spelling (e.g., `I\hbox'). Otherwise just continue,
and I'll forget about whatever was undefined.

./struct_traits_3_01_protocol_3_01_n_i_c_00_01_n_i_c2_01_4_01_4.tex:22: Undefined control sequence.
l.22 ...NET\+\_\+\+PROTOCOL\+\_\+\+NUMBER = 0x88\+
                                                  B5\hspace{0.3cm}{\ttfamily...
The control sequence at the end of the top line
of your error message was never \def'ed. If you have
misspelled it (e.g., `\hobx'), type `I' and the correct
spelling (e.g., `I\hbox'). Otherwise just continue,
and I'll forget about whatever was undefined.


./struct_traits_3_01_protocol_3_01_n_i_c_00_01_n_i_c2_01_4_01_4.tex:22: LaTeX Error: Command \ttfamily invalid in math mode.

See the LaTeX manual or LaTeX Companion for explanation.
Type  H <return>  for immediate help.
 ...                                              
                                                  
l.22 ...+NUMBER = 0x88\+B5\hspace{0.3cm}{\ttfamily
                                                   [static]}}
Please use the math alphabet \mathtt instead of the \ttfamily command. 

./struct_traits_3_01_protocol_3_01_n_i_c_00_01_n_i_c2_01_4_01_4.tex:22: Extra }, or forgotten $.
l.22 ...x88\+B5\hspace{0.3cm}{\ttfamily [static]}}
                                                  
I've deleted a group-closing symbol because it seems to be
spurious, as in `$x}$'. But perhaps the } is legitimate and
you forgot something else, as in `\hbox{$x}'. In such cases
the way to recover is to insert both the forgotten and the
deleted material, e.g., by typing `I$}'.

./struct_traits_3_01_protocol_3_01_n_i_c_00_01_n_i_c2_01_4_01_4.tex:23: Missing $ inserted.
<inserted text> 
                $
l.23 
     
I've inserted a begin-math/end-math symbol since I think
you left one out. Proceed, with fingers crossed.

Missing character: There is no T in font nullfont!
Missing character: There is no h in font nullfont!
Missing character: There is no e in font nullfont!
Missing character: There is no d in font nullfont!
Missing character: There is no o in font nullfont!
Missing character: There is no c in font nullfont!
Missing character: There is no u in font nullfont!
Missing character: There is no m in font nullfont!
Missing character: There is no e in font nullfont!
Missing character: There is no n in font nullfont!
Missing character: There is no t in font nullfont!
Missing character: There is no a in font nullfont!
Missing character: There is no t in font nullfont!
Missing character: There is no i in font nullfont!
Missing character: There is no o in font nullfont!
Missing character: There is no n in font nullfont!
Missing character: There is no f in font nullfont!
Missing character: There is no o in font nullfont!
Missing character: There is no r in font nullfont!
Missing character: There is no t in font nullfont!
Missing character: There is no h in font nullfont!
Missing character: There is no i in font nullfont!
Missing character: There is no s in font nullfont!
Missing character: There is no s in font nullfont!
Missing character: There is no t in font nullfont!
Missing character: There is no r in font nullfont!
Missing character: There is no u in font nullfont!
Missing character: There is no c in font nullfont!
Missing character: There is no t in font nullfont!
Missing character: There is no w in font nullfont!
Missing character: There is no a in font nullfont!
Missing character: There is no s in font nullfont!
Missing character: There is no g in font nullfont!
Missing character: There is no e in font nullfont!
Missing character: There is no n in font nullfont!
Missing character: There is no e in font nullfont!
Missing character: There is no r in font nullfont!
Missing character: There is no a in font nullfont!
Missing character: There is no t in font nullfont!
Missing character: There is no e in font nullfont!
Missing character: There is no d in font nullfont!
Missing character: There is no f in font nullfont!
Missing character: There is no r in font nullfont!
Missing character: There is no o in font nullfont!
Missing character: There is no m in font nullfont!
Missing character: There is no t in font nullfont!
Missing character: There is no h in font nullfont!
Missing character: There is no e in font nullfont!
Missing character: There is no f in font nullfont!
Missing character: There is no o in font nullfont!
Missing character: There is no l in font nullfont!
Missing character: There is no l in font nullfont!
Missing character: There is no o in font nullfont!
Missing character: There is no w in font nullfont!
Missing character: There is no i in font nullfont!
Missing character: There is no n in font nullfont!
Missing character: There is no g in font nullfont!
Missing character: There is no f in font nullfont!
Missing character: There is no i in font nullfont!
Missing character: There is no l in font nullfont!
Missing character: There is no e in font nullfont!
./struct_traits_3_01_protocol_3_01_n_i_c_00_01_n_i_c2_01_4_01_4.tex:26: Undefined control sequence.
l.26 ...ct was generated from the following file\+
                                                  :\begin{DoxyCompactItemize}
The control sequence at the end of the top line
of your error message was never \def'ed. If you have
misspelled it (e.g., `\hobx'), type `I' and the correct
spelling (e.g., `I\hbox'). Otherwise just continue,
and I'll forget about whatever was undefined.

Missing character: There is no : in font nullfont!

./struct_traits_3_01_protocol_3_01_n_i_c_00_01_n_i_c2_01_4_01_4.tex:26: LaTeX Error: Environment DoxyCompactItemize undefined.

See the LaTeX manual or LaTeX Companion for explanation.
Type  H <return>  for immediate help.
 ...                                              
                                                  
l.26 ...ollowing file\+:\begin{DoxyCompactItemize}
                                                  
Your command was ignored.
Type  I <command> <return>  to replace it with another command,
or  <return>  to continue without it.


./struct_traits_3_01_protocol_3_01_n_i_c_00_01_n_i_c2_01_4_01_4.tex:28: LaTeX Error: Not allowed in LR mode.

See the LaTeX manual or LaTeX Companion for explanation.
Type  H <return>  for immediate help.
 ...                                              
                                                  
l.28 s
      ource/api/network/definitions/\mbox{\hyperlink{traits_8hpp}{traits.\+h...
You've lost some text.  Try typing  <return>  to proceed.
If that doesn't work, type  X <return>  to quit.


./struct_traits_3_01_protocol_3_01_n_i_c_00_01_n_i_c2_01_4_01_4.tex:28: LaTeX Error: Not allowed in LR mode.

See the LaTeX manual or LaTeX Companion for explanation.
Type  H <return>  for immediate help.
 ...                                              
                                                  
l.28 s
      ource/api/network/definitions/\mbox{\hyperlink{traits_8hpp}{traits.\+h...
You've lost some text.  Try typing  <return>  to proceed.
If that doesn't work, type  X <return>  to quit.

./struct_traits_3_01_protocol_3_01_n_i_c_00_01_n_i_c2_01_4_01_4.tex:28: Missing \endgroup inserted.
<inserted text> 
                \endgroup 
l.28 s
      ource/api/network/definitions/\mbox{\hyperlink{traits_8hpp}{traits.\+h...
I've inserted something that you may have forgotten.
(See the <inserted text> above.)
With luck, this will get me unwedged. But if you
really didn't forget anything, try typing `2' now; then
my insertion and my current dilemma will both disappear.

./struct_traits_3_01_protocol_3_01_n_i_c_00_01_n_i_c2_01_4_01_4.tex:28: Missing } inserted.
<inserted text> 
                }
l.28 s
      ource/api/network/definitions/\mbox{\hyperlink{traits_8hpp}{traits.\+h...
I've inserted something that you may have forgotten.
(See the <inserted text> above.)
With luck, this will get me unwedged. But if you
really didn't forget anything, try typing `2' now; then
my insertion and my current dilemma will both disappear.

./struct_traits_3_01_protocol_3_01_n_i_c_00_01_n_i_c2_01_4_01_4.tex:28: Missing } inserted.
<inserted text> 
                }
l.28 s
      ource/api/network/definitions/\mbox{\hyperlink{traits_8hpp}{traits.\+h...
I've inserted something that you may have forgotten.
(See the <inserted text> above.)
With luck, this will get me unwedged. But if you
really didn't forget anything, try typing `2' now; then
my insertion and my current dilemma will both disappear.

./struct_traits_3_01_protocol_3_01_n_i_c_00_01_n_i_c2_01_4_01_4.tex:28: Missing $ inserted.
<inserted text> 
                $
l.28 s
      ource/api/network/definitions/\mbox{\hyperlink{traits_8hpp}{traits.\+h...
I've inserted a begin-math/end-math symbol since I think
you left one out. Proceed, with fingers crossed.

./struct_traits_3_01_protocol_3_01_n_i_c_00_01_n_i_c2_01_4_01_4.tex:28: Missing } inserted.
<inserted text> 
                }
l.28 s
      ource/api/network/definitions/\mbox{\hyperlink{traits_8hpp}{traits.\+h...
I've inserted something that you may have forgotten.
(See the <inserted text> above.)
With luck, this will get me unwedged. But if you
really didn't forget anything, try typing `2' now; then
my insertion and my current dilemma will both disappear.

./struct_traits_3_01_protocol_3_01_n_i_c_00_01_n_i_c2_01_4_01_4.tex:28: Missing } inserted.
<inserted text> 
                }
l.28 s
      ource/api/network/definitions/\mbox{\hyperlink{traits_8hpp}{traits.\+h...
I've inserted something that you may have forgotten.
(See the <inserted text> above.)
With luck, this will get me unwedged. But if you
really didn't forget anything, try typing `2' now; then
my insertion and my current dilemma will both disappear.

./struct_traits_3_01_protocol_3_01_n_i_c_00_01_n_i_c2_01_4_01_4.tex:28: Missing $ inserted.
<inserted text> 
                $
l.28 s
      ource/api/network/definitions/\mbox{\hyperlink{traits_8hpp}{traits.\+h...
I've inserted a begin-math/end-math symbol since I think
you left one out. Proceed, with fingers crossed.

./struct_traits_3_01_protocol_3_01_n_i_c_00_01_n_i_c2_01_4_01_4.tex:28: Missing } inserted.
<inserted text> 
                }
l.28 s
      ource/api/network/definitions/\mbox{\hyperlink{traits_8hpp}{traits.\+h...
I've inserted something that you may have forgotten.
(See the <inserted text> above.)
With luck, this will get me unwedged. But if you
really didn't forget anything, try typing `2' now; then
my insertion and my current dilemma will both disappear.

./struct_traits_3_01_protocol_3_01_n_i_c_00_01_n_i_c2_01_4_01_4.tex:28: Missing } inserted.
<inserted text> 
                }
l.28 s
      ource/api/network/definitions/\mbox{\hyperlink{traits_8hpp}{traits.\+h...
I've inserted something that you may have forgotten.
(See the <inserted text> above.)
With luck, this will get me unwedged. But if you
really didn't forget anything, try typing `2' now; then
my insertion and my current dilemma will both disappear.

./struct_traits_3_01_protocol_3_01_n_i_c_00_01_n_i_c2_01_4_01_4.tex:28: Missing $ inserted.
<inserted text> 
                $
l.28 s
      ource/api/network/definitions/\mbox{\hyperlink{traits_8hpp}{traits.\+h...
I've inserted a begin-math/end-math symbol since I think
you left one out. Proceed, with fingers crossed.

./struct_traits_3_01_protocol_3_01_n_i_c_00_01_n_i_c2_01_4_01_4.tex:28: Missing } inserted.
<inserted text> 
                }
l.28 s
      ource/api/network/definitions/\mbox{\hyperlink{traits_8hpp}{traits.\+h...
I've inserted something that you may have forgotten.
(See the <inserted text> above.)
With luck, this will get me unwedged. But if you
really didn't forget anything, try typing `2' now; then
my insertion and my current dilemma will both disappear.

./struct_traits_3_01_protocol_3_01_n_i_c_00_01_n_i_c2_01_4_01_4.tex:28: Missing } inserted.
<inserted text> 
                }
l.28 s
      ource/api/network/definitions/\mbox{\hyperlink{traits_8hpp}{traits.\+h...
I've inserted something that you may have forgotten.
(See the <inserted text> above.)
With luck, this will get me unwedged. But if you
really didn't forget anything, try typing `2' now; then
my insertion and my current dilemma will both disappear.

./struct_traits_3_01_protocol_3_01_n_i_c_00_01_n_i_c2_01_4_01_4.tex:28: Missing $ inserted.
<inserted text> 
                $
l.28 s
      ource/api/network/definitions/\mbox{\hyperlink{traits_8hpp}{traits.\+h...
I've inserted a begin-math/end-math symbol since I think
you left one out. Proceed, with fingers crossed.

./struct_traits_3_01_protocol_3_01_n_i_c_00_01_n_i_c2_01_4_01_4.tex:28: Missing } inserted.
<inserted text> 
                }
l.28 s
      ource/api/network/definitions/\mbox{\hyperlink{traits_8hpp}{traits.\+h...
I've inserted something that you may have forgotten.
(See the <inserted text> above.)
With luck, this will get me unwedged. But if you
really didn't forget anything, try typing `2' now; then
my insertion and my current dilemma will both disappear.

./struct_traits_3_01_protocol_3_01_n_i_c_00_01_n_i_c2_01_4_01_4.tex:28: Missing } inserted.
<inserted text> 
                }
l.28 s
      ource/api/network/definitions/\mbox{\hyperlink{traits_8hpp}{traits.\+h...
I've inserted something that you may have forgotten.
(See the <inserted text> above.)
With luck, this will get me unwedged. But if you
really didn't forget anything, try typing `2' now; then
my insertion and my current dilemma will both disappear.

./struct_traits_3_01_protocol_3_01_n_i_c_00_01_n_i_c2_01_4_01_4.tex:28: Missing $ inserted.
<inserted text> 
                $
l.28 s
      ource/api/network/definitions/\mbox{\hyperlink{traits_8hpp}{traits.\+h...
I've inserted a begin-math/end-math symbol since I think
you left one out. Proceed, with fingers crossed.


Overfull \hbox (207.3853pt too wide) in paragraph at lines 15--28
[]$[]\OML/cmm/m/it/10 raits[][]\OT1/cmr/m/n/10 1[]\OML/cmm/m/it/10 rotocol[][]\OT1/cmr/m/n/10 1[][][][]0[]1[][][]2[]1[][]1[][]\OML/cmm/m/it/10 oc \OMS/cmsy/m/n/10 ^^@
 []


Overfull \hbox (43.91858pt too wide) in paragraph at lines 15--28
\OML/cmm/m/it/10 variable \OMS/cmsy/m/n/10 ^^@
 []


Overfull \hbox (1857.03998pt too wide) in paragraph at lines 15--28
\OML/cmm/m/it/10 members[][][][]$$typename[]$ 
 []


./struct_traits_3_01_protocol_3_01_n_i_c_00_01_n_i_c2_01_4_01_4.tex:28: LaTeX Error: Lonely \item--perhaps a missing list environment.

See the LaTeX manual or LaTeX Companion for explanation.
Type  H <return>  for immediate help.
 ...                                              
                                                  
l.28 s
      ource/api/network/definitions/\mbox{\hyperlink{traits_8hpp}{traits.\+h...
Try typing  <return>  to proceed.
If that doesn't work, type  X <return>  to quit.

Missing character: There is no s in font nullfont!
Missing character: There is no o in font nullfont!
Missing character: There is no u in font nullfont!
Missing character: There is no r in font nullfont!
Missing character: There is no c in font nullfont!
Missing character: There is no e in font nullfont!
Missing character: There is no / in font nullfont!
Missing character: There is no a in font nullfont!
Missing character: There is no p in font nullfont!
Missing character: There is no i in font nullfont!
Missing character: There is no / in font nullfont!
Missing character: There is no n in font nullfont!
Missing character: There is no e in font nullfont!
Missing character: There is no t in font nullfont!
Missing character: There is no w in font nullfont!
Missing character: There is no o in font nullfont!
Missing character: There is no r in font nullfont!
Missing character: There is no k in font nullfont!
Missing character: There is no / in font nullfont!
Missing character: There is no d in font nullfont!
Missing character: There is no e in font nullfont!
Missing character: There is no f in font nullfont!
Missing character: There is no i in font nullfont!
Missing character: There is no n in font nullfont!
Missing character: There is no i in font nullfont!
Missing character: There is no t in font nullfont!
Missing character: There is no i in font nullfont!
Missing character: There is no o in font nullfont!
Missing character: There is no n in font nullfont!
Missing character: There is no s in font nullfont!
Missing character: There is no / in font nullfont!
./struct_traits_3_01_protocol_3_01_n_i_c_00_01_n_i_c2_01_4_01_4.tex:28: Undefined control sequence.
<argument> \hyperlink 
                      {traits_8hpp}{traits.\+hpp}
l.28 ...box{\hyperlink{traits_8hpp}{traits.\+hpp}}
                                                  \end{DoxyCompactItemize}
The control sequence at the end of the top line
of your error message was never \def'ed. If you have
misspelled it (e.g., `\hobx'), type `I' and the correct
spelling (e.g., `I\hbox'). Otherwise just continue,
and I'll forget about whatever was undefined.

Missing character: There is no t in font nullfont!
Missing character: There is no r in font nullfont!
Missing character: There is no a in font nullfont!
Missing character: There is no i in font nullfont!
Missing character: There is no t in font nullfont!
Missing character: There is no s in font nullfont!
./struct_traits_3_01_protocol_3_01_n_i_c_00_01_n_i_c2_01_4_01_4.tex:28: Missing $ inserted.
<inserted text> 
                $
l.28 ...box{\hyperlink{traits_8hpp}{traits.\+hpp}}
                                                  \end{DoxyCompactItemize}
I've inserted a begin-math/end-math symbol since I think
you left one out. Proceed, with fingers crossed.

./struct_traits_3_01_protocol_3_01_n_i_c_00_01_n_i_c2_01_4_01_4.tex:28: Extra }, or forgotten $.
<argument> \hyperlink {traits_8hpp}
                                   {traits.\+hpp}
l.28 ...box{\hyperlink{traits_8hpp}{traits.\+hpp}}
                                                  \end{DoxyCompactItemize}
I've deleted a group-closing symbol because it seems to be
spurious, as in `$x}$'. But perhaps the } is legitimate and
you forgot something else, as in `\hbox{$x}'. In such cases
the way to recover is to insert both the forgotten and the
deleted material, e.g., by typing `I$}'.

./struct_traits_3_01_protocol_3_01_n_i_c_00_01_n_i_c2_01_4_01_4.tex:28: Undefined control sequence.
<argument> \hyperlink {traits_8hpp}{traits.\+
                                             hpp}
l.28 ...box{\hyperlink{traits_8hpp}{traits.\+hpp}}
                                                  \end{DoxyCompactItemize}
The control sequence at the end of the top line
of your error message was never \def'ed. If you have
misspelled it (e.g., `\hobx'), type `I' and the correct
spelling (e.g., `I\hbox'). Otherwise just continue,
and I'll forget about whatever was undefined.

./struct_traits_3_01_protocol_3_01_n_i_c_00_01_n_i_c2_01_4_01_4.tex:28: Extra }, or forgotten $.
\mbox  #1->\leavevmode \hbox {#1}
                                 
l.28 ...box{\hyperlink{traits_8hpp}{traits.\+hpp}}
                                                  \end{DoxyCompactItemize}
I've deleted a group-closing symbol because it seems to be
spurious, as in `$x}$'. But perhaps the } is legitimate and
you forgot something else, as in `\hbox{$x}'. In such cases
the way to recover is to insert both the forgotten and the
deleted material, e.g., by typing `I$}'.


./struct_traits_3_01_protocol_3_01_n_i_c_00_01_n_i_c2_01_4_01_4.tex:28: LaTeX Error: \begin{document} ended by \end{DoxyCompactItemize}.

See the LaTeX manual or LaTeX Companion for explanation.
Type  H <return>  for immediate help.
 ...                                              
                                                  
l.28 ...pp}{traits.\+hpp}}\end{DoxyCompactItemize}
                                                  
Your command was ignored.
Type  I <command> <return>  to replace it with another command,
or  <return>  to continue without it.

./struct_traits_3_01_protocol_3_01_n_i_c_00_01_n_i_c2_01_4_01_4.tex:28: Missing $ inserted.
<inserted text> 
                $
l.28 ...pp}{traits.\+hpp}}\end{DoxyCompactItemize}
                                                  
I've inserted something that you may have forgotten.
(See the <inserted text> above.)
With luck, this will get me unwedged. But if you
really didn't forget anything, try typing `2' now; then
my insertion and my current dilemma will both disappear.

./struct_traits_3_01_protocol_3_01_n_i_c_00_01_n_i_c2_01_4_01_4.tex:28: Missing } inserted.
<inserted text> 
                }
l.28 ...pp}{traits.\+hpp}}\end{DoxyCompactItemize}
                                                  
I've inserted something that you may have forgotten.
(See the <inserted text> above.)
With luck, this will get me unwedged. But if you
really didn't forget anything, try typing `2' now; then
my insertion and my current dilemma will both disappear.

./struct_traits_3_01_protocol_3_01_n_i_c_00_01_n_i_c2_01_4_01_4.tex:28: Missing } inserted.
<inserted text> 
                }
l.28 ...pp}{traits.\+hpp}}\end{DoxyCompactItemize}
                                                  
I've inserted something that you may have forgotten.
(See the <inserted text> above.)
With luck, this will get me unwedged. But if you
really didn't forget anything, try typing `2' now; then
my insertion and my current dilemma will both disappear.

./struct_traits_3_01_protocol_3_01_n_i_c_00_01_n_i_c2_01_4_01_4.tex:28: Missing } inserted.
<inserted text> 
                }
l.28 ...pp}{traits.\+hpp}}\end{DoxyCompactItemize}
                                                  
I've inserted something that you may have forgotten.
(See the <inserted text> above.)
With luck, this will get me unwedged. But if you
really didn't forget anything, try typing `2' now; then
my insertion and my current dilemma will both disappear.

./struct_traits_3_01_protocol_3_01_n_i_c_00_01_n_i_c2_01_4_01_4.tex:28: Missing } inserted.
<inserted text> 
                }
l.28 ...pp}{traits.\+hpp}}\end{DoxyCompactItemize}
                                                  
I've inserted something that you may have forgotten.
(See the <inserted text> above.)
With luck, this will get me unwedged. But if you
really didn't forget anything, try typing `2' now; then
my insertion and my current dilemma will both disappear.

./struct_traits_3_01_protocol_3_01_n_i_c_00_01_n_i_c2_01_4_01_4.tex:28: Extra \endgroup.
<recently read> \endgroup 
                          
l.28 ...pp}{traits.\+hpp}}\end{DoxyCompactItemize}
                                                  
Things are pretty mixed up, but I think the worst is over.

)
! Emergency stop.
<*> ...tocol_3_01_n_i_c_00_01_n_i_c2_01_4_01_4.tex
                                                  
*** (job aborted, no legal \end found)

 
Here is how much of TeX's memory you used:
 26 strings out of 469269
 752 string characters out of 5467112
 433984 words of memory out of 5000000
 28557 multiletter control sequences out of 15000+600000
 626993 words of font info for 41 fonts, out of 8000000 for 9000
 319 hyphenation exceptions out of 8191
 20i,14n,23p,438b,174s stack positions out of 10000i,1000n,20000p,200000b,200000s
!  ==> Fatal error occurred, no output PDF file produced!
