This is pdfTeX, Version 3.141592653-2.6-1.40.28 (TeX Live 2025) (preloaded format=pdflatex 2025.9.24)  27 SEP 2025 18:54
entering extended mode
 \write18 enabled.
 file:line:error style messages enabled.
 %&-line parsing enabled.
**struct_shm_engine_1_1_shared_block.tex
(./struct_shm_engine_1_1_shared_block.tex
LaTeX2e <2025-06-01> patch level 1
L3 programming layer <2025-09-02>
./struct_shm_engine_1_1_shared_block.tex:1: Undefined control sequence.
l.1 \doxysection
                {Shm\+Engine\+::Shared\+Block Struct Reference}
The control sequence at the end of the top line
of your error message was never \def'ed. If you have
misspelled it (e.g., `\hobx'), type `I' and the correct
spelling (e.g., `I\hbox'). Otherwise just continue,
and I'll forget about whatever was undefined.


./struct_shm_engine_1_1_shared_block.tex:1: LaTeX Error: Missing \begin{document}.

See the LaTeX manual or LaTeX Companion for explanation.
Type  H <return>  for immediate help.
 ...                                              
                                                  
l.1 \doxysection{S
                  hm\+Engine\+::Shared\+Block Struct Reference}
You're in trouble here.  Try typing  <return>  to proceed.
If that doesn't work, type  X <return>  to quit.

Missing character: There is no S in font nullfont!
Missing character: There is no h in font nullfont!
Missing character: There is no m in font nullfont!
./struct_shm_engine_1_1_shared_block.tex:1: Undefined control sequence.
l.1 \doxysection{Shm\+
                      Engine\+::Shared\+Block Struct Reference}
The control sequence at the end of the top line
of your error message was never \def'ed. If you have
misspelled it (e.g., `\hobx'), type `I' and the correct
spelling (e.g., `I\hbox'). Otherwise just continue,
and I'll forget about whatever was undefined.

Missing character: There is no E in font nullfont!
Missing character: There is no n in font nullfont!
Missing character: There is no g in font nullfont!
Missing character: There is no i in font nullfont!
Missing character: There is no n in font nullfont!
Missing character: There is no e in font nullfont!
./struct_shm_engine_1_1_shared_block.tex:1: Undefined control sequence.
l.1 \doxysection{Shm\+Engine\+
                              ::Shared\+Block Struct Reference}
The control sequence at the end of the top line
of your error message was never \def'ed. If you have
misspelled it (e.g., `\hobx'), type `I' and the correct
spelling (e.g., `I\hbox'). Otherwise just continue,
and I'll forget about whatever was undefined.

Missing character: There is no : in font nullfont!
Missing character: There is no : in font nullfont!
Missing character: There is no S in font nullfont!
Missing character: There is no h in font nullfont!
Missing character: There is no a in font nullfont!
Missing character: There is no r in font nullfont!
Missing character: There is no e in font nullfont!
Missing character: There is no d in font nullfont!
./struct_shm_engine_1_1_shared_block.tex:1: Undefined control sequence.
l.1 \doxysection{Shm\+Engine\+::Shared\+
                                        Block Struct Reference}
The control sequence at the end of the top line
of your error message was never \def'ed. If you have
misspelled it (e.g., `\hobx'), type `I' and the correct
spelling (e.g., `I\hbox'). Otherwise just continue,
and I'll forget about whatever was undefined.

Missing character: There is no B in font nullfont!
Missing character: There is no l in font nullfont!
Missing character: There is no o in font nullfont!
Missing character: There is no c in font nullfont!
Missing character: There is no k in font nullfont!
Missing character: There is no S in font nullfont!
Missing character: There is no t in font nullfont!
Missing character: There is no r in font nullfont!
Missing character: There is no u in font nullfont!
Missing character: There is no c in font nullfont!
Missing character: There is no t in font nullfont!
Missing character: There is no R in font nullfont!
Missing character: There is no e in font nullfont!
Missing character: There is no f in font nullfont!
Missing character: There is no e in font nullfont!
Missing character: There is no r in font nullfont!
Missing character: There is no e in font nullfont!
Missing character: There is no n in font nullfont!
Missing character: There is no c in font nullfont!
Missing character: There is no e in font nullfont!
./struct_shm_engine_1_1_shared_block.tex:2: Undefined control sequence.
l.2 \hypertarget
                {struct_shm_engine_1_1_shared_block}{}\label{struct_shm_engi...
The control sequence at the end of the top line
of your error message was never \def'ed. If you have
misspelled it (e.g., `\hobx'), type `I' and the correct
spelling (e.g., `I\hbox'). Otherwise just continue,
and I'll forget about whatever was undefined.

Missing character: There is no s in font nullfont!
Missing character: There is no t in font nullfont!
Missing character: There is no r in font nullfont!
Missing character: There is no u in font nullfont!
Missing character: There is no c in font nullfont!
Missing character: There is no t in font nullfont!
./struct_shm_engine_1_1_shared_block.tex:2: Missing $ inserted.
<inserted text> 
                $
l.2 \hypertarget{struct_
                        shm_engine_1_1_shared_block}{}\label{struct_shm_engi...
I've inserted a begin-math/end-math symbol since I think
you left one out. Proceed, with fingers crossed.

LaTeX Font Info:    External font `cmex10' loaded for size
(Font)              <7> on input line 2.
LaTeX Font Info:    External font `cmex10' loaded for size
(Font)              <5> on input line 2.
./struct_shm_engine_1_1_shared_block.tex:2: Double subscript.
l.2 \hypertarget{struct_shm_engine_1_
                                     1_shared_block}{}\label{struct_shm_engi...
I treat `x_1_2' essentially like `x_1{}_2'.

./struct_shm_engine_1_1_shared_block.tex:2: Double subscript.
l.2 \hypertarget{struct_shm_engine_1_1_
                                       shared_block}{}\label{struct_shm_engi...
I treat `x_1_2' essentially like `x_1{}_2'.

./struct_shm_engine_1_1_shared_block.tex:2: Extra }, or forgotten $.
l.2 ...rtarget{struct_shm_engine_1_1_shared_block}
                                                  {}\label{struct_shm_engine...
I've deleted a group-closing symbol because it seems to be
spurious, as in `$x}$'. But perhaps the } is legitimate and
you forgot something else, as in `\hbox{$x}'. In such cases
the way to recover is to insert both the forgotten and the
deleted material, e.g., by typing `I$}'.

./struct_shm_engine_1_1_shared_block.tex:3: Missing $ inserted.
<inserted text> 
                $
l.3 
    
I've inserted a begin-math/end-math symbol since I think
you left one out. Proceed, with fingers crossed.


Overfull \hbox (20.0pt too wide) in paragraph at lines 1--3
[]
 []


Overfull \hbox (109.18213pt too wide) in paragraph at lines 1--3
[]\OML/cmm/m/it/10 hm[]ngine[][][]hared[]lock[][]$ 
 []


./struct_shm_engine_1_1_shared_block.tex:5: LaTeX Error: Missing \begin{document}.

See the LaTeX manual or LaTeX Companion for explanation.
Type  H <return>  for immediate help.
 ...                                              
                                                  
l.5 C
     ollaboration diagram for Shm\+Engine\+::Shared\+Block\+:
You're in trouble here.  Try typing  <return>  to proceed.
If that doesn't work, type  X <return>  to quit.

Missing character: There is no C in font nullfont!
Missing character: There is no o in font nullfont!
Missing character: There is no l in font nullfont!
Missing character: There is no l in font nullfont!
Missing character: There is no a in font nullfont!
Missing character: There is no b in font nullfont!
Missing character: There is no o in font nullfont!
Missing character: There is no r in font nullfont!
Missing character: There is no a in font nullfont!
Missing character: There is no t in font nullfont!
Missing character: There is no i in font nullfont!
Missing character: There is no o in font nullfont!
Missing character: There is no n in font nullfont!
Missing character: There is no d in font nullfont!
Missing character: There is no i in font nullfont!
Missing character: There is no a in font nullfont!
Missing character: There is no g in font nullfont!
Missing character: There is no r in font nullfont!
Missing character: There is no a in font nullfont!
Missing character: There is no m in font nullfont!
Missing character: There is no f in font nullfont!
Missing character: There is no o in font nullfont!
Missing character: There is no r in font nullfont!
Missing character: There is no S in font nullfont!
Missing character: There is no h in font nullfont!
Missing character: There is no m in font nullfont!
./struct_shm_engine_1_1_shared_block.tex:5: Undefined control sequence.
l.5 Collaboration diagram for Shm\+
                                   Engine\+::Shared\+Block\+:
The control sequence at the end of the top line
of your error message was never \def'ed. If you have
misspelled it (e.g., `\hobx'), type `I' and the correct
spelling (e.g., `I\hbox'). Otherwise just continue,
and I'll forget about whatever was undefined.

Missing character: There is no E in font nullfont!
Missing character: There is no n in font nullfont!
Missing character: There is no g in font nullfont!
Missing character: There is no i in font nullfont!
Missing character: There is no n in font nullfont!
Missing character: There is no e in font nullfont!
./struct_shm_engine_1_1_shared_block.tex:5: Undefined control sequence.
l.5 Collaboration diagram for Shm\+Engine\+
                                           ::Shared\+Block\+:
The control sequence at the end of the top line
of your error message was never \def'ed. If you have
misspelled it (e.g., `\hobx'), type `I' and the correct
spelling (e.g., `I\hbox'). Otherwise just continue,
and I'll forget about whatever was undefined.

Missing character: There is no : in font nullfont!
Missing character: There is no : in font nullfont!
Missing character: There is no S in font nullfont!
Missing character: There is no h in font nullfont!
Missing character: There is no a in font nullfont!
Missing character: There is no r in font nullfont!
Missing character: There is no e in font nullfont!
Missing character: There is no d in font nullfont!
./struct_shm_engine_1_1_shared_block.tex:5: Undefined control sequence.
l.5 ...oration diagram for Shm\+Engine\+::Shared\+
                                                  Block\+:
The control sequence at the end of the top line
of your error message was never \def'ed. If you have
misspelled it (e.g., `\hobx'), type `I' and the correct
spelling (e.g., `I\hbox'). Otherwise just continue,
and I'll forget about whatever was undefined.

Missing character: There is no B in font nullfont!
Missing character: There is no l in font nullfont!
Missing character: There is no o in font nullfont!
Missing character: There is no c in font nullfont!
Missing character: There is no k in font nullfont!
./struct_shm_engine_1_1_shared_block.tex:5: Undefined control sequence.
l.5 ... diagram for Shm\+Engine\+::Shared\+Block\+
                                                  :
The control sequence at the end of the top line
of your error message was never \def'ed. If you have
misspelled it (e.g., `\hobx'), type `I' and the correct
spelling (e.g., `I\hbox'). Otherwise just continue,
and I'll forget about whatever was undefined.

Missing character: There is no : in font nullfont!

./struct_shm_engine_1_1_shared_block.tex:7: LaTeX Error: Environment figure undefined.

See the LaTeX manual or LaTeX Companion for explanation.
Type  H <return>  for immediate help.
 ...                                              
                                                  
l.7 \begin{figure}
                  [H]
Your command was ignored.
Type  I <command> <return>  to replace it with another command,
or  <return>  to continue without it.

Missing character: There is no [ in font nullfont!
Missing character: There is no H in font nullfont!
Missing character: There is no ] in font nullfont!

Overfull \hbox (20.0pt too wide) in paragraph at lines 5--8
[]
 []

./struct_shm_engine_1_1_shared_block.tex:10: Undefined control sequence.
l.10 \includegraphics
                     [width=208pt]{struct_shm_engine_1_1_shared_block__coll_...
The control sequence at the end of the top line
of your error message was never \def'ed. If you have
misspelled it (e.g., `\hobx'), type `I' and the correct
spelling (e.g., `I\hbox'). Otherwise just continue,
and I'll forget about whatever was undefined.

Missing character: There is no [ in font nullfont!
Missing character: There is no w in font nullfont!
Missing character: There is no i in font nullfont!
Missing character: There is no d in font nullfont!
Missing character: There is no t in font nullfont!
Missing character: There is no h in font nullfont!
Missing character: There is no = in font nullfont!
Missing character: There is no 2 in font nullfont!
Missing character: There is no 0 in font nullfont!
Missing character: There is no 8 in font nullfont!
Missing character: There is no p in font nullfont!
Missing character: There is no t in font nullfont!
Missing character: There is no ] in font nullfont!
Missing character: There is no s in font nullfont!
Missing character: There is no t in font nullfont!
Missing character: There is no r in font nullfont!
Missing character: There is no u in font nullfont!
Missing character: There is no c in font nullfont!
Missing character: There is no t in font nullfont!
./struct_shm_engine_1_1_shared_block.tex:10: Missing $ inserted.
<inserted text> 
                $
l.10 \includegraphics[width=208pt]{struct_
                                          shm_engine_1_1_shared_block__coll_...
I've inserted a begin-math/end-math symbol since I think
you left one out. Proceed, with fingers crossed.

./struct_shm_engine_1_1_shared_block.tex:10: Double subscript.
l.10 ...graphics[width=208pt]{struct_shm_engine_1_
                                                  1_shared_block__coll__graph}
I treat `x_1_2' essentially like `x_1{}_2'.

./struct_shm_engine_1_1_shared_block.tex:10: Double subscript.
l.10 ...aphics[width=208pt]{struct_shm_engine_1_1_
                                                  shared_block__coll__graph}
I treat `x_1_2' essentially like `x_1{}_2'.

./struct_shm_engine_1_1_shared_block.tex:10: Missing { inserted.
<to be read again> 
                   _
l.10 ...08pt]{struct_shm_engine_1_1_shared_block__
                                                  coll__graph}
A left brace was mandatory here, so I've put one in.
You might want to delete and/or insert some corrections
so that I will find a matching right brace soon.
(If you're confused by all this, try typing `I}' now.)

./struct_shm_engine_1_1_shared_block.tex:10: Missing { inserted.
<to be read again> 
                   _
l.10 ...struct_shm_engine_1_1_shared_block__coll__
                                                  graph}
A left brace was mandatory here, so I've put one in.
You might want to delete and/or insert some corrections
so that I will find a matching right brace soon.
(If you're confused by all this, try typing `I}' now.)


./struct_shm_engine_1_1_shared_block.tex:11: LaTeX Error: Command \end{center} invalid in math mode.

See the LaTeX manual or LaTeX Companion for explanation.
Type  H <return>  for immediate help.
 ...                                              
                                                  
l.11 \end{center}
                 
Try typing  <return>  to proceed.
If that doesn't work, type  X <return>  to quit.

./struct_shm_engine_1_1_shared_block.tex:11: Missing $ inserted.
<inserted text> 
                $
l.11 \end{center}
                 
I've inserted a begin-math/end-math symbol since I think
you left one out. Proceed, with fingers crossed.

./struct_shm_engine_1_1_shared_block.tex:11: Missing } inserted.
<inserted text> 
                }
l.11 \end{center}
                 
I've inserted something that you may have forgotten.
(See the <inserted text> above.)
With luck, this will get me unwedged. But if you
really didn't forget anything, try typing `2' now; then
my insertion and my current dilemma will both disappear.


Overfull \hbox (142.081pt too wide) in paragraph at lines 9--11
 []\OML/cmm/m/it/10 hm[]ngine[][][]hared[]lock[]$ 
 []

./struct_shm_engine_1_1_shared_block.tex:11: Missing } inserted.
<inserted text> 
                }
l.11 \end{center}
                 
I've inserted something that you may have forgotten.
(See the <inserted text> above.)
With luck, this will get me unwedged. But if you
really didn't forget anything, try typing `2' now; then
my insertion and my current dilemma will both disappear.


./struct_shm_engine_1_1_shared_block.tex:12: LaTeX Error: \begin{document} ended by \end{figure}.

See the LaTeX manual or LaTeX Companion for explanation.
Type  H <return>  for immediate help.
 ...                                              
                                                  
l.12 \end{figure}
                 
Your command was ignored.
Type  I <command> <return>  to replace it with another command,
or  <return>  to continue without it.

./struct_shm_engine_1_1_shared_block.tex:13: Undefined control sequence.
l.13 \doxysubsubsection
                       *{Public Attributes}
The control sequence at the end of the top line
of your error message was never \def'ed. If you have
misspelled it (e.g., `\hobx'), type `I' and the correct
spelling (e.g., `I\hbox'). Otherwise just continue,
and I'll forget about whatever was undefined.

Missing character: There is no * in font nullfont!
Missing character: There is no P in font nullfont!
Missing character: There is no u in font nullfont!
Missing character: There is no b in font nullfont!
Missing character: There is no l in font nullfont!
Missing character: There is no i in font nullfont!
Missing character: There is no c in font nullfont!
Missing character: There is no A in font nullfont!
Missing character: There is no t in font nullfont!
Missing character: There is no t in font nullfont!
Missing character: There is no r in font nullfont!
Missing character: There is no i in font nullfont!
Missing character: There is no b in font nullfont!
Missing character: There is no u in font nullfont!
Missing character: There is no t in font nullfont!
Missing character: There is no e in font nullfont!
Missing character: There is no s in font nullfont!

./struct_shm_engine_1_1_shared_block.tex:14: LaTeX Error: Environment DoxyCompactItemize undefined.

See the LaTeX manual or LaTeX Companion for explanation.
Type  H <return>  for immediate help.
 ...                                              
                                                  
l.14 \begin{DoxyCompactItemize}
                               
Your command was ignored.
Type  I <command> <return>  to replace it with another command,
or  <return>  to continue without it.


./struct_shm_engine_1_1_shared_block.tex:16: LaTeX Error: Lonely \item--perhaps a missing list environment.

See the LaTeX manual or LaTeX Companion for explanation.
Type  H <return>  for immediate help.
 ...                                              
                                                  
l.16 v
      olatile int \mbox{\hyperlink{struct_shm_engine_1_1_shared_block_af9e60...
Try typing  <return>  to proceed.
If that doesn't work, type  X <return>  to quit.

Missing character: There is no v in font nullfont!
Missing character: There is no o in font nullfont!
Missing character: There is no l in font nullfont!
Missing character: There is no a in font nullfont!
Missing character: There is no t in font nullfont!
Missing character: There is no i in font nullfont!
Missing character: There is no l in font nullfont!
Missing character: There is no e in font nullfont!
Missing character: There is no i in font nullfont!
Missing character: There is no n in font nullfont!
Missing character: There is no t in font nullfont!
./struct_shm_engine_1_1_shared_block.tex:16: Undefined control sequence.
<argument> \hyperlink 
                      {struct_shm_engine_1_1_shared_block_af9e609fd40194f660...
l.16 ...94f6605fe49e643238e23}{client\+\_\+count}}
                                                  
The control sequence at the end of the top line
of your error message was never \def'ed. If you have
misspelled it (e.g., `\hobx'), type `I' and the correct
spelling (e.g., `I\hbox'). Otherwise just continue,
and I'll forget about whatever was undefined.

Missing character: There is no s in font nullfont!
Missing character: There is no t in font nullfont!
Missing character: There is no r in font nullfont!
Missing character: There is no u in font nullfont!
Missing character: There is no c in font nullfont!
Missing character: There is no t in font nullfont!
./struct_shm_engine_1_1_shared_block.tex:16: Missing $ inserted.
<inserted text> 
                $
l.16 ...94f6605fe49e643238e23}{client\+\_\+count}}
                                                  
I've inserted a begin-math/end-math symbol since I think
you left one out. Proceed, with fingers crossed.

./struct_shm_engine_1_1_shared_block.tex:16: Double subscript.
<argument> \hyperlink {struct_shm_engine_1_
                                           1_shared_block_af9e609fd40194f660...
l.16 ...94f6605fe49e643238e23}{client\+\_\+count}}
                                                  
I treat `x_1_2' essentially like `x_1{}_2'.

./struct_shm_engine_1_1_shared_block.tex:16: Double subscript.
<argument> \hyperlink {struct_shm_engine_1_1_
                                             shared_block_af9e609fd40194f660...
l.16 ...94f6605fe49e643238e23}{client\+\_\+count}}
                                                  
I treat `x_1_2' essentially like `x_1{}_2'.

./struct_shm_engine_1_1_shared_block.tex:16: Extra }, or forgotten $.
<argument> ...k_af9e609fd40194f6605fe49e643238e23}
                                                  {client\+\_\+count}
l.16 ...94f6605fe49e643238e23}{client\+\_\+count}}
                                                  
I've deleted a group-closing symbol because it seems to be
spurious, as in `$x}$'. But perhaps the } is legitimate and
you forgot something else, as in `\hbox{$x}'. In such cases
the way to recover is to insert both the forgotten and the
deleted material, e.g., by typing `I$}'.

./struct_shm_engine_1_1_shared_block.tex:16: Undefined control sequence.
<argument> ...fd40194f6605fe49e643238e23}{client\+
                                                  \_\+count}
l.16 ...94f6605fe49e643238e23}{client\+\_\+count}}
                                                  
The control sequence at the end of the top line
of your error message was never \def'ed. If you have
misspelled it (e.g., `\hobx'), type `I' and the correct
spelling (e.g., `I\hbox'). Otherwise just continue,
and I'll forget about whatever was undefined.

./struct_shm_engine_1_1_shared_block.tex:16: Undefined control sequence.
<argument> ...194f6605fe49e643238e23}{client\+\_\+
                                                  count}
l.16 ...94f6605fe49e643238e23}{client\+\_\+count}}
                                                  
The control sequence at the end of the top line
of your error message was never \def'ed. If you have
misspelled it (e.g., `\hobx'), type `I' and the correct
spelling (e.g., `I\hbox'). Otherwise just continue,
and I'll forget about whatever was undefined.

./struct_shm_engine_1_1_shared_block.tex:16: Extra }, or forgotten $.
\mbox  #1->\leavevmode \hbox {#1}
                                 
l.16 ...94f6605fe49e643238e23}{client\+\_\+count}}
                                                  
I've deleted a group-closing symbol because it seems to be
spurious, as in `$x}$'. But perhaps the } is legitimate and
you forgot something else, as in `\hbox{$x}'. In such cases
the way to recover is to insert both the forgotten and the
deleted material, e.g., by typing `I$}'.


./struct_shm_engine_1_1_shared_block.tex:17: LaTeX Error: Command \item invalid in math mode.

See the LaTeX manual or LaTeX Companion for explanation.
Type  H <return>  for immediate help.
 ...                                              
                                                  
l.17 \item
          
Try typing  <return>  to proceed.
If that doesn't work, type  X <return>  to quit.

./struct_shm_engine_1_1_shared_block.tex:18: Missing $ inserted.
<inserted text> 
                $
l.18 \mbox
          {\hyperlink{struct_ethernet_1_1_frame}{Ethernet\+::\+Frame}} \mbox...
I've inserted a begin-math/end-math symbol since I think
you left one out. Proceed, with fingers crossed.

./struct_shm_engine_1_1_shared_block.tex:18: Missing } inserted.
<inserted text> 
                }
l.18 \mbox
          {\hyperlink{struct_ethernet_1_1_frame}{Ethernet\+::\+Frame}} \mbox...
I've inserted something that you may have forgotten.
(See the <inserted text> above.)
With luck, this will get me unwedged. But if you
really didn't forget anything, try typing `2' now; then
my insertion and my current dilemma will both disappear.

./struct_shm_engine_1_1_shared_block.tex:18: Missing } inserted.
<inserted text> 
                }
l.18 \mbox
          {\hyperlink{struct_ethernet_1_1_frame}{Ethernet\+::\+Frame}} \mbox...
I've inserted something that you may have forgotten.
(See the <inserted text> above.)
With luck, this will get me unwedged. But if you
really didn't forget anything, try typing `2' now; then
my insertion and my current dilemma will both disappear.


Overfull \hbox (326.16011pt too wide) in paragraph at lines 16--18
[] 
 []


./struct_shm_engine_1_1_shared_block.tex:18: LaTeX Error: Lonely \item--perhaps a missing list environment.

See the LaTeX manual or LaTeX Companion for explanation.
Type  H <return>  for immediate help.
 ...                                              
                                                  
l.18 \mbox
          {\hyperlink{struct_ethernet_1_1_frame}{Ethernet\+::\+Frame}} \mbox...
Try typing  <return>  to proceed.
If that doesn't work, type  X <return>  to quit.

./struct_shm_engine_1_1_shared_block.tex:18: Undefined control sequence.
<argument> \hyperlink 
                      {struct_ethernet_1_1_frame}{Ethernet\+::\+Frame}
l.18 ..._ethernet_1_1_frame}{Ethernet\+::\+Frame}}
                                                   \mbox{\hyperlink{struct_s...
The control sequence at the end of the top line
of your error message was never \def'ed. If you have
misspelled it (e.g., `\hobx'), type `I' and the correct
spelling (e.g., `I\hbox'). Otherwise just continue,
and I'll forget about whatever was undefined.

Missing character: There is no s in font nullfont!
Missing character: There is no t in font nullfont!
Missing character: There is no r in font nullfont!
Missing character: There is no u in font nullfont!
Missing character: There is no c in font nullfont!
Missing character: There is no t in font nullfont!
./struct_shm_engine_1_1_shared_block.tex:18: Missing $ inserted.
<inserted text> 
                $
l.18 ..._ethernet_1_1_frame}{Ethernet\+::\+Frame}}
                                                   \mbox{\hyperlink{struct_s...
I've inserted a begin-math/end-math symbol since I think
you left one out. Proceed, with fingers crossed.

./struct_shm_engine_1_1_shared_block.tex:18: Double subscript.
<argument> \hyperlink {struct_ethernet_1_
                                         1_frame}{Ethernet\+::\+Frame}
l.18 ..._ethernet_1_1_frame}{Ethernet\+::\+Frame}}
                                                   \mbox{\hyperlink{struct_s...
I treat `x_1_2' essentially like `x_1{}_2'.

./struct_shm_engine_1_1_shared_block.tex:18: Double subscript.
<argument> \hyperlink {struct_ethernet_1_1_
                                           frame}{Ethernet\+::\+Frame}
l.18 ..._ethernet_1_1_frame}{Ethernet\+::\+Frame}}
                                                   \mbox{\hyperlink{struct_s...
I treat `x_1_2' essentially like `x_1{}_2'.

./struct_shm_engine_1_1_shared_block.tex:18: Extra }, or forgotten $.
<argument> \hyperlink {struct_ethernet_1_1_frame}
                                                 {Ethernet\+::\+Frame}
l.18 ..._ethernet_1_1_frame}{Ethernet\+::\+Frame}}
                                                   \mbox{\hyperlink{struct_s...
I've deleted a group-closing symbol because it seems to be
spurious, as in `$x}$'. But perhaps the } is legitimate and
you forgot something else, as in `\hbox{$x}'. In such cases
the way to recover is to insert both the forgotten and the
deleted material, e.g., by typing `I$}'.

./struct_shm_engine_1_1_shared_block.tex:18: Undefined control sequence.
<argument> ...truct_ethernet_1_1_frame}{Ethernet\+
                                                  ::\+Frame}
l.18 ..._ethernet_1_1_frame}{Ethernet\+::\+Frame}}
                                                   \mbox{\hyperlink{struct_s...
The control sequence at the end of the top line
of your error message was never \def'ed. If you have
misspelled it (e.g., `\hobx'), type `I' and the correct
spelling (e.g., `I\hbox'). Otherwise just continue,
and I'll forget about whatever was undefined.

./struct_shm_engine_1_1_shared_block.tex:18: Undefined control sequence.
<argument> ...t_ethernet_1_1_frame}{Ethernet\+::\+
                                                  Frame}
l.18 ..._ethernet_1_1_frame}{Ethernet\+::\+Frame}}
                                                   \mbox{\hyperlink{struct_s...
The control sequence at the end of the top line
of your error message was never \def'ed. If you have
misspelled it (e.g., `\hobx'), type `I' and the correct
spelling (e.g., `I\hbox'). Otherwise just continue,
and I'll forget about whatever was undefined.

./struct_shm_engine_1_1_shared_block.tex:18: Extra }, or forgotten $.
\mbox  #1->\leavevmode \hbox {#1}
                                 
l.18 ..._ethernet_1_1_frame}{Ethernet\+::\+Frame}}
                                                   \mbox{\hyperlink{struct_s...
I've deleted a group-closing symbol because it seems to be
spurious, as in `$x}$'. But perhaps the } is legitimate and
you forgot something else, as in `\hbox{$x}'. In such cases
the way to recover is to insert both the forgotten and the
deleted material, e.g., by typing `I$}'.

./struct_shm_engine_1_1_shared_block.tex:18: Undefined control sequence.
<argument> \hyperlink 
                      {struct_shm_engine_1_1_shared_block_a8f975d67876ab19cd...
l.18 ...ab19cdbc0fd161d5e3d59}{frame\+\_\+buffer}}
                                                  
The control sequence at the end of the top line
of your error message was never \def'ed. If you have
misspelled it (e.g., `\hobx'), type `I' and the correct
spelling (e.g., `I\hbox'). Otherwise just continue,
and I'll forget about whatever was undefined.

Missing character: There is no s in font nullfont!
Missing character: There is no t in font nullfont!
Missing character: There is no r in font nullfont!
Missing character: There is no u in font nullfont!
Missing character: There is no c in font nullfont!
Missing character: There is no t in font nullfont!
./struct_shm_engine_1_1_shared_block.tex:18: Missing $ inserted.
<inserted text> 
                $
l.18 ...ab19cdbc0fd161d5e3d59}{frame\+\_\+buffer}}
                                                  
I've inserted a begin-math/end-math symbol since I think
you left one out. Proceed, with fingers crossed.

./struct_shm_engine_1_1_shared_block.tex:18: Double subscript.
<argument> \hyperlink {struct_shm_engine_1_
                                           1_shared_block_a8f975d67876ab19cd...
l.18 ...ab19cdbc0fd161d5e3d59}{frame\+\_\+buffer}}
                                                  
I treat `x_1_2' essentially like `x_1{}_2'.

./struct_shm_engine_1_1_shared_block.tex:18: Double subscript.
<argument> \hyperlink {struct_shm_engine_1_1_
                                             shared_block_a8f975d67876ab19cd...
l.18 ...ab19cdbc0fd161d5e3d59}{frame\+\_\+buffer}}
                                                  
I treat `x_1_2' essentially like `x_1{}_2'.

./struct_shm_engine_1_1_shared_block.tex:18: Extra }, or forgotten $.
<argument> ...k_a8f975d67876ab19cdbc0fd161d5e3d59}
                                                  {frame\+\_\+buffer}
l.18 ...ab19cdbc0fd161d5e3d59}{frame\+\_\+buffer}}
                                                  
I've deleted a group-closing symbol because it seems to be
spurious, as in `$x}$'. But perhaps the } is legitimate and
you forgot something else, as in `\hbox{$x}'. In such cases
the way to recover is to insert both the forgotten and the
deleted material, e.g., by typing `I$}'.

./struct_shm_engine_1_1_shared_block.tex:18: Undefined control sequence.
<argument> ...d67876ab19cdbc0fd161d5e3d59}{frame\+
                                                  \_\+buffer}
l.18 ...ab19cdbc0fd161d5e3d59}{frame\+\_\+buffer}}
                                                  
The control sequence at the end of the top line
of your error message was never \def'ed. If you have
misspelled it (e.g., `\hobx'), type `I' and the correct
spelling (e.g., `I\hbox'). Otherwise just continue,
and I'll forget about whatever was undefined.

./struct_shm_engine_1_1_shared_block.tex:18: Undefined control sequence.
<argument> ...76ab19cdbc0fd161d5e3d59}{frame\+\_\+
                                                  buffer}
l.18 ...ab19cdbc0fd161d5e3d59}{frame\+\_\+buffer}}
                                                  
The control sequence at the end of the top line
of your error message was never \def'ed. If you have
misspelled it (e.g., `\hobx'), type `I' and the correct
spelling (e.g., `I\hbox'). Otherwise just continue,
and I'll forget about whatever was undefined.

./struct_shm_engine_1_1_shared_block.tex:18: Extra }, or forgotten $.
\mbox  #1->\leavevmode \hbox {#1}
                                 
l.18 ...ab19cdbc0fd161d5e3d59}{frame\+\_\+buffer}}
                                                  
I've deleted a group-closing symbol because it seems to be
spurious, as in `$x}$'. But perhaps the } is legitimate and
you forgot something else, as in `\hbox{$x}'. In such cases
the way to recover is to insert both the forgotten and the
deleted material, e.g., by typing `I$}'.


./struct_shm_engine_1_1_shared_block.tex:19: LaTeX Error: \begin{document} ended by \end{DoxyCompactItemize}.

See the LaTeX manual or LaTeX Companion for explanation.
Type  H <return>  for immediate help.
 ...                                              
                                                  
l.19 \end{DoxyCompactItemize}
                             
Your command was ignored.
Type  I <command> <return>  to replace it with another command,
or  <return>  to continue without it.

./struct_shm_engine_1_1_shared_block.tex:19: Missing $ inserted.
<inserted text> 
                $
l.19 \end{DoxyCompactItemize}
                             
I've inserted something that you may have forgotten.
(See the <inserted text> above.)
With luck, this will get me unwedged. But if you
really didn't forget anything, try typing `2' now; then
my insertion and my current dilemma will both disappear.

./struct_shm_engine_1_1_shared_block.tex:19: Missing } inserted.
<inserted text> 
                }
l.19 \end{DoxyCompactItemize}
                             
I've inserted something that you may have forgotten.
(See the <inserted text> above.)
With luck, this will get me unwedged. But if you
really didn't forget anything, try typing `2' now; then
my insertion and my current dilemma will both disappear.

./struct_shm_engine_1_1_shared_block.tex:19: Missing } inserted.
<inserted text> 
                }
l.19 \end{DoxyCompactItemize}
                             
I've inserted something that you may have forgotten.
(See the <inserted text> above.)
With luck, this will get me unwedged. But if you
really didn't forget anything, try typing `2' now; then
my insertion and my current dilemma will both disappear.

./struct_shm_engine_1_1_shared_block.tex:19: Missing $ inserted.
<inserted text> 
                $
l.19 \end{DoxyCompactItemize}
                             
I've inserted something that you may have forgotten.
(See the <inserted text> above.)
With luck, this will get me unwedged. But if you
really didn't forget anything, try typing `2' now; then
my insertion and my current dilemma will both disappear.

./struct_shm_engine_1_1_shared_block.tex:19: Missing } inserted.
<inserted text> 
                }
l.19 \end{DoxyCompactItemize}
                             
I've inserted something that you may have forgotten.
(See the <inserted text> above.)
With luck, this will get me unwedged. But if you
really didn't forget anything, try typing `2' now; then
my insertion and my current dilemma will both disappear.

./struct_shm_engine_1_1_shared_block.tex:19: Missing } inserted.
<inserted text> 
                }
l.19 \end{DoxyCompactItemize}
                             
I've inserted something that you may have forgotten.
(See the <inserted text> above.)
With luck, this will get me unwedged. But if you
really didn't forget anything, try typing `2' now; then
my insertion and my current dilemma will both disappear.


Overfull \hbox (493.28365pt too wide) in paragraph at lines 18--20
[] 
 []

./struct_shm_engine_1_1_shared_block.tex:23: Undefined control sequence.
l.23 \Hypertarget
                 {struct_shm_engine_1_1_shared_block_doc-variable-members}
The control sequence at the end of the top line
of your error message was never \def'ed. If you have
misspelled it (e.g., `\hobx'), type `I' and the correct
spelling (e.g., `I\hbox'). Otherwise just continue,
and I'll forget about whatever was undefined.

Missing character: There is no s in font nullfont!
Missing character: There is no t in font nullfont!
Missing character: There is no r in font nullfont!
Missing character: There is no u in font nullfont!
Missing character: There is no c in font nullfont!
Missing character: There is no t in font nullfont!
./struct_shm_engine_1_1_shared_block.tex:23: Missing $ inserted.
<inserted text> 
                $
l.23 \Hypertarget{struct_
                         shm_engine_1_1_shared_block_doc-variable-members}
I've inserted a begin-math/end-math symbol since I think
you left one out. Proceed, with fingers crossed.

./struct_shm_engine_1_1_shared_block.tex:23: Double subscript.
l.23 \Hypertarget{struct_shm_engine_1_
                                      1_shared_block_doc-variable-members}
I treat `x_1_2' essentially like `x_1{}_2'.

./struct_shm_engine_1_1_shared_block.tex:23: Double subscript.
l.23 \Hypertarget{struct_shm_engine_1_1_
                                        shared_block_doc-variable-members}
I treat `x_1_2' essentially like `x_1{}_2'.

./struct_shm_engine_1_1_shared_block.tex:23: Extra }, or forgotten $.
l.23 ...ine_1_1_shared_block_doc-variable-members}
                                                  
I've deleted a group-closing symbol because it seems to be
spurious, as in `$x}$'. But perhaps the } is legitimate and
you forgot something else, as in `\hbox{$x}'. In such cases
the way to recover is to insert both the forgotten and the
deleted material, e.g., by typing `I$}'.

./struct_shm_engine_1_1_shared_block.tex:24: Undefined control sequence.
l.24 \doxysubsection
                    {Member Data Documentation}
The control sequence at the end of the top line
of your error message was never \def'ed. If you have
misspelled it (e.g., `\hobx'), type `I' and the correct
spelling (e.g., `I\hbox'). Otherwise just continue,
and I'll forget about whatever was undefined.

./struct_shm_engine_1_1_shared_block.tex:25: Undefined control sequence.
l.25 \Hypertarget
                 {struct_shm_engine_1_1_shared_block_af9e609fd40194f6605fe49...
The control sequence at the end of the top line
of your error message was never \def'ed. If you have
misspelled it (e.g., `\hobx'), type `I' and the correct
spelling (e.g., `I\hbox'). Otherwise just continue,
and I'll forget about whatever was undefined.

./struct_shm_engine_1_1_shared_block.tex:25: Double subscript.
l.25 \Hypertarget{struct_shm_engine_1_
                                      1_shared_block_af9e609fd40194f6605fe49...
I treat `x_1_2' essentially like `x_1{}_2'.

./struct_shm_engine_1_1_shared_block.tex:25: Double subscript.
l.25 \Hypertarget{struct_shm_engine_1_1_
                                        shared_block_af9e609fd40194f6605fe49...
I treat `x_1_2' essentially like `x_1{}_2'.

./struct_shm_engine_1_1_shared_block.tex:27: Undefined control sequence.
l.27 \doxysubsubsection
                       {\texorpdfstring{client\_count}{client\_count}}
The control sequence at the end of the top line
of your error message was never \def'ed. If you have
misspelled it (e.g., `\hobx'), type `I' and the correct
spelling (e.g., `I\hbox'). Otherwise just continue,
and I'll forget about whatever was undefined.

./struct_shm_engine_1_1_shared_block.tex:27: Undefined control sequence.
l.27 \doxysubsubsection{\texorpdfstring
                                       {client\_count}{client\_count}}
The control sequence at the end of the top line
of your error message was never \def'ed. If you have
misspelled it (e.g., `\hobx'), type `I' and the correct
spelling (e.g., `I\hbox'). Otherwise just continue,
and I'll forget about whatever was undefined.

./struct_shm_engine_1_1_shared_block.tex:28: Undefined control sequence.
l.28 {\footnotesize
                   \ttfamily \label{struct_shm_engine_1_1_shared_block_af9e6...
The control sequence at the end of the top line
of your error message was never \def'ed. If you have
misspelled it (e.g., `\hobx'), type `I' and the correct
spelling (e.g., `I\hbox'). Otherwise just continue,
and I'll forget about whatever was undefined.


./struct_shm_engine_1_1_shared_block.tex:28: LaTeX Error: Command \ttfamily invalid in math mode.

See the LaTeX manual or LaTeX Companion for explanation.
Type  H <return>  for immediate help.
 ...                                              
                                                  
l.28 {\footnotesize\ttfamily
                             \label{struct_shm_engine_1_1_shared_block_af9e6...
Please use the math alphabet \mathtt instead of the \ttfamily command. 

./struct_shm_engine_1_1_shared_block.tex:29: Undefined control sequence.
l.29 volatile int Shm\+
                       Engine\+::\+Shared\+Block\+::client\+\_\+count}
The control sequence at the end of the top line
of your error message was never \def'ed. If you have
misspelled it (e.g., `\hobx'), type `I' and the correct
spelling (e.g., `I\hbox'). Otherwise just continue,
and I'll forget about whatever was undefined.

./struct_shm_engine_1_1_shared_block.tex:29: Undefined control sequence.
l.29 volatile int Shm\+Engine\+
                               ::\+Shared\+Block\+::client\+\_\+count}
The control sequence at the end of the top line
of your error message was never \def'ed. If you have
misspelled it (e.g., `\hobx'), type `I' and the correct
spelling (e.g., `I\hbox'). Otherwise just continue,
and I'll forget about whatever was undefined.

./struct_shm_engine_1_1_shared_block.tex:29: Undefined control sequence.
l.29 volatile int Shm\+Engine\+::\+
                                   Shared\+Block\+::client\+\_\+count}
The control sequence at the end of the top line
of your error message was never \def'ed. If you have
misspelled it (e.g., `\hobx'), type `I' and the correct
spelling (e.g., `I\hbox'). Otherwise just continue,
and I'll forget about whatever was undefined.

./struct_shm_engine_1_1_shared_block.tex:29: Undefined control sequence.
l.29 volatile int Shm\+Engine\+::\+Shared\+
                                           Block\+::client\+\_\+count}
The control sequence at the end of the top line
of your error message was never \def'ed. If you have
misspelled it (e.g., `\hobx'), type `I' and the correct
spelling (e.g., `I\hbox'). Otherwise just continue,
and I'll forget about whatever was undefined.

./struct_shm_engine_1_1_shared_block.tex:29: Undefined control sequence.
l.29 volatile int Shm\+Engine\+::\+Shared\+Block\+
                                                  ::client\+\_\+count}
The control sequence at the end of the top line
of your error message was never \def'ed. If you have
misspelled it (e.g., `\hobx'), type `I' and the correct
spelling (e.g., `I\hbox'). Otherwise just continue,
and I'll forget about whatever was undefined.

./struct_shm_engine_1_1_shared_block.tex:29: Undefined control sequence.
l.29 ...Shm\+Engine\+::\+Shared\+Block\+::client\+
                                                  \_\+count}
The control sequence at the end of the top line
of your error message was never \def'ed. If you have
misspelled it (e.g., `\hobx'), type `I' and the correct
spelling (e.g., `I\hbox'). Otherwise just continue,
and I'll forget about whatever was undefined.

./struct_shm_engine_1_1_shared_block.tex:29: Undefined control sequence.
l.29 ...+Engine\+::\+Shared\+Block\+::client\+\_\+
                                                  count}
The control sequence at the end of the top line
of your error message was never \def'ed. If you have
misspelled it (e.g., `\hobx'), type `I' and the correct
spelling (e.g., `I\hbox'). Otherwise just continue,
and I'll forget about whatever was undefined.

./struct_shm_engine_1_1_shared_block.tex:30: Missing $ inserted.
<inserted text> 
                $
l.30 
     
I've inserted a begin-math/end-math symbol since I think
you left one out. Proceed, with fingers crossed.


Overfull \hbox (150.48279pt too wide) in paragraph at lines 23--30
[]$[]\OML/cmm/m/it/10 hm[]ngine[][][]hared[]lock[]oc \OMS/cmsy/m/n/10 ^^@
 []


Overfull \hbox (43.91858pt too wide) in paragraph at lines 23--30
\OML/cmm/m/it/10 variable \OMS/cmsy/m/n/10 ^^@
 []


Overfull \hbox (808.7129pt too wide) in paragraph at lines 23--30
\OML/cmm/m/it/10 members[][][][]$ 
 []

./struct_shm_engine_1_1_shared_block.tex:31: Undefined control sequence.
l.31 \Hypertarget
                 {struct_shm_engine_1_1_shared_block_a8f975d67876ab19cdbc0fd...
The control sequence at the end of the top line
of your error message was never \def'ed. If you have
misspelled it (e.g., `\hobx'), type `I' and the correct
spelling (e.g., `I\hbox'). Otherwise just continue,
and I'll forget about whatever was undefined.

Missing character: There is no s in font nullfont!
Missing character: There is no t in font nullfont!
Missing character: There is no r in font nullfont!
Missing character: There is no u in font nullfont!
Missing character: There is no c in font nullfont!
Missing character: There is no t in font nullfont!
./struct_shm_engine_1_1_shared_block.tex:31: Missing $ inserted.
<inserted text> 
                $
l.31 \Hypertarget{struct_
                         shm_engine_1_1_shared_block_a8f975d67876ab19cdbc0fd...
I've inserted a begin-math/end-math symbol since I think
you left one out. Proceed, with fingers crossed.

./struct_shm_engine_1_1_shared_block.tex:31: Double subscript.
l.31 \Hypertarget{struct_shm_engine_1_
                                      1_shared_block_a8f975d67876ab19cdbc0fd...
I treat `x_1_2' essentially like `x_1{}_2'.

./struct_shm_engine_1_1_shared_block.tex:31: Double subscript.
l.31 \Hypertarget{struct_shm_engine_1_1_
                                        shared_block_a8f975d67876ab19cdbc0fd...
I treat `x_1_2' essentially like `x_1{}_2'.

./struct_shm_engine_1_1_shared_block.tex:31: Extra }, or forgotten $.
l.31 ...d_block_a8f975d67876ab19cdbc0fd161d5e3d59}
                                                  \index{ShmEngine::SharedBl...
I've deleted a group-closing symbol because it seems to be
spurious, as in `$x}$'. But perhaps the } is legitimate and
you forgot something else, as in `\hbox{$x}'. In such cases
the way to recover is to insert both the forgotten and the
deleted material, e.g., by typing `I$}'.

./struct_shm_engine_1_1_shared_block.tex:33: Undefined control sequence.
l.33 \doxysubsubsection
                       {\texorpdfstring{frame\_buffer}{frame\_buffer}}
The control sequence at the end of the top line
of your error message was never \def'ed. If you have
misspelled it (e.g., `\hobx'), type `I' and the correct
spelling (e.g., `I\hbox'). Otherwise just continue,
and I'll forget about whatever was undefined.

./struct_shm_engine_1_1_shared_block.tex:33: Undefined control sequence.
l.33 \doxysubsubsection{\texorpdfstring
                                       {frame\_buffer}{frame\_buffer}}
The control sequence at the end of the top line
of your error message was never \def'ed. If you have
misspelled it (e.g., `\hobx'), type `I' and the correct
spelling (e.g., `I\hbox'). Otherwise just continue,
and I'll forget about whatever was undefined.

./struct_shm_engine_1_1_shared_block.tex:34: Undefined control sequence.
l.34 {\footnotesize
                   \ttfamily \label{struct_shm_engine_1_1_shared_block_a8f97...
The control sequence at the end of the top line
of your error message was never \def'ed. If you have
misspelled it (e.g., `\hobx'), type `I' and the correct
spelling (e.g., `I\hbox'). Otherwise just continue,
and I'll forget about whatever was undefined.


./struct_shm_engine_1_1_shared_block.tex:34: LaTeX Error: Command \ttfamily invalid in math mode.

See the LaTeX manual or LaTeX Companion for explanation.
Type  H <return>  for immediate help.
 ...                                              
                                                  
l.34 {\footnotesize\ttfamily
                             \label{struct_shm_engine_1_1_shared_block_a8f97...
Please use the math alphabet \mathtt instead of the \ttfamily command. 

./struct_shm_engine_1_1_shared_block.tex:35: Undefined control sequence.
<argument> \hyperlink 
                      {struct_ethernet_1_1_frame}{Ethernet\+::\+Frame}
l.35 ..._ethernet_1_1_frame}{Ethernet\+::\+Frame}}
                                                   Shm\+Engine\+::\+Shared\+...
The control sequence at the end of the top line
of your error message was never \def'ed. If you have
misspelled it (e.g., `\hobx'), type `I' and the correct
spelling (e.g., `I\hbox'). Otherwise just continue,
and I'll forget about whatever was undefined.

./struct_shm_engine_1_1_shared_block.tex:35: Missing $ inserted.
<inserted text> 
                $
l.35 ..._ethernet_1_1_frame}{Ethernet\+::\+Frame}}
                                                   Shm\+Engine\+::\+Shared\+...
I've inserted a begin-math/end-math symbol since I think
you left one out. Proceed, with fingers crossed.

./struct_shm_engine_1_1_shared_block.tex:35: Double subscript.
<argument> \hyperlink {struct_ethernet_1_
                                         1_frame}{Ethernet\+::\+Frame}
l.35 ..._ethernet_1_1_frame}{Ethernet\+::\+Frame}}
                                                   Shm\+Engine\+::\+Shared\+...
I treat `x_1_2' essentially like `x_1{}_2'.

./struct_shm_engine_1_1_shared_block.tex:35: Double subscript.
<argument> \hyperlink {struct_ethernet_1_1_
                                           frame}{Ethernet\+::\+Frame}
l.35 ..._ethernet_1_1_frame}{Ethernet\+::\+Frame}}
                                                   Shm\+Engine\+::\+Shared\+...
I treat `x_1_2' essentially like `x_1{}_2'.

./struct_shm_engine_1_1_shared_block.tex:35: Extra }, or forgotten $.
<argument> \hyperlink {struct_ethernet_1_1_frame}
                                                 {Ethernet\+::\+Frame}
l.35 ..._ethernet_1_1_frame}{Ethernet\+::\+Frame}}
                                                   Shm\+Engine\+::\+Shared\+...
I've deleted a group-closing symbol because it seems to be
spurious, as in `$x}$'. But perhaps the } is legitimate and
you forgot something else, as in `\hbox{$x}'. In such cases
the way to recover is to insert both the forgotten and the
deleted material, e.g., by typing `I$}'.

./struct_shm_engine_1_1_shared_block.tex:35: Undefined control sequence.
<argument> ...truct_ethernet_1_1_frame}{Ethernet\+
                                                  ::\+Frame}
l.35 ..._ethernet_1_1_frame}{Ethernet\+::\+Frame}}
                                                   Shm\+Engine\+::\+Shared\+...
The control sequence at the end of the top line
of your error message was never \def'ed. If you have
misspelled it (e.g., `\hobx'), type `I' and the correct
spelling (e.g., `I\hbox'). Otherwise just continue,
and I'll forget about whatever was undefined.

./struct_shm_engine_1_1_shared_block.tex:35: Undefined control sequence.
<argument> ...t_ethernet_1_1_frame}{Ethernet\+::\+
                                                  Frame}
l.35 ..._ethernet_1_1_frame}{Ethernet\+::\+Frame}}
                                                   Shm\+Engine\+::\+Shared\+...
The control sequence at the end of the top line
of your error message was never \def'ed. If you have
misspelled it (e.g., `\hobx'), type `I' and the correct
spelling (e.g., `I\hbox'). Otherwise just continue,
and I'll forget about whatever was undefined.

./struct_shm_engine_1_1_shared_block.tex:35: Extra }, or forgotten $.
\mbox  #1->\leavevmode \hbox {#1}
                                 
l.35 ..._ethernet_1_1_frame}{Ethernet\+::\+Frame}}
                                                   Shm\+Engine\+::\+Shared\+...
I've deleted a group-closing symbol because it seems to be
spurious, as in `$x}$'. But perhaps the } is legitimate and
you forgot something else, as in `\hbox{$x}'. In such cases
the way to recover is to insert both the forgotten and the
deleted material, e.g., by typing `I$}'.

./struct_shm_engine_1_1_shared_block.tex:35: Undefined control sequence.
l.35 ...net_1_1_frame}{Ethernet\+::\+Frame}} Shm\+
                                                  Engine\+::\+Shared\+Block\...
The control sequence at the end of the top line
of your error message was never \def'ed. If you have
misspelled it (e.g., `\hobx'), type `I' and the correct
spelling (e.g., `I\hbox'). Otherwise just continue,
and I'll forget about whatever was undefined.

./struct_shm_engine_1_1_shared_block.tex:35: Undefined control sequence.
l.35 ...frame}{Ethernet\+::\+Frame}} Shm\+Engine\+
                                                  ::\+Shared\+Block\+::frame...
The control sequence at the end of the top line
of your error message was never \def'ed. If you have
misspelled it (e.g., `\hobx'), type `I' and the correct
spelling (e.g., `I\hbox'). Otherwise just continue,
and I'll forget about whatever was undefined.

./struct_shm_engine_1_1_shared_block.tex:35: Undefined control sequence.
l.35 ...e}{Ethernet\+::\+Frame}} Shm\+Engine\+::\+
                                                  Shared\+Block\+::frame\+\_...
The control sequence at the end of the top line
of your error message was never \def'ed. If you have
misspelled it (e.g., `\hobx'), type `I' and the correct
spelling (e.g., `I\hbox'). Otherwise just continue,
and I'll forget about whatever was undefined.

./struct_shm_engine_1_1_shared_block.tex:35: Undefined control sequence.
l.35 ...net\+::\+Frame}} Shm\+Engine\+::\+Shared\+
                                                  Block\+::frame\+\_\+buffer}
The control sequence at the end of the top line
of your error message was never \def'ed. If you have
misspelled it (e.g., `\hobx'), type `I' and the correct
spelling (e.g., `I\hbox'). Otherwise just continue,
and I'll forget about whatever was undefined.

./struct_shm_engine_1_1_shared_block.tex:35: Undefined control sequence.
l.35 ...\+Frame}} Shm\+Engine\+::\+Shared\+Block\+
                                                  ::frame\+\_\+buffer}
The control sequence at the end of the top line
of your error message was never \def'ed. If you have
misspelled it (e.g., `\hobx'), type `I' and the correct
spelling (e.g., `I\hbox'). Otherwise just continue,
and I'll forget about whatever was undefined.

./struct_shm_engine_1_1_shared_block.tex:35: Undefined control sequence.
l.35 ... Shm\+Engine\+::\+Shared\+Block\+::frame\+
                                                  \_\+buffer}
The control sequence at the end of the top line
of your error message was never \def'ed. If you have
misspelled it (e.g., `\hobx'), type `I' and the correct
spelling (e.g., `I\hbox'). Otherwise just continue,
and I'll forget about whatever was undefined.

./struct_shm_engine_1_1_shared_block.tex:35: Undefined control sequence.
l.35 ...\+Engine\+::\+Shared\+Block\+::frame\+\_\+
                                                  buffer}
The control sequence at the end of the top line
of your error message was never \def'ed. If you have
misspelled it (e.g., `\hobx'), type `I' and the correct
spelling (e.g., `I\hbox'). Otherwise just continue,
and I'll forget about whatever was undefined.

./struct_shm_engine_1_1_shared_block.tex:35: Extra }, or forgotten $.
l.35 ...e\+::\+Shared\+Block\+::frame\+\_\+buffer}
                                                  
I've deleted a group-closing symbol because it seems to be
spurious, as in `$x}$'. But perhaps the } is legitimate and
you forgot something else, as in `\hbox{$x}'. In such cases
the way to recover is to insert both the forgotten and the
deleted material, e.g., by typing `I$}'.

./struct_shm_engine_1_1_shared_block.tex:36: Missing $ inserted.
<inserted text> 
                $
l.36 
     
I've inserted a begin-math/end-math symbol since I think
you left one out. Proceed, with fingers crossed.

./struct_shm_engine_1_1_shared_block.tex:39: Undefined control sequence.
l.39 ...ct was generated from the following file\+
                                                  :\begin{DoxyCompactItemize}
The control sequence at the end of the top line
of your error message was never \def'ed. If you have
misspelled it (e.g., `\hobx'), type `I' and the correct
spelling (e.g., `I\hbox'). Otherwise just continue,
and I'll forget about whatever was undefined.


./struct_shm_engine_1_1_shared_block.tex:39: LaTeX Error: Environment DoxyCompactItemize undefined.

See the LaTeX manual or LaTeX Companion for explanation.
Type  H <return>  for immediate help.
 ...                                              
                                                  
l.39 ...ollowing file\+:\begin{DoxyCompactItemize}
                                                  
Your command was ignored.
Type  I <command> <return>  to replace it with another command,
or  <return>  to continue without it.


./struct_shm_engine_1_1_shared_block.tex:41: LaTeX Error: Not allowed in LR mode.

See the LaTeX manual or LaTeX Companion for explanation.
Type  H <return>  for immediate help.
 ...                                              
                                                  
l.41 s
      ource/api/network/engines/\mbox{\hyperlink{smh__engine_8hpp}{smh\+\_\+...
You've lost some text.  Try typing  <return>  to proceed.
If that doesn't work, type  X <return>  to quit.


./struct_shm_engine_1_1_shared_block.tex:41: LaTeX Error: Not allowed in LR mode.

See the LaTeX manual or LaTeX Companion for explanation.
Type  H <return>  for immediate help.
 ...                                              
                                                  
l.41 s
      ource/api/network/engines/\mbox{\hyperlink{smh__engine_8hpp}{smh\+\_\+...
You've lost some text.  Try typing  <return>  to proceed.
If that doesn't work, type  X <return>  to quit.

./struct_shm_engine_1_1_shared_block.tex:41: Missing \endgroup inserted.
<inserted text> 
                \endgroup 
l.41 s
      ource/api/network/engines/\mbox{\hyperlink{smh__engine_8hpp}{smh\+\_\+...
I've inserted something that you may have forgotten.
(See the <inserted text> above.)
With luck, this will get me unwedged. But if you
really didn't forget anything, try typing `2' now; then
my insertion and my current dilemma will both disappear.

./struct_shm_engine_1_1_shared_block.tex:41: Missing } inserted.
<inserted text> 
                }
l.41 s
      ource/api/network/engines/\mbox{\hyperlink{smh__engine_8hpp}{smh\+\_\+...
I've inserted something that you may have forgotten.
(See the <inserted text> above.)
With luck, this will get me unwedged. But if you
really didn't forget anything, try typing `2' now; then
my insertion and my current dilemma will both disappear.

./struct_shm_engine_1_1_shared_block.tex:41: Missing } inserted.
<inserted text> 
                }
l.41 s
      ource/api/network/engines/\mbox{\hyperlink{smh__engine_8hpp}{smh\+\_\+...
I've inserted something that you may have forgotten.
(See the <inserted text> above.)
With luck, this will get me unwedged. But if you
really didn't forget anything, try typing `2' now; then
my insertion and my current dilemma will both disappear.

./struct_shm_engine_1_1_shared_block.tex:41: Missing $ inserted.
<inserted text> 
                $
l.41 s
      ource/api/network/engines/\mbox{\hyperlink{smh__engine_8hpp}{smh\+\_\+...
I've inserted a begin-math/end-math symbol since I think
you left one out. Proceed, with fingers crossed.

./struct_shm_engine_1_1_shared_block.tex:41: Missing } inserted.
<inserted text> 
                }
l.41 s
      ource/api/network/engines/\mbox{\hyperlink{smh__engine_8hpp}{smh\+\_\+...
I've inserted something that you may have forgotten.
(See the <inserted text> above.)
With luck, this will get me unwedged. But if you
really didn't forget anything, try typing `2' now; then
my insertion and my current dilemma will both disappear.


Overfull \hbox (1183.37482pt too wide) in paragraph at lines 31--41
[]$[]\OML/cmm/m/it/10 hm[]ngine[][][]hared[]lock[]\OT1/cmr/m/n/10 8\OML/cmm/m/it/10 f\OT1/cmr/m/n/10 975\OML/cmm/m/it/10 d\OT1/cmr/m/n/10 67876\OML/cmm/m/it/10 ab\OT1/cmr/m/n/10 19\OML/cmm/m/it/10 cdbc\OT1/cmr/m/n/10 0\OML/cmm/m/it/10 fd\OT1/cmr/m/n/10 161\OML/cmm/m/it/10 d\OT1/cmr/m/n/10 5\OML/cmm/m/it/10 e\OT1/cmr/m/n/10 3\OML/cmm/m/it/10 d\OT1/cmr/m/n/10 59[][]$ 
 []


./struct_shm_engine_1_1_shared_block.tex:41: LaTeX Error: Lonely \item--perhaps a missing list environment.

See the LaTeX manual or LaTeX Companion for explanation.
Type  H <return>  for immediate help.
 ...                                              
                                                  
l.41 s
      ource/api/network/engines/\mbox{\hyperlink{smh__engine_8hpp}{smh\+\_\+...
Try typing  <return>  to proceed.
If that doesn't work, type  X <return>  to quit.

Missing character: There is no s in font nullfont!
Missing character: There is no o in font nullfont!
Missing character: There is no u in font nullfont!
Missing character: There is no r in font nullfont!
Missing character: There is no c in font nullfont!
Missing character: There is no e in font nullfont!
Missing character: There is no / in font nullfont!
Missing character: There is no a in font nullfont!
Missing character: There is no p in font nullfont!
Missing character: There is no i in font nullfont!
Missing character: There is no / in font nullfont!
Missing character: There is no n in font nullfont!
Missing character: There is no e in font nullfont!
Missing character: There is no t in font nullfont!
Missing character: There is no w in font nullfont!
Missing character: There is no o in font nullfont!
Missing character: There is no r in font nullfont!
Missing character: There is no k in font nullfont!
Missing character: There is no / in font nullfont!
Missing character: There is no e in font nullfont!
Missing character: There is no n in font nullfont!
Missing character: There is no g in font nullfont!
Missing character: There is no i in font nullfont!
Missing character: There is no n in font nullfont!
Missing character: There is no e in font nullfont!
Missing character: There is no s in font nullfont!
Missing character: There is no / in font nullfont!
./struct_shm_engine_1_1_shared_block.tex:41: Undefined control sequence.
<argument> \hyperlink 
                      {smh__engine_8hpp}{smh\+\_\+engine.\+hpp}
l.41 ...{smh__engine_8hpp}{smh\+\_\+engine.\+hpp}}
                                                  \end{DoxyCompactItemize}
The control sequence at the end of the top line
of your error message was never \def'ed. If you have
misspelled it (e.g., `\hobx'), type `I' and the correct
spelling (e.g., `I\hbox'). Otherwise just continue,
and I'll forget about whatever was undefined.

Missing character: There is no s in font nullfont!
Missing character: There is no m in font nullfont!
Missing character: There is no h in font nullfont!
./struct_shm_engine_1_1_shared_block.tex:41: Missing $ inserted.
<inserted text> 
                $
l.41 ...{smh__engine_8hpp}{smh\+\_\+engine.\+hpp}}
                                                  \end{DoxyCompactItemize}
I've inserted a begin-math/end-math symbol since I think
you left one out. Proceed, with fingers crossed.

./struct_shm_engine_1_1_shared_block.tex:41: Missing { inserted.
<to be read again> 
                   _
l.41 ...{smh__engine_8hpp}{smh\+\_\+engine.\+hpp}}
                                                  \end{DoxyCompactItemize}
A left brace was mandatory here, so I've put one in.
You might want to delete and/or insert some corrections
so that I will find a matching right brace soon.
(If you're confused by all this, try typing `I}' now.)

./struct_shm_engine_1_1_shared_block.tex:41: Undefined control sequence.
<argument> \hyperlink {smh__engine_8hpp}{smh\+
                                              \_\+engine.\+hpp}
l.41 ...{smh__engine_8hpp}{smh\+\_\+engine.\+hpp}}
                                                  \end{DoxyCompactItemize}
The control sequence at the end of the top line
of your error message was never \def'ed. If you have
misspelled it (e.g., `\hobx'), type `I' and the correct
spelling (e.g., `I\hbox'). Otherwise just continue,
and I'll forget about whatever was undefined.

./struct_shm_engine_1_1_shared_block.tex:41: Undefined control sequence.
<argument> \hyperlink {smh__engine_8hpp}{smh\+\_\+
                                                  engine.\+hpp}
l.41 ...{smh__engine_8hpp}{smh\+\_\+engine.\+hpp}}
                                                  \end{DoxyCompactItemize}
The control sequence at the end of the top line
of your error message was never \def'ed. If you have
misspelled it (e.g., `\hobx'), type `I' and the correct
spelling (e.g., `I\hbox'). Otherwise just continue,
and I'll forget about whatever was undefined.

./struct_shm_engine_1_1_shared_block.tex:41: Undefined control sequence.
<argument> ...smh__engine_8hpp}{smh\+\_\+engine.\+
                                                  hpp}
l.41 ...{smh__engine_8hpp}{smh\+\_\+engine.\+hpp}}
                                                  \end{DoxyCompactItemize}
The control sequence at the end of the top line
of your error message was never \def'ed. If you have
misspelled it (e.g., `\hobx'), type `I' and the correct
spelling (e.g., `I\hbox'). Otherwise just continue,
and I'll forget about whatever was undefined.

./struct_shm_engine_1_1_shared_block.tex:41: Extra }, or forgotten $.
\mbox  #1->\leavevmode \hbox {#1}
                                 
l.41 ...{smh__engine_8hpp}{smh\+\_\+engine.\+hpp}}
                                                  \end{DoxyCompactItemize}
I've deleted a group-closing symbol because it seems to be
spurious, as in `$x}$'. But perhaps the } is legitimate and
you forgot something else, as in `\hbox{$x}'. In such cases
the way to recover is to insert both the forgotten and the
deleted material, e.g., by typing `I$}'.


./struct_shm_engine_1_1_shared_block.tex:41: LaTeX Error: \begin{document} ended by \end{DoxyCompactItemize}.

See the LaTeX manual or LaTeX Companion for explanation.
Type  H <return>  for immediate help.
 ...                                              
                                                  
l.41 ...\_\+engine.\+hpp}}\end{DoxyCompactItemize}
                                                  
Your command was ignored.
Type  I <command> <return>  to replace it with another command,
or  <return>  to continue without it.

./struct_shm_engine_1_1_shared_block.tex:41: Missing $ inserted.
<inserted text> 
                $
l.41 ...\_\+engine.\+hpp}}\end{DoxyCompactItemize}
                                                  
I've inserted something that you may have forgotten.
(See the <inserted text> above.)
With luck, this will get me unwedged. But if you
really didn't forget anything, try typing `2' now; then
my insertion and my current dilemma will both disappear.

./struct_shm_engine_1_1_shared_block.tex:41: Missing } inserted.
<inserted text> 
                }
l.41 ...\_\+engine.\+hpp}}\end{DoxyCompactItemize}
                                                  
I've inserted something that you may have forgotten.
(See the <inserted text> above.)
With luck, this will get me unwedged. But if you
really didn't forget anything, try typing `2' now; then
my insertion and my current dilemma will both disappear.

./struct_shm_engine_1_1_shared_block.tex:41: Missing } inserted.
<inserted text> 
                }
l.41 ...\_\+engine.\+hpp}}\end{DoxyCompactItemize}
                                                  
I've inserted something that you may have forgotten.
(See the <inserted text> above.)
With luck, this will get me unwedged. But if you
really didn't forget anything, try typing `2' now; then
my insertion and my current dilemma will both disappear.

./struct_shm_engine_1_1_shared_block.tex:41: Missing } inserted.
<inserted text> 
                }
l.41 ...\_\+engine.\+hpp}}\end{DoxyCompactItemize}
                                                  
I've inserted something that you may have forgotten.
(See the <inserted text> above.)
With luck, this will get me unwedged. But if you
really didn't forget anything, try typing `2' now; then
my insertion and my current dilemma will both disappear.

./struct_shm_engine_1_1_shared_block.tex:41: Missing } inserted.
<inserted text> 
                }
l.41 ...\_\+engine.\+hpp}}\end{DoxyCompactItemize}
                                                  
I've inserted something that you may have forgotten.
(See the <inserted text> above.)
With luck, this will get me unwedged. But if you
really didn't forget anything, try typing `2' now; then
my insertion and my current dilemma will both disappear.

./struct_shm_engine_1_1_shared_block.tex:41: Missing } inserted.
<inserted text> 
                }
l.41 ...\_\+engine.\+hpp}}\end{DoxyCompactItemize}
                                                  
I've inserted something that you may have forgotten.
(See the <inserted text> above.)
With luck, this will get me unwedged. But if you
really didn't forget anything, try typing `2' now; then
my insertion and my current dilemma will both disappear.

./struct_shm_engine_1_1_shared_block.tex:41: Extra \endgroup.
<recently read> \endgroup 
                          
l.41 ...\_\+engine.\+hpp}}\end{DoxyCompactItemize}
                                                  
Things are pretty mixed up, but I think the worst is over.

)
! Emergency stop.
<*> struct_shm_engine_1_1_shared_block.tex
                                          
*** (job aborted, no legal \end found)

 
Here is how much of TeX's memory you used:
 32 strings out of 469269
 783 string characters out of 5467112
 432984 words of memory out of 5000000
 28563 multiletter control sequences out of 15000+600000
 626993 words of font info for 41 fonts, out of 8000000 for 9000
 319 hyphenation exceptions out of 8191
 22i,8n,23p,246b,122s stack positions out of 10000i,1000n,20000p,200000b,200000s
!  ==> Fatal error occurred, no output PDF file produced!
