This is pdfTeX, Version 3.141592653-2.6-1.40.28 (TeX Live 2025) (preloaded format=pdflatex 2025.9.24)  27 SEP 2025 18:54
entering extended mode
 \write18 enabled.
 file:line:error style messages enabled.
 %&-line parsing enabled.
**struct_buffer_1_1_control_block.tex
(./struct_buffer_1_1_control_block.tex
LaTeX2e <2025-06-01> patch level 1
L3 programming layer <2025-09-02>
./struct_buffer_1_1_control_block.tex:1: Undefined control sequence.
l.1 \doxysection
                {Buffer\texorpdfstring{$<$}{<} T \texorpdfstring{$>$}{>}\+::...
The control sequence at the end of the top line
of your error message was never \def'ed. If you have
misspelled it (e.g., `\hobx'), type `I' and the correct
spelling (e.g., `I\hbox'). Otherwise just continue,
and I'll forget about whatever was undefined.


./struct_buffer_1_1_control_block.tex:1: LaTeX Error: Missing \begin{document}.

See the LaTeX manual or LaTeX Companion for explanation.
Type  H <return>  for immediate help.
 ...                                              
                                                  
l.1 \doxysection{B
                  uffer\texorpdfstring{$<$}{<} T \texorpdfstring{$>$}{>}\+::...
You're in trouble here.  Try typing  <return>  to proceed.
If that doesn't work, type  X <return>  to quit.

Missing character: There is no B in font nullfont!
Missing character: There is no u in font nullfont!
Missing character: There is no f in font nullfont!
Missing character: There is no f in font nullfont!
Missing character: There is no e in font nullfont!
Missing character: There is no r in font nullfont!
./struct_buffer_1_1_control_block.tex:1: Undefined control sequence.
l.1 \doxysection{Buffer\texorpdfstring
                                      {$<$}{<} T \texorpdfstring{$>$}{>}\+::...
The control sequence at the end of the top line
of your error message was never \def'ed. If you have
misspelled it (e.g., `\hobx'), type `I' and the correct
spelling (e.g., `I\hbox'). Otherwise just continue,
and I'll forget about whatever was undefined.

LaTeX Font Info:    External font `cmex10' loaded for size
(Font)              <7> on input line 1.
LaTeX Font Info:    External font `cmex10' loaded for size
(Font)              <5> on input line 1.
Missing character: There is no < in font nullfont!
Missing character: There is no T in font nullfont!
./struct_buffer_1_1_control_block.tex:1: Undefined control sequence.
l.1 ...er\texorpdfstring{$<$}{<} T \texorpdfstring
                                                  {$>$}{>}\+::Control\+Block...
The control sequence at the end of the top line
of your error message was never \def'ed. If you have
misspelled it (e.g., `\hobx'), type `I' and the correct
spelling (e.g., `I\hbox'). Otherwise just continue,
and I'll forget about whatever was undefined.

Missing character: There is no > in font nullfont!
./struct_buffer_1_1_control_block.tex:1: Undefined control sequence.
l.1 ...fstring{$<$}{<} T \texorpdfstring{$>$}{>}\+
                                                  ::Control\+Block Struct Re...
The control sequence at the end of the top line
of your error message was never \def'ed. If you have
misspelled it (e.g., `\hobx'), type `I' and the correct
spelling (e.g., `I\hbox'). Otherwise just continue,
and I'll forget about whatever was undefined.

Missing character: There is no : in font nullfont!
Missing character: There is no : in font nullfont!
Missing character: There is no C in font nullfont!
Missing character: There is no o in font nullfont!
Missing character: There is no n in font nullfont!
Missing character: There is no t in font nullfont!
Missing character: There is no r in font nullfont!
Missing character: There is no o in font nullfont!
Missing character: There is no l in font nullfont!
./struct_buffer_1_1_control_block.tex:1: Undefined control sequence.
l.1 ...}{<} T \texorpdfstring{$>$}{>}\+::Control\+
                                                  Block Struct Reference}
The control sequence at the end of the top line
of your error message was never \def'ed. If you have
misspelled it (e.g., `\hobx'), type `I' and the correct
spelling (e.g., `I\hbox'). Otherwise just continue,
and I'll forget about whatever was undefined.

Missing character: There is no B in font nullfont!
Missing character: There is no l in font nullfont!
Missing character: There is no o in font nullfont!
Missing character: There is no c in font nullfont!
Missing character: There is no k in font nullfont!
Missing character: There is no S in font nullfont!
Missing character: There is no t in font nullfont!
Missing character: There is no r in font nullfont!
Missing character: There is no u in font nullfont!
Missing character: There is no c in font nullfont!
Missing character: There is no t in font nullfont!
Missing character: There is no R in font nullfont!
Missing character: There is no e in font nullfont!
Missing character: There is no f in font nullfont!
Missing character: There is no e in font nullfont!
Missing character: There is no r in font nullfont!
Missing character: There is no e in font nullfont!
Missing character: There is no n in font nullfont!
Missing character: There is no c in font nullfont!
Missing character: There is no e in font nullfont!
./struct_buffer_1_1_control_block.tex:2: Undefined control sequence.
l.2 \hypertarget
                {struct_buffer_1_1_control_block}{}\label{struct_buffer_1_1_...
The control sequence at the end of the top line
of your error message was never \def'ed. If you have
misspelled it (e.g., `\hobx'), type `I' and the correct
spelling (e.g., `I\hbox'). Otherwise just continue,
and I'll forget about whatever was undefined.

Missing character: There is no s in font nullfont!
Missing character: There is no t in font nullfont!
Missing character: There is no r in font nullfont!
Missing character: There is no u in font nullfont!
Missing character: There is no c in font nullfont!
Missing character: There is no t in font nullfont!
./struct_buffer_1_1_control_block.tex:2: Missing $ inserted.
<inserted text> 
                $
l.2 \hypertarget{struct_
                        buffer_1_1_control_block}{}\label{struct_buffer_1_1_...
I've inserted a begin-math/end-math symbol since I think
you left one out. Proceed, with fingers crossed.

./struct_buffer_1_1_control_block.tex:2: Double subscript.
l.2 \hypertarget{struct_buffer_1_
                                 1_control_block}{}\label{struct_buffer_1_1_...
I treat `x_1_2' essentially like `x_1{}_2'.

./struct_buffer_1_1_control_block.tex:2: Double subscript.
l.2 \hypertarget{struct_buffer_1_1_
                                   control_block}{}\label{struct_buffer_1_1_...
I treat `x_1_2' essentially like `x_1{}_2'.

./struct_buffer_1_1_control_block.tex:2: Extra }, or forgotten $.
l.2 \hypertarget{struct_buffer_1_1_control_block}
                                                 {}\label{struct_buffer_1_1_...
I've deleted a group-closing symbol because it seems to be
spurious, as in `$x}$'. But perhaps the } is legitimate and
you forgot something else, as in `\hbox{$x}'. In such cases
the way to recover is to insert both the forgotten and the
deleted material, e.g., by typing `I$}'.

./struct_buffer_1_1_control_block.tex:3: Undefined control sequence.
l.3 \doxysubsubsection
                      *{Public Attributes}
The control sequence at the end of the top line
of your error message was never \def'ed. If you have
misspelled it (e.g., `\hobx'), type `I' and the correct
spelling (e.g., `I\hbox'). Otherwise just continue,
and I'll forget about whatever was undefined.


./struct_buffer_1_1_control_block.tex:4: LaTeX Error: Environment DoxyCompactItemize undefined.

See the LaTeX manual or LaTeX Companion for explanation.
Type  H <return>  for immediate help.
 ...                                              
                                                  
l.4 \begin{DoxyCompactItemize}
                              
Your command was ignored.
Type  I <command> <return>  to replace it with another command,
or  <return>  to continue without it.


./struct_buffer_1_1_control_block.tex:5: LaTeX Error: Command \item invalid in math mode.

See the LaTeX manual or LaTeX Companion for explanation.
Type  H <return>  for immediate help.
 ...                                              
                                                  
l.5 \item
         
Try typing  <return>  to proceed.
If that doesn't work, type  X <return>  to quit.

./struct_buffer_1_1_control_block.tex:6: Missing $ inserted.
<inserted text> 
                $
l.6 s
     td\+::atomic$<$ int $>$ \mbox{\hyperlink{struct_buffer_1_1_control_bloc...
I've inserted a begin-math/end-math symbol since I think
you left one out. Proceed, with fingers crossed.

./struct_buffer_1_1_control_block.tex:6: Missing \endgroup inserted.
<inserted text> 
                \endgroup 
l.6 s
     td\+::atomic$<$ int $>$ \mbox{\hyperlink{struct_buffer_1_1_control_bloc...
I've inserted something that you may have forgotten.
(See the <inserted text> above.)
With luck, this will get me unwedged. But if you
really didn't forget anything, try typing `2' now; then
my insertion and my current dilemma will both disappear.


Overfull \hbox (27.7778pt too wide) in paragraph at lines 1--6
[]$\OML/cmm/m/it/10 <$
 []


Overfull \hbox (7.7778pt too wide) in paragraph at lines 1--6
\OML/cmm/m/it/10 >$
 []


Overfull \hbox (97.87358pt too wide) in paragraph at lines 1--6
[]\OML/cmm/m/it/10 uffer[][][]ontrol[]lock[][] \OMS/cmsy/m/n/10 ^^C
 []


Overfull \hbox (74.70639pt too wide) in paragraph at lines 1--6
[]
 []


./struct_buffer_1_1_control_block.tex:6: LaTeX Error: Lonely \item--perhaps a missing list environment.

See the LaTeX manual or LaTeX Companion for explanation.
Type  H <return>  for immediate help.
 ...                                              
                                                  
l.6 s
     td\+::atomic$<$ int $>$ \mbox{\hyperlink{struct_buffer_1_1_control_bloc...
Try typing  <return>  to proceed.
If that doesn't work, type  X <return>  to quit.

Missing character: There is no s in font nullfont!
Missing character: There is no t in font nullfont!
Missing character: There is no d in font nullfont!
./struct_buffer_1_1_control_block.tex:6: Undefined control sequence.
l.6 std\+
         ::atomic$<$ int $>$ \mbox{\hyperlink{struct_buffer_1_1_control_bloc...
The control sequence at the end of the top line
of your error message was never \def'ed. If you have
misspelled it (e.g., `\hobx'), type `I' and the correct
spelling (e.g., `I\hbox'). Otherwise just continue,
and I'll forget about whatever was undefined.

Missing character: There is no : in font nullfont!
Missing character: There is no : in font nullfont!
Missing character: There is no a in font nullfont!
Missing character: There is no t in font nullfont!
Missing character: There is no o in font nullfont!
Missing character: There is no m in font nullfont!
Missing character: There is no i in font nullfont!
Missing character: There is no c in font nullfont!
Missing character: There is no i in font nullfont!
Missing character: There is no n in font nullfont!
Missing character: There is no t in font nullfont!
./struct_buffer_1_1_control_block.tex:6: Undefined control sequence.
<argument> \hyperlink 
                      {struct_buffer_1_1_control_block_a319dbb211aadf80eb944...
l.6 ...11aadf80eb944ab569bf69586}{ref\+\_\+count}}
                                                  
The control sequence at the end of the top line
of your error message was never \def'ed. If you have
misspelled it (e.g., `\hobx'), type `I' and the correct
spelling (e.g., `I\hbox'). Otherwise just continue,
and I'll forget about whatever was undefined.

Missing character: There is no s in font nullfont!
Missing character: There is no t in font nullfont!
Missing character: There is no r in font nullfont!
Missing character: There is no u in font nullfont!
Missing character: There is no c in font nullfont!
Missing character: There is no t in font nullfont!
./struct_buffer_1_1_control_block.tex:6: Missing $ inserted.
<inserted text> 
                $
l.6 ...11aadf80eb944ab569bf69586}{ref\+\_\+count}}
                                                  
I've inserted a begin-math/end-math symbol since I think
you left one out. Proceed, with fingers crossed.

./struct_buffer_1_1_control_block.tex:6: Double subscript.
<argument> \hyperlink {struct_buffer_1_
                                       1_control_block_a319dbb211aadf80eb944...
l.6 ...11aadf80eb944ab569bf69586}{ref\+\_\+count}}
                                                  
I treat `x_1_2' essentially like `x_1{}_2'.

./struct_buffer_1_1_control_block.tex:6: Double subscript.
<argument> \hyperlink {struct_buffer_1_1_
                                         control_block_a319dbb211aadf80eb944...
l.6 ...11aadf80eb944ab569bf69586}{ref\+\_\+count}}
                                                  
I treat `x_1_2' essentially like `x_1{}_2'.

./struct_buffer_1_1_control_block.tex:6: Extra }, or forgotten $.
<argument> ...k_a319dbb211aadf80eb944ab569bf69586}
                                                  {ref\+\_\+count}
l.6 ...11aadf80eb944ab569bf69586}{ref\+\_\+count}}
                                                  
I've deleted a group-closing symbol because it seems to be
spurious, as in `$x}$'. But perhaps the } is legitimate and
you forgot something else, as in `\hbox{$x}'. In such cases
the way to recover is to insert both the forgotten and the
deleted material, e.g., by typing `I$}'.

./struct_buffer_1_1_control_block.tex:6: Undefined control sequence.
<argument> ...dbb211aadf80eb944ab569bf69586}{ref\+
                                                  \_\+count}
l.6 ...11aadf80eb944ab569bf69586}{ref\+\_\+count}}
                                                  
The control sequence at the end of the top line
of your error message was never \def'ed. If you have
misspelled it (e.g., `\hobx'), type `I' and the correct
spelling (e.g., `I\hbox'). Otherwise just continue,
and I'll forget about whatever was undefined.

./struct_buffer_1_1_control_block.tex:6: Undefined control sequence.
<argument> ...11aadf80eb944ab569bf69586}{ref\+\_\+
                                                  count}
l.6 ...11aadf80eb944ab569bf69586}{ref\+\_\+count}}
                                                  
The control sequence at the end of the top line
of your error message was never \def'ed. If you have
misspelled it (e.g., `\hobx'), type `I' and the correct
spelling (e.g., `I\hbox'). Otherwise just continue,
and I'll forget about whatever was undefined.

./struct_buffer_1_1_control_block.tex:6: Extra }, or forgotten $.
\mbox  #1->\leavevmode \hbox {#1}
                                 
l.6 ...11aadf80eb944ab569bf69586}{ref\+\_\+count}}
                                                  
I've deleted a group-closing symbol because it seems to be
spurious, as in `$x}$'. But perhaps the } is legitimate and
you forgot something else, as in `\hbox{$x}'. In such cases
the way to recover is to insert both the forgotten and the
deleted material, e.g., by typing `I$}'.


./struct_buffer_1_1_control_block.tex:7: LaTeX Error: \begin{document} ended by \end{DoxyCompactItemize}.

See the LaTeX manual or LaTeX Companion for explanation.
Type  H <return>  for immediate help.
 ...                                              
                                                  
l.7 \end{DoxyCompactItemize}
                            
Your command was ignored.
Type  I <command> <return>  to replace it with another command,
or  <return>  to continue without it.

./struct_buffer_1_1_control_block.tex:7: Missing $ inserted.
<inserted text> 
                $
l.7 \end{DoxyCompactItemize}
                            
I've inserted something that you may have forgotten.
(See the <inserted text> above.)
With luck, this will get me unwedged. But if you
really didn't forget anything, try typing `2' now; then
my insertion and my current dilemma will both disappear.

./struct_buffer_1_1_control_block.tex:7: Missing } inserted.
<inserted text> 
                }
l.7 \end{DoxyCompactItemize}
                            
I've inserted something that you may have forgotten.
(See the <inserted text> above.)
With luck, this will get me unwedged. But if you
really didn't forget anything, try typing `2' now; then
my insertion and my current dilemma will both disappear.

./struct_buffer_1_1_control_block.tex:7: Missing } inserted.
<inserted text> 
                }
l.7 \end{DoxyCompactItemize}
                            
I've inserted something that you may have forgotten.
(See the <inserted text> above.)
With luck, this will get me unwedged. But if you
really didn't forget anything, try typing `2' now; then
my insertion and my current dilemma will both disappear.

./struct_buffer_1_1_control_block.tex:7: Missing } inserted.
<inserted text> 
                }
l.7 \end{DoxyCompactItemize}
                            
I've inserted something that you may have forgotten.
(See the <inserted text> above.)
With luck, this will get me unwedged. But if you
really didn't forget anything, try typing `2' now; then
my insertion and my current dilemma will both disappear.

./struct_buffer_1_1_control_block.tex:7: Extra \endgroup.
<recently read> \endgroup 
                          
l.7 \end{DoxyCompactItemize}
                            
Things are pretty mixed up, but I think the worst is over.


Overfull \hbox (7.7778pt too wide) in paragraph at lines 6--8
\OML/cmm/m/it/10 <$
 []


Overfull \hbox (7.7778pt too wide) in paragraph at lines 6--8
\OML/cmm/m/it/10 >$
 []


Overfull \hbox (294.98721pt too wide) in paragraph at lines 6--8
[] 
 []

./struct_buffer_1_1_control_block.tex:11: Undefined control sequence.
l.11 \Hypertarget
                 {struct_buffer_1_1_control_block_doc-variable-members}
The control sequence at the end of the top line
of your error message was never \def'ed. If you have
misspelled it (e.g., `\hobx'), type `I' and the correct
spelling (e.g., `I\hbox'). Otherwise just continue,
and I'll forget about whatever was undefined.


./struct_buffer_1_1_control_block.tex:11: LaTeX Error: Missing \begin{document}.

See the LaTeX manual or LaTeX Companion for explanation.
Type  H <return>  for immediate help.
 ...                                              
                                                  
l.11 \Hypertarget{s
                   truct_buffer_1_1_control_block_doc-variable-members}
You're in trouble here.  Try typing  <return>  to proceed.
If that doesn't work, type  X <return>  to quit.

Missing character: There is no s in font nullfont!
Missing character: There is no t in font nullfont!
Missing character: There is no r in font nullfont!
Missing character: There is no u in font nullfont!
Missing character: There is no c in font nullfont!
Missing character: There is no t in font nullfont!
./struct_buffer_1_1_control_block.tex:11: Missing $ inserted.
<inserted text> 
                $
l.11 \Hypertarget{struct_
                         buffer_1_1_control_block_doc-variable-members}
I've inserted a begin-math/end-math symbol since I think
you left one out. Proceed, with fingers crossed.

./struct_buffer_1_1_control_block.tex:11: Double subscript.
l.11 \Hypertarget{struct_buffer_1_
                                  1_control_block_doc-variable-members}
I treat `x_1_2' essentially like `x_1{}_2'.

./struct_buffer_1_1_control_block.tex:11: Double subscript.
l.11 \Hypertarget{struct_buffer_1_1_
                                    control_block_doc-variable-members}
I treat `x_1_2' essentially like `x_1{}_2'.

./struct_buffer_1_1_control_block.tex:11: Extra }, or forgotten $.
l.11 ...er_1_1_control_block_doc-variable-members}
                                                  
I've deleted a group-closing symbol because it seems to be
spurious, as in `$x}$'. But perhaps the } is legitimate and
you forgot something else, as in `\hbox{$x}'. In such cases
the way to recover is to insert both the forgotten and the
deleted material, e.g., by typing `I$}'.

./struct_buffer_1_1_control_block.tex:12: Undefined control sequence.
l.12 \doxysubsection
                    {Member Data Documentation}
The control sequence at the end of the top line
of your error message was never \def'ed. If you have
misspelled it (e.g., `\hobx'), type `I' and the correct
spelling (e.g., `I\hbox'). Otherwise just continue,
and I'll forget about whatever was undefined.

./struct_buffer_1_1_control_block.tex:13: Undefined control sequence.
l.13 \Hypertarget
                 {struct_buffer_1_1_control_block_a319dbb211aadf80eb944ab569...
The control sequence at the end of the top line
of your error message was never \def'ed. If you have
misspelled it (e.g., `\hobx'), type `I' and the correct
spelling (e.g., `I\hbox'). Otherwise just continue,
and I'll forget about whatever was undefined.

./struct_buffer_1_1_control_block.tex:13: Double subscript.
l.13 \Hypertarget{struct_buffer_1_
                                  1_control_block_a319dbb211aadf80eb944ab569...
I treat `x_1_2' essentially like `x_1{}_2'.

./struct_buffer_1_1_control_block.tex:13: Double subscript.
l.13 \Hypertarget{struct_buffer_1_1_
                                    control_block_a319dbb211aadf80eb944ab569...
I treat `x_1_2' essentially like `x_1{}_2'.

./struct_buffer_1_1_control_block.tex:15: Undefined control sequence.
l.15 \doxysubsubsection
                       {\texorpdfstring{ref\_count}{ref\_count}}
The control sequence at the end of the top line
of your error message was never \def'ed. If you have
misspelled it (e.g., `\hobx'), type `I' and the correct
spelling (e.g., `I\hbox'). Otherwise just continue,
and I'll forget about whatever was undefined.

./struct_buffer_1_1_control_block.tex:15: Undefined control sequence.
l.15 \doxysubsubsection{\texorpdfstring
                                       {ref\_count}{ref\_count}}
The control sequence at the end of the top line
of your error message was never \def'ed. If you have
misspelled it (e.g., `\hobx'), type `I' and the correct
spelling (e.g., `I\hbox'). Otherwise just continue,
and I'll forget about whatever was undefined.

./struct_buffer_1_1_control_block.tex:16: Undefined control sequence.
l.16 {\footnotesize
                   \ttfamily \label{struct_buffer_1_1_control_block_a319dbb2...
The control sequence at the end of the top line
of your error message was never \def'ed. If you have
misspelled it (e.g., `\hobx'), type `I' and the correct
spelling (e.g., `I\hbox'). Otherwise just continue,
and I'll forget about whatever was undefined.


./struct_buffer_1_1_control_block.tex:16: LaTeX Error: Command \ttfamily invalid in math mode.

See the LaTeX manual or LaTeX Companion for explanation.
Type  H <return>  for immediate help.
 ...                                              
                                                  
l.16 {\footnotesize\ttfamily
                             \label{struct_buffer_1_1_control_block_a319dbb2...
Please use the math alphabet \mathtt instead of the \ttfamily command. 

./struct_buffer_1_1_control_block.tex:17: Missing } inserted.
<inserted text> 
                }
l.17 template$
              <$typename T$>$ \\
I've inserted something that you may have forgotten.
(See the <inserted text> above.)
With luck, this will get me unwedged. But if you
really didn't forget anything, try typing `2' now; then
my insertion and my current dilemma will both disappear.

Missing character: There is no < in font nullfont!
Missing character: There is no > in font nullfont!
./struct_buffer_1_1_control_block.tex:18: Undefined control sequence.
l.18 std\+
          ::atomic$<$int$>$ \mbox{\hyperlink{class_buffer}{Buffer}}$<$ T $>$...
The control sequence at the end of the top line
of your error message was never \def'ed. If you have
misspelled it (e.g., `\hobx'), type `I' and the correct
spelling (e.g., `I\hbox'). Otherwise just continue,
and I'll forget about whatever was undefined.

Missing character: There is no < in font nullfont!
Missing character: There is no > in font nullfont!
./struct_buffer_1_1_control_block.tex:18: Undefined control sequence.
<argument> \hyperlink 
                      {class_buffer}{Buffer}
l.18 ...>$ \mbox{\hyperlink{class_buffer}{Buffer}}
                                                  $<$ T $>$\+::\+Control\+Bl...
The control sequence at the end of the top line
of your error message was never \def'ed. If you have
misspelled it (e.g., `\hobx'), type `I' and the correct
spelling (e.g., `I\hbox'). Otherwise just continue,
and I'll forget about whatever was undefined.

Missing character: There is no c in font nullfont!
Missing character: There is no l in font nullfont!
Missing character: There is no a in font nullfont!
Missing character: There is no s in font nullfont!
Missing character: There is no s in font nullfont!
./struct_buffer_1_1_control_block.tex:18: Missing $ inserted.
<inserted text> 
                $
l.18 ...>$ \mbox{\hyperlink{class_buffer}{Buffer}}
                                                  $<$ T $>$\+::\+Control\+Bl...
I've inserted a begin-math/end-math symbol since I think
you left one out. Proceed, with fingers crossed.

./struct_buffer_1_1_control_block.tex:18: Extra }, or forgotten $.
<argument> \hyperlink {class_buffer}
                                    {Buffer}
l.18 ...>$ \mbox{\hyperlink{class_buffer}{Buffer}}
                                                  $<$ T $>$\+::\+Control\+Bl...
I've deleted a group-closing symbol because it seems to be
spurious, as in `$x}$'. But perhaps the } is legitimate and
you forgot something else, as in `\hbox{$x}'. In such cases
the way to recover is to insert both the forgotten and the
deleted material, e.g., by typing `I$}'.

./struct_buffer_1_1_control_block.tex:18: Extra }, or forgotten $.
\mbox  #1->\leavevmode \hbox {#1}
                                 
l.18 ...>$ \mbox{\hyperlink{class_buffer}{Buffer}}
                                                  $<$ T $>$\+::\+Control\+Bl...
I've deleted a group-closing symbol because it seems to be
spurious, as in `$x}$'. But perhaps the } is legitimate and
you forgot something else, as in `\hbox{$x}'. In such cases
the way to recover is to insert both the forgotten and the
deleted material, e.g., by typing `I$}'.

Missing character: There is no < in font nullfont!
Missing character: There is no > in font nullfont!
./struct_buffer_1_1_control_block.tex:18: Undefined control sequence.
<recently read> \+
                  
l.18 ...yperlink{class_buffer}{Buffer}}$<$ T $>$\+
                                                  ::\+Control\+Block\+::ref\...
The control sequence at the end of the top line
of your error message was never \def'ed. If you have
misspelled it (e.g., `\hobx'), type `I' and the correct
spelling (e.g., `I\hbox'). Otherwise just continue,
and I'll forget about whatever was undefined.

./struct_buffer_1_1_control_block.tex:18: Undefined control sequence.
l.18 ...link{class_buffer}{Buffer}}$<$ T $>$\+::\+
                                                  Control\+Block\+::ref\+\_\...
The control sequence at the end of the top line
of your error message was never \def'ed. If you have
misspelled it (e.g., `\hobx'), type `I' and the correct
spelling (e.g., `I\hbox'). Otherwise just continue,
and I'll forget about whatever was undefined.

./struct_buffer_1_1_control_block.tex:18: Undefined control sequence.
l.18 ...s_buffer}{Buffer}}$<$ T $>$\+::\+Control\+
                                                  Block\+::ref\+\_\+count}
The control sequence at the end of the top line
of your error message was never \def'ed. If you have
misspelled it (e.g., `\hobx'), type `I' and the correct
spelling (e.g., `I\hbox'). Otherwise just continue,
and I'll forget about whatever was undefined.

./struct_buffer_1_1_control_block.tex:18: Undefined control sequence.
l.18 ...r}{Buffer}}$<$ T $>$\+::\+Control\+Block\+
                                                  ::ref\+\_\+count}
The control sequence at the end of the top line
of your error message was never \def'ed. If you have
misspelled it (e.g., `\hobx'), type `I' and the correct
spelling (e.g., `I\hbox'). Otherwise just continue,
and I'll forget about whatever was undefined.

./struct_buffer_1_1_control_block.tex:18: Undefined control sequence.
l.18 ...er}}$<$ T $>$\+::\+Control\+Block\+::ref\+
                                                  \_\+count}
The control sequence at the end of the top line
of your error message was never \def'ed. If you have
misspelled it (e.g., `\hobx'), type `I' and the correct
spelling (e.g., `I\hbox'). Otherwise just continue,
and I'll forget about whatever was undefined.

./struct_buffer_1_1_control_block.tex:18: Undefined control sequence.
l.18 ...$<$ T $>$\+::\+Control\+Block\+::ref\+\_\+
                                                  count}
The control sequence at the end of the top line
of your error message was never \def'ed. If you have
misspelled it (e.g., `\hobx'), type `I' and the correct
spelling (e.g., `I\hbox'). Otherwise just continue,
and I'll forget about whatever was undefined.

./struct_buffer_1_1_control_block.tex:18: Extra }, or forgotten $.
l.18 ...$>$\+::\+Control\+Block\+::ref\+\_\+count}
                                                  
I've deleted a group-closing symbol because it seems to be
spurious, as in `$x}$'. But perhaps the } is legitimate and
you forgot something else, as in `\hbox{$x}'. In such cases
the way to recover is to insert both the forgotten and the
deleted material, e.g., by typing `I$}'.

./struct_buffer_1_1_control_block.tex:19: Missing $ inserted.
<inserted text> 
                $
l.19 
     
I've inserted a begin-math/end-math symbol since I think
you left one out. Proceed, with fingers crossed.

Missing character: There is no T in font nullfont!
Missing character: There is no h in font nullfont!
Missing character: There is no e in font nullfont!
Missing character: There is no d in font nullfont!
Missing character: There is no o in font nullfont!
Missing character: There is no c in font nullfont!
Missing character: There is no u in font nullfont!
Missing character: There is no m in font nullfont!
Missing character: There is no e in font nullfont!
Missing character: There is no n in font nullfont!
Missing character: There is no t in font nullfont!
Missing character: There is no a in font nullfont!
Missing character: There is no t in font nullfont!
Missing character: There is no i in font nullfont!
Missing character: There is no o in font nullfont!
Missing character: There is no n in font nullfont!
Missing character: There is no f in font nullfont!
Missing character: There is no o in font nullfont!
Missing character: There is no r in font nullfont!
Missing character: There is no t in font nullfont!
Missing character: There is no h in font nullfont!
Missing character: There is no i in font nullfont!
Missing character: There is no s in font nullfont!
Missing character: There is no s in font nullfont!
Missing character: There is no t in font nullfont!
Missing character: There is no r in font nullfont!
Missing character: There is no u in font nullfont!
Missing character: There is no c in font nullfont!
Missing character: There is no t in font nullfont!
Missing character: There is no w in font nullfont!
Missing character: There is no a in font nullfont!
Missing character: There is no s in font nullfont!
Missing character: There is no g in font nullfont!
Missing character: There is no e in font nullfont!
Missing character: There is no n in font nullfont!
Missing character: There is no e in font nullfont!
Missing character: There is no r in font nullfont!
Missing character: There is no a in font nullfont!
Missing character: There is no t in font nullfont!
Missing character: There is no e in font nullfont!
Missing character: There is no d in font nullfont!
Missing character: There is no f in font nullfont!
Missing character: There is no r in font nullfont!
Missing character: There is no o in font nullfont!
Missing character: There is no m in font nullfont!
Missing character: There is no t in font nullfont!
Missing character: There is no h in font nullfont!
Missing character: There is no e in font nullfont!
Missing character: There is no f in font nullfont!
Missing character: There is no o in font nullfont!
Missing character: There is no l in font nullfont!
Missing character: There is no l in font nullfont!
Missing character: There is no o in font nullfont!
Missing character: There is no w in font nullfont!
Missing character: There is no i in font nullfont!
Missing character: There is no n in font nullfont!
Missing character: There is no g in font nullfont!
Missing character: There is no f in font nullfont!
Missing character: There is no i in font nullfont!
Missing character: There is no l in font nullfont!
Missing character: There is no e in font nullfont!
./struct_buffer_1_1_control_block.tex:22: Undefined control sequence.
l.22 ...ct was generated from the following file\+
                                                  :\begin{DoxyCompactItemize}
The control sequence at the end of the top line
of your error message was never \def'ed. If you have
misspelled it (e.g., `\hobx'), type `I' and the correct
spelling (e.g., `I\hbox'). Otherwise just continue,
and I'll forget about whatever was undefined.

Missing character: There is no : in font nullfont!

./struct_buffer_1_1_control_block.tex:22: LaTeX Error: Environment DoxyCompactItemize undefined.

See the LaTeX manual or LaTeX Companion for explanation.
Type  H <return>  for immediate help.
 ...                                              
                                                  
l.22 ...ollowing file\+:\begin{DoxyCompactItemize}
                                                  
Your command was ignored.
Type  I <command> <return>  to replace it with another command,
or  <return>  to continue without it.


./struct_buffer_1_1_control_block.tex:24: LaTeX Error: Not allowed in LR mode.

See the LaTeX manual or LaTeX Companion for explanation.
Type  H <return>  for immediate help.
 ...                                              
                                                  
l.24 s
      ource/api/network/definitions/\mbox{\hyperlink{buffer_8hpp}{buffer.\+h...
You've lost some text.  Try typing  <return>  to proceed.
If that doesn't work, type  X <return>  to quit.


./struct_buffer_1_1_control_block.tex:24: LaTeX Error: Not allowed in LR mode.

See the LaTeX manual or LaTeX Companion for explanation.
Type  H <return>  for immediate help.
 ...                                              
                                                  
l.24 s
      ource/api/network/definitions/\mbox{\hyperlink{buffer_8hpp}{buffer.\+h...
You've lost some text.  Try typing  <return>  to proceed.
If that doesn't work, type  X <return>  to quit.

./struct_buffer_1_1_control_block.tex:24: Missing \endgroup inserted.
<inserted text> 
                \endgroup 
l.24 s
      ource/api/network/definitions/\mbox{\hyperlink{buffer_8hpp}{buffer.\+h...
I've inserted something that you may have forgotten.
(See the <inserted text> above.)
With luck, this will get me unwedged. But if you
really didn't forget anything, try typing `2' now; then
my insertion and my current dilemma will both disappear.

./struct_buffer_1_1_control_block.tex:24: Missing } inserted.
<inserted text> 
                }
l.24 s
      ource/api/network/definitions/\mbox{\hyperlink{buffer_8hpp}{buffer.\+h...
I've inserted something that you may have forgotten.
(See the <inserted text> above.)
With luck, this will get me unwedged. But if you
really didn't forget anything, try typing `2' now; then
my insertion and my current dilemma will both disappear.

./struct_buffer_1_1_control_block.tex:24: Missing } inserted.
<inserted text> 
                }
l.24 s
      ource/api/network/definitions/\mbox{\hyperlink{buffer_8hpp}{buffer.\+h...
I've inserted something that you may have forgotten.
(See the <inserted text> above.)
With luck, this will get me unwedged. But if you
really didn't forget anything, try typing `2' now; then
my insertion and my current dilemma will both disappear.

./struct_buffer_1_1_control_block.tex:24: Missing $ inserted.
<inserted text> 
                $
l.24 s
      ource/api/network/definitions/\mbox{\hyperlink{buffer_8hpp}{buffer.\+h...
I've inserted a begin-math/end-math symbol since I think
you left one out. Proceed, with fingers crossed.


Overfull \hbox (134.17422pt too wide) in paragraph at lines 11--24
[]$[]\OML/cmm/m/it/10 uffer[][][]ontrol[]lock[]oc \OMS/cmsy/m/n/10 ^^@
 []


Overfull \hbox (43.91858pt too wide) in paragraph at lines 11--24
\OML/cmm/m/it/10 variable \OMS/cmsy/m/n/10 ^^@
 []


Overfull \hbox (622.0437pt too wide) in paragraph at lines 11--24
\OML/cmm/m/it/10 members[][][][]$$typenameT$$[] 
 []


Overfull \hbox (21.83676pt too wide) in paragraph at lines 11--24
\OML/cmm/m/it/10 std \OT1/cmr/m/n/10 ::
 []


Overfull \hbox (237.3996pt too wide) in paragraph at lines 11--24
\OML/cmm/m/it/10 atomic$$int$$[]$ 
 []


./struct_buffer_1_1_control_block.tex:24: LaTeX Error: Lonely \item--perhaps a missing list environment.

See the LaTeX manual or LaTeX Companion for explanation.
Type  H <return>  for immediate help.
 ...                                              
                                                  
l.24 s
      ource/api/network/definitions/\mbox{\hyperlink{buffer_8hpp}{buffer.\+h...
Try typing  <return>  to proceed.
If that doesn't work, type  X <return>  to quit.

Missing character: There is no s in font nullfont!
Missing character: There is no o in font nullfont!
Missing character: There is no u in font nullfont!
Missing character: There is no r in font nullfont!
Missing character: There is no c in font nullfont!
Missing character: There is no e in font nullfont!
Missing character: There is no / in font nullfont!
Missing character: There is no a in font nullfont!
Missing character: There is no p in font nullfont!
Missing character: There is no i in font nullfont!
Missing character: There is no / in font nullfont!
Missing character: There is no n in font nullfont!
Missing character: There is no e in font nullfont!
Missing character: There is no t in font nullfont!
Missing character: There is no w in font nullfont!
Missing character: There is no o in font nullfont!
Missing character: There is no r in font nullfont!
Missing character: There is no k in font nullfont!
Missing character: There is no / in font nullfont!
Missing character: There is no d in font nullfont!
Missing character: There is no e in font nullfont!
Missing character: There is no f in font nullfont!
Missing character: There is no i in font nullfont!
Missing character: There is no n in font nullfont!
Missing character: There is no i in font nullfont!
Missing character: There is no t in font nullfont!
Missing character: There is no i in font nullfont!
Missing character: There is no o in font nullfont!
Missing character: There is no n in font nullfont!
Missing character: There is no s in font nullfont!
Missing character: There is no / in font nullfont!
./struct_buffer_1_1_control_block.tex:24: Undefined control sequence.
<argument> \hyperlink 
                      {buffer_8hpp}{buffer.\+hpp}
l.24 ...box{\hyperlink{buffer_8hpp}{buffer.\+hpp}}
                                                  \end{DoxyCompactItemize}
The control sequence at the end of the top line
of your error message was never \def'ed. If you have
misspelled it (e.g., `\hobx'), type `I' and the correct
spelling (e.g., `I\hbox'). Otherwise just continue,
and I'll forget about whatever was undefined.

Missing character: There is no b in font nullfont!
Missing character: There is no u in font nullfont!
Missing character: There is no f in font nullfont!
Missing character: There is no f in font nullfont!
Missing character: There is no e in font nullfont!
Missing character: There is no r in font nullfont!
./struct_buffer_1_1_control_block.tex:24: Missing $ inserted.
<inserted text> 
                $
l.24 ...box{\hyperlink{buffer_8hpp}{buffer.\+hpp}}
                                                  \end{DoxyCompactItemize}
I've inserted a begin-math/end-math symbol since I think
you left one out. Proceed, with fingers crossed.

./struct_buffer_1_1_control_block.tex:24: Extra }, or forgotten $.
<argument> \hyperlink {buffer_8hpp}
                                   {buffer.\+hpp}
l.24 ...box{\hyperlink{buffer_8hpp}{buffer.\+hpp}}
                                                  \end{DoxyCompactItemize}
I've deleted a group-closing symbol because it seems to be
spurious, as in `$x}$'. But perhaps the } is legitimate and
you forgot something else, as in `\hbox{$x}'. In such cases
the way to recover is to insert both the forgotten and the
deleted material, e.g., by typing `I$}'.

./struct_buffer_1_1_control_block.tex:24: Undefined control sequence.
<argument> \hyperlink {buffer_8hpp}{buffer.\+
                                             hpp}
l.24 ...box{\hyperlink{buffer_8hpp}{buffer.\+hpp}}
                                                  \end{DoxyCompactItemize}
The control sequence at the end of the top line
of your error message was never \def'ed. If you have
misspelled it (e.g., `\hobx'), type `I' and the correct
spelling (e.g., `I\hbox'). Otherwise just continue,
and I'll forget about whatever was undefined.

./struct_buffer_1_1_control_block.tex:24: Extra }, or forgotten $.
\mbox  #1->\leavevmode \hbox {#1}
                                 
l.24 ...box{\hyperlink{buffer_8hpp}{buffer.\+hpp}}
                                                  \end{DoxyCompactItemize}
I've deleted a group-closing symbol because it seems to be
spurious, as in `$x}$'. But perhaps the } is legitimate and
you forgot something else, as in `\hbox{$x}'. In such cases
the way to recover is to insert both the forgotten and the
deleted material, e.g., by typing `I$}'.


./struct_buffer_1_1_control_block.tex:24: LaTeX Error: \begin{document} ended by \end{DoxyCompactItemize}.

See the LaTeX manual or LaTeX Companion for explanation.
Type  H <return>  for immediate help.
 ...                                              
                                                  
l.24 ...pp}{buffer.\+hpp}}\end{DoxyCompactItemize}
                                                  
Your command was ignored.
Type  I <command> <return>  to replace it with another command,
or  <return>  to continue without it.

./struct_buffer_1_1_control_block.tex:24: Missing $ inserted.
<inserted text> 
                $
l.24 ...pp}{buffer.\+hpp}}\end{DoxyCompactItemize}
                                                  
I've inserted something that you may have forgotten.
(See the <inserted text> above.)
With luck, this will get me unwedged. But if you
really didn't forget anything, try typing `2' now; then
my insertion and my current dilemma will both disappear.

./struct_buffer_1_1_control_block.tex:24: Missing } inserted.
<inserted text> 
                }
l.24 ...pp}{buffer.\+hpp}}\end{DoxyCompactItemize}
                                                  
I've inserted something that you may have forgotten.
(See the <inserted text> above.)
With luck, this will get me unwedged. But if you
really didn't forget anything, try typing `2' now; then
my insertion and my current dilemma will both disappear.

./struct_buffer_1_1_control_block.tex:24: Missing } inserted.
<inserted text> 
                }
l.24 ...pp}{buffer.\+hpp}}\end{DoxyCompactItemize}
                                                  
I've inserted something that you may have forgotten.
(See the <inserted text> above.)
With luck, this will get me unwedged. But if you
really didn't forget anything, try typing `2' now; then
my insertion and my current dilemma will both disappear.

./struct_buffer_1_1_control_block.tex:24: Missing } inserted.
<inserted text> 
                }
l.24 ...pp}{buffer.\+hpp}}\end{DoxyCompactItemize}
                                                  
I've inserted something that you may have forgotten.
(See the <inserted text> above.)
With luck, this will get me unwedged. But if you
really didn't forget anything, try typing `2' now; then
my insertion and my current dilemma will both disappear.

./struct_buffer_1_1_control_block.tex:24: Extra \endgroup.
<recently read> \endgroup 
                          
l.24 ...pp}{buffer.\+hpp}}\end{DoxyCompactItemize}
                                                  
Things are pretty mixed up, but I think the worst is over.

)
! Emergency stop.
<*> struct_buffer_1_1_control_block.tex
                                       
*** (job aborted, no legal \end found)

 
Here is how much of TeX's memory you used:
 26 strings out of 469269
 632 string characters out of 5467112
 431984 words of memory out of 5000000
 28557 multiletter control sequences out of 15000+600000
 626993 words of font info for 41 fonts, out of 8000000 for 9000
 319 hyphenation exceptions out of 8191
 20i,6n,23p,220b,83s stack positions out of 10000i,1000n,20000p,200000b,200000s
!  ==> Fatal error occurred, no output PDF file produced!
