This is pdfTeX, Version 3.141592653-2.6-1.40.28 (TeX Live 2025) (preloaded format=pdflatex 2025.9.24)  27 SEP 2025 18:54
entering extended mode
 \write18 enabled.
 file:line:error style messages enabled.
 %&-line parsing enabled.
**struct_smart_data_1_1_units.tex
(./struct_smart_data_1_1_units.tex
LaTeX2e <2025-06-01> patch level 1
L3 programming layer <2025-09-02>
./struct_smart_data_1_1_units.tex:1: Undefined control sequence.
l.1 \doxysection
                {Smart\+Data\+::Units Struct Reference}
The control sequence at the end of the top line
of your error message was never \def'ed. If you have
misspelled it (e.g., `\hobx'), type `I' and the correct
spelling (e.g., `I\hbox'). Otherwise just continue,
and I'll forget about whatever was undefined.


./struct_smart_data_1_1_units.tex:1: LaTeX Error: Missing \begin{document}.

See the LaTeX manual or LaTeX Companion for explanation.
Type  H <return>  for immediate help.
 ...                                              
                                                  
l.1 \doxysection{S
                  mart\+Data\+::Units Struct Reference}
You're in trouble here.  Try typing  <return>  to proceed.
If that doesn't work, type  X <return>  to quit.

Missing character: There is no S in font nullfont!
Missing character: There is no m in font nullfont!
Missing character: There is no a in font nullfont!
Missing character: There is no r in font nullfont!
Missing character: There is no t in font nullfont!
./struct_smart_data_1_1_units.tex:1: Undefined control sequence.
l.1 \doxysection{Smart\+
                        Data\+::Units Struct Reference}
The control sequence at the end of the top line
of your error message was never \def'ed. If you have
misspelled it (e.g., `\hobx'), type `I' and the correct
spelling (e.g., `I\hbox'). Otherwise just continue,
and I'll forget about whatever was undefined.

Missing character: There is no D in font nullfont!
Missing character: There is no a in font nullfont!
Missing character: There is no t in font nullfont!
Missing character: There is no a in font nullfont!
./struct_smart_data_1_1_units.tex:1: Undefined control sequence.
l.1 \doxysection{Smart\+Data\+
                              ::Units Struct Reference}
The control sequence at the end of the top line
of your error message was never \def'ed. If you have
misspelled it (e.g., `\hobx'), type `I' and the correct
spelling (e.g., `I\hbox'). Otherwise just continue,
and I'll forget about whatever was undefined.

Missing character: There is no : in font nullfont!
Missing character: There is no : in font nullfont!
Missing character: There is no U in font nullfont!
Missing character: There is no n in font nullfont!
Missing character: There is no i in font nullfont!
Missing character: There is no t in font nullfont!
Missing character: There is no s in font nullfont!
Missing character: There is no S in font nullfont!
Missing character: There is no t in font nullfont!
Missing character: There is no r in font nullfont!
Missing character: There is no u in font nullfont!
Missing character: There is no c in font nullfont!
Missing character: There is no t in font nullfont!
Missing character: There is no R in font nullfont!
Missing character: There is no e in font nullfont!
Missing character: There is no f in font nullfont!
Missing character: There is no e in font nullfont!
Missing character: There is no r in font nullfont!
Missing character: There is no e in font nullfont!
Missing character: There is no n in font nullfont!
Missing character: There is no c in font nullfont!
Missing character: There is no e in font nullfont!
./struct_smart_data_1_1_units.tex:2: Undefined control sequence.
l.2 \hypertarget
                {struct_smart_data_1_1_units}{}\label{struct_smart_data_1_1_...
The control sequence at the end of the top line
of your error message was never \def'ed. If you have
misspelled it (e.g., `\hobx'), type `I' and the correct
spelling (e.g., `I\hbox'). Otherwise just continue,
and I'll forget about whatever was undefined.

Missing character: There is no s in font nullfont!
Missing character: There is no t in font nullfont!
Missing character: There is no r in font nullfont!
Missing character: There is no u in font nullfont!
Missing character: There is no c in font nullfont!
Missing character: There is no t in font nullfont!
./struct_smart_data_1_1_units.tex:2: Missing $ inserted.
<inserted text> 
                $
l.2 \hypertarget{struct_
                        smart_data_1_1_units}{}\label{struct_smart_data_1_1_...
I've inserted a begin-math/end-math symbol since I think
you left one out. Proceed, with fingers crossed.

LaTeX Font Info:    External font `cmex10' loaded for size
(Font)              <7> on input line 2.
LaTeX Font Info:    External font `cmex10' loaded for size
(Font)              <5> on input line 2.
./struct_smart_data_1_1_units.tex:2: Double subscript.
l.2 \hypertarget{struct_smart_data_1_
                                     1_units}{}\label{struct_smart_data_1_1_...
I treat `x_1_2' essentially like `x_1{}_2'.

./struct_smart_data_1_1_units.tex:2: Double subscript.
l.2 \hypertarget{struct_smart_data_1_1_
                                       units}{}\label{struct_smart_data_1_1_...
I treat `x_1_2' essentially like `x_1{}_2'.

./struct_smart_data_1_1_units.tex:2: Extra }, or forgotten $.
l.2 \hypertarget{struct_smart_data_1_1_units}
                                             {}\label{struct_smart_data_1_1_...
I've deleted a group-closing symbol because it seems to be
spurious, as in `$x}$'. But perhaps the } is legitimate and
you forgot something else, as in `\hbox{$x}'. In such cases
the way to recover is to insert both the forgotten and the
deleted material, e.g., by typing `I$}'.

./struct_smart_data_1_1_units.tex:3: Missing $ inserted.
<inserted text> 
                $
l.3 
    
I've inserted a begin-math/end-math symbol since I think
you left one out. Proceed, with fingers crossed.


Overfull \hbox (20.0pt too wide) in paragraph at lines 1--3
[]
 []


Overfull \hbox (77.533pt too wide) in paragraph at lines 1--3
[]\OML/cmm/m/it/10 mart[]ata[][][]nits[][]$ 
 []


./struct_smart_data_1_1_units.tex:5: LaTeX Error: Missing \begin{document}.

See the LaTeX manual or LaTeX Companion for explanation.
Type  H <return>  for immediate help.
 ...                                              
                                                  
l.5 {\ttfamily \#
                 include $<$smart\+\_\+data.\+hpp$>$}
You're in trouble here.  Try typing  <return>  to proceed.
If that doesn't work, type  X <return>  to quit.

./struct_smart_data_1_1_units.tex:5: Undefined control sequence.
l.5 {\ttfamily \#include $<$smart\+
                                   \_\+data.\+hpp$>$}
The control sequence at the end of the top line
of your error message was never \def'ed. If you have
misspelled it (e.g., `\hobx'), type `I' and the correct
spelling (e.g., `I\hbox'). Otherwise just continue,
and I'll forget about whatever was undefined.

./struct_smart_data_1_1_units.tex:5: Undefined control sequence.
l.5 {\ttfamily \#include $<$smart\+\_\+
                                       data.\+hpp$>$}
The control sequence at the end of the top line
of your error message was never \def'ed. If you have
misspelled it (e.g., `\hobx'), type `I' and the correct
spelling (e.g., `I\hbox'). Otherwise just continue,
and I'll forget about whatever was undefined.

./struct_smart_data_1_1_units.tex:5: Undefined control sequence.
l.5 {\ttfamily \#include $<$smart\+\_\+data.\+
                                              hpp$>$}
The control sequence at the end of the top line
of your error message was never \def'ed. If you have
misspelled it (e.g., `\hobx'), type `I' and the correct
spelling (e.g., `I\hbox'). Otherwise just continue,
and I'll forget about whatever was undefined.


Overfull \hbox (61.99963pt too wide) in paragraph at lines 5--6
[]\OT1/cmtt/m/n/10 #include
 []


Overfull \hbox (87.58496pt too wide) in paragraph at lines 5--6
\OML/cmm/m/it/10 <$\OT1/cmtt/m/n/10 smart[]data.hpp$\OML/cmm/m/it/10 >$ 
 []

./struct_smart_data_1_1_units.tex:7: Undefined control sequence.
l.7 \doxysubsubsection
                      *{Classes}
The control sequence at the end of the top line
of your error message was never \def'ed. If you have
misspelled it (e.g., `\hobx'), type `I' and the correct
spelling (e.g., `I\hbox'). Otherwise just continue,
and I'll forget about whatever was undefined.


./struct_smart_data_1_1_units.tex:7: LaTeX Error: Missing \begin{document}.

See the LaTeX manual or LaTeX Companion for explanation.
Type  H <return>  for immediate help.
 ...                                              
                                                  
l.7 \doxysubsubsection*
                       {Classes}
You're in trouble here.  Try typing  <return>  to proceed.
If that doesn't work, type  X <return>  to quit.

Missing character: There is no * in font nullfont!
Missing character: There is no C in font nullfont!
Missing character: There is no l in font nullfont!
Missing character: There is no a in font nullfont!
Missing character: There is no s in font nullfont!
Missing character: There is no s in font nullfont!
Missing character: There is no e in font nullfont!
Missing character: There is no s in font nullfont!

./struct_smart_data_1_1_units.tex:8: LaTeX Error: Environment DoxyCompactItemize undefined.

See the LaTeX manual or LaTeX Companion for explanation.
Type  H <return>  for immediate help.
 ...                                              
                                                  
l.8 \begin{DoxyCompactItemize}
                              
Your command was ignored.
Type  I <command> <return>  to replace it with another command,
or  <return>  to continue without it.


Overfull \hbox (20.0pt too wide) in paragraph at lines 7--10
[] 
 []


./struct_smart_data_1_1_units.tex:10: LaTeX Error: Lonely \item--perhaps a missing list environment.

See the LaTeX manual or LaTeX Companion for explanation.
Type  H <return>  for immediate help.
 ...                                              
                                                  
l.10 s
      truct \mbox{\hyperlink{struct_smart_data_1_1_units_1_1_humidity}{Humid...
Try typing  <return>  to proceed.
If that doesn't work, type  X <return>  to quit.

Missing character: There is no s in font nullfont!
Missing character: There is no t in font nullfont!
Missing character: There is no r in font nullfont!
Missing character: There is no u in font nullfont!
Missing character: There is no c in font nullfont!
Missing character: There is no t in font nullfont!
./struct_smart_data_1_1_units.tex:10: Undefined control sequence.
<argument> \hyperlink 
                      {struct_smart_data_1_1_units_1_1_humidity}{Humidity}
l.10 ...rt_data_1_1_units_1_1_humidity}{Humidity}}
                                                  
The control sequence at the end of the top line
of your error message was never \def'ed. If you have
misspelled it (e.g., `\hobx'), type `I' and the correct
spelling (e.g., `I\hbox'). Otherwise just continue,
and I'll forget about whatever was undefined.

Missing character: There is no s in font nullfont!
Missing character: There is no t in font nullfont!
Missing character: There is no r in font nullfont!
Missing character: There is no u in font nullfont!
Missing character: There is no c in font nullfont!
Missing character: There is no t in font nullfont!
./struct_smart_data_1_1_units.tex:10: Missing $ inserted.
<inserted text> 
                $
l.10 ...rt_data_1_1_units_1_1_humidity}{Humidity}}
                                                  
I've inserted a begin-math/end-math symbol since I think
you left one out. Proceed, with fingers crossed.

./struct_smart_data_1_1_units.tex:10: Double subscript.
<argument> \hyperlink {struct_smart_data_1_
                                           1_units_1_1_humidity}{Humidity}
l.10 ...rt_data_1_1_units_1_1_humidity}{Humidity}}
                                                  
I treat `x_1_2' essentially like `x_1{}_2'.

./struct_smart_data_1_1_units.tex:10: Double subscript.
<argument> \hyperlink {struct_smart_data_1_1_
                                             units_1_1_humidity}{Humidity}
l.10 ...rt_data_1_1_units_1_1_humidity}{Humidity}}
                                                  
I treat `x_1_2' essentially like `x_1{}_2'.

./struct_smart_data_1_1_units.tex:10: Double subscript.
<argument> ...link {struct_smart_data_1_1_units_1_
                                                  1_humidity}{Humidity}
l.10 ...rt_data_1_1_units_1_1_humidity}{Humidity}}
                                                  
I treat `x_1_2' essentially like `x_1{}_2'.

./struct_smart_data_1_1_units.tex:10: Double subscript.
<argument> ...nk {struct_smart_data_1_1_units_1_1_
                                                  humidity}{Humidity}
l.10 ...rt_data_1_1_units_1_1_humidity}{Humidity}}
                                                  
I treat `x_1_2' essentially like `x_1{}_2'.

./struct_smart_data_1_1_units.tex:10: Extra }, or forgotten $.
<argument> ...t_smart_data_1_1_units_1_1_humidity}
                                                  {Humidity}
l.10 ...rt_data_1_1_units_1_1_humidity}{Humidity}}
                                                  
I've deleted a group-closing symbol because it seems to be
spurious, as in `$x}$'. But perhaps the } is legitimate and
you forgot something else, as in `\hbox{$x}'. In such cases
the way to recover is to insert both the forgotten and the
deleted material, e.g., by typing `I$}'.

./struct_smart_data_1_1_units.tex:10: Extra }, or forgotten $.
\mbox  #1->\leavevmode \hbox {#1}
                                 
l.10 ...rt_data_1_1_units_1_1_humidity}{Humidity}}
                                                  
I've deleted a group-closing symbol because it seems to be
spurious, as in `$x}$'. But perhaps the } is legitimate and
you forgot something else, as in `\hbox{$x}'. In such cases
the way to recover is to insert both the forgotten and the
deleted material, e.g., by typing `I$}'.


./struct_smart_data_1_1_units.tex:11: LaTeX Error: Command \item invalid in math mode.

See the LaTeX manual or LaTeX Companion for explanation.
Type  H <return>  for immediate help.
 ...                                              
                                                  
l.11 \item
          
Try typing  <return>  to proceed.
If that doesn't work, type  X <return>  to quit.

./struct_smart_data_1_1_units.tex:12: Missing $ inserted.
<inserted text> 
                $
l.12 s
      truct \mbox{\hyperlink{struct_smart_data_1_1_units_1_1_pressure}{Press...
I've inserted a begin-math/end-math symbol since I think
you left one out. Proceed, with fingers crossed.

./struct_smart_data_1_1_units.tex:12: Missing } inserted.
<inserted text> 
                }
l.12 s
      truct \mbox{\hyperlink{struct_smart_data_1_1_units_1_1_pressure}{Press...
I've inserted something that you may have forgotten.
(See the <inserted text> above.)
With luck, this will get me unwedged. But if you
really didn't forget anything, try typing `2' now; then
my insertion and my current dilemma will both disappear.

./struct_smart_data_1_1_units.tex:12: Missing } inserted.
<inserted text> 
                }
l.12 s
      truct \mbox{\hyperlink{struct_smart_data_1_1_units_1_1_pressure}{Press...
I've inserted something that you may have forgotten.
(See the <inserted text> above.)
With luck, this will get me unwedged. But if you
really didn't forget anything, try typing `2' now; then
my insertion and my current dilemma will both disappear.


Overfull \hbox (171.75708pt too wide) in paragraph at lines 10--12
[] 
 []


./struct_smart_data_1_1_units.tex:12: LaTeX Error: Lonely \item--perhaps a missing list environment.

See the LaTeX manual or LaTeX Companion for explanation.
Type  H <return>  for immediate help.
 ...                                              
                                                  
l.12 s
      truct \mbox{\hyperlink{struct_smart_data_1_1_units_1_1_pressure}{Press...
Try typing  <return>  to proceed.
If that doesn't work, type  X <return>  to quit.

Missing character: There is no s in font nullfont!
Missing character: There is no t in font nullfont!
Missing character: There is no r in font nullfont!
Missing character: There is no u in font nullfont!
Missing character: There is no c in font nullfont!
Missing character: There is no t in font nullfont!
./struct_smart_data_1_1_units.tex:12: Undefined control sequence.
<argument> \hyperlink 
                      {struct_smart_data_1_1_units_1_1_pressure}{Pressure}
l.12 ...rt_data_1_1_units_1_1_pressure}{Pressure}}
                                                  
The control sequence at the end of the top line
of your error message was never \def'ed. If you have
misspelled it (e.g., `\hobx'), type `I' and the correct
spelling (e.g., `I\hbox'). Otherwise just continue,
and I'll forget about whatever was undefined.

Missing character: There is no s in font nullfont!
Missing character: There is no t in font nullfont!
Missing character: There is no r in font nullfont!
Missing character: There is no u in font nullfont!
Missing character: There is no c in font nullfont!
Missing character: There is no t in font nullfont!
./struct_smart_data_1_1_units.tex:12: Missing $ inserted.
<inserted text> 
                $
l.12 ...rt_data_1_1_units_1_1_pressure}{Pressure}}
                                                  
I've inserted a begin-math/end-math symbol since I think
you left one out. Proceed, with fingers crossed.

./struct_smart_data_1_1_units.tex:12: Double subscript.
<argument> \hyperlink {struct_smart_data_1_
                                           1_units_1_1_pressure}{Pressure}
l.12 ...rt_data_1_1_units_1_1_pressure}{Pressure}}
                                                  
I treat `x_1_2' essentially like `x_1{}_2'.

./struct_smart_data_1_1_units.tex:12: Double subscript.
<argument> \hyperlink {struct_smart_data_1_1_
                                             units_1_1_pressure}{Pressure}
l.12 ...rt_data_1_1_units_1_1_pressure}{Pressure}}
                                                  
I treat `x_1_2' essentially like `x_1{}_2'.

./struct_smart_data_1_1_units.tex:12: Double subscript.
<argument> ...link {struct_smart_data_1_1_units_1_
                                                  1_pressure}{Pressure}
l.12 ...rt_data_1_1_units_1_1_pressure}{Pressure}}
                                                  
I treat `x_1_2' essentially like `x_1{}_2'.

./struct_smart_data_1_1_units.tex:12: Double subscript.
<argument> ...nk {struct_smart_data_1_1_units_1_1_
                                                  pressure}{Pressure}
l.12 ...rt_data_1_1_units_1_1_pressure}{Pressure}}
                                                  
I treat `x_1_2' essentially like `x_1{}_2'.

./struct_smart_data_1_1_units.tex:12: Extra }, or forgotten $.
<argument> ...t_smart_data_1_1_units_1_1_pressure}
                                                  {Pressure}
l.12 ...rt_data_1_1_units_1_1_pressure}{Pressure}}
                                                  
I've deleted a group-closing symbol because it seems to be
spurious, as in `$x}$'. But perhaps the } is legitimate and
you forgot something else, as in `\hbox{$x}'. In such cases
the way to recover is to insert both the forgotten and the
deleted material, e.g., by typing `I$}'.

./struct_smart_data_1_1_units.tex:12: Extra }, or forgotten $.
\mbox  #1->\leavevmode \hbox {#1}
                                 
l.12 ...rt_data_1_1_units_1_1_pressure}{Pressure}}
                                                  
I've deleted a group-closing symbol because it seems to be
spurious, as in `$x}$'. But perhaps the } is legitimate and
you forgot something else, as in `\hbox{$x}'. In such cases
the way to recover is to insert both the forgotten and the
deleted material, e.g., by typing `I$}'.


./struct_smart_data_1_1_units.tex:13: LaTeX Error: Command \item invalid in math mode.

See the LaTeX manual or LaTeX Companion for explanation.
Type  H <return>  for immediate help.
 ...                                              
                                                  
l.13 \item
          
Try typing  <return>  to proceed.
If that doesn't work, type  X <return>  to quit.

./struct_smart_data_1_1_units.tex:14: Missing $ inserted.
<inserted text> 
                $
l.14 s
      truct \mbox{\hyperlink{struct_smart_data_1_1_units_1_1_temperature}{Te...
I've inserted a begin-math/end-math symbol since I think
you left one out. Proceed, with fingers crossed.

./struct_smart_data_1_1_units.tex:14: Missing } inserted.
<inserted text> 
                }
l.14 s
      truct \mbox{\hyperlink{struct_smart_data_1_1_units_1_1_temperature}{Te...
I've inserted something that you may have forgotten.
(See the <inserted text> above.)
With luck, this will get me unwedged. But if you
really didn't forget anything, try typing `2' now; then
my insertion and my current dilemma will both disappear.

./struct_smart_data_1_1_units.tex:14: Missing } inserted.
<inserted text> 
                }
l.14 s
      truct \mbox{\hyperlink{struct_smart_data_1_1_units_1_1_temperature}{Te...
I've inserted something that you may have forgotten.
(See the <inserted text> above.)
With luck, this will get me unwedged. But if you
really didn't forget anything, try typing `2' now; then
my insertion and my current dilemma will both disappear.


Overfull \hbox (166.91833pt too wide) in paragraph at lines 12--14
[] 
 []


./struct_smart_data_1_1_units.tex:14: LaTeX Error: Lonely \item--perhaps a missing list environment.

See the LaTeX manual or LaTeX Companion for explanation.
Type  H <return>  for immediate help.
 ...                                              
                                                  
l.14 s
      truct \mbox{\hyperlink{struct_smart_data_1_1_units_1_1_temperature}{Te...
Try typing  <return>  to proceed.
If that doesn't work, type  X <return>  to quit.

Missing character: There is no s in font nullfont!
Missing character: There is no t in font nullfont!
Missing character: There is no r in font nullfont!
Missing character: There is no u in font nullfont!
Missing character: There is no c in font nullfont!
Missing character: There is no t in font nullfont!
./struct_smart_data_1_1_units.tex:14: Undefined control sequence.
<argument> \hyperlink 
                      {struct_smart_data_1_1_units_1_1_temperature}{Temperat...
l.14 ...a_1_1_units_1_1_temperature}{Temperature}}
                                                  
The control sequence at the end of the top line
of your error message was never \def'ed. If you have
misspelled it (e.g., `\hobx'), type `I' and the correct
spelling (e.g., `I\hbox'). Otherwise just continue,
and I'll forget about whatever was undefined.

Missing character: There is no s in font nullfont!
Missing character: There is no t in font nullfont!
Missing character: There is no r in font nullfont!
Missing character: There is no u in font nullfont!
Missing character: There is no c in font nullfont!
Missing character: There is no t in font nullfont!
./struct_smart_data_1_1_units.tex:14: Missing $ inserted.
<inserted text> 
                $
l.14 ...a_1_1_units_1_1_temperature}{Temperature}}
                                                  
I've inserted a begin-math/end-math symbol since I think
you left one out. Proceed, with fingers crossed.

./struct_smart_data_1_1_units.tex:14: Double subscript.
<argument> \hyperlink {struct_smart_data_1_
                                           1_units_1_1_temperature}{Temperat...
l.14 ...a_1_1_units_1_1_temperature}{Temperature}}
                                                  
I treat `x_1_2' essentially like `x_1{}_2'.

./struct_smart_data_1_1_units.tex:14: Double subscript.
<argument> \hyperlink {struct_smart_data_1_1_
                                             units_1_1_temperature}{Temperat...
l.14 ...a_1_1_units_1_1_temperature}{Temperature}}
                                                  
I treat `x_1_2' essentially like `x_1{}_2'.

./struct_smart_data_1_1_units.tex:14: Double subscript.
<argument> ...link {struct_smart_data_1_1_units_1_
                                                  1_temperature}{Temperature}
l.14 ...a_1_1_units_1_1_temperature}{Temperature}}
                                                  
I treat `x_1_2' essentially like `x_1{}_2'.

./struct_smart_data_1_1_units.tex:14: Double subscript.
<argument> ...nk {struct_smart_data_1_1_units_1_1_
                                                  temperature}{Temperature}
l.14 ...a_1_1_units_1_1_temperature}{Temperature}}
                                                  
I treat `x_1_2' essentially like `x_1{}_2'.

./struct_smart_data_1_1_units.tex:14: Extra }, or forgotten $.
<argument> ...mart_data_1_1_units_1_1_temperature}
                                                  {Temperature}
l.14 ...a_1_1_units_1_1_temperature}{Temperature}}
                                                  
I've deleted a group-closing symbol because it seems to be
spurious, as in `$x}$'. But perhaps the } is legitimate and
you forgot something else, as in `\hbox{$x}'. In such cases
the way to recover is to insert both the forgotten and the
deleted material, e.g., by typing `I$}'.

./struct_smart_data_1_1_units.tex:14: Extra }, or forgotten $.
\mbox  #1->\leavevmode \hbox {#1}
                                 
l.14 ...a_1_1_units_1_1_temperature}{Temperature}}
                                                  
I've deleted a group-closing symbol because it seems to be
spurious, as in `$x}$'. But perhaps the } is legitimate and
you forgot something else, as in `\hbox{$x}'. In such cases
the way to recover is to insert both the forgotten and the
deleted material, e.g., by typing `I$}'.


./struct_smart_data_1_1_units.tex:15: LaTeX Error: Command \item invalid in math mode.

See the LaTeX manual or LaTeX Companion for explanation.
Type  H <return>  for immediate help.
 ...                                              
                                                  
l.15 \item
          
Try typing  <return>  to proceed.
If that doesn't work, type  X <return>  to quit.

./struct_smart_data_1_1_units.tex:16: Missing $ inserted.
<inserted text> 
                $
l.16 s
      truct \mbox{\hyperlink{struct_smart_data_1_1_units_1_1_voltage}{Voltage}}
I've inserted a begin-math/end-math symbol since I think
you left one out. Proceed, with fingers crossed.

./struct_smart_data_1_1_units.tex:16: Missing } inserted.
<inserted text> 
                }
l.16 s
      truct \mbox{\hyperlink{struct_smart_data_1_1_units_1_1_voltage}{Voltage}}
I've inserted something that you may have forgotten.
(See the <inserted text> above.)
With luck, this will get me unwedged. But if you
really didn't forget anything, try typing `2' now; then
my insertion and my current dilemma will both disappear.

./struct_smart_data_1_1_units.tex:16: Missing } inserted.
<inserted text> 
                }
l.16 s
      truct \mbox{\hyperlink{struct_smart_data_1_1_units_1_1_voltage}{Voltage}}
I've inserted something that you may have forgotten.
(See the <inserted text> above.)
With luck, this will get me unwedged. But if you
really didn't forget anything, try typing `2' now; then
my insertion and my current dilemma will both disappear.


Overfull \hbox (201.21976pt too wide) in paragraph at lines 14--16
[] 
 []


./struct_smart_data_1_1_units.tex:16: LaTeX Error: Lonely \item--perhaps a missing list environment.

See the LaTeX manual or LaTeX Companion for explanation.
Type  H <return>  for immediate help.
 ...                                              
                                                  
l.16 s
      truct \mbox{\hyperlink{struct_smart_data_1_1_units_1_1_voltage}{Voltage}}
Try typing  <return>  to proceed.
If that doesn't work, type  X <return>  to quit.

Missing character: There is no s in font nullfont!
Missing character: There is no t in font nullfont!
Missing character: There is no r in font nullfont!
Missing character: There is no u in font nullfont!
Missing character: There is no c in font nullfont!
Missing character: There is no t in font nullfont!
./struct_smart_data_1_1_units.tex:16: Undefined control sequence.
<argument> \hyperlink 
                      {struct_smart_data_1_1_units_1_1_voltage}{Voltage}
l.16 ...mart_data_1_1_units_1_1_voltage}{Voltage}}
                                                  
The control sequence at the end of the top line
of your error message was never \def'ed. If you have
misspelled it (e.g., `\hobx'), type `I' and the correct
spelling (e.g., `I\hbox'). Otherwise just continue,
and I'll forget about whatever was undefined.

Missing character: There is no s in font nullfont!
Missing character: There is no t in font nullfont!
Missing character: There is no r in font nullfont!
Missing character: There is no u in font nullfont!
Missing character: There is no c in font nullfont!
Missing character: There is no t in font nullfont!
./struct_smart_data_1_1_units.tex:16: Missing $ inserted.
<inserted text> 
                $
l.16 ...mart_data_1_1_units_1_1_voltage}{Voltage}}
                                                  
I've inserted a begin-math/end-math symbol since I think
you left one out. Proceed, with fingers crossed.

./struct_smart_data_1_1_units.tex:16: Double subscript.
<argument> \hyperlink {struct_smart_data_1_
                                           1_units_1_1_voltage}{Voltage}
l.16 ...mart_data_1_1_units_1_1_voltage}{Voltage}}
                                                  
I treat `x_1_2' essentially like `x_1{}_2'.

./struct_smart_data_1_1_units.tex:16: Double subscript.
<argument> \hyperlink {struct_smart_data_1_1_
                                             units_1_1_voltage}{Voltage}
l.16 ...mart_data_1_1_units_1_1_voltage}{Voltage}}
                                                  
I treat `x_1_2' essentially like `x_1{}_2'.

./struct_smart_data_1_1_units.tex:16: Double subscript.
<argument> ...link {struct_smart_data_1_1_units_1_
                                                  1_voltage}{Voltage}
l.16 ...mart_data_1_1_units_1_1_voltage}{Voltage}}
                                                  
I treat `x_1_2' essentially like `x_1{}_2'.

./struct_smart_data_1_1_units.tex:16: Double subscript.
<argument> ...nk {struct_smart_data_1_1_units_1_1_
                                                  voltage}{Voltage}
l.16 ...mart_data_1_1_units_1_1_voltage}{Voltage}}
                                                  
I treat `x_1_2' essentially like `x_1{}_2'.

./struct_smart_data_1_1_units.tex:16: Extra }, or forgotten $.
<argument> ...ct_smart_data_1_1_units_1_1_voltage}
                                                  {Voltage}
l.16 ...mart_data_1_1_units_1_1_voltage}{Voltage}}
                                                  
I've deleted a group-closing symbol because it seems to be
spurious, as in `$x}$'. But perhaps the } is legitimate and
you forgot something else, as in `\hbox{$x}'. In such cases
the way to recover is to insert both the forgotten and the
deleted material, e.g., by typing `I$}'.

./struct_smart_data_1_1_units.tex:16: Extra }, or forgotten $.
\mbox  #1->\leavevmode \hbox {#1}
                                 
l.16 ...mart_data_1_1_units_1_1_voltage}{Voltage}}
                                                  
I've deleted a group-closing symbol because it seems to be
spurious, as in `$x}$'. But perhaps the } is legitimate and
you forgot something else, as in `\hbox{$x}'. In such cases
the way to recover is to insert both the forgotten and the
deleted material, e.g., by typing `I$}'.


./struct_smart_data_1_1_units.tex:17: LaTeX Error: \begin{document} ended by \end{DoxyCompactItemize}.

See the LaTeX manual or LaTeX Companion for explanation.
Type  H <return>  for immediate help.
 ...                                              
                                                  
l.17 \end{DoxyCompactItemize}
                             
Your command was ignored.
Type  I <command> <return>  to replace it with another command,
or  <return>  to continue without it.

./struct_smart_data_1_1_units.tex:17: Missing $ inserted.
<inserted text> 
                $
l.17 \end{DoxyCompactItemize}
                             
I've inserted something that you may have forgotten.
(See the <inserted text> above.)
With luck, this will get me unwedged. But if you
really didn't forget anything, try typing `2' now; then
my insertion and my current dilemma will both disappear.

./struct_smart_data_1_1_units.tex:17: Missing } inserted.
<inserted text> 
                }
l.17 \end{DoxyCompactItemize}
                             
I've inserted something that you may have forgotten.
(See the <inserted text> above.)
With luck, this will get me unwedged. But if you
really didn't forget anything, try typing `2' now; then
my insertion and my current dilemma will both disappear.

./struct_smart_data_1_1_units.tex:17: Missing } inserted.
<inserted text> 
                }
l.17 \end{DoxyCompactItemize}
                             
I've inserted something that you may have forgotten.
(See the <inserted text> above.)
With luck, this will get me unwedged. But if you
really didn't forget anything, try typing `2' now; then
my insertion and my current dilemma will both disappear.


Overfull \hbox (152.73108pt too wide) in paragraph at lines 16--18
[] 
 []

./struct_smart_data_1_1_units.tex:20: Undefined control sequence.
l.20 \doxysubsection
                    {Detailed Description}
The control sequence at the end of the top line
of your error message was never \def'ed. If you have
misspelled it (e.g., `\hobx'), type `I' and the correct
spelling (e.g., `I\hbox'). Otherwise just continue,
and I'll forget about whatever was undefined.


./struct_smart_data_1_1_units.tex:20: LaTeX Error: Missing \begin{document}.

See the LaTeX manual or LaTeX Companion for explanation.
Type  H <return>  for immediate help.
 ...                                              
                                                  
l.20 \doxysubsection{D
                      etailed Description}
You're in trouble here.  Try typing  <return>  to proceed.
If that doesn't work, type  X <return>  to quit.

Missing character: There is no D in font nullfont!
Missing character: There is no e in font nullfont!
Missing character: There is no t in font nullfont!
Missing character: There is no a in font nullfont!
Missing character: There is no i in font nullfont!
Missing character: There is no l in font nullfont!
Missing character: There is no e in font nullfont!
Missing character: There is no d in font nullfont!
Missing character: There is no D in font nullfont!
Missing character: There is no e in font nullfont!
Missing character: There is no s in font nullfont!
Missing character: There is no c in font nullfont!
Missing character: There is no r in font nullfont!
Missing character: There is no i in font nullfont!
Missing character: There is no p in font nullfont!
Missing character: There is no t in font nullfont!
Missing character: There is no i in font nullfont!
Missing character: There is no o in font nullfont!
Missing character: There is no n in font nullfont!
Missing character: There is no T in font nullfont!
Missing character: There is no O in font nullfont!
Missing character: There is no D in font nullfont!
Missing character: There is no O in font nullfont!
./struct_smart_data_1_1_units.tex:21: Undefined control sequence.
l.21 TODO\+
           : constructor and more...
The control sequence at the end of the top line
of your error message was never \def'ed. If you have
misspelled it (e.g., `\hobx'), type `I' and the correct
spelling (e.g., `I\hbox'). Otherwise just continue,
and I'll forget about whatever was undefined.

Missing character: There is no : in font nullfont!
Missing character: There is no c in font nullfont!
Missing character: There is no o in font nullfont!
Missing character: There is no n in font nullfont!
Missing character: There is no s in font nullfont!
Missing character: There is no t in font nullfont!
Missing character: There is no r in font nullfont!
Missing character: There is no u in font nullfont!
Missing character: There is no c in font nullfont!
Missing character: There is no t in font nullfont!
Missing character: There is no o in font nullfont!
Missing character: There is no r in font nullfont!
Missing character: There is no a in font nullfont!
Missing character: There is no n in font nullfont!
Missing character: There is no d in font nullfont!
Missing character: There is no m in font nullfont!
Missing character: There is no o in font nullfont!
Missing character: There is no r in font nullfont!
Missing character: There is no e in font nullfont!
Missing character: There is no . in font nullfont!
Missing character: There is no . in font nullfont!
Missing character: There is no . in font nullfont!

Overfull \hbox (20.0pt too wide) in paragraph at lines 20--22
[]
 []


./struct_smart_data_1_1_units.tex:23: LaTeX Error: Missing \begin{document}.

See the LaTeX manual or LaTeX Companion for explanation.
Type  H <return>  for immediate help.
 ...                                              
                                                  
l.23 T
      he documentation for this struct was generated from the following file...
You're in trouble here.  Try typing  <return>  to proceed.
If that doesn't work, type  X <return>  to quit.

Missing character: There is no T in font nullfont!
Missing character: There is no h in font nullfont!
Missing character: There is no e in font nullfont!
Missing character: There is no d in font nullfont!
Missing character: There is no o in font nullfont!
Missing character: There is no c in font nullfont!
Missing character: There is no u in font nullfont!
Missing character: There is no m in font nullfont!
Missing character: There is no e in font nullfont!
Missing character: There is no n in font nullfont!
Missing character: There is no t in font nullfont!
Missing character: There is no a in font nullfont!
Missing character: There is no t in font nullfont!
Missing character: There is no i in font nullfont!
Missing character: There is no o in font nullfont!
Missing character: There is no n in font nullfont!
Missing character: There is no f in font nullfont!
Missing character: There is no o in font nullfont!
Missing character: There is no r in font nullfont!
Missing character: There is no t in font nullfont!
Missing character: There is no h in font nullfont!
Missing character: There is no i in font nullfont!
Missing character: There is no s in font nullfont!
Missing character: There is no s in font nullfont!
Missing character: There is no t in font nullfont!
Missing character: There is no r in font nullfont!
Missing character: There is no u in font nullfont!
Missing character: There is no c in font nullfont!
Missing character: There is no t in font nullfont!
Missing character: There is no w in font nullfont!
Missing character: There is no a in font nullfont!
Missing character: There is no s in font nullfont!
Missing character: There is no g in font nullfont!
Missing character: There is no e in font nullfont!
Missing character: There is no n in font nullfont!
Missing character: There is no e in font nullfont!
Missing character: There is no r in font nullfont!
Missing character: There is no a in font nullfont!
Missing character: There is no t in font nullfont!
Missing character: There is no e in font nullfont!
Missing character: There is no d in font nullfont!
Missing character: There is no f in font nullfont!
Missing character: There is no r in font nullfont!
Missing character: There is no o in font nullfont!
Missing character: There is no m in font nullfont!
Missing character: There is no t in font nullfont!
Missing character: There is no h in font nullfont!
Missing character: There is no e in font nullfont!
Missing character: There is no f in font nullfont!
Missing character: There is no o in font nullfont!
Missing character: There is no l in font nullfont!
Missing character: There is no l in font nullfont!
Missing character: There is no o in font nullfont!
Missing character: There is no w in font nullfont!
Missing character: There is no i in font nullfont!
Missing character: There is no n in font nullfont!
Missing character: There is no g in font nullfont!
Missing character: There is no f in font nullfont!
Missing character: There is no i in font nullfont!
Missing character: There is no l in font nullfont!
Missing character: There is no e in font nullfont!
./struct_smart_data_1_1_units.tex:23: Undefined control sequence.
l.23 ...ct was generated from the following file\+
                                                  :\begin{DoxyCompactItemize}
The control sequence at the end of the top line
of your error message was never \def'ed. If you have
misspelled it (e.g., `\hobx'), type `I' and the correct
spelling (e.g., `I\hbox'). Otherwise just continue,
and I'll forget about whatever was undefined.

Missing character: There is no : in font nullfont!

./struct_smart_data_1_1_units.tex:23: LaTeX Error: Environment DoxyCompactItemize undefined.

See the LaTeX manual or LaTeX Companion for explanation.
Type  H <return>  for immediate help.
 ...                                              
                                                  
l.23 ...ollowing file\+:\begin{DoxyCompactItemize}
                                                  
Your command was ignored.
Type  I <command> <return>  to replace it with another command,
or  <return>  to continue without it.


Overfull \hbox (20.0pt too wide) in paragraph at lines 23--25
[]
 []


./struct_smart_data_1_1_units.tex:25: LaTeX Error: Lonely \item--perhaps a missing list environment.

See the LaTeX manual or LaTeX Companion for explanation.
Type  H <return>  for immediate help.
 ...                                              
                                                  
l.25 s
      ource/vehicle/smartdata/\mbox{\hyperlink{smart__data_8hpp}{smart\+\_\+...
Try typing  <return>  to proceed.
If that doesn't work, type  X <return>  to quit.

Missing character: There is no s in font nullfont!
Missing character: There is no o in font nullfont!
Missing character: There is no u in font nullfont!
Missing character: There is no r in font nullfont!
Missing character: There is no c in font nullfont!
Missing character: There is no e in font nullfont!
Missing character: There is no / in font nullfont!
Missing character: There is no v in font nullfont!
Missing character: There is no e in font nullfont!
Missing character: There is no h in font nullfont!
Missing character: There is no i in font nullfont!
Missing character: There is no c in font nullfont!
Missing character: There is no l in font nullfont!
Missing character: There is no e in font nullfont!
Missing character: There is no / in font nullfont!
Missing character: There is no s in font nullfont!
Missing character: There is no m in font nullfont!
Missing character: There is no a in font nullfont!
Missing character: There is no r in font nullfont!
Missing character: There is no t in font nullfont!
Missing character: There is no d in font nullfont!
Missing character: There is no a in font nullfont!
Missing character: There is no t in font nullfont!
Missing character: There is no a in font nullfont!
Missing character: There is no / in font nullfont!
./struct_smart_data_1_1_units.tex:25: Undefined control sequence.
<argument> \hyperlink 
                      {smart__data_8hpp}{smart\+\_\+data.\+hpp}
l.25 ...{smart__data_8hpp}{smart\+\_\+data.\+hpp}}
                                                  \end{DoxyCompactItemize}
The control sequence at the end of the top line
of your error message was never \def'ed. If you have
misspelled it (e.g., `\hobx'), type `I' and the correct
spelling (e.g., `I\hbox'). Otherwise just continue,
and I'll forget about whatever was undefined.

Missing character: There is no s in font nullfont!
Missing character: There is no m in font nullfont!
Missing character: There is no a in font nullfont!
Missing character: There is no r in font nullfont!
Missing character: There is no t in font nullfont!
./struct_smart_data_1_1_units.tex:25: Missing $ inserted.
<inserted text> 
                $
l.25 ...{smart__data_8hpp}{smart\+\_\+data.\+hpp}}
                                                  \end{DoxyCompactItemize}
I've inserted a begin-math/end-math symbol since I think
you left one out. Proceed, with fingers crossed.

./struct_smart_data_1_1_units.tex:25: Missing { inserted.
<to be read again> 
                   _
l.25 ...{smart__data_8hpp}{smart\+\_\+data.\+hpp}}
                                                  \end{DoxyCompactItemize}
A left brace was mandatory here, so I've put one in.
You might want to delete and/or insert some corrections
so that I will find a matching right brace soon.
(If you're confused by all this, try typing `I}' now.)

./struct_smart_data_1_1_units.tex:25: Undefined control sequence.
<argument> \hyperlink {smart__data_8hpp}{smart\+
                                                \_\+data.\+hpp}
l.25 ...{smart__data_8hpp}{smart\+\_\+data.\+hpp}}
                                                  \end{DoxyCompactItemize}
The control sequence at the end of the top line
of your error message was never \def'ed. If you have
misspelled it (e.g., `\hobx'), type `I' and the correct
spelling (e.g., `I\hbox'). Otherwise just continue,
and I'll forget about whatever was undefined.

./struct_smart_data_1_1_units.tex:25: Undefined control sequence.
<argument> ...rlink {smart__data_8hpp}{smart\+\_\+
                                                  data.\+hpp}
l.25 ...{smart__data_8hpp}{smart\+\_\+data.\+hpp}}
                                                  \end{DoxyCompactItemize}
The control sequence at the end of the top line
of your error message was never \def'ed. If you have
misspelled it (e.g., `\hobx'), type `I' and the correct
spelling (e.g., `I\hbox'). Otherwise just continue,
and I'll forget about whatever was undefined.

./struct_smart_data_1_1_units.tex:25: Undefined control sequence.
<argument> ...smart__data_8hpp}{smart\+\_\+data.\+
                                                  hpp}
l.25 ...{smart__data_8hpp}{smart\+\_\+data.\+hpp}}
                                                  \end{DoxyCompactItemize}
The control sequence at the end of the top line
of your error message was never \def'ed. If you have
misspelled it (e.g., `\hobx'), type `I' and the correct
spelling (e.g., `I\hbox'). Otherwise just continue,
and I'll forget about whatever was undefined.

./struct_smart_data_1_1_units.tex:25: Extra }, or forgotten $.
\mbox  #1->\leavevmode \hbox {#1}
                                 
l.25 ...{smart__data_8hpp}{smart\+\_\+data.\+hpp}}
                                                  \end{DoxyCompactItemize}
I've deleted a group-closing symbol because it seems to be
spurious, as in `$x}$'. But perhaps the } is legitimate and
you forgot something else, as in `\hbox{$x}'. In such cases
the way to recover is to insert both the forgotten and the
deleted material, e.g., by typing `I$}'.


./struct_smart_data_1_1_units.tex:25: LaTeX Error: \begin{document} ended by \end{DoxyCompactItemize}.

See the LaTeX manual or LaTeX Companion for explanation.
Type  H <return>  for immediate help.
 ...                                              
                                                  
l.25 ...\+\_\+data.\+hpp}}\end{DoxyCompactItemize}
                                                  
Your command was ignored.
Type  I <command> <return>  to replace it with another command,
or  <return>  to continue without it.

./struct_smart_data_1_1_units.tex:25: Missing $ inserted.
<inserted text> 
                $
l.25 ...\+\_\+data.\+hpp}}\end{DoxyCompactItemize}
                                                  
I've inserted something that you may have forgotten.
(See the <inserted text> above.)
With luck, this will get me unwedged. But if you
really didn't forget anything, try typing `2' now; then
my insertion and my current dilemma will both disappear.

./struct_smart_data_1_1_units.tex:25: Missing } inserted.
<inserted text> 
                }
l.25 ...\+\_\+data.\+hpp}}\end{DoxyCompactItemize}
                                                  
I've inserted something that you may have forgotten.
(See the <inserted text> above.)
With luck, this will get me unwedged. But if you
really didn't forget anything, try typing `2' now; then
my insertion and my current dilemma will both disappear.

./struct_smart_data_1_1_units.tex:25: Missing } inserted.
<inserted text> 
                }
l.25 ...\+\_\+data.\+hpp}}\end{DoxyCompactItemize}
                                                  
I've inserted something that you may have forgotten.
(See the <inserted text> above.)
With luck, this will get me unwedged. But if you
really didn't forget anything, try typing `2' now; then
my insertion and my current dilemma will both disappear.

)
! Emergency stop.
<*> struct_smart_data_1_1_units.tex
                                   
*** (job aborted, no legal \end found)

 
Here is how much of TeX's memory you used:
 27 strings out of 469269
 634 string characters out of 5467112
 431984 words of memory out of 5000000
 28558 multiletter control sequences out of 15000+600000
 626993 words of font info for 41 fonts, out of 8000000 for 9000
 319 hyphenation exceptions out of 8191
 20i,6n,23p,186b,67s stack positions out of 10000i,1000n,20000p,200000b,200000s
!  ==> Fatal error occurred, no output PDF file produced!
