This is pdfTeX, Version 3.141592653-2.6-1.40.28 (TeX Live 2025) (preloaded format=pdflatex 2025.9.24)  27 SEP 2025 18:54
entering extended mode
 \write18 enabled.
 file:line:error style messages enabled.
 %&-line parsing enabled.
**traits_8hpp_source.tex
(./traits_8hpp_source.tex
LaTeX2e <2025-06-01> patch level 1
L3 programming layer <2025-09-02>
./traits_8hpp_source.tex:1: Undefined control sequence.
l.1 \doxysection
                {traits.\+hpp}
The control sequence at the end of the top line
of your error message was never \def'ed. If you have
misspelled it (e.g., `\hobx'), type `I' and the correct
spelling (e.g., `I\hbox'). Otherwise just continue,
and I'll forget about whatever was undefined.


./traits_8hpp_source.tex:1: LaTeX Error: Missing \begin{document}.

See the LaTeX manual or LaTeX Companion for explanation.
Type  H <return>  for immediate help.
 ...                                              
                                                  
l.1 \doxysection{t
                  raits.\+hpp}
You're in trouble here.  Try typing  <return>  to proceed.
If that doesn't work, type  X <return>  to quit.

Missing character: There is no t in font nullfont!
Missing character: There is no r in font nullfont!
Missing character: There is no a in font nullfont!
Missing character: There is no i in font nullfont!
Missing character: There is no t in font nullfont!
Missing character: There is no s in font nullfont!
Missing character: There is no . in font nullfont!
./traits_8hpp_source.tex:1: Undefined control sequence.
l.1 \doxysection{traits.\+
                          hpp}
The control sequence at the end of the top line
of your error message was never \def'ed. If you have
misspelled it (e.g., `\hobx'), type `I' and the correct
spelling (e.g., `I\hbox'). Otherwise just continue,
and I'll forget about whatever was undefined.

Missing character: There is no h in font nullfont!
Missing character: There is no p in font nullfont!
Missing character: There is no p in font nullfont!
./traits_8hpp_source.tex:2: Undefined control sequence.
l.2 \hypertarget
                {traits_8hpp_source}{}\label{traits_8hpp_source}\index{sourc...
The control sequence at the end of the top line
of your error message was never \def'ed. If you have
misspelled it (e.g., `\hobx'), type `I' and the correct
spelling (e.g., `I\hbox'). Otherwise just continue,
and I'll forget about whatever was undefined.

Missing character: There is no t in font nullfont!
Missing character: There is no r in font nullfont!
Missing character: There is no a in font nullfont!
Missing character: There is no i in font nullfont!
Missing character: There is no t in font nullfont!
Missing character: There is no s in font nullfont!
./traits_8hpp_source.tex:2: Missing $ inserted.
<inserted text> 
                $
l.2 \hypertarget{traits_
                        8hpp_source}{}\label{traits_8hpp_source}\index{sourc...
I've inserted a begin-math/end-math symbol since I think
you left one out. Proceed, with fingers crossed.

LaTeX Font Info:    External font `cmex10' loaded for size
(Font)              <7> on input line 2.
LaTeX Font Info:    External font `cmex10' loaded for size
(Font)              <5> on input line 2.
./traits_8hpp_source.tex:2: Extra }, or forgotten $.
l.2 \hypertarget{traits_8hpp_source}
                                    {}\label{traits_8hpp_source}\index{sourc...
I've deleted a group-closing symbol because it seems to be
spurious, as in `$x}$'. But perhaps the } is legitimate and
you forgot something else, as in `\hbox{$x}'. In such cases
the way to recover is to insert both the forgotten and the
deleted material, e.g., by typing `I$}'.

./traits_8hpp_source.tex:3: Undefined control sequence.
<argument> \hyperlink 
                      {traits_8hpp}{Go to the documentation of this file.}
l.3 ...pp}{Go to the documentation of this file.}}
                                                  
The control sequence at the end of the top line
of your error message was never \def'ed. If you have
misspelled it (e.g., `\hobx'), type `I' and the correct
spelling (e.g., `I\hbox'). Otherwise just continue,
and I'll forget about whatever was undefined.

Missing character: There is no t in font nullfont!
Missing character: There is no r in font nullfont!
Missing character: There is no a in font nullfont!
Missing character: There is no i in font nullfont!
Missing character: There is no t in font nullfont!
Missing character: There is no s in font nullfont!
./traits_8hpp_source.tex:3: Missing $ inserted.
<inserted text> 
                $
l.3 ...pp}{Go to the documentation of this file.}}
                                                  
I've inserted a begin-math/end-math symbol since I think
you left one out. Proceed, with fingers crossed.

./traits_8hpp_source.tex:3: Extra }, or forgotten $.
<argument> \hyperlink {traits_8hpp}
                                   {Go to the documentation of this file.}
l.3 ...pp}{Go to the documentation of this file.}}
                                                  
I've deleted a group-closing symbol because it seems to be
spurious, as in `$x}$'. But perhaps the } is legitimate and
you forgot something else, as in `\hbox{$x}'. In such cases
the way to recover is to insert both the forgotten and the
deleted material, e.g., by typing `I$}'.

./traits_8hpp_source.tex:3: Extra }, or forgotten $.
\mbox  #1->\leavevmode \hbox {#1}
                                 
l.3 ...pp}{Go to the documentation of this file.}}
                                                  
I've deleted a group-closing symbol because it seems to be
spurious, as in `$x}$'. But perhaps the } is legitimate and
you forgot something else, as in `\hbox{$x}'. In such cases
the way to recover is to insert both the forgotten and the
deleted material, e.g., by typing `I$}'.


./traits_8hpp_source.tex:4: LaTeX Error: Environment DoxyCode undefined.

See the LaTeX manual or LaTeX Companion for explanation.
Type  H <return>  for immediate help.
 ...                                              
                                                  
l.4 \begin{DoxyCode}
                    {0}
Your command was ignored.
Type  I <command> <return>  to replace it with another command,
or  <return>  to continue without it.

./traits_8hpp_source.tex:5: Undefined control sequence.
l.5 \DoxyCodeLine
                 {00001\ \textcolor{comment}{//\ traits.hpp}}
The control sequence at the end of the top line
of your error message was never \def'ed. If you have
misspelled it (e.g., `\hobx'), type `I' and the correct
spelling (e.g., `I\hbox'). Otherwise just continue,
and I'll forget about whatever was undefined.

./traits_8hpp_source.tex:5: Undefined control sequence.
l.5 \DoxyCodeLine{00001\ \textcolor
                                   {comment}{//\ traits.hpp}}
The control sequence at the end of the top line
of your error message was never \def'ed. If you have
misspelled it (e.g., `\hobx'), type `I' and the correct
spelling (e.g., `I\hbox'). Otherwise just continue,
and I'll forget about whatever was undefined.

./traits_8hpp_source.tex:6: Undefined control sequence.
l.6 \DoxyCodeLine
                 {00002\ \textcolor{preprocessor}{\#ifndef\ TRAITS\_HPP}}
The control sequence at the end of the top line
of your error message was never \def'ed. If you have
misspelled it (e.g., `\hobx'), type `I' and the correct
spelling (e.g., `I\hbox'). Otherwise just continue,
and I'll forget about whatever was undefined.

./traits_8hpp_source.tex:6: Undefined control sequence.
l.6 \DoxyCodeLine{00002\ \textcolor
                                   {preprocessor}{\#ifndef\ TRAITS\_HPP}}
The control sequence at the end of the top line
of your error message was never \def'ed. If you have
misspelled it (e.g., `\hobx'), type `I' and the correct
spelling (e.g., `I\hbox'). Otherwise just continue,
and I'll forget about whatever was undefined.

./traits_8hpp_source.tex:7: Undefined control sequence.
l.7 \DoxyCodeLine
                 {00003\ \textcolor{preprocessor}{\#define\ TRAITS\_HPP}}
The control sequence at the end of the top line
of your error message was never \def'ed. If you have
misspelled it (e.g., `\hobx'), type `I' and the correct
spelling (e.g., `I\hbox'). Otherwise just continue,
and I'll forget about whatever was undefined.

./traits_8hpp_source.tex:7: Undefined control sequence.
l.7 \DoxyCodeLine{00003\ \textcolor
                                   {preprocessor}{\#define\ TRAITS\_HPP}}
The control sequence at the end of the top line
of your error message was never \def'ed. If you have
misspelled it (e.g., `\hobx'), type `I' and the correct
spelling (e.g., `I\hbox'). Otherwise just continue,
and I'll forget about whatever was undefined.

./traits_8hpp_source.tex:8: Undefined control sequence.
l.8 \DoxyCodeLine
                 {00004\ }
The control sequence at the end of the top line
of your error message was never \def'ed. If you have
misspelled it (e.g., `\hobx'), type `I' and the correct
spelling (e.g., `I\hbox'). Otherwise just continue,
and I'll forget about whatever was undefined.

./traits_8hpp_source.tex:9: Undefined control sequence.
l.9 \DoxyCodeLine
                 {00005\ \textcolor{preprocessor}{\#include\ "{}\mbox{\hyper...
The control sequence at the end of the top line
of your error message was never \def'ed. If you have
misspelled it (e.g., `\hobx'), type `I' and the correct
spelling (e.g., `I\hbox'). Otherwise just continue,
and I'll forget about whatever was undefined.

./traits_8hpp_source.tex:9: Undefined control sequence.
l.9 \DoxyCodeLine{00005\ \textcolor
                                   {preprocessor}{\#include\ "{}\mbox{\hyper...
The control sequence at the end of the top line
of your error message was never \def'ed. If you have
misspelled it (e.g., `\hobx'), type `I' and the correct
spelling (e.g., `I\hbox'). Otherwise just continue,
and I'll forget about whatever was undefined.

./traits_8hpp_source.tex:9: Undefined control sequence.
<argument> \hyperlink 
                      {ethernet_8hpp}{api/network/definitions/ethernet.hpp}
l.9 ...hpp}{api/network/definitions/ethernet.hpp}}
                                                  "{}}}
The control sequence at the end of the top line
of your error message was never \def'ed. If you have
misspelled it (e.g., `\hobx'), type `I' and the correct
spelling (e.g., `I\hbox'). Otherwise just continue,
and I'll forget about whatever was undefined.

Missing character: There is no e in font nullfont!
Missing character: There is no t in font nullfont!
Missing character: There is no h in font nullfont!
Missing character: There is no e in font nullfont!
Missing character: There is no r in font nullfont!
Missing character: There is no n in font nullfont!
Missing character: There is no e in font nullfont!
Missing character: There is no t in font nullfont!
./traits_8hpp_source.tex:9: Missing $ inserted.
<inserted text> 
                $
l.9 ...hpp}{api/network/definitions/ethernet.hpp}}
                                                  "{}}}
I've inserted a begin-math/end-math symbol since I think
you left one out. Proceed, with fingers crossed.

./traits_8hpp_source.tex:9: Extra }, or forgotten $.
<argument> \hyperlink {ethernet_8hpp}
                                     {api/network/definitions/ethernet.hpp}
l.9 ...hpp}{api/network/definitions/ethernet.hpp}}
                                                  "{}}}
I've deleted a group-closing symbol because it seems to be
spurious, as in `$x}$'. But perhaps the } is legitimate and
you forgot something else, as in `\hbox{$x}'. In such cases
the way to recover is to insert both the forgotten and the
deleted material, e.g., by typing `I$}'.

./traits_8hpp_source.tex:9: Extra }, or forgotten $.
\mbox  #1->\leavevmode \hbox {#1}
                                 
l.9 ...hpp}{api/network/definitions/ethernet.hpp}}
                                                  "{}}}
I've deleted a group-closing symbol because it seems to be
spurious, as in `$x}$'. But perhaps the } is legitimate and
you forgot something else, as in `\hbox{$x}'. In such cases
the way to recover is to insert both the forgotten and the
deleted material, e.g., by typing `I$}'.

./traits_8hpp_source.tex:9: Extra }, or forgotten $.
l.9 ...{api/network/definitions/ethernet.hpp}}"{}}
                                                  }
I've deleted a group-closing symbol because it seems to be
spurious, as in `$x}$'. But perhaps the } is legitimate and
you forgot something else, as in `\hbox{$x}'. In such cases
the way to recover is to insert both the forgotten and the
deleted material, e.g., by typing `I$}'.

./traits_8hpp_source.tex:9: Extra }, or forgotten $.
l.9 ...api/network/definitions/ethernet.hpp}}"{}}}
                                                  
I've deleted a group-closing symbol because it seems to be
spurious, as in `$x}$'. But perhaps the } is legitimate and
you forgot something else, as in `\hbox{$x}'. In such cases
the way to recover is to insert both the forgotten and the
deleted material, e.g., by typing `I$}'.

./traits_8hpp_source.tex:10: Undefined control sequence.
l.10 \DoxyCodeLine
                  {00006\ }
The control sequence at the end of the top line
of your error message was never \def'ed. If you have
misspelled it (e.g., `\hobx'), type `I' and the correct
spelling (e.g., `I\hbox'). Otherwise just continue,
and I'll forget about whatever was undefined.

./traits_8hpp_source.tex:11: Undefined control sequence.
l.11 \DoxyCodeLine
                  {00007\ \textcolor{comment}{//\ forward\ declaration\ as\ ...
The control sequence at the end of the top line
of your error message was never \def'ed. If you have
misspelled it (e.g., `\hobx'), type `I' and the correct
spelling (e.g., `I\hbox'). Otherwise just continue,
and I'll forget about whatever was undefined.

./traits_8hpp_source.tex:11: Undefined control sequence.
l.11 \DoxyCodeLine{00007\ \textcolor
                                    {comment}{//\ forward\ declaration\ as\ ...
The control sequence at the end of the top line
of your error message was never \def'ed. If you have
misspelled it (e.g., `\hobx'), type `I' and the correct
spelling (e.g., `I\hbox'). Otherwise just continue,
and I'll forget about whatever was undefined.

./traits_8hpp_source.tex:12: Undefined control sequence.
l.12 \DoxyCodeLine
                  {00008\ \textcolor{comment}{//\ specific\ to\ each\ protoc...
The control sequence at the end of the top line
of your error message was never \def'ed. If you have
misspelled it (e.g., `\hobx'), type `I' and the correct
spelling (e.g., `I\hbox'). Otherwise just continue,
and I'll forget about whatever was undefined.

./traits_8hpp_source.tex:12: Undefined control sequence.
l.12 \DoxyCodeLine{00008\ \textcolor
                                    {comment}{//\ specific\ to\ each\ protoc...
The control sequence at the end of the top line
of your error message was never \def'ed. If you have
misspelled it (e.g., `\hobx'), type `I' and the correct
spelling (e.g., `I\hbox'). Otherwise just continue,
and I'll forget about whatever was undefined.

./traits_8hpp_source.tex:13: Undefined control sequence.
l.13 \DoxyCodeLine
                  {00009\ }
The control sequence at the end of the top line
of your error message was never \def'ed. If you have
misspelled it (e.g., `\hobx'), type `I' and the correct
spelling (e.g., `I\hbox'). Otherwise just continue,
and I'll forget about whatever was undefined.

./traits_8hpp_source.tex:14: Undefined control sequence.
l.14 \DoxyCodeLine
                  {00010\ \textcolor{keyword}{template}<\textcolor{keyword}{...
The control sequence at the end of the top line
of your error message was never \def'ed. If you have
misspelled it (e.g., `\hobx'), type `I' and the correct
spelling (e.g., `I\hbox'). Otherwise just continue,
and I'll forget about whatever was undefined.

./traits_8hpp_source.tex:14: Undefined control sequence.
l.14 \DoxyCodeLine{00010\ \textcolor
                                    {keyword}{template}<\textcolor{keyword}{...
The control sequence at the end of the top line
of your error message was never \def'ed. If you have
misspelled it (e.g., `\hobx'), type `I' and the correct
spelling (e.g., `I\hbox'). Otherwise just continue,
and I'll forget about whatever was undefined.

./traits_8hpp_source.tex:14: Undefined control sequence.
l.14 ...\ \textcolor{keyword}{template}<\textcolor
                                                  {keyword}{typename}\ NIC,\...
The control sequence at the end of the top line
of your error message was never \def'ed. If you have
misspelled it (e.g., `\hobx'), type `I' and the correct
spelling (e.g., `I\hbox'). Otherwise just continue,
and I'll forget about whatever was undefined.

./traits_8hpp_source.tex:14: Undefined control sequence.
l.14 ...color{keyword}{typename}\ NIC,\ \textcolor
                                                  {keyword}{typename}\ NIC2>}
The control sequence at the end of the top line
of your error message was never \def'ed. If you have
misspelled it (e.g., `\hobx'), type `I' and the correct
spelling (e.g., `I\hbox'). Otherwise just continue,
and I'll forget about whatever was undefined.

./traits_8hpp_source.tex:15: Undefined control sequence.
l.15 \DoxyCodeLine
                  {00011\ \textcolor{keyword}{class\ }\mbox{\hyperlink{class...
The control sequence at the end of the top line
of your error message was never \def'ed. If you have
misspelled it (e.g., `\hobx'), type `I' and the correct
spelling (e.g., `I\hbox'). Otherwise just continue,
and I'll forget about whatever was undefined.

./traits_8hpp_source.tex:15: Undefined control sequence.
l.15 \DoxyCodeLine{00011\ \textcolor
                                    {keyword}{class\ }\mbox{\hyperlink{class...
The control sequence at the end of the top line
of your error message was never \def'ed. If you have
misspelled it (e.g., `\hobx'), type `I' and the correct
spelling (e.g., `I\hbox'). Otherwise just continue,
and I'll forget about whatever was undefined.

./traits_8hpp_source.tex:15: Undefined control sequence.
<argument> \hyperlink 
                      {class_protocol}{Protocol}
l.15 ...mbox{\hyperlink{class_protocol}{Protocol}}
                                                  ;}
The control sequence at the end of the top line
of your error message was never \def'ed. If you have
misspelled it (e.g., `\hobx'), type `I' and the correct
spelling (e.g., `I\hbox'). Otherwise just continue,
and I'll forget about whatever was undefined.

Missing character: There is no c in font nullfont!
Missing character: There is no l in font nullfont!
Missing character: There is no a in font nullfont!
Missing character: There is no s in font nullfont!
Missing character: There is no s in font nullfont!
./traits_8hpp_source.tex:15: Missing $ inserted.
<inserted text> 
                $
l.15 ...mbox{\hyperlink{class_protocol}{Protocol}}
                                                  ;}
I've inserted a begin-math/end-math symbol since I think
you left one out. Proceed, with fingers crossed.

./traits_8hpp_source.tex:15: Extra }, or forgotten $.
<argument> \hyperlink {class_protocol}
                                      {Protocol}
l.15 ...mbox{\hyperlink{class_protocol}{Protocol}}
                                                  ;}
I've deleted a group-closing symbol because it seems to be
spurious, as in `$x}$'. But perhaps the } is legitimate and
you forgot something else, as in `\hbox{$x}'. In such cases
the way to recover is to insert both the forgotten and the
deleted material, e.g., by typing `I$}'.

./traits_8hpp_source.tex:15: Extra }, or forgotten $.
\mbox  #1->\leavevmode \hbox {#1}
                                 
l.15 ...mbox{\hyperlink{class_protocol}{Protocol}}
                                                  ;}
I've deleted a group-closing symbol because it seems to be
spurious, as in `$x}$'. But perhaps the } is legitimate and
you forgot something else, as in `\hbox{$x}'. In such cases
the way to recover is to insert both the forgotten and the
deleted material, e.g., by typing `I$}'.

./traits_8hpp_source.tex:15: Extra }, or forgotten $.
l.15 ...ox{\hyperlink{class_protocol}{Protocol}};}
                                                  
I've deleted a group-closing symbol because it seems to be
spurious, as in `$x}$'. But perhaps the } is legitimate and
you forgot something else, as in `\hbox{$x}'. In such cases
the way to recover is to insert both the forgotten and the
deleted material, e.g., by typing `I$}'.

./traits_8hpp_source.tex:16: Undefined control sequence.
l.16 \DoxyCodeLine
                  {00012\ }
The control sequence at the end of the top line
of your error message was never \def'ed. If you have
misspelled it (e.g., `\hobx'), type `I' and the correct
spelling (e.g., `I\hbox'). Otherwise just continue,
and I'll forget about whatever was undefined.

./traits_8hpp_source.tex:17: Undefined control sequence.
l.17 \DoxyCodeLine
                  {00013\ \textcolor{keyword}{template}<\textcolor{keyword}{...
The control sequence at the end of the top line
of your error message was never \def'ed. If you have
misspelled it (e.g., `\hobx'), type `I' and the correct
spelling (e.g., `I\hbox'). Otherwise just continue,
and I'll forget about whatever was undefined.

./traits_8hpp_source.tex:17: Undefined control sequence.
l.17 \DoxyCodeLine{00013\ \textcolor
                                    {keyword}{template}<\textcolor{keyword}{...
The control sequence at the end of the top line
of your error message was never \def'ed. If you have
misspelled it (e.g., `\hobx'), type `I' and the correct
spelling (e.g., `I\hbox'). Otherwise just continue,
and I'll forget about whatever was undefined.

./traits_8hpp_source.tex:17: Undefined control sequence.
l.17 ...\ \textcolor{keyword}{template}<\textcolor
                                                  {keyword}{typename}\ T>}
The control sequence at the end of the top line
of your error message was never \def'ed. If you have
misspelled it (e.g., `\hobx'), type `I' and the correct
spelling (e.g., `I\hbox'). Otherwise just continue,
and I'll forget about whatever was undefined.

./traits_8hpp_source.tex:18: Undefined control sequence.
l.18 \DoxyCodeLine
                  {00014\ \textcolor{keyword}{struct\ }\mbox{\hyperlink{stru...
The control sequence at the end of the top line
of your error message was never \def'ed. If you have
misspelled it (e.g., `\hobx'), type `I' and the correct
spelling (e.g., `I\hbox'). Otherwise just continue,
and I'll forget about whatever was undefined.

./traits_8hpp_source.tex:18: Undefined control sequence.
l.18 \DoxyCodeLine{00014\ \textcolor
                                    {keyword}{struct\ }\mbox{\hyperlink{stru...
The control sequence at the end of the top line
of your error message was never \def'ed. If you have
misspelled it (e.g., `\hobx'), type `I' and the correct
spelling (e.g., `I\hbox'). Otherwise just continue,
and I'll forget about whatever was undefined.

./traits_8hpp_source.tex:18: Undefined control sequence.
<argument> \hyperlink 
                      {struct_traits}{Traits}
l.18 ... }\mbox{\hyperlink{struct_traits}{Traits}}
                                                  \ \{\};}
The control sequence at the end of the top line
of your error message was never \def'ed. If you have
misspelled it (e.g., `\hobx'), type `I' and the correct
spelling (e.g., `I\hbox'). Otherwise just continue,
and I'll forget about whatever was undefined.

Missing character: There is no s in font nullfont!
Missing character: There is no t in font nullfont!
Missing character: There is no r in font nullfont!
Missing character: There is no u in font nullfont!
Missing character: There is no c in font nullfont!
Missing character: There is no t in font nullfont!
./traits_8hpp_source.tex:18: Missing $ inserted.
<inserted text> 
                $
l.18 ... }\mbox{\hyperlink{struct_traits}{Traits}}
                                                  \ \{\};}
I've inserted a begin-math/end-math symbol since I think
you left one out. Proceed, with fingers crossed.

./traits_8hpp_source.tex:18: Extra }, or forgotten $.
<argument> \hyperlink {struct_traits}
                                     {Traits}
l.18 ... }\mbox{\hyperlink{struct_traits}{Traits}}
                                                  \ \{\};}
I've deleted a group-closing symbol because it seems to be
spurious, as in `$x}$'. But perhaps the } is legitimate and
you forgot something else, as in `\hbox{$x}'. In such cases
the way to recover is to insert both the forgotten and the
deleted material, e.g., by typing `I$}'.

./traits_8hpp_source.tex:18: Extra }, or forgotten $.
\mbox  #1->\leavevmode \hbox {#1}
                                 
l.18 ... }\mbox{\hyperlink{struct_traits}{Traits}}
                                                  \ \{\};}
I've deleted a group-closing symbol because it seems to be
spurious, as in `$x}$'. But perhaps the } is legitimate and
you forgot something else, as in `\hbox{$x}'. In such cases
the way to recover is to insert both the forgotten and the
deleted material, e.g., by typing `I$}'.

./traits_8hpp_source.tex:18: Extra }, or forgotten $.
l.18 ...\hyperlink{struct_traits}{Traits}}\ \{\};}
                                                  
I've deleted a group-closing symbol because it seems to be
spurious, as in `$x}$'. But perhaps the } is legitimate and
you forgot something else, as in `\hbox{$x}'. In such cases
the way to recover is to insert both the forgotten and the
deleted material, e.g., by typing `I$}'.

./traits_8hpp_source.tex:19: Undefined control sequence.
l.19 \DoxyCodeLine
                  {00015\ }
The control sequence at the end of the top line
of your error message was never \def'ed. If you have
misspelled it (e.g., `\hobx'), type `I' and the correct
spelling (e.g., `I\hbox'). Otherwise just continue,
and I'll forget about whatever was undefined.

./traits_8hpp_source.tex:20: Undefined control sequence.
l.20 \DoxyCodeLine
                  {00016\ \textcolor{keyword}{template}<\textcolor{keyword}{...
The control sequence at the end of the top line
of your error message was never \def'ed. If you have
misspelled it (e.g., `\hobx'), type `I' and the correct
spelling (e.g., `I\hbox'). Otherwise just continue,
and I'll forget about whatever was undefined.

./traits_8hpp_source.tex:20: Undefined control sequence.
l.20 \DoxyCodeLine{00016\ \textcolor
                                    {keyword}{template}<\textcolor{keyword}{...
The control sequence at the end of the top line
of your error message was never \def'ed. If you have
misspelled it (e.g., `\hobx'), type `I' and the correct
spelling (e.g., `I\hbox'). Otherwise just continue,
and I'll forget about whatever was undefined.

./traits_8hpp_source.tex:20: Undefined control sequence.
l.20 ...\ \textcolor{keyword}{template}<\textcolor
                                                  {keyword}{typename}\ NIC,\...
The control sequence at the end of the top line
of your error message was never \def'ed. If you have
misspelled it (e.g., `\hobx'), type `I' and the correct
spelling (e.g., `I\hbox'). Otherwise just continue,
and I'll forget about whatever was undefined.

./traits_8hpp_source.tex:20: Undefined control sequence.
l.20 ...color{keyword}{typename}\ NIC,\ \textcolor
                                                  {keyword}{typename}\ NIC2>}
The control sequence at the end of the top line
of your error message was never \def'ed. If you have
misspelled it (e.g., `\hobx'), type `I' and the correct
spelling (e.g., `I\hbox'). Otherwise just continue,
and I'll forget about whatever was undefined.

./traits_8hpp_source.tex:21: Undefined control sequence.
l.21 \DoxyCodeLine
                  {00017\ \textcolor{keyword}{struct\ }\mbox{\hyperlink{stru...
The control sequence at the end of the top line
of your error message was never \def'ed. If you have
misspelled it (e.g., `\hobx'), type `I' and the correct
spelling (e.g., `I\hbox'). Otherwise just continue,
and I'll forget about whatever was undefined.

./traits_8hpp_source.tex:21: Undefined control sequence.
l.21 \DoxyCodeLine{00017\ \textcolor
                                    {keyword}{struct\ }\mbox{\hyperlink{stru...
The control sequence at the end of the top line
of your error message was never \def'ed. If you have
misspelled it (e.g., `\hobx'), type `I' and the correct
spelling (e.g., `I\hbox'). Otherwise just continue,
and I'll forget about whatever was undefined.

./traits_8hpp_source.tex:21: Undefined control sequence.
<argument> \hyperlink 
                      {struct_traits}{Traits}
l.21 ... }\mbox{\hyperlink{struct_traits}{Traits}}
                                                  <\mbox{\hyperlink{class_pr...
The control sequence at the end of the top line
of your error message was never \def'ed. If you have
misspelled it (e.g., `\hobx'), type `I' and the correct
spelling (e.g., `I\hbox'). Otherwise just continue,
and I'll forget about whatever was undefined.

Missing character: There is no s in font nullfont!
Missing character: There is no t in font nullfont!
Missing character: There is no r in font nullfont!
Missing character: There is no u in font nullfont!
Missing character: There is no c in font nullfont!
Missing character: There is no t in font nullfont!
./traits_8hpp_source.tex:21: Missing $ inserted.
<inserted text> 
                $
l.21 ... }\mbox{\hyperlink{struct_traits}{Traits}}
                                                  <\mbox{\hyperlink{class_pr...
I've inserted a begin-math/end-math symbol since I think
you left one out. Proceed, with fingers crossed.

./traits_8hpp_source.tex:21: Extra }, or forgotten $.
<argument> \hyperlink {struct_traits}
                                     {Traits}
l.21 ... }\mbox{\hyperlink{struct_traits}{Traits}}
                                                  <\mbox{\hyperlink{class_pr...
I've deleted a group-closing symbol because it seems to be
spurious, as in `$x}$'. But perhaps the } is legitimate and
you forgot something else, as in `\hbox{$x}'. In such cases
the way to recover is to insert both the forgotten and the
deleted material, e.g., by typing `I$}'.

./traits_8hpp_source.tex:21: Extra }, or forgotten $.
\mbox  #1->\leavevmode \hbox {#1}
                                 
l.21 ... }\mbox{\hyperlink{struct_traits}{Traits}}
                                                  <\mbox{\hyperlink{class_pr...
I've deleted a group-closing symbol because it seems to be
spurious, as in `$x}$'. But perhaps the } is legitimate and
you forgot something else, as in `\hbox{$x}'. In such cases
the way to recover is to insert both the forgotten and the
deleted material, e.g., by typing `I$}'.

./traits_8hpp_source.tex:21: Undefined control sequence.
<argument> \hyperlink 
                      {class_protocol}{Protocol}
l.21 ...mbox{\hyperlink{class_protocol}{Protocol}}
                                                  <\mbox{\hyperlink{class_n_...
The control sequence at the end of the top line
of your error message was never \def'ed. If you have
misspelled it (e.g., `\hobx'), type `I' and the correct
spelling (e.g., `I\hbox'). Otherwise just continue,
and I'll forget about whatever was undefined.

Missing character: There is no c in font nullfont!
Missing character: There is no l in font nullfont!
Missing character: There is no a in font nullfont!
Missing character: There is no s in font nullfont!
Missing character: There is no s in font nullfont!
./traits_8hpp_source.tex:21: Missing $ inserted.
<inserted text> 
                $
l.21 ...mbox{\hyperlink{class_protocol}{Protocol}}
                                                  <\mbox{\hyperlink{class_n_...
I've inserted a begin-math/end-math symbol since I think
you left one out. Proceed, with fingers crossed.

./traits_8hpp_source.tex:21: Extra }, or forgotten $.
<argument> \hyperlink {class_protocol}
                                      {Protocol}
l.21 ...mbox{\hyperlink{class_protocol}{Protocol}}
                                                  <\mbox{\hyperlink{class_n_...
I've deleted a group-closing symbol because it seems to be
spurious, as in `$x}$'. But perhaps the } is legitimate and
you forgot something else, as in `\hbox{$x}'. In such cases
the way to recover is to insert both the forgotten and the
deleted material, e.g., by typing `I$}'.

./traits_8hpp_source.tex:21: Extra }, or forgotten $.
\mbox  #1->\leavevmode \hbox {#1}
                                 
l.21 ...mbox{\hyperlink{class_protocol}{Protocol}}
                                                  <\mbox{\hyperlink{class_n_...
I've deleted a group-closing symbol because it seems to be
spurious, as in `$x}$'. But perhaps the } is legitimate and
you forgot something else, as in `\hbox{$x}'. In such cases
the way to recover is to insert both the forgotten and the
deleted material, e.g., by typing `I$}'.

./traits_8hpp_source.tex:21: Undefined control sequence.
<argument> \hyperlink 
                      {class_n_i_c}{NIC}
l.21 ...ocol}}<\mbox{\hyperlink{class_n_i_c}{NIC}}
                                                  ,\ NIC2>>\ \{}
The control sequence at the end of the top line
of your error message was never \def'ed. If you have
misspelled it (e.g., `\hobx'), type `I' and the correct
spelling (e.g., `I\hbox'). Otherwise just continue,
and I'll forget about whatever was undefined.

Missing character: There is no c in font nullfont!
Missing character: There is no l in font nullfont!
Missing character: There is no a in font nullfont!
Missing character: There is no s in font nullfont!
Missing character: There is no s in font nullfont!
./traits_8hpp_source.tex:21: Missing $ inserted.
<inserted text> 
                $
l.21 ...ocol}}<\mbox{\hyperlink{class_n_i_c}{NIC}}
                                                  ,\ NIC2>>\ \{}
I've inserted a begin-math/end-math symbol since I think
you left one out. Proceed, with fingers crossed.

./traits_8hpp_source.tex:21: Double subscript.
<argument> \hyperlink {class_n_
                               i_c}{NIC}
l.21 ...ocol}}<\mbox{\hyperlink{class_n_i_c}{NIC}}
                                                  ,\ NIC2>>\ \{}
I treat `x_1_2' essentially like `x_1{}_2'.

./traits_8hpp_source.tex:21: Double subscript.
<argument> \hyperlink {class_n_i_
                                 c}{NIC}
l.21 ...ocol}}<\mbox{\hyperlink{class_n_i_c}{NIC}}
                                                  ,\ NIC2>>\ \{}
I treat `x_1_2' essentially like `x_1{}_2'.

./traits_8hpp_source.tex:21: Extra }, or forgotten $.
<argument> \hyperlink {class_n_i_c}
                                   {NIC}
l.21 ...ocol}}<\mbox{\hyperlink{class_n_i_c}{NIC}}
                                                  ,\ NIC2>>\ \{}
I've deleted a group-closing symbol because it seems to be
spurious, as in `$x}$'. But perhaps the } is legitimate and
you forgot something else, as in `\hbox{$x}'. In such cases
the way to recover is to insert both the forgotten and the
deleted material, e.g., by typing `I$}'.

./traits_8hpp_source.tex:21: Extra }, or forgotten $.
\mbox  #1->\leavevmode \hbox {#1}
                                 
l.21 ...ocol}}<\mbox{\hyperlink{class_n_i_c}{NIC}}
                                                  ,\ NIC2>>\ \{}
I've deleted a group-closing symbol because it seems to be
spurious, as in `$x}$'. But perhaps the } is legitimate and
you forgot something else, as in `\hbox{$x}'. In such cases
the way to recover is to insert both the forgotten and the
deleted material, e.g., by typing `I$}'.

./traits_8hpp_source.tex:21: Extra }, or forgotten $.
l.21 ...hyperlink{class_n_i_c}{NIC}},\ NIC2>>\ \{}
                                                  
I've deleted a group-closing symbol because it seems to be
spurious, as in `$x}$'. But perhaps the } is legitimate and
you forgot something else, as in `\hbox{$x}'. In such cases
the way to recover is to insert both the forgotten and the
deleted material, e.g., by typing `I$}'.

./traits_8hpp_source.tex:22: Undefined control sequence.
l.22 \DoxyCodeLine
                  {00018\ \ \ \ \ \textcolor{keyword}{static}\ \textcolor{ke...
The control sequence at the end of the top line
of your error message was never \def'ed. If you have
misspelled it (e.g., `\hobx'), type `I' and the correct
spelling (e.g., `I\hbox'). Otherwise just continue,
and I'll forget about whatever was undefined.

./traits_8hpp_source.tex:22: Undefined control sequence.
l.22 \DoxyCodeLine{00018\ \ \ \ \ \textcolor
                                            {keyword}{static}\ \textcolor{ke...
The control sequence at the end of the top line
of your error message was never \def'ed. If you have
misspelled it (e.g., `\hobx'), type `I' and the correct
spelling (e.g., `I\hbox'). Otherwise just continue,
and I'll forget about whatever was undefined.

./traits_8hpp_source.tex:22: Undefined control sequence.
l.22 ... \ \textcolor{keyword}{static}\ \textcolor
                                                  {keyword}{const}\ \textcol...
The control sequence at the end of the top line
of your error message was never \def'ed. If you have
misspelled it (e.g., `\hobx'), type `I' and the correct
spelling (e.g., `I\hbox'). Otherwise just continue,
and I'll forget about whatever was undefined.

./traits_8hpp_source.tex:22: Undefined control sequence.
l.22 ...c}\ \textcolor{keyword}{const}\ \textcolor
                                                  {keyword}{typename}\ \mbox...
The control sequence at the end of the top line
of your error message was never \def'ed. If you have
misspelled it (e.g., `\hobx'), type `I' and the correct
spelling (e.g., `I\hbox'). Otherwise just continue,
and I'll forget about whatever was undefined.

./traits_8hpp_source.tex:22: Undefined control sequence.
<argument> \hyperlink 
                      {class_ethernet_a02735b7ba51716771bef61248247e9ea}{Eth...
l.22 ...16771bef61248247e9ea}{Ethernet::Protocol}}
                                                  \ \mbox{\hyperlink{struct_...
The control sequence at the end of the top line
of your error message was never \def'ed. If you have
misspelled it (e.g., `\hobx'), type `I' and the correct
spelling (e.g., `I\hbox'). Otherwise just continue,
and I'll forget about whatever was undefined.

Missing character: There is no c in font nullfont!
Missing character: There is no l in font nullfont!
Missing character: There is no a in font nullfont!
Missing character: There is no s in font nullfont!
Missing character: There is no s in font nullfont!
./traits_8hpp_source.tex:22: Missing $ inserted.
<inserted text> 
                $
l.22 ...16771bef61248247e9ea}{Ethernet::Protocol}}
                                                  \ \mbox{\hyperlink{struct_...
I've inserted a begin-math/end-math symbol since I think
you left one out. Proceed, with fingers crossed.

./traits_8hpp_source.tex:22: Extra }, or forgotten $.
<argument> ...t_a02735b7ba51716771bef61248247e9ea}
                                                  {Ethernet::Protocol}
l.22 ...16771bef61248247e9ea}{Ethernet::Protocol}}
                                                  \ \mbox{\hyperlink{struct_...
I've deleted a group-closing symbol because it seems to be
spurious, as in `$x}$'. But perhaps the } is legitimate and
you forgot something else, as in `\hbox{$x}'. In such cases
the way to recover is to insert both the forgotten and the
deleted material, e.g., by typing `I$}'.

./traits_8hpp_source.tex:22: Extra }, or forgotten $.
\mbox  #1->\leavevmode \hbox {#1}
                                 
l.22 ...16771bef61248247e9ea}{Ethernet::Protocol}}
                                                  \ \mbox{\hyperlink{struct_...
I've deleted a group-closing symbol because it seems to be
spurious, as in `$x}$'. But perhaps the } is legitimate and
you forgot something else, as in `\hbox{$x}'. In such cases
the way to recover is to insert both the forgotten and the
deleted material, e.g., by typing `I$}'.

./traits_8hpp_source.tex:22: Undefined control sequence.
<argument> \hyperlink 
                      {struct_traits_3_01_protocol_3_01_n_i_c_00_01_n_i_c2_0...
l.22 ...6559dbbadecf}{ETHERNET\_PROTOCOL\_NUMBER}}
                                                  \ =\ 0x88B5;}
The control sequence at the end of the top line
of your error message was never \def'ed. If you have
misspelled it (e.g., `\hobx'), type `I' and the correct
spelling (e.g., `I\hbox'). Otherwise just continue,
and I'll forget about whatever was undefined.

Missing character: There is no s in font nullfont!
Missing character: There is no t in font nullfont!
Missing character: There is no r in font nullfont!
Missing character: There is no u in font nullfont!
Missing character: There is no c in font nullfont!
Missing character: There is no t in font nullfont!
./traits_8hpp_source.tex:22: Missing $ inserted.
<inserted text> 
                $
l.22 ...6559dbbadecf}{ETHERNET\_PROTOCOL\_NUMBER}}
                                                  \ =\ 0x88B5;}
I've inserted a begin-math/end-math symbol since I think
you left one out. Proceed, with fingers crossed.

./traits_8hpp_source.tex:22: Double subscript.
<argument> \hyperlink {struct_traits_3_
                                       01_protocol_3_01_n_i_c_00_01_n_i_c2_0...
l.22 ...6559dbbadecf}{ETHERNET\_PROTOCOL\_NUMBER}}
                                                  \ =\ 0x88B5;}
I treat `x_1_2' essentially like `x_1{}_2'.

./traits_8hpp_source.tex:22: Double subscript.
<argument> ...link {struct_traits_3_01_protocol_3_
                                                  01_n_i_c_00_01_n_i_c2_01_4...
l.22 ...6559dbbadecf}{ETHERNET\_PROTOCOL\_NUMBER}}
                                                  \ =\ 0x88B5;}
I treat `x_1_2' essentially like `x_1{}_2'.

./traits_8hpp_source.tex:22: Double subscript.
<argument> ...{struct_traits_3_01_protocol_3_01_n_
                                                  i_c_00_01_n_i_c2_01_4_01_4...
l.22 ...6559dbbadecf}{ETHERNET\_PROTOCOL\_NUMBER}}
                                                  \ =\ 0x88B5;}
I treat `x_1_2' essentially like `x_1{}_2'.

./traits_8hpp_source.tex:22: Double subscript.
<argument> ...truct_traits_3_01_protocol_3_01_n_i_
                                                  c_00_01_n_i_c2_01_4_01_4_a...
l.22 ...6559dbbadecf}{ETHERNET\_PROTOCOL\_NUMBER}}
                                                  \ =\ 0x88B5;}
I treat `x_1_2' essentially like `x_1{}_2'.

./traits_8hpp_source.tex:22: Double subscript.
<argument> ...uct_traits_3_01_protocol_3_01_n_i_c_
                                                  00_01_n_i_c2_01_4_01_4_aa4...
l.22 ...6559dbbadecf}{ETHERNET\_PROTOCOL\_NUMBER}}
                                                  \ =\ 0x88B5;}
I treat `x_1_2' essentially like `x_1{}_2'.

./traits_8hpp_source.tex:22: Double subscript.
<argument> ...ts_3_01_protocol_3_01_n_i_c_00_01_n_
                                                  i_c2_01_4_01_4_aa41adaf65f...
l.22 ...6559dbbadecf}{ETHERNET\_PROTOCOL\_NUMBER}}
                                                  \ =\ 0x88B5;}
I treat `x_1_2' essentially like `x_1{}_2'.

./traits_8hpp_source.tex:22: Double subscript.
<argument> ..._3_01_protocol_3_01_n_i_c_00_01_n_i_
                                                  c2_01_4_01_4_aa41adaf65f54...
l.22 ...6559dbbadecf}{ETHERNET\_PROTOCOL\_NUMBER}}
                                                  \ =\ 0x88B5;}
I treat `x_1_2' essentially like `x_1{}_2'.

./traits_8hpp_source.tex:22: Double subscript.
<argument> ...otocol_3_01_n_i_c_00_01_n_i_c2_01_4_
                                                  01_4_aa41adaf65f5409a35368...
l.22 ...6559dbbadecf}{ETHERNET\_PROTOCOL\_NUMBER}}
                                                  \ =\ 0x88B5;}
I treat `x_1_2' essentially like `x_1{}_2'.

./traits_8hpp_source.tex:22: Double subscript.
<argument> ...l_3_01_n_i_c_00_01_n_i_c2_01_4_01_4_
                                                  aa41adaf65f5409a353686559d...
l.22 ...6559dbbadecf}{ETHERNET\_PROTOCOL\_NUMBER}}
                                                  \ =\ 0x88B5;}
I treat `x_1_2' essentially like `x_1{}_2'.

./traits_8hpp_source.tex:22: Extra }, or forgotten $.
<argument> ...4_aa41adaf65f5409a353686559dbbadecf}
                                                  {ETHERNET\_PROTOCOL\_NUMBER}
l.22 ...6559dbbadecf}{ETHERNET\_PROTOCOL\_NUMBER}}
                                                  \ =\ 0x88B5;}
I've deleted a group-closing symbol because it seems to be
spurious, as in `$x}$'. But perhaps the } is legitimate and
you forgot something else, as in `\hbox{$x}'. In such cases
the way to recover is to insert both the forgotten and the
deleted material, e.g., by typing `I$}'.

./traits_8hpp_source.tex:22: Extra }, or forgotten $.
\mbox  #1->\leavevmode \hbox {#1}
                                 
l.22 ...6559dbbadecf}{ETHERNET\_PROTOCOL\_NUMBER}}
                                                  \ =\ 0x88B5;}
I've deleted a group-closing symbol because it seems to be
spurious, as in `$x}$'. But perhaps the } is legitimate and
you forgot something else, as in `\hbox{$x}'. In such cases
the way to recover is to insert both the forgotten and the
deleted material, e.g., by typing `I$}'.

./traits_8hpp_source.tex:22: Extra }, or forgotten $.
l.22 ...{ETHERNET\_PROTOCOL\_NUMBER}}\ =\ 0x88B5;}
                                                  
I've deleted a group-closing symbol because it seems to be
spurious, as in `$x}$'. But perhaps the } is legitimate and
you forgot something else, as in `\hbox{$x}'. In such cases
the way to recover is to insert both the forgotten and the
deleted material, e.g., by typing `I$}'.

./traits_8hpp_source.tex:23: Undefined control sequence.
l.23 \DoxyCodeLine
                  {00019\ \};}
The control sequence at the end of the top line
of your error message was never \def'ed. If you have
misspelled it (e.g., `\hobx'), type `I' and the correct
spelling (e.g., `I\hbox'). Otherwise just continue,
and I'll forget about whatever was undefined.

./traits_8hpp_source.tex:24: Undefined control sequence.
l.24 \DoxyCodeLine
                  {00020\ }
The control sequence at the end of the top line
of your error message was never \def'ed. If you have
misspelled it (e.g., `\hobx'), type `I' and the correct
spelling (e.g., `I\hbox'). Otherwise just continue,
and I'll forget about whatever was undefined.

./traits_8hpp_source.tex:25: Undefined control sequence.
l.25 \DoxyCodeLine
                  {00021\ \textcolor{preprocessor}{\#endif\ }\textcolor{comm...
(That makes 100 errors; please try again.) 
Here is how much of TeX's memory you used:
 18 strings out of 469269
 440 string characters out of 5467112
 434984 words of memory out of 5000000
 28550 multiletter control sequences out of 15000+600000
 626825 words of font info for 40 fonts, out of 8000000 for 9000
 319 hyphenation exceptions out of 8191
 18i,29n,19p,402b,201s stack positions out of 10000i,1000n,20000p,200000b,200000s

./traits_8hpp_source.tex:25:  ==> Fatal error occurred, no output PDF file produced!
