This is pdfTeX, Version 3.141592653-2.6-1.40.28 (TeX Live 2025) (preloaded format=pdflatex 2025.9.24)  27 SEP 2025 18:54
entering extended mode
 \write18 enabled.
 file:line:error style messages enabled.
 %&-line parsing enabled.
**traits_8hpp.tex
(./traits_8hpp.tex
LaTeX2e <2025-06-01> patch level 1
L3 programming layer <2025-09-02>
./traits_8hpp.tex:1: Undefined control sequence.
l.1 \doxysection
                {source/api/network/definitions/traits.hpp File Reference}
The control sequence at the end of the top line
of your error message was never \def'ed. If you have
misspelled it (e.g., `\hobx'), type `I' and the correct
spelling (e.g., `I\hbox'). Otherwise just continue,
and I'll forget about whatever was undefined.


./traits_8hpp.tex:1: LaTeX Error: Missing \begin{document}.

See the LaTeX manual or LaTeX Companion for explanation.
Type  H <return>  for immediate help.
 ...                                              
                                                  
l.1 \doxysection{s
                  ource/api/network/definitions/traits.hpp File Reference}
You're in trouble here.  Try typing  <return>  to proceed.
If that doesn't work, type  X <return>  to quit.

Missing character: There is no s in font nullfont!
Missing character: There is no o in font nullfont!
Missing character: There is no u in font nullfont!
Missing character: There is no r in font nullfont!
Missing character: There is no c in font nullfont!
Missing character: There is no e in font nullfont!
Missing character: There is no / in font nullfont!
Missing character: There is no a in font nullfont!
Missing character: There is no p in font nullfont!
Missing character: There is no i in font nullfont!
Missing character: There is no / in font nullfont!
Missing character: There is no n in font nullfont!
Missing character: There is no e in font nullfont!
Missing character: There is no t in font nullfont!
Missing character: There is no w in font nullfont!
Missing character: There is no o in font nullfont!
Missing character: There is no r in font nullfont!
Missing character: There is no k in font nullfont!
Missing character: There is no / in font nullfont!
Missing character: There is no d in font nullfont!
Missing character: There is no e in font nullfont!
Missing character: There is no f in font nullfont!
Missing character: There is no i in font nullfont!
Missing character: There is no n in font nullfont!
Missing character: There is no i in font nullfont!
Missing character: There is no t in font nullfont!
Missing character: There is no i in font nullfont!
Missing character: There is no o in font nullfont!
Missing character: There is no n in font nullfont!
Missing character: There is no s in font nullfont!
Missing character: There is no / in font nullfont!
Missing character: There is no t in font nullfont!
Missing character: There is no r in font nullfont!
Missing character: There is no a in font nullfont!
Missing character: There is no i in font nullfont!
Missing character: There is no t in font nullfont!
Missing character: There is no s in font nullfont!
Missing character: There is no . in font nullfont!
Missing character: There is no h in font nullfont!
Missing character: There is no p in font nullfont!
Missing character: There is no p in font nullfont!
Missing character: There is no F in font nullfont!
Missing character: There is no i in font nullfont!
Missing character: There is no l in font nullfont!
Missing character: There is no e in font nullfont!
Missing character: There is no R in font nullfont!
Missing character: There is no e in font nullfont!
Missing character: There is no f in font nullfont!
Missing character: There is no e in font nullfont!
Missing character: There is no r in font nullfont!
Missing character: There is no e in font nullfont!
Missing character: There is no n in font nullfont!
Missing character: There is no c in font nullfont!
Missing character: There is no e in font nullfont!
./traits_8hpp.tex:2: Undefined control sequence.
l.2 \hypertarget
                {traits_8hpp}{}\label{traits_8hpp}\index{source/api/network/...
The control sequence at the end of the top line
of your error message was never \def'ed. If you have
misspelled it (e.g., `\hobx'), type `I' and the correct
spelling (e.g., `I\hbox'). Otherwise just continue,
and I'll forget about whatever was undefined.

Missing character: There is no t in font nullfont!
Missing character: There is no r in font nullfont!
Missing character: There is no a in font nullfont!
Missing character: There is no i in font nullfont!
Missing character: There is no t in font nullfont!
Missing character: There is no s in font nullfont!
./traits_8hpp.tex:2: Missing $ inserted.
<inserted text> 
                $
l.2 \hypertarget{traits_
                        8hpp}{}\label{traits_8hpp}\index{source/api/network/...
I've inserted a begin-math/end-math symbol since I think
you left one out. Proceed, with fingers crossed.

LaTeX Font Info:    External font `cmex10' loaded for size
(Font)              <7> on input line 2.
LaTeX Font Info:    External font `cmex10' loaded for size
(Font)              <5> on input line 2.
./traits_8hpp.tex:2: Extra }, or forgotten $.
l.2 \hypertarget{traits_8hpp}
                             {}\label{traits_8hpp}\index{source/api/network/...
I've deleted a group-closing symbol because it seems to be
spurious, as in `$x}$'. But perhaps the } is legitimate and
you forgot something else, as in `\hbox{$x}'. In such cases
the way to recover is to insert both the forgotten and the
deleted material, e.g., by typing `I$}'.


./traits_8hpp.tex:3: LaTeX Error: Command \ttfamily invalid in math mode.

See the LaTeX manual or LaTeX Companion for explanation.
Type  H <return>  for immediate help.
 ...                                              
                                                  
l.3 {\ttfamily
               \#include "{}api/network/definitions/ethernet.\+hpp"{}}\newline
Please use the math alphabet \mathtt instead of the \ttfamily command. 

./traits_8hpp.tex:3: Undefined control sequence.
l.3 ...lude "{}api/network/definitions/ethernet.\+
                                                  hpp"{}}\newline
The control sequence at the end of the top line
of your error message was never \def'ed. If you have
misspelled it (e.g., `\hobx'), type `I' and the correct
spelling (e.g., `I\hbox'). Otherwise just continue,
and I'll forget about whatever was undefined.

./traits_8hpp.tex:4: Undefined control sequence.
l.4 Include dependency graph for traits.\+
                                          hpp\+:
The control sequence at the end of the top line
of your error message was never \def'ed. If you have
misspelled it (e.g., `\hobx'), type `I' and the correct
spelling (e.g., `I\hbox'). Otherwise just continue,
and I'll forget about whatever was undefined.

./traits_8hpp.tex:4: Undefined control sequence.
l.4 Include dependency graph for traits.\+hpp\+
                                               :
The control sequence at the end of the top line
of your error message was never \def'ed. If you have
misspelled it (e.g., `\hobx'), type `I' and the correct
spelling (e.g., `I\hbox'). Otherwise just continue,
and I'll forget about whatever was undefined.


./traits_8hpp.tex:6: LaTeX Error: Environment figure undefined.

See the LaTeX manual or LaTeX Companion for explanation.
Type  H <return>  for immediate help.
 ...                                              
                                                  
l.6 \begin{figure}
                  [H]
Your command was ignored.
Type  I <command> <return>  to replace it with another command,
or  <return>  to continue without it.

./traits_8hpp.tex:7: Missing $ inserted.
<inserted text> 
                $
l.7 \begin{center}
                  
I've inserted a begin-math/end-math symbol since I think
you left one out. Proceed, with fingers crossed.

./traits_8hpp.tex:7: Missing \endgroup inserted.
<inserted text> 
                \endgroup 
l.7 \begin{center}
                  
I've inserted something that you may have forgotten.
(See the <inserted text> above.)
With luck, this will get me unwedged. But if you
really didn't forget anything, try typing `2' now; then
my insertion and my current dilemma will both disappear.

./traits_8hpp.tex:7: Missing \endgroup inserted.
<inserted text> 
                \endgroup 
l.7 \begin{center}
                  
I've inserted something that you may have forgotten.
(See the <inserted text> above.)
With luck, this will get me unwedged. But if you
really didn't forget anything, try typing `2' now; then
my insertion and my current dilemma will both disappear.


Overfull \hbox (20.0pt too wide) in paragraph at lines 1--7
[]
 []


Overfull \hbox (244.46817pt too wide) in paragraph at lines 1--7
[]\OML/cmm/m/it/10 hpp[][][][] 
 []


Overfull \hbox (176.47325pt too wide) in paragraph at lines 1--7
\OML/cmm/m/it/10 Includedependencygraphfortraits:hpp \OT1/cmr/m/n/10 :
 []


Overfull \hbox (17.45825pt too wide) in paragraph at lines 1--7
 \OT1/cmr/m/n/10 [\OML/cmm/m/it/10 H\OT1/cmr/m/n/10 ]$ 
 []

./traits_8hpp.tex:9: Undefined control sequence.
l.9 \includegraphics
                    [width=328pt]{traits_8hpp__incl}
The control sequence at the end of the top line
of your error message was never \def'ed. If you have
misspelled it (e.g., `\hobx'), type `I' and the correct
spelling (e.g., `I\hbox'). Otherwise just continue,
and I'll forget about whatever was undefined.

Missing character: There is no [ in font nullfont!
Missing character: There is no w in font nullfont!
Missing character: There is no i in font nullfont!
Missing character: There is no d in font nullfont!
Missing character: There is no t in font nullfont!
Missing character: There is no h in font nullfont!
Missing character: There is no = in font nullfont!
Missing character: There is no 3 in font nullfont!
Missing character: There is no 2 in font nullfont!
Missing character: There is no 8 in font nullfont!
Missing character: There is no p in font nullfont!
Missing character: There is no t in font nullfont!
Missing character: There is no ] in font nullfont!
Missing character: There is no t in font nullfont!
Missing character: There is no r in font nullfont!
Missing character: There is no a in font nullfont!
Missing character: There is no i in font nullfont!
Missing character: There is no t in font nullfont!
Missing character: There is no s in font nullfont!
./traits_8hpp.tex:9: Missing $ inserted.
<inserted text> 
                $
l.9 \includegraphics[width=328pt]{traits_
                                         8hpp__incl}
I've inserted a begin-math/end-math symbol since I think
you left one out. Proceed, with fingers crossed.

./traits_8hpp.tex:9: Missing { inserted.
<to be read again> 
                   _
l.9 \includegraphics[width=328pt]{traits_8hpp__
                                               incl}
A left brace was mandatory here, so I've put one in.
You might want to delete and/or insert some corrections
so that I will find a matching right brace soon.
(If you're confused by all this, try typing `I}' now.)


./traits_8hpp.tex:10: LaTeX Error: Command \end{document} invalid in math mode.

See the LaTeX manual or LaTeX Companion for explanation.
Type  H <return>  for immediate help.
 ...                                              
                                                  
l.10 \end{center}
                 
Try typing  <return>  to proceed.
If that doesn't work, type  X <return>  to quit.

./traits_8hpp.tex:10: Missing $ inserted.
<inserted text> 
                $
l.10 \end{center}
                 
I've inserted a begin-math/end-math symbol since I think
you left one out. Proceed, with fingers crossed.


Overfull \hbox (35.06459pt too wide) in paragraph at lines 8--10
 []\OML/cmm/m/it/10 hpp[] 
 []


./traits_8hpp.tex:10: LaTeX Error: \begin{document} ended by \end{center}.

See the LaTeX manual or LaTeX Companion for explanation.
Type  H <return>  for immediate help.
 ...                                              
                                                  
l.10 \end{center}
                 
Your command was ignored.
Type  I <command> <return>  to replace it with another command,
or  <return>  to continue without it.

./traits_8hpp.tex:10: Missing } inserted.
<inserted text> 
                }
l.10 \end{center}
                 
I've inserted something that you may have forgotten.
(See the <inserted text> above.)
With luck, this will get me unwedged. But if you
really didn't forget anything, try typing `2' now; then
my insertion and my current dilemma will both disappear.

./traits_8hpp.tex:10: Missing } inserted.
<inserted text> 
                }
l.10 \end{center}
                 
I've inserted something that you may have forgotten.
(See the <inserted text> above.)
With luck, this will get me unwedged. But if you
really didn't forget anything, try typing `2' now; then
my insertion and my current dilemma will both disappear.

./traits_8hpp.tex:10: Extra \endgroup.
<recently read> \endgroup 
                          
l.10 \end{center}
                 
Things are pretty mixed up, but I think the worst is over.


./traits_8hpp.tex:11: LaTeX Error: \begin{document} ended by \end{figure}.

See the LaTeX manual or LaTeX Companion for explanation.
Type  H <return>  for immediate help.
 ...                                              
                                                  
l.11 \end{figure}
                 
Your command was ignored.
Type  I <command> <return>  to replace it with another command,
or  <return>  to continue without it.

./traits_8hpp.tex:11: Extra \endgroup.
\end  ...end#1\endcsname \@checkend {#1}\endgroup 
                                                  \UseHook {env/#1/after}\if...
l.11 \end{figure}
                 
Things are pretty mixed up, but I think the worst is over.

Missing character: There is no T in font nullfont!
Missing character: There is no h in font nullfont!
Missing character: There is no i in font nullfont!
Missing character: There is no s in font nullfont!
Missing character: There is no g in font nullfont!
Missing character: There is no r in font nullfont!
Missing character: There is no a in font nullfont!
Missing character: There is no p in font nullfont!
Missing character: There is no h in font nullfont!
Missing character: There is no s in font nullfont!
Missing character: There is no h in font nullfont!
Missing character: There is no o in font nullfont!
Missing character: There is no w in font nullfont!
Missing character: There is no s in font nullfont!
Missing character: There is no w in font nullfont!
Missing character: There is no h in font nullfont!
Missing character: There is no i in font nullfont!
Missing character: There is no c in font nullfont!
Missing character: There is no h in font nullfont!
Missing character: There is no f in font nullfont!
Missing character: There is no i in font nullfont!
Missing character: There is no l in font nullfont!
Missing character: There is no e in font nullfont!
Missing character: There is no s in font nullfont!
Missing character: There is no d in font nullfont!
Missing character: There is no i in font nullfont!
Missing character: There is no r in font nullfont!
Missing character: There is no e in font nullfont!
Missing character: There is no c in font nullfont!
Missing character: There is no t in font nullfont!
Missing character: There is no l in font nullfont!
Missing character: There is no y in font nullfont!
Missing character: There is no o in font nullfont!
Missing character: There is no r in font nullfont!
Missing character: There is no i in font nullfont!
Missing character: There is no n in font nullfont!
Missing character: There is no d in font nullfont!
Missing character: There is no i in font nullfont!
Missing character: There is no r in font nullfont!
Missing character: There is no e in font nullfont!
Missing character: There is no c in font nullfont!
Missing character: There is no t in font nullfont!
Missing character: There is no l in font nullfont!
Missing character: There is no y in font nullfont!
Missing character: There is no i in font nullfont!
Missing character: There is no n in font nullfont!
Missing character: There is no c in font nullfont!
Missing character: There is no l in font nullfont!
Missing character: There is no u in font nullfont!
Missing character: There is no d in font nullfont!
Missing character: There is no e in font nullfont!
Missing character: There is no t in font nullfont!
Missing character: There is no h in font nullfont!
Missing character: There is no i in font nullfont!
Missing character: There is no s in font nullfont!
Missing character: There is no f in font nullfont!
Missing character: There is no i in font nullfont!
Missing character: There is no l in font nullfont!
Missing character: There is no e in font nullfont!
./traits_8hpp.tex:12: Undefined control sequence.
l.12 ...directly or indirectly include this file\+
                                                  :
The control sequence at the end of the top line
of your error message was never \def'ed. If you have
misspelled it (e.g., `\hobx'), type `I' and the correct
spelling (e.g., `I\hbox'). Otherwise just continue,
and I'll forget about whatever was undefined.

Missing character: There is no : in font nullfont!

./traits_8hpp.tex:14: LaTeX Error: Environment figure undefined.

See the LaTeX manual or LaTeX Companion for explanation.
Type  H <return>  for immediate help.
 ...                                              
                                                  
l.14 \begin{figure}
                   [H]
Your command was ignored.
Type  I <command> <return>  to replace it with another command,
or  <return>  to continue without it.

Missing character: There is no [ in font nullfont!
Missing character: There is no H in font nullfont!
Missing character: There is no ] in font nullfont!
./traits_8hpp.tex:17: Undefined control sequence.
l.17 \includegraphics
                     [width=350pt]{traits_8hpp__dep__incl}
The control sequence at the end of the top line
of your error message was never \def'ed. If you have
misspelled it (e.g., `\hobx'), type `I' and the correct
spelling (e.g., `I\hbox'). Otherwise just continue,
and I'll forget about whatever was undefined.

Missing character: There is no [ in font nullfont!
Missing character: There is no w in font nullfont!
Missing character: There is no i in font nullfont!
Missing character: There is no d in font nullfont!
Missing character: There is no t in font nullfont!
Missing character: There is no h in font nullfont!
Missing character: There is no = in font nullfont!
Missing character: There is no 3 in font nullfont!
Missing character: There is no 5 in font nullfont!
Missing character: There is no 0 in font nullfont!
Missing character: There is no p in font nullfont!
Missing character: There is no t in font nullfont!
Missing character: There is no ] in font nullfont!
Missing character: There is no t in font nullfont!
Missing character: There is no r in font nullfont!
Missing character: There is no a in font nullfont!
Missing character: There is no i in font nullfont!
Missing character: There is no t in font nullfont!
Missing character: There is no s in font nullfont!
./traits_8hpp.tex:17: Missing $ inserted.
<inserted text> 
                $
l.17 \includegraphics[width=350pt]{traits_
                                          8hpp__dep__incl}
I've inserted a begin-math/end-math symbol since I think
you left one out. Proceed, with fingers crossed.

./traits_8hpp.tex:17: Missing { inserted.
<to be read again> 
                   _
l.17 \includegraphics[width=350pt]{traits_8hpp__
                                                dep__incl}
A left brace was mandatory here, so I've put one in.
You might want to delete and/or insert some corrections
so that I will find a matching right brace soon.
(If you're confused by all this, try typing `I}' now.)

./traits_8hpp.tex:17: Missing { inserted.
<to be read again> 
                   _
l.17 ...degraphics[width=350pt]{traits_8hpp__dep__
                                                  incl}
A left brace was mandatory here, so I've put one in.
You might want to delete and/or insert some corrections
so that I will find a matching right brace soon.
(If you're confused by all this, try typing `I}' now.)


./traits_8hpp.tex:18: LaTeX Error: Command \end{center} invalid in math mode.

See the LaTeX manual or LaTeX Companion for explanation.
Type  H <return>  for immediate help.
 ...                                              
                                                  
l.18 \end{center}
                 
Try typing  <return>  to proceed.
If that doesn't work, type  X <return>  to quit.

./traits_8hpp.tex:18: Missing $ inserted.
<inserted text> 
                $
l.18 \end{center}
                 
I've inserted a begin-math/end-math symbol since I think
you left one out. Proceed, with fingers crossed.

./traits_8hpp.tex:18: Missing } inserted.
<inserted text> 
                }
l.18 \end{center}
                 
I've inserted something that you may have forgotten.
(See the <inserted text> above.)
With luck, this will get me unwedged. But if you
really didn't forget anything, try typing `2' now; then
my insertion and my current dilemma will both disappear.


Overfull \hbox (46.6458pt too wide) in paragraph at lines 16--18
 []\OML/cmm/m/it/10 hpp[]$ 
 []

./traits_8hpp.tex:18: Missing } inserted.
<inserted text> 
                }
l.18 \end{center}
                 
I've inserted something that you may have forgotten.
(See the <inserted text> above.)
With luck, this will get me unwedged. But if you
really didn't forget anything, try typing `2' now; then
my insertion and my current dilemma will both disappear.


./traits_8hpp.tex:19: LaTeX Error: \begin{document} ended by \end{figure}.

See the LaTeX manual or LaTeX Companion for explanation.
Type  H <return>  for immediate help.
 ...                                              
                                                  
l.19 \end{figure}
                 
Your command was ignored.
Type  I <command> <return>  to replace it with another command,
or  <return>  to continue without it.

./traits_8hpp.tex:20: Undefined control sequence.
l.20 \doxysubsubsection
                       *{Classes}
The control sequence at the end of the top line
of your error message was never \def'ed. If you have
misspelled it (e.g., `\hobx'), type `I' and the correct
spelling (e.g., `I\hbox'). Otherwise just continue,
and I'll forget about whatever was undefined.

Missing character: There is no * in font nullfont!
Missing character: There is no C in font nullfont!
Missing character: There is no l in font nullfont!
Missing character: There is no a in font nullfont!
Missing character: There is no s in font nullfont!
Missing character: There is no s in font nullfont!
Missing character: There is no e in font nullfont!
Missing character: There is no s in font nullfont!

./traits_8hpp.tex:21: LaTeX Error: Environment DoxyCompactItemize undefined.

See the LaTeX manual or LaTeX Companion for explanation.
Type  H <return>  for immediate help.
 ...                                              
                                                  
l.21 \begin{DoxyCompactItemize}
                               
Your command was ignored.
Type  I <command> <return>  to replace it with another command,
or  <return>  to continue without it.


./traits_8hpp.tex:23: LaTeX Error: Lonely \item--perhaps a missing list environment.

See the LaTeX manual or LaTeX Companion for explanation.
Type  H <return>  for immediate help.
 ...                                              
                                                  
l.23 s
      truct \mbox{\hyperlink{struct_traits}{Traits$<$ T $>$}}
Try typing  <return>  to proceed.
If that doesn't work, type  X <return>  to quit.

Missing character: There is no s in font nullfont!
Missing character: There is no t in font nullfont!
Missing character: There is no r in font nullfont!
Missing character: There is no u in font nullfont!
Missing character: There is no c in font nullfont!
Missing character: There is no t in font nullfont!
./traits_8hpp.tex:23: Undefined control sequence.
<argument> \hyperlink 
                      {struct_traits}{Traits$<$ T $>$}
l.23 ...hyperlink{struct_traits}{Traits$<$ T $>$}}
                                                  
The control sequence at the end of the top line
of your error message was never \def'ed. If you have
misspelled it (e.g., `\hobx'), type `I' and the correct
spelling (e.g., `I\hbox'). Otherwise just continue,
and I'll forget about whatever was undefined.

Missing character: There is no s in font nullfont!
Missing character: There is no t in font nullfont!
Missing character: There is no r in font nullfont!
Missing character: There is no u in font nullfont!
Missing character: There is no c in font nullfont!
Missing character: There is no t in font nullfont!
./traits_8hpp.tex:23: Missing $ inserted.
<inserted text> 
                $
l.23 ...hyperlink{struct_traits}{Traits$<$ T $>$}}
                                                  
I've inserted a begin-math/end-math symbol since I think
you left one out. Proceed, with fingers crossed.

./traits_8hpp.tex:23: Extra }, or forgotten $.
<argument> \hyperlink {struct_traits}
                                     {Traits$<$ T $>$}
l.23 ...hyperlink{struct_traits}{Traits$<$ T $>$}}
                                                  
I've deleted a group-closing symbol because it seems to be
spurious, as in `$x}$'. But perhaps the } is legitimate and
you forgot something else, as in `\hbox{$x}'. In such cases
the way to recover is to insert both the forgotten and the
deleted material, e.g., by typing `I$}'.

./traits_8hpp.tex:23: Missing } inserted.
<inserted text> 
                }
l.23 ...hyperlink{struct_traits}{Traits$<$ T $>$}}
                                                  
I've inserted something that you may have forgotten.
(See the <inserted text> above.)
With luck, this will get me unwedged. But if you
really didn't forget anything, try typing `2' now; then
my insertion and my current dilemma will both disappear.

Missing character: There is no < in font nullfont!
Missing character: There is no > in font nullfont!
./traits_8hpp.tex:23: Extra }, or forgotten $.
<recently read> }
                 
l.23 ...hyperlink{struct_traits}{Traits$<$ T $>$}}
                                                  
I've deleted a group-closing symbol because it seems to be
spurious, as in `$x}$'. But perhaps the } is legitimate and
you forgot something else, as in `\hbox{$x}'. In such cases
the way to recover is to insert both the forgotten and the
deleted material, e.g., by typing `I$}'.

./traits_8hpp.tex:23: Extra }, or forgotten $.
\mbox  #1->\leavevmode \hbox {#1}
                                 
l.23 ...hyperlink{struct_traits}{Traits$<$ T $>$}}
                                                  
I've deleted a group-closing symbol because it seems to be
spurious, as in `$x}$'. But perhaps the } is legitimate and
you forgot something else, as in `\hbox{$x}'. In such cases
the way to recover is to insert both the forgotten and the
deleted material, e.g., by typing `I$}'.


./traits_8hpp.tex:24: LaTeX Error: Command \item invalid in math mode.

See the LaTeX manual or LaTeX Companion for explanation.
Type  H <return>  for immediate help.
 ...                                              
                                                  
l.24 \item
          
Try typing  <return>  to proceed.
If that doesn't work, type  X <return>  to quit.

./traits_8hpp.tex:25: Missing $ inserted.
<inserted text> 
                $
l.25 s
      truct \mbox{\hyperlink{struct_traits_3_01_protocol_3_01_n_i_c_00_01_n_...
I've inserted a begin-math/end-math symbol since I think
you left one out. Proceed, with fingers crossed.

./traits_8hpp.tex:25: Missing } inserted.
<inserted text> 
                }
l.25 s
      truct \mbox{\hyperlink{struct_traits_3_01_protocol_3_01_n_i_c_00_01_n_...
I've inserted something that you may have forgotten.
(See the <inserted text> above.)
With luck, this will get me unwedged. But if you
really didn't forget anything, try typing `2' now; then
my insertion and my current dilemma will both disappear.

./traits_8hpp.tex:25: Missing } inserted.
<inserted text> 
                }
l.25 s
      truct \mbox{\hyperlink{struct_traits_3_01_protocol_3_01_n_i_c_00_01_n_...
I've inserted something that you may have forgotten.
(See the <inserted text> above.)
With luck, this will get me unwedged. But if you
really didn't forget anything, try typing `2' now; then
my insertion and my current dilemma will both disappear.


Overfull \hbox (61.62415pt too wide) in paragraph at lines 23--25
[] 
 []


./traits_8hpp.tex:25: LaTeX Error: Lonely \item--perhaps a missing list environment.

See the LaTeX manual or LaTeX Companion for explanation.
Type  H <return>  for immediate help.
 ...                                              
                                                  
l.25 s
      truct \mbox{\hyperlink{struct_traits_3_01_protocol_3_01_n_i_c_00_01_n_...
Try typing  <return>  to proceed.
If that doesn't work, type  X <return>  to quit.

Missing character: There is no s in font nullfont!
Missing character: There is no t in font nullfont!
Missing character: There is no r in font nullfont!
Missing character: There is no u in font nullfont!
Missing character: There is no c in font nullfont!
Missing character: There is no t in font nullfont!
./traits_8hpp.tex:25: Undefined control sequence.
<argument> \hyperlink 
                      {struct_traits_3_01_protocol_3_01_n_i_c_00_01_n_i_c2_0...
l.25 ...{Traits$<$ Protocol$<$ NIC, NIC2 $>$ $>$}}
                                                  
The control sequence at the end of the top line
of your error message was never \def'ed. If you have
misspelled it (e.g., `\hobx'), type `I' and the correct
spelling (e.g., `I\hbox'). Otherwise just continue,
and I'll forget about whatever was undefined.

Missing character: There is no s in font nullfont!
Missing character: There is no t in font nullfont!
Missing character: There is no r in font nullfont!
Missing character: There is no u in font nullfont!
Missing character: There is no c in font nullfont!
Missing character: There is no t in font nullfont!
./traits_8hpp.tex:25: Missing $ inserted.
<inserted text> 
                $
l.25 ...{Traits$<$ Protocol$<$ NIC, NIC2 $>$ $>$}}
                                                  
I've inserted a begin-math/end-math symbol since I think
you left one out. Proceed, with fingers crossed.

./traits_8hpp.tex:25: Double subscript.
<argument> \hyperlink {struct_traits_3_
                                       01_protocol_3_01_n_i_c_00_01_n_i_c2_0...
l.25 ...{Traits$<$ Protocol$<$ NIC, NIC2 $>$ $>$}}
                                                  
I treat `x_1_2' essentially like `x_1{}_2'.

./traits_8hpp.tex:25: Double subscript.
<argument> ...link {struct_traits_3_01_protocol_3_
                                                  01_n_i_c_00_01_n_i_c2_01_4...
l.25 ...{Traits$<$ Protocol$<$ NIC, NIC2 $>$ $>$}}
                                                  
I treat `x_1_2' essentially like `x_1{}_2'.

./traits_8hpp.tex:25: Double subscript.
<argument> ...{struct_traits_3_01_protocol_3_01_n_
                                                  i_c_00_01_n_i_c2_01_4_01_4...
l.25 ...{Traits$<$ Protocol$<$ NIC, NIC2 $>$ $>$}}
                                                  
I treat `x_1_2' essentially like `x_1{}_2'.

./traits_8hpp.tex:25: Double subscript.
<argument> ...truct_traits_3_01_protocol_3_01_n_i_
                                                  c_00_01_n_i_c2_01_4_01_4}{...
l.25 ...{Traits$<$ Protocol$<$ NIC, NIC2 $>$ $>$}}
                                                  
I treat `x_1_2' essentially like `x_1{}_2'.

./traits_8hpp.tex:25: Double subscript.
<argument> ...uct_traits_3_01_protocol_3_01_n_i_c_
                                                  00_01_n_i_c2_01_4_01_4}{Tr...
l.25 ...{Traits$<$ Protocol$<$ NIC, NIC2 $>$ $>$}}
                                                  
I treat `x_1_2' essentially like `x_1{}_2'.

./traits_8hpp.tex:25: Double subscript.
<argument> ...ts_3_01_protocol_3_01_n_i_c_00_01_n_
                                                  i_c2_01_4_01_4}{Traits$<$ ...
l.25 ...{Traits$<$ Protocol$<$ NIC, NIC2 $>$ $>$}}
                                                  
I treat `x_1_2' essentially like `x_1{}_2'.

./traits_8hpp.tex:25: Double subscript.
<argument> ..._3_01_protocol_3_01_n_i_c_00_01_n_i_
                                                  c2_01_4_01_4}{Traits$<$ Pr...
l.25 ...{Traits$<$ Protocol$<$ NIC, NIC2 $>$ $>$}}
                                                  
I treat `x_1_2' essentially like `x_1{}_2'.

./traits_8hpp.tex:25: Double subscript.
<argument> ...otocol_3_01_n_i_c_00_01_n_i_c2_01_4_
                                                  01_4}{Traits$<$ Protocol$<...
l.25 ...{Traits$<$ Protocol$<$ NIC, NIC2 $>$ $>$}}
                                                  
I treat `x_1_2' essentially like `x_1{}_2'.

./traits_8hpp.tex:25: Extra }, or forgotten $.
<argument> ...l_3_01_n_i_c_00_01_n_i_c2_01_4_01_4}
                                                  {Traits$<$ Protocol$<$ NIC...
l.25 ...{Traits$<$ Protocol$<$ NIC, NIC2 $>$ $>$}}
                                                  
I've deleted a group-closing symbol because it seems to be
spurious, as in `$x}$'. But perhaps the } is legitimate and
you forgot something else, as in `\hbox{$x}'. In such cases
the way to recover is to insert both the forgotten and the
deleted material, e.g., by typing `I$}'.

./traits_8hpp.tex:25: Missing } inserted.
<inserted text> 
                }
l.25 ...{Traits$<$ Protocol$<$ NIC, NIC2 $>$ $>$}}
                                                  
I've inserted something that you may have forgotten.
(See the <inserted text> above.)
With luck, this will get me unwedged. But if you
really didn't forget anything, try typing `2' now; then
my insertion and my current dilemma will both disappear.

Missing character: There is no < in font nullfont!
Missing character: There is no < in font nullfont!
Missing character: There is no > in font nullfont!
Missing character: There is no > in font nullfont!
./traits_8hpp.tex:25: Extra }, or forgotten $.
<recently read> }
                 
l.25 ...{Traits$<$ Protocol$<$ NIC, NIC2 $>$ $>$}}
                                                  
I've deleted a group-closing symbol because it seems to be
spurious, as in `$x}$'. But perhaps the } is legitimate and
you forgot something else, as in `\hbox{$x}'. In such cases
the way to recover is to insert both the forgotten and the
deleted material, e.g., by typing `I$}'.

./traits_8hpp.tex:25: Extra }, or forgotten $.
\mbox  #1->\leavevmode \hbox {#1}
                                 
l.25 ...{Traits$<$ Protocol$<$ NIC, NIC2 $>$ $>$}}
                                                  
I've deleted a group-closing symbol because it seems to be
spurious, as in `$x}$'. But perhaps the } is legitimate and
you forgot something else, as in `\hbox{$x}'. In such cases
the way to recover is to insert both the forgotten and the
deleted material, e.g., by typing `I$}'.


./traits_8hpp.tex:26: LaTeX Error: \begin{document} ended by \end{DoxyCompactItemize}.

See the LaTeX manual or LaTeX Companion for explanation.
Type  H <return>  for immediate help.
 ...                                              
                                                  
l.26 \end{DoxyCompactItemize}
                             
Your command was ignored.
Type  I <command> <return>  to replace it with another command,
or  <return>  to continue without it.

./traits_8hpp.tex:26: Missing $ inserted.
<inserted text> 
                $
l.26 \end{DoxyCompactItemize}
                             
I've inserted something that you may have forgotten.
(See the <inserted text> above.)
With luck, this will get me unwedged. But if you
really didn't forget anything, try typing `2' now; then
my insertion and my current dilemma will both disappear.

./traits_8hpp.tex:26: Missing } inserted.
<inserted text> 
                }
l.26 \end{DoxyCompactItemize}
                             
I've inserted something that you may have forgotten.
(See the <inserted text> above.)
With luck, this will get me unwedged. But if you
really didn't forget anything, try typing `2' now; then
my insertion and my current dilemma will both disappear.

./traits_8hpp.tex:26: Missing } inserted.
<inserted text> 
                }
l.26 \end{DoxyCompactItemize}
                             
I've inserted something that you may have forgotten.
(See the <inserted text> above.)
With luck, this will get me unwedged. But if you
really didn't forget anything, try typing `2' now; then
my insertion and my current dilemma will both disappear.

)
! Emergency stop.
<*> traits_8hpp.tex
                   
*** (job aborted, no legal \end found)

 
Here is how much of TeX's memory you used:
 30 strings out of 469269
 658 string characters out of 5467112
 431984 words of memory out of 5000000
 28561 multiletter control sequences out of 15000+600000
 626993 words of font info for 41 fonts, out of 8000000 for 9000
 319 hyphenation exceptions out of 8191
 22i,3n,23p,184b,87s stack positions out of 10000i,1000n,20000p,200000b,200000s
!  ==> Fatal error occurred, no output PDF file produced!
