This is pdfTeX, Version 3.141592653-2.6-1.40.28 (TeX Live 2025) (preloaded format=pdflatex 2025.9.24)  27 SEP 2025 18:54
entering extended mode
 \write18 enabled.
 file:line:error style messages enabled.
 %&-line parsing enabled.
**transducer_8hpp.tex
(./transducer_8hpp.tex
LaTeX2e <2025-06-01> patch level 1
L3 programming layer <2025-09-02>
./transducer_8hpp.tex:1: Undefined control sequence.
l.1 \doxysection
                {source/vehicle/smartdata/transducer.hpp File Reference}
The control sequence at the end of the top line
of your error message was never \def'ed. If you have
misspelled it (e.g., `\hobx'), type `I' and the correct
spelling (e.g., `I\hbox'). Otherwise just continue,
and I'll forget about whatever was undefined.


./transducer_8hpp.tex:1: LaTeX Error: Missing \begin{document}.

See the LaTeX manual or LaTeX Companion for explanation.
Type  H <return>  for immediate help.
 ...                                              
                                                  
l.1 \doxysection{s
                  ource/vehicle/smartdata/transducer.hpp File Reference}
You're in trouble here.  Try typing  <return>  to proceed.
If that doesn't work, type  X <return>  to quit.

Missing character: There is no s in font nullfont!
Missing character: There is no o in font nullfont!
Missing character: There is no u in font nullfont!
Missing character: There is no r in font nullfont!
Missing character: There is no c in font nullfont!
Missing character: There is no e in font nullfont!
Missing character: There is no / in font nullfont!
Missing character: There is no v in font nullfont!
Missing character: There is no e in font nullfont!
Missing character: There is no h in font nullfont!
Missing character: There is no i in font nullfont!
Missing character: There is no c in font nullfont!
Missing character: There is no l in font nullfont!
Missing character: There is no e in font nullfont!
Missing character: There is no / in font nullfont!
Missing character: There is no s in font nullfont!
Missing character: There is no m in font nullfont!
Missing character: There is no a in font nullfont!
Missing character: There is no r in font nullfont!
Missing character: There is no t in font nullfont!
Missing character: There is no d in font nullfont!
Missing character: There is no a in font nullfont!
Missing character: There is no t in font nullfont!
Missing character: There is no a in font nullfont!
Missing character: There is no / in font nullfont!
Missing character: There is no t in font nullfont!
Missing character: There is no r in font nullfont!
Missing character: There is no a in font nullfont!
Missing character: There is no n in font nullfont!
Missing character: There is no s in font nullfont!
Missing character: There is no d in font nullfont!
Missing character: There is no u in font nullfont!
Missing character: There is no c in font nullfont!
Missing character: There is no e in font nullfont!
Missing character: There is no r in font nullfont!
Missing character: There is no . in font nullfont!
Missing character: There is no h in font nullfont!
Missing character: There is no p in font nullfont!
Missing character: There is no p in font nullfont!
Missing character: There is no F in font nullfont!
Missing character: There is no i in font nullfont!
Missing character: There is no l in font nullfont!
Missing character: There is no e in font nullfont!
Missing character: There is no R in font nullfont!
Missing character: There is no e in font nullfont!
Missing character: There is no f in font nullfont!
Missing character: There is no e in font nullfont!
Missing character: There is no r in font nullfont!
Missing character: There is no e in font nullfont!
Missing character: There is no n in font nullfont!
Missing character: There is no c in font nullfont!
Missing character: There is no e in font nullfont!
./transducer_8hpp.tex:2: Undefined control sequence.
l.2 \hypertarget
                {transducer_8hpp}{}\label{transducer_8hpp}\index{source/vehi...
The control sequence at the end of the top line
of your error message was never \def'ed. If you have
misspelled it (e.g., `\hobx'), type `I' and the correct
spelling (e.g., `I\hbox'). Otherwise just continue,
and I'll forget about whatever was undefined.

Missing character: There is no t in font nullfont!
Missing character: There is no r in font nullfont!
Missing character: There is no a in font nullfont!
Missing character: There is no n in font nullfont!
Missing character: There is no s in font nullfont!
Missing character: There is no d in font nullfont!
Missing character: There is no u in font nullfont!
Missing character: There is no c in font nullfont!
Missing character: There is no e in font nullfont!
Missing character: There is no r in font nullfont!
./transducer_8hpp.tex:2: Missing $ inserted.
<inserted text> 
                $
l.2 \hypertarget{transducer_
                            8hpp}{}\label{transducer_8hpp}\index{source/vehi...
I've inserted a begin-math/end-math symbol since I think
you left one out. Proceed, with fingers crossed.

LaTeX Font Info:    External font `cmex10' loaded for size
(Font)              <7> on input line 2.
LaTeX Font Info:    External font `cmex10' loaded for size
(Font)              <5> on input line 2.
./transducer_8hpp.tex:2: Extra }, or forgotten $.
l.2 \hypertarget{transducer_8hpp}
                                 {}\label{transducer_8hpp}\index{source/vehi...
I've deleted a group-closing symbol because it seems to be
spurious, as in `$x}$'. But perhaps the } is legitimate and
you forgot something else, as in `\hbox{$x}'. In such cases
the way to recover is to insert both the forgotten and the
deleted material, e.g., by typing `I$}'.


./transducer_8hpp.tex:3: LaTeX Error: Command \ttfamily invalid in math mode.

See the LaTeX manual or LaTeX Companion for explanation.
Type  H <return>  for immediate help.
 ...                                              
                                                  
l.3 {\ttfamily
               \#include "{}api/observer/conditionally\+\_\+data\+\_\+observ...
Please use the math alphabet \mathtt instead of the \ttfamily command. 

./transducer_8hpp.tex:3: Undefined control sequence.
l.3 ...y \#include "{}api/observer/conditionally\+
                                                  \_\+data\+\_\+observed.\+h...
The control sequence at the end of the top line
of your error message was never \def'ed. If you have
misspelled it (e.g., `\hobx'), type `I' and the correct
spelling (e.g., `I\hbox'). Otherwise just continue,
and I'll forget about whatever was undefined.

./transducer_8hpp.tex:3: Undefined control sequence.
l.3 ...include "{}api/observer/conditionally\+\_\+
                                                  data\+\_\+observed.\+h"{}}...
The control sequence at the end of the top line
of your error message was never \def'ed. If you have
misspelled it (e.g., `\hobx'), type `I' and the correct
spelling (e.g., `I\hbox'). Otherwise just continue,
and I'll forget about whatever was undefined.

./transducer_8hpp.tex:3: Undefined control sequence.
l.3 ...e "{}api/observer/conditionally\+\_\+data\+
                                                  \_\+observed.\+h"{}}\newline
The control sequence at the end of the top line
of your error message was never \def'ed. If you have
misspelled it (e.g., `\hobx'), type `I' and the correct
spelling (e.g., `I\hbox'). Otherwise just continue,
and I'll forget about whatever was undefined.

./transducer_8hpp.tex:3: Undefined control sequence.
l.3 ...}api/observer/conditionally\+\_\+data\+\_\+
                                                  observed.\+h"{}}\newline
The control sequence at the end of the top line
of your error message was never \def'ed. If you have
misspelled it (e.g., `\hobx'), type `I' and the correct
spelling (e.g., `I\hbox'). Otherwise just continue,
and I'll forget about whatever was undefined.

./transducer_8hpp.tex:3: Undefined control sequence.
l.3 ...er/conditionally\+\_\+data\+\_\+observed.\+
                                                  h"{}}\newline
The control sequence at the end of the top line
of your error message was never \def'ed. If you have
misspelled it (e.g., `\hobx'), type `I' and the correct
spelling (e.g., `I\hbox'). Otherwise just continue,
and I'll forget about whatever was undefined.


./transducer_8hpp.tex:4: LaTeX Error: Command \ttfamily invalid in math mode.

See the LaTeX manual or LaTeX Companion for explanation.
Type  H <return>  for immediate help.
 ...                                              
                                                  
l.4 {\ttfamily
               \#include "{}api/observer/conditional\+\_\+data\+\_\+observer...
Please use the math alphabet \mathtt instead of the \ttfamily command. 

./transducer_8hpp.tex:4: Undefined control sequence.
l.4 ...ily \#include "{}api/observer/conditional\+
                                                  \_\+data\+\_\+observer.\+h...
The control sequence at the end of the top line
of your error message was never \def'ed. If you have
misspelled it (e.g., `\hobx'), type `I' and the correct
spelling (e.g., `I\hbox'). Otherwise just continue,
and I'll forget about whatever was undefined.

./transducer_8hpp.tex:4: Undefined control sequence.
l.4 ...\#include "{}api/observer/conditional\+\_\+
                                                  data\+\_\+observer.\+hpp"{...
The control sequence at the end of the top line
of your error message was never \def'ed. If you have
misspelled it (e.g., `\hobx'), type `I' and the correct
spelling (e.g., `I\hbox'). Otherwise just continue,
and I'll forget about whatever was undefined.

./transducer_8hpp.tex:4: Undefined control sequence.
l.4 ...ude "{}api/observer/conditional\+\_\+data\+
                                                  \_\+observer.\+hpp"{}}\new...
The control sequence at the end of the top line
of your error message was never \def'ed. If you have
misspelled it (e.g., `\hobx'), type `I' and the correct
spelling (e.g., `I\hbox'). Otherwise just continue,
and I'll forget about whatever was undefined.

./transducer_8hpp.tex:4: Undefined control sequence.
l.4 ..."{}api/observer/conditional\+\_\+data\+\_\+
                                                  observer.\+hpp"{}}\newline
The control sequence at the end of the top line
of your error message was never \def'ed. If you have
misspelled it (e.g., `\hobx'), type `I' and the correct
spelling (e.g., `I\hbox'). Otherwise just continue,
and I'll forget about whatever was undefined.

./transducer_8hpp.tex:4: Undefined control sequence.
l.4 ...rver/conditional\+\_\+data\+\_\+observer.\+
                                                  hpp"{}}\newline
The control sequence at the end of the top line
of your error message was never \def'ed. If you have
misspelled it (e.g., `\hobx'), type `I' and the correct
spelling (e.g., `I\hbox'). Otherwise just continue,
and I'll forget about whatever was undefined.


./transducer_8hpp.tex:5: LaTeX Error: Command \ttfamily invalid in math mode.

See the LaTeX manual or LaTeX Companion for explanation.
Type  H <return>  for immediate help.
 ...                                              
                                                  
l.5 {\ttfamily
               \#include "{}vehicle/smartdata/smart\+\_\+data.\+hpp"{}}\newline
Please use the math alphabet \mathtt instead of the \ttfamily command. 

./transducer_8hpp.tex:5: Undefined control sequence.
l.5 ...mily \#include "{}vehicle/smartdata/smart\+
                                                  \_\+data.\+hpp"{}}\newline
The control sequence at the end of the top line
of your error message was never \def'ed. If you have
misspelled it (e.g., `\hobx'), type `I' and the correct
spelling (e.g., `I\hbox'). Otherwise just continue,
and I'll forget about whatever was undefined.

./transducer_8hpp.tex:5: Undefined control sequence.
l.5 ... \#include "{}vehicle/smartdata/smart\+\_\+
                                                  data.\+hpp"{}}\newline
The control sequence at the end of the top line
of your error message was never \def'ed. If you have
misspelled it (e.g., `\hobx'), type `I' and the correct
spelling (e.g., `I\hbox'). Otherwise just continue,
and I'll forget about whatever was undefined.

./transducer_8hpp.tex:5: Undefined control sequence.
l.5 ...ude "{}vehicle/smartdata/smart\+\_\+data.\+
                                                  hpp"{}}\newline
The control sequence at the end of the top line
of your error message was never \def'ed. If you have
misspelled it (e.g., `\hobx'), type `I' and the correct
spelling (e.g., `I\hbox'). Otherwise just continue,
and I'll forget about whatever was undefined.


./transducer_8hpp.tex:6: LaTeX Error: Command \ttfamily invalid in math mode.

See the LaTeX manual or LaTeX Companion for explanation.
Type  H <return>  for immediate help.
 ...                                              
                                                  
l.6 {\ttfamily
               \#include "{}vehicle/smartdata/data\+\_\+generator.\+hpp"{}}\...
Please use the math alphabet \mathtt instead of the \ttfamily command. 

./transducer_8hpp.tex:6: Undefined control sequence.
l.6 ...amily \#include "{}vehicle/smartdata/data\+
                                                  \_\+generator.\+hpp"{}}\ne...
The control sequence at the end of the top line
of your error message was never \def'ed. If you have
misspelled it (e.g., `\hobx'), type `I' and the correct
spelling (e.g., `I\hbox'). Otherwise just continue,
and I'll forget about whatever was undefined.

./transducer_8hpp.tex:6: Undefined control sequence.
l.6 ...y \#include "{}vehicle/smartdata/data\+\_\+
                                                  generator.\+hpp"{}}\newline
The control sequence at the end of the top line
of your error message was never \def'ed. If you have
misspelled it (e.g., `\hobx'), type `I' and the correct
spelling (e.g., `I\hbox'). Otherwise just continue,
and I'll forget about whatever was undefined.

./transducer_8hpp.tex:6: Undefined control sequence.
l.6 ..."{}vehicle/smartdata/data\+\_\+generator.\+
                                                  hpp"{}}\newline
The control sequence at the end of the top line
of your error message was never \def'ed. If you have
misspelled it (e.g., `\hobx'), type `I' and the correct
spelling (e.g., `I\hbox'). Otherwise just continue,
and I'll forget about whatever was undefined.

./transducer_8hpp.tex:7: Undefined control sequence.
l.7 Include dependency graph for transducer.\+
                                              hpp\+:
The control sequence at the end of the top line
of your error message was never \def'ed. If you have
misspelled it (e.g., `\hobx'), type `I' and the correct
spelling (e.g., `I\hbox'). Otherwise just continue,
and I'll forget about whatever was undefined.

./transducer_8hpp.tex:7: Undefined control sequence.
l.7 ...ude dependency graph for transducer.\+hpp\+
                                                  :
The control sequence at the end of the top line
of your error message was never \def'ed. If you have
misspelled it (e.g., `\hobx'), type `I' and the correct
spelling (e.g., `I\hbox'). Otherwise just continue,
and I'll forget about whatever was undefined.


./transducer_8hpp.tex:9: LaTeX Error: Environment figure undefined.

See the LaTeX manual or LaTeX Companion for explanation.
Type  H <return>  for immediate help.
 ...                                              
                                                  
l.9 \begin{figure}
                  [H]
Your command was ignored.
Type  I <command> <return>  to replace it with another command,
or  <return>  to continue without it.

./transducer_8hpp.tex:10: Missing $ inserted.
<inserted text> 
                $
l.10 \begin{center}
                   
I've inserted a begin-math/end-math symbol since I think
you left one out. Proceed, with fingers crossed.

./transducer_8hpp.tex:10: Missing \endgroup inserted.
<inserted text> 
                \endgroup 
l.10 \begin{center}
                   
I've inserted something that you may have forgotten.
(See the <inserted text> above.)
With luck, this will get me unwedged. But if you
really didn't forget anything, try typing `2' now; then
my insertion and my current dilemma will both disappear.

./transducer_8hpp.tex:10: Missing \endgroup inserted.
<inserted text> 
                \endgroup 
l.10 \begin{center}
                   
I've inserted something that you may have forgotten.
(See the <inserted text> above.)
With luck, this will get me unwedged. But if you
really didn't forget anything, try typing `2' now; then
my insertion and my current dilemma will both disappear.


Overfull \hbox (20.0pt too wide) in paragraph at lines 1--10
[]
 []


Overfull \hbox (265.33865pt too wide) in paragraph at lines 1--10
[]\OML/cmm/m/it/10 hpp[][][][] 
 []


Overfull \hbox (245.67772pt too wide) in paragraph at lines 1--10
[][] 
 []


Overfull \hbox (207.57347pt too wide) in paragraph at lines 1--10
[][] 
 []


Overfull \hbox (223.63022pt too wide) in paragraph at lines 1--10
[][] 
 []


Overfull \hbox (199.56644pt too wide) in paragraph at lines 1--10
\OML/cmm/m/it/10 Includedependencygraphfortransducer:hpp \OT1/cmr/m/n/10 :
 []


Overfull \hbox (17.45825pt too wide) in paragraph at lines 1--10
 \OT1/cmr/m/n/10 [\OML/cmm/m/it/10 H\OT1/cmr/m/n/10 ]$ 
 []

./transducer_8hpp.tex:12: Undefined control sequence.
l.12 \includegraphics
                     [width=350pt]{transducer_8hpp__incl}
The control sequence at the end of the top line
of your error message was never \def'ed. If you have
misspelled it (e.g., `\hobx'), type `I' and the correct
spelling (e.g., `I\hbox'). Otherwise just continue,
and I'll forget about whatever was undefined.

Missing character: There is no [ in font nullfont!
Missing character: There is no w in font nullfont!
Missing character: There is no i in font nullfont!
Missing character: There is no d in font nullfont!
Missing character: There is no t in font nullfont!
Missing character: There is no h in font nullfont!
Missing character: There is no = in font nullfont!
Missing character: There is no 3 in font nullfont!
Missing character: There is no 5 in font nullfont!
Missing character: There is no 0 in font nullfont!
Missing character: There is no p in font nullfont!
Missing character: There is no t in font nullfont!
Missing character: There is no ] in font nullfont!
Missing character: There is no t in font nullfont!
Missing character: There is no r in font nullfont!
Missing character: There is no a in font nullfont!
Missing character: There is no n in font nullfont!
Missing character: There is no s in font nullfont!
Missing character: There is no d in font nullfont!
Missing character: There is no u in font nullfont!
Missing character: There is no c in font nullfont!
Missing character: There is no e in font nullfont!
Missing character: There is no r in font nullfont!
./transducer_8hpp.tex:12: Missing $ inserted.
<inserted text> 
                $
l.12 \includegraphics[width=350pt]{transducer_
                                              8hpp__incl}
I've inserted a begin-math/end-math symbol since I think
you left one out. Proceed, with fingers crossed.

./transducer_8hpp.tex:12: Missing { inserted.
<to be read again> 
                   _
l.12 ...udegraphics[width=350pt]{transducer_8hpp__
                                                  incl}
A left brace was mandatory here, so I've put one in.
You might want to delete and/or insert some corrections
so that I will find a matching right brace soon.
(If you're confused by all this, try typing `I}' now.)


./transducer_8hpp.tex:13: LaTeX Error: Command \end{document} invalid in math mode.

See the LaTeX manual or LaTeX Companion for explanation.
Type  H <return>  for immediate help.
 ...                                              
                                                  
l.13 \end{center}
                 
Try typing  <return>  to proceed.
If that doesn't work, type  X <return>  to quit.

./transducer_8hpp.tex:13: Missing $ inserted.
<inserted text> 
                $
l.13 \end{center}
                 
I've inserted a begin-math/end-math symbol since I think
you left one out. Proceed, with fingers crossed.


Overfull \hbox (35.06459pt too wide) in paragraph at lines 11--13
 []\OML/cmm/m/it/10 hpp[] 
 []


./transducer_8hpp.tex:13: LaTeX Error: \begin{document} ended by \end{center}.

See the LaTeX manual or LaTeX Companion for explanation.
Type  H <return>  for immediate help.
 ...                                              
                                                  
l.13 \end{center}
                 
Your command was ignored.
Type  I <command> <return>  to replace it with another command,
or  <return>  to continue without it.

./transducer_8hpp.tex:13: Missing } inserted.
<inserted text> 
                }
l.13 \end{center}
                 
I've inserted something that you may have forgotten.
(See the <inserted text> above.)
With luck, this will get me unwedged. But if you
really didn't forget anything, try typing `2' now; then
my insertion and my current dilemma will both disappear.

./transducer_8hpp.tex:13: Missing } inserted.
<inserted text> 
                }
l.13 \end{center}
                 
I've inserted something that you may have forgotten.
(See the <inserted text> above.)
With luck, this will get me unwedged. But if you
really didn't forget anything, try typing `2' now; then
my insertion and my current dilemma will both disappear.

./transducer_8hpp.tex:13: Extra \endgroup.
<recently read> \endgroup 
                          
l.13 \end{center}
                 
Things are pretty mixed up, but I think the worst is over.


./transducer_8hpp.tex:14: LaTeX Error: \begin{document} ended by \end{figure}.

See the LaTeX manual or LaTeX Companion for explanation.
Type  H <return>  for immediate help.
 ...                                              
                                                  
l.14 \end{figure}
                 
Your command was ignored.
Type  I <command> <return>  to replace it with another command,
or  <return>  to continue without it.

./transducer_8hpp.tex:14: Extra \endgroup.
\end  ...end#1\endcsname \@checkend {#1}\endgroup 
                                                  \UseHook {env/#1/after}\if...
l.14 \end{figure}
                 
Things are pretty mixed up, but I think the worst is over.

Missing character: There is no T in font nullfont!
Missing character: There is no h in font nullfont!
Missing character: There is no i in font nullfont!
Missing character: There is no s in font nullfont!
Missing character: There is no g in font nullfont!
Missing character: There is no r in font nullfont!
Missing character: There is no a in font nullfont!
Missing character: There is no p in font nullfont!
Missing character: There is no h in font nullfont!
Missing character: There is no s in font nullfont!
Missing character: There is no h in font nullfont!
Missing character: There is no o in font nullfont!
Missing character: There is no w in font nullfont!
Missing character: There is no s in font nullfont!
Missing character: There is no w in font nullfont!
Missing character: There is no h in font nullfont!
Missing character: There is no i in font nullfont!
Missing character: There is no c in font nullfont!
Missing character: There is no h in font nullfont!
Missing character: There is no f in font nullfont!
Missing character: There is no i in font nullfont!
Missing character: There is no l in font nullfont!
Missing character: There is no e in font nullfont!
Missing character: There is no s in font nullfont!
Missing character: There is no d in font nullfont!
Missing character: There is no i in font nullfont!
Missing character: There is no r in font nullfont!
Missing character: There is no e in font nullfont!
Missing character: There is no c in font nullfont!
Missing character: There is no t in font nullfont!
Missing character: There is no l in font nullfont!
Missing character: There is no y in font nullfont!
Missing character: There is no o in font nullfont!
Missing character: There is no r in font nullfont!
Missing character: There is no i in font nullfont!
Missing character: There is no n in font nullfont!
Missing character: There is no d in font nullfont!
Missing character: There is no i in font nullfont!
Missing character: There is no r in font nullfont!
Missing character: There is no e in font nullfont!
Missing character: There is no c in font nullfont!
Missing character: There is no t in font nullfont!
Missing character: There is no l in font nullfont!
Missing character: There is no y in font nullfont!
Missing character: There is no i in font nullfont!
Missing character: There is no n in font nullfont!
Missing character: There is no c in font nullfont!
Missing character: There is no l in font nullfont!
Missing character: There is no u in font nullfont!
Missing character: There is no d in font nullfont!
Missing character: There is no e in font nullfont!
Missing character: There is no t in font nullfont!
Missing character: There is no h in font nullfont!
Missing character: There is no i in font nullfont!
Missing character: There is no s in font nullfont!
Missing character: There is no f in font nullfont!
Missing character: There is no i in font nullfont!
Missing character: There is no l in font nullfont!
Missing character: There is no e in font nullfont!
./transducer_8hpp.tex:15: Undefined control sequence.
l.15 ...directly or indirectly include this file\+
                                                  :
The control sequence at the end of the top line
of your error message was never \def'ed. If you have
misspelled it (e.g., `\hobx'), type `I' and the correct
spelling (e.g., `I\hbox'). Otherwise just continue,
and I'll forget about whatever was undefined.

Missing character: There is no : in font nullfont!

./transducer_8hpp.tex:17: LaTeX Error: Environment figure undefined.

See the LaTeX manual or LaTeX Companion for explanation.
Type  H <return>  for immediate help.
 ...                                              
                                                  
l.17 \begin{figure}
                   [H]
Your command was ignored.
Type  I <command> <return>  to replace it with another command,
or  <return>  to continue without it.

Missing character: There is no [ in font nullfont!
Missing character: There is no H in font nullfont!
Missing character: There is no ] in font nullfont!
./transducer_8hpp.tex:20: Undefined control sequence.
l.20 \includegraphics
                     [width=290pt]{transducer_8hpp__dep__incl}
The control sequence at the end of the top line
of your error message was never \def'ed. If you have
misspelled it (e.g., `\hobx'), type `I' and the correct
spelling (e.g., `I\hbox'). Otherwise just continue,
and I'll forget about whatever was undefined.

Missing character: There is no [ in font nullfont!
Missing character: There is no w in font nullfont!
Missing character: There is no i in font nullfont!
Missing character: There is no d in font nullfont!
Missing character: There is no t in font nullfont!
Missing character: There is no h in font nullfont!
Missing character: There is no = in font nullfont!
Missing character: There is no 2 in font nullfont!
Missing character: There is no 9 in font nullfont!
Missing character: There is no 0 in font nullfont!
Missing character: There is no p in font nullfont!
Missing character: There is no t in font nullfont!
Missing character: There is no ] in font nullfont!
Missing character: There is no t in font nullfont!
Missing character: There is no r in font nullfont!
Missing character: There is no a in font nullfont!
Missing character: There is no n in font nullfont!
Missing character: There is no s in font nullfont!
Missing character: There is no d in font nullfont!
Missing character: There is no u in font nullfont!
Missing character: There is no c in font nullfont!
Missing character: There is no e in font nullfont!
Missing character: There is no r in font nullfont!
./transducer_8hpp.tex:20: Missing $ inserted.
<inserted text> 
                $
l.20 \includegraphics[width=290pt]{transducer_
                                              8hpp__dep__incl}
I've inserted a begin-math/end-math symbol since I think
you left one out. Proceed, with fingers crossed.

./transducer_8hpp.tex:20: Missing { inserted.
<to be read again> 
                   _
l.20 ...udegraphics[width=290pt]{transducer_8hpp__
                                                  dep__incl}
A left brace was mandatory here, so I've put one in.
You might want to delete and/or insert some corrections
so that I will find a matching right brace soon.
(If you're confused by all this, try typing `I}' now.)

./transducer_8hpp.tex:20: Missing { inserted.
<to be read again> 
                   _
l.20 ...aphics[width=290pt]{transducer_8hpp__dep__
                                                  incl}
A left brace was mandatory here, so I've put one in.
You might want to delete and/or insert some corrections
so that I will find a matching right brace soon.
(If you're confused by all this, try typing `I}' now.)


./transducer_8hpp.tex:21: LaTeX Error: Command \end{center} invalid in math mode.

See the LaTeX manual or LaTeX Companion for explanation.
Type  H <return>  for immediate help.
 ...                                              
                                                  
l.21 \end{center}
                 
Try typing  <return>  to proceed.
If that doesn't work, type  X <return>  to quit.

./transducer_8hpp.tex:21: Missing $ inserted.
<inserted text> 
                $
l.21 \end{center}
                 
I've inserted a begin-math/end-math symbol since I think
you left one out. Proceed, with fingers crossed.

./transducer_8hpp.tex:21: Missing } inserted.
<inserted text> 
                }
l.21 \end{center}
                 
I've inserted something that you may have forgotten.
(See the <inserted text> above.)
With luck, this will get me unwedged. But if you
really didn't forget anything, try typing `2' now; then
my insertion and my current dilemma will both disappear.


Overfull \hbox (46.6458pt too wide) in paragraph at lines 19--21
 []\OML/cmm/m/it/10 hpp[]$ 
 []

./transducer_8hpp.tex:21: Missing } inserted.
<inserted text> 
                }
l.21 \end{center}
                 
I've inserted something that you may have forgotten.
(See the <inserted text> above.)
With luck, this will get me unwedged. But if you
really didn't forget anything, try typing `2' now; then
my insertion and my current dilemma will both disappear.


./transducer_8hpp.tex:22: LaTeX Error: \begin{document} ended by \end{figure}.

See the LaTeX manual or LaTeX Companion for explanation.
Type  H <return>  for immediate help.
 ...                                              
                                                  
l.22 \end{figure}
                 
Your command was ignored.
Type  I <command> <return>  to replace it with another command,
or  <return>  to continue without it.

./transducer_8hpp.tex:23: Undefined control sequence.
l.23 \doxysubsubsection
                       *{Classes}
The control sequence at the end of the top line
of your error message was never \def'ed. If you have
misspelled it (e.g., `\hobx'), type `I' and the correct
spelling (e.g., `I\hbox'). Otherwise just continue,
and I'll forget about whatever was undefined.

Missing character: There is no * in font nullfont!
Missing character: There is no C in font nullfont!
Missing character: There is no l in font nullfont!
Missing character: There is no a in font nullfont!
Missing character: There is no s in font nullfont!
Missing character: There is no s in font nullfont!
Missing character: There is no e in font nullfont!
Missing character: There is no s in font nullfont!

./transducer_8hpp.tex:24: LaTeX Error: Environment DoxyCompactItemize undefined.

See the LaTeX manual or LaTeX Companion for explanation.
Type  H <return>  for immediate help.
 ...                                              
                                                  
l.24 \begin{DoxyCompactItemize}
                               
Your command was ignored.
Type  I <command> <return>  to replace it with another command,
or  <return>  to continue without it.


./transducer_8hpp.tex:26: LaTeX Error: Lonely \item--perhaps a missing list environment.

See the LaTeX manual or LaTeX Companion for explanation.
Type  H <return>  for immediate help.
 ...                                              
                                                  
l.26 c
      lass \mbox{\hyperlink{class_transducer}{Transducer$<$ Unit\+Tag $>$}}
Try typing  <return>  to proceed.
If that doesn't work, type  X <return>  to quit.

Missing character: There is no c in font nullfont!
Missing character: There is no l in font nullfont!
Missing character: There is no a in font nullfont!
Missing character: There is no s in font nullfont!
Missing character: There is no s in font nullfont!
./transducer_8hpp.tex:26: Undefined control sequence.
<argument> \hyperlink 
                      {class_transducer}{Transducer$<$ Unit\+Tag $>$}
l.26 ..._transducer}{Transducer$<$ Unit\+Tag $>$}}
                                                  
The control sequence at the end of the top line
of your error message was never \def'ed. If you have
misspelled it (e.g., `\hobx'), type `I' and the correct
spelling (e.g., `I\hbox'). Otherwise just continue,
and I'll forget about whatever was undefined.

Missing character: There is no c in font nullfont!
Missing character: There is no l in font nullfont!
Missing character: There is no a in font nullfont!
Missing character: There is no s in font nullfont!
Missing character: There is no s in font nullfont!
./transducer_8hpp.tex:26: Missing $ inserted.
<inserted text> 
                $
l.26 ..._transducer}{Transducer$<$ Unit\+Tag $>$}}
                                                  
I've inserted a begin-math/end-math symbol since I think
you left one out. Proceed, with fingers crossed.

./transducer_8hpp.tex:26: Extra }, or forgotten $.
<argument> \hyperlink {class_transducer}
                                        {Transducer$<$ Unit\+Tag $>$}
l.26 ..._transducer}{Transducer$<$ Unit\+Tag $>$}}
                                                  
I've deleted a group-closing symbol because it seems to be
spurious, as in `$x}$'. But perhaps the } is legitimate and
you forgot something else, as in `\hbox{$x}'. In such cases
the way to recover is to insert both the forgotten and the
deleted material, e.g., by typing `I$}'.

./transducer_8hpp.tex:26: Missing } inserted.
<inserted text> 
                }
l.26 ..._transducer}{Transducer$<$ Unit\+Tag $>$}}
                                                  
I've inserted something that you may have forgotten.
(See the <inserted text> above.)
With luck, this will get me unwedged. But if you
really didn't forget anything, try typing `2' now; then
my insertion and my current dilemma will both disappear.

Missing character: There is no < in font nullfont!
./transducer_8hpp.tex:26: Undefined control sequence.
<argument> ...ass_transducer}{Transducer$<$ Unit\+
                                                  Tag $>$}
l.26 ..._transducer}{Transducer$<$ Unit\+Tag $>$}}
                                                  
The control sequence at the end of the top line
of your error message was never \def'ed. If you have
misspelled it (e.g., `\hobx'), type `I' and the correct
spelling (e.g., `I\hbox'). Otherwise just continue,
and I'll forget about whatever was undefined.

Missing character: There is no > in font nullfont!
./transducer_8hpp.tex:26: Extra }, or forgotten $.
<recently read> }
                 
l.26 ..._transducer}{Transducer$<$ Unit\+Tag $>$}}
                                                  
I've deleted a group-closing symbol because it seems to be
spurious, as in `$x}$'. But perhaps the } is legitimate and
you forgot something else, as in `\hbox{$x}'. In such cases
the way to recover is to insert both the forgotten and the
deleted material, e.g., by typing `I$}'.

./transducer_8hpp.tex:26: Extra }, or forgotten $.
\mbox  #1->\leavevmode \hbox {#1}
                                 
l.26 ..._transducer}{Transducer$<$ Unit\+Tag $>$}}
                                                  
I've deleted a group-closing symbol because it seems to be
spurious, as in `$x}$'. But perhaps the } is legitimate and
you forgot something else, as in `\hbox{$x}'. In such cases
the way to recover is to insert both the forgotten and the
deleted material, e.g., by typing `I$}'.


./transducer_8hpp.tex:27: LaTeX Error: \begin{document} ended by \end{DoxyCompactItemize}.

See the LaTeX manual or LaTeX Companion for explanation.
Type  H <return>  for immediate help.
 ...                                              
                                                  
l.27 \end{DoxyCompactItemize}
                             
Your command was ignored.
Type  I <command> <return>  to replace it with another command,
or  <return>  to continue without it.

./transducer_8hpp.tex:27: Missing $ inserted.
<inserted text> 
                $
l.27 \end{DoxyCompactItemize}
                             
I've inserted something that you may have forgotten.
(See the <inserted text> above.)
With luck, this will get me unwedged. But if you
really didn't forget anything, try typing `2' now; then
my insertion and my current dilemma will both disappear.

./transducer_8hpp.tex:27: Missing } inserted.
<inserted text> 
                }
l.27 \end{DoxyCompactItemize}
                             
I've inserted something that you may have forgotten.
(See the <inserted text> above.)
With luck, this will get me unwedged. But if you
really didn't forget anything, try typing `2' now; then
my insertion and my current dilemma will both disappear.

./transducer_8hpp.tex:27: Missing } inserted.
<inserted text> 
                }
l.27 \end{DoxyCompactItemize}
                             
I've inserted something that you may have forgotten.
(See the <inserted text> above.)
With luck, this will get me unwedged. But if you
really didn't forget anything, try typing `2' now; then
my insertion and my current dilemma will both disappear.

)
! Emergency stop.
<*> transducer_8hpp.tex
                       
*** (job aborted, no legal \end found)

 
Here is how much of TeX's memory you used:
 31 strings out of 469269
 692 string characters out of 5467112
 431984 words of memory out of 5000000
 28562 multiletter control sequences out of 15000+600000
 626993 words of font info for 41 fonts, out of 8000000 for 9000
 319 hyphenation exceptions out of 8191
 22i,5n,23p,192b,87s stack positions out of 10000i,1000n,20000p,200000b,200000s
!  ==> Fatal error occurred, no output PDF file produced!
