This is pdfTeX, Version 3.141592653-2.6-1.40.28 (TeX Live 2025) (preloaded format=pdflatex 2025.9.24)  27 SEP 2025 18:54
entering extended mode
 \write18 enabled.
 file:line:error style messages enabled.
 %&-line parsing enabled.
**union_shm_engine_1_1semun.tex
(./union_shm_engine_1_1semun.tex
LaTeX2e <2025-06-01> patch level 1
L3 programming layer <2025-09-02>
./union_shm_engine_1_1semun.tex:1: Undefined control sequence.
l.1 \doxysection
                {Shm\+Engine\+::semun Union Reference}
The control sequence at the end of the top line
of your error message was never \def'ed. If you have
misspelled it (e.g., `\hobx'), type `I' and the correct
spelling (e.g., `I\hbox'). Otherwise just continue,
and I'll forget about whatever was undefined.


./union_shm_engine_1_1semun.tex:1: LaTeX Error: Missing \begin{document}.

See the LaTeX manual or LaTeX Companion for explanation.
Type  H <return>  for immediate help.
 ...                                              
                                                  
l.1 \doxysection{S
                  hm\+Engine\+::semun Union Reference}
You're in trouble here.  Try typing  <return>  to proceed.
If that doesn't work, type  X <return>  to quit.

Missing character: There is no S in font nullfont!
Missing character: There is no h in font nullfont!
Missing character: There is no m in font nullfont!
./union_shm_engine_1_1semun.tex:1: Undefined control sequence.
l.1 \doxysection{Shm\+
                      Engine\+::semun Union Reference}
The control sequence at the end of the top line
of your error message was never \def'ed. If you have
misspelled it (e.g., `\hobx'), type `I' and the correct
spelling (e.g., `I\hbox'). Otherwise just continue,
and I'll forget about whatever was undefined.

Missing character: There is no E in font nullfont!
Missing character: There is no n in font nullfont!
Missing character: There is no g in font nullfont!
Missing character: There is no i in font nullfont!
Missing character: There is no n in font nullfont!
Missing character: There is no e in font nullfont!
./union_shm_engine_1_1semun.tex:1: Undefined control sequence.
l.1 \doxysection{Shm\+Engine\+
                              ::semun Union Reference}
The control sequence at the end of the top line
of your error message was never \def'ed. If you have
misspelled it (e.g., `\hobx'), type `I' and the correct
spelling (e.g., `I\hbox'). Otherwise just continue,
and I'll forget about whatever was undefined.

Missing character: There is no : in font nullfont!
Missing character: There is no : in font nullfont!
Missing character: There is no s in font nullfont!
Missing character: There is no e in font nullfont!
Missing character: There is no m in font nullfont!
Missing character: There is no u in font nullfont!
Missing character: There is no n in font nullfont!
Missing character: There is no U in font nullfont!
Missing character: There is no n in font nullfont!
Missing character: There is no i in font nullfont!
Missing character: There is no o in font nullfont!
Missing character: There is no n in font nullfont!
Missing character: There is no R in font nullfont!
Missing character: There is no e in font nullfont!
Missing character: There is no f in font nullfont!
Missing character: There is no e in font nullfont!
Missing character: There is no r in font nullfont!
Missing character: There is no e in font nullfont!
Missing character: There is no n in font nullfont!
Missing character: There is no c in font nullfont!
Missing character: There is no e in font nullfont!
./union_shm_engine_1_1semun.tex:2: Undefined control sequence.
l.2 \hypertarget
                {union_shm_engine_1_1semun}{}\label{union_shm_engine_1_1semu...
The control sequence at the end of the top line
of your error message was never \def'ed. If you have
misspelled it (e.g., `\hobx'), type `I' and the correct
spelling (e.g., `I\hbox'). Otherwise just continue,
and I'll forget about whatever was undefined.

Missing character: There is no u in font nullfont!
Missing character: There is no n in font nullfont!
Missing character: There is no i in font nullfont!
Missing character: There is no o in font nullfont!
Missing character: There is no n in font nullfont!
./union_shm_engine_1_1semun.tex:2: Missing $ inserted.
<inserted text> 
                $
l.2 \hypertarget{union_
                       shm_engine_1_1semun}{}\label{union_shm_engine_1_1semu...
I've inserted a begin-math/end-math symbol since I think
you left one out. Proceed, with fingers crossed.

LaTeX Font Info:    External font `cmex10' loaded for size
(Font)              <7> on input line 2.
LaTeX Font Info:    External font `cmex10' loaded for size
(Font)              <5> on input line 2.
./union_shm_engine_1_1semun.tex:2: Double subscript.
l.2 \hypertarget{union_shm_engine_1_
                                    1semun}{}\label{union_shm_engine_1_1semu...
I treat `x_1_2' essentially like `x_1{}_2'.

./union_shm_engine_1_1semun.tex:2: Extra }, or forgotten $.
l.2 \hypertarget{union_shm_engine_1_1semun}
                                           {}\label{union_shm_engine_1_1semu...
I've deleted a group-closing symbol because it seems to be
spurious, as in `$x}$'. But perhaps the } is legitimate and
you forgot something else, as in `\hbox{$x}'. In such cases
the way to recover is to insert both the forgotten and the
deleted material, e.g., by typing `I$}'.

./union_shm_engine_1_1semun.tex:3: Missing $ inserted.
<inserted text> 
                $
l.3 
    
I've inserted a begin-math/end-math symbol since I think
you left one out. Proceed, with fingers crossed.


Overfull \hbox (20.0pt too wide) in paragraph at lines 1--3
[]
 []


Overfull \hbox (87.1678pt too wide) in paragraph at lines 1--3
[]\OML/cmm/m/it/10 hm[]ngine[][]semun[][]$ 
 []


./union_shm_engine_1_1semun.tex:5: LaTeX Error: Missing \begin{document}.

See the LaTeX manual or LaTeX Companion for explanation.
Type  H <return>  for immediate help.
 ...                                              
                                                  
l.5 {\ttfamily \#
                 include $<$smh\+\_\+engine.\+hpp$>$}
You're in trouble here.  Try typing  <return>  to proceed.
If that doesn't work, type  X <return>  to quit.

./union_shm_engine_1_1semun.tex:5: Undefined control sequence.
l.5 {\ttfamily \#include $<$smh\+
                                 \_\+engine.\+hpp$>$}
The control sequence at the end of the top line
of your error message was never \def'ed. If you have
misspelled it (e.g., `\hobx'), type `I' and the correct
spelling (e.g., `I\hbox'). Otherwise just continue,
and I'll forget about whatever was undefined.

./union_shm_engine_1_1semun.tex:5: Undefined control sequence.
l.5 {\ttfamily \#include $<$smh\+\_\+
                                     engine.\+hpp$>$}
The control sequence at the end of the top line
of your error message was never \def'ed. If you have
misspelled it (e.g., `\hobx'), type `I' and the correct
spelling (e.g., `I\hbox'). Otherwise just continue,
and I'll forget about whatever was undefined.

./union_shm_engine_1_1semun.tex:5: Undefined control sequence.
l.5 {\ttfamily \#include $<$smh\+\_\+engine.\+
                                              hpp$>$}
The control sequence at the end of the top line
of your error message was never \def'ed. If you have
misspelled it (e.g., `\hobx'), type `I' and the correct
spelling (e.g., `I\hbox'). Otherwise just continue,
and I'll forget about whatever was undefined.


Overfull \hbox (61.99963pt too wide) in paragraph at lines 5--6
[]\OT1/cmtt/m/n/10 #include
 []


Overfull \hbox (87.58496pt too wide) in paragraph at lines 5--6
\OML/cmm/m/it/10 <$\OT1/cmtt/m/n/10 smh[]engine.hpp$\OML/cmm/m/it/10 >$ 
 []

./union_shm_engine_1_1semun.tex:7: Undefined control sequence.
l.7 \doxysubsubsection
                      *{Public Attributes}
The control sequence at the end of the top line
of your error message was never \def'ed. If you have
misspelled it (e.g., `\hobx'), type `I' and the correct
spelling (e.g., `I\hbox'). Otherwise just continue,
and I'll forget about whatever was undefined.


./union_shm_engine_1_1semun.tex:7: LaTeX Error: Missing \begin{document}.

See the LaTeX manual or LaTeX Companion for explanation.
Type  H <return>  for immediate help.
 ...                                              
                                                  
l.7 \doxysubsubsection*
                       {Public Attributes}
You're in trouble here.  Try typing  <return>  to proceed.
If that doesn't work, type  X <return>  to quit.

Missing character: There is no * in font nullfont!
Missing character: There is no P in font nullfont!
Missing character: There is no u in font nullfont!
Missing character: There is no b in font nullfont!
Missing character: There is no l in font nullfont!
Missing character: There is no i in font nullfont!
Missing character: There is no c in font nullfont!
Missing character: There is no A in font nullfont!
Missing character: There is no t in font nullfont!
Missing character: There is no t in font nullfont!
Missing character: There is no r in font nullfont!
Missing character: There is no i in font nullfont!
Missing character: There is no b in font nullfont!
Missing character: There is no u in font nullfont!
Missing character: There is no t in font nullfont!
Missing character: There is no e in font nullfont!
Missing character: There is no s in font nullfont!

./union_shm_engine_1_1semun.tex:8: LaTeX Error: Environment DoxyCompactItemize undefined.

See the LaTeX manual or LaTeX Companion for explanation.
Type  H <return>  for immediate help.
 ...                                              
                                                  
l.8 \begin{DoxyCompactItemize}
                              
Your command was ignored.
Type  I <command> <return>  to replace it with another command,
or  <return>  to continue without it.


Overfull \hbox (20.0pt too wide) in paragraph at lines 7--10
[] 
 []


./union_shm_engine_1_1semun.tex:10: LaTeX Error: Lonely \item--perhaps a missing list environment.

See the LaTeX manual or LaTeX Companion for explanation.
Type  H <return>  for immediate help.
 ...                                              
                                                  
l.10 i
      nt \mbox{\hyperlink{union_shm_engine_1_1semun_aaec711d16554322acdd628b...
Try typing  <return>  to proceed.
If that doesn't work, type  X <return>  to quit.

Missing character: There is no i in font nullfont!
Missing character: There is no n in font nullfont!
Missing character: There is no t in font nullfont!
./union_shm_engine_1_1semun.tex:10: Undefined control sequence.
<argument> \hyperlink 
                      {union_shm_engine_1_1semun_aaec711d16554322acdd628bd25...
l.10 ...n_aaec711d16554322acdd628bd255c053c}{val}}
                                                  
The control sequence at the end of the top line
of your error message was never \def'ed. If you have
misspelled it (e.g., `\hobx'), type `I' and the correct
spelling (e.g., `I\hbox'). Otherwise just continue,
and I'll forget about whatever was undefined.

Missing character: There is no u in font nullfont!
Missing character: There is no n in font nullfont!
Missing character: There is no i in font nullfont!
Missing character: There is no o in font nullfont!
Missing character: There is no n in font nullfont!
./union_shm_engine_1_1semun.tex:10: Missing $ inserted.
<inserted text> 
                $
l.10 ...n_aaec711d16554322acdd628bd255c053c}{val}}
                                                  
I've inserted a begin-math/end-math symbol since I think
you left one out. Proceed, with fingers crossed.

./union_shm_engine_1_1semun.tex:10: Double subscript.
<argument> \hyperlink {union_shm_engine_1_
                                          1semun_aaec711d16554322acdd628bd25...
l.10 ...n_aaec711d16554322acdd628bd255c053c}{val}}
                                                  
I treat `x_1_2' essentially like `x_1{}_2'.

./union_shm_engine_1_1semun.tex:10: Extra }, or forgotten $.
<argument> ...n_aaec711d16554322acdd628bd255c053c}
                                                  {val}
l.10 ...n_aaec711d16554322acdd628bd255c053c}{val}}
                                                  
I've deleted a group-closing symbol because it seems to be
spurious, as in `$x}$'. But perhaps the } is legitimate and
you forgot something else, as in `\hbox{$x}'. In such cases
the way to recover is to insert both the forgotten and the
deleted material, e.g., by typing `I$}'.

./union_shm_engine_1_1semun.tex:10: Extra }, or forgotten $.
\mbox  #1->\leavevmode \hbox {#1}
                                 
l.10 ...n_aaec711d16554322acdd628bd255c053c}{val}}
                                                  
I've deleted a group-closing symbol because it seems to be
spurious, as in `$x}$'. But perhaps the } is legitimate and
you forgot something else, as in `\hbox{$x}'. In such cases
the way to recover is to insert both the forgotten and the
deleted material, e.g., by typing `I$}'.


./union_shm_engine_1_1semun.tex:11: LaTeX Error: Command \item invalid in math mode.

See the LaTeX manual or LaTeX Companion for explanation.
Type  H <return>  for immediate help.
 ...                                              
                                                  
l.11 \item
          
Try typing  <return>  to proceed.
If that doesn't work, type  X <return>  to quit.

./union_shm_engine_1_1semun.tex:12: Missing $ inserted.
<inserted text> 
                $
l.12 s
      truct semid\+\_\+ds \texorpdfstring{$\ast$}{*} \mbox{\hyperlink{union_...
I've inserted a begin-math/end-math symbol since I think
you left one out. Proceed, with fingers crossed.

./union_shm_engine_1_1semun.tex:12: Missing } inserted.
<inserted text> 
                }
l.12 s
      truct semid\+\_\+ds \texorpdfstring{$\ast$}{*} \mbox{\hyperlink{union_...
I've inserted something that you may have forgotten.
(See the <inserted text> above.)
With luck, this will get me unwedged. But if you
really didn't forget anything, try typing `2' now; then
my insertion and my current dilemma will both disappear.

./union_shm_engine_1_1semun.tex:12: Missing } inserted.
<inserted text> 
                }
l.12 s
      truct semid\+\_\+ds \texorpdfstring{$\ast$}{*} \mbox{\hyperlink{union_...
I've inserted something that you may have forgotten.
(See the <inserted text> above.)
With luck, this will get me unwedged. But if you
really didn't forget anything, try typing `2' now; then
my insertion and my current dilemma will both disappear.


Overfull \hbox (263.32762pt too wide) in paragraph at lines 10--12
[] 
 []


./union_shm_engine_1_1semun.tex:12: LaTeX Error: Lonely \item--perhaps a missing list environment.

See the LaTeX manual or LaTeX Companion for explanation.
Type  H <return>  for immediate help.
 ...                                              
                                                  
l.12 s
      truct semid\+\_\+ds \texorpdfstring{$\ast$}{*} \mbox{\hyperlink{union_...
Try typing  <return>  to proceed.
If that doesn't work, type  X <return>  to quit.

Missing character: There is no s in font nullfont!
Missing character: There is no t in font nullfont!
Missing character: There is no r in font nullfont!
Missing character: There is no u in font nullfont!
Missing character: There is no c in font nullfont!
Missing character: There is no t in font nullfont!
Missing character: There is no s in font nullfont!
Missing character: There is no e in font nullfont!
Missing character: There is no m in font nullfont!
Missing character: There is no i in font nullfont!
Missing character: There is no d in font nullfont!
./union_shm_engine_1_1semun.tex:12: Undefined control sequence.
l.12 struct semid\+
                   \_\+ds \texorpdfstring{$\ast$}{*} \mbox{\hyperlink{union_...
The control sequence at the end of the top line
of your error message was never \def'ed. If you have
misspelled it (e.g., `\hobx'), type `I' and the correct
spelling (e.g., `I\hbox'). Otherwise just continue,
and I'll forget about whatever was undefined.

./union_shm_engine_1_1semun.tex:12: Undefined control sequence.
l.12 struct semid\+\_\+
                       ds \texorpdfstring{$\ast$}{*} \mbox{\hyperlink{union_...
The control sequence at the end of the top line
of your error message was never \def'ed. If you have
misspelled it (e.g., `\hobx'), type `I' and the correct
spelling (e.g., `I\hbox'). Otherwise just continue,
and I'll forget about whatever was undefined.

Missing character: There is no d in font nullfont!
Missing character: There is no s in font nullfont!
./union_shm_engine_1_1semun.tex:12: Undefined control sequence.
l.12 struct semid\+\_\+ds \texorpdfstring
                                         {$\ast$}{*} \mbox{\hyperlink{union_...
The control sequence at the end of the top line
of your error message was never \def'ed. If you have
misspelled it (e.g., `\hobx'), type `I' and the correct
spelling (e.g., `I\hbox'). Otherwise just continue,
and I'll forget about whatever was undefined.

Missing character: There is no * in font nullfont!
./union_shm_engine_1_1semun.tex:12: Undefined control sequence.
<argument> \hyperlink 
                      {union_shm_engine_1_1semun_ae7398e4e321c9192f352302792...
l.12 ...n_ae7398e4e321c9192f35230279231607f}{buf}}
                                                  
The control sequence at the end of the top line
of your error message was never \def'ed. If you have
misspelled it (e.g., `\hobx'), type `I' and the correct
spelling (e.g., `I\hbox'). Otherwise just continue,
and I'll forget about whatever was undefined.

Missing character: There is no u in font nullfont!
Missing character: There is no n in font nullfont!
Missing character: There is no i in font nullfont!
Missing character: There is no o in font nullfont!
Missing character: There is no n in font nullfont!
./union_shm_engine_1_1semun.tex:12: Missing $ inserted.
<inserted text> 
                $
l.12 ...n_ae7398e4e321c9192f35230279231607f}{buf}}
                                                  
I've inserted a begin-math/end-math symbol since I think
you left one out. Proceed, with fingers crossed.

./union_shm_engine_1_1semun.tex:12: Double subscript.
<argument> \hyperlink {union_shm_engine_1_
                                          1semun_ae7398e4e321c9192f352302792...
l.12 ...n_ae7398e4e321c9192f35230279231607f}{buf}}
                                                  
I treat `x_1_2' essentially like `x_1{}_2'.

./union_shm_engine_1_1semun.tex:12: Extra }, or forgotten $.
<argument> ...n_ae7398e4e321c9192f35230279231607f}
                                                  {buf}
l.12 ...n_ae7398e4e321c9192f35230279231607f}{buf}}
                                                  
I've deleted a group-closing symbol because it seems to be
spurious, as in `$x}$'. But perhaps the } is legitimate and
you forgot something else, as in `\hbox{$x}'. In such cases
the way to recover is to insert both the forgotten and the
deleted material, e.g., by typing `I$}'.

./union_shm_engine_1_1semun.tex:12: Extra }, or forgotten $.
\mbox  #1->\leavevmode \hbox {#1}
                                 
l.12 ...n_ae7398e4e321c9192f35230279231607f}{buf}}
                                                  
I've deleted a group-closing symbol because it seems to be
spurious, as in `$x}$'. But perhaps the } is legitimate and
you forgot something else, as in `\hbox{$x}'. In such cases
the way to recover is to insert both the forgotten and the
deleted material, e.g., by typing `I$}'.


./union_shm_engine_1_1semun.tex:13: LaTeX Error: Command \item invalid in math mode.

See the LaTeX manual or LaTeX Companion for explanation.
Type  H <return>  for immediate help.
 ...                                              
                                                  
l.13 \item
          
Try typing  <return>  to proceed.
If that doesn't work, type  X <return>  to quit.

./union_shm_engine_1_1semun.tex:14: Missing $ inserted.
<inserted text> 
                $
l.14 u
      nsigned short \texorpdfstring{$\ast$}{*} \mbox{\hyperlink{union_shm_en...
I've inserted a begin-math/end-math symbol since I think
you left one out. Proceed, with fingers crossed.

./union_shm_engine_1_1semun.tex:14: Missing } inserted.
<inserted text> 
                }
l.14 u
      nsigned short \texorpdfstring{$\ast$}{*} \mbox{\hyperlink{union_shm_en...
I've inserted something that you may have forgotten.
(See the <inserted text> above.)
With luck, this will get me unwedged. But if you
really didn't forget anything, try typing `2' now; then
my insertion and my current dilemma will both disappear.

./union_shm_engine_1_1semun.tex:14: Missing } inserted.
<inserted text> 
                }
l.14 u
      nsigned short \texorpdfstring{$\ast$}{*} \mbox{\hyperlink{union_shm_en...
I've inserted something that you may have forgotten.
(See the <inserted text> above.)
With luck, this will get me unwedged. But if you
really didn't forget anything, try typing `2' now; then
my insertion and my current dilemma will both disappear.


Overfull \hbox (5.00002pt too wide) in paragraph at lines 12--14
\OMS/cmsy/m/n/10 ^^C$
 []


Overfull \hbox (268.23521pt too wide) in paragraph at lines 12--14
[] 
 []


./union_shm_engine_1_1semun.tex:14: LaTeX Error: Lonely \item--perhaps a missing list environment.

See the LaTeX manual or LaTeX Companion for explanation.
Type  H <return>  for immediate help.
 ...                                              
                                                  
l.14 u
      nsigned short \texorpdfstring{$\ast$}{*} \mbox{\hyperlink{union_shm_en...
Try typing  <return>  to proceed.
If that doesn't work, type  X <return>  to quit.

Missing character: There is no u in font nullfont!
Missing character: There is no n in font nullfont!
Missing character: There is no s in font nullfont!
Missing character: There is no i in font nullfont!
Missing character: There is no g in font nullfont!
Missing character: There is no n in font nullfont!
Missing character: There is no e in font nullfont!
Missing character: There is no d in font nullfont!
Missing character: There is no s in font nullfont!
Missing character: There is no h in font nullfont!
Missing character: There is no o in font nullfont!
Missing character: There is no r in font nullfont!
Missing character: There is no t in font nullfont!
./union_shm_engine_1_1semun.tex:14: Undefined control sequence.
l.14 unsigned short \texorpdfstring
                                   {$\ast$}{*} \mbox{\hyperlink{union_shm_en...
The control sequence at the end of the top line
of your error message was never \def'ed. If you have
misspelled it (e.g., `\hobx'), type `I' and the correct
spelling (e.g., `I\hbox'). Otherwise just continue,
and I'll forget about whatever was undefined.

Missing character: There is no * in font nullfont!
./union_shm_engine_1_1semun.tex:14: Undefined control sequence.
<argument> \hyperlink 
                      {union_shm_engine_1_1semun_a80766f136021153e74d8af8f3e...
l.14 ...a80766f136021153e74d8af8f3e49572c}{array}}
                                                  
The control sequence at the end of the top line
of your error message was never \def'ed. If you have
misspelled it (e.g., `\hobx'), type `I' and the correct
spelling (e.g., `I\hbox'). Otherwise just continue,
and I'll forget about whatever was undefined.

Missing character: There is no u in font nullfont!
Missing character: There is no n in font nullfont!
Missing character: There is no i in font nullfont!
Missing character: There is no o in font nullfont!
Missing character: There is no n in font nullfont!
./union_shm_engine_1_1semun.tex:14: Missing $ inserted.
<inserted text> 
                $
l.14 ...a80766f136021153e74d8af8f3e49572c}{array}}
                                                  
I've inserted a begin-math/end-math symbol since I think
you left one out. Proceed, with fingers crossed.

./union_shm_engine_1_1semun.tex:14: Double subscript.
<argument> \hyperlink {union_shm_engine_1_
                                          1semun_a80766f136021153e74d8af8f3e...
l.14 ...a80766f136021153e74d8af8f3e49572c}{array}}
                                                  
I treat `x_1_2' essentially like `x_1{}_2'.

./union_shm_engine_1_1semun.tex:14: Extra }, or forgotten $.
<argument> ...n_a80766f136021153e74d8af8f3e49572c}
                                                  {array}
l.14 ...a80766f136021153e74d8af8f3e49572c}{array}}
                                                  
I've deleted a group-closing symbol because it seems to be
spurious, as in `$x}$'. But perhaps the } is legitimate and
you forgot something else, as in `\hbox{$x}'. In such cases
the way to recover is to insert both the forgotten and the
deleted material, e.g., by typing `I$}'.

./union_shm_engine_1_1semun.tex:14: Extra }, or forgotten $.
\mbox  #1->\leavevmode \hbox {#1}
                                 
l.14 ...a80766f136021153e74d8af8f3e49572c}{array}}
                                                  
I've deleted a group-closing symbol because it seems to be
spurious, as in `$x}$'. But perhaps the } is legitimate and
you forgot something else, as in `\hbox{$x}'. In such cases
the way to recover is to insert both the forgotten and the
deleted material, e.g., by typing `I$}'.


./union_shm_engine_1_1semun.tex:15: LaTeX Error: \begin{document} ended by \end{DoxyCompactItemize}.

See the LaTeX manual or LaTeX Companion for explanation.
Type  H <return>  for immediate help.
 ...                                              
                                                  
l.15 \end{DoxyCompactItemize}
                             
Your command was ignored.
Type  I <command> <return>  to replace it with another command,
or  <return>  to continue without it.

./union_shm_engine_1_1semun.tex:15: Missing $ inserted.
<inserted text> 
                $
l.15 \end{DoxyCompactItemize}
                             
I've inserted something that you may have forgotten.
(See the <inserted text> above.)
With luck, this will get me unwedged. But if you
really didn't forget anything, try typing `2' now; then
my insertion and my current dilemma will both disappear.

./union_shm_engine_1_1semun.tex:15: Missing } inserted.
<inserted text> 
                }
l.15 \end{DoxyCompactItemize}
                             
I've inserted something that you may have forgotten.
(See the <inserted text> above.)
With luck, this will get me unwedged. But if you
really didn't forget anything, try typing `2' now; then
my insertion and my current dilemma will both disappear.

./union_shm_engine_1_1semun.tex:15: Missing } inserted.
<inserted text> 
                }
l.15 \end{DoxyCompactItemize}
                             
I've inserted something that you may have forgotten.
(See the <inserted text> above.)
With luck, this will get me unwedged. But if you
really didn't forget anything, try typing `2' now; then
my insertion and my current dilemma will both disappear.


Overfull \hbox (5.00002pt too wide) in paragraph at lines 14--16
\OMS/cmsy/m/n/10 ^^C$
 []


Overfull \hbox (279.46555pt too wide) in paragraph at lines 14--16
[] 
 []

./union_shm_engine_1_1semun.tex:19: Undefined control sequence.
l.19 \Hypertarget
                 {union_shm_engine_1_1semun_doc-variable-members}
The control sequence at the end of the top line
of your error message was never \def'ed. If you have
misspelled it (e.g., `\hobx'), type `I' and the correct
spelling (e.g., `I\hbox'). Otherwise just continue,
and I'll forget about whatever was undefined.


./union_shm_engine_1_1semun.tex:19: LaTeX Error: Missing \begin{document}.

See the LaTeX manual or LaTeX Companion for explanation.
Type  H <return>  for immediate help.
 ...                                              
                                                  
l.19 \Hypertarget{u
                   nion_shm_engine_1_1semun_doc-variable-members}
You're in trouble here.  Try typing  <return>  to proceed.
If that doesn't work, type  X <return>  to quit.

Missing character: There is no u in font nullfont!
Missing character: There is no n in font nullfont!
Missing character: There is no i in font nullfont!
Missing character: There is no o in font nullfont!
Missing character: There is no n in font nullfont!
./union_shm_engine_1_1semun.tex:19: Missing $ inserted.
<inserted text> 
                $
l.19 \Hypertarget{union_
                        shm_engine_1_1semun_doc-variable-members}
I've inserted a begin-math/end-math symbol since I think
you left one out. Proceed, with fingers crossed.

./union_shm_engine_1_1semun.tex:19: Double subscript.
l.19 \Hypertarget{union_shm_engine_1_
                                     1semun_doc-variable-members}
I treat `x_1_2' essentially like `x_1{}_2'.

./union_shm_engine_1_1semun.tex:19: Extra }, or forgotten $.
l.19 ..._shm_engine_1_1semun_doc-variable-members}
                                                  
I've deleted a group-closing symbol because it seems to be
spurious, as in `$x}$'. But perhaps the } is legitimate and
you forgot something else, as in `\hbox{$x}'. In such cases
the way to recover is to insert both the forgotten and the
deleted material, e.g., by typing `I$}'.

./union_shm_engine_1_1semun.tex:20: Undefined control sequence.
l.20 \doxysubsection
                    {Member Data Documentation}
The control sequence at the end of the top line
of your error message was never \def'ed. If you have
misspelled it (e.g., `\hobx'), type `I' and the correct
spelling (e.g., `I\hbox'). Otherwise just continue,
and I'll forget about whatever was undefined.

./union_shm_engine_1_1semun.tex:21: Undefined control sequence.
l.21 \Hypertarget
                 {union_shm_engine_1_1semun_a80766f136021153e74d8af8f3e49572...
The control sequence at the end of the top line
of your error message was never \def'ed. If you have
misspelled it (e.g., `\hobx'), type `I' and the correct
spelling (e.g., `I\hbox'). Otherwise just continue,
and I'll forget about whatever was undefined.

./union_shm_engine_1_1semun.tex:21: Double subscript.
l.21 \Hypertarget{union_shm_engine_1_
                                     1semun_a80766f136021153e74d8af8f3e49572...
I treat `x_1_2' essentially like `x_1{}_2'.

./union_shm_engine_1_1semun.tex:23: Undefined control sequence.
l.23 \doxysubsubsection
                       {\texorpdfstring{array}{array}}
The control sequence at the end of the top line
of your error message was never \def'ed. If you have
misspelled it (e.g., `\hobx'), type `I' and the correct
spelling (e.g., `I\hbox'). Otherwise just continue,
and I'll forget about whatever was undefined.

./union_shm_engine_1_1semun.tex:23: Undefined control sequence.
l.23 \doxysubsubsection{\texorpdfstring
                                       {array}{array}}
The control sequence at the end of the top line
of your error message was never \def'ed. If you have
misspelled it (e.g., `\hobx'), type `I' and the correct
spelling (e.g., `I\hbox'). Otherwise just continue,
and I'll forget about whatever was undefined.

./union_shm_engine_1_1semun.tex:24: Undefined control sequence.
l.24 {\footnotesize
                   \ttfamily \label{union_shm_engine_1_1semun_a80766f1360211...
The control sequence at the end of the top line
of your error message was never \def'ed. If you have
misspelled it (e.g., `\hobx'), type `I' and the correct
spelling (e.g., `I\hbox'). Otherwise just continue,
and I'll forget about whatever was undefined.


./union_shm_engine_1_1semun.tex:24: LaTeX Error: Command \ttfamily invalid in math mode.

See the LaTeX manual or LaTeX Companion for explanation.
Type  H <return>  for immediate help.
 ...                                              
                                                  
l.24 {\footnotesize\ttfamily
                             \label{union_shm_engine_1_1semun_a80766f1360211...
Please use the math alphabet \mathtt instead of the \ttfamily command. 

./union_shm_engine_1_1semun.tex:25: Undefined control sequence.
l.25 unsigned short\texorpdfstring
                                  {$\ast$}{*} Shm\+Engine\+::semun\+::array}
The control sequence at the end of the top line
of your error message was never \def'ed. If you have
misspelled it (e.g., `\hobx'), type `I' and the correct
spelling (e.g., `I\hbox'). Otherwise just continue,
and I'll forget about whatever was undefined.

./union_shm_engine_1_1semun.tex:25: Missing } inserted.
<inserted text> 
                }
l.25 unsigned short\texorpdfstring{$
                                    \ast$}{*} Shm\+Engine\+::semun\+::array}
I've inserted something that you may have forgotten.
(See the <inserted text> above.)
With luck, this will get me unwedged. But if you
really didn't forget anything, try typing `2' now; then
my insertion and my current dilemma will both disappear.

./union_shm_engine_1_1semun.tex:25: Missing } inserted.
<inserted text> 
                }
l.25 unsigned short\texorpdfstring{$
                                    \ast$}{*} Shm\+Engine\+::semun\+::array}
I've inserted something that you may have forgotten.
(See the <inserted text> above.)
With luck, this will get me unwedged. But if you
really didn't forget anything, try typing `2' now; then
my insertion and my current dilemma will both disappear.

./union_shm_engine_1_1semun.tex:25: Missing $ inserted.
<inserted text> 
                $
l.25 unsigned short\texorpdfstring{$\ast
                                        $}{*} Shm\+Engine\+::semun\+::array}
I've inserted a begin-math/end-math symbol since I think
you left one out. Proceed, with fingers crossed.

Missing character: There is no * in font nullfont!
Missing character: There is no S in font nullfont!
Missing character: There is no h in font nullfont!
Missing character: There is no m in font nullfont!
./union_shm_engine_1_1semun.tex:25: Undefined control sequence.
l.25 ...gned short\texorpdfstring{$\ast$}{*} Shm\+
                                                  Engine\+::semun\+::array}
The control sequence at the end of the top line
of your error message was never \def'ed. If you have
misspelled it (e.g., `\hobx'), type `I' and the correct
spelling (e.g., `I\hbox'). Otherwise just continue,
and I'll forget about whatever was undefined.

Missing character: There is no E in font nullfont!
Missing character: There is no n in font nullfont!
Missing character: There is no g in font nullfont!
Missing character: There is no i in font nullfont!
Missing character: There is no n in font nullfont!
Missing character: There is no e in font nullfont!
./union_shm_engine_1_1semun.tex:25: Undefined control sequence.
l.25 ...rt\texorpdfstring{$\ast$}{*} Shm\+Engine\+
                                                  ::semun\+::array}
The control sequence at the end of the top line
of your error message was never \def'ed. If you have
misspelled it (e.g., `\hobx'), type `I' and the correct
spelling (e.g., `I\hbox'). Otherwise just continue,
and I'll forget about whatever was undefined.

Missing character: There is no : in font nullfont!
Missing character: There is no : in font nullfont!
Missing character: There is no s in font nullfont!
Missing character: There is no e in font nullfont!
Missing character: There is no m in font nullfont!
Missing character: There is no u in font nullfont!
Missing character: There is no n in font nullfont!
./union_shm_engine_1_1semun.tex:25: Undefined control sequence.
l.25 ...dfstring{$\ast$}{*} Shm\+Engine\+::semun\+
                                                  ::array}
The control sequence at the end of the top line
of your error message was never \def'ed. If you have
misspelled it (e.g., `\hobx'), type `I' and the correct
spelling (e.g., `I\hbox'). Otherwise just continue,
and I'll forget about whatever was undefined.

Missing character: There is no : in font nullfont!
Missing character: There is no : in font nullfont!
Missing character: There is no a in font nullfont!
Missing character: There is no r in font nullfont!
Missing character: There is no r in font nullfont!
Missing character: There is no a in font nullfont!
Missing character: There is no y in font nullfont!

Overfull \hbox (128.78326pt too wide) in paragraph at lines 19--26
[]$[]\OML/cmm/m/it/10 hm[]ngine[][]semun[]oc \OMS/cmsy/m/n/10 ^^@
 []


Overfull \hbox (43.91858pt too wide) in paragraph at lines 19--26
\OML/cmm/m/it/10 variable \OMS/cmsy/m/n/10 ^^@
 []


Overfull \hbox (571.492pt too wide) in paragraph at lines 19--26
\OML/cmm/m/it/10 members[][][][]$$\OMS/cmsy/m/n/10 ^^C$
 []

./union_shm_engine_1_1semun.tex:27: Undefined control sequence.
l.27 \Hypertarget
                 {union_shm_engine_1_1semun_ae7398e4e321c9192f35230279231607...
The control sequence at the end of the top line
of your error message was never \def'ed. If you have
misspelled it (e.g., `\hobx'), type `I' and the correct
spelling (e.g., `I\hbox'). Otherwise just continue,
and I'll forget about whatever was undefined.


./union_shm_engine_1_1semun.tex:27: LaTeX Error: Missing \begin{document}.

See the LaTeX manual or LaTeX Companion for explanation.
Type  H <return>  for immediate help.
 ...                                              
                                                  
l.27 \Hypertarget{u
                   nion_shm_engine_1_1semun_ae7398e4e321c9192f35230279231607...
You're in trouble here.  Try typing  <return>  to proceed.
If that doesn't work, type  X <return>  to quit.

Missing character: There is no u in font nullfont!
Missing character: There is no n in font nullfont!
Missing character: There is no i in font nullfont!
Missing character: There is no o in font nullfont!
Missing character: There is no n in font nullfont!
./union_shm_engine_1_1semun.tex:27: Missing $ inserted.
<inserted text> 
                $
l.27 \Hypertarget{union_
                        shm_engine_1_1semun_ae7398e4e321c9192f35230279231607...
I've inserted a begin-math/end-math symbol since I think
you left one out. Proceed, with fingers crossed.

./union_shm_engine_1_1semun.tex:27: Double subscript.
l.27 \Hypertarget{union_shm_engine_1_
                                     1semun_ae7398e4e321c9192f35230279231607...
I treat `x_1_2' essentially like `x_1{}_2'.

./union_shm_engine_1_1semun.tex:27: Extra }, or forgotten $.
l.27 ..._1semun_ae7398e4e321c9192f35230279231607f}
                                                  \index{ShmEngine::semun@{S...
I've deleted a group-closing symbol because it seems to be
spurious, as in `$x}$'. But perhaps the } is legitimate and
you forgot something else, as in `\hbox{$x}'. In such cases
the way to recover is to insert both the forgotten and the
deleted material, e.g., by typing `I$}'.

./union_shm_engine_1_1semun.tex:29: Undefined control sequence.
l.29 \doxysubsubsection
                       {\texorpdfstring{buf}{buf}}
The control sequence at the end of the top line
of your error message was never \def'ed. If you have
misspelled it (e.g., `\hobx'), type `I' and the correct
spelling (e.g., `I\hbox'). Otherwise just continue,
and I'll forget about whatever was undefined.

./union_shm_engine_1_1semun.tex:29: Undefined control sequence.
l.29 \doxysubsubsection{\texorpdfstring
                                       {buf}{buf}}
The control sequence at the end of the top line
of your error message was never \def'ed. If you have
misspelled it (e.g., `\hobx'), type `I' and the correct
spelling (e.g., `I\hbox'). Otherwise just continue,
and I'll forget about whatever was undefined.

./union_shm_engine_1_1semun.tex:30: Undefined control sequence.
l.30 {\footnotesize
                   \ttfamily \label{union_shm_engine_1_1semun_ae7398e4e321c9...
The control sequence at the end of the top line
of your error message was never \def'ed. If you have
misspelled it (e.g., `\hobx'), type `I' and the correct
spelling (e.g., `I\hbox'). Otherwise just continue,
and I'll forget about whatever was undefined.


./union_shm_engine_1_1semun.tex:30: LaTeX Error: Command \ttfamily invalid in math mode.

See the LaTeX manual or LaTeX Companion for explanation.
Type  H <return>  for immediate help.
 ...                                              
                                                  
l.30 {\footnotesize\ttfamily
                             \label{union_shm_engine_1_1semun_ae7398e4e321c9...
Please use the math alphabet \mathtt instead of the \ttfamily command. 

./union_shm_engine_1_1semun.tex:31: Undefined control sequence.
l.31 struct semid\+
                   \_\+ds\texorpdfstring{$\ast$}{*} Shm\+Engine\+::semun\+::...
The control sequence at the end of the top line
of your error message was never \def'ed. If you have
misspelled it (e.g., `\hobx'), type `I' and the correct
spelling (e.g., `I\hbox'). Otherwise just continue,
and I'll forget about whatever was undefined.

./union_shm_engine_1_1semun.tex:31: Undefined control sequence.
l.31 struct semid\+\_\+
                       ds\texorpdfstring{$\ast$}{*} Shm\+Engine\+::semun\+::...
The control sequence at the end of the top line
of your error message was never \def'ed. If you have
misspelled it (e.g., `\hobx'), type `I' and the correct
spelling (e.g., `I\hbox'). Otherwise just continue,
and I'll forget about whatever was undefined.

./union_shm_engine_1_1semun.tex:31: Undefined control sequence.
l.31 struct semid\+\_\+ds\texorpdfstring
                                        {$\ast$}{*} Shm\+Engine\+::semun\+::...
The control sequence at the end of the top line
of your error message was never \def'ed. If you have
misspelled it (e.g., `\hobx'), type `I' and the correct
spelling (e.g., `I\hbox'). Otherwise just continue,
and I'll forget about whatever was undefined.

./union_shm_engine_1_1semun.tex:31: Missing } inserted.
<inserted text> 
                }
l.31 struct semid\+\_\+ds\texorpdfstring{$
                                          \ast$}{*} Shm\+Engine\+::semun\+::...
I've inserted something that you may have forgotten.
(See the <inserted text> above.)
With luck, this will get me unwedged. But if you
really didn't forget anything, try typing `2' now; then
my insertion and my current dilemma will both disappear.

./union_shm_engine_1_1semun.tex:31: Missing } inserted.
<inserted text> 
                }
l.31 struct semid\+\_\+ds\texorpdfstring{$
                                          \ast$}{*} Shm\+Engine\+::semun\+::...
I've inserted something that you may have forgotten.
(See the <inserted text> above.)
With luck, this will get me unwedged. But if you
really didn't forget anything, try typing `2' now; then
my insertion and my current dilemma will both disappear.

./union_shm_engine_1_1semun.tex:31: Missing $ inserted.
<inserted text> 
                $
l.31 struct semid\+\_\+ds\texorpdfstring{$\ast
                                              $}{*} Shm\+Engine\+::semun\+::...
I've inserted a begin-math/end-math symbol since I think
you left one out. Proceed, with fingers crossed.

Missing character: There is no * in font nullfont!
Missing character: There is no S in font nullfont!
Missing character: There is no h in font nullfont!
Missing character: There is no m in font nullfont!
./union_shm_engine_1_1semun.tex:31: Undefined control sequence.
l.31 ...id\+\_\+ds\texorpdfstring{$\ast$}{*} Shm\+
                                                  Engine\+::semun\+::buf}
The control sequence at the end of the top line
of your error message was never \def'ed. If you have
misspelled it (e.g., `\hobx'), type `I' and the correct
spelling (e.g., `I\hbox'). Otherwise just continue,
and I'll forget about whatever was undefined.

Missing character: There is no E in font nullfont!
Missing character: There is no n in font nullfont!
Missing character: There is no g in font nullfont!
Missing character: There is no i in font nullfont!
Missing character: There is no n in font nullfont!
Missing character: There is no e in font nullfont!
./union_shm_engine_1_1semun.tex:31: Undefined control sequence.
l.31 ...ds\texorpdfstring{$\ast$}{*} Shm\+Engine\+
                                                  ::semun\+::buf}
The control sequence at the end of the top line
of your error message was never \def'ed. If you have
misspelled it (e.g., `\hobx'), type `I' and the correct
spelling (e.g., `I\hbox'). Otherwise just continue,
and I'll forget about whatever was undefined.

Missing character: There is no : in font nullfont!
Missing character: There is no : in font nullfont!
Missing character: There is no s in font nullfont!
Missing character: There is no e in font nullfont!
Missing character: There is no m in font nullfont!
Missing character: There is no u in font nullfont!
Missing character: There is no n in font nullfont!
./union_shm_engine_1_1semun.tex:31: Undefined control sequence.
l.31 ...dfstring{$\ast$}{*} Shm\+Engine\+::semun\+
                                                  ::buf}
The control sequence at the end of the top line
of your error message was never \def'ed. If you have
misspelled it (e.g., `\hobx'), type `I' and the correct
spelling (e.g., `I\hbox'). Otherwise just continue,
and I'll forget about whatever was undefined.

Missing character: There is no : in font nullfont!
Missing character: There is no : in font nullfont!
Missing character: There is no b in font nullfont!
Missing character: There is no u in font nullfont!
Missing character: There is no f in font nullfont!
./union_shm_engine_1_1semun.tex:31: Too many }'s.
l.31 ...ng{$\ast$}{*} Shm\+Engine\+::semun\+::buf}
                                                  
You've closed more groups than you opened.
Such booboos are generally harmless, so keep going.


Overfull \hbox (376.42117pt too wide) in paragraph at lines 27--32
[]$[]\OML/cmm/m/it/10 hm[]ngine[][]semun[]e\OT1/cmr/m/n/10 7398\OML/cmm/m/it/10 e\OT1/cmr/m/n/10 4\OML/cmm/m/it/10 e\OT1/cmr/m/n/10 321\OML/cmm/m/it/10 c\OT1/cmr/m/n/10 9192\OML/cmm/m/it/10 f\OT1/cmr/m/n/10 35230279231607\OML/cmm/m/it/10 f[][]$$\OMS/cmsy/m/n/10 ^^C$
 []

./union_shm_engine_1_1semun.tex:33: Undefined control sequence.
l.33 \Hypertarget
                 {union_shm_engine_1_1semun_aaec711d16554322acdd628bd255c053...
The control sequence at the end of the top line
of your error message was never \def'ed. If you have
misspelled it (e.g., `\hobx'), type `I' and the correct
spelling (e.g., `I\hbox'). Otherwise just continue,
and I'll forget about whatever was undefined.


./union_shm_engine_1_1semun.tex:33: LaTeX Error: Missing \begin{document}.

See the LaTeX manual or LaTeX Companion for explanation.
Type  H <return>  for immediate help.
 ...                                              
                                                  
l.33 \Hypertarget{u
                   nion_shm_engine_1_1semun_aaec711d16554322acdd628bd255c053...
You're in trouble here.  Try typing  <return>  to proceed.
If that doesn't work, type  X <return>  to quit.

Missing character: There is no u in font nullfont!
Missing character: There is no n in font nullfont!
Missing character: There is no i in font nullfont!
Missing character: There is no o in font nullfont!
Missing character: There is no n in font nullfont!
./union_shm_engine_1_1semun.tex:33: Missing $ inserted.
<inserted text> 
                $
l.33 \Hypertarget{union_
                        shm_engine_1_1semun_aaec711d16554322acdd628bd255c053...
I've inserted a begin-math/end-math symbol since I think
you left one out. Proceed, with fingers crossed.

./union_shm_engine_1_1semun.tex:33: Double subscript.
l.33 \Hypertarget{union_shm_engine_1_
                                     1semun_aaec711d16554322acdd628bd255c053...
I treat `x_1_2' essentially like `x_1{}_2'.

./union_shm_engine_1_1semun.tex:33: Extra }, or forgotten $.
l.33 ..._1semun_aaec711d16554322acdd628bd255c053c}
                                                  \index{ShmEngine::semun@{S...
I've deleted a group-closing symbol because it seems to be
spurious, as in `$x}$'. But perhaps the } is legitimate and
you forgot something else, as in `\hbox{$x}'. In such cases
the way to recover is to insert both the forgotten and the
deleted material, e.g., by typing `I$}'.

./union_shm_engine_1_1semun.tex:35: Undefined control sequence.
l.35 \doxysubsubsection
                       {\texorpdfstring{val}{val}}
The control sequence at the end of the top line
of your error message was never \def'ed. If you have
misspelled it (e.g., `\hobx'), type `I' and the correct
spelling (e.g., `I\hbox'). Otherwise just continue,
and I'll forget about whatever was undefined.

./union_shm_engine_1_1semun.tex:35: Undefined control sequence.
l.35 \doxysubsubsection{\texorpdfstring
                                       {val}{val}}
The control sequence at the end of the top line
of your error message was never \def'ed. If you have
misspelled it (e.g., `\hobx'), type `I' and the correct
spelling (e.g., `I\hbox'). Otherwise just continue,
and I'll forget about whatever was undefined.

./union_shm_engine_1_1semun.tex:36: Undefined control sequence.
l.36 {\footnotesize
                   \ttfamily \label{union_shm_engine_1_1semun_aaec711d165543...
The control sequence at the end of the top line
of your error message was never \def'ed. If you have
misspelled it (e.g., `\hobx'), type `I' and the correct
spelling (e.g., `I\hbox'). Otherwise just continue,
and I'll forget about whatever was undefined.


./union_shm_engine_1_1semun.tex:36: LaTeX Error: Command \ttfamily invalid in math mode.

See the LaTeX manual or LaTeX Companion for explanation.
Type  H <return>  for immediate help.
 ...                                              
                                                  
l.36 {\footnotesize\ttfamily
                             \label{union_shm_engine_1_1semun_aaec711d165543...
Please use the math alphabet \mathtt instead of the \ttfamily command. 

./union_shm_engine_1_1semun.tex:37: Undefined control sequence.
l.37 int Shm\+
              Engine\+::semun\+::val}
The control sequence at the end of the top line
of your error message was never \def'ed. If you have
misspelled it (e.g., `\hobx'), type `I' and the correct
spelling (e.g., `I\hbox'). Otherwise just continue,
and I'll forget about whatever was undefined.

./union_shm_engine_1_1semun.tex:37: Undefined control sequence.
l.37 int Shm\+Engine\+
                      ::semun\+::val}
The control sequence at the end of the top line
of your error message was never \def'ed. If you have
misspelled it (e.g., `\hobx'), type `I' and the correct
spelling (e.g., `I\hbox'). Otherwise just continue,
and I'll forget about whatever was undefined.

./union_shm_engine_1_1semun.tex:37: Undefined control sequence.
l.37 int Shm\+Engine\+::semun\+
                               ::val}
The control sequence at the end of the top line
of your error message was never \def'ed. If you have
misspelled it (e.g., `\hobx'), type `I' and the correct
spelling (e.g., `I\hbox'). Otherwise just continue,
and I'll forget about whatever was undefined.

./union_shm_engine_1_1semun.tex:38: Missing $ inserted.
<inserted text> 
                $
l.38 
     
I've inserted a begin-math/end-math symbol since I think
you left one out. Proceed, with fingers crossed.


Overfull \hbox (430.24687pt too wide) in paragraph at lines 33--38
[]$[]\OML/cmm/m/it/10 hm[]ngine[][]semun[]aec\OT1/cmr/m/n/10 711\OML/cmm/m/it/10 d\OT1/cmr/m/n/10 16554322\OML/cmm/m/it/10 acdd\OT1/cmr/m/n/10 628\OML/cmm/m/it/10 bd\OT1/cmr/m/n/10 255\OML/cmm/m/it/10 c\OT1/cmr/m/n/10 053\OML/cmm/m/it/10 c[][]$ 
 []


./union_shm_engine_1_1semun.tex:41: LaTeX Error: Missing \begin{document}.

See the LaTeX manual or LaTeX Companion for explanation.
Type  H <return>  for immediate help.
 ...                                              
                                                  
l.41 T
      he documentation for this union was generated from the following file\...
You're in trouble here.  Try typing  <return>  to proceed.
If that doesn't work, type  X <return>  to quit.

Missing character: There is no T in font nullfont!
Missing character: There is no h in font nullfont!
Missing character: There is no e in font nullfont!
Missing character: There is no d in font nullfont!
Missing character: There is no o in font nullfont!
Missing character: There is no c in font nullfont!
Missing character: There is no u in font nullfont!
Missing character: There is no m in font nullfont!
Missing character: There is no e in font nullfont!
Missing character: There is no n in font nullfont!
Missing character: There is no t in font nullfont!
Missing character: There is no a in font nullfont!
Missing character: There is no t in font nullfont!
Missing character: There is no i in font nullfont!
Missing character: There is no o in font nullfont!
Missing character: There is no n in font nullfont!
Missing character: There is no f in font nullfont!
Missing character: There is no o in font nullfont!
Missing character: There is no r in font nullfont!
Missing character: There is no t in font nullfont!
Missing character: There is no h in font nullfont!
Missing character: There is no i in font nullfont!
Missing character: There is no s in font nullfont!
Missing character: There is no u in font nullfont!
Missing character: There is no n in font nullfont!
Missing character: There is no i in font nullfont!
Missing character: There is no o in font nullfont!
Missing character: There is no n in font nullfont!
Missing character: There is no w in font nullfont!
Missing character: There is no a in font nullfont!
Missing character: There is no s in font nullfont!
Missing character: There is no g in font nullfont!
Missing character: There is no e in font nullfont!
Missing character: There is no n in font nullfont!
Missing character: There is no e in font nullfont!
Missing character: There is no r in font nullfont!
Missing character: There is no a in font nullfont!
Missing character: There is no t in font nullfont!
Missing character: There is no e in font nullfont!
Missing character: There is no d in font nullfont!
Missing character: There is no f in font nullfont!
Missing character: There is no r in font nullfont!
Missing character: There is no o in font nullfont!
Missing character: There is no m in font nullfont!
Missing character: There is no t in font nullfont!
Missing character: There is no h in font nullfont!
Missing character: There is no e in font nullfont!
Missing character: There is no f in font nullfont!
Missing character: There is no o in font nullfont!
Missing character: There is no l in font nullfont!
Missing character: There is no l in font nullfont!
Missing character: There is no o in font nullfont!
Missing character: There is no w in font nullfont!
Missing character: There is no i in font nullfont!
Missing character: There is no n in font nullfont!
Missing character: There is no g in font nullfont!
Missing character: There is no f in font nullfont!
Missing character: There is no i in font nullfont!
Missing character: There is no l in font nullfont!
Missing character: There is no e in font nullfont!
./union_shm_engine_1_1semun.tex:41: Undefined control sequence.
l.41 ...on was generated from the following file\+
                                                  :\begin{DoxyCompactItemize}
The control sequence at the end of the top line
of your error message was never \def'ed. If you have
misspelled it (e.g., `\hobx'), type `I' and the correct
spelling (e.g., `I\hbox'). Otherwise just continue,
and I'll forget about whatever was undefined.

Missing character: There is no : in font nullfont!

./union_shm_engine_1_1semun.tex:41: LaTeX Error: Environment DoxyCompactItemize undefined.

See the LaTeX manual or LaTeX Companion for explanation.
Type  H <return>  for immediate help.
 ...                                              
                                                  
l.41 ...ollowing file\+:\begin{DoxyCompactItemize}
                                                  
Your command was ignored.
Type  I <command> <return>  to replace it with another command,
or  <return>  to continue without it.


Overfull \hbox (20.0pt too wide) in paragraph at lines 41--43
[]
 []


./union_shm_engine_1_1semun.tex:43: LaTeX Error: Lonely \item--perhaps a missing list environment.

See the LaTeX manual or LaTeX Companion for explanation.
Type  H <return>  for immediate help.
 ...                                              
                                                  
l.43 s
      ource/api/network/engines/\mbox{\hyperlink{smh__engine_8hpp}{smh\+\_\+...
Try typing  <return>  to proceed.
If that doesn't work, type  X <return>  to quit.

Missing character: There is no s in font nullfont!
Missing character: There is no o in font nullfont!
Missing character: There is no u in font nullfont!
Missing character: There is no r in font nullfont!
Missing character: There is no c in font nullfont!
Missing character: There is no e in font nullfont!
Missing character: There is no / in font nullfont!
Missing character: There is no a in font nullfont!
Missing character: There is no p in font nullfont!
Missing character: There is no i in font nullfont!
Missing character: There is no / in font nullfont!
Missing character: There is no n in font nullfont!
Missing character: There is no e in font nullfont!
Missing character: There is no t in font nullfont!
Missing character: There is no w in font nullfont!
Missing character: There is no o in font nullfont!
Missing character: There is no r in font nullfont!
Missing character: There is no k in font nullfont!
Missing character: There is no / in font nullfont!
Missing character: There is no e in font nullfont!
Missing character: There is no n in font nullfont!
Missing character: There is no g in font nullfont!
Missing character: There is no i in font nullfont!
Missing character: There is no n in font nullfont!
Missing character: There is no e in font nullfont!
Missing character: There is no s in font nullfont!
Missing character: There is no / in font nullfont!
./union_shm_engine_1_1semun.tex:43: Undefined control sequence.
<argument> \hyperlink 
                      {smh__engine_8hpp}{smh\+\_\+engine.\+hpp}
l.43 ...{smh__engine_8hpp}{smh\+\_\+engine.\+hpp}}
                                                  \end{DoxyCompactItemize}
The control sequence at the end of the top line
of your error message was never \def'ed. If you have
misspelled it (e.g., `\hobx'), type `I' and the correct
spelling (e.g., `I\hbox'). Otherwise just continue,
and I'll forget about whatever was undefined.

Missing character: There is no s in font nullfont!
Missing character: There is no m in font nullfont!
Missing character: There is no h in font nullfont!
./union_shm_engine_1_1semun.tex:43: Missing $ inserted.
<inserted text> 
                $
l.43 ...{smh__engine_8hpp}{smh\+\_\+engine.\+hpp}}
                                                  \end{DoxyCompactItemize}
I've inserted a begin-math/end-math symbol since I think
you left one out. Proceed, with fingers crossed.

./union_shm_engine_1_1semun.tex:43: Missing { inserted.
<to be read again> 
                   _
l.43 ...{smh__engine_8hpp}{smh\+\_\+engine.\+hpp}}
                                                  \end{DoxyCompactItemize}
A left brace was mandatory here, so I've put one in.
You might want to delete and/or insert some corrections
so that I will find a matching right brace soon.
(If you're confused by all this, try typing `I}' now.)

./union_shm_engine_1_1semun.tex:43: Undefined control sequence.
<argument> \hyperlink {smh__engine_8hpp}{smh\+
                                              \_\+engine.\+hpp}
l.43 ...{smh__engine_8hpp}{smh\+\_\+engine.\+hpp}}
                                                  \end{DoxyCompactItemize}
The control sequence at the end of the top line
of your error message was never \def'ed. If you have
misspelled it (e.g., `\hobx'), type `I' and the correct
spelling (e.g., `I\hbox'). Otherwise just continue,
and I'll forget about whatever was undefined.

./union_shm_engine_1_1semun.tex:43: Undefined control sequence.
<argument> \hyperlink {smh__engine_8hpp}{smh\+\_\+
                                                  engine.\+hpp}
l.43 ...{smh__engine_8hpp}{smh\+\_\+engine.\+hpp}}
                                                  \end{DoxyCompactItemize}
The control sequence at the end of the top line
of your error message was never \def'ed. If you have
misspelled it (e.g., `\hobx'), type `I' and the correct
spelling (e.g., `I\hbox'). Otherwise just continue,
and I'll forget about whatever was undefined.

./union_shm_engine_1_1semun.tex:43: Undefined control sequence.
<argument> ...smh__engine_8hpp}{smh\+\_\+engine.\+
                                                  hpp}
l.43 ...{smh__engine_8hpp}{smh\+\_\+engine.\+hpp}}
                                                  \end{DoxyCompactItemize}
The control sequence at the end of the top line
of your error message was never \def'ed. If you have
misspelled it (e.g., `\hobx'), type `I' and the correct
spelling (e.g., `I\hbox'). Otherwise just continue,
and I'll forget about whatever was undefined.

./union_shm_engine_1_1semun.tex:43: Extra }, or forgotten $.
\mbox  #1->\leavevmode \hbox {#1}
                                 
l.43 ...{smh__engine_8hpp}{smh\+\_\+engine.\+hpp}}
                                                  \end{DoxyCompactItemize}
I've deleted a group-closing symbol because it seems to be
spurious, as in `$x}$'. But perhaps the } is legitimate and
you forgot something else, as in `\hbox{$x}'. In such cases
the way to recover is to insert both the forgotten and the
deleted material, e.g., by typing `I$}'.


./union_shm_engine_1_1semun.tex:43: LaTeX Error: \begin{document} ended by \end{DoxyCompactItemize}.

See the LaTeX manual or LaTeX Companion for explanation.
Type  H <return>  for immediate help.
 ...                                              
                                                  
l.43 ...\_\+engine.\+hpp}}\end{DoxyCompactItemize}
                                                  
Your command was ignored.
Type  I <command> <return>  to replace it with another command,
or  <return>  to continue without it.

./union_shm_engine_1_1semun.tex:43: Missing $ inserted.
<inserted text> 
                $
l.43 ...\_\+engine.\+hpp}}\end{DoxyCompactItemize}
                                                  
I've inserted something that you may have forgotten.
(See the <inserted text> above.)
With luck, this will get me unwedged. But if you
really didn't forget anything, try typing `2' now; then
my insertion and my current dilemma will both disappear.

./union_shm_engine_1_1semun.tex:43: Missing } inserted.
<inserted text> 
                }
l.43 ...\_\+engine.\+hpp}}\end{DoxyCompactItemize}
                                                  
I've inserted something that you may have forgotten.
(See the <inserted text> above.)
With luck, this will get me unwedged. But if you
really didn't forget anything, try typing `2' now; then
my insertion and my current dilemma will both disappear.

./union_shm_engine_1_1semun.tex:43: Missing } inserted.
<inserted text> 
                }
l.43 ...\_\+engine.\+hpp}}\end{DoxyCompactItemize}
                                                  
I've inserted something that you may have forgotten.
(See the <inserted text> above.)
With luck, this will get me unwedged. But if you
really didn't forget anything, try typing `2' now; then
my insertion and my current dilemma will both disappear.

)
! Emergency stop.
<*> union_shm_engine_1_1semun.tex
                                 
*** (job aborted, no legal \end found)

 
Here is how much of TeX's memory you used:
 27 strings out of 469269
 626 string characters out of 5467112
 432984 words of memory out of 5000000
 28558 multiletter control sequences out of 15000+600000
 626993 words of font info for 41 fonts, out of 8000000 for 9000
 319 hyphenation exceptions out of 8191
 20i,6n,23p,196b,79s stack positions out of 10000i,1000n,20000p,200000b,200000s
!  ==> Fatal error occurred, no output PDF file produced!
